{"timestamp":"2026-09-14T01:49:42.600Z","computer":"srv-064","event_id":4697,"record_id":102438,"user":"employee-223","source_ip":"10.10.4.13","target":"ApprovedAgent","logon_type":null,"change_ticket":"CHG-DEPLOY-18","result":"success","channel":"Security","provider":"Microsoft-Windows-Security-Auditing","logon_id":"1c917d78f47ab92f","process_id":7427,"image_path":"C:/Program Files/ApprovedAgent/agent.exe","run_as":"svc-agent","publisher":"Approved Software Team","update_state":"installed","agent_build":"2026.09.3"},{"timestamp":"2026-09-14T01:49:45.300Z","computer":"srv-105","event_id":4624,"record_id":102439,"user":"employee-415","source_ip":"10.11.2.14","target":"logon-session","logon_type":2,"change_ticket":"","result":"success","channel":"Security","provider":"Microsoft-Windows-Security-Auditing","logon_id":"1c917d78f47ab92f","process_id":1405,"image_path":"","run_as":"","publisher":"","update_state":"installed","agent_build":"2026.09.4"},{"timestamp":"2026-09-14T01:49:48.000Z","computer":"srv-083","event_id":4624,"record_id":102440,"user":"employee-223","source_ip":"10.11.1.12","target":"logon-session","logon_type":3,"change_ticket":"","result":"success","channel":"Security","provider":"Microsoft-Windows-Security-Auditing","logon_id":"3a16a10c2450850d","process_id":7297,"image_path":"","run_as":"","publisher":"","update_state":"installed","agent_build":"2026.09.1"},{"timestamp":"2026-09-14T01:49:50.700Z","computer":"srv-112","event_id":4634,"record_id":102441,"user":"employee-239","source_ip":"10.11.2.21","target":"logon-session","logon_type":10,"change_ticket":"","result":"success","channel":"Security","provider":"Microsoft-Windows-Security-Auditing","logon_id":"3a16a10c2450850d","process_id":12833,"image_path":"","run_as":"","publisher":"","update_state":"installed","agent_build":"2026.09.2"},{"timestamp":"2026-09-14T01:49:53.400Z","computer":"srv-032","event_id":4688,"record_id":102442,"user":"employee-9","source_ip":"10.10.2.21","target":"logon-session","logon_type":null,"change_ticket":"","result":"success","channel":"Security","provider":"Microsoft-Windows-Security-Auditing","logon_id":"3a16a10c2450850d","process_id":3511,"image_path":"C:/Program Files/ApprovedAgent/agent.exe","run_as":"","publisher":"Approved Software Team","update_state":"installed","agent_build":"2026.09.3"},{"timestamp":"2026-09-14T01:49:56.100Z","computer":"srv-038","event_id":4625,"record_id":102443,"user":"employee-297","source_ip":"10.10.2.27","target":"logon-session","logon_type":3,"change_ticket":"","result":"failure","channel":"Security","provider":"Microsoft-Windows-Security-Auditing","logon_id":"3a16a10c2450850d","process_id":12620,"image_path":"","run_as":"","publisher":"","update_state":"installed","agent_build":"2026.09.4"},{"timestamp":"2026-09-14T01:49:58.800Z","computer":"srv-030","event_id":4698,"record_id":102444,"user":"deployment-admin","source_ip":"10.10.2.19","target":"Approved-Maintenance","logon_type":null,"change_ticket":"CHG-DEPLOY-18","result":"success","channel":"Security","provider":"Microsoft-Windows-Security-Auditing","logon_id":"b304cfffaad0db7d","process_id":1608,"image_path":"C:/Program Files/ApprovedAgent/agent.exe","run_as":"svc-agent","publisher":"Approved Software Team","update_state":"failed","agent_build":"2026.09.1"},{"timestamp":"2026-09-14T01:50:01.500Z","computer":"srv-044","event_id":4728,"record_id":102445,"user":"employee-317","source_ip":"10.10.3.13","target":"Project-Readers","logon_type":null,"change_ticket":"CHG-DEPLOY-18","result":"success","channel":"Security","provider":"Microsoft-Windows-Security-Auditing","logon_id":"b304cfffaad0db7d","process_id":4064,"image_path":"","run_as":"","publisher":"","update_state":"installed","agent_build":"2026.09.2"},{"timestamp":"2026-09-14T01:50:04.200Z","computer":"srv-159","event_id":4697,"record_id":102446,"user":"employee-373","source_ip":"10.11.4.28","target":"ApprovedAgent","logon_type":null,"change_ticket":"CHG-DEPLOY-18","result":"success","channel":"Security","provider":"Microsoft-Windows-Security-Auditing","logon_id":"b304cfffaad0db7d","process_id":21106,"image_path":"C:/Program Files/ApprovedAgent/agent.exe","run_as":"svc-agent","publisher":"Approved Software Team","update_state":"installed","agent_build":"2026.09.3"},{"timestamp":"2026-09-14T01:50:06.900Z","computer":"srv-231","event_id":4624,"record_id":102447,"user":"employee-231","source_ip":"10.12.4.20","target":"logon-session","logon_type":10,"change_ticket":"","result":"success","channel":"Security","provider":"Microsoft-Windows-Security-Auditing","logon_id":"b304cfffaad0db7d","process_id":13461,"image_path":"","run_as":"","publisher":"","update_state":"installed","agent_build":"2026.09.4"},{"timestamp":"2026-09-14T01:50:09.600Z","computer":"srv-178","event_id":4624,"record_id":102448,"user":"employee-412","source_ip":"10.12.1.27","target":"logon-session","logon_type":2,"change_ticket":"","result":"success","channel":"Security","provider":"Microsoft-Windows-Security-Auditing","logon_id":"f56d1e96d052c8c6","process_id":12198,"image_path":"","run_as":"","publisher":"","update_state":"installed","agent_build":"2026.09.1"},{"timestamp":"2026-09-14T01:50:12.300Z","computer":"srv-023","event_id":4634,"record_id":102449,"user":"employee-154","source_ip":"10.10.2.12","target":"logon-session","logon_type":3,"change_ticket":"","result":"success","channel":"Security","provider":"Microsoft-Windows-Security-Auditing","logon_id":"f56d1e96d052c8c6","process_id":4086,"image_path":"","run_as":"","publisher":"","update_state":"restart-pending","agent_build":"2026.09.2"},{"timestamp":"2026-09-14T01:50:15.000Z","computer":"srv-045","event_id":4688,"record_id":102450,"user":"employee-226","source_ip":"10.10.3.14","target":"logon-session","logon_type":null,"change_ticket":"","result":"success","channel":"Security","provider":"Microsoft-Windows-Security-Auditing","logon_id":"f56d1e96d052c8c6","process_id":1462,"image_path":"C:/Program Files/ApprovedAgent/agent.exe","run_as":"","publisher":"Approved Software Team","update_state":"installed","agent_build":"2026.09.3"},{"timestamp":"2026-09-14T01:50:17.700Z","computer":"srv-152","event_id":4625,"record_id":102451,"user":"employee-458","source_ip":"10.11.4.21","target":"logon-session","logon_type":2,"change_ticket":"","result":"failure","channel":"Security","provider":"Microsoft-Windows-Security-Auditing","logon_id":"f56d1e96d052c8c6","process_id":1618,"image_path":"","run_as":"","publisher":"","update_state":"installed","agent_build":"2026.09.4"},{"timestamp":"2026-09-14T01:50:20.400Z","computer":"srv-123","event_id":4698,"record_id":102452,"user":"employee-56","source_ip":"10.11.3.12","target":"Approved-Maintenance","logon_type":null,"change_ticket":"CHG-DEPLOY-18","result":"success","channel":"Security","provider":"Microsoft-Windows-Security-Auditing","logon_id":"b9dd4d8f7fb559d2","process_id":5917,"image_path":"C:/Program Files/ApprovedAgent/agent.exe","run_as":"svc-agent","publisher":"Approved Software Team","update_state":"installed","agent_build":"2026.09.1"},{"timestamp":"2026-09-14T01:50:23.100Z","computer":"srv-206","event_id":4728,"record_id":102453,"user":"employee-216","source_ip":"10.12.3.15","target":"Project-Readers","logon_type":null,"change_ticket":"CHG-DEPLOY-18","result":"success","channel":"Security","provider":"Microsoft-Windows-Security-Auditing","logon_id":"b9dd4d8f7fb559d2","process_id":11773,"image_path":"","run_as":"","publisher":"","update_state":"installed","agent_build":"2026.09.2"},{"timestamp":"2026-09-14T01:50:25.800Z","computer":"srv-228","event_id":4697,"record_id":102454,"user":"employee-308","source_ip":"10.12.4.17","target":"ApprovedAgent","logon_type":null,"change_ticket":"CHG-DEPLOY-18","result":"success","channel":"Security","provider":"Microsoft-Windows-Security-Auditing","logon_id":"b9dd4d8f7fb559d2","process_id":6966,"image_path":"C:/Program Files/ApprovedAgent/agent.exe","run_as":"svc-agent","publisher":"Approved Software Team","update_state":"installed","agent_build":"2026.09.3"},{"timestamp":"2026-09-14T01:50:28.500Z","computer":"srv-118","event_id":4624,"record_id":102455,"user":"employee-204","source_ip":"10.11.2.27","target":"logon-session","logon_type":3,"change_ticket":"","result":"success","channel":"Security","provider":"Microsoft-Windows-Security-Auditing","logon_id":"b9dd4d8f7fb559d2","process_id":16150,"image_path":"","run_as":"","publisher":"","update_state":"installed","agent_build":"2026.09.4"},{"timestamp":"2026-09-14T01:50:31.200Z","computer":"srv-030","event_id":4624,"record_id":102456,"user":"employee-480","source_ip":"10.10.2.19","target":"logon-session","logon_type":10,"change_ticket":"","result":"success","channel":"Security","provider":"Microsoft-Windows-Security-Auditing","logon_id":"70e3ce63a47ca8cf","process_id":1967,"image_path":"","run_as":"","publisher":"","update_state":"installed","agent_build":"2026.09.1"},{"timestamp":"2026-09-14T01:50:33.900Z","computer":"srv-027","event_id":4634,"record_id":102457,"user":"deployment-admin","source_ip":"10.10.2.16","target":"logon-session","logon_type":2,"change_ticket":"","result":"success","channel":"Security","provider":"Microsoft-Windows-Security-Auditing","logon_id":"70e3ce63a47ca8cf","process_id":1676,"image_path":"","run_as":"","publisher":"","update_state":"installed","agent_build":"2026.09.2"},{"timestamp":"2026-09-14T01:50:36.600Z","computer":"srv-094","event_id":4688,"record_id":102458,"user":"employee-301","source_ip":"10.11.1.23","target":"logon-session","logon_type":null,"change_ticket":"","result":"success","channel":"Security","provider":"Microsoft-Windows-Security-Auditing","logon_id":"70e3ce63a47ca8cf","process_id":21939,"image_path":"C:/Program Files/ApprovedAgent/agent.exe","run_as":"","publisher":"Approved Software Team","update_state":"installed","agent_build":"2026.09.3"},{"timestamp":"2026-09-14T01:50:39.300Z","computer":"srv-197","event_id":4625,"record_id":102459,"user":"employee-322","source_ip":"10.12.2.26","target":"logon-session","logon_type":10,"change_ticket":"","result":"failure","channel":"Security","provider":"Microsoft-Windows-Security-Auditing","logon_id":"70e3ce63a47ca8cf","process_id":12101,"image_path":"","run_as":"","publisher":"","update_state":"installed","agent_build":"2026.09.4"},{"timestamp":"2026-09-14T01:50:42.000Z","computer":"srv-127","event_id":4698,"record_id":102460,"user":"employee-78","source_ip":"10.11.3.16","target":"Approved-Maintenance","logon_type":null,"change_ticket":"CHG-DEPLOY-18","result":"success","channel":"Security","provider":"Microsoft-Windows-Security-Auditing","logon_id":"41912e1fac09aef9","process_id":14732,"image_path":"C:/Program Files/ApprovedAgent/agent.exe","run_as":"svc-agent","publisher":"Approved Software Team","update_state":"installed","agent_build":"2026.09.1"},{"timestamp":"2026-09-14T01:50:44.700Z","computer":"srv-154","event_id":4728,"record_id":102461,"user":"employee-349","source_ip":"10.11.4.23","target":"Project-Readers","logon_type":null,"change_ticket":"CHG-DEPLOY-18","result":"success","channel":"Security","provider":"Microsoft-Windows-Security-Auditing","logon_id":"41912e1fac09aef9","process_id":1552,"image_path":"","run_as":"","publisher":"","update_state":"installed","agent_build":"2026.09.2"},{"timestamp":"2026-09-14T01:50:47.400Z","computer":"srv-163","event_id":4697,"record_id":102462,"user":"employee-76","source_ip":"10.12.1.12","target":"ApprovedAgent","logon_type":null,"change_ticket":"CHG-DEPLOY-18","result":"success","channel":"Security","provider":"Microsoft-Windows-Security-Auditing","logon_id":"41912e1fac09aef9","process_id":21947,"image_path":"C:/Program Files/ApprovedAgent/agent.exe","run_as":"svc-agent","publisher":"Approved Software Team","update_state":"installed","agent_build":"2026.09.3"},{"timestamp":"2026-09-14T01:50:50.100Z","computer":"srv-071","event_id":4624,"record_id":102463,"user":"employee-175","source_ip":"10.10.4.20","target":"logon-session","logon_type":2,"change_ticket":"","result":"success","channel":"Security","provider":"Microsoft-Windows-Security-Auditing","logon_id":"41912e1fac09aef9","process_id":14329,"image_path":"","run_as":"","publisher":"","update_state":"installed","agent_build":"2026.09.4"},{"timestamp":"2026-09-14T01:50:52.800Z","computer":"srv-032","event_id":4624,"record_id":102464,"user":"employee-368","source_ip":"10.10.2.21","target":"logon-session","logon_type":3,"change_ticket":"","result":"success","channel":"Security","provider":"Microsoft-Windows-Security-Auditing","logon_id":"864064ac27b086f7","process_id":6336,"image_path":"","run_as":"","publisher":"","update_state":"installed","agent_build":"2026.09.1"},{"timestamp":"2026-09-14T01:50:55.500Z","computer":"srv-020","event_id":4634,"record_id":102465,"user":"employee-81","source_ip":"10.10.1.29","target":"logon-session","logon_type":10,"change_ticket":"","result":"success","channel":"Security","provider":"Microsoft-Windows-Security-Auditing","logon_id":"864064ac27b086f7","process_id":12588,"image_path":"","run_as":"","publisher":"","update_state":"installed","agent_build":"2026.09.2"},{"timestamp":"2026-09-14T01:50:58.200Z","computer":"srv-229","event_id":4688,"record_id":102466,"user":"employee-236","source_ip":"10.12.4.18","target":"logon-session","logon_type":null,"change_ticket":"","result":"success","channel":"Security","provider":"Microsoft-Windows-Security-Auditing","logon_id":"864064ac27b086f7","process_id":1518,"image_path":"C:/Program Files/ApprovedAgent/agent.exe","run_as":"","publisher":"Approved Software Team","update_state":"installed","agent_build":"2026.09.3"},{"timestamp":"2026-09-14T01:51:00.900Z","computer":"srv-048","event_id":4625,"record_id":102467,"user":"employee-181","source_ip":"10.10.3.17","target":"logon-session","logon_type":3,"change_ticket":"","result":"failure","channel":"Security","provider":"Microsoft-Windows-Security-Auditing","logon_id":"864064ac27b086f7","process_id":1202,"image_path":"","run_as":"","publisher":"","update_state":"installed","agent_build":"2026.09.4"},{"timestamp":"2026-09-14T01:51:03.600Z","computer":"srv-135","event_id":4698,"record_id":102468,"user":"employee-467","source_ip":"10.11.3.24","target":"Approved-Maintenance","logon_type":null,"change_ticket":"CHG-DEPLOY-18","result":"success","channel":"Security","provider":"Microsoft-Windows-Security-Auditing","logon_id":"cfc0acf22b4110cb","process_id":19885,"image_path":"C:/Program Files/ApprovedAgent/agent.exe","run_as":"svc-agent","publisher":"Approved Software Team","update_state":"installed","agent_build":"2026.09.1"},{"timestamp":"2026-09-14T01:51:06.300Z","computer":"srv-023","event_id":4728,"record_id":102469,"user":"employee-185","source_ip":"10.10.2.12","target":"Project-Readers","logon_type":null,"change_ticket":"CHG-DEPLOY-18","result":"success","channel":"Security","provider":"Microsoft-Windows-Security-Auditing","logon_id":"cfc0acf22b4110cb","process_id":14186,"image_path":"","run_as":"","publisher":"","update_state":"installed","agent_build":"2026.09.2"},{"timestamp":"2026-09-14T01:51:09.000Z","computer":"srv-119","event_id":4697,"record_id":102470,"user":"deployment-admin","source_ip":"10.11.2.28","target":"ApprovedAgent","logon_type":null,"change_ticket":"CHG-DEPLOY-18","result":"success","channel":"Security","provider":"Microsoft-Windows-Security-Auditing","logon_id":"cfc0acf22b4110cb","process_id":21508,"image_path":"C:/Program Files/ApprovedAgent/agent.exe","run_as":"svc-agent","publisher":"Approved Software Team","update_state":"installed","agent_build":"2026.09.3"},{"timestamp":"2026-09-14T01:51:11.700Z","computer":"srv-220","event_id":4624,"record_id":102471,"user":"employee-178","source_ip":"10.12.3.29","target":"logon-session","logon_type":10,"change_ticket":"","result":"success","channel":"Security","provider":"Microsoft-Windows-Security-Auditing","logon_id":"cfc0acf22b4110cb","process_id":6462,"image_path":"","run_as":"","publisher":"","update_state":"installed","agent_build":"2026.09.4"},{"timestamp":"2026-09-14T01:51:14.400Z","computer":"srv-042","event_id":4624,"record_id":102472,"user":"employee-208","source_ip":"10.10.3.11","target":"logon-session","logon_type":2,"change_ticket":"","result":"success","channel":"Security","provider":"Microsoft-Windows-Security-Auditing","logon_id":"49dbfc05afbeb35a","process_id":25155,"image_path":"","run_as":"","publisher":"","update_state":"installed","agent_build":"2026.09.1"},{"timestamp":"2026-09-14T01:51:17.100Z","computer":"srv-043","event_id":4634,"record_id":102473,"user":"employee-337","source_ip":"10.10.3.12","target":"logon-session","logon_type":3,"change_ticket":"","result":"success","channel":"Security","provider":"Microsoft-Windows-Security-Auditing","logon_id":"49dbfc05afbeb35a","process_id":3130,"image_path":"","run_as":"","publisher":"","update_state":"installed","agent_build":"2026.09.2"},{"timestamp":"2026-09-14T01:51:19.800Z","computer":"srv-035","event_id":4688,"record_id":102474,"user":"employee-464","source_ip":"10.10.2.24","target":"logon-session","logon_type":null,"change_ticket":"","result":"success","channel":"Security","provider":"Microsoft-Windows-Security-Auditing","logon_id":"49dbfc05afbeb35a","process_id":17047,"image_path":"C:/Program Files/ApprovedAgent/agent.exe","run_as":"","publisher":"Approved Software Team","update_state":"installed","agent_build":"2026.09.3"},{"timestamp":"2026-09-14T01:51:22.500Z","computer":"srv-206","event_id":4625,"record_id":102475,"user":"employee-129","source_ip":"10.12.3.15","target":"logon-session","logon_type":2,"change_ticket":"","result":"failure","channel":"Security","provider":"Microsoft-Windows-Security-Auditing","logon_id":"49dbfc05afbeb35a","process_id":14287,"image_path":"","run_as":"","publisher":"","update_state":"installed","agent_build":"2026.09.4"},{"timestamp":"2026-09-14T01:51:25.200Z","computer":"srv-165","event_id":4698,"record_id":102476,"user":"employee-431","source_ip":"10.12.1.14","target":"Approved-Maintenance","logon_type":null,"change_ticket":"CHG-DEPLOY-18","result":"success","channel":"Security","provider":"Microsoft-Windows-Security-Auditing","logon_id":"0869c27575138745","process_id":23557,"image_path":"C:/Program Files/ApprovedAgent/agent.exe","run_as":"svc-agent","publisher":"Approved Software Team","update_state":"installed","agent_build":"2026.09.1"},{"timestamp":"2026-09-14T01:51:27.900Z","computer":"srv-026","event_id":4728,"record_id":102477,"user":"employee-307","source_ip":"10.10.2.15","target":"Project-Readers","logon_type":null,"change_ticket":"CHG-DEPLOY-18","result":"success","channel":"Security","provider":"Microsoft-Windows-Security-Auditing","logon_id":"0869c27575138745","process_id":21311,"image_path":"","run_as":"","publisher":"","update_state":"installed","agent_build":"2026.09.2"},{"timestamp":"2026-09-14T01:51:30.600Z","computer":"srv-157","event_id":4697,"record_id":102478,"user":"employee-333","source_ip":"10.11.4.26","target":"ApprovedAgent","logon_type":null,"change_ticket":"CHG-DEPLOY-18","result":"success","channel":"Security","provider":"Microsoft-Windows-Security-Auditing","logon_id":"0869c27575138745","process_id":23455,"image_path":"C:/Program Files/ApprovedAgent/agent.exe","run_as":"svc-agent","publisher":"Approved Software Team","update_state":"no-report","agent_build":"2026.09.3"},{"timestamp":"2026-09-14T01:51:33.300Z","computer":"srv-237","event_id":4624,"record_id":102479,"user":"employee-377","source_ip":"10.12.4.26","target":"logon-session","logon_type":3,"change_ticket":"","result":"success","channel":"Security","provider":"Microsoft-Windows-Security-Auditing","logon_id":"0869c27575138745","process_id":25438,"image_path":"","run_as":"","publisher":"","update_state":"installed","agent_build":"2026.09.4"},{"timestamp":"2026-09-14T01:51:36.000Z","computer":"srv-190","event_id":4624,"record_id":102480,"user":"employee-342","source_ip":"10.12.2.19","target":"logon-session","logon_type":10,"change_ticket":"","result":"success","channel":"Security","provider":"Microsoft-Windows-Security-Auditing","logon_id":"24e9cd33cb7500ab","process_id":8762,"image_path":"","run_as":"","publisher":"","update_state":"restart-pending","agent_build":"2026.09.1"},{"timestamp":"2026-09-14T01:51:38.700Z","computer":"srv-081","event_id":4634,"record_id":102481,"user":"employee-430","source_ip":"10.11.1.10","target":"logon-session","logon_type":2,"change_ticket":"","result":"success","channel":"Security","provider":"Microsoft-Windows-Security-Auditing","logon_id":"24e9cd33cb7500ab","process_id":23933,"image_path":"","run_as":"","publisher":"","update_state":"installed","agent_build":"2026.09.2"},{"timestamp":"2026-09-14T01:51:41.400Z","computer":"srv-137","event_id":4688,"record_id":102482,"user":"employee-3","source_ip":"10.11.3.26","target":"logon-session","logon_type":null,"change_ticket":"","result":"success","channel":"Security","provider":"Microsoft-Windows-Security-Auditing","logon_id":"24e9cd33cb7500ab","process_id":13070,"image_path":"C:/Program Files/ApprovedAgent/agent.exe","run_as":"","publisher":"Approved Software Team","update_state":"installed","agent_build":"2026.09.3"},{"timestamp":"2026-09-14T01:51:44.100Z","computer":"srv-185","event_id":4625,"record_id":102483,"user":"deployment-admin","source_ip":"10.12.2.14","target":"logon-session","logon_type":10,"change_ticket":"","result":"failure","channel":"Security","provider":"Microsoft-Windows-Security-Auditing","logon_id":"24e9cd33cb7500ab","process_id":20647,"image_path":"","run_as":"","publisher":"","update_state":"installed","agent_build":"2026.09.4"},{"timestamp":"2026-09-14T01:51:46.800Z","computer":"srv-097","event_id":4698,"record_id":102484,"user":"employee-373","source_ip":"10.11.1.26","target":"Approved-Maintenance","logon_type":null,"change_ticket":"CHG-DEPLOY-18","result":"success","channel":"Security","provider":"Microsoft-Windows-Security-Auditing","logon_id":"7133038fb3119dbf","process_id":5207,"image_path":"C:/Program Files/ApprovedAgent/agent.exe","run_as":"svc-agent","publisher":"Approved Software Team","update_state":"installed","agent_build":"2026.09.1"},{"timestamp":"2026-09-14T01:51:49.500Z","computer":"srv-033","event_id":4728,"record_id":102485,"user":"employee-137","source_ip":"10.10.2.22","target":"Project-Readers","logon_type":null,"change_ticket":"CHG-DEPLOY-18","result":"success","channel":"Security","provider":"Microsoft-Windows-Security-Auditing","logon_id":"7133038fb3119dbf","process_id":20300,"image_path":"","run_as":"","publisher":"","update_state":"installed","agent_build":"2026.09.2"},{"timestamp":"2026-09-14T01:51:52.200Z","computer":"srv-018","event_id":4697,"record_id":102486,"user":"employee-365","source_ip":"10.10.1.27","target":"ApprovedAgent","logon_type":null,"change_ticket":"CHG-DEPLOY-18","result":"success","channel":"Security","provider":"Microsoft-Windows-Security-Auditing","logon_id":"7133038fb3119dbf","process_id":19420,"image_path":"C:/Program Files/ApprovedAgent/agent.exe","run_as":"svc-agent","publisher":"Approved Software Team","update_state":"installed","agent_build":"2026.09.3"},{"timestamp":"2026-09-14T01:51:54.900Z","computer":"srv-024","event_id":4624,"record_id":102487,"user":"employee-29","source_ip":"10.10.2.13","target":"logon-session","logon_type":2,"change_ticket":"","result":"success","channel":"Security","provider":"Microsoft-Windows-Security-Auditing","logon_id":"7133038fb3119dbf","process_id":16127,"image_path":"","run_as":"","publisher":"","update_state":"installed","agent_build":"2026.09.4"},{"timestamp":"2026-09-14T01:51:57.600Z","computer":"srv-025","event_id":4624,"record_id":102488,"user":"employee-250","source_ip":"10.10.2.14","target":"logon-session","logon_type":3,"change_ticket":"","result":"success","channel":"Security","provider":"Microsoft-Windows-Security-Auditing","logon_id":"ad2c472d6c2bffe2","process_id":11995,"image_path":"","run_as":"","publisher":"","update_state":"installed","agent_build":"2026.09.1"},{"timestamp":"2026-09-14T01:52:00.300Z","computer":"srv-221","event_id":4634,"record_id":102489,"user":"employee-133","source_ip":"10.12.4.10","target":"logon-session","logon_type":10,"change_ticket":"","result":"success","channel":"Security","provider":"Microsoft-Windows-Security-Auditing","logon_id":"ad2c472d6c2bffe2","process_id":5253,"image_path":"","run_as":"","publisher":"","update_state":"installed","agent_build":"2026.09.2"},{"timestamp":"2026-09-14T01:52:03.000Z","computer":"srv-162","event_id":4688,"record_id":102490,"user":"employee-258","source_ip":"10.12.1.11","target":"logon-session","logon_type":null,"change_ticket":"","result":"success","channel":"Security","provider":"Microsoft-Windows-Security-Auditing","logon_id":"ad2c472d6c2bffe2","process_id":4168,"image_path":"C:/Program Files/ApprovedAgent/agent.exe","run_as":"","publisher":"Approved Software Team","update_state":"installed","agent_build":"2026.09.3"},{"timestamp":"2026-09-14T01:52:05.700Z","computer":"srv-032","event_id":4625,"record_id":102491,"user":"employee-57","source_ip":"10.10.2.21","target":"logon-session","logon_type":3,"change_ticket":"","result":"failure","channel":"Security","provider":"Microsoft-Windows-Security-Auditing","logon_id":"ad2c472d6c2bffe2","process_id":2697,"image_path":"","run_as":"","publisher":"","update_state":"failed","agent_build":"2026.09.4"},{"timestamp":"2026-09-14T01:52:08.400Z","computer":"srv-189","event_id":4698,"record_id":102492,"user":"employee-285","source_ip":"10.12.2.18","target":"Approved-Maintenance","logon_type":null,"change_ticket":"CHG-DEPLOY-18","result":"success","channel":"Security","provider":"Microsoft-Windows-Security-Auditing","logon_id":"5211f3bf1389ba77","process_id":18175,"image_path":"C:/Program Files/ApprovedAgent/agent.exe","run_as":"svc-agent","publisher":"Approved Software Team","update_state":"installed","agent_build":"2026.09.1"},{"timestamp":"2026-09-14T01:52:11.100Z","computer":"srv-222","event_id":4728,"record_id":102493,"user":"employee-182","source_ip":"10.12.4.11","target":"Project-Readers","logon_type":null,"change_ticket":"CHG-DEPLOY-18","result":"success","channel":"Security","provider":"Microsoft-Windows-Security-Auditing","logon_id":"5211f3bf1389ba77","process_id":16423,"image_path":"","run_as":"","publisher":"","update_state":"installed","agent_build":"2026.09.2"},{"timestamp":"2026-09-14T01:52:13.800Z","computer":"srv-137","event_id":4697,"record_id":102494,"user":"employee-445","source_ip":"10.11.3.26","target":"ApprovedAgent","logon_type":null,"change_ticket":"CHG-DEPLOY-18","result":"success","channel":"Security","provider":"Microsoft-Windows-Security-Auditing","logon_id":"5211f3bf1389ba77","process_id":18707,"image_path":"C:/Program Files/ApprovedAgent/agent.exe","run_as":"svc-agent","publisher":"Approved Software Team","update_state":"installed","agent_build":"2026.09.3"},{"timestamp":"2026-09-14T01:52:16.500Z","computer":"srv-092","event_id":4624,"record_id":102495,"user":"employee-475","source_ip":"10.11.1.21","target":"logon-session","logon_type":10,"change_ticket":"","result":"success","channel":"Security","provider":"Microsoft-Windows-Security-Auditing","logon_id":"5211f3bf1389ba77","process_id":23209,"image_path":"","run_as":"","publisher":"","update_state":"installed","agent_build":"2026.09.4"},{"timestamp":"2026-09-14T01:52:19.200Z","computer":"srv-156","event_id":4624,"record_id":102496,"user":"deployment-admin","source_ip":"10.11.4.25","target":"logon-session","logon_type":2,"change_ticket":"","result":"success","channel":"Security","provider":"Microsoft-Windows-Security-Auditing","logon_id":"720d9cd35d2cce69","process_id":22831,"image_path":"","run_as":"","publisher":"","update_state":"installed","agent_build":"2026.09.1"},{"timestamp":"2026-09-14T01:52:21.900Z","computer":"srv-226","event_id":4634,"record_id":102497,"user":"employee-106","source_ip":"10.12.4.15","target":"logon-session","logon_type":3,"change_ticket":"","result":"success","channel":"Security","provider":"Microsoft-Windows-Security-Auditing","logon_id":"720d9cd35d2cce69","process_id":8487,"image_path":"","run_as":"","publisher":"","update_state":"installed","agent_build":"2026.09.2"},{"timestamp":"2026-09-14T01:52:24.600Z","computer":"srv-120","event_id":4688,"record_id":102498,"user":"employee-387","source_ip":"10.11.2.29","target":"logon-session","logon_type":null,"change_ticket":"","result":"success","channel":"Security","provider":"Microsoft-Windows-Security-Auditing","logon_id":"720d9cd35d2cce69","process_id":17788,"image_path":"C:/Program Files/ApprovedAgent/agent.exe","run_as":"","publisher":"Approved Software Team","update_state":"installed","agent_build":"2026.09.3"},{"timestamp":"2026-09-14T01:52:27.300Z","computer":"srv-088","event_id":4625,"record_id":102499,"user":"employee-175","source_ip":"10.11.1.17","target":"logon-session","logon_type":2,"change_ticket":"","result":"failure","channel":"Security","provider":"Microsoft-Windows-Security-Auditing","logon_id":"720d9cd35d2cce69","process_id":19711,"image_path":"","run_as":"","publisher":"","update_state":"installed","agent_build":"2026.09.4"},{"timestamp":"2026-09-14T01:52:30.000Z","computer":"srv-097","event_id":4698,"record_id":102500,"user":"employee-193","source_ip":"10.11.1.26","target":"Approved-Maintenance","logon_type":null,"change_ticket":"CHG-DEPLOY-18","result":"success","channel":"Security","provider":"Microsoft-Windows-Security-Auditing","logon_id":"371f1b15b32b7767","process_id":7898,"image_path":"C:/Program Files/ApprovedAgent/agent.exe","run_as":"svc-agent","publisher":"Approved Software Team","update_state":"installed","agent_build":"2026.09.1"},{"timestamp":"2026-09-14T01:52:32.700Z","computer":"srv-166","event_id":4728,"record_id":102501,"user":"employee-203","source_ip":"10.12.1.15","target":"Project-Readers","logon_type":null,"change_ticket":"CHG-DEPLOY-18","result":"success","channel":"Security","provider":"Microsoft-Windows-Security-Auditing","logon_id":"371f1b15b32b7767","process_id":18188,"image_path":"","run_as":"","publisher":"","update_state":"installed","agent_build":"2026.09.2"},{"timestamp":"2026-09-14T01:52:35.400Z","computer":"srv-035","event_id":4697,"record_id":102502,"user":"employee-179","source_ip":"10.10.2.24","target":"ApprovedAgent","logon_type":null,"change_ticket":"CHG-DEPLOY-18","result":"success","channel":"Security","provider":"Microsoft-Windows-Security-Auditing","logon_id":"371f1b15b32b7767","process_id":22794,"image_path":"C:/Program Files/ApprovedAgent/agent.exe","run_as":"svc-agent","publisher":"Approved Software Team","update_state":"installed","agent_build":"2026.09.3"},{"timestamp":"2026-09-14T01:52:38.100Z","computer":"srv-160","event_id":4624,"record_id":102503,"user":"employee-37","source_ip":"10.11.4.29","target":"logon-session","logon_type":3,"change_ticket":"","result":"success","channel":"Security","provider":"Microsoft-Windows-Security-Auditing","logon_id":"371f1b15b32b7767","process_id":22399,"image_path":"","run_as":"","publisher":"","update_state":"installed","agent_build":"2026.09.4"},{"timestamp":"2026-09-14T01:52:40.800Z","computer":"srv-015","event_id":4624,"record_id":102504,"user":"employee-198","source_ip":"10.10.1.24","target":"logon-session","logon_type":10,"change_ticket":"","result":"success","channel":"Security","provider":"Microsoft-Windows-Security-Auditing","logon_id":"c5e93f0704bf3061","process_id":21652,"image_path":"","run_as":"","publisher":"","update_state":"installed","agent_build":"2026.09.1"},{"timestamp":"2026-09-14T01:52:43.500Z","computer":"srv-215","event_id":4634,"record_id":102505,"user":"employee-149","source_ip":"10.12.3.24","target":"logon-session","logon_type":2,"change_ticket":"","result":"success","channel":"Security","provider":"Microsoft-Windows-Security-Auditing","logon_id":"c5e93f0704bf3061","process_id":23817,"image_path":"","run_as":"","publisher":"","update_state":"installed","agent_build":"2026.09.2"},{"timestamp":"2026-09-14T01:52:46.200Z","computer":"srv-036","event_id":4688,"record_id":102506,"user":"employee-440","source_ip":"10.10.2.25","target":"logon-session","logon_type":null,"change_ticket":"","result":"success","channel":"Security","provider":"Microsoft-Windows-Security-Auditing","logon_id":"c5e93f0704bf3061","process_id":16543,"image_path":"C:/Program Files/ApprovedAgent/agent.exe","run_as":"","publisher":"Approved Software Team","update_state":"installed","agent_build":"2026.09.3"},{"timestamp":"2026-09-14T01:52:48.900Z","computer":"srv-050","event_id":4625,"record_id":102507,"user":"employee-127","source_ip":"10.10.3.19","target":"logon-session","logon_type":10,"change_ticket":"","result":"failure","channel":"Security","provider":"Microsoft-Windows-Security-Auditing","logon_id":"c5e93f0704bf3061","process_id":15216,"image_path":"","run_as":"","publisher":"","update_state":"installed","agent_build":"2026.09.4"},{"timestamp":"2026-09-14T01:52:51.600Z","computer":"srv-073","event_id":4698,"record_id":102508,"user":"employee-399","source_ip":"10.10.4.22","target":"Approved-Maintenance","logon_type":null,"change_ticket":"CHG-DEPLOY-18","result":"success","channel":"Security","provider":"Microsoft-Windows-Security-Auditing","logon_id":"8c602b473c75d334","process_id":8961,"image_path":"C:/Program Files/ApprovedAgent/agent.exe","run_as":"svc-agent","publisher":"Approved Software Team","update_state":"installed","agent_build":"2026.09.1"},{"timestamp":"2026-09-14T01:52:54.300Z","computer":"srv-023","event_id":4728,"record_id":102509,"user":"deployment-admin","source_ip":"10.10.2.12","target":"Project-Readers","logon_type":null,"change_ticket":"CHG-DEPLOY-18","result":"success","channel":"Security","provider":"Microsoft-Windows-Security-Auditing","logon_id":"8c602b473c75d334","process_id":1979,"image_path":"","run_as":"","publisher":"","update_state":"installed","agent_build":"2026.09.2"},{"timestamp":"2026-09-14T01:52:57.000Z","computer":"srv-238","event_id":4697,"record_id":102510,"user":"employee-59","source_ip":"10.12.4.27","target":"ApprovedAgent","logon_type":null,"change_ticket":"CHG-DEPLOY-18","result":"success","channel":"Security","provider":"Microsoft-Windows-Security-Auditing","logon_id":"8c602b473c75d334","process_id":16070,"image_path":"C:/Program Files/ApprovedAgent/agent.exe","run_as":"svc-agent","publisher":"Approved Software Team","update_state":"installed","agent_build":"2026.09.3"},{"timestamp":"2026-09-14T01:52:59.700Z","computer":"srv-101","event_id":4624,"record_id":102511,"user":"employee-169","source_ip":"10.11.2.10","target":"logon-session","logon_type":2,"change_ticket":"","result":"success","channel":"Security","provider":"Microsoft-Windows-Security-Auditing","logon_id":"8c602b473c75d334","process_id":13957,"image_path":"","run_as":"","publisher":"","update_state":"restart-pending","agent_build":"2026.09.4"},{"timestamp":"2026-09-14T01:53:02.400Z","computer":"srv-119","event_id":4624,"record_id":102512,"user":"employee-199","source_ip":"10.11.2.28","target":"logon-session","logon_type":3,"change_ticket":"","result":"success","channel":"Security","provider":"Microsoft-Windows-Security-Auditing","logon_id":"2ecc30136e4274ba","process_id":10142,"image_path":"","run_as":"","publisher":"","update_state":"installed","agent_build":"2026.09.1"},{"timestamp":"2026-09-14T01:53:05.100Z","computer":"srv-046","event_id":4634,"record_id":102513,"user":"employee-367","source_ip":"10.10.3.15","target":"logon-session","logon_type":10,"change_ticket":"","result":"success","channel":"Security","provider":"Microsoft-Windows-Security-Auditing","logon_id":"2ecc30136e4274ba","process_id":2790,"image_path":"","run_as":"","publisher":"","update_state":"installed","agent_build":"2026.09.2"},{"timestamp":"2026-09-14T01:53:07.800Z","computer":"srv-002","event_id":4688,"record_id":102514,"user":"employee-382","source_ip":"10.10.1.11","target":"logon-session","logon_type":null,"change_ticket":"","result":"success","channel":"Security","provider":"Microsoft-Windows-Security-Auditing","logon_id":"2ecc30136e4274ba","process_id":11592,"image_path":"C:/Program Files/ApprovedAgent/agent.exe","run_as":"","publisher":"Approved Software Team","update_state":"installed","agent_build":"2026.09.3"},{"timestamp":"2026-09-14T01:53:10.500Z","computer":"srv-191","event_id":4625,"record_id":102515,"user":"employee-141","source_ip":"10.12.2.20","target":"logon-session","logon_type":3,"change_ticket":"","result":"failure","channel":"Security","provider":"Microsoft-Windows-Security-Auditing","logon_id":"2ecc30136e4274ba","process_id":19964,"image_path":"","run_as":"","publisher":"","update_state":"installed","agent_build":"2026.09.4"},{"timestamp":"2026-09-14T01:53:13.200Z","computer":"srv-106","event_id":4698,"record_id":102516,"user":"employee-356","source_ip":"10.11.2.15","target":"Approved-Maintenance","logon_type":null,"change_ticket":"CHG-DEPLOY-18","result":"success","channel":"Security","provider":"Microsoft-Windows-Security-Auditing","logon_id":"c921cdf8484f540a","process_id":23764,"image_path":"C:/Program Files/ApprovedAgent/agent.exe","run_as":"svc-agent","publisher":"Approved Software Team","update_state":"installed","agent_build":"2026.09.1"},{"timestamp":"2026-09-14T01:53:15.900Z","computer":"srv-005","event_id":4728,"record_id":102517,"user":"employee-123","source_ip":"10.10.1.14","target":"Project-Readers","logon_type":null,"change_ticket":"CHG-DEPLOY-18","result":"success","channel":"Security","provider":"Microsoft-Windows-Security-Auditing","logon_id":"c921cdf8484f540a","process_id":4986,"image_path":"","run_as":"","publisher":"","update_state":"installed","agent_build":"2026.09.2"},{"timestamp":"2026-09-14T01:53:18.600Z","computer":"srv-005","event_id":4697,"record_id":102518,"user":"employee-400","source_ip":"10.10.1.14","target":"ApprovedAgent","logon_type":null,"change_ticket":"CHG-DEPLOY-18","result":"success","channel":"Security","provider":"Microsoft-Windows-Security-Auditing","logon_id":"c921cdf8484f540a","process_id":1638,"image_path":"C:/Program Files/ApprovedAgent/agent.exe","run_as":"svc-agent","publisher":"Approved Software Team","update_state":"installed","agent_build":"2026.09.3"},{"timestamp":"2026-09-14T01:53:21.300Z","computer":"srv-144","event_id":4624,"record_id":102519,"user":"employee-111","source_ip":"10.11.4.13","target":"logon-session","logon_type":10,"change_ticket":"","result":"success","channel":"Security","provider":"Microsoft-Windows-Security-Auditing","logon_id":"c921cdf8484f540a","process_id":8179,"image_path":"","run_as":"","publisher":"","update_state":"installed","agent_build":"2026.09.4"},{"timestamp":"2026-09-14T01:53:24.000Z","computer":"srv-001","event_id":4624,"record_id":102520,"user":"employee-220","source_ip":"10.10.1.10","target":"logon-session","logon_type":2,"change_ticket":"","result":"success","channel":"Security","provider":"Microsoft-Windows-Security-Auditing","logon_id":"eed1d0f3f6a9b287","process_id":1022,"image_path":"","run_as":"","publisher":"","update_state":"installed","agent_build":"2026.09.1"},{"timestamp":"2026-09-14T01:53:26.700Z","computer":"srv-025","event_id":4634,"record_id":102521,"user":"employee-142","source_ip":"10.10.2.14","target":"logon-session","logon_type":3,"change_ticket":"","result":"success","channel":"Security","provider":"Microsoft-Windows-Security-Auditing","logon_id":"eed1d0f3f6a9b287","process_id":21881,"image_path":"","run_as":"","publisher":"","update_state":"installed","agent_build":"2026.09.2"},{"timestamp":"2026-09-14T01:53:29.400Z","computer":"srv-007","event_id":4688,"record_id":102522,"user":"deployment-admin","source_ip":"10.10.1.16","target":"logon-session","logon_type":null,"change_ticket":"","result":"success","channel":"Security","provider":"Microsoft-Windows-Security-Auditing","logon_id":"eed1d0f3f6a9b287","process_id":15457,"image_path":"C:/Program Files/ApprovedAgent/agent.exe","run_as":"","publisher":"Approved Software Team","update_state":"installed","agent_build":"2026.09.3"},{"timestamp":"2026-09-14T01:53:32.100Z","computer":"srv-218","event_id":4625,"record_id":102523,"user":"employee-46","source_ip":"10.12.3.27","target":"logon-session","logon_type":2,"change_ticket":"","result":"failure","channel":"Security","provider":"Microsoft-Windows-Security-Auditing","logon_id":"eed1d0f3f6a9b287","process_id":21057,"image_path":"","run_as":"","publisher":"","update_state":"installed","agent_build":"2026.09.4"},{"timestamp":"2026-09-14T01:53:34.800Z","computer":"srv-105","event_id":4698,"record_id":102524,"user":"employee-412","source_ip":"10.11.2.14","target":"Approved-Maintenance","logon_type":null,"change_ticket":"CHG-DEPLOY-18","result":"success","channel":"Security","provider":"Microsoft-Windows-Security-Auditing","logon_id":"cc916a2969d69a5e","process_id":4367,"image_path":"C:/Program Files/ApprovedAgent/agent.exe","run_as":"svc-agent","publisher":"Approved Software Team","update_state":"installed","agent_build":"2026.09.1"},{"timestamp":"2026-09-14T01:53:37.500Z","computer":"srv-124","event_id":4728,"record_id":102525,"user":"employee-326","source_ip":"10.11.3.13","target":"Project-Readers","logon_type":null,"change_ticket":"CHG-DEPLOY-18","result":"success","channel":"Security","provider":"Microsoft-Windows-Security-Auditing","logon_id":"cc916a2969d69a5e","process_id":23186,"image_path":"","run_as":"","publisher":"","update_state":"installed","agent_build":"2026.09.2"},{"timestamp":"2026-09-14T01:53:40.200Z","computer":"srv-098","event_id":4697,"record_id":102526,"user":"employee-362","source_ip":"10.11.1.27","target":"ApprovedAgent","logon_type":null,"change_ticket":"CHG-DEPLOY-18","result":"success","channel":"Security","provider":"Microsoft-Windows-Security-Auditing","logon_id":"cc916a2969d69a5e","process_id":4679,"image_path":"C:/Program Files/ApprovedAgent/agent.exe","run_as":"svc-agent","publisher":"Approved Software Team","update_state":"installed","agent_build":"2026.09.3"},{"timestamp":"2026-09-14T01:53:42.900Z","computer":"srv-015","event_id":4624,"record_id":102527,"user":"employee-230","source_ip":"10.10.1.24","target":"logon-session","logon_type":3,"change_ticket":"","result":"success","channel":"Security","provider":"Microsoft-Windows-Security-Auditing","logon_id":"cc916a2969d69a5e","process_id":6401,"image_path":"","run_as":"","publisher":"","update_state":"installed","agent_build":"2026.09.4"},{"timestamp":"2026-09-14T01:53:45.600Z","computer":"srv-099","event_id":4624,"record_id":102528,"user":"employee-321","source_ip":"10.11.1.28","target":"logon-session","logon_type":10,"change_ticket":"","result":"success","channel":"Security","provider":"Microsoft-Windows-Security-Auditing","logon_id":"9cea0939e0cd0160","process_id":19673,"image_path":"","run_as":"","publisher":"","update_state":"installed","agent_build":"2026.09.1"},{"timestamp":"2026-09-14T01:53:48.300Z","computer":"srv-035","event_id":4634,"record_id":102529,"user":"employee-142","source_ip":"10.10.2.24","target":"logon-session","logon_type":2,"change_ticket":"","result":"success","channel":"Security","provider":"Microsoft-Windows-Security-Auditing","logon_id":"9cea0939e0cd0160","process_id":3458,"image_path":"","run_as":"","publisher":"","update_state":"installed","agent_build":"2026.09.2"},{"timestamp":"2026-09-14T01:53:51.000Z","computer":"srv-079","event_id":4688,"record_id":102530,"user":"employee-471","source_ip":"10.10.4.28","target":"logon-session","logon_type":null,"change_ticket":"","result":"success","channel":"Security","provider":"Microsoft-Windows-Security-Auditing","logon_id":"9cea0939e0cd0160","process_id":3548,"image_path":"C:/Program Files/ApprovedAgent/agent.exe","run_as":"","publisher":"Approved Software Team","update_state":"installed","agent_build":"2026.09.3"},{"timestamp":"2026-09-14T01:53:53.700Z","computer":"srv-218","event_id":4625,"record_id":102531,"user":"employee-89","source_ip":"10.12.3.27","target":"logon-session","logon_type":10,"change_ticket":"","result":"failure","channel":"Security","provider":"Microsoft-Windows-Security-Auditing","logon_id":"9cea0939e0cd0160","process_id":25211,"image_path":"","run_as":"","publisher":"","update_state":"installed","agent_build":"2026.09.4"},{"timestamp":"2026-09-14T01:53:56.400Z","computer":"srv-031","event_id":4698,"record_id":102532,"user":"employee-75","source_ip":"10.10.2.20","target":"Approved-Maintenance","logon_type":null,"change_ticket":"CHG-DEPLOY-18","result":"success","channel":"Security","provider":"Microsoft-Windows-Security-Auditing","logon_id":"bd626bcf43785369","process_id":5427,"image_path":"C:/Program Files/ApprovedAgent/agent.exe","run_as":"svc-agent","publisher":"Approved Software Team","update_state":"installed","agent_build":"2026.09.1"},{"timestamp":"2026-09-14T01:53:59.100Z","computer":"srv-112","event_id":4728,"record_id":102533,"user":"employee-261","source_ip":"10.11.2.21","target":"Project-Readers","logon_type":null,"change_ticket":"CHG-DEPLOY-18","result":"success","channel":"Security","provider":"Microsoft-Windows-Security-Auditing","logon_id":"bd626bcf43785369","process_id":8714,"image_path":"","run_as":"","publisher":"","update_state":"installed","agent_build":"2026.09.2"},{"timestamp":"2026-09-14T01:54:01.800Z","computer":"srv-103","event_id":4697,"record_id":102534,"user":"employee-71","source_ip":"10.11.2.12","target":"ApprovedAgent","logon_type":null,"change_ticket":"CHG-DEPLOY-18","result":"success","channel":"Security","provider":"Microsoft-Windows-Security-Auditing","logon_id":"bd626bcf43785369","process_id":15795,"image_path":"C:/Program Files/ApprovedAgent/agent.exe","run_as":"svc-agent","publisher":"Approved Software Team","update_state":"installed","agent_build":"2026.09.3"},{"timestamp":"2026-09-14T01:54:04.500Z","computer":"srv-054","event_id":4624,"record_id":102535,"user":"deployment-admin","source_ip":"10.10.3.23","target":"logon-session","logon_type":2,"change_ticket":"","result":"success","channel":"Security","provider":"Microsoft-Windows-Security-Auditing","logon_id":"bd626bcf43785369","process_id":20710,"image_path":"","run_as":"","publisher":"","update_state":"installed","agent_build":"2026.09.4"},{"timestamp":"2026-09-14T01:54:07.200Z","computer":"srv-036","event_id":4624,"record_id":102536,"user":"employee-463","source_ip":"10.10.2.25","target":"logon-session","logon_type":3,"change_ticket":"","result":"success","channel":"Security","provider":"Microsoft-Windows-Security-Auditing","logon_id":"c95064c2247e0170","process_id":24316,"image_path":"","run_as":"","publisher":"","update_state":"installed","agent_build":"2026.09.1"},{"timestamp":"2026-09-14T01:54:09.900Z","computer":"srv-224","event_id":4634,"record_id":102537,"user":"employee-146","source_ip":"10.12.4.13","target":"logon-session","logon_type":10,"change_ticket":"","result":"success","channel":"Security","provider":"Microsoft-Windows-Security-Auditing","logon_id":"c95064c2247e0170","process_id":19183,"image_path":"","run_as":"","publisher":"","update_state":"no-report","agent_build":"2026.09.2"},{"timestamp":"2026-09-14T01:54:12.600Z","computer":"srv-188","event_id":4688,"record_id":102538,"user":"employee-452","source_ip":"10.12.2.17","target":"logon-session","logon_type":null,"change_ticket":"","result":"success","channel":"Security","provider":"Microsoft-Windows-Security-Auditing","logon_id":"c95064c2247e0170","process_id":3963,"image_path":"C:/Program Files/ApprovedAgent/agent.exe","run_as":"","publisher":"Approved Software Team","update_state":"failed","agent_build":"2026.09.3"},{"timestamp":"2026-09-14T01:54:15.300Z","computer":"srv-198","event_id":4625,"record_id":102539,"user":"employee-470","source_ip":"10.12.2.27","target":"logon-session","logon_type":3,"change_ticket":"","result":"failure","channel":"Security","provider":"Microsoft-Windows-Security-Auditing","logon_id":"c95064c2247e0170","process_id":16557,"image_path":"","run_as":"","publisher":"","update_state":"installed","agent_build":"2026.09.4"},{"timestamp":"2026-09-14T01:54:18.000Z","computer":"srv-125","event_id":4698,"record_id":102540,"user":"employee-302","source_ip":"10.11.3.14","target":"Approved-Maintenance","logon_type":null,"change_ticket":"CHG-DEPLOY-18","result":"success","channel":"Security","provider":"Microsoft-Windows-Security-Auditing","logon_id":"87b6a9ee6db3f4cb","process_id":2703,"image_path":"C:/Program Files/ApprovedAgent/agent.exe","run_as":"svc-agent","publisher":"Approved Software Team","update_state":"installed","agent_build":"2026.09.1"},{"timestamp":"2026-09-14T01:54:20.700Z","computer":"srv-103","event_id":4728,"record_id":102541,"user":"employee-41","source_ip":"10.11.2.12","target":"Project-Readers","logon_type":null,"change_ticket":"CHG-DEPLOY-18","result":"success","channel":"Security","provider":"Microsoft-Windows-Security-Auditing","logon_id":"87b6a9ee6db3f4cb","process_id":18230,"image_path":"","run_as":"","publisher":"","update_state":"installed","agent_build":"2026.09.2"},{"timestamp":"2026-09-14T01:54:23.400Z","computer":"srv-229","event_id":4697,"record_id":102542,"user":"employee-382","source_ip":"10.12.4.18","target":"ApprovedAgent","logon_type":null,"change_ticket":"CHG-DEPLOY-18","result":"success","channel":"Security","provider":"Microsoft-Windows-Security-Auditing","logon_id":"87b6a9ee6db3f4cb","process_id":23136,"image_path":"C:/Program Files/ApprovedAgent/agent.exe","run_as":"svc-agent","publisher":"Approved Software Team","update_state":"restart-pending","agent_build":"2026.09.3"},{"timestamp":"2026-09-14T01:54:26.100Z","computer":"srv-169","event_id":4624,"record_id":102543,"user":"employee-242","source_ip":"10.12.1.18","target":"logon-session","logon_type":10,"change_ticket":"","result":"success","channel":"Security","provider":"Microsoft-Windows-Security-Auditing","logon_id":"87b6a9ee6db3f4cb","process_id":22189,"image_path":"","run_as":"","publisher":"","update_state":"installed","agent_build":"2026.09.4"},