{"timestamp":"2026-09-14T01:35:24.000Z","computer":"srv-024","event_id":4624,"record_id":102120,"user":"employee-42","source_ip":"10.10.2.13","target":"logon-session","logon_type":10,"change_ticket":"","result":"success","channel":"Security","provider":"Microsoft-Windows-Security-Auditing","logon_id":"d81e65a38d13a499","process_id":24976,"image_path":"","run_as":"","publisher":"","update_state":"installed","agent_build":"2026.09.1"},{"timestamp":"2026-09-14T01:35:26.700Z","computer":"srv-185","event_id":4634,"record_id":102121,"user":"employee-271","source_ip":"10.12.2.14","target":"logon-session","logon_type":2,"change_ticket":"","result":"success","channel":"Security","provider":"Microsoft-Windows-Security-Auditing","logon_id":"d81e65a38d13a499","process_id":25655,"image_path":"","run_as":"","publisher":"","update_state":"installed","agent_build":"2026.09.2"},{"timestamp":"2026-09-14T01:35:29.400Z","computer":"srv-161","event_id":4688,"record_id":102122,"user":"employee-233","source_ip":"10.12.1.10","target":"logon-session","logon_type":null,"change_ticket":"","result":"success","channel":"Security","provider":"Microsoft-Windows-Security-Auditing","logon_id":"d81e65a38d13a499","process_id":3474,"image_path":"C:/Program Files/ApprovedAgent/agent.exe","run_as":"","publisher":"Approved Software Team","update_state":"installed","agent_build":"2026.09.3"},{"timestamp":"2026-09-14T01:35:32.100Z","computer":"srv-027","event_id":4625,"record_id":102123,"user":"employee-320","source_ip":"10.10.2.16","target":"logon-session","logon_type":10,"change_ticket":"","result":"failure","channel":"Security","provider":"Microsoft-Windows-Security-Auditing","logon_id":"d81e65a38d13a499","process_id":10081,"image_path":"","run_as":"","publisher":"","update_state":"installed","agent_build":"2026.09.4"},{"timestamp":"2026-09-14T01:35:34.800Z","computer":"srv-030","event_id":4698,"record_id":102124,"user":"employee-64","source_ip":"10.10.2.19","target":"Approved-Maintenance","logon_type":null,"change_ticket":"CHG-DEPLOY-18","result":"success","channel":"Security","provider":"Microsoft-Windows-Security-Auditing","logon_id":"48d7082103c89208","process_id":25662,"image_path":"C:/Program Files/ApprovedAgent/agent.exe","run_as":"svc-agent","publisher":"Approved Software Team","update_state":"no-report","agent_build":"2026.09.1"},{"timestamp":"2026-09-14T01:35:37.500Z","computer":"srv-094","event_id":4728,"record_id":102125,"user":"employee-60","source_ip":"10.11.1.23","target":"Project-Readers","logon_type":null,"change_ticket":"CHG-DEPLOY-18","result":"success","channel":"Security","provider":"Microsoft-Windows-Security-Auditing","logon_id":"48d7082103c89208","process_id":21598,"image_path":"","run_as":"","publisher":"","update_state":"installed","agent_build":"2026.09.2"},{"timestamp":"2026-09-14T01:35:40.200Z","computer":"srv-168","event_id":4697,"record_id":102126,"user":"employee-99","source_ip":"10.12.1.17","target":"ApprovedAgent","logon_type":null,"change_ticket":"CHG-DEPLOY-18","result":"success","channel":"Security","provider":"Microsoft-Windows-Security-Auditing","logon_id":"48d7082103c89208","process_id":4059,"image_path":"C:/Program Files/ApprovedAgent/agent.exe","run_as":"svc-agent","publisher":"Approved Software Team","update_state":"installed","agent_build":"2026.09.3"},{"timestamp":"2026-09-14T01:35:42.900Z","computer":"srv-169","event_id":4624,"record_id":102127,"user":"employee-191","source_ip":"10.12.1.18","target":"logon-session","logon_type":2,"change_ticket":"","result":"success","channel":"Security","provider":"Microsoft-Windows-Security-Auditing","logon_id":"48d7082103c89208","process_id":4281,"image_path":"","run_as":"","publisher":"","update_state":"installed","agent_build":"2026.09.4"},{"timestamp":"2026-09-14T01:35:45.600Z","computer":"srv-228","event_id":4624,"record_id":102128,"user":"employee-329","source_ip":"10.12.4.17","target":"logon-session","logon_type":3,"change_ticket":"","result":"success","channel":"Security","provider":"Microsoft-Windows-Security-Auditing","logon_id":"30e77e42ddba21fd","process_id":7323,"image_path":"","run_as":"","publisher":"","update_state":"installed","agent_build":"2026.09.1"},{"timestamp":"2026-09-14T01:35:48.300Z","computer":"srv-183","event_id":4634,"record_id":102129,"user":"employee-467","source_ip":"10.12.2.12","target":"logon-session","logon_type":10,"change_ticket":"","result":"success","channel":"Security","provider":"Microsoft-Windows-Security-Auditing","logon_id":"30e77e42ddba21fd","process_id":15882,"image_path":"","run_as":"","publisher":"","update_state":"installed","agent_build":"2026.09.2"},{"timestamp":"2026-09-14T01:35:51.000Z","computer":"srv-059","event_id":4688,"record_id":102130,"user":"employee-99","source_ip":"10.10.3.28","target":"logon-session","logon_type":null,"change_ticket":"","result":"success","channel":"Security","provider":"Microsoft-Windows-Security-Auditing","logon_id":"30e77e42ddba21fd","process_id":17150,"image_path":"C:/Program Files/ApprovedAgent/agent.exe","run_as":"","publisher":"Approved Software Team","update_state":"installed","agent_build":"2026.09.3"},{"timestamp":"2026-09-14T01:35:53.700Z","computer":"srv-225","event_id":4625,"record_id":102131,"user":"employee-345","source_ip":"10.12.4.14","target":"logon-session","logon_type":3,"change_ticket":"","result":"failure","channel":"Security","provider":"Microsoft-Windows-Security-Auditing","logon_id":"30e77e42ddba21fd","process_id":11249,"image_path":"","run_as":"","publisher":"","update_state":"installed","agent_build":"2026.09.4"},{"timestamp":"2026-09-14T01:35:56.400Z","computer":"srv-192","event_id":4698,"record_id":102132,"user":"deployment-admin","source_ip":"10.12.2.21","target":"Approved-Maintenance","logon_type":null,"change_ticket":"CHG-DEPLOY-18","result":"success","channel":"Security","provider":"Microsoft-Windows-Security-Auditing","logon_id":"5319f76badcece47","process_id":24478,"image_path":"C:/Program Files/ApprovedAgent/agent.exe","run_as":"svc-agent","publisher":"Approved Software Team","update_state":"installed","agent_build":"2026.09.1"},{"timestamp":"2026-09-14T01:35:59.100Z","computer":"srv-093","event_id":4728,"record_id":102133,"user":"employee-415","source_ip":"10.11.1.22","target":"Project-Readers","logon_type":null,"change_ticket":"CHG-DEPLOY-18","result":"success","channel":"Security","provider":"Microsoft-Windows-Security-Auditing","logon_id":"5319f76badcece47","process_id":8448,"image_path":"","run_as":"","publisher":"","update_state":"installed","agent_build":"2026.09.2"},{"timestamp":"2026-09-14T01:36:01.800Z","computer":"srv-038","event_id":4697,"record_id":102134,"user":"employee-476","source_ip":"10.10.2.27","target":"ApprovedAgent","logon_type":null,"change_ticket":"CHG-DEPLOY-18","result":"success","channel":"Security","provider":"Microsoft-Windows-Security-Auditing","logon_id":"5319f76badcece47","process_id":8441,"image_path":"C:/Program Files/ApprovedAgent/agent.exe","run_as":"svc-agent","publisher":"Approved Software Team","update_state":"installed","agent_build":"2026.09.3"},{"timestamp":"2026-09-14T01:36:04.500Z","computer":"srv-180","event_id":4624,"record_id":102135,"user":"employee-378","source_ip":"10.12.1.29","target":"logon-session","logon_type":10,"change_ticket":"","result":"success","channel":"Security","provider":"Microsoft-Windows-Security-Auditing","logon_id":"5319f76badcece47","process_id":3673,"image_path":"","run_as":"","publisher":"","update_state":"installed","agent_build":"2026.09.4"},{"timestamp":"2026-09-14T01:36:07.200Z","computer":"srv-151","event_id":4624,"record_id":102136,"user":"employee-438","source_ip":"10.11.4.20","target":"logon-session","logon_type":2,"change_ticket":"","result":"success","channel":"Security","provider":"Microsoft-Windows-Security-Auditing","logon_id":"e8dde7dba730942f","process_id":4052,"image_path":"","run_as":"","publisher":"","update_state":"installed","agent_build":"2026.09.1"},{"timestamp":"2026-09-14T01:36:09.900Z","computer":"srv-007","event_id":4634,"record_id":102137,"user":"employee-44","source_ip":"10.10.1.16","target":"logon-session","logon_type":3,"change_ticket":"","result":"success","channel":"Security","provider":"Microsoft-Windows-Security-Auditing","logon_id":"e8dde7dba730942f","process_id":5618,"image_path":"","run_as":"","publisher":"","update_state":"installed","agent_build":"2026.09.2"},{"timestamp":"2026-09-14T01:36:12.600Z","computer":"srv-183","event_id":4688,"record_id":102138,"user":"employee-239","source_ip":"10.12.2.12","target":"logon-session","logon_type":null,"change_ticket":"","result":"success","channel":"Security","provider":"Microsoft-Windows-Security-Auditing","logon_id":"e8dde7dba730942f","process_id":21451,"image_path":"C:/Program Files/ApprovedAgent/agent.exe","run_as":"","publisher":"Approved Software Team","update_state":"installed","agent_build":"2026.09.3"},{"timestamp":"2026-09-14T01:36:15.300Z","computer":"srv-039","event_id":4625,"record_id":102139,"user":"employee-214","source_ip":"10.10.2.28","target":"logon-session","logon_type":2,"change_ticket":"","result":"failure","channel":"Security","provider":"Microsoft-Windows-Security-Auditing","logon_id":"e8dde7dba730942f","process_id":15453,"image_path":"","run_as":"","publisher":"","update_state":"restart-pending","agent_build":"2026.09.4"},{"timestamp":"2026-09-14T01:36:18.000Z","computer":"srv-136","event_id":4698,"record_id":102140,"user":"employee-386","source_ip":"10.11.3.25","target":"Approved-Maintenance","logon_type":null,"change_ticket":"CHG-DEPLOY-18","result":"success","channel":"Security","provider":"Microsoft-Windows-Security-Auditing","logon_id":"1b8f2a433f224277","process_id":2141,"image_path":"C:/Program Files/ApprovedAgent/agent.exe","run_as":"svc-agent","publisher":"Approved Software Team","update_state":"installed","agent_build":"2026.09.1"},{"timestamp":"2026-09-14T01:36:20.700Z","computer":"srv-012","event_id":4728,"record_id":102141,"user":"employee-371","source_ip":"10.10.1.21","target":"Project-Readers","logon_type":null,"change_ticket":"CHG-DEPLOY-18","result":"success","channel":"Security","provider":"Microsoft-Windows-Security-Auditing","logon_id":"1b8f2a433f224277","process_id":23829,"image_path":"","run_as":"","publisher":"","update_state":"installed","agent_build":"2026.09.2"},{"timestamp":"2026-09-14T01:36:23.400Z","computer":"srv-106","event_id":4697,"record_id":102142,"user":"employee-323","source_ip":"10.11.2.15","target":"ApprovedAgent","logon_type":null,"change_ticket":"CHG-DEPLOY-18","result":"success","channel":"Security","provider":"Microsoft-Windows-Security-Auditing","logon_id":"1b8f2a433f224277","process_id":5186,"image_path":"C:/Program Files/ApprovedAgent/agent.exe","run_as":"svc-agent","publisher":"Approved Software Team","update_state":"installed","agent_build":"2026.09.3"},{"timestamp":"2026-09-14T01:36:26.100Z","computer":"srv-089","event_id":4624,"record_id":102143,"user":"employee-237","source_ip":"10.11.1.18","target":"logon-session","logon_type":3,"change_ticket":"","result":"success","channel":"Security","provider":"Microsoft-Windows-Security-Auditing","logon_id":"1b8f2a433f224277","process_id":24983,"image_path":"","run_as":"","publisher":"","update_state":"installed","agent_build":"2026.09.4"},{"timestamp":"2026-09-14T01:36:28.800Z","computer":"srv-099","event_id":4624,"record_id":102144,"user":"employee-332","source_ip":"10.11.1.28","target":"logon-session","logon_type":10,"change_ticket":"","result":"success","channel":"Security","provider":"Microsoft-Windows-Security-Auditing","logon_id":"92bb4e10b3bbf65b","process_id":23573,"image_path":"","run_as":"","publisher":"","update_state":"installed","agent_build":"2026.09.1"},{"timestamp":"2026-09-14T01:36:31.500Z","computer":"srv-069","event_id":4634,"record_id":102145,"user":"deployment-admin","source_ip":"10.10.4.18","target":"logon-session","logon_type":2,"change_ticket":"","result":"success","channel":"Security","provider":"Microsoft-Windows-Security-Auditing","logon_id":"92bb4e10b3bbf65b","process_id":3775,"image_path":"","run_as":"","publisher":"","update_state":"installed","agent_build":"2026.09.2"},{"timestamp":"2026-09-14T01:36:34.200Z","computer":"srv-138","event_id":4688,"record_id":102146,"user":"employee-70","source_ip":"10.11.3.27","target":"logon-session","logon_type":null,"change_ticket":"","result":"success","channel":"Security","provider":"Microsoft-Windows-Security-Auditing","logon_id":"92bb4e10b3bbf65b","process_id":1890,"image_path":"C:/Program Files/ApprovedAgent/agent.exe","run_as":"","publisher":"Approved Software Team","update_state":"installed","agent_build":"2026.09.3"},{"timestamp":"2026-09-14T01:36:36.900Z","computer":"srv-005","event_id":4625,"record_id":102147,"user":"employee-307","source_ip":"10.10.1.14","target":"logon-session","logon_type":10,"change_ticket":"","result":"failure","channel":"Security","provider":"Microsoft-Windows-Security-Auditing","logon_id":"92bb4e10b3bbf65b","process_id":12486,"image_path":"","run_as":"","publisher":"","update_state":"installed","agent_build":"2026.09.4"},{"timestamp":"2026-09-14T01:36:39.600Z","computer":"srv-209","event_id":4698,"record_id":102148,"user":"employee-423","source_ip":"10.12.3.18","target":"Approved-Maintenance","logon_type":null,"change_ticket":"CHG-DEPLOY-18","result":"success","channel":"Security","provider":"Microsoft-Windows-Security-Auditing","logon_id":"0e2864761ac0a99a","process_id":12829,"image_path":"C:/Program Files/ApprovedAgent/agent.exe","run_as":"svc-agent","publisher":"Approved Software Team","update_state":"installed","agent_build":"2026.09.1"},{"timestamp":"2026-09-14T01:36:42.300Z","computer":"srv-184","event_id":4728,"record_id":102149,"user":"employee-335","source_ip":"10.12.2.13","target":"Project-Readers","logon_type":null,"change_ticket":"CHG-DEPLOY-18","result":"success","channel":"Security","provider":"Microsoft-Windows-Security-Auditing","logon_id":"0e2864761ac0a99a","process_id":23268,"image_path":"","run_as":"","publisher":"","update_state":"installed","agent_build":"2026.09.2"},{"timestamp":"2026-09-14T01:36:45.000Z","computer":"srv-140","event_id":4697,"record_id":102150,"user":"employee-226","source_ip":"10.11.3.29","target":"ApprovedAgent","logon_type":null,"change_ticket":"CHG-DEPLOY-18","result":"success","channel":"Security","provider":"Microsoft-Windows-Security-Auditing","logon_id":"0e2864761ac0a99a","process_id":1345,"image_path":"C:/Program Files/ApprovedAgent/agent.exe","run_as":"svc-agent","publisher":"Approved Software Team","update_state":"installed","agent_build":"2026.09.3"},{"timestamp":"2026-09-14T01:36:47.700Z","computer":"srv-168","event_id":4624,"record_id":102151,"user":"employee-124","source_ip":"10.12.1.17","target":"logon-session","logon_type":2,"change_ticket":"","result":"success","channel":"Security","provider":"Microsoft-Windows-Security-Auditing","logon_id":"0e2864761ac0a99a","process_id":1836,"image_path":"","run_as":"","publisher":"","update_state":"installed","agent_build":"2026.09.4"},{"timestamp":"2026-09-14T01:36:50.400Z","computer":"srv-044","event_id":4624,"record_id":102152,"user":"employee-278","source_ip":"10.10.3.13","target":"logon-session","logon_type":3,"change_ticket":"","result":"success","channel":"Security","provider":"Microsoft-Windows-Security-Auditing","logon_id":"2c6412cb4edeecd6","process_id":4107,"image_path":"","run_as":"","publisher":"","update_state":"installed","agent_build":"2026.09.1"},{"timestamp":"2026-09-14T01:36:53.100Z","computer":"srv-100","event_id":4634,"record_id":102153,"user":"employee-13","source_ip":"10.11.1.29","target":"logon-session","logon_type":10,"change_ticket":"","result":"success","channel":"Security","provider":"Microsoft-Windows-Security-Auditing","logon_id":"2c6412cb4edeecd6","process_id":13635,"image_path":"","run_as":"","publisher":"","update_state":"installed","agent_build":"2026.09.2"},{"timestamp":"2026-09-14T01:36:55.800Z","computer":"srv-193","event_id":4688,"record_id":102154,"user":"employee-276","source_ip":"10.12.2.22","target":"logon-session","logon_type":null,"change_ticket":"","result":"success","channel":"Security","provider":"Microsoft-Windows-Security-Auditing","logon_id":"2c6412cb4edeecd6","process_id":12560,"image_path":"C:/Program Files/ApprovedAgent/agent.exe","run_as":"","publisher":"Approved Software Team","update_state":"installed","agent_build":"2026.09.3"},{"timestamp":"2026-09-14T01:36:58.500Z","computer":"srv-236","event_id":4625,"record_id":102155,"user":"employee-262","source_ip":"10.12.4.25","target":"logon-session","logon_type":3,"change_ticket":"","result":"failure","channel":"Security","provider":"Microsoft-Windows-Security-Auditing","logon_id":"2c6412cb4edeecd6","process_id":20412,"image_path":"","run_as":"","publisher":"","update_state":"installed","agent_build":"2026.09.4"},{"timestamp":"2026-09-14T01:37:01.200Z","computer":"srv-125","event_id":4698,"record_id":102156,"user":"employee-463","source_ip":"10.11.3.14","target":"Approved-Maintenance","logon_type":null,"change_ticket":"CHG-DEPLOY-18","result":"success","channel":"Security","provider":"Microsoft-Windows-Security-Auditing","logon_id":"2898ac2f01935d13","process_id":6866,"image_path":"C:/Program Files/ApprovedAgent/agent.exe","run_as":"svc-agent","publisher":"Approved Software Team","update_state":"installed","agent_build":"2026.09.1"},{"timestamp":"2026-09-14T01:37:03.900Z","computer":"srv-236","event_id":4728,"record_id":102157,"user":"employee-87","source_ip":"10.12.4.25","target":"Project-Readers","logon_type":null,"change_ticket":"CHG-DEPLOY-18","result":"success","channel":"Security","provider":"Microsoft-Windows-Security-Auditing","logon_id":"2898ac2f01935d13","process_id":7816,"image_path":"","run_as":"","publisher":"","update_state":"installed","agent_build":"2026.09.2"},{"timestamp":"2026-09-14T01:37:06.600Z","computer":"srv-061","event_id":4697,"record_id":102158,"user":"deployment-admin","source_ip":"10.10.4.10","target":"ApprovedAgent","logon_type":null,"change_ticket":"CHG-DEPLOY-18","result":"success","channel":"Security","provider":"Microsoft-Windows-Security-Auditing","logon_id":"2898ac2f01935d13","process_id":14921,"image_path":"C:/Program Files/ApprovedAgent/agent.exe","run_as":"svc-agent","publisher":"Approved Software Team","update_state":"installed","agent_build":"2026.09.3"},{"timestamp":"2026-09-14T01:37:09.300Z","computer":"srv-208","event_id":4624,"record_id":102159,"user":"employee-207","source_ip":"10.12.3.17","target":"logon-session","logon_type":10,"change_ticket":"","result":"success","channel":"Security","provider":"Microsoft-Windows-Security-Auditing","logon_id":"2898ac2f01935d13","process_id":2718,"image_path":"","run_as":"","publisher":"","update_state":"installed","agent_build":"2026.09.4"},{"timestamp":"2026-09-14T01:37:12.000Z","computer":"srv-231","event_id":4624,"record_id":102160,"user":"employee-292","source_ip":"10.12.4.20","target":"logon-session","logon_type":2,"change_ticket":"","result":"success","channel":"Security","provider":"Microsoft-Windows-Security-Auditing","logon_id":"4b777de99c57472e","process_id":6369,"image_path":"","run_as":"","publisher":"","update_state":"installed","agent_build":"2026.09.1"},{"timestamp":"2026-09-14T01:37:14.700Z","computer":"srv-232","event_id":4634,"record_id":102161,"user":"employee-308","source_ip":"10.12.4.21","target":"logon-session","logon_type":3,"change_ticket":"","result":"success","channel":"Security","provider":"Microsoft-Windows-Security-Auditing","logon_id":"4b777de99c57472e","process_id":1617,"image_path":"","run_as":"","publisher":"","update_state":"installed","agent_build":"2026.09.2"},{"timestamp":"2026-09-14T01:37:17.400Z","computer":"srv-160","event_id":4688,"record_id":102162,"user":"employee-319","source_ip":"10.11.4.29","target":"logon-session","logon_type":null,"change_ticket":"","result":"success","channel":"Security","provider":"Microsoft-Windows-Security-Auditing","logon_id":"4b777de99c57472e","process_id":6239,"image_path":"C:/Program Files/ApprovedAgent/agent.exe","run_as":"","publisher":"Approved Software Team","update_state":"failed","agent_build":"2026.09.3"},{"timestamp":"2026-09-14T01:37:20.100Z","computer":"srv-070","event_id":4625,"record_id":102163,"user":"employee-437","source_ip":"10.10.4.19","target":"logon-session","logon_type":2,"change_ticket":"","result":"failure","channel":"Security","provider":"Microsoft-Windows-Security-Auditing","logon_id":"4b777de99c57472e","process_id":21857,"image_path":"","run_as":"","publisher":"","update_state":"installed","agent_build":"2026.09.4"},{"timestamp":"2026-09-14T01:37:22.800Z","computer":"srv-115","event_id":4698,"record_id":102164,"user":"employee-199","source_ip":"10.11.2.24","target":"Approved-Maintenance","logon_type":null,"change_ticket":"CHG-DEPLOY-18","result":"success","channel":"Security","provider":"Microsoft-Windows-Security-Auditing","logon_id":"fe5bdb3e5297d841","process_id":10774,"image_path":"C:/Program Files/ApprovedAgent/agent.exe","run_as":"svc-agent","publisher":"Approved Software Team","update_state":"installed","agent_build":"2026.09.1"},{"timestamp":"2026-09-14T01:37:25.500Z","computer":"srv-055","event_id":4728,"record_id":102165,"user":"employee-37","source_ip":"10.10.3.24","target":"Project-Readers","logon_type":null,"change_ticket":"CHG-DEPLOY-18","result":"success","channel":"Security","provider":"Microsoft-Windows-Security-Auditing","logon_id":"fe5bdb3e5297d841","process_id":19809,"image_path":"","run_as":"","publisher":"","update_state":"installed","agent_build":"2026.09.2"},{"timestamp":"2026-09-14T01:37:28.200Z","computer":"srv-102","event_id":4697,"record_id":102166,"user":"employee-477","source_ip":"10.11.2.11","target":"ApprovedAgent","logon_type":null,"change_ticket":"CHG-DEPLOY-18","result":"success","channel":"Security","provider":"Microsoft-Windows-Security-Auditing","logon_id":"fe5bdb3e5297d841","process_id":7335,"image_path":"C:/Program Files/ApprovedAgent/agent.exe","run_as":"svc-agent","publisher":"Approved Software Team","update_state":"installed","agent_build":"2026.09.3"},{"timestamp":"2026-09-14T01:37:30.900Z","computer":"srv-054","event_id":4624,"record_id":102167,"user":"employee-131","source_ip":"10.10.3.23","target":"logon-session","logon_type":3,"change_ticket":"","result":"success","channel":"Security","provider":"Microsoft-Windows-Security-Auditing","logon_id":"fe5bdb3e5297d841","process_id":19288,"image_path":"","run_as":"","publisher":"","update_state":"installed","agent_build":"2026.09.4"},{"timestamp":"2026-09-14T01:37:33.600Z","computer":"srv-052","event_id":4624,"record_id":102168,"user":"employee-88","source_ip":"10.10.3.21","target":"logon-session","logon_type":10,"change_ticket":"","result":"success","channel":"Security","provider":"Microsoft-Windows-Security-Auditing","logon_id":"23db676fa73d5fd6","process_id":7494,"image_path":"","run_as":"","publisher":"","update_state":"installed","agent_build":"2026.09.1"},{"timestamp":"2026-09-14T01:37:36.300Z","computer":"srv-182","event_id":4634,"record_id":102169,"user":"employee-304","source_ip":"10.12.2.11","target":"logon-session","logon_type":2,"change_ticket":"","result":"success","channel":"Security","provider":"Microsoft-Windows-Security-Auditing","logon_id":"23db676fa73d5fd6","process_id":7476,"image_path":"","run_as":"","publisher":"","update_state":"installed","agent_build":"2026.09.2"},{"timestamp":"2026-09-14T01:37:39.000Z","computer":"srv-046","event_id":4688,"record_id":102170,"user":"employee-396","source_ip":"10.10.3.15","target":"logon-session","logon_type":null,"change_ticket":"","result":"success","channel":"Security","provider":"Microsoft-Windows-Security-Auditing","logon_id":"23db676fa73d5fd6","process_id":25710,"image_path":"C:/Program Files/ApprovedAgent/agent.exe","run_as":"","publisher":"Approved Software Team","update_state":"restart-pending","agent_build":"2026.09.3"},{"timestamp":"2026-09-14T01:37:41.700Z","computer":"srv-227","event_id":4625,"record_id":102171,"user":"deployment-admin","source_ip":"10.12.4.16","target":"logon-session","logon_type":10,"change_ticket":"","result":"failure","channel":"Security","provider":"Microsoft-Windows-Security-Auditing","logon_id":"23db676fa73d5fd6","process_id":18662,"image_path":"","run_as":"","publisher":"","update_state":"installed","agent_build":"2026.09.4"},{"timestamp":"2026-09-14T01:37:44.400Z","computer":"srv-048","event_id":4698,"record_id":102172,"user":"employee-148","source_ip":"10.10.3.17","target":"Approved-Maintenance","logon_type":null,"change_ticket":"CHG-DEPLOY-18","result":"success","channel":"Security","provider":"Microsoft-Windows-Security-Auditing","logon_id":"64891cd8146c51d8","process_id":17021,"image_path":"C:/Program Files/ApprovedAgent/agent.exe","run_as":"svc-agent","publisher":"Approved Software Team","update_state":"installed","agent_build":"2026.09.1"},{"timestamp":"2026-09-14T01:37:47.100Z","computer":"srv-071","event_id":4728,"record_id":102173,"user":"employee-84","source_ip":"10.10.4.20","target":"Project-Readers","logon_type":null,"change_ticket":"CHG-DEPLOY-18","result":"success","channel":"Security","provider":"Microsoft-Windows-Security-Auditing","logon_id":"64891cd8146c51d8","process_id":14413,"image_path":"","run_as":"","publisher":"","update_state":"installed","agent_build":"2026.09.2"},{"timestamp":"2026-09-14T01:37:49.800Z","computer":"srv-177","event_id":4697,"record_id":102174,"user":"employee-89","source_ip":"10.12.1.26","target":"ApprovedAgent","logon_type":null,"change_ticket":"CHG-DEPLOY-18","result":"success","channel":"Security","provider":"Microsoft-Windows-Security-Auditing","logon_id":"64891cd8146c51d8","process_id":25749,"image_path":"C:/Program Files/ApprovedAgent/agent.exe","run_as":"svc-agent","publisher":"Approved Software Team","update_state":"installed","agent_build":"2026.09.3"},{"timestamp":"2026-09-14T01:37:52.500Z","computer":"srv-088","event_id":4624,"record_id":102175,"user":"employee-119","source_ip":"10.11.1.17","target":"logon-session","logon_type":2,"change_ticket":"","result":"success","channel":"Security","provider":"Microsoft-Windows-Security-Auditing","logon_id":"64891cd8146c51d8","process_id":22284,"image_path":"","run_as":"","publisher":"","update_state":"installed","agent_build":"2026.09.4"},{"timestamp":"2026-09-14T01:37:55.200Z","computer":"srv-224","event_id":4624,"record_id":102176,"user":"employee-259","source_ip":"10.12.4.13","target":"logon-session","logon_type":3,"change_ticket":"","result":"success","channel":"Security","provider":"Microsoft-Windows-Security-Auditing","logon_id":"ad61a4e0bf55cc3a","process_id":8315,"image_path":"","run_as":"","publisher":"","update_state":"installed","agent_build":"2026.09.1"},{"timestamp":"2026-09-14T01:37:57.900Z","computer":"srv-100","event_id":4634,"record_id":102177,"user":"employee-391","source_ip":"10.11.1.29","target":"logon-session","logon_type":10,"change_ticket":"","result":"success","channel":"Security","provider":"Microsoft-Windows-Security-Auditing","logon_id":"ad61a4e0bf55cc3a","process_id":24057,"image_path":"","run_as":"","publisher":"","update_state":"installed","agent_build":"2026.09.2"},{"timestamp":"2026-09-14T01:38:00.600Z","computer":"srv-034","event_id":4688,"record_id":102178,"user":"employee-412","source_ip":"10.10.2.23","target":"logon-session","logon_type":null,"change_ticket":"","result":"success","channel":"Security","provider":"Microsoft-Windows-Security-Auditing","logon_id":"ad61a4e0bf55cc3a","process_id":4054,"image_path":"C:/Program Files/ApprovedAgent/agent.exe","run_as":"","publisher":"Approved Software Team","update_state":"installed","agent_build":"2026.09.3"},{"timestamp":"2026-09-14T01:38:03.300Z","computer":"srv-158","event_id":4625,"record_id":102179,"user":"employee-365","source_ip":"10.11.4.27","target":"logon-session","logon_type":3,"change_ticket":"","result":"failure","channel":"Security","provider":"Microsoft-Windows-Security-Auditing","logon_id":"ad61a4e0bf55cc3a","process_id":15957,"image_path":"","run_as":"","publisher":"","update_state":"installed","agent_build":"2026.09.4"},{"timestamp":"2026-09-14T01:38:06.000Z","computer":"srv-213","event_id":4698,"record_id":102180,"user":"employee-342","source_ip":"10.12.3.22","target":"Approved-Maintenance","logon_type":null,"change_ticket":"CHG-DEPLOY-18","result":"success","channel":"Security","provider":"Microsoft-Windows-Security-Auditing","logon_id":"f58727c158acf68a","process_id":12054,"image_path":"C:/Program Files/ApprovedAgent/agent.exe","run_as":"svc-agent","publisher":"Approved Software Team","update_state":"installed","agent_build":"2026.09.1"},{"timestamp":"2026-09-14T01:38:08.700Z","computer":"srv-144","event_id":4728,"record_id":102181,"user":"employee-221","source_ip":"10.11.4.13","target":"Project-Readers","logon_type":null,"change_ticket":"CHG-DEPLOY-18","result":"success","channel":"Security","provider":"Microsoft-Windows-Security-Auditing","logon_id":"f58727c158acf68a","process_id":20005,"image_path":"","run_as":"","publisher":"","update_state":"installed","agent_build":"2026.09.2"},{"timestamp":"2026-09-14T01:38:11.400Z","computer":"srv-043","event_id":4697,"record_id":102182,"user":"employee-157","source_ip":"10.10.3.12","target":"ApprovedAgent","logon_type":null,"change_ticket":"CHG-DEPLOY-18","result":"success","channel":"Security","provider":"Microsoft-Windows-Security-Auditing","logon_id":"f58727c158acf68a","process_id":3312,"image_path":"C:/Program Files/ApprovedAgent/agent.exe","run_as":"svc-agent","publisher":"Approved Software Team","update_state":"installed","agent_build":"2026.09.3"},{"timestamp":"2026-09-14T01:38:14.100Z","computer":"srv-230","event_id":4624,"record_id":102183,"user":"employee-11","source_ip":"10.12.4.19","target":"logon-session","logon_type":10,"change_ticket":"","result":"success","channel":"Security","provider":"Microsoft-Windows-Security-Auditing","logon_id":"f58727c158acf68a","process_id":11872,"image_path":"","run_as":"","publisher":"","update_state":"no-report","agent_build":"2026.09.4"},{"timestamp":"2026-09-14T01:38:16.800Z","computer":"srv-033","event_id":4624,"record_id":102184,"user":"deployment-admin","source_ip":"10.10.2.22","target":"logon-session","logon_type":2,"change_ticket":"","result":"success","channel":"Security","provider":"Microsoft-Windows-Security-Auditing","logon_id":"01bda459182a4a31","process_id":9329,"image_path":"","run_as":"","publisher":"","update_state":"installed","agent_build":"2026.09.1"},{"timestamp":"2026-09-14T01:38:19.500Z","computer":"srv-011","event_id":4634,"record_id":102185,"user":"employee-354","source_ip":"10.10.1.20","target":"logon-session","logon_type":3,"change_ticket":"","result":"success","channel":"Security","provider":"Microsoft-Windows-Security-Auditing","logon_id":"01bda459182a4a31","process_id":25211,"image_path":"","run_as":"","publisher":"","update_state":"installed","agent_build":"2026.09.2"},{"timestamp":"2026-09-14T01:38:22.200Z","computer":"srv-183","event_id":4688,"record_id":102186,"user":"employee-83","source_ip":"10.12.2.12","target":"logon-session","logon_type":null,"change_ticket":"","result":"success","channel":"Security","provider":"Microsoft-Windows-Security-Auditing","logon_id":"01bda459182a4a31","process_id":15231,"image_path":"C:/Program Files/ApprovedAgent/agent.exe","run_as":"","publisher":"Approved Software Team","update_state":"installed","agent_build":"2026.09.3"},{"timestamp":"2026-09-14T01:38:24.900Z","computer":"srv-125","event_id":4625,"record_id":102187,"user":"employee-176","source_ip":"10.11.3.14","target":"logon-session","logon_type":2,"change_ticket":"","result":"failure","channel":"Security","provider":"Microsoft-Windows-Security-Auditing","logon_id":"01bda459182a4a31","process_id":17450,"image_path":"","run_as":"","publisher":"","update_state":"installed","agent_build":"2026.09.4"},{"timestamp":"2026-09-14T01:38:27.600Z","computer":"srv-115","event_id":4698,"record_id":102188,"user":"employee-344","source_ip":"10.11.2.24","target":"Approved-Maintenance","logon_type":null,"change_ticket":"CHG-DEPLOY-18","result":"success","channel":"Security","provider":"Microsoft-Windows-Security-Auditing","logon_id":"23b65965851d3eb3","process_id":13927,"image_path":"C:/Program Files/ApprovedAgent/agent.exe","run_as":"svc-agent","publisher":"Approved Software Team","update_state":"installed","agent_build":"2026.09.1"},{"timestamp":"2026-09-14T01:38:30.300Z","computer":"srv-070","event_id":4728,"record_id":102189,"user":"employee-69","source_ip":"10.10.4.19","target":"Project-Readers","logon_type":null,"change_ticket":"CHG-DEPLOY-18","result":"success","channel":"Security","provider":"Microsoft-Windows-Security-Auditing","logon_id":"23b65965851d3eb3","process_id":15848,"image_path":"","run_as":"","publisher":"","update_state":"installed","agent_build":"2026.09.2"},{"timestamp":"2026-09-14T01:38:33.000Z","computer":"srv-101","event_id":4697,"record_id":102190,"user":"employee-101","source_ip":"10.11.2.10","target":"ApprovedAgent","logon_type":null,"change_ticket":"CHG-DEPLOY-18","result":"success","channel":"Security","provider":"Microsoft-Windows-Security-Auditing","logon_id":"23b65965851d3eb3","process_id":20951,"image_path":"C:/Program Files/ApprovedAgent/agent.exe","run_as":"svc-agent","publisher":"Approved Software Team","update_state":"installed","agent_build":"2026.09.3"},{"timestamp":"2026-09-14T01:38:35.700Z","computer":"srv-073","event_id":4624,"record_id":102191,"user":"employee-94","source_ip":"10.10.4.22","target":"logon-session","logon_type":3,"change_ticket":"","result":"success","channel":"Security","provider":"Microsoft-Windows-Security-Auditing","logon_id":"23b65965851d3eb3","process_id":20215,"image_path":"","run_as":"","publisher":"","update_state":"installed","agent_build":"2026.09.4"},{"timestamp":"2026-09-14T01:38:38.400Z","computer":"srv-139","event_id":4624,"record_id":102192,"user":"employee-110","source_ip":"10.11.3.28","target":"logon-session","logon_type":10,"change_ticket":"","result":"success","channel":"Security","provider":"Microsoft-Windows-Security-Auditing","logon_id":"ded36f8156c2d117","process_id":21161,"image_path":"","run_as":"","publisher":"","update_state":"installed","agent_build":"2026.09.1"},{"timestamp":"2026-09-14T01:38:41.100Z","computer":"srv-084","event_id":4634,"record_id":102193,"user":"employee-251","source_ip":"10.11.1.13","target":"logon-session","logon_type":2,"change_ticket":"","result":"success","channel":"Security","provider":"Microsoft-Windows-Security-Auditing","logon_id":"ded36f8156c2d117","process_id":12294,"image_path":"","run_as":"","publisher":"","update_state":"installed","agent_build":"2026.09.2"},{"timestamp":"2026-09-14T01:38:43.800Z","computer":"srv-195","event_id":4688,"record_id":102194,"user":"employee-70","source_ip":"10.12.2.24","target":"logon-session","logon_type":null,"change_ticket":"","result":"success","channel":"Security","provider":"Microsoft-Windows-Security-Auditing","logon_id":"ded36f8156c2d117","process_id":15431,"image_path":"C:/Program Files/ApprovedAgent/agent.exe","run_as":"","publisher":"Approved Software Team","update_state":"installed","agent_build":"2026.09.3"},{"timestamp":"2026-09-14T01:38:46.500Z","computer":"srv-231","event_id":4625,"record_id":102195,"user":"employee-50","source_ip":"10.12.4.20","target":"logon-session","logon_type":10,"change_ticket":"","result":"failure","channel":"Security","provider":"Microsoft-Windows-Security-Auditing","logon_id":"ded36f8156c2d117","process_id":1575,"image_path":"","run_as":"","publisher":"","update_state":"installed","agent_build":"2026.09.4"},{"timestamp":"2026-09-14T01:38:49.200Z","computer":"srv-029","event_id":4698,"record_id":102196,"user":"employee-466","source_ip":"10.10.2.18","target":"Approved-Maintenance","logon_type":null,"change_ticket":"CHG-DEPLOY-18","result":"success","channel":"Security","provider":"Microsoft-Windows-Security-Auditing","logon_id":"95b7dcbd4922bdc5","process_id":4156,"image_path":"C:/Program Files/ApprovedAgent/agent.exe","run_as":"svc-agent","publisher":"Approved Software Team","update_state":"installed","agent_build":"2026.09.1"},{"timestamp":"2026-09-14T01:38:51.900Z","computer":"srv-228","event_id":4728,"record_id":102197,"user":"deployment-admin","source_ip":"10.12.4.17","target":"Project-Readers","logon_type":null,"change_ticket":"CHG-DEPLOY-18","result":"success","channel":"Security","provider":"Microsoft-Windows-Security-Auditing","logon_id":"95b7dcbd4922bdc5","process_id":14129,"image_path":"","run_as":"","publisher":"","update_state":"installed","agent_build":"2026.09.2"},{"timestamp":"2026-09-14T01:38:54.600Z","computer":"srv-117","event_id":4697,"record_id":102198,"user":"employee-241","source_ip":"10.11.2.26","target":"ApprovedAgent","logon_type":null,"change_ticket":"CHG-DEPLOY-18","result":"success","channel":"Security","provider":"Microsoft-Windows-Security-Auditing","logon_id":"95b7dcbd4922bdc5","process_id":25629,"image_path":"C:/Program Files/ApprovedAgent/agent.exe","run_as":"svc-agent","publisher":"Approved Software Team","update_state":"installed","agent_build":"2026.09.3"},{"timestamp":"2026-09-14T01:38:57.300Z","computer":"srv-117","event_id":4624,"record_id":102199,"user":"employee-353","source_ip":"10.11.2.26","target":"logon-session","logon_type":2,"change_ticket":"","result":"success","channel":"Security","provider":"Microsoft-Windows-Security-Auditing","logon_id":"95b7dcbd4922bdc5","process_id":7209,"image_path":"","run_as":"","publisher":"","update_state":"installed","agent_build":"2026.09.4"},{"timestamp":"2026-09-14T01:39:00.000Z","computer":"srv-073","event_id":4624,"record_id":102200,"user":"employee-79","source_ip":"10.10.4.22","target":"logon-session","logon_type":3,"change_ticket":"","result":"success","channel":"Security","provider":"Microsoft-Windows-Security-Auditing","logon_id":"36130ffe74cc1b78","process_id":15235,"image_path":"","run_as":"","publisher":"","update_state":"installed","agent_build":"2026.09.1"},{"timestamp":"2026-09-14T01:39:02.700Z","computer":"srv-106","event_id":4634,"record_id":102201,"user":"employee-24","source_ip":"10.11.2.15","target":"logon-session","logon_type":10,"change_ticket":"","result":"success","channel":"Security","provider":"Microsoft-Windows-Security-Auditing","logon_id":"36130ffe74cc1b78","process_id":12917,"image_path":"","run_as":"","publisher":"","update_state":"restart-pending","agent_build":"2026.09.2"},{"timestamp":"2026-09-14T01:39:05.400Z","computer":"srv-089","event_id":4688,"record_id":102202,"user":"employee-157","source_ip":"10.11.1.18","target":"logon-session","logon_type":null,"change_ticket":"","result":"success","channel":"Security","provider":"Microsoft-Windows-Security-Auditing","logon_id":"36130ffe74cc1b78","process_id":12455,"image_path":"C:/Program Files/ApprovedAgent/agent.exe","run_as":"","publisher":"Approved Software Team","update_state":"installed","agent_build":"2026.09.3"},{"timestamp":"2026-09-14T01:39:08.100Z","computer":"srv-021","event_id":4625,"record_id":102203,"user":"employee-452","source_ip":"10.10.2.10","target":"logon-session","logon_type":3,"change_ticket":"","result":"failure","channel":"Security","provider":"Microsoft-Windows-Security-Auditing","logon_id":"36130ffe74cc1b78","process_id":18292,"image_path":"","run_as":"","publisher":"","update_state":"installed","agent_build":"2026.09.4"},{"timestamp":"2026-09-14T01:39:10.800Z","computer":"srv-231","event_id":4698,"record_id":102204,"user":"employee-268","source_ip":"10.12.4.20","target":"Approved-Maintenance","logon_type":null,"change_ticket":"CHG-DEPLOY-18","result":"success","channel":"Security","provider":"Microsoft-Windows-Security-Auditing","logon_id":"fc2e828f673986a4","process_id":10225,"image_path":"C:/Program Files/ApprovedAgent/agent.exe","run_as":"svc-agent","publisher":"Approved Software Team","update_state":"installed","agent_build":"2026.09.1"},{"timestamp":"2026-09-14T01:39:13.500Z","computer":"srv-155","event_id":4728,"record_id":102205,"user":"employee-155","source_ip":"10.11.4.24","target":"Project-Readers","logon_type":null,"change_ticket":"CHG-DEPLOY-18","result":"success","channel":"Security","provider":"Microsoft-Windows-Security-Auditing","logon_id":"fc2e828f673986a4","process_id":24390,"image_path":"","run_as":"","publisher":"","update_state":"installed","agent_build":"2026.09.2"},{"timestamp":"2026-09-14T01:39:16.200Z","computer":"srv-085","event_id":4697,"record_id":102206,"user":"employee-274","source_ip":"10.11.1.14","target":"ApprovedAgent","logon_type":null,"change_ticket":"CHG-DEPLOY-18","result":"success","channel":"Security","provider":"Microsoft-Windows-Security-Auditing","logon_id":"fc2e828f673986a4","process_id":18959,"image_path":"C:/Program Files/ApprovedAgent/agent.exe","run_as":"svc-agent","publisher":"Approved Software Team","update_state":"installed","agent_build":"2026.09.3"},{"timestamp":"2026-09-14T01:39:18.900Z","computer":"srv-207","event_id":4624,"record_id":102207,"user":"employee-464","source_ip":"10.12.3.16","target":"logon-session","logon_type":10,"change_ticket":"","result":"success","channel":"Security","provider":"Microsoft-Windows-Security-Auditing","logon_id":"fc2e828f673986a4","process_id":3679,"image_path":"","run_as":"","publisher":"","update_state":"installed","agent_build":"2026.09.4"},{"timestamp":"2026-09-14T01:39:21.600Z","computer":"srv-176","event_id":4624,"record_id":102208,"user":"employee-436","source_ip":"10.12.1.25","target":"logon-session","logon_type":2,"change_ticket":"","result":"success","channel":"Security","provider":"Microsoft-Windows-Security-Auditing","logon_id":"f2a7ab4230c07395","process_id":2004,"image_path":"","run_as":"","publisher":"","update_state":"installed","agent_build":"2026.09.1"},{"timestamp":"2026-09-14T01:39:24.300Z","computer":"srv-147","event_id":4634,"record_id":102209,"user":"employee-297","source_ip":"10.11.4.16","target":"logon-session","logon_type":3,"change_ticket":"","result":"success","channel":"Security","provider":"Microsoft-Windows-Security-Auditing","logon_id":"f2a7ab4230c07395","process_id":8156,"image_path":"","run_as":"","publisher":"","update_state":"failed","agent_build":"2026.09.2"},{"timestamp":"2026-09-14T01:39:27.000Z","computer":"srv-078","event_id":4688,"record_id":102210,"user":"deployment-admin","source_ip":"10.10.4.27","target":"logon-session","logon_type":null,"change_ticket":"","result":"success","channel":"Security","provider":"Microsoft-Windows-Security-Auditing","logon_id":"f2a7ab4230c07395","process_id":15255,"image_path":"C:/Program Files/ApprovedAgent/agent.exe","run_as":"","publisher":"Approved Software Team","update_state":"installed","agent_build":"2026.09.3"},{"timestamp":"2026-09-14T01:39:29.700Z","computer":"srv-126","event_id":4625,"record_id":102211,"user":"employee-435","source_ip":"10.11.3.15","target":"logon-session","logon_type":2,"change_ticket":"","result":"failure","channel":"Security","provider":"Microsoft-Windows-Security-Auditing","logon_id":"f2a7ab4230c07395","process_id":13588,"image_path":"","run_as":"","publisher":"","update_state":"installed","agent_build":"2026.09.4"},{"timestamp":"2026-09-14T01:39:32.400Z","computer":"srv-208","event_id":4698,"record_id":102212,"user":"employee-273","source_ip":"10.12.3.17","target":"Approved-Maintenance","logon_type":null,"change_ticket":"CHG-DEPLOY-18","result":"success","channel":"Security","provider":"Microsoft-Windows-Security-Auditing","logon_id":"5c9f3359004c96bc","process_id":15198,"image_path":"C:/Program Files/ApprovedAgent/agent.exe","run_as":"svc-agent","publisher":"Approved Software Team","update_state":"installed","agent_build":"2026.09.1"},{"timestamp":"2026-09-14T01:39:35.100Z","computer":"srv-065","event_id":4728,"record_id":102213,"user":"employee-31","source_ip":"10.10.4.14","target":"Project-Readers","logon_type":null,"change_ticket":"CHG-DEPLOY-18","result":"success","channel":"Security","provider":"Microsoft-Windows-Security-Auditing","logon_id":"5c9f3359004c96bc","process_id":11145,"image_path":"","run_as":"","publisher":"","update_state":"installed","agent_build":"2026.09.2"},{"timestamp":"2026-09-14T01:39:37.800Z","computer":"srv-054","event_id":4697,"record_id":102214,"user":"employee-193","source_ip":"10.10.3.23","target":"ApprovedAgent","logon_type":null,"change_ticket":"CHG-DEPLOY-18","result":"success","channel":"Security","provider":"Microsoft-Windows-Security-Auditing","logon_id":"5c9f3359004c96bc","process_id":16665,"image_path":"C:/Program Files/ApprovedAgent/agent.exe","run_as":"svc-agent","publisher":"Approved Software Team","update_state":"installed","agent_build":"2026.09.3"},{"timestamp":"2026-09-14T01:39:40.500Z","computer":"srv-060","event_id":4624,"record_id":102215,"user":"employee-311","source_ip":"10.10.3.29","target":"logon-session","logon_type":3,"change_ticket":"","result":"success","channel":"Security","provider":"Microsoft-Windows-Security-Auditing","logon_id":"5c9f3359004c96bc","process_id":25310,"image_path":"","run_as":"","publisher":"","update_state":"installed","agent_build":"2026.09.4"},{"timestamp":"2026-09-14T01:39:43.200Z","computer":"srv-047","event_id":4624,"record_id":102216,"user":"employee-476","source_ip":"10.10.3.16","target":"logon-session","logon_type":10,"change_ticket":"","result":"success","channel":"Security","provider":"Microsoft-Windows-Security-Auditing","logon_id":"faeb223110a33208","process_id":15754,"image_path":"","run_as":"","publisher":"","update_state":"installed","agent_build":"2026.09.1"},{"timestamp":"2026-09-14T01:39:45.900Z","computer":"srv-162","event_id":4634,"record_id":102217,"user":"employee-94","source_ip":"10.12.1.11","target":"logon-session","logon_type":2,"change_ticket":"","result":"success","channel":"Security","provider":"Microsoft-Windows-Security-Auditing","logon_id":"faeb223110a33208","process_id":22408,"image_path":"","run_as":"","publisher":"","update_state":"installed","agent_build":"2026.09.2"},{"timestamp":"2026-09-14T01:39:48.600Z","computer":"srv-181","event_id":4688,"record_id":102218,"user":"employee-150","source_ip":"10.12.2.10","target":"logon-session","logon_type":null,"change_ticket":"","result":"success","channel":"Security","provider":"Microsoft-Windows-Security-Auditing","logon_id":"faeb223110a33208","process_id":15134,"image_path":"C:/Program Files/ApprovedAgent/agent.exe","run_as":"","publisher":"Approved Software Team","update_state":"installed","agent_build":"2026.09.3"},{"timestamp":"2026-09-14T01:39:51.300Z","computer":"srv-080","event_id":4625,"record_id":102219,"user":"employee-342","source_ip":"10.10.4.29","target":"logon-session","logon_type":10,"change_ticket":"","result":"failure","channel":"Security","provider":"Microsoft-Windows-Security-Auditing","logon_id":"faeb223110a33208","process_id":10206,"image_path":"","run_as":"","publisher":"","update_state":"installed","agent_build":"2026.09.4"},{"timestamp":"2026-09-14T01:39:54.000Z","computer":"srv-124","event_id":4698,"record_id":102220,"user":"employee-413","source_ip":"10.11.3.13","target":"Approved-Maintenance","logon_type":null,"change_ticket":"CHG-DEPLOY-18","result":"success","channel":"Security","provider":"Microsoft-Windows-Security-Auditing","logon_id":"d90cdf42f943489b","process_id":4985,"image_path":"C:/Program Files/ApprovedAgent/agent.exe","run_as":"svc-agent","publisher":"Approved Software Team","update_state":"installed","agent_build":"2026.09.1"},{"timestamp":"2026-09-14T01:39:56.700Z","computer":"srv-214","event_id":4728,"record_id":102221,"user":"employee-398","source_ip":"10.12.3.23","target":"Project-Readers","logon_type":null,"change_ticket":"CHG-DEPLOY-18","result":"success","channel":"Security","provider":"Microsoft-Windows-Security-Auditing","logon_id":"d90cdf42f943489b","process_id":16794,"image_path":"","run_as":"","publisher":"","update_state":"installed","agent_build":"2026.09.2"},{"timestamp":"2026-09-14T01:39:59.400Z","computer":"srv-109","event_id":4697,"record_id":102222,"user":"employee-376","source_ip":"10.11.2.18","target":"ApprovedAgent","logon_type":null,"change_ticket":"CHG-DEPLOY-18","result":"success","channel":"Security","provider":"Microsoft-Windows-Security-Auditing","logon_id":"d90cdf42f943489b","process_id":10138,"image_path":"C:/Program Files/ApprovedAgent/agent.exe","run_as":"svc-agent","publisher":"Approved Software Team","update_state":"installed","agent_build":"2026.09.3"},{"timestamp":"2026-09-14T01:40:02.100Z","computer":"srv-224","event_id":4624,"record_id":102223,"user":"deployment-admin","source_ip":"10.12.4.13","target":"logon-session","logon_type":2,"change_ticket":"","result":"success","channel":"Security","provider":"Microsoft-Windows-Security-Auditing","logon_id":"d90cdf42f943489b","process_id":10627,"image_path":"","run_as":"","publisher":"","update_state":"installed","agent_build":"2026.09.4"},{"timestamp":"2026-09-14T01:40:04.800Z","computer":"srv-105","event_id":4624,"record_id":102224,"user":"employee-338","source_ip":"10.11.2.14","target":"logon-session","logon_type":3,"change_ticket":"","result":"success","channel":"Security","provider":"Microsoft-Windows-Security-Auditing","logon_id":"2b464e6e606a563e","process_id":20355,"image_path":"","run_as":"","publisher":"","update_state":"installed","agent_build":"2026.09.1"},{"timestamp":"2026-09-14T01:40:07.500Z","computer":"srv-223","event_id":4634,"record_id":102225,"user":"employee-27","source_ip":"10.12.4.12","target":"logon-session","logon_type":10,"change_ticket":"","result":"success","channel":"Security","provider":"Microsoft-Windows-Security-Auditing","logon_id":"2b464e6e606a563e","process_id":5631,"image_path":"","run_as":"","publisher":"","update_state":"installed","agent_build":"2026.09.2"},