{"timestamp":"2026-09-14T02:46:57.000Z","computer":"srv-226","event_id":4697,"record_id":103710,"user":"employee-2","source_ip":"10.12.4.15","target":"ApprovedAgent","logon_type":null,"change_ticket":"CHG-DEPLOY-18","result":"success","channel":"Security","provider":"Microsoft-Windows-Security-Auditing","logon_id":"b350e65948046265","process_id":15244,"image_path":"C:/Program Files/ApprovedAgent/agent.exe","run_as":"svc-agent","publisher":"Approved Software Team","update_state":"installed","agent_build":"2026.09.3"},{"timestamp":"2026-09-14T02:46:59.700Z","computer":"srv-226","event_id":4624,"record_id":103711,"user":"employee-342","source_ip":"10.12.4.15","target":"logon-session","logon_type":2,"change_ticket":"","result":"success","channel":"Security","provider":"Microsoft-Windows-Security-Auditing","logon_id":"b350e65948046265","process_id":2982,"image_path":"","run_as":"","publisher":"","update_state":"installed","agent_build":"2026.09.4"},{"timestamp":"2026-09-14T02:47:02.400Z","computer":"srv-154","event_id":4624,"record_id":103712,"user":"employee-167","source_ip":"10.11.4.23","target":"logon-session","logon_type":3,"change_ticket":"","result":"success","channel":"Security","provider":"Microsoft-Windows-Security-Auditing","logon_id":"b7a21b357202b3ae","process_id":12617,"image_path":"","run_as":"","publisher":"","update_state":"installed","agent_build":"2026.09.1"},{"timestamp":"2026-09-14T02:47:05.100Z","computer":"srv-223","event_id":4634,"record_id":103713,"user":"employee-477","source_ip":"10.12.4.12","target":"logon-session","logon_type":10,"change_ticket":"","result":"success","channel":"Security","provider":"Microsoft-Windows-Security-Auditing","logon_id":"b7a21b357202b3ae","process_id":2296,"image_path":"","run_as":"","publisher":"","update_state":"failed","agent_build":"2026.09.2"},{"timestamp":"2026-09-14T02:47:07.800Z","computer":"srv-231","event_id":4688,"record_id":103714,"user":"employee-144","source_ip":"10.12.4.20","target":"logon-session","logon_type":null,"change_ticket":"","result":"success","channel":"Security","provider":"Microsoft-Windows-Security-Auditing","logon_id":"b7a21b357202b3ae","process_id":4905,"image_path":"C:/Program Files/ApprovedAgent/agent.exe","run_as":"","publisher":"Approved Software Team","update_state":"installed","agent_build":"2026.09.3"},{"timestamp":"2026-09-14T02:47:10.500Z","computer":"srv-063","event_id":4625,"record_id":103715,"user":"employee-342","source_ip":"10.10.4.12","target":"logon-session","logon_type":3,"change_ticket":"","result":"failure","channel":"Security","provider":"Microsoft-Windows-Security-Auditing","logon_id":"b7a21b357202b3ae","process_id":21662,"image_path":"","run_as":"","publisher":"","update_state":"installed","agent_build":"2026.09.4"},{"timestamp":"2026-09-14T02:47:13.200Z","computer":"srv-226","event_id":4698,"record_id":103716,"user":"employee-468","source_ip":"10.12.4.15","target":"Approved-Maintenance","logon_type":null,"change_ticket":"CHG-DEPLOY-18","result":"success","channel":"Security","provider":"Microsoft-Windows-Security-Auditing","logon_id":"527dffb3995d29b9","process_id":10543,"image_path":"C:/Program Files/ApprovedAgent/agent.exe","run_as":"svc-agent","publisher":"Approved Software Team","update_state":"installed","agent_build":"2026.09.1"},{"timestamp":"2026-09-14T02:47:15.900Z","computer":"srv-064","event_id":4728,"record_id":103717,"user":"employee-108","source_ip":"10.10.4.13","target":"Project-Readers","logon_type":null,"change_ticket":"CHG-DEPLOY-18","result":"success","channel":"Security","provider":"Microsoft-Windows-Security-Auditing","logon_id":"527dffb3995d29b9","process_id":9678,"image_path":"","run_as":"","publisher":"","update_state":"no-report","agent_build":"2026.09.2"},{"timestamp":"2026-09-14T02:47:18.600Z","computer":"srv-082","event_id":4697,"record_id":103718,"user":"deployment-admin","source_ip":"10.11.1.11","target":"ApprovedAgent","logon_type":null,"change_ticket":"CHG-DEPLOY-18","result":"success","channel":"Security","provider":"Microsoft-Windows-Security-Auditing","logon_id":"527dffb3995d29b9","process_id":16747,"image_path":"C:/Program Files/ApprovedAgent/agent.exe","run_as":"svc-agent","publisher":"Approved Software Team","update_state":"installed","agent_build":"2026.09.3"},{"timestamp":"2026-09-14T02:47:21.300Z","computer":"srv-019","event_id":4624,"record_id":103719,"user":"employee-341","source_ip":"10.10.1.28","target":"logon-session","logon_type":10,"change_ticket":"","result":"success","channel":"Security","provider":"Microsoft-Windows-Security-Auditing","logon_id":"527dffb3995d29b9","process_id":19210,"image_path":"","run_as":"","publisher":"","update_state":"installed","agent_build":"2026.09.4"},{"timestamp":"2026-09-14T02:47:24.000Z","computer":"srv-105","event_id":4624,"record_id":103720,"user":"employee-337","source_ip":"10.11.2.14","target":"logon-session","logon_type":2,"change_ticket":"","result":"success","channel":"Security","provider":"Microsoft-Windows-Security-Auditing","logon_id":"89900176e320e5a6","process_id":9865,"image_path":"","run_as":"","publisher":"","update_state":"restart-pending","agent_build":"2026.09.1"},{"timestamp":"2026-09-14T02:47:26.700Z","computer":"srv-038","event_id":4634,"record_id":103721,"user":"employee-362","source_ip":"10.10.2.27","target":"logon-session","logon_type":3,"change_ticket":"","result":"success","channel":"Security","provider":"Microsoft-Windows-Security-Auditing","logon_id":"89900176e320e5a6","process_id":15632,"image_path":"","run_as":"","publisher":"","update_state":"installed","agent_build":"2026.09.2"},{"timestamp":"2026-09-14T02:47:29.400Z","computer":"srv-003","event_id":4688,"record_id":103722,"user":"employee-381","source_ip":"10.10.1.12","target":"logon-session","logon_type":null,"change_ticket":"","result":"success","channel":"Security","provider":"Microsoft-Windows-Security-Auditing","logon_id":"89900176e320e5a6","process_id":11198,"image_path":"C:/Program Files/ApprovedAgent/agent.exe","run_as":"","publisher":"Approved Software Team","update_state":"installed","agent_build":"2026.09.3"},{"timestamp":"2026-09-14T02:47:32.100Z","computer":"srv-044","event_id":4625,"record_id":103723,"user":"employee-127","source_ip":"10.10.3.13","target":"logon-session","logon_type":2,"change_ticket":"","result":"failure","channel":"Security","provider":"Microsoft-Windows-Security-Auditing","logon_id":"89900176e320e5a6","process_id":19644,"image_path":"","run_as":"","publisher":"","update_state":"installed","agent_build":"2026.09.4"},{"timestamp":"2026-09-14T02:47:34.800Z","computer":"srv-067","event_id":4698,"record_id":103724,"user":"employee-72","source_ip":"10.10.4.16","target":"Approved-Maintenance","logon_type":null,"change_ticket":"CHG-DEPLOY-18","result":"success","channel":"Security","provider":"Microsoft-Windows-Security-Auditing","logon_id":"c99958f37e916e0a","process_id":19382,"image_path":"C:/Program Files/ApprovedAgent/agent.exe","run_as":"svc-agent","publisher":"Approved Software Team","update_state":"installed","agent_build":"2026.09.1"},{"timestamp":"2026-09-14T02:47:37.500Z","computer":"srv-044","event_id":4728,"record_id":103725,"user":"employee-349","source_ip":"10.10.3.13","target":"Project-Readers","logon_type":null,"change_ticket":"CHG-DEPLOY-18","result":"success","channel":"Security","provider":"Microsoft-Windows-Security-Auditing","logon_id":"c99958f37e916e0a","process_id":21653,"image_path":"","run_as":"","publisher":"","update_state":"installed","agent_build":"2026.09.2"},{"timestamp":"2026-09-14T02:47:40.200Z","computer":"srv-043","event_id":4697,"record_id":103726,"user":"employee-326","source_ip":"10.10.3.12","target":"ApprovedAgent","logon_type":null,"change_ticket":"CHG-DEPLOY-18","result":"success","channel":"Security","provider":"Microsoft-Windows-Security-Auditing","logon_id":"c99958f37e916e0a","process_id":22981,"image_path":"C:/Program Files/ApprovedAgent/agent.exe","run_as":"svc-agent","publisher":"Approved Software Team","update_state":"installed","agent_build":"2026.09.3"},{"timestamp":"2026-09-14T02:47:42.900Z","computer":"srv-126","event_id":4624,"record_id":103727,"user":"employee-385","source_ip":"10.11.3.15","target":"logon-session","logon_type":3,"change_ticket":"","result":"success","channel":"Security","provider":"Microsoft-Windows-Security-Auditing","logon_id":"c99958f37e916e0a","process_id":4690,"image_path":"","run_as":"","publisher":"","update_state":"installed","agent_build":"2026.09.4"},{"timestamp":"2026-09-14T02:47:45.600Z","computer":"srv-074","event_id":4624,"record_id":103728,"user":"employee-444","source_ip":"10.10.4.23","target":"logon-session","logon_type":10,"change_ticket":"","result":"success","channel":"Security","provider":"Microsoft-Windows-Security-Auditing","logon_id":"97cd50c4cc8ced9b","process_id":14202,"image_path":"","run_as":"","publisher":"","update_state":"installed","agent_build":"2026.09.1"},{"timestamp":"2026-09-14T02:47:48.300Z","computer":"srv-042","event_id":4634,"record_id":103729,"user":"employee-196","source_ip":"10.10.3.11","target":"logon-session","logon_type":2,"change_ticket":"","result":"success","channel":"Security","provider":"Microsoft-Windows-Security-Auditing","logon_id":"97cd50c4cc8ced9b","process_id":6973,"image_path":"","run_as":"","publisher":"","update_state":"installed","agent_build":"2026.09.2"},{"timestamp":"2026-09-14T02:47:51.000Z","computer":"srv-074","event_id":4688,"record_id":103730,"user":"employee-103","source_ip":"10.10.4.23","target":"logon-session","logon_type":null,"change_ticket":"","result":"success","channel":"Security","provider":"Microsoft-Windows-Security-Auditing","logon_id":"97cd50c4cc8ced9b","process_id":13862,"image_path":"C:/Program Files/ApprovedAgent/agent.exe","run_as":"","publisher":"Approved Software Team","update_state":"installed","agent_build":"2026.09.3"},{"timestamp":"2026-09-14T02:47:53.700Z","computer":"srv-075","event_id":4625,"record_id":103731,"user":"deployment-admin","source_ip":"10.10.4.24","target":"logon-session","logon_type":10,"change_ticket":"","result":"failure","channel":"Security","provider":"Microsoft-Windows-Security-Auditing","logon_id":"97cd50c4cc8ced9b","process_id":20045,"image_path":"","run_as":"","publisher":"","update_state":"installed","agent_build":"2026.09.4"},{"timestamp":"2026-09-14T02:47:56.400Z","computer":"srv-137","event_id":4698,"record_id":103732,"user":"employee-19","source_ip":"10.11.3.26","target":"Approved-Maintenance","logon_type":null,"change_ticket":"CHG-DEPLOY-18","result":"success","channel":"Security","provider":"Microsoft-Windows-Security-Auditing","logon_id":"47d76b15fa5ed25d","process_id":15448,"image_path":"C:/Program Files/ApprovedAgent/agent.exe","run_as":"svc-agent","publisher":"Approved Software Team","update_state":"installed","agent_build":"2026.09.1"},{"timestamp":"2026-09-14T02:47:59.100Z","computer":"srv-049","event_id":4728,"record_id":103733,"user":"employee-273","source_ip":"10.10.3.18","target":"Project-Readers","logon_type":null,"change_ticket":"CHG-DEPLOY-18","result":"success","channel":"Security","provider":"Microsoft-Windows-Security-Auditing","logon_id":"47d76b15fa5ed25d","process_id":24249,"image_path":"","run_as":"","publisher":"","update_state":"installed","agent_build":"2026.09.2"},{"timestamp":"2026-09-14T02:48:01.800Z","computer":"srv-230","event_id":4697,"record_id":103734,"user":"employee-246","source_ip":"10.12.4.19","target":"ApprovedAgent","logon_type":null,"change_ticket":"CHG-DEPLOY-18","result":"success","channel":"Security","provider":"Microsoft-Windows-Security-Auditing","logon_id":"47d76b15fa5ed25d","process_id":17858,"image_path":"C:/Program Files/ApprovedAgent/agent.exe","run_as":"svc-agent","publisher":"Approved Software Team","update_state":"installed","agent_build":"2026.09.3"},{"timestamp":"2026-09-14T02:48:04.500Z","computer":"srv-201","event_id":4624,"record_id":103735,"user":"employee-119","source_ip":"10.12.3.10","target":"logon-session","logon_type":2,"change_ticket":"","result":"success","channel":"Security","provider":"Microsoft-Windows-Security-Auditing","logon_id":"47d76b15fa5ed25d","process_id":25408,"image_path":"","run_as":"","publisher":"","update_state":"installed","agent_build":"2026.09.4"},{"timestamp":"2026-09-14T02:48:07.200Z","computer":"srv-137","event_id":4624,"record_id":103736,"user":"employee-38","source_ip":"10.11.3.26","target":"logon-session","logon_type":3,"change_ticket":"","result":"success","channel":"Security","provider":"Microsoft-Windows-Security-Auditing","logon_id":"0b50f4671d5ae968","process_id":24210,"image_path":"","run_as":"","publisher":"","update_state":"installed","agent_build":"2026.09.1"},{"timestamp":"2026-09-14T02:48:09.900Z","computer":"srv-125","event_id":4634,"record_id":103737,"user":"employee-82","source_ip":"10.11.3.14","target":"logon-session","logon_type":10,"change_ticket":"","result":"success","channel":"Security","provider":"Microsoft-Windows-Security-Auditing","logon_id":"0b50f4671d5ae968","process_id":14147,"image_path":"","run_as":"","publisher":"","update_state":"installed","agent_build":"2026.09.2"},{"timestamp":"2026-09-14T02:48:12.600Z","computer":"srv-095","event_id":4688,"record_id":103738,"user":"employee-317","source_ip":"10.11.1.24","target":"logon-session","logon_type":null,"change_ticket":"","result":"success","channel":"Security","provider":"Microsoft-Windows-Security-Auditing","logon_id":"0b50f4671d5ae968","process_id":4154,"image_path":"C:/Program Files/ApprovedAgent/agent.exe","run_as":"","publisher":"Approved Software Team","update_state":"installed","agent_build":"2026.09.3"},{"timestamp":"2026-09-14T02:48:15.300Z","computer":"srv-135","event_id":4625,"record_id":103739,"user":"employee-273","source_ip":"10.11.3.24","target":"logon-session","logon_type":3,"change_ticket":"","result":"failure","channel":"Security","provider":"Microsoft-Windows-Security-Auditing","logon_id":"0b50f4671d5ae968","process_id":7284,"image_path":"","run_as":"","publisher":"","update_state":"installed","agent_build":"2026.09.4"},{"timestamp":"2026-09-14T02:48:18.000Z","computer":"srv-099","event_id":4698,"record_id":103740,"user":"employee-433","source_ip":"10.11.1.28","target":"Approved-Maintenance","logon_type":null,"change_ticket":"CHG-DEPLOY-18","result":"success","channel":"Security","provider":"Microsoft-Windows-Security-Auditing","logon_id":"efea19b684a95807","process_id":14708,"image_path":"C:/Program Files/ApprovedAgent/agent.exe","run_as":"svc-agent","publisher":"Approved Software Team","update_state":"installed","agent_build":"2026.09.1"},{"timestamp":"2026-09-14T02:48:20.700Z","computer":"srv-088","event_id":4728,"record_id":103741,"user":"employee-289","source_ip":"10.11.1.17","target":"Project-Readers","logon_type":null,"change_ticket":"CHG-DEPLOY-18","result":"success","channel":"Security","provider":"Microsoft-Windows-Security-Auditing","logon_id":"efea19b684a95807","process_id":20969,"image_path":"","run_as":"","publisher":"","update_state":"installed","agent_build":"2026.09.2"},{"timestamp":"2026-09-14T02:48:23.400Z","computer":"srv-127","event_id":4697,"record_id":103742,"user":"employee-436","source_ip":"10.11.3.16","target":"ApprovedAgent","logon_type":null,"change_ticket":"CHG-DEPLOY-18","result":"success","channel":"Security","provider":"Microsoft-Windows-Security-Auditing","logon_id":"efea19b684a95807","process_id":6262,"image_path":"C:/Program Files/ApprovedAgent/agent.exe","run_as":"svc-agent","publisher":"Approved Software Team","update_state":"installed","agent_build":"2026.09.3"},{"timestamp":"2026-09-14T02:48:26.100Z","computer":"srv-043","event_id":4624,"record_id":103743,"user":"employee-381","source_ip":"10.10.3.12","target":"logon-session","logon_type":10,"change_ticket":"","result":"success","channel":"Security","provider":"Microsoft-Windows-Security-Auditing","logon_id":"efea19b684a95807","process_id":15591,"image_path":"","run_as":"","publisher":"","update_state":"installed","agent_build":"2026.09.4"},{"timestamp":"2026-09-14T02:48:28.800Z","computer":"srv-018","event_id":4624,"record_id":103744,"user":"deployment-admin","source_ip":"10.10.1.27","target":"logon-session","logon_type":2,"change_ticket":"","result":"success","channel":"Security","provider":"Microsoft-Windows-Security-Auditing","logon_id":"0439c7dc415b3c79","process_id":10695,"image_path":"","run_as":"","publisher":"","update_state":"installed","agent_build":"2026.09.1"},{"timestamp":"2026-09-14T02:48:31.500Z","computer":"srv-129","event_id":4634,"record_id":103745,"user":"employee-455","source_ip":"10.11.3.18","target":"logon-session","logon_type":3,"change_ticket":"","result":"success","channel":"Security","provider":"Microsoft-Windows-Security-Auditing","logon_id":"0439c7dc415b3c79","process_id":16133,"image_path":"","run_as":"","publisher":"","update_state":"installed","agent_build":"2026.09.2"},{"timestamp":"2026-09-14T02:48:34.200Z","computer":"srv-169","event_id":4688,"record_id":103746,"user":"employee-315","source_ip":"10.12.1.18","target":"logon-session","logon_type":null,"change_ticket":"","result":"success","channel":"Security","provider":"Microsoft-Windows-Security-Auditing","logon_id":"0439c7dc415b3c79","process_id":17247,"image_path":"C:/Program Files/ApprovedAgent/agent.exe","run_as":"","publisher":"Approved Software Team","update_state":"installed","agent_build":"2026.09.3"},{"timestamp":"2026-09-14T02:48:36.900Z","computer":"srv-180","event_id":4625,"record_id":103747,"user":"employee-348","source_ip":"10.12.1.29","target":"logon-session","logon_type":2,"change_ticket":"","result":"failure","channel":"Security","provider":"Microsoft-Windows-Security-Auditing","logon_id":"0439c7dc415b3c79","process_id":23065,"image_path":"","run_as":"","publisher":"","update_state":"installed","agent_build":"2026.09.4"},{"timestamp":"2026-09-14T02:48:39.600Z","computer":"srv-218","event_id":4698,"record_id":103748,"user":"employee-68","source_ip":"10.12.3.27","target":"Approved-Maintenance","logon_type":null,"change_ticket":"CHG-DEPLOY-18","result":"success","channel":"Security","provider":"Microsoft-Windows-Security-Auditing","logon_id":"e6b902bf6251d1a9","process_id":10427,"image_path":"C:/Program Files/ApprovedAgent/agent.exe","run_as":"svc-agent","publisher":"Approved Software Team","update_state":"installed","agent_build":"2026.09.1"},{"timestamp":"2026-09-14T02:48:42.300Z","computer":"srv-017","event_id":4728,"record_id":103749,"user":"employee-24","source_ip":"10.10.1.26","target":"Project-Readers","logon_type":null,"change_ticket":"CHG-DEPLOY-18","result":"success","channel":"Security","provider":"Microsoft-Windows-Security-Auditing","logon_id":"e6b902bf6251d1a9","process_id":8104,"image_path":"","run_as":"","publisher":"","update_state":"installed","agent_build":"2026.09.2"},{"timestamp":"2026-09-14T02:48:45.000Z","computer":"srv-169","event_id":4697,"record_id":103750,"user":"employee-276","source_ip":"10.12.1.18","target":"ApprovedAgent","logon_type":null,"change_ticket":"CHG-DEPLOY-18","result":"success","channel":"Security","provider":"Microsoft-Windows-Security-Auditing","logon_id":"e6b902bf6251d1a9","process_id":9079,"image_path":"C:/Program Files/ApprovedAgent/agent.exe","run_as":"svc-agent","publisher":"Approved Software Team","update_state":"installed","agent_build":"2026.09.3"},{"timestamp":"2026-09-14T02:48:47.700Z","computer":"srv-182","event_id":4624,"record_id":103751,"user":"employee-273","source_ip":"10.12.2.11","target":"logon-session","logon_type":3,"change_ticket":"","result":"success","channel":"Security","provider":"Microsoft-Windows-Security-Auditing","logon_id":"e6b902bf6251d1a9","process_id":4607,"image_path":"","run_as":"","publisher":"","update_state":"restart-pending","agent_build":"2026.09.4"},{"timestamp":"2026-09-14T02:48:50.400Z","computer":"srv-086","event_id":4624,"record_id":103752,"user":"employee-430","source_ip":"10.11.1.15","target":"logon-session","logon_type":10,"change_ticket":"","result":"success","channel":"Security","provider":"Microsoft-Windows-Security-Auditing","logon_id":"765b66a08f3c4f42","process_id":23202,"image_path":"","run_as":"","publisher":"","update_state":"installed","agent_build":"2026.09.1"},{"timestamp":"2026-09-14T02:48:53.100Z","computer":"srv-168","event_id":4634,"record_id":103753,"user":"employee-365","source_ip":"10.12.1.17","target":"logon-session","logon_type":2,"change_ticket":"","result":"success","channel":"Security","provider":"Microsoft-Windows-Security-Auditing","logon_id":"765b66a08f3c4f42","process_id":12818,"image_path":"","run_as":"","publisher":"","update_state":"installed","agent_build":"2026.09.2"},{"timestamp":"2026-09-14T02:48:55.800Z","computer":"srv-089","event_id":4688,"record_id":103754,"user":"employee-422","source_ip":"10.11.1.18","target":"logon-session","logon_type":null,"change_ticket":"","result":"success","channel":"Security","provider":"Microsoft-Windows-Security-Auditing","logon_id":"765b66a08f3c4f42","process_id":10614,"image_path":"C:/Program Files/ApprovedAgent/agent.exe","run_as":"","publisher":"Approved Software Team","update_state":"installed","agent_build":"2026.09.3"},{"timestamp":"2026-09-14T02:48:58.500Z","computer":"srv-207","event_id":4625,"record_id":103755,"user":"employee-473","source_ip":"10.12.3.16","target":"logon-session","logon_type":10,"change_ticket":"","result":"failure","channel":"Security","provider":"Microsoft-Windows-Security-Auditing","logon_id":"765b66a08f3c4f42","process_id":2962,"image_path":"","run_as":"","publisher":"","update_state":"installed","agent_build":"2026.09.4"},{"timestamp":"2026-09-14T02:49:01.200Z","computer":"srv-032","event_id":4698,"record_id":103756,"user":"employee-151","source_ip":"10.10.2.21","target":"Approved-Maintenance","logon_type":null,"change_ticket":"CHG-DEPLOY-18","result":"success","channel":"Security","provider":"Microsoft-Windows-Security-Auditing","logon_id":"5faf102390f00c24","process_id":19161,"image_path":"C:/Program Files/ApprovedAgent/agent.exe","run_as":"svc-agent","publisher":"Approved Software Team","update_state":"installed","agent_build":"2026.09.1"},{"timestamp":"2026-09-14T02:49:03.900Z","computer":"srv-011","event_id":4728,"record_id":103757,"user":"deployment-admin","source_ip":"10.10.1.20","target":"Project-Readers","logon_type":null,"change_ticket":"CHG-DEPLOY-18","result":"success","channel":"Security","provider":"Microsoft-Windows-Security-Auditing","logon_id":"5faf102390f00c24","process_id":21461,"image_path":"","run_as":"","publisher":"","update_state":"installed","agent_build":"2026.09.2"},{"timestamp":"2026-09-14T02:49:06.600Z","computer":"srv-035","event_id":4697,"record_id":103758,"user":"employee-380","source_ip":"10.10.2.24","target":"ApprovedAgent","logon_type":null,"change_ticket":"CHG-DEPLOY-18","result":"success","channel":"Security","provider":"Microsoft-Windows-Security-Auditing","logon_id":"5faf102390f00c24","process_id":18188,"image_path":"C:/Program Files/ApprovedAgent/agent.exe","run_as":"svc-agent","publisher":"Approved Software Team","update_state":"installed","agent_build":"2026.09.3"},{"timestamp":"2026-09-14T02:49:09.300Z","computer":"srv-055","event_id":4624,"record_id":103759,"user":"employee-175","source_ip":"10.10.3.24","target":"logon-session","logon_type":2,"change_ticket":"","result":"success","channel":"Security","provider":"Microsoft-Windows-Security-Auditing","logon_id":"5faf102390f00c24","process_id":1122,"image_path":"","run_as":"","publisher":"","update_state":"installed","agent_build":"2026.09.4"},{"timestamp":"2026-09-14T02:49:12.000Z","computer":"srv-128","event_id":4624,"record_id":103760,"user":"employee-451","source_ip":"10.11.3.17","target":"logon-session","logon_type":3,"change_ticket":"","result":"success","channel":"Security","provider":"Microsoft-Windows-Security-Auditing","logon_id":"85568052d57b39aa","process_id":3300,"image_path":"","run_as":"","publisher":"","update_state":"failed","agent_build":"2026.09.1"},{"timestamp":"2026-09-14T02:49:14.700Z","computer":"srv-091","event_id":4634,"record_id":103761,"user":"employee-460","source_ip":"10.11.1.20","target":"logon-session","logon_type":10,"change_ticket":"","result":"success","channel":"Security","provider":"Microsoft-Windows-Security-Auditing","logon_id":"85568052d57b39aa","process_id":23759,"image_path":"","run_as":"","publisher":"","update_state":"installed","agent_build":"2026.09.2"},{"timestamp":"2026-09-14T02:49:17.400Z","computer":"srv-145","event_id":4688,"record_id":103762,"user":"employee-75","source_ip":"10.11.4.14","target":"logon-session","logon_type":null,"change_ticket":"","result":"success","channel":"Security","provider":"Microsoft-Windows-Security-Auditing","logon_id":"85568052d57b39aa","process_id":14994,"image_path":"C:/Program Files/ApprovedAgent/agent.exe","run_as":"","publisher":"Approved Software Team","update_state":"installed","agent_build":"2026.09.3"},{"timestamp":"2026-09-14T02:49:20.100Z","computer":"srv-014","event_id":4625,"record_id":103763,"user":"employee-395","source_ip":"10.10.1.23","target":"logon-session","logon_type":3,"change_ticket":"","result":"failure","channel":"Security","provider":"Microsoft-Windows-Security-Auditing","logon_id":"85568052d57b39aa","process_id":13352,"image_path":"","run_as":"","publisher":"","update_state":"installed","agent_build":"2026.09.4"},{"timestamp":"2026-09-14T02:49:22.800Z","computer":"srv-097","event_id":4698,"record_id":103764,"user":"employee-329","source_ip":"10.11.1.26","target":"Approved-Maintenance","logon_type":null,"change_ticket":"CHG-DEPLOY-18","result":"success","channel":"Security","provider":"Microsoft-Windows-Security-Auditing","logon_id":"802c81a4a0a65c18","process_id":8594,"image_path":"C:/Program Files/ApprovedAgent/agent.exe","run_as":"svc-agent","publisher":"Approved Software Team","update_state":"installed","agent_build":"2026.09.1"},{"timestamp":"2026-09-14T02:49:25.500Z","computer":"srv-126","event_id":4728,"record_id":103765,"user":"employee-459","source_ip":"10.11.3.15","target":"Project-Readers","logon_type":null,"change_ticket":"CHG-DEPLOY-18","result":"success","channel":"Security","provider":"Microsoft-Windows-Security-Auditing","logon_id":"802c81a4a0a65c18","process_id":1778,"image_path":"","run_as":"","publisher":"","update_state":"installed","agent_build":"2026.09.2"},{"timestamp":"2026-09-14T02:49:28.200Z","computer":"srv-183","event_id":4697,"record_id":103766,"user":"employee-180","source_ip":"10.12.2.12","target":"ApprovedAgent","logon_type":null,"change_ticket":"CHG-DEPLOY-18","result":"success","channel":"Security","provider":"Microsoft-Windows-Security-Auditing","logon_id":"802c81a4a0a65c18","process_id":18818,"image_path":"C:/Program Files/ApprovedAgent/agent.exe","run_as":"svc-agent","publisher":"Approved Software Team","update_state":"installed","agent_build":"2026.09.3"},{"timestamp":"2026-09-14T02:49:30.900Z","computer":"srv-093","event_id":4624,"record_id":103767,"user":"employee-404","source_ip":"10.11.1.22","target":"logon-session","logon_type":10,"change_ticket":"","result":"success","channel":"Security","provider":"Microsoft-Windows-Security-Auditing","logon_id":"802c81a4a0a65c18","process_id":5810,"image_path":"","run_as":"","publisher":"","update_state":"installed","agent_build":"2026.09.4"},{"timestamp":"2026-09-14T02:49:33.600Z","computer":"srv-068","event_id":4624,"record_id":103768,"user":"employee-276","source_ip":"10.10.4.17","target":"logon-session","logon_type":2,"change_ticket":"","result":"success","channel":"Security","provider":"Microsoft-Windows-Security-Auditing","logon_id":"468d32a6b02e9922","process_id":15079,"image_path":"","run_as":"","publisher":"","update_state":"installed","agent_build":"2026.09.1"},{"timestamp":"2026-09-14T02:49:36.300Z","computer":"srv-097","event_id":4634,"record_id":103769,"user":"employee-259","source_ip":"10.11.1.26","target":"logon-session","logon_type":3,"change_ticket":"","result":"success","channel":"Security","provider":"Microsoft-Windows-Security-Auditing","logon_id":"468d32a6b02e9922","process_id":3957,"image_path":"","run_as":"","publisher":"","update_state":"installed","agent_build":"2026.09.2"},{"timestamp":"2026-09-14T02:49:39.000Z","computer":"srv-176","event_id":4688,"record_id":103770,"user":"deployment-admin","source_ip":"10.12.1.25","target":"logon-session","logon_type":null,"change_ticket":"","result":"success","channel":"Security","provider":"Microsoft-Windows-Security-Auditing","logon_id":"468d32a6b02e9922","process_id":10970,"image_path":"C:/Program Files/ApprovedAgent/agent.exe","run_as":"","publisher":"Approved Software Team","update_state":"installed","agent_build":"2026.09.3"},{"timestamp":"2026-09-14T02:49:41.700Z","computer":"srv-117","event_id":4625,"record_id":103771,"user":"employee-94","source_ip":"10.11.2.26","target":"logon-session","logon_type":2,"change_ticket":"","result":"failure","channel":"Security","provider":"Microsoft-Windows-Security-Auditing","logon_id":"468d32a6b02e9922","process_id":19642,"image_path":"","run_as":"","publisher":"","update_state":"installed","agent_build":"2026.09.4"},{"timestamp":"2026-09-14T02:49:44.400Z","computer":"srv-072","event_id":4698,"record_id":103772,"user":"employee-274","source_ip":"10.10.4.21","target":"Approved-Maintenance","logon_type":null,"change_ticket":"CHG-DEPLOY-18","result":"success","channel":"Security","provider":"Microsoft-Windows-Security-Auditing","logon_id":"0260c454a7483ec5","process_id":24626,"image_path":"C:/Program Files/ApprovedAgent/agent.exe","run_as":"svc-agent","publisher":"Approved Software Team","update_state":"installed","agent_build":"2026.09.1"},{"timestamp":"2026-09-14T02:49:47.100Z","computer":"srv-175","event_id":4728,"record_id":103773,"user":"employee-171","source_ip":"10.12.1.24","target":"Project-Readers","logon_type":null,"change_ticket":"CHG-DEPLOY-18","result":"success","channel":"Security","provider":"Microsoft-Windows-Security-Auditing","logon_id":"0260c454a7483ec5","process_id":14376,"image_path":"","run_as":"","publisher":"","update_state":"installed","agent_build":"2026.09.2"},{"timestamp":"2026-09-14T02:49:49.800Z","computer":"srv-153","event_id":4697,"record_id":103774,"user":"employee-154","source_ip":"10.11.4.22","target":"ApprovedAgent","logon_type":null,"change_ticket":"CHG-DEPLOY-18","result":"success","channel":"Security","provider":"Microsoft-Windows-Security-Auditing","logon_id":"0260c454a7483ec5","process_id":17234,"image_path":"C:/Program Files/ApprovedAgent/agent.exe","run_as":"svc-agent","publisher":"Approved Software Team","update_state":"installed","agent_build":"2026.09.3"},{"timestamp":"2026-09-14T02:49:52.500Z","computer":"srv-101","event_id":4624,"record_id":103775,"user":"employee-21","source_ip":"10.11.2.10","target":"logon-session","logon_type":3,"change_ticket":"","result":"success","channel":"Security","provider":"Microsoft-Windows-Security-Auditing","logon_id":"0260c454a7483ec5","process_id":11483,"image_path":"","run_as":"","publisher":"","update_state":"installed","agent_build":"2026.09.4"},{"timestamp":"2026-09-14T02:49:55.200Z","computer":"srv-046","event_id":4624,"record_id":103776,"user":"employee-445","source_ip":"10.10.3.15","target":"logon-session","logon_type":10,"change_ticket":"","result":"success","channel":"Security","provider":"Microsoft-Windows-Security-Auditing","logon_id":"ec1dfa9d68076969","process_id":2817,"image_path":"","run_as":"","publisher":"","update_state":"no-report","agent_build":"2026.09.1"},{"timestamp":"2026-09-14T02:49:57.900Z","computer":"srv-213","event_id":4634,"record_id":103777,"user":"employee-11","source_ip":"10.12.3.22","target":"logon-session","logon_type":2,"change_ticket":"","result":"success","channel":"Security","provider":"Microsoft-Windows-Security-Auditing","logon_id":"ec1dfa9d68076969","process_id":11763,"image_path":"","run_as":"","publisher":"","update_state":"installed","agent_build":"2026.09.2"},{"timestamp":"2026-09-14T02:50:00.600Z","computer":"srv-153","event_id":4688,"record_id":103778,"user":"employee-474","source_ip":"10.11.4.22","target":"logon-session","logon_type":null,"change_ticket":"","result":"success","channel":"Security","provider":"Microsoft-Windows-Security-Auditing","logon_id":"ec1dfa9d68076969","process_id":13912,"image_path":"C:/Program Files/ApprovedAgent/agent.exe","run_as":"","publisher":"Approved Software Team","update_state":"installed","agent_build":"2026.09.3"},{"timestamp":"2026-09-14T02:50:03.300Z","computer":"srv-031","event_id":4625,"record_id":103779,"user":"employee-314","source_ip":"10.10.2.20","target":"logon-session","logon_type":10,"change_ticket":"","result":"failure","channel":"Security","provider":"Microsoft-Windows-Security-Auditing","logon_id":"ec1dfa9d68076969","process_id":22016,"image_path":"","run_as":"","publisher":"","update_state":"installed","agent_build":"2026.09.4"},{"timestamp":"2026-09-14T02:50:06.000Z","computer":"srv-176","event_id":4698,"record_id":103780,"user":"employee-263","source_ip":"10.12.1.25","target":"Approved-Maintenance","logon_type":null,"change_ticket":"CHG-DEPLOY-18","result":"success","channel":"Security","provider":"Microsoft-Windows-Security-Auditing","logon_id":"0d6b68c65e408919","process_id":3573,"image_path":"C:/Program Files/ApprovedAgent/agent.exe","run_as":"svc-agent","publisher":"Approved Software Team","update_state":"installed","agent_build":"2026.09.1"},{"timestamp":"2026-09-14T02:50:08.700Z","computer":"srv-195","event_id":4728,"record_id":103781,"user":"employee-336","source_ip":"10.12.2.24","target":"Project-Readers","logon_type":null,"change_ticket":"CHG-DEPLOY-18","result":"success","channel":"Security","provider":"Microsoft-Windows-Security-Auditing","logon_id":"0d6b68c65e408919","process_id":9344,"image_path":"","run_as":"","publisher":"","update_state":"installed","agent_build":"2026.09.2"},{"timestamp":"2026-09-14T02:50:11.400Z","computer":"srv-044","event_id":4697,"record_id":103782,"user":"employee-110","source_ip":"10.10.3.13","target":"ApprovedAgent","logon_type":null,"change_ticket":"CHG-DEPLOY-18","result":"success","channel":"Security","provider":"Microsoft-Windows-Security-Auditing","logon_id":"0d6b68c65e408919","process_id":10082,"image_path":"C:/Program Files/ApprovedAgent/agent.exe","run_as":"svc-agent","publisher":"Approved Software Team","update_state":"restart-pending","agent_build":"2026.09.3"},{"timestamp":"2026-09-14T02:50:14.100Z","computer":"srv-077","event_id":4624,"record_id":103783,"user":"deployment-admin","source_ip":"10.10.4.26","target":"logon-session","logon_type":2,"change_ticket":"","result":"success","channel":"Security","provider":"Microsoft-Windows-Security-Auditing","logon_id":"0d6b68c65e408919","process_id":21196,"image_path":"","run_as":"","publisher":"","update_state":"installed","agent_build":"2026.09.4"},{"timestamp":"2026-09-14T02:50:16.800Z","computer":"srv-221","event_id":4624,"record_id":103784,"user":"employee-22","source_ip":"10.12.4.10","target":"logon-session","logon_type":3,"change_ticket":"","result":"success","channel":"Security","provider":"Microsoft-Windows-Security-Auditing","logon_id":"1d8c2a0859dab6f4","process_id":11934,"image_path":"","run_as":"","publisher":"","update_state":"installed","agent_build":"2026.09.1"},{"timestamp":"2026-09-14T02:50:19.500Z","computer":"srv-162","event_id":4634,"record_id":103785,"user":"employee-346","source_ip":"10.12.1.11","target":"logon-session","logon_type":10,"change_ticket":"","result":"success","channel":"Security","provider":"Microsoft-Windows-Security-Auditing","logon_id":"1d8c2a0859dab6f4","process_id":13239,"image_path":"","run_as":"","publisher":"","update_state":"installed","agent_build":"2026.09.2"},{"timestamp":"2026-09-14T02:50:22.200Z","computer":"srv-197","event_id":4688,"record_id":103786,"user":"employee-350","source_ip":"10.12.2.26","target":"logon-session","logon_type":null,"change_ticket":"","result":"success","channel":"Security","provider":"Microsoft-Windows-Security-Auditing","logon_id":"1d8c2a0859dab6f4","process_id":14176,"image_path":"C:/Program Files/ApprovedAgent/agent.exe","run_as":"","publisher":"Approved Software Team","update_state":"installed","agent_build":"2026.09.3"},{"timestamp":"2026-09-14T02:50:24.900Z","computer":"srv-149","event_id":4625,"record_id":103787,"user":"employee-94","source_ip":"10.11.4.18","target":"logon-session","logon_type":3,"change_ticket":"","result":"failure","channel":"Security","provider":"Microsoft-Windows-Security-Auditing","logon_id":"1d8c2a0859dab6f4","process_id":24621,"image_path":"","run_as":"","publisher":"","update_state":"installed","agent_build":"2026.09.4"},{"timestamp":"2026-09-14T02:50:27.600Z","computer":"srv-054","event_id":4698,"record_id":103788,"user":"employee-341","source_ip":"10.10.3.23","target":"Approved-Maintenance","logon_type":null,"change_ticket":"CHG-DEPLOY-18","result":"success","channel":"Security","provider":"Microsoft-Windows-Security-Auditing","logon_id":"270f3ff4f0ecfd1f","process_id":11803,"image_path":"C:/Program Files/ApprovedAgent/agent.exe","run_as":"svc-agent","publisher":"Approved Software Team","update_state":"installed","agent_build":"2026.09.1"},{"timestamp":"2026-09-14T02:50:30.300Z","computer":"srv-061","event_id":4728,"record_id":103789,"user":"employee-317","source_ip":"10.10.4.10","target":"Project-Readers","logon_type":null,"change_ticket":"CHG-DEPLOY-18","result":"success","channel":"Security","provider":"Microsoft-Windows-Security-Auditing","logon_id":"270f3ff4f0ecfd1f","process_id":20632,"image_path":"","run_as":"","publisher":"","update_state":"installed","agent_build":"2026.09.2"},{"timestamp":"2026-09-14T02:50:33.000Z","computer":"srv-145","event_id":4697,"record_id":103790,"user":"employee-168","source_ip":"10.11.4.14","target":"ApprovedAgent","logon_type":null,"change_ticket":"CHG-DEPLOY-18","result":"success","channel":"Security","provider":"Microsoft-Windows-Security-Auditing","logon_id":"270f3ff4f0ecfd1f","process_id":9311,"image_path":"C:/Program Files/ApprovedAgent/agent.exe","run_as":"svc-agent","publisher":"Approved Software Team","update_state":"installed","agent_build":"2026.09.3"},{"timestamp":"2026-09-14T02:50:35.700Z","computer":"srv-121","event_id":4624,"record_id":103791,"user":"employee-121","source_ip":"10.11.3.10","target":"logon-session","logon_type":10,"change_ticket":"","result":"success","channel":"Security","provider":"Microsoft-Windows-Security-Auditing","logon_id":"270f3ff4f0ecfd1f","process_id":7649,"image_path":"","run_as":"","publisher":"","update_state":"installed","agent_build":"2026.09.4"},{"timestamp":"2026-09-14T02:50:38.400Z","computer":"srv-048","event_id":4624,"record_id":103792,"user":"employee-251","source_ip":"10.10.3.17","target":"logon-session","logon_type":2,"change_ticket":"","result":"success","channel":"Security","provider":"Microsoft-Windows-Security-Auditing","logon_id":"64c8956eb01e6d52","process_id":10698,"image_path":"","run_as":"","publisher":"","update_state":"installed","agent_build":"2026.09.1"},{"timestamp":"2026-09-14T02:50:41.100Z","computer":"srv-069","event_id":4634,"record_id":103793,"user":"employee-260","source_ip":"10.10.4.18","target":"logon-session","logon_type":3,"change_ticket":"","result":"success","channel":"Security","provider":"Microsoft-Windows-Security-Auditing","logon_id":"64c8956eb01e6d52","process_id":19156,"image_path":"","run_as":"","publisher":"","update_state":"installed","agent_build":"2026.09.2"},{"timestamp":"2026-09-14T02:50:43.800Z","computer":"srv-007","event_id":4688,"record_id":103794,"user":"employee-457","source_ip":"10.10.1.16","target":"logon-session","logon_type":null,"change_ticket":"","result":"success","channel":"Security","provider":"Microsoft-Windows-Security-Auditing","logon_id":"64c8956eb01e6d52","process_id":12507,"image_path":"C:/Program Files/ApprovedAgent/agent.exe","run_as":"","publisher":"Approved Software Team","update_state":"installed","agent_build":"2026.09.3"},{"timestamp":"2026-09-14T02:50:46.500Z","computer":"srv-158","event_id":4625,"record_id":103795,"user":"employee-471","source_ip":"10.11.4.27","target":"logon-session","logon_type":2,"change_ticket":"","result":"failure","channel":"Security","provider":"Microsoft-Windows-Security-Auditing","logon_id":"64c8956eb01e6d52","process_id":25721,"image_path":"","run_as":"","publisher":"","update_state":"installed","agent_build":"2026.09.4"},{"timestamp":"2026-09-14T02:50:49.200Z","computer":"srv-044","event_id":4698,"record_id":103796,"user":"deployment-admin","source_ip":"10.10.3.13","target":"Approved-Maintenance","logon_type":null,"change_ticket":"CHG-DEPLOY-18","result":"success","channel":"Security","provider":"Microsoft-Windows-Security-Auditing","logon_id":"e9c8332e1bf4ee9b","process_id":3655,"image_path":"C:/Program Files/ApprovedAgent/agent.exe","run_as":"svc-agent","publisher":"Approved Software Team","update_state":"installed","agent_build":"2026.09.1"},{"timestamp":"2026-09-14T02:50:51.900Z","computer":"srv-009","event_id":4728,"record_id":103797,"user":"employee-222","source_ip":"10.10.1.18","target":"Project-Readers","logon_type":null,"change_ticket":"CHG-DEPLOY-18","result":"success","channel":"Security","provider":"Microsoft-Windows-Security-Auditing","logon_id":"e9c8332e1bf4ee9b","process_id":18449,"image_path":"","run_as":"","publisher":"","update_state":"installed","agent_build":"2026.09.2"},{"timestamp":"2026-09-14T02:50:54.600Z","computer":"srv-010","event_id":4697,"record_id":103798,"user":"employee-455","source_ip":"10.10.1.19","target":"ApprovedAgent","logon_type":null,"change_ticket":"CHG-DEPLOY-18","result":"success","channel":"Security","provider":"Microsoft-Windows-Security-Auditing","logon_id":"e9c8332e1bf4ee9b","process_id":18864,"image_path":"C:/Program Files/ApprovedAgent/agent.exe","run_as":"svc-agent","publisher":"Approved Software Team","update_state":"installed","agent_build":"2026.09.3"},{"timestamp":"2026-09-14T02:50:57.300Z","computer":"srv-112","event_id":4624,"record_id":103799,"user":"employee-315","source_ip":"10.11.2.21","target":"logon-session","logon_type":3,"change_ticket":"","result":"success","channel":"Security","provider":"Microsoft-Windows-Security-Auditing","logon_id":"e9c8332e1bf4ee9b","process_id":14827,"image_path":"","run_as":"","publisher":"","update_state":"installed","agent_build":"2026.09.4"},{"timestamp":"2026-09-14T02:51:00.000Z","computer":"srv-084","event_id":4624,"record_id":103800,"user":"employee-327","source_ip":"10.11.1.13","target":"logon-session","logon_type":10,"change_ticket":"","result":"success","channel":"Security","provider":"Microsoft-Windows-Security-Auditing","logon_id":"755c7873ecd6a31d","process_id":24971,"image_path":"","run_as":"","publisher":"","update_state":"installed","agent_build":"2026.09.1"},{"timestamp":"2026-09-14T02:51:02.700Z","computer":"srv-078","event_id":4634,"record_id":103801,"user":"employee-302","source_ip":"10.10.4.27","target":"logon-session","logon_type":2,"change_ticket":"","result":"success","channel":"Security","provider":"Microsoft-Windows-Security-Auditing","logon_id":"755c7873ecd6a31d","process_id":16380,"image_path":"","run_as":"","publisher":"","update_state":"installed","agent_build":"2026.09.2"},{"timestamp":"2026-09-14T02:51:05.400Z","computer":"srv-236","event_id":4688,"record_id":103802,"user":"employee-157","source_ip":"10.12.4.25","target":"logon-session","logon_type":null,"change_ticket":"","result":"success","channel":"Security","provider":"Microsoft-Windows-Security-Auditing","logon_id":"755c7873ecd6a31d","process_id":18664,"image_path":"C:/Program Files/ApprovedAgent/agent.exe","run_as":"","publisher":"Approved Software Team","update_state":"installed","agent_build":"2026.09.3"},{"timestamp":"2026-09-14T02:51:08.100Z","computer":"srv-156","event_id":4625,"record_id":103803,"user":"employee-361","source_ip":"10.11.4.25","target":"logon-session","logon_type":10,"change_ticket":"","result":"failure","channel":"Security","provider":"Microsoft-Windows-Security-Auditing","logon_id":"755c7873ecd6a31d","process_id":2349,"image_path":"","run_as":"","publisher":"","update_state":"installed","agent_build":"2026.09.4"},{"timestamp":"2026-09-14T02:51:10.800Z","computer":"srv-191","event_id":4698,"record_id":103804,"user":"employee-412","source_ip":"10.12.2.20","target":"Approved-Maintenance","logon_type":null,"change_ticket":"CHG-DEPLOY-18","result":"success","channel":"Security","provider":"Microsoft-Windows-Security-Auditing","logon_id":"8647ed6e3bce521e","process_id":11106,"image_path":"C:/Program Files/ApprovedAgent/agent.exe","run_as":"svc-agent","publisher":"Approved Software Team","update_state":"installed","agent_build":"2026.09.1"},{"timestamp":"2026-09-14T02:51:13.500Z","computer":"srv-132","event_id":4728,"record_id":103805,"user":"employee-215","source_ip":"10.11.3.21","target":"Project-Readers","logon_type":null,"change_ticket":"CHG-DEPLOY-18","result":"success","channel":"Security","provider":"Microsoft-Windows-Security-Auditing","logon_id":"8647ed6e3bce521e","process_id":9766,"image_path":"","run_as":"","publisher":"","update_state":"installed","agent_build":"2026.09.2"},{"timestamp":"2026-09-14T02:51:16.200Z","computer":"srv-145","event_id":4697,"record_id":103806,"user":"employee-357","source_ip":"10.11.4.14","target":"ApprovedAgent","logon_type":null,"change_ticket":"CHG-DEPLOY-18","result":"success","channel":"Security","provider":"Microsoft-Windows-Security-Auditing","logon_id":"8647ed6e3bce521e","process_id":6153,"image_path":"C:/Program Files/ApprovedAgent/agent.exe","run_as":"svc-agent","publisher":"Approved Software Team","update_state":"installed","agent_build":"2026.09.3"},{"timestamp":"2026-09-14T02:51:18.900Z","computer":"srv-204","event_id":4624,"record_id":103807,"user":"employee-192","source_ip":"10.12.3.13","target":"logon-session","logon_type":2,"change_ticket":"","result":"success","channel":"Security","provider":"Microsoft-Windows-Security-Auditing","logon_id":"8647ed6e3bce521e","process_id":22707,"image_path":"","run_as":"","publisher":"","update_state":"failed","agent_build":"2026.09.4"},{"timestamp":"2026-09-14T02:51:21.600Z","computer":"srv-230","event_id":4624,"record_id":103808,"user":"employee-480","source_ip":"10.12.4.19","target":"logon-session","logon_type":3,"change_ticket":"","result":"success","channel":"Security","provider":"Microsoft-Windows-Security-Auditing","logon_id":"4c9ba1ec7387ca78","process_id":25589,"image_path":"","run_as":"","publisher":"","update_state":"installed","agent_build":"2026.09.1"},{"timestamp":"2026-09-14T02:51:24.300Z","computer":"srv-141","event_id":4634,"record_id":103809,"user":"deployment-admin","source_ip":"10.11.4.10","target":"logon-session","logon_type":10,"change_ticket":"","result":"success","channel":"Security","provider":"Microsoft-Windows-Security-Auditing","logon_id":"4c9ba1ec7387ca78","process_id":1760,"image_path":"","run_as":"","publisher":"","update_state":"installed","agent_build":"2026.09.2"},{"timestamp":"2026-09-14T02:51:27.000Z","computer":"srv-172","event_id":4688,"record_id":103810,"user":"employee-18","source_ip":"10.12.1.21","target":"logon-session","logon_type":null,"change_ticket":"","result":"success","channel":"Security","provider":"Microsoft-Windows-Security-Auditing","logon_id":"4c9ba1ec7387ca78","process_id":12331,"image_path":"C:/Program Files/ApprovedAgent/agent.exe","run_as":"","publisher":"Approved Software Team","update_state":"installed","agent_build":"2026.09.3"},{"timestamp":"2026-09-14T02:51:29.700Z","computer":"srv-123","event_id":4625,"record_id":103811,"user":"employee-31","source_ip":"10.11.3.12","target":"logon-session","logon_type":3,"change_ticket":"","result":"failure","channel":"Security","provider":"Microsoft-Windows-Security-Auditing","logon_id":"4c9ba1ec7387ca78","process_id":18740,"image_path":"","run_as":"","publisher":"","update_state":"installed","agent_build":"2026.09.4"},{"timestamp":"2026-09-14T02:51:32.400Z","computer":"srv-086","event_id":4698,"record_id":103812,"user":"employee-256","source_ip":"10.11.1.15","target":"Approved-Maintenance","logon_type":null,"change_ticket":"CHG-DEPLOY-18","result":"success","channel":"Security","provider":"Microsoft-Windows-Security-Auditing","logon_id":"16dc24b9ac3682de","process_id":25845,"image_path":"C:/Program Files/ApprovedAgent/agent.exe","run_as":"svc-agent","publisher":"Approved Software Team","update_state":"installed","agent_build":"2026.09.1"},{"timestamp":"2026-09-14T02:51:35.100Z","computer":"srv-189","event_id":4728,"record_id":103813,"user":"employee-223","source_ip":"10.12.2.18","target":"Project-Readers","logon_type":null,"change_ticket":"CHG-DEPLOY-18","result":"success","channel":"Security","provider":"Microsoft-Windows-Security-Auditing","logon_id":"16dc24b9ac3682de","process_id":22709,"image_path":"","run_as":"","publisher":"","update_state":"restart-pending","agent_build":"2026.09.2"},{"timestamp":"2026-09-14T02:51:37.800Z","computer":"srv-126","event_id":4697,"record_id":103814,"user":"employee-94","source_ip":"10.11.3.15","target":"ApprovedAgent","logon_type":null,"change_ticket":"CHG-DEPLOY-18","result":"success","channel":"Security","provider":"Microsoft-Windows-Security-Auditing","logon_id":"16dc24b9ac3682de","process_id":7643,"image_path":"C:/Program Files/ApprovedAgent/agent.exe","run_as":"svc-agent","publisher":"Approved Software Team","update_state":"installed","agent_build":"2026.09.3"},{"timestamp":"2026-09-14T02:51:40.500Z","computer":"srv-114","event_id":4624,"record_id":103815,"user":"employee-183","source_ip":"10.11.2.23","target":"logon-session","logon_type":10,"change_ticket":"","result":"success","channel":"Security","provider":"Microsoft-Windows-Security-Auditing","logon_id":"16dc24b9ac3682de","process_id":6989,"image_path":"","run_as":"","publisher":"","update_state":"installed","agent_build":"2026.09.4"},