{"timestamp":"2026-09-14T03:01:15.600Z","computer":"srv-128","event_id":4698,"record_id":104028,"user":"employee-306","source_ip":"10.11.3.17","target":"Approved-Maintenance","logon_type":null,"change_ticket":"CHG-DEPLOY-18","result":"success","channel":"Security","provider":"Microsoft-Windows-Security-Auditing","logon_id":"863feb5dabe88046","process_id":6705,"image_path":"C:/Program Files/ApprovedAgent/agent.exe","run_as":"svc-agent","publisher":"Approved Software Team","update_state":"installed","agent_build":"2026.09.1"},{"timestamp":"2026-09-14T03:01:18.300Z","computer":"srv-179","event_id":4728,"record_id":104029,"user":"employee-194","source_ip":"10.12.1.28","target":"Project-Readers","logon_type":null,"change_ticket":"CHG-DEPLOY-18","result":"success","channel":"Security","provider":"Microsoft-Windows-Security-Auditing","logon_id":"863feb5dabe88046","process_id":22826,"image_path":"","run_as":"","publisher":"","update_state":"installed","agent_build":"2026.09.2"},{"timestamp":"2026-09-14T03:01:21.000Z","computer":"srv-157","event_id":4697,"record_id":104030,"user":"deployment-admin","source_ip":"10.11.4.26","target":"ApprovedAgent","logon_type":null,"change_ticket":"CHG-DEPLOY-18","result":"success","channel":"Security","provider":"Microsoft-Windows-Security-Auditing","logon_id":"863feb5dabe88046","process_id":22419,"image_path":"C:/Program Files/ApprovedAgent/agent.exe","run_as":"svc-agent","publisher":"Approved Software Team","update_state":"restart-pending","agent_build":"2026.09.3"},{"timestamp":"2026-09-14T03:01:23.700Z","computer":"srv-098","event_id":4624,"record_id":104031,"user":"employee-76","source_ip":"10.11.1.27","target":"logon-session","logon_type":10,"change_ticket":"","result":"success","channel":"Security","provider":"Microsoft-Windows-Security-Auditing","logon_id":"863feb5dabe88046","process_id":5471,"image_path":"","run_as":"","publisher":"","update_state":"installed","agent_build":"2026.09.4"},{"timestamp":"2026-09-14T03:01:26.400Z","computer":"srv-013","event_id":4624,"record_id":104032,"user":"employee-295","source_ip":"10.10.1.22","target":"logon-session","logon_type":2,"change_ticket":"","result":"success","channel":"Security","provider":"Microsoft-Windows-Security-Auditing","logon_id":"d684d78d91882c61","process_id":9728,"image_path":"","run_as":"","publisher":"","update_state":"installed","agent_build":"2026.09.1"},{"timestamp":"2026-09-14T03:01:29.100Z","computer":"srv-065","event_id":4634,"record_id":104033,"user":"employee-24","source_ip":"10.10.4.14","target":"logon-session","logon_type":3,"change_ticket":"","result":"success","channel":"Security","provider":"Microsoft-Windows-Security-Auditing","logon_id":"d684d78d91882c61","process_id":12997,"image_path":"","run_as":"","publisher":"","update_state":"installed","agent_build":"2026.09.2"},{"timestamp":"2026-09-14T03:01:31.800Z","computer":"srv-065","event_id":4688,"record_id":104034,"user":"employee-50","source_ip":"10.10.4.14","target":"logon-session","logon_type":null,"change_ticket":"","result":"success","channel":"Security","provider":"Microsoft-Windows-Security-Auditing","logon_id":"d684d78d91882c61","process_id":3867,"image_path":"C:/Program Files/ApprovedAgent/agent.exe","run_as":"","publisher":"Approved Software Team","update_state":"installed","agent_build":"2026.09.3"},{"timestamp":"2026-09-14T03:01:34.500Z","computer":"srv-081","event_id":4625,"record_id":104035,"user":"employee-318","source_ip":"10.11.1.10","target":"logon-session","logon_type":2,"change_ticket":"","result":"failure","channel":"Security","provider":"Microsoft-Windows-Security-Auditing","logon_id":"d684d78d91882c61","process_id":19274,"image_path":"","run_as":"","publisher":"","update_state":"installed","agent_build":"2026.09.4"},{"timestamp":"2026-09-14T03:01:37.200Z","computer":"srv-161","event_id":4698,"record_id":104036,"user":"employee-137","source_ip":"10.12.1.10","target":"Approved-Maintenance","logon_type":null,"change_ticket":"CHG-DEPLOY-18","result":"success","channel":"Security","provider":"Microsoft-Windows-Security-Auditing","logon_id":"457889b03080672b","process_id":22951,"image_path":"C:/Program Files/ApprovedAgent/agent.exe","run_as":"svc-agent","publisher":"Approved Software Team","update_state":"installed","agent_build":"2026.09.1"},{"timestamp":"2026-09-14T03:01:39.900Z","computer":"srv-239","event_id":4728,"record_id":104037,"user":"employee-380","source_ip":"10.12.4.28","target":"Project-Readers","logon_type":null,"change_ticket":"CHG-DEPLOY-18","result":"success","channel":"Security","provider":"Microsoft-Windows-Security-Auditing","logon_id":"457889b03080672b","process_id":12948,"image_path":"","run_as":"","publisher":"","update_state":"installed","agent_build":"2026.09.2"},{"timestamp":"2026-09-14T03:01:42.600Z","computer":"srv-084","event_id":4697,"record_id":104038,"user":"employee-76","source_ip":"10.11.1.13","target":"ApprovedAgent","logon_type":null,"change_ticket":"CHG-DEPLOY-18","result":"success","channel":"Security","provider":"Microsoft-Windows-Security-Auditing","logon_id":"457889b03080672b","process_id":14926,"image_path":"C:/Program Files/ApprovedAgent/agent.exe","run_as":"svc-agent","publisher":"Approved Software Team","update_state":"installed","agent_build":"2026.09.3"},{"timestamp":"2026-09-14T03:01:45.300Z","computer":"srv-209","event_id":4624,"record_id":104039,"user":"employee-83","source_ip":"10.12.3.18","target":"logon-session","logon_type":3,"change_ticket":"","result":"success","channel":"Security","provider":"Microsoft-Windows-Security-Auditing","logon_id":"457889b03080672b","process_id":7085,"image_path":"","run_as":"","publisher":"","update_state":"installed","agent_build":"2026.09.4"},{"timestamp":"2026-09-14T03:01:48.000Z","computer":"srv-210","event_id":4624,"record_id":104040,"user":"employee-21","source_ip":"10.12.3.19","target":"logon-session","logon_type":10,"change_ticket":"","result":"success","channel":"Security","provider":"Microsoft-Windows-Security-Auditing","logon_id":"37077b2f8942e971","process_id":10422,"image_path":"","run_as":"","publisher":"","update_state":"installed","agent_build":"2026.09.1"},{"timestamp":"2026-09-14T03:01:50.700Z","computer":"srv-147","event_id":4634,"record_id":104041,"user":"employee-240","source_ip":"10.11.4.16","target":"logon-session","logon_type":2,"change_ticket":"","result":"success","channel":"Security","provider":"Microsoft-Windows-Security-Auditing","logon_id":"37077b2f8942e971","process_id":20486,"image_path":"","run_as":"","publisher":"","update_state":"installed","agent_build":"2026.09.2"},{"timestamp":"2026-09-14T03:01:53.400Z","computer":"srv-085","event_id":4688,"record_id":104042,"user":"employee-432","source_ip":"10.11.1.14","target":"logon-session","logon_type":null,"change_ticket":"","result":"success","channel":"Security","provider":"Microsoft-Windows-Security-Auditing","logon_id":"37077b2f8942e971","process_id":22951,"image_path":"C:/Program Files/ApprovedAgent/agent.exe","run_as":"","publisher":"Approved Software Team","update_state":"failed","agent_build":"2026.09.3"},{"timestamp":"2026-09-14T03:01:56.100Z","computer":"srv-060","event_id":4625,"record_id":104043,"user":"deployment-admin","source_ip":"10.10.3.29","target":"logon-session","logon_type":10,"change_ticket":"","result":"failure","channel":"Security","provider":"Microsoft-Windows-Security-Auditing","logon_id":"37077b2f8942e971","process_id":3988,"image_path":"","run_as":"","publisher":"","update_state":"installed","agent_build":"2026.09.4"},{"timestamp":"2026-09-14T03:01:58.800Z","computer":"srv-152","event_id":4698,"record_id":104044,"user":"employee-345","source_ip":"10.11.4.21","target":"Approved-Maintenance","logon_type":null,"change_ticket":"CHG-DEPLOY-18","result":"success","channel":"Security","provider":"Microsoft-Windows-Security-Auditing","logon_id":"07e8bb92141fb7a9","process_id":25265,"image_path":"C:/Program Files/ApprovedAgent/agent.exe","run_as":"svc-agent","publisher":"Approved Software Team","update_state":"installed","agent_build":"2026.09.1"},{"timestamp":"2026-09-14T03:02:01.500Z","computer":"srv-117","event_id":4728,"record_id":104045,"user":"employee-191","source_ip":"10.11.2.26","target":"Project-Readers","logon_type":null,"change_ticket":"CHG-DEPLOY-18","result":"success","channel":"Security","provider":"Microsoft-Windows-Security-Auditing","logon_id":"07e8bb92141fb7a9","process_id":4118,"image_path":"","run_as":"","publisher":"","update_state":"installed","agent_build":"2026.09.2"},{"timestamp":"2026-09-14T03:02:04.200Z","computer":"srv-057","event_id":4697,"record_id":104046,"user":"employee-97","source_ip":"10.10.3.26","target":"ApprovedAgent","logon_type":null,"change_ticket":"CHG-DEPLOY-18","result":"success","channel":"Security","provider":"Microsoft-Windows-Security-Auditing","logon_id":"07e8bb92141fb7a9","process_id":22735,"image_path":"C:/Program Files/ApprovedAgent/agent.exe","run_as":"svc-agent","publisher":"Approved Software Team","update_state":"installed","agent_build":"2026.09.3"},{"timestamp":"2026-09-14T03:02:06.900Z","computer":"srv-047","event_id":4624,"record_id":104047,"user":"employee-464","source_ip":"10.10.3.16","target":"logon-session","logon_type":2,"change_ticket":"","result":"success","channel":"Security","provider":"Microsoft-Windows-Security-Auditing","logon_id":"07e8bb92141fb7a9","process_id":1221,"image_path":"","run_as":"","publisher":"","update_state":"installed","agent_build":"2026.09.4"},{"timestamp":"2026-09-14T03:02:09.600Z","computer":"srv-115","event_id":4624,"record_id":104048,"user":"employee-200","source_ip":"10.11.2.24","target":"logon-session","logon_type":3,"change_ticket":"","result":"success","channel":"Security","provider":"Microsoft-Windows-Security-Auditing","logon_id":"1c1fccb5dac120e3","process_id":14233,"image_path":"","run_as":"","publisher":"","update_state":"installed","agent_build":"2026.09.1"},{"timestamp":"2026-09-14T03:02:12.300Z","computer":"srv-217","event_id":4634,"record_id":104049,"user":"employee-171","source_ip":"10.12.3.26","target":"logon-session","logon_type":10,"change_ticket":"","result":"success","channel":"Security","provider":"Microsoft-Windows-Security-Auditing","logon_id":"1c1fccb5dac120e3","process_id":3952,"image_path":"","run_as":"","publisher":"","update_state":"installed","agent_build":"2026.09.2"},{"timestamp":"2026-09-14T03:02:15.000Z","computer":"srv-062","event_id":4688,"record_id":104050,"user":"employee-381","source_ip":"10.10.4.11","target":"logon-session","logon_type":null,"change_ticket":"","result":"success","channel":"Security","provider":"Microsoft-Windows-Security-Auditing","logon_id":"1c1fccb5dac120e3","process_id":12318,"image_path":"C:/Program Files/ApprovedAgent/agent.exe","run_as":"","publisher":"Approved Software Team","update_state":"installed","agent_build":"2026.09.3"},{"timestamp":"2026-09-14T03:02:17.700Z","computer":"srv-203","event_id":4625,"record_id":104051,"user":"employee-309","source_ip":"10.12.3.12","target":"logon-session","logon_type":3,"change_ticket":"","result":"failure","channel":"Security","provider":"Microsoft-Windows-Security-Auditing","logon_id":"1c1fccb5dac120e3","process_id":18825,"image_path":"","run_as":"","publisher":"","update_state":"installed","agent_build":"2026.09.4"},{"timestamp":"2026-09-14T03:02:20.400Z","computer":"srv-073","event_id":4698,"record_id":104052,"user":"employee-124","source_ip":"10.10.4.22","target":"Approved-Maintenance","logon_type":null,"change_ticket":"CHG-DEPLOY-18","result":"success","channel":"Security","provider":"Microsoft-Windows-Security-Auditing","logon_id":"1f92c10eb4c6686c","process_id":4549,"image_path":"C:/Program Files/ApprovedAgent/agent.exe","run_as":"svc-agent","publisher":"Approved Software Team","update_state":"installed","agent_build":"2026.09.1"},{"timestamp":"2026-09-14T03:02:23.100Z","computer":"srv-158","event_id":4728,"record_id":104053,"user":"employee-207","source_ip":"10.11.4.27","target":"Project-Readers","logon_type":null,"change_ticket":"CHG-DEPLOY-18","result":"success","channel":"Security","provider":"Microsoft-Windows-Security-Auditing","logon_id":"1f92c10eb4c6686c","process_id":2714,"image_path":"","run_as":"","publisher":"","update_state":"installed","agent_build":"2026.09.2"},{"timestamp":"2026-09-14T03:02:25.800Z","computer":"srv-196","event_id":4697,"record_id":104054,"user":"employee-111","source_ip":"10.12.2.25","target":"ApprovedAgent","logon_type":null,"change_ticket":"CHG-DEPLOY-18","result":"success","channel":"Security","provider":"Microsoft-Windows-Security-Auditing","logon_id":"1f92c10eb4c6686c","process_id":4189,"image_path":"C:/Program Files/ApprovedAgent/agent.exe","run_as":"svc-agent","publisher":"Approved Software Team","update_state":"installed","agent_build":"2026.09.3"},{"timestamp":"2026-09-14T03:02:28.500Z","computer":"srv-213","event_id":4624,"record_id":104055,"user":"employee-349","source_ip":"10.12.3.22","target":"logon-session","logon_type":10,"change_ticket":"","result":"success","channel":"Security","provider":"Microsoft-Windows-Security-Auditing","logon_id":"1f92c10eb4c6686c","process_id":14476,"image_path":"","run_as":"","publisher":"","update_state":"installed","agent_build":"2026.09.4"},{"timestamp":"2026-09-14T03:02:31.200Z","computer":"srv-036","event_id":4624,"record_id":104056,"user":"deployment-admin","source_ip":"10.10.2.25","target":"logon-session","logon_type":2,"change_ticket":"","result":"success","channel":"Security","provider":"Microsoft-Windows-Security-Auditing","logon_id":"693613ac97ba5b68","process_id":10051,"image_path":"","run_as":"","publisher":"","update_state":"installed","agent_build":"2026.09.1"},{"timestamp":"2026-09-14T03:02:33.900Z","computer":"srv-021","event_id":4634,"record_id":104057,"user":"employee-231","source_ip":"10.10.2.10","target":"logon-session","logon_type":3,"change_ticket":"","result":"success","channel":"Security","provider":"Microsoft-Windows-Security-Auditing","logon_id":"693613ac97ba5b68","process_id":5508,"image_path":"","run_as":"","publisher":"","update_state":"installed","agent_build":"2026.09.2"},{"timestamp":"2026-09-14T03:02:36.600Z","computer":"srv-198","event_id":4688,"record_id":104058,"user":"employee-303","source_ip":"10.12.2.27","target":"logon-session","logon_type":null,"change_ticket":"","result":"success","channel":"Security","provider":"Microsoft-Windows-Security-Auditing","logon_id":"693613ac97ba5b68","process_id":10273,"image_path":"C:/Program Files/ApprovedAgent/agent.exe","run_as":"","publisher":"Approved Software Team","update_state":"installed","agent_build":"2026.09.3"},{"timestamp":"2026-09-14T03:02:39.300Z","computer":"srv-140","event_id":4625,"record_id":104059,"user":"employee-253","source_ip":"10.11.3.29","target":"logon-session","logon_type":2,"change_ticket":"","result":"failure","channel":"Security","provider":"Microsoft-Windows-Security-Auditing","logon_id":"693613ac97ba5b68","process_id":23213,"image_path":"","run_as":"","publisher":"","update_state":"installed","agent_build":"2026.09.4"},{"timestamp":"2026-09-14T03:02:42.000Z","computer":"srv-026","event_id":4698,"record_id":104060,"user":"employee-453","source_ip":"10.10.2.15","target":"Approved-Maintenance","logon_type":null,"change_ticket":"CHG-DEPLOY-18","result":"success","channel":"Security","provider":"Microsoft-Windows-Security-Auditing","logon_id":"9481b8c9412ecdfa","process_id":2523,"image_path":"C:/Program Files/ApprovedAgent/agent.exe","run_as":"svc-agent","publisher":"Approved Software Team","update_state":"installed","agent_build":"2026.09.1"},{"timestamp":"2026-09-14T03:02:44.700Z","computer":"srv-176","event_id":4728,"record_id":104061,"user":"employee-456","source_ip":"10.12.1.25","target":"Project-Readers","logon_type":null,"change_ticket":"CHG-DEPLOY-18","result":"success","channel":"Security","provider":"Microsoft-Windows-Security-Auditing","logon_id":"9481b8c9412ecdfa","process_id":2961,"image_path":"","run_as":"","publisher":"","update_state":"restart-pending","agent_build":"2026.09.2"},{"timestamp":"2026-09-14T03:02:47.400Z","computer":"srv-079","event_id":4697,"record_id":104062,"user":"employee-5","source_ip":"10.10.4.28","target":"ApprovedAgent","logon_type":null,"change_ticket":"CHG-DEPLOY-18","result":"success","channel":"Security","provider":"Microsoft-Windows-Security-Auditing","logon_id":"9481b8c9412ecdfa","process_id":1580,"image_path":"C:/Program Files/ApprovedAgent/agent.exe","run_as":"svc-agent","publisher":"Approved Software Team","update_state":"installed","agent_build":"2026.09.3"},{"timestamp":"2026-09-14T03:02:50.100Z","computer":"srv-185","event_id":4624,"record_id":104063,"user":"employee-135","source_ip":"10.12.2.14","target":"logon-session","logon_type":3,"change_ticket":"","result":"success","channel":"Security","provider":"Microsoft-Windows-Security-Auditing","logon_id":"9481b8c9412ecdfa","process_id":15847,"image_path":"","run_as":"","publisher":"","update_state":"installed","agent_build":"2026.09.4"},{"timestamp":"2026-09-14T03:02:52.800Z","computer":"srv-167","event_id":4624,"record_id":104064,"user":"employee-98","source_ip":"10.12.1.16","target":"logon-session","logon_type":10,"change_ticket":"","result":"success","channel":"Security","provider":"Microsoft-Windows-Security-Auditing","logon_id":"8d05a52d0aee4868","process_id":19828,"image_path":"","run_as":"","publisher":"","update_state":"installed","agent_build":"2026.09.1"},{"timestamp":"2026-09-14T03:02:55.500Z","computer":"srv-096","event_id":4634,"record_id":104065,"user":"employee-295","source_ip":"10.11.1.25","target":"logon-session","logon_type":2,"change_ticket":"","result":"success","channel":"Security","provider":"Microsoft-Windows-Security-Auditing","logon_id":"8d05a52d0aee4868","process_id":11084,"image_path":"","run_as":"","publisher":"","update_state":"installed","agent_build":"2026.09.2"},{"timestamp":"2026-09-14T03:02:58.200Z","computer":"srv-107","event_id":4688,"record_id":104066,"user":"employee-423","source_ip":"10.11.2.16","target":"logon-session","logon_type":null,"change_ticket":"","result":"success","channel":"Security","provider":"Microsoft-Windows-Security-Auditing","logon_id":"8d05a52d0aee4868","process_id":7897,"image_path":"C:/Program Files/ApprovedAgent/agent.exe","run_as":"","publisher":"Approved Software Team","update_state":"installed","agent_build":"2026.09.3"},{"timestamp":"2026-09-14T03:03:00.900Z","computer":"srv-034","event_id":4625,"record_id":104067,"user":"employee-113","source_ip":"10.10.2.23","target":"logon-session","logon_type":10,"change_ticket":"","result":"failure","channel":"Security","provider":"Microsoft-Windows-Security-Auditing","logon_id":"8d05a52d0aee4868","process_id":24746,"image_path":"","run_as":"","publisher":"","update_state":"installed","agent_build":"2026.09.4"},{"timestamp":"2026-09-14T03:03:03.600Z","computer":"srv-163","event_id":4698,"record_id":104068,"user":"employee-249","source_ip":"10.12.1.12","target":"Approved-Maintenance","logon_type":null,"change_ticket":"CHG-DEPLOY-18","result":"success","channel":"Security","provider":"Microsoft-Windows-Security-Auditing","logon_id":"d0effe4b71f24d5d","process_id":3988,"image_path":"C:/Program Files/ApprovedAgent/agent.exe","run_as":"svc-agent","publisher":"Approved Software Team","update_state":"installed","agent_build":"2026.09.1"},{"timestamp":"2026-09-14T03:03:06.300Z","computer":"srv-178","event_id":4728,"record_id":104069,"user":"deployment-admin","source_ip":"10.12.1.27","target":"Project-Readers","logon_type":null,"change_ticket":"CHG-DEPLOY-18","result":"success","channel":"Security","provider":"Microsoft-Windows-Security-Auditing","logon_id":"d0effe4b71f24d5d","process_id":7362,"image_path":"","run_as":"","publisher":"","update_state":"installed","agent_build":"2026.09.2"},{"timestamp":"2026-09-14T03:03:09.000Z","computer":"srv-025","event_id":4697,"record_id":104070,"user":"employee-138","source_ip":"10.10.2.14","target":"ApprovedAgent","logon_type":null,"change_ticket":"CHG-DEPLOY-18","result":"success","channel":"Security","provider":"Microsoft-Windows-Security-Auditing","logon_id":"d0effe4b71f24d5d","process_id":3274,"image_path":"C:/Program Files/ApprovedAgent/agent.exe","run_as":"svc-agent","publisher":"Approved Software Team","update_state":"installed","agent_build":"2026.09.3"},{"timestamp":"2026-09-14T03:03:11.700Z","computer":"srv-157","event_id":4624,"record_id":104071,"user":"employee-348","source_ip":"10.11.4.26","target":"logon-session","logon_type":2,"change_ticket":"","result":"success","channel":"Security","provider":"Microsoft-Windows-Security-Auditing","logon_id":"d0effe4b71f24d5d","process_id":4254,"image_path":"","run_as":"","publisher":"","update_state":"no-report","agent_build":"2026.09.4"},{"timestamp":"2026-09-14T03:03:14.400Z","computer":"srv-128","event_id":4624,"record_id":104072,"user":"employee-302","source_ip":"10.11.3.17","target":"logon-session","logon_type":3,"change_ticket":"","result":"success","channel":"Security","provider":"Microsoft-Windows-Security-Auditing","logon_id":"fb8984f9cfb158a6","process_id":21977,"image_path":"","run_as":"","publisher":"","update_state":"installed","agent_build":"2026.09.1"},{"timestamp":"2026-09-14T03:03:17.100Z","computer":"srv-227","event_id":4634,"record_id":104073,"user":"employee-296","source_ip":"10.12.4.16","target":"logon-session","logon_type":10,"change_ticket":"","result":"success","channel":"Security","provider":"Microsoft-Windows-Security-Auditing","logon_id":"fb8984f9cfb158a6","process_id":21921,"image_path":"","run_as":"","publisher":"","update_state":"installed","agent_build":"2026.09.2"},{"timestamp":"2026-09-14T03:03:19.800Z","computer":"srv-204","event_id":4688,"record_id":104074,"user":"employee-221","source_ip":"10.12.3.13","target":"logon-session","logon_type":null,"change_ticket":"","result":"success","channel":"Security","provider":"Microsoft-Windows-Security-Auditing","logon_id":"fb8984f9cfb158a6","process_id":13019,"image_path":"C:/Program Files/ApprovedAgent/agent.exe","run_as":"","publisher":"Approved Software Team","update_state":"installed","agent_build":"2026.09.3"},{"timestamp":"2026-09-14T03:03:22.500Z","computer":"srv-005","event_id":4625,"record_id":104075,"user":"employee-23","source_ip":"10.10.1.14","target":"logon-session","logon_type":3,"change_ticket":"","result":"failure","channel":"Security","provider":"Microsoft-Windows-Security-Auditing","logon_id":"fb8984f9cfb158a6","process_id":19553,"image_path":"","run_as":"","publisher":"","update_state":"installed","agent_build":"2026.09.4"},{"timestamp":"2026-09-14T03:03:25.200Z","computer":"srv-007","event_id":4698,"record_id":104076,"user":"employee-76","source_ip":"10.10.1.16","target":"Approved-Maintenance","logon_type":null,"change_ticket":"CHG-DEPLOY-18","result":"success","channel":"Security","provider":"Microsoft-Windows-Security-Auditing","logon_id":"1c49ee9be170a78c","process_id":10507,"image_path":"C:/Program Files/ApprovedAgent/agent.exe","run_as":"svc-agent","publisher":"Approved Software Team","update_state":"installed","agent_build":"2026.09.1"},{"timestamp":"2026-09-14T03:03:27.900Z","computer":"srv-017","event_id":4728,"record_id":104077,"user":"employee-234","source_ip":"10.10.1.26","target":"Project-Readers","logon_type":null,"change_ticket":"CHG-DEPLOY-18","result":"success","channel":"Security","provider":"Microsoft-Windows-Security-Auditing","logon_id":"1c49ee9be170a78c","process_id":23050,"image_path":"","run_as":"","publisher":"","update_state":"installed","agent_build":"2026.09.2"},{"timestamp":"2026-09-14T03:03:30.600Z","computer":"srv-217","event_id":4697,"record_id":104078,"user":"employee-15","source_ip":"10.12.3.26","target":"ApprovedAgent","logon_type":null,"change_ticket":"CHG-DEPLOY-18","result":"success","channel":"Security","provider":"Microsoft-Windows-Security-Auditing","logon_id":"1c49ee9be170a78c","process_id":19444,"image_path":"C:/Program Files/ApprovedAgent/agent.exe","run_as":"svc-agent","publisher":"Approved Software Team","update_state":"installed","agent_build":"2026.09.3"},{"timestamp":"2026-09-14T03:03:33.300Z","computer":"srv-172","event_id":4624,"record_id":104079,"user":"employee-343","source_ip":"10.12.1.21","target":"logon-session","logon_type":10,"change_ticket":"","result":"success","channel":"Security","provider":"Microsoft-Windows-Security-Auditing","logon_id":"1c49ee9be170a78c","process_id":3563,"image_path":"","run_as":"","publisher":"","update_state":"installed","agent_build":"2026.09.4"},{"timestamp":"2026-09-14T03:03:36.000Z","computer":"srv-175","event_id":4624,"record_id":104080,"user":"employee-228","source_ip":"10.12.1.24","target":"logon-session","logon_type":2,"change_ticket":"","result":"success","channel":"Security","provider":"Microsoft-Windows-Security-Auditing","logon_id":"5233fa1363b78618","process_id":23717,"image_path":"","run_as":"","publisher":"","update_state":"installed","agent_build":"2026.09.1"},{"timestamp":"2026-09-14T03:03:38.700Z","computer":"srv-111","event_id":4634,"record_id":104081,"user":"employee-223","source_ip":"10.11.2.20","target":"logon-session","logon_type":3,"change_ticket":"","result":"success","channel":"Security","provider":"Microsoft-Windows-Security-Auditing","logon_id":"5233fa1363b78618","process_id":13482,"image_path":"","run_as":"","publisher":"","update_state":"installed","agent_build":"2026.09.2"},{"timestamp":"2026-09-14T03:03:41.400Z","computer":"srv-153","event_id":4688,"record_id":104082,"user":"deployment-admin","source_ip":"10.11.4.22","target":"logon-session","logon_type":null,"change_ticket":"","result":"success","channel":"Security","provider":"Microsoft-Windows-Security-Auditing","logon_id":"5233fa1363b78618","process_id":20429,"image_path":"C:/Program Files/ApprovedAgent/agent.exe","run_as":"","publisher":"Approved Software Team","update_state":"installed","agent_build":"2026.09.3"},{"timestamp":"2026-09-14T03:03:44.100Z","computer":"srv-049","event_id":4625,"record_id":104083,"user":"employee-282","source_ip":"10.10.3.18","target":"logon-session","logon_type":2,"change_ticket":"","result":"failure","channel":"Security","provider":"Microsoft-Windows-Security-Auditing","logon_id":"5233fa1363b78618","process_id":16220,"image_path":"","run_as":"","publisher":"","update_state":"installed","agent_build":"2026.09.4"},{"timestamp":"2026-09-14T03:03:46.800Z","computer":"srv-071","event_id":4698,"record_id":104084,"user":"employee-104","source_ip":"10.10.4.20","target":"Approved-Maintenance","logon_type":null,"change_ticket":"CHG-DEPLOY-18","result":"success","channel":"Security","provider":"Microsoft-Windows-Security-Auditing","logon_id":"114745197a041d87","process_id":22692,"image_path":"C:/Program Files/ApprovedAgent/agent.exe","run_as":"svc-agent","publisher":"Approved Software Team","update_state":"installed","agent_build":"2026.09.1"},{"timestamp":"2026-09-14T03:03:49.500Z","computer":"srv-048","event_id":4728,"record_id":104085,"user":"employee-4","source_ip":"10.10.3.17","target":"Project-Readers","logon_type":null,"change_ticket":"CHG-DEPLOY-18","result":"success","channel":"Security","provider":"Microsoft-Windows-Security-Auditing","logon_id":"114745197a041d87","process_id":10691,"image_path":"","run_as":"","publisher":"","update_state":"installed","agent_build":"2026.09.2"},{"timestamp":"2026-09-14T03:03:52.200Z","computer":"srv-047","event_id":4697,"record_id":104086,"user":"employee-12","source_ip":"10.10.3.16","target":"ApprovedAgent","logon_type":null,"change_ticket":"CHG-DEPLOY-18","result":"success","channel":"Security","provider":"Microsoft-Windows-Security-Auditing","logon_id":"114745197a041d87","process_id":16296,"image_path":"C:/Program Files/ApprovedAgent/agent.exe","run_as":"svc-agent","publisher":"Approved Software Team","update_state":"installed","agent_build":"2026.09.3"},{"timestamp":"2026-09-14T03:03:54.900Z","computer":"srv-153","event_id":4624,"record_id":104087,"user":"employee-476","source_ip":"10.11.4.22","target":"logon-session","logon_type":3,"change_ticket":"","result":"success","channel":"Security","provider":"Microsoft-Windows-Security-Auditing","logon_id":"114745197a041d87","process_id":8462,"image_path":"","run_as":"","publisher":"","update_state":"installed","agent_build":"2026.09.4"},{"timestamp":"2026-09-14T03:03:57.600Z","computer":"srv-052","event_id":4624,"record_id":104088,"user":"employee-338","source_ip":"10.10.3.21","target":"logon-session","logon_type":10,"change_ticket":"","result":"success","channel":"Security","provider":"Microsoft-Windows-Security-Auditing","logon_id":"edffc29bc9311e8d","process_id":8559,"image_path":"","run_as":"","publisher":"","update_state":"installed","agent_build":"2026.09.1"},{"timestamp":"2026-09-14T03:04:00.300Z","computer":"srv-201","event_id":4634,"record_id":104089,"user":"employee-11","source_ip":"10.12.3.10","target":"logon-session","logon_type":2,"change_ticket":"","result":"success","channel":"Security","provider":"Microsoft-Windows-Security-Auditing","logon_id":"edffc29bc9311e8d","process_id":12708,"image_path":"","run_as":"","publisher":"","update_state":"failed","agent_build":"2026.09.2"},{"timestamp":"2026-09-14T03:04:03.000Z","computer":"srv-239","event_id":4688,"record_id":104090,"user":"employee-380","source_ip":"10.12.4.28","target":"logon-session","logon_type":null,"change_ticket":"","result":"success","channel":"Security","provider":"Microsoft-Windows-Security-Auditing","logon_id":"edffc29bc9311e8d","process_id":17052,"image_path":"C:/Program Files/ApprovedAgent/agent.exe","run_as":"","publisher":"Approved Software Team","update_state":"installed","agent_build":"2026.09.3"},{"timestamp":"2026-09-14T03:04:05.700Z","computer":"srv-134","event_id":4625,"record_id":104091,"user":"employee-45","source_ip":"10.11.3.23","target":"logon-session","logon_type":10,"change_ticket":"","result":"failure","channel":"Security","provider":"Microsoft-Windows-Security-Auditing","logon_id":"edffc29bc9311e8d","process_id":17808,"image_path":"","run_as":"","publisher":"","update_state":"installed","agent_build":"2026.09.4"},{"timestamp":"2026-09-14T03:04:08.400Z","computer":"srv-147","event_id":4698,"record_id":104092,"user":"employee-310","source_ip":"10.11.4.16","target":"Approved-Maintenance","logon_type":null,"change_ticket":"CHG-DEPLOY-18","result":"success","channel":"Security","provider":"Microsoft-Windows-Security-Auditing","logon_id":"f47b833e65fc33cc","process_id":12824,"image_path":"C:/Program Files/ApprovedAgent/agent.exe","run_as":"svc-agent","publisher":"Approved Software Team","update_state":"restart-pending","agent_build":"2026.09.1"},{"timestamp":"2026-09-14T03:04:11.100Z","computer":"srv-177","event_id":4728,"record_id":104093,"user":"employee-128","source_ip":"10.12.1.26","target":"Project-Readers","logon_type":null,"change_ticket":"CHG-DEPLOY-18","result":"success","channel":"Security","provider":"Microsoft-Windows-Security-Auditing","logon_id":"f47b833e65fc33cc","process_id":11915,"image_path":"","run_as":"","publisher":"","update_state":"installed","agent_build":"2026.09.2"},{"timestamp":"2026-09-14T03:04:13.800Z","computer":"srv-121","event_id":4697,"record_id":104094,"user":"employee-7","source_ip":"10.11.3.10","target":"ApprovedAgent","logon_type":null,"change_ticket":"CHG-DEPLOY-18","result":"success","channel":"Security","provider":"Microsoft-Windows-Security-Auditing","logon_id":"f47b833e65fc33cc","process_id":8423,"image_path":"C:/Program Files/ApprovedAgent/agent.exe","run_as":"svc-agent","publisher":"Approved Software Team","update_state":"installed","agent_build":"2026.09.3"},{"timestamp":"2026-09-14T03:04:16.500Z","computer":"srv-078","event_id":4624,"record_id":104095,"user":"deployment-admin","source_ip":"10.10.4.27","target":"logon-session","logon_type":2,"change_ticket":"","result":"success","channel":"Security","provider":"Microsoft-Windows-Security-Auditing","logon_id":"f47b833e65fc33cc","process_id":9410,"image_path":"","run_as":"","publisher":"","update_state":"installed","agent_build":"2026.09.4"},{"timestamp":"2026-09-14T03:04:19.200Z","computer":"srv-066","event_id":4624,"record_id":104096,"user":"employee-347","source_ip":"10.10.4.15","target":"logon-session","logon_type":3,"change_ticket":"","result":"success","channel":"Security","provider":"Microsoft-Windows-Security-Auditing","logon_id":"a5427f4e04a2bd48","process_id":22134,"image_path":"","run_as":"","publisher":"","update_state":"installed","agent_build":"2026.09.1"},{"timestamp":"2026-09-14T03:04:21.900Z","computer":"srv-140","event_id":4634,"record_id":104097,"user":"employee-82","source_ip":"10.11.3.29","target":"logon-session","logon_type":10,"change_ticket":"","result":"success","channel":"Security","provider":"Microsoft-Windows-Security-Auditing","logon_id":"a5427f4e04a2bd48","process_id":6198,"image_path":"","run_as":"","publisher":"","update_state":"installed","agent_build":"2026.09.2"},{"timestamp":"2026-09-14T03:04:24.600Z","computer":"srv-025","event_id":4688,"record_id":104098,"user":"employee-424","source_ip":"10.10.2.14","target":"logon-session","logon_type":null,"change_ticket":"","result":"success","channel":"Security","provider":"Microsoft-Windows-Security-Auditing","logon_id":"a5427f4e04a2bd48","process_id":24982,"image_path":"C:/Program Files/ApprovedAgent/agent.exe","run_as":"","publisher":"Approved Software Team","update_state":"installed","agent_build":"2026.09.3"},{"timestamp":"2026-09-14T03:04:27.300Z","computer":"srv-096","event_id":4625,"record_id":104099,"user":"employee-272","source_ip":"10.11.1.25","target":"logon-session","logon_type":3,"change_ticket":"","result":"failure","channel":"Security","provider":"Microsoft-Windows-Security-Auditing","logon_id":"a5427f4e04a2bd48","process_id":24192,"image_path":"","run_as":"","publisher":"","update_state":"installed","agent_build":"2026.09.4"},{"timestamp":"2026-09-14T03:04:30.000Z","computer":"srv-080","event_id":4698,"record_id":104100,"user":"employee-416","source_ip":"10.10.4.29","target":"Approved-Maintenance","logon_type":null,"change_ticket":"CHG-DEPLOY-18","result":"success","channel":"Security","provider":"Microsoft-Windows-Security-Auditing","logon_id":"334c5eeee091e82d","process_id":25313,"image_path":"C:/Program Files/ApprovedAgent/agent.exe","run_as":"svc-agent","publisher":"Approved Software Team","update_state":"installed","agent_build":"2026.09.1"},{"timestamp":"2026-09-14T03:04:32.700Z","computer":"srv-194","event_id":4728,"record_id":104101,"user":"employee-31","source_ip":"10.12.2.23","target":"Project-Readers","logon_type":null,"change_ticket":"CHG-DEPLOY-18","result":"success","channel":"Security","provider":"Microsoft-Windows-Security-Auditing","logon_id":"334c5eeee091e82d","process_id":10614,"image_path":"","run_as":"","publisher":"","update_state":"installed","agent_build":"2026.09.2"},{"timestamp":"2026-09-14T03:04:35.400Z","computer":"srv-182","event_id":4697,"record_id":104102,"user":"employee-184","source_ip":"10.12.2.11","target":"ApprovedAgent","logon_type":null,"change_ticket":"CHG-DEPLOY-18","result":"success","channel":"Security","provider":"Microsoft-Windows-Security-Auditing","logon_id":"334c5eeee091e82d","process_id":25913,"image_path":"C:/Program Files/ApprovedAgent/agent.exe","run_as":"svc-agent","publisher":"Approved Software Team","update_state":"installed","agent_build":"2026.09.3"},{"timestamp":"2026-09-14T03:04:38.100Z","computer":"srv-173","event_id":4624,"record_id":104103,"user":"employee-304","source_ip":"10.12.1.22","target":"logon-session","logon_type":10,"change_ticket":"","result":"success","channel":"Security","provider":"Microsoft-Windows-Security-Auditing","logon_id":"334c5eeee091e82d","process_id":5985,"image_path":"","run_as":"","publisher":"","update_state":"installed","agent_build":"2026.09.4"},{"timestamp":"2026-09-14T03:04:40.800Z","computer":"srv-145","event_id":4624,"record_id":104104,"user":"employee-477","source_ip":"10.11.4.14","target":"logon-session","logon_type":2,"change_ticket":"","result":"success","channel":"Security","provider":"Microsoft-Windows-Security-Auditing","logon_id":"ef74922c848b3e43","process_id":6480,"image_path":"","run_as":"","publisher":"","update_state":"installed","agent_build":"2026.09.1"},{"timestamp":"2026-09-14T03:04:43.500Z","computer":"srv-182","event_id":4634,"record_id":104105,"user":"employee-207","source_ip":"10.12.2.11","target":"logon-session","logon_type":3,"change_ticket":"","result":"success","channel":"Security","provider":"Microsoft-Windows-Security-Auditing","logon_id":"ef74922c848b3e43","process_id":7430,"image_path":"","run_as":"","publisher":"","update_state":"installed","agent_build":"2026.09.2"},{"timestamp":"2026-09-14T03:04:46.200Z","computer":"srv-121","event_id":4688,"record_id":104106,"user":"employee-344","source_ip":"10.11.3.10","target":"logon-session","logon_type":null,"change_ticket":"","result":"success","channel":"Security","provider":"Microsoft-Windows-Security-Auditing","logon_id":"ef74922c848b3e43","process_id":17375,"image_path":"C:/Program Files/ApprovedAgent/agent.exe","run_as":"","publisher":"Approved Software Team","update_state":"installed","agent_build":"2026.09.3"},{"timestamp":"2026-09-14T03:04:48.900Z","computer":"srv-222","event_id":4625,"record_id":104107,"user":"employee-149","source_ip":"10.12.4.11","target":"logon-session","logon_type":2,"change_ticket":"","result":"failure","channel":"Security","provider":"Microsoft-Windows-Security-Auditing","logon_id":"ef74922c848b3e43","process_id":11315,"image_path":"","run_as":"","publisher":"","update_state":"installed","agent_build":"2026.09.4"},{"timestamp":"2026-09-14T03:04:51.600Z","computer":"srv-102","event_id":4698,"record_id":104108,"user":"deployment-admin","source_ip":"10.11.2.11","target":"Approved-Maintenance","logon_type":null,"change_ticket":"CHG-DEPLOY-18","result":"success","channel":"Security","provider":"Microsoft-Windows-Security-Auditing","logon_id":"4c48e7a3316c0dbe","process_id":13547,"image_path":"C:/Program Files/ApprovedAgent/agent.exe","run_as":"svc-agent","publisher":"Approved Software Team","update_state":"installed","agent_build":"2026.09.1"},{"timestamp":"2026-09-14T03:04:54.300Z","computer":"srv-188","event_id":4728,"record_id":104109,"user":"employee-3","source_ip":"10.12.2.17","target":"Project-Readers","logon_type":null,"change_ticket":"CHG-DEPLOY-18","result":"success","channel":"Security","provider":"Microsoft-Windows-Security-Auditing","logon_id":"4c48e7a3316c0dbe","process_id":22070,"image_path":"","run_as":"","publisher":"","update_state":"installed","agent_build":"2026.09.2"},{"timestamp":"2026-09-14T03:04:57.000Z","computer":"srv-056","event_id":4697,"record_id":104110,"user":"employee-393","source_ip":"10.10.3.25","target":"ApprovedAgent","logon_type":null,"change_ticket":"CHG-DEPLOY-18","result":"success","channel":"Security","provider":"Microsoft-Windows-Security-Auditing","logon_id":"4c48e7a3316c0dbe","process_id":10419,"image_path":"C:/Program Files/ApprovedAgent/agent.exe","run_as":"svc-agent","publisher":"Approved Software Team","update_state":"installed","agent_build":"2026.09.3"},{"timestamp":"2026-09-14T03:04:59.700Z","computer":"srv-201","event_id":4624,"record_id":104111,"user":"employee-150","source_ip":"10.12.3.10","target":"logon-session","logon_type":3,"change_ticket":"","result":"success","channel":"Security","provider":"Microsoft-Windows-Security-Auditing","logon_id":"4c48e7a3316c0dbe","process_id":15811,"image_path":"","run_as":"","publisher":"","update_state":"installed","agent_build":"2026.09.4"},{"timestamp":"2026-09-14T03:05:02.400Z","computer":"srv-012","event_id":4624,"record_id":104112,"user":"employee-303","source_ip":"10.10.1.21","target":"logon-session","logon_type":10,"change_ticket":"","result":"success","channel":"Security","provider":"Microsoft-Windows-Security-Auditing","logon_id":"6f3094338c69ccb8","process_id":11773,"image_path":"","run_as":"","publisher":"","update_state":"installed","agent_build":"2026.09.1"},{"timestamp":"2026-09-14T03:05:05.100Z","computer":"srv-239","event_id":4634,"record_id":104113,"user":"employee-326","source_ip":"10.12.4.28","target":"logon-session","logon_type":2,"change_ticket":"","result":"success","channel":"Security","provider":"Microsoft-Windows-Security-Auditing","logon_id":"6f3094338c69ccb8","process_id":7859,"image_path":"","run_as":"","publisher":"","update_state":"installed","agent_build":"2026.09.2"},{"timestamp":"2026-09-14T03:05:07.800Z","computer":"srv-040","event_id":4688,"record_id":104114,"user":"employee-105","source_ip":"10.10.2.29","target":"logon-session","logon_type":null,"change_ticket":"","result":"success","channel":"Security","provider":"Microsoft-Windows-Security-Auditing","logon_id":"6f3094338c69ccb8","process_id":6538,"image_path":"C:/Program Files/ApprovedAgent/agent.exe","run_as":"","publisher":"Approved Software Team","update_state":"installed","agent_build":"2026.09.3"},{"timestamp":"2026-09-14T03:05:10.500Z","computer":"srv-206","event_id":4625,"record_id":104115,"user":"employee-343","source_ip":"10.12.3.15","target":"logon-session","logon_type":10,"change_ticket":"","result":"failure","channel":"Security","provider":"Microsoft-Windows-Security-Auditing","logon_id":"6f3094338c69ccb8","process_id":1243,"image_path":"","run_as":"","publisher":"","update_state":"installed","agent_build":"2026.09.4"},{"timestamp":"2026-09-14T03:05:13.200Z","computer":"srv-058","event_id":4698,"record_id":104116,"user":"employee-253","source_ip":"10.10.3.27","target":"Approved-Maintenance","logon_type":null,"change_ticket":"CHG-DEPLOY-18","result":"success","channel":"Security","provider":"Microsoft-Windows-Security-Auditing","logon_id":"299645afec22a1c4","process_id":20536,"image_path":"C:/Program Files/ApprovedAgent/agent.exe","run_as":"svc-agent","publisher":"Approved Software Team","update_state":"installed","agent_build":"2026.09.1"},{"timestamp":"2026-09-14T03:05:15.900Z","computer":"srv-074","event_id":4728,"record_id":104117,"user":"employee-104","source_ip":"10.10.4.23","target":"Project-Readers","logon_type":null,"change_ticket":"CHG-DEPLOY-18","result":"success","channel":"Security","provider":"Microsoft-Windows-Security-Auditing","logon_id":"299645afec22a1c4","process_id":7905,"image_path":"","run_as":"","publisher":"","update_state":"installed","agent_build":"2026.09.2"},{"timestamp":"2026-09-14T03:05:18.600Z","computer":"srv-134","event_id":4697,"record_id":104118,"user":"employee-2","source_ip":"10.11.3.23","target":"ApprovedAgent","logon_type":null,"change_ticket":"CHG-DEPLOY-18","result":"success","channel":"Security","provider":"Microsoft-Windows-Security-Auditing","logon_id":"299645afec22a1c4","process_id":20140,"image_path":"C:/Program Files/ApprovedAgent/agent.exe","run_as":"svc-agent","publisher":"Approved Software Team","update_state":"installed","agent_build":"2026.09.3"},{"timestamp":"2026-09-14T03:05:21.300Z","computer":"srv-110","event_id":4624,"record_id":104119,"user":"employee-480","source_ip":"10.11.2.19","target":"logon-session","logon_type":2,"change_ticket":"","result":"success","channel":"Security","provider":"Microsoft-Windows-Security-Auditing","logon_id":"299645afec22a1c4","process_id":23167,"image_path":"","run_as":"","publisher":"","update_state":"installed","agent_build":"2026.09.4"},{"timestamp":"2026-09-14T03:05:24.000Z","computer":"srv-148","event_id":4624,"record_id":104120,"user":"employee-35","source_ip":"10.11.4.17","target":"logon-session","logon_type":3,"change_ticket":"","result":"success","channel":"Security","provider":"Microsoft-Windows-Security-Auditing","logon_id":"243d24ae1a0fa228","process_id":7554,"image_path":"","run_as":"","publisher":"","update_state":"installed","agent_build":"2026.09.1"},{"timestamp":"2026-09-14T03:05:26.700Z","computer":"srv-036","event_id":4634,"record_id":104121,"user":"deployment-admin","source_ip":"10.10.2.25","target":"logon-session","logon_type":10,"change_ticket":"","result":"success","channel":"Security","provider":"Microsoft-Windows-Security-Auditing","logon_id":"243d24ae1a0fa228","process_id":23955,"image_path":"","run_as":"","publisher":"","update_state":"installed","agent_build":"2026.09.2"},{"timestamp":"2026-09-14T03:05:29.400Z","computer":"srv-170","event_id":4688,"record_id":104122,"user":"employee-247","source_ip":"10.12.1.19","target":"logon-session","logon_type":null,"change_ticket":"","result":"success","channel":"Security","provider":"Microsoft-Windows-Security-Auditing","logon_id":"243d24ae1a0fa228","process_id":5568,"image_path":"C:/Program Files/ApprovedAgent/agent.exe","run_as":"","publisher":"Approved Software Team","update_state":"installed","agent_build":"2026.09.3"},{"timestamp":"2026-09-14T03:05:32.100Z","computer":"srv-021","event_id":4625,"record_id":104123,"user":"employee-477","source_ip":"10.10.2.10","target":"logon-session","logon_type":3,"change_ticket":"","result":"failure","channel":"Security","provider":"Microsoft-Windows-Security-Auditing","logon_id":"243d24ae1a0fa228","process_id":12738,"image_path":"","run_as":"","publisher":"","update_state":"restart-pending","agent_build":"2026.09.4"},{"timestamp":"2026-09-14T03:05:34.800Z","computer":"srv-165","event_id":4698,"record_id":104124,"user":"employee-8","source_ip":"10.12.1.14","target":"Approved-Maintenance","logon_type":null,"change_ticket":"CHG-DEPLOY-18","result":"success","channel":"Security","provider":"Microsoft-Windows-Security-Auditing","logon_id":"b3b3775bde87a75d","process_id":7558,"image_path":"C:/Program Files/ApprovedAgent/agent.exe","run_as":"svc-agent","publisher":"Approved Software Team","update_state":"installed","agent_build":"2026.09.1"},{"timestamp":"2026-09-14T03:05:37.500Z","computer":"srv-082","event_id":4728,"record_id":104125,"user":"employee-139","source_ip":"10.11.1.11","target":"Project-Readers","logon_type":null,"change_ticket":"CHG-DEPLOY-18","result":"success","channel":"Security","provider":"Microsoft-Windows-Security-Auditing","logon_id":"b3b3775bde87a75d","process_id":19666,"image_path":"","run_as":"","publisher":"","update_state":"installed","agent_build":"2026.09.2"},{"timestamp":"2026-09-14T03:05:40.200Z","computer":"srv-073","event_id":4697,"record_id":104126,"user":"employee-119","source_ip":"10.10.4.22","target":"ApprovedAgent","logon_type":null,"change_ticket":"CHG-DEPLOY-18","result":"success","channel":"Security","provider":"Microsoft-Windows-Security-Auditing","logon_id":"b3b3775bde87a75d","process_id":6382,"image_path":"C:/Program Files/ApprovedAgent/agent.exe","run_as":"svc-agent","publisher":"Approved Software Team","update_state":"installed","agent_build":"2026.09.3"},{"timestamp":"2026-09-14T03:05:42.900Z","computer":"srv-072","event_id":4624,"record_id":104127,"user":"employee-79","source_ip":"10.10.4.21","target":"logon-session","logon_type":10,"change_ticket":"","result":"success","channel":"Security","provider":"Microsoft-Windows-Security-Auditing","logon_id":"b3b3775bde87a75d","process_id":16167,"image_path":"","run_as":"","publisher":"","update_state":"installed","agent_build":"2026.09.4"},{"timestamp":"2026-09-14T03:05:45.600Z","computer":"srv-074","event_id":4624,"record_id":104128,"user":"employee-376","source_ip":"10.10.4.23","target":"logon-session","logon_type":2,"change_ticket":"","result":"success","channel":"Security","provider":"Microsoft-Windows-Security-Auditing","logon_id":"67f217b98300794a","process_id":8350,"image_path":"","run_as":"","publisher":"","update_state":"installed","agent_build":"2026.09.1"},{"timestamp":"2026-09-14T03:05:48.300Z","computer":"srv-204","event_id":4634,"record_id":104129,"user":"employee-39","source_ip":"10.12.3.13","target":"logon-session","logon_type":3,"change_ticket":"","result":"success","channel":"Security","provider":"Microsoft-Windows-Security-Auditing","logon_id":"67f217b98300794a","process_id":4998,"image_path":"","run_as":"","publisher":"","update_state":"installed","agent_build":"2026.09.2"},{"timestamp":"2026-09-14T03:05:51.000Z","computer":"srv-053","event_id":4688,"record_id":104130,"user":"employee-430","source_ip":"10.10.3.22","target":"logon-session","logon_type":null,"change_ticket":"","result":"success","channel":"Security","provider":"Microsoft-Windows-Security-Auditing","logon_id":"67f217b98300794a","process_id":19592,"image_path":"C:/Program Files/ApprovedAgent/agent.exe","run_as":"","publisher":"Approved Software Team","update_state":"no-report","agent_build":"2026.09.3"},{"timestamp":"2026-09-14T03:05:53.700Z","computer":"srv-092","event_id":4625,"record_id":104131,"user":"employee-359","source_ip":"10.11.1.21","target":"logon-session","logon_type":2,"change_ticket":"","result":"failure","channel":"Security","provider":"Microsoft-Windows-Security-Auditing","logon_id":"67f217b98300794a","process_id":10545,"image_path":"","run_as":"","publisher":"","update_state":"installed","agent_build":"2026.09.4"},{"timestamp":"2026-09-14T03:05:56.400Z","computer":"srv-031","event_id":4698,"record_id":104132,"user":"employee-311","source_ip":"10.10.2.20","target":"Approved-Maintenance","logon_type":null,"change_ticket":"CHG-DEPLOY-18","result":"success","channel":"Security","provider":"Microsoft-Windows-Security-Auditing","logon_id":"f08b2a9a2b98b2c0","process_id":4097,"image_path":"C:/Program Files/ApprovedAgent/agent.exe","run_as":"svc-agent","publisher":"Approved Software Team","update_state":"installed","agent_build":"2026.09.1"},{"timestamp":"2026-09-14T03:05:59.100Z","computer":"srv-240","event_id":4728,"record_id":104133,"user":"employee-216","source_ip":"10.12.4.29","target":"Project-Readers","logon_type":null,"change_ticket":"CHG-DEPLOY-18","result":"success","channel":"Security","provider":"Microsoft-Windows-Security-Auditing","logon_id":"f08b2a9a2b98b2c0","process_id":13770,"image_path":"","run_as":"","publisher":"","update_state":"installed","agent_build":"2026.09.2"},