{"timestamp":"2026-09-14T00:14:18.600Z","computer":"srv-173","event_id":4697,"record_id":100318,"user":"employee-102","source_ip":"10.12.1.22","target":"ApprovedAgent","logon_type":null,"change_ticket":"CHG-DEPLOY-18","result":"success","channel":"Security","provider":"Microsoft-Windows-Security-Auditing","logon_id":"b690add3f094c5ce","process_id":5105,"image_path":"C:/Program Files/ApprovedAgent/agent.exe","run_as":"svc-agent","publisher":"Approved Software Team","update_state":"installed","agent_build":"2026.09.3"},{"timestamp":"2026-09-14T00:14:21.300Z","computer":"srv-129","event_id":4624,"record_id":100319,"user":"employee-419","source_ip":"10.11.3.18","target":"logon-session","logon_type":3,"change_ticket":"","result":"success","channel":"Security","provider":"Microsoft-Windows-Security-Auditing","logon_id":"b690add3f094c5ce","process_id":3243,"image_path":"","run_as":"","publisher":"","update_state":"installed","agent_build":"2026.09.4"},{"timestamp":"2026-09-14T00:14:24.000Z","computer":"srv-088","event_id":4624,"record_id":100320,"user":"employee-458","source_ip":"10.11.1.17","target":"logon-session","logon_type":10,"change_ticket":"","result":"success","channel":"Security","provider":"Microsoft-Windows-Security-Auditing","logon_id":"ce74f02984a30b59","process_id":9409,"image_path":"","run_as":"","publisher":"","update_state":"installed","agent_build":"2026.09.1"},{"timestamp":"2026-09-14T00:14:26.700Z","computer":"srv-149","event_id":4634,"record_id":100321,"user":"employee-294","source_ip":"10.11.4.18","target":"logon-session","logon_type":2,"change_ticket":"","result":"success","channel":"Security","provider":"Microsoft-Windows-Security-Auditing","logon_id":"ce74f02984a30b59","process_id":18167,"image_path":"","run_as":"","publisher":"","update_state":"installed","agent_build":"2026.09.2"},{"timestamp":"2026-09-14T00:14:29.400Z","computer":"srv-091","event_id":4688,"record_id":100322,"user":"employee-73","source_ip":"10.11.1.20","target":"logon-session","logon_type":null,"change_ticket":"","result":"success","channel":"Security","provider":"Microsoft-Windows-Security-Auditing","logon_id":"ce74f02984a30b59","process_id":11442,"image_path":"C:/Program Files/ApprovedAgent/agent.exe","run_as":"","publisher":"Approved Software Team","update_state":"installed","agent_build":"2026.09.3"},{"timestamp":"2026-09-14T00:14:32.100Z","computer":"srv-077","event_id":4625,"record_id":100323,"user":"employee-207","source_ip":"10.10.4.26","target":"logon-session","logon_type":10,"change_ticket":"","result":"failure","channel":"Security","provider":"Microsoft-Windows-Security-Auditing","logon_id":"ce74f02984a30b59","process_id":15852,"image_path":"","run_as":"","publisher":"","update_state":"installed","agent_build":"2026.09.4"},{"timestamp":"2026-09-14T00:14:34.800Z","computer":"srv-084","event_id":4698,"record_id":100324,"user":"employee-60","source_ip":"10.11.1.13","target":"Approved-Maintenance","logon_type":null,"change_ticket":"CHG-DEPLOY-18","result":"success","channel":"Security","provider":"Microsoft-Windows-Security-Auditing","logon_id":"9a41bc4560b54a97","process_id":19935,"image_path":"C:/Program Files/ApprovedAgent/agent.exe","run_as":"svc-agent","publisher":"Approved Software Team","update_state":"installed","agent_build":"2026.09.1"},{"timestamp":"2026-09-14T00:14:37.500Z","computer":"srv-075","event_id":4728,"record_id":100325,"user":"deployment-admin","source_ip":"10.10.4.24","target":"Project-Readers","logon_type":null,"change_ticket":"CHG-DEPLOY-18","result":"success","channel":"Security","provider":"Microsoft-Windows-Security-Auditing","logon_id":"9a41bc4560b54a97","process_id":2241,"image_path":"","run_as":"","publisher":"","update_state":"installed","agent_build":"2026.09.2"},{"timestamp":"2026-09-14T00:14:40.200Z","computer":"srv-002","event_id":4697,"record_id":100326,"user":"employee-253","source_ip":"10.10.1.11","target":"ApprovedAgent","logon_type":null,"change_ticket":"CHG-DEPLOY-18","result":"success","channel":"Security","provider":"Microsoft-Windows-Security-Auditing","logon_id":"9a41bc4560b54a97","process_id":13756,"image_path":"C:/Program Files/ApprovedAgent/agent.exe","run_as":"svc-agent","publisher":"Approved Software Team","update_state":"installed","agent_build":"2026.09.3"},{"timestamp":"2026-09-14T00:14:42.900Z","computer":"srv-198","event_id":4624,"record_id":100327,"user":"employee-39","source_ip":"10.12.2.27","target":"logon-session","logon_type":2,"change_ticket":"","result":"success","channel":"Security","provider":"Microsoft-Windows-Security-Auditing","logon_id":"9a41bc4560b54a97","process_id":6392,"image_path":"","run_as":"","publisher":"","update_state":"installed","agent_build":"2026.09.4"},{"timestamp":"2026-09-14T00:14:45.600Z","computer":"srv-146","event_id":4624,"record_id":100328,"user":"employee-251","source_ip":"10.11.4.15","target":"logon-session","logon_type":3,"change_ticket":"","result":"success","channel":"Security","provider":"Microsoft-Windows-Security-Auditing","logon_id":"3a2ef226e7dc8538","process_id":2001,"image_path":"","run_as":"","publisher":"","update_state":"installed","agent_build":"2026.09.1"},{"timestamp":"2026-09-14T00:14:48.300Z","computer":"srv-193","event_id":4634,"record_id":100329,"user":"employee-400","source_ip":"10.12.2.22","target":"logon-session","logon_type":10,"change_ticket":"","result":"success","channel":"Security","provider":"Microsoft-Windows-Security-Auditing","logon_id":"3a2ef226e7dc8538","process_id":17923,"image_path":"","run_as":"","publisher":"","update_state":"failed","agent_build":"2026.09.2"},{"timestamp":"2026-09-14T00:14:51.000Z","computer":"srv-081","event_id":4688,"record_id":100330,"user":"employee-446","source_ip":"10.11.1.10","target":"logon-session","logon_type":null,"change_ticket":"","result":"success","channel":"Security","provider":"Microsoft-Windows-Security-Auditing","logon_id":"3a2ef226e7dc8538","process_id":20791,"image_path":"C:/Program Files/ApprovedAgent/agent.exe","run_as":"","publisher":"Approved Software Team","update_state":"installed","agent_build":"2026.09.3"},{"timestamp":"2026-09-14T00:14:53.700Z","computer":"srv-207","event_id":4625,"record_id":100331,"user":"employee-136","source_ip":"10.12.3.16","target":"logon-session","logon_type":3,"change_ticket":"","result":"failure","channel":"Security","provider":"Microsoft-Windows-Security-Auditing","logon_id":"3a2ef226e7dc8538","process_id":7521,"image_path":"","run_as":"","publisher":"","update_state":"installed","agent_build":"2026.09.4"},{"timestamp":"2026-09-14T00:14:56.400Z","computer":"srv-095","event_id":4698,"record_id":100332,"user":"employee-349","source_ip":"10.11.1.24","target":"Approved-Maintenance","logon_type":null,"change_ticket":"CHG-DEPLOY-18","result":"success","channel":"Security","provider":"Microsoft-Windows-Security-Auditing","logon_id":"aa930d14bef24864","process_id":11639,"image_path":"C:/Program Files/ApprovedAgent/agent.exe","run_as":"svc-agent","publisher":"Approved Software Team","update_state":"installed","agent_build":"2026.09.1"},{"timestamp":"2026-09-14T00:14:59.100Z","computer":"srv-062","event_id":4728,"record_id":100333,"user":"employee-44","source_ip":"10.10.4.11","target":"Project-Readers","logon_type":null,"change_ticket":"CHG-DEPLOY-18","result":"success","channel":"Security","provider":"Microsoft-Windows-Security-Auditing","logon_id":"aa930d14bef24864","process_id":9128,"image_path":"","run_as":"","publisher":"","update_state":"installed","agent_build":"2026.09.2"},{"timestamp":"2026-09-14T00:15:01.800Z","computer":"srv-105","event_id":4697,"record_id":100334,"user":"employee-87","source_ip":"10.11.2.14","target":"ApprovedAgent","logon_type":null,"change_ticket":"CHG-DEPLOY-18","result":"success","channel":"Security","provider":"Microsoft-Windows-Security-Auditing","logon_id":"aa930d14bef24864","process_id":17886,"image_path":"C:/Program Files/ApprovedAgent/agent.exe","run_as":"svc-agent","publisher":"Approved Software Team","update_state":"installed","agent_build":"2026.09.3"},{"timestamp":"2026-09-14T00:15:04.500Z","computer":"srv-094","event_id":4624,"record_id":100335,"user":"employee-330","source_ip":"10.11.1.23","target":"logon-session","logon_type":10,"change_ticket":"","result":"success","channel":"Security","provider":"Microsoft-Windows-Security-Auditing","logon_id":"aa930d14bef24864","process_id":24465,"image_path":"","run_as":"","publisher":"","update_state":"installed","agent_build":"2026.09.4"},{"timestamp":"2026-09-14T00:15:07.200Z","computer":"srv-010","event_id":4624,"record_id":100336,"user":"employee-218","source_ip":"10.10.1.19","target":"logon-session","logon_type":2,"change_ticket":"","result":"success","channel":"Security","provider":"Microsoft-Windows-Security-Auditing","logon_id":"1932fea6f8900580","process_id":16504,"image_path":"","run_as":"","publisher":"","update_state":"installed","agent_build":"2026.09.1"},{"timestamp":"2026-09-14T00:15:09.900Z","computer":"srv-036","event_id":4634,"record_id":100337,"user":"employee-454","source_ip":"10.10.2.25","target":"logon-session","logon_type":3,"change_ticket":"","result":"success","channel":"Security","provider":"Microsoft-Windows-Security-Auditing","logon_id":"1932fea6f8900580","process_id":15323,"image_path":"","run_as":"","publisher":"","update_state":"installed","agent_build":"2026.09.2"},{"timestamp":"2026-09-14T00:15:12.600Z","computer":"srv-223","event_id":4688,"record_id":100338,"user":"deployment-admin","source_ip":"10.12.4.12","target":"logon-session","logon_type":null,"change_ticket":"","result":"success","channel":"Security","provider":"Microsoft-Windows-Security-Auditing","logon_id":"1932fea6f8900580","process_id":20364,"image_path":"C:/Program Files/ApprovedAgent/agent.exe","run_as":"","publisher":"Approved Software Team","update_state":"installed","agent_build":"2026.09.3"},{"timestamp":"2026-09-14T00:15:15.300Z","computer":"srv-049","event_id":4625,"record_id":100339,"user":"employee-155","source_ip":"10.10.3.18","target":"logon-session","logon_type":2,"change_ticket":"","result":"failure","channel":"Security","provider":"Microsoft-Windows-Security-Auditing","logon_id":"1932fea6f8900580","process_id":5297,"image_path":"","run_as":"","publisher":"","update_state":"installed","agent_build":"2026.09.4"},{"timestamp":"2026-09-14T00:15:18.000Z","computer":"srv-083","event_id":4698,"record_id":100340,"user":"employee-48","source_ip":"10.11.1.12","target":"Approved-Maintenance","logon_type":null,"change_ticket":"CHG-DEPLOY-18","result":"success","channel":"Security","provider":"Microsoft-Windows-Security-Auditing","logon_id":"966d5afa187d8715","process_id":7645,"image_path":"C:/Program Files/ApprovedAgent/agent.exe","run_as":"svc-agent","publisher":"Approved Software Team","update_state":"installed","agent_build":"2026.09.1"},{"timestamp":"2026-09-14T00:15:20.700Z","computer":"srv-107","event_id":4728,"record_id":100341,"user":"employee-281","source_ip":"10.11.2.16","target":"Project-Readers","logon_type":null,"change_ticket":"CHG-DEPLOY-18","result":"success","channel":"Security","provider":"Microsoft-Windows-Security-Auditing","logon_id":"966d5afa187d8715","process_id":5524,"image_path":"","run_as":"","publisher":"","update_state":"restart-pending","agent_build":"2026.09.2"},{"timestamp":"2026-09-14T00:15:23.400Z","computer":"srv-209","event_id":4697,"record_id":100342,"user":"employee-182","source_ip":"10.12.3.18","target":"ApprovedAgent","logon_type":null,"change_ticket":"CHG-DEPLOY-18","result":"success","channel":"Security","provider":"Microsoft-Windows-Security-Auditing","logon_id":"966d5afa187d8715","process_id":11722,"image_path":"C:/Program Files/ApprovedAgent/agent.exe","run_as":"svc-agent","publisher":"Approved Software Team","update_state":"installed","agent_build":"2026.09.3"},{"timestamp":"2026-09-14T00:15:26.100Z","computer":"srv-108","event_id":4624,"record_id":100343,"user":"employee-477","source_ip":"10.11.2.17","target":"logon-session","logon_type":3,"change_ticket":"","result":"success","channel":"Security","provider":"Microsoft-Windows-Security-Auditing","logon_id":"966d5afa187d8715","process_id":18179,"image_path":"","run_as":"","publisher":"","update_state":"installed","agent_build":"2026.09.4"},{"timestamp":"2026-09-14T00:15:28.800Z","computer":"srv-091","event_id":4624,"record_id":100344,"user":"employee-115","source_ip":"10.11.1.20","target":"logon-session","logon_type":10,"change_ticket":"","result":"success","channel":"Security","provider":"Microsoft-Windows-Security-Auditing","logon_id":"3dd657976320ab53","process_id":9614,"image_path":"","run_as":"","publisher":"","update_state":"installed","agent_build":"2026.09.1"},{"timestamp":"2026-09-14T00:15:31.500Z","computer":"srv-171","event_id":4634,"record_id":100345,"user":"employee-470","source_ip":"10.12.1.20","target":"logon-session","logon_type":2,"change_ticket":"","result":"success","channel":"Security","provider":"Microsoft-Windows-Security-Auditing","logon_id":"3dd657976320ab53","process_id":22253,"image_path":"","run_as":"","publisher":"","update_state":"installed","agent_build":"2026.09.2"},{"timestamp":"2026-09-14T00:15:34.200Z","computer":"srv-191","event_id":4688,"record_id":100346,"user":"employee-450","source_ip":"10.12.2.20","target":"logon-session","logon_type":null,"change_ticket":"","result":"success","channel":"Security","provider":"Microsoft-Windows-Security-Auditing","logon_id":"3dd657976320ab53","process_id":17669,"image_path":"C:/Program Files/ApprovedAgent/agent.exe","run_as":"","publisher":"Approved Software Team","update_state":"installed","agent_build":"2026.09.3"},{"timestamp":"2026-09-14T00:15:36.900Z","computer":"srv-104","event_id":4625,"record_id":100347,"user":"employee-412","source_ip":"10.11.2.13","target":"logon-session","logon_type":10,"change_ticket":"","result":"failure","channel":"Security","provider":"Microsoft-Windows-Security-Auditing","logon_id":"3dd657976320ab53","process_id":13898,"image_path":"","run_as":"","publisher":"","update_state":"installed","agent_build":"2026.09.4"},{"timestamp":"2026-09-14T00:15:39.600Z","computer":"srv-168","event_id":4698,"record_id":100348,"user":"employee-144","source_ip":"10.12.1.17","target":"Approved-Maintenance","logon_type":null,"change_ticket":"CHG-DEPLOY-18","result":"success","channel":"Security","provider":"Microsoft-Windows-Security-Auditing","logon_id":"3e9d1f24456d9c93","process_id":9797,"image_path":"C:/Program Files/ApprovedAgent/agent.exe","run_as":"svc-agent","publisher":"Approved Software Team","update_state":"installed","agent_build":"2026.09.1"},{"timestamp":"2026-09-14T00:15:42.300Z","computer":"srv-064","event_id":4728,"record_id":100349,"user":"employee-157","source_ip":"10.10.4.13","target":"Project-Readers","logon_type":null,"change_ticket":"CHG-DEPLOY-18","result":"success","channel":"Security","provider":"Microsoft-Windows-Security-Auditing","logon_id":"3e9d1f24456d9c93","process_id":1049,"image_path":"","run_as":"","publisher":"","update_state":"installed","agent_build":"2026.09.2"},{"timestamp":"2026-09-14T00:15:45.000Z","computer":"srv-011","event_id":4697,"record_id":100350,"user":"employee-234","source_ip":"10.10.1.20","target":"ApprovedAgent","logon_type":null,"change_ticket":"CHG-DEPLOY-18","result":"success","channel":"Security","provider":"Microsoft-Windows-Security-Auditing","logon_id":"3e9d1f24456d9c93","process_id":4653,"image_path":"C:/Program Files/ApprovedAgent/agent.exe","run_as":"svc-agent","publisher":"Approved Software Team","update_state":"installed","agent_build":"2026.09.3"},{"timestamp":"2026-09-14T00:15:47.700Z","computer":"srv-168","event_id":4624,"record_id":100351,"user":"deployment-admin","source_ip":"10.12.1.17","target":"logon-session","logon_type":2,"change_ticket":"","result":"success","channel":"Security","provider":"Microsoft-Windows-Security-Auditing","logon_id":"3e9d1f24456d9c93","process_id":4798,"image_path":"","run_as":"","publisher":"","update_state":"installed","agent_build":"2026.09.4"},{"timestamp":"2026-09-14T00:15:50.400Z","computer":"srv-141","event_id":4624,"record_id":100352,"user":"employee-232","source_ip":"10.11.4.10","target":"logon-session","logon_type":3,"change_ticket":"","result":"success","channel":"Security","provider":"Microsoft-Windows-Security-Auditing","logon_id":"87e11cc0bdad4bac","process_id":22993,"image_path":"","run_as":"","publisher":"","update_state":"installed","agent_build":"2026.09.1"},{"timestamp":"2026-09-14T00:15:53.100Z","computer":"srv-171","event_id":4634,"record_id":100353,"user":"employee-25","source_ip":"10.12.1.20","target":"logon-session","logon_type":10,"change_ticket":"","result":"success","channel":"Security","provider":"Microsoft-Windows-Security-Auditing","logon_id":"87e11cc0bdad4bac","process_id":1632,"image_path":"","run_as":"","publisher":"","update_state":"installed","agent_build":"2026.09.2"},{"timestamp":"2026-09-14T00:15:55.800Z","computer":"srv-144","event_id":4688,"record_id":100354,"user":"employee-362","source_ip":"10.11.4.13","target":"logon-session","logon_type":null,"change_ticket":"","result":"success","channel":"Security","provider":"Microsoft-Windows-Security-Auditing","logon_id":"87e11cc0bdad4bac","process_id":1338,"image_path":"C:/Program Files/ApprovedAgent/agent.exe","run_as":"","publisher":"Approved Software Team","update_state":"no-report","agent_build":"2026.09.3"},{"timestamp":"2026-09-14T00:15:58.500Z","computer":"srv-138","event_id":4625,"record_id":100355,"user":"employee-317","source_ip":"10.11.3.27","target":"logon-session","logon_type":3,"change_ticket":"","result":"failure","channel":"Security","provider":"Microsoft-Windows-Security-Auditing","logon_id":"87e11cc0bdad4bac","process_id":24133,"image_path":"","run_as":"","publisher":"","update_state":"installed","agent_build":"2026.09.4"},{"timestamp":"2026-09-14T00:16:01.200Z","computer":"srv-215","event_id":4698,"record_id":100356,"user":"employee-346","source_ip":"10.12.3.24","target":"Approved-Maintenance","logon_type":null,"change_ticket":"CHG-DEPLOY-18","result":"success","channel":"Security","provider":"Microsoft-Windows-Security-Auditing","logon_id":"f797c0646be492ca","process_id":20456,"image_path":"C:/Program Files/ApprovedAgent/agent.exe","run_as":"svc-agent","publisher":"Approved Software Team","update_state":"installed","agent_build":"2026.09.1"},{"timestamp":"2026-09-14T00:16:03.900Z","computer":"srv-221","event_id":4728,"record_id":100357,"user":"employee-152","source_ip":"10.12.4.10","target":"Project-Readers","logon_type":null,"change_ticket":"CHG-DEPLOY-18","result":"success","channel":"Security","provider":"Microsoft-Windows-Security-Auditing","logon_id":"f797c0646be492ca","process_id":16087,"image_path":"","run_as":"","publisher":"","update_state":"installed","agent_build":"2026.09.2"},{"timestamp":"2026-09-14T00:16:06.600Z","computer":"srv-190","event_id":4697,"record_id":100358,"user":"employee-277","source_ip":"10.12.2.19","target":"ApprovedAgent","logon_type":null,"change_ticket":"CHG-DEPLOY-18","result":"success","channel":"Security","provider":"Microsoft-Windows-Security-Auditing","logon_id":"f797c0646be492ca","process_id":16592,"image_path":"C:/Program Files/ApprovedAgent/agent.exe","run_as":"svc-agent","publisher":"Approved Software Team","update_state":"installed","agent_build":"2026.09.3"},{"timestamp":"2026-09-14T00:16:09.300Z","computer":"srv-234","event_id":4624,"record_id":100359,"user":"employee-420","source_ip":"10.12.4.23","target":"logon-session","logon_type":10,"change_ticket":"","result":"success","channel":"Security","provider":"Microsoft-Windows-Security-Auditing","logon_id":"f797c0646be492ca","process_id":17207,"image_path":"","run_as":"","publisher":"","update_state":"installed","agent_build":"2026.09.4"},{"timestamp":"2026-09-14T00:16:12.000Z","computer":"srv-087","event_id":4624,"record_id":100360,"user":"employee-207","source_ip":"10.11.1.16","target":"logon-session","logon_type":2,"change_ticket":"","result":"success","channel":"Security","provider":"Microsoft-Windows-Security-Auditing","logon_id":"6d6fcf7065703c22","process_id":13042,"image_path":"","run_as":"","publisher":"","update_state":"installed","agent_build":"2026.09.1"},{"timestamp":"2026-09-14T00:16:14.700Z","computer":"srv-237","event_id":4634,"record_id":100361,"user":"employee-373","source_ip":"10.12.4.26","target":"logon-session","logon_type":3,"change_ticket":"","result":"success","channel":"Security","provider":"Microsoft-Windows-Security-Auditing","logon_id":"6d6fcf7065703c22","process_id":22906,"image_path":"","run_as":"","publisher":"","update_state":"installed","agent_build":"2026.09.2"},{"timestamp":"2026-09-14T00:16:17.400Z","computer":"srv-053","event_id":4688,"record_id":100362,"user":"employee-181","source_ip":"10.10.3.22","target":"logon-session","logon_type":null,"change_ticket":"","result":"success","channel":"Security","provider":"Microsoft-Windows-Security-Auditing","logon_id":"6d6fcf7065703c22","process_id":8913,"image_path":"C:/Program Files/ApprovedAgent/agent.exe","run_as":"","publisher":"Approved Software Team","update_state":"installed","agent_build":"2026.09.3"},{"timestamp":"2026-09-14T00:16:20.100Z","computer":"srv-139","event_id":4625,"record_id":100363,"user":"employee-176","source_ip":"10.11.3.28","target":"logon-session","logon_type":2,"change_ticket":"","result":"failure","channel":"Security","provider":"Microsoft-Windows-Security-Auditing","logon_id":"6d6fcf7065703c22","process_id":3020,"image_path":"","run_as":"","publisher":"","update_state":"installed","agent_build":"2026.09.4"},{"timestamp":"2026-09-14T00:16:22.800Z","computer":"srv-138","event_id":4698,"record_id":100364,"user":"deployment-admin","source_ip":"10.11.3.27","target":"Approved-Maintenance","logon_type":null,"change_ticket":"CHG-DEPLOY-18","result":"success","channel":"Security","provider":"Microsoft-Windows-Security-Auditing","logon_id":"17b89121d4271e81","process_id":18439,"image_path":"C:/Program Files/ApprovedAgent/agent.exe","run_as":"svc-agent","publisher":"Approved Software Team","update_state":"installed","agent_build":"2026.09.1"},{"timestamp":"2026-09-14T00:16:25.500Z","computer":"srv-190","event_id":4728,"record_id":100365,"user":"employee-312","source_ip":"10.12.2.19","target":"Project-Readers","logon_type":null,"change_ticket":"CHG-DEPLOY-18","result":"success","channel":"Security","provider":"Microsoft-Windows-Security-Auditing","logon_id":"17b89121d4271e81","process_id":12199,"image_path":"","run_as":"","publisher":"","update_state":"installed","agent_build":"2026.09.2"},{"timestamp":"2026-09-14T00:16:28.200Z","computer":"srv-102","event_id":4697,"record_id":100366,"user":"employee-446","source_ip":"10.11.2.11","target":"ApprovedAgent","logon_type":null,"change_ticket":"CHG-DEPLOY-18","result":"success","channel":"Security","provider":"Microsoft-Windows-Security-Auditing","logon_id":"17b89121d4271e81","process_id":6849,"image_path":"C:/Program Files/ApprovedAgent/agent.exe","run_as":"svc-agent","publisher":"Approved Software Team","update_state":"installed","agent_build":"2026.09.3"},{"timestamp":"2026-09-14T00:16:30.900Z","computer":"srv-110","event_id":4624,"record_id":100367,"user":"employee-195","source_ip":"10.11.2.19","target":"logon-session","logon_type":3,"change_ticket":"","result":"success","channel":"Security","provider":"Microsoft-Windows-Security-Auditing","logon_id":"17b89121d4271e81","process_id":5629,"image_path":"","run_as":"","publisher":"","update_state":"installed","agent_build":"2026.09.4"},{"timestamp":"2026-09-14T00:16:33.600Z","computer":"srv-237","event_id":4624,"record_id":100368,"user":"employee-118","source_ip":"10.12.4.26","target":"logon-session","logon_type":10,"change_ticket":"","result":"success","channel":"Security","provider":"Microsoft-Windows-Security-Auditing","logon_id":"e34398c1c34bebd7","process_id":15487,"image_path":"","run_as":"","publisher":"","update_state":"installed","agent_build":"2026.09.1"},{"timestamp":"2026-09-14T00:16:36.300Z","computer":"srv-205","event_id":4634,"record_id":100369,"user":"employee-281","source_ip":"10.12.3.14","target":"logon-session","logon_type":2,"change_ticket":"","result":"success","channel":"Security","provider":"Microsoft-Windows-Security-Auditing","logon_id":"e34398c1c34bebd7","process_id":21948,"image_path":"","run_as":"","publisher":"","update_state":"installed","agent_build":"2026.09.2"},{"timestamp":"2026-09-14T00:16:39.000Z","computer":"srv-010","event_id":4688,"record_id":100370,"user":"employee-109","source_ip":"10.10.1.19","target":"logon-session","logon_type":null,"change_ticket":"","result":"success","channel":"Security","provider":"Microsoft-Windows-Security-Auditing","logon_id":"e34398c1c34bebd7","process_id":1685,"image_path":"C:/Program Files/ApprovedAgent/agent.exe","run_as":"","publisher":"Approved Software Team","update_state":"installed","agent_build":"2026.09.3"},{"timestamp":"2026-09-14T00:16:41.700Z","computer":"srv-109","event_id":4625,"record_id":100371,"user":"employee-380","source_ip":"10.11.2.18","target":"logon-session","logon_type":10,"change_ticket":"","result":"failure","channel":"Security","provider":"Microsoft-Windows-Security-Auditing","logon_id":"e34398c1c34bebd7","process_id":1066,"image_path":"","run_as":"","publisher":"","update_state":"installed","agent_build":"2026.09.4"},{"timestamp":"2026-09-14T00:16:44.400Z","computer":"srv-165","event_id":4698,"record_id":100372,"user":"employee-402","source_ip":"10.12.1.14","target":"Approved-Maintenance","logon_type":null,"change_ticket":"CHG-DEPLOY-18","result":"success","channel":"Security","provider":"Microsoft-Windows-Security-Auditing","logon_id":"7ade310db3cea9ba","process_id":19088,"image_path":"C:/Program Files/ApprovedAgent/agent.exe","run_as":"svc-agent","publisher":"Approved Software Team","update_state":"restart-pending","agent_build":"2026.09.1"},{"timestamp":"2026-09-14T00:16:47.100Z","computer":"srv-192","event_id":4728,"record_id":100373,"user":"employee-362","source_ip":"10.12.2.21","target":"Project-Readers","logon_type":null,"change_ticket":"CHG-DEPLOY-18","result":"success","channel":"Security","provider":"Microsoft-Windows-Security-Auditing","logon_id":"7ade310db3cea9ba","process_id":15510,"image_path":"","run_as":"","publisher":"","update_state":"installed","agent_build":"2026.09.2"},{"timestamp":"2026-09-14T00:16:49.800Z","computer":"srv-005","event_id":4697,"record_id":100374,"user":"employee-272","source_ip":"10.10.1.14","target":"ApprovedAgent","logon_type":null,"change_ticket":"CHG-DEPLOY-18","result":"success","channel":"Security","provider":"Microsoft-Windows-Security-Auditing","logon_id":"7ade310db3cea9ba","process_id":15663,"image_path":"C:/Program Files/ApprovedAgent/agent.exe","run_as":"svc-agent","publisher":"Approved Software Team","update_state":"installed","agent_build":"2026.09.3"},{"timestamp":"2026-09-14T00:16:52.500Z","computer":"srv-190","event_id":4624,"record_id":100375,"user":"employee-396","source_ip":"10.12.2.19","target":"logon-session","logon_type":2,"change_ticket":"","result":"success","channel":"Security","provider":"Microsoft-Windows-Security-Auditing","logon_id":"7ade310db3cea9ba","process_id":13813,"image_path":"","run_as":"","publisher":"","update_state":"installed","agent_build":"2026.09.4"},{"timestamp":"2026-09-14T00:16:55.200Z","computer":"srv-038","event_id":4624,"record_id":100376,"user":"employee-97","source_ip":"10.10.2.27","target":"logon-session","logon_type":3,"change_ticket":"","result":"success","channel":"Security","provider":"Microsoft-Windows-Security-Auditing","logon_id":"c7531bc52c96e085","process_id":13532,"image_path":"","run_as":"","publisher":"","update_state":"failed","agent_build":"2026.09.1"},{"timestamp":"2026-09-14T00:16:57.900Z","computer":"srv-205","event_id":4634,"record_id":100377,"user":"deployment-admin","source_ip":"10.12.3.14","target":"logon-session","logon_type":10,"change_ticket":"","result":"success","channel":"Security","provider":"Microsoft-Windows-Security-Auditing","logon_id":"c7531bc52c96e085","process_id":19266,"image_path":"","run_as":"","publisher":"","update_state":"installed","agent_build":"2026.09.2"},{"timestamp":"2026-09-14T00:17:00.600Z","computer":"srv-179","event_id":4688,"record_id":100378,"user":"employee-73","source_ip":"10.12.1.28","target":"logon-session","logon_type":null,"change_ticket":"","result":"success","channel":"Security","provider":"Microsoft-Windows-Security-Auditing","logon_id":"c7531bc52c96e085","process_id":13902,"image_path":"C:/Program Files/ApprovedAgent/agent.exe","run_as":"","publisher":"Approved Software Team","update_state":"installed","agent_build":"2026.09.3"},{"timestamp":"2026-09-14T00:17:03.300Z","computer":"srv-082","event_id":4625,"record_id":100379,"user":"employee-343","source_ip":"10.11.1.11","target":"logon-session","logon_type":3,"change_ticket":"","result":"failure","channel":"Security","provider":"Microsoft-Windows-Security-Auditing","logon_id":"c7531bc52c96e085","process_id":2948,"image_path":"","run_as":"","publisher":"","update_state":"installed","agent_build":"2026.09.4"},{"timestamp":"2026-09-14T00:17:06.000Z","computer":"srv-176","event_id":4698,"record_id":100380,"user":"employee-192","source_ip":"10.12.1.25","target":"Approved-Maintenance","logon_type":null,"change_ticket":"CHG-DEPLOY-18","result":"success","channel":"Security","provider":"Microsoft-Windows-Security-Auditing","logon_id":"d4bde2b1aea5f1a6","process_id":10201,"image_path":"C:/Program Files/ApprovedAgent/agent.exe","run_as":"svc-agent","publisher":"Approved Software Team","update_state":"installed","agent_build":"2026.09.1"},{"timestamp":"2026-09-14T00:17:08.700Z","computer":"srv-217","event_id":4728,"record_id":100381,"user":"employee-318","source_ip":"10.12.3.26","target":"Project-Readers","logon_type":null,"change_ticket":"CHG-DEPLOY-18","result":"success","channel":"Security","provider":"Microsoft-Windows-Security-Auditing","logon_id":"d4bde2b1aea5f1a6","process_id":24517,"image_path":"","run_as":"","publisher":"","update_state":"installed","agent_build":"2026.09.2"},{"timestamp":"2026-09-14T00:17:11.400Z","computer":"srv-024","event_id":4697,"record_id":100382,"user":"employee-155","source_ip":"10.10.2.13","target":"ApprovedAgent","logon_type":null,"change_ticket":"CHG-DEPLOY-18","result":"success","channel":"Security","provider":"Microsoft-Windows-Security-Auditing","logon_id":"d4bde2b1aea5f1a6","process_id":19040,"image_path":"C:/Program Files/ApprovedAgent/agent.exe","run_as":"svc-agent","publisher":"Approved Software Team","update_state":"installed","agent_build":"2026.09.3"},{"timestamp":"2026-09-14T00:17:14.100Z","computer":"srv-207","event_id":4624,"record_id":100383,"user":"employee-7","source_ip":"10.12.3.16","target":"logon-session","logon_type":10,"change_ticket":"","result":"success","channel":"Security","provider":"Microsoft-Windows-Security-Auditing","logon_id":"d4bde2b1aea5f1a6","process_id":10520,"image_path":"","run_as":"","publisher":"","update_state":"installed","agent_build":"2026.09.4"},{"timestamp":"2026-09-14T00:17:16.800Z","computer":"srv-175","event_id":4624,"record_id":100384,"user":"employee-264","source_ip":"10.12.1.24","target":"logon-session","logon_type":2,"change_ticket":"","result":"success","channel":"Security","provider":"Microsoft-Windows-Security-Auditing","logon_id":"07e132a2216d17e1","process_id":23013,"image_path":"","run_as":"","publisher":"","update_state":"installed","agent_build":"2026.09.1"},{"timestamp":"2026-09-14T00:17:19.500Z","computer":"srv-215","event_id":4634,"record_id":100385,"user":"employee-442","source_ip":"10.12.3.24","target":"logon-session","logon_type":3,"change_ticket":"","result":"success","channel":"Security","provider":"Microsoft-Windows-Security-Auditing","logon_id":"07e132a2216d17e1","process_id":11764,"image_path":"","run_as":"","publisher":"","update_state":"installed","agent_build":"2026.09.2"},{"timestamp":"2026-09-14T00:17:22.200Z","computer":"srv-133","event_id":4688,"record_id":100386,"user":"employee-269","source_ip":"10.11.3.22","target":"logon-session","logon_type":null,"change_ticket":"","result":"success","channel":"Security","provider":"Microsoft-Windows-Security-Auditing","logon_id":"07e132a2216d17e1","process_id":10905,"image_path":"C:/Program Files/ApprovedAgent/agent.exe","run_as":"","publisher":"Approved Software Team","update_state":"installed","agent_build":"2026.09.3"},{"timestamp":"2026-09-14T00:17:24.900Z","computer":"srv-156","event_id":4625,"record_id":100387,"user":"employee-1","source_ip":"10.11.4.25","target":"logon-session","logon_type":2,"change_ticket":"","result":"failure","channel":"Security","provider":"Microsoft-Windows-Security-Auditing","logon_id":"07e132a2216d17e1","process_id":22670,"image_path":"","run_as":"","publisher":"","update_state":"installed","agent_build":"2026.09.4"},{"timestamp":"2026-09-14T00:17:27.600Z","computer":"srv-178","event_id":4698,"record_id":100388,"user":"employee-120","source_ip":"10.12.1.27","target":"Approved-Maintenance","logon_type":null,"change_ticket":"CHG-DEPLOY-18","result":"success","channel":"Security","provider":"Microsoft-Windows-Security-Auditing","logon_id":"a5c89d931fa1c260","process_id":9193,"image_path":"C:/Program Files/ApprovedAgent/agent.exe","run_as":"svc-agent","publisher":"Approved Software Team","update_state":"installed","agent_build":"2026.09.1"},{"timestamp":"2026-09-14T00:17:30.300Z","computer":"srv-066","event_id":4728,"record_id":100389,"user":"employee-358","source_ip":"10.10.4.15","target":"Project-Readers","logon_type":null,"change_ticket":"CHG-DEPLOY-18","result":"success","channel":"Security","provider":"Microsoft-Windows-Security-Auditing","logon_id":"a5c89d931fa1c260","process_id":16986,"image_path":"","run_as":"","publisher":"","update_state":"installed","agent_build":"2026.09.2"},{"timestamp":"2026-09-14T00:17:33.000Z","computer":"srv-132","event_id":4697,"record_id":100390,"user":"deployment-admin","source_ip":"10.11.3.21","target":"ApprovedAgent","logon_type":null,"change_ticket":"CHG-DEPLOY-18","result":"success","channel":"Security","provider":"Microsoft-Windows-Security-Auditing","logon_id":"a5c89d931fa1c260","process_id":3063,"image_path":"C:/Program Files/ApprovedAgent/agent.exe","run_as":"svc-agent","publisher":"Approved Software Team","update_state":"installed","agent_build":"2026.09.3"},{"timestamp":"2026-09-14T00:17:35.700Z","computer":"srv-076","event_id":4624,"record_id":100391,"user":"employee-15","source_ip":"10.10.4.25","target":"logon-session","logon_type":3,"change_ticket":"","result":"success","channel":"Security","provider":"Microsoft-Windows-Security-Auditing","logon_id":"a5c89d931fa1c260","process_id":19796,"image_path":"","run_as":"","publisher":"","update_state":"installed","agent_build":"2026.09.4"},{"timestamp":"2026-09-14T00:17:38.400Z","computer":"srv-014","event_id":4624,"record_id":100392,"user":"employee-32","source_ip":"10.10.1.23","target":"logon-session","logon_type":10,"change_ticket":"","result":"success","channel":"Security","provider":"Microsoft-Windows-Security-Auditing","logon_id":"029aa5b97a72bda8","process_id":21100,"image_path":"","run_as":"","publisher":"","update_state":"installed","agent_build":"2026.09.1"},{"timestamp":"2026-09-14T00:17:41.100Z","computer":"srv-078","event_id":4634,"record_id":100393,"user":"employee-405","source_ip":"10.10.4.27","target":"logon-session","logon_type":2,"change_ticket":"","result":"success","channel":"Security","provider":"Microsoft-Windows-Security-Auditing","logon_id":"029aa5b97a72bda8","process_id":12671,"image_path":"","run_as":"","publisher":"","update_state":"installed","agent_build":"2026.09.2"},{"timestamp":"2026-09-14T00:17:43.800Z","computer":"srv-016","event_id":4688,"record_id":100394,"user":"employee-376","source_ip":"10.10.1.25","target":"logon-session","logon_type":null,"change_ticket":"","result":"success","channel":"Security","provider":"Microsoft-Windows-Security-Auditing","logon_id":"029aa5b97a72bda8","process_id":21827,"image_path":"C:/Program Files/ApprovedAgent/agent.exe","run_as":"","publisher":"Approved Software Team","update_state":"installed","agent_build":"2026.09.3"},{"timestamp":"2026-09-14T00:17:46.500Z","computer":"srv-011","event_id":4625,"record_id":100395,"user":"employee-227","source_ip":"10.10.1.20","target":"logon-session","logon_type":10,"change_ticket":"","result":"failure","channel":"Security","provider":"Microsoft-Windows-Security-Auditing","logon_id":"029aa5b97a72bda8","process_id":10318,"image_path":"","run_as":"","publisher":"","update_state":"installed","agent_build":"2026.09.4"},{"timestamp":"2026-09-14T00:17:49.200Z","computer":"srv-119","event_id":4698,"record_id":100396,"user":"employee-87","source_ip":"10.11.2.28","target":"Approved-Maintenance","logon_type":null,"change_ticket":"CHG-DEPLOY-18","result":"success","channel":"Security","provider":"Microsoft-Windows-Security-Auditing","logon_id":"340873f85f20f95b","process_id":22552,"image_path":"C:/Program Files/ApprovedAgent/agent.exe","run_as":"svc-agent","publisher":"Approved Software Team","update_state":"installed","agent_build":"2026.09.1"},{"timestamp":"2026-09-14T00:17:51.900Z","computer":"srv-007","event_id":4728,"record_id":100397,"user":"employee-450","source_ip":"10.10.1.16","target":"Project-Readers","logon_type":null,"change_ticket":"CHG-DEPLOY-18","result":"success","channel":"Security","provider":"Microsoft-Windows-Security-Auditing","logon_id":"340873f85f20f95b","process_id":19782,"image_path":"","run_as":"","publisher":"","update_state":"installed","agent_build":"2026.09.2"},{"timestamp":"2026-09-14T00:17:54.600Z","computer":"srv-166","event_id":4697,"record_id":100398,"user":"employee-138","source_ip":"10.12.1.15","target":"ApprovedAgent","logon_type":null,"change_ticket":"CHG-DEPLOY-18","result":"success","channel":"Security","provider":"Microsoft-Windows-Security-Auditing","logon_id":"340873f85f20f95b","process_id":10768,"image_path":"C:/Program Files/ApprovedAgent/agent.exe","run_as":"svc-agent","publisher":"Approved Software Team","update_state":"installed","agent_build":"2026.09.3"},{"timestamp":"2026-09-14T00:17:57.300Z","computer":"srv-087","event_id":4624,"record_id":100399,"user":"employee-6","source_ip":"10.11.1.16","target":"logon-session","logon_type":2,"change_ticket":"","result":"success","channel":"Security","provider":"Microsoft-Windows-Security-Auditing","logon_id":"340873f85f20f95b","process_id":22172,"image_path":"","run_as":"","publisher":"","update_state":"installed","agent_build":"2026.09.4"},{"timestamp":"2026-09-14T00:18:00.000Z","computer":"srv-015","event_id":4624,"record_id":100400,"user":"employee-38","source_ip":"10.10.1.24","target":"logon-session","logon_type":3,"change_ticket":"","result":"success","channel":"Security","provider":"Microsoft-Windows-Security-Auditing","logon_id":"c8d96ea74bd55c04","process_id":10243,"image_path":"","run_as":"","publisher":"","update_state":"installed","agent_build":"2026.09.1"},{"timestamp":"2026-09-14T00:18:02.700Z","computer":"srv-136","event_id":4634,"record_id":100401,"user":"employee-304","source_ip":"10.11.3.25","target":"logon-session","logon_type":10,"change_ticket":"","result":"success","channel":"Security","provider":"Microsoft-Windows-Security-Auditing","logon_id":"c8d96ea74bd55c04","process_id":13853,"image_path":"","run_as":"","publisher":"","update_state":"installed","agent_build":"2026.09.2"},{"timestamp":"2026-09-14T00:18:05.400Z","computer":"srv-025","event_id":4688,"record_id":100402,"user":"employee-438","source_ip":"10.10.2.14","target":"logon-session","logon_type":null,"change_ticket":"","result":"success","channel":"Security","provider":"Microsoft-Windows-Security-Auditing","logon_id":"c8d96ea74bd55c04","process_id":10466,"image_path":"C:/Program Files/ApprovedAgent/agent.exe","run_as":"","publisher":"Approved Software Team","update_state":"installed","agent_build":"2026.09.3"},{"timestamp":"2026-09-14T00:18:08.100Z","computer":"srv-075","event_id":4625,"record_id":100403,"user":"deployment-admin","source_ip":"10.10.4.24","target":"logon-session","logon_type":3,"change_ticket":"","result":"failure","channel":"Security","provider":"Microsoft-Windows-Security-Auditing","logon_id":"c8d96ea74bd55c04","process_id":24160,"image_path":"","run_as":"","publisher":"","update_state":"restart-pending","agent_build":"2026.09.4"},{"timestamp":"2026-09-14T00:18:10.800Z","computer":"srv-180","event_id":4698,"record_id":100404,"user":"employee-457","source_ip":"10.12.1.29","target":"Approved-Maintenance","logon_type":null,"change_ticket":"CHG-DEPLOY-18","result":"success","channel":"Security","provider":"Microsoft-Windows-Security-Auditing","logon_id":"29f2c00754b9222f","process_id":18737,"image_path":"C:/Program Files/ApprovedAgent/agent.exe","run_as":"svc-agent","publisher":"Approved Software Team","update_state":"installed","agent_build":"2026.09.1"},{"timestamp":"2026-09-14T00:18:13.500Z","computer":"srv-011","event_id":4728,"record_id":100405,"user":"employee-476","source_ip":"10.10.1.20","target":"Project-Readers","logon_type":null,"change_ticket":"CHG-DEPLOY-18","result":"success","channel":"Security","provider":"Microsoft-Windows-Security-Auditing","logon_id":"29f2c00754b9222f","process_id":7647,"image_path":"","run_as":"","publisher":"","update_state":"installed","agent_build":"2026.09.2"},{"timestamp":"2026-09-14T00:18:16.200Z","computer":"srv-030","event_id":4697,"record_id":100406,"user":"employee-218","source_ip":"10.10.2.19","target":"ApprovedAgent","logon_type":null,"change_ticket":"CHG-DEPLOY-18","result":"success","channel":"Security","provider":"Microsoft-Windows-Security-Auditing","logon_id":"29f2c00754b9222f","process_id":24267,"image_path":"C:/Program Files/ApprovedAgent/agent.exe","run_as":"svc-agent","publisher":"Approved Software Team","update_state":"installed","agent_build":"2026.09.3"},{"timestamp":"2026-09-14T00:18:18.900Z","computer":"srv-210","event_id":4624,"record_id":100407,"user":"employee-152","source_ip":"10.12.3.19","target":"logon-session","logon_type":10,"change_ticket":"","result":"success","channel":"Security","provider":"Microsoft-Windows-Security-Auditing","logon_id":"29f2c00754b9222f","process_id":11768,"image_path":"","run_as":"","publisher":"","update_state":"installed","agent_build":"2026.09.4"},{"timestamp":"2026-09-14T00:18:21.600Z","computer":"srv-041","event_id":4624,"record_id":100408,"user":"employee-405","source_ip":"10.10.3.10","target":"logon-session","logon_type":2,"change_ticket":"","result":"success","channel":"Security","provider":"Microsoft-Windows-Security-Auditing","logon_id":"bc7cbe4f66a3f47c","process_id":14990,"image_path":"","run_as":"","publisher":"","update_state":"installed","agent_build":"2026.09.1"},{"timestamp":"2026-09-14T00:18:24.300Z","computer":"srv-232","event_id":4634,"record_id":100409,"user":"employee-199","source_ip":"10.12.4.21","target":"logon-session","logon_type":3,"change_ticket":"","result":"success","channel":"Security","provider":"Microsoft-Windows-Security-Auditing","logon_id":"bc7cbe4f66a3f47c","process_id":15543,"image_path":"","run_as":"","publisher":"","update_state":"installed","agent_build":"2026.09.2"},{"timestamp":"2026-09-14T00:18:27.000Z","computer":"srv-233","event_id":4688,"record_id":100410,"user":"employee-38","source_ip":"10.12.4.22","target":"logon-session","logon_type":null,"change_ticket":"","result":"success","channel":"Security","provider":"Microsoft-Windows-Security-Auditing","logon_id":"bc7cbe4f66a3f47c","process_id":10985,"image_path":"C:/Program Files/ApprovedAgent/agent.exe","run_as":"","publisher":"Approved Software Team","update_state":"installed","agent_build":"2026.09.3"},{"timestamp":"2026-09-14T00:18:29.700Z","computer":"srv-181","event_id":4625,"record_id":100411,"user":"employee-441","source_ip":"10.12.2.10","target":"logon-session","logon_type":2,"change_ticket":"","result":"failure","channel":"Security","provider":"Microsoft-Windows-Security-Auditing","logon_id":"bc7cbe4f66a3f47c","process_id":14965,"image_path":"","run_as":"","publisher":"","update_state":"installed","agent_build":"2026.09.4"},{"timestamp":"2026-09-14T00:18:32.400Z","computer":"srv-068","event_id":4698,"record_id":100412,"user":"employee-162","source_ip":"10.10.4.17","target":"Approved-Maintenance","logon_type":null,"change_ticket":"CHG-DEPLOY-18","result":"success","channel":"Security","provider":"Microsoft-Windows-Security-Auditing","logon_id":"3778ee613185af3d","process_id":6851,"image_path":"C:/Program Files/ApprovedAgent/agent.exe","run_as":"svc-agent","publisher":"Approved Software Team","update_state":"installed","agent_build":"2026.09.1"},{"timestamp":"2026-09-14T00:18:35.100Z","computer":"srv-119","event_id":4728,"record_id":100413,"user":"employee-217","source_ip":"10.11.2.28","target":"Project-Readers","logon_type":null,"change_ticket":"CHG-DEPLOY-18","result":"success","channel":"Security","provider":"Microsoft-Windows-Security-Auditing","logon_id":"3778ee613185af3d","process_id":12677,"image_path":"","run_as":"","publisher":"","update_state":"no-report","agent_build":"2026.09.2"},{"timestamp":"2026-09-14T00:18:37.800Z","computer":"srv-048","event_id":4697,"record_id":100414,"user":"employee-124","source_ip":"10.10.3.17","target":"ApprovedAgent","logon_type":null,"change_ticket":"CHG-DEPLOY-18","result":"success","channel":"Security","provider":"Microsoft-Windows-Security-Auditing","logon_id":"3778ee613185af3d","process_id":11329,"image_path":"C:/Program Files/ApprovedAgent/agent.exe","run_as":"svc-agent","publisher":"Approved Software Team","update_state":"installed","agent_build":"2026.09.3"},{"timestamp":"2026-09-14T00:18:40.500Z","computer":"srv-136","event_id":4624,"record_id":100415,"user":"employee-279","source_ip":"10.11.3.25","target":"logon-session","logon_type":3,"change_ticket":"","result":"success","channel":"Security","provider":"Microsoft-Windows-Security-Auditing","logon_id":"3778ee613185af3d","process_id":24383,"image_path":"","run_as":"","publisher":"","update_state":"installed","agent_build":"2026.09.4"},{"timestamp":"2026-09-14T00:18:43.200Z","computer":"srv-239","event_id":4624,"record_id":100416,"user":"deployment-admin","source_ip":"10.12.4.28","target":"logon-session","logon_type":10,"change_ticket":"","result":"success","channel":"Security","provider":"Microsoft-Windows-Security-Auditing","logon_id":"bf7a501e4fc234a0","process_id":3689,"image_path":"","run_as":"","publisher":"","update_state":"installed","agent_build":"2026.09.1"},{"timestamp":"2026-09-14T00:18:45.900Z","computer":"srv-030","event_id":4634,"record_id":100417,"user":"employee-97","source_ip":"10.10.2.19","target":"logon-session","logon_type":2,"change_ticket":"","result":"success","channel":"Security","provider":"Microsoft-Windows-Security-Auditing","logon_id":"bf7a501e4fc234a0","process_id":12270,"image_path":"","run_as":"","publisher":"","update_state":"installed","agent_build":"2026.09.2"},{"timestamp":"2026-09-14T00:18:48.600Z","computer":"srv-192","event_id":4688,"record_id":100418,"user":"employee-146","source_ip":"10.12.2.21","target":"logon-session","logon_type":null,"change_ticket":"","result":"success","channel":"Security","provider":"Microsoft-Windows-Security-Auditing","logon_id":"bf7a501e4fc234a0","process_id":4348,"image_path":"C:/Program Files/ApprovedAgent/agent.exe","run_as":"","publisher":"Approved Software Team","update_state":"installed","agent_build":"2026.09.3"},{"timestamp":"2026-09-14T00:18:51.300Z","computer":"srv-023","event_id":4625,"record_id":100419,"user":"employee-404","source_ip":"10.10.2.12","target":"logon-session","logon_type":10,"change_ticket":"","result":"failure","channel":"Security","provider":"Microsoft-Windows-Security-Auditing","logon_id":"bf7a501e4fc234a0","process_id":1915,"image_path":"","run_as":"","publisher":"","update_state":"installed","agent_build":"2026.09.4"},{"timestamp":"2026-09-14T00:18:54.000Z","computer":"srv-124","event_id":4698,"record_id":100420,"user":"employee-211","source_ip":"10.11.3.13","target":"Approved-Maintenance","logon_type":null,"change_ticket":"CHG-DEPLOY-18","result":"success","channel":"Security","provider":"Microsoft-Windows-Security-Auditing","logon_id":"b62157e2b624d89a","process_id":7560,"image_path":"C:/Program Files/ApprovedAgent/agent.exe","run_as":"svc-agent","publisher":"Approved Software Team","update_state":"installed","agent_build":"2026.09.1"},{"timestamp":"2026-09-14T00:18:56.700Z","computer":"srv-095","event_id":4728,"record_id":100421,"user":"employee-162","source_ip":"10.11.1.24","target":"Project-Readers","logon_type":null,"change_ticket":"CHG-DEPLOY-18","result":"success","channel":"Security","provider":"Microsoft-Windows-Security-Auditing","logon_id":"b62157e2b624d89a","process_id":7723,"image_path":"","run_as":"","publisher":"","update_state":"installed","agent_build":"2026.09.2"},{"timestamp":"2026-09-14T00:18:59.400Z","computer":"srv-138","event_id":4697,"record_id":100422,"user":"employee-1","source_ip":"10.11.3.27","target":"ApprovedAgent","logon_type":null,"change_ticket":"CHG-DEPLOY-18","result":"success","channel":"Security","provider":"Microsoft-Windows-Security-Auditing","logon_id":"b62157e2b624d89a","process_id":12135,"image_path":"C:/Program Files/ApprovedAgent/agent.exe","run_as":"svc-agent","publisher":"Approved Software Team","update_state":"installed","agent_build":"2026.09.3"},{"timestamp":"2026-09-14T00:19:02.100Z","computer":"srv-170","event_id":4624,"record_id":100423,"user":"employee-266","source_ip":"10.12.1.19","target":"logon-session","logon_type":2,"change_ticket":"","result":"success","channel":"Security","provider":"Microsoft-Windows-Security-Auditing","logon_id":"b62157e2b624d89a","process_id":11333,"image_path":"","run_as":"","publisher":"","update_state":"failed","agent_build":"2026.09.4"},