{"timestamp":"2026-09-14T00:47:42.000Z","computer":"srv-040","event_id":4698,"record_id":101060,"user":"employee-138","source_ip":"10.10.2.29","target":"Approved-Maintenance","logon_type":null,"change_ticket":"CHG-DEPLOY-18","result":"success","channel":"Security","provider":"Microsoft-Windows-Security-Auditing","logon_id":"77a5f04e908af2a6","process_id":14376,"image_path":"C:/Program Files/ApprovedAgent/agent.exe","run_as":"svc-agent","publisher":"Approved Software Team","update_state":"installed","agent_build":"2026.09.1"},{"timestamp":"2026-09-14T00:47:44.700Z","computer":"srv-140","event_id":4728,"record_id":101061,"user":"employee-203","source_ip":"10.11.3.29","target":"Project-Readers","logon_type":null,"change_ticket":"CHG-DEPLOY-18","result":"success","channel":"Security","provider":"Microsoft-Windows-Security-Auditing","logon_id":"77a5f04e908af2a6","process_id":13053,"image_path":"","run_as":"","publisher":"","update_state":"installed","agent_build":"2026.09.2"},{"timestamp":"2026-09-14T00:47:47.400Z","computer":"srv-035","event_id":4697,"record_id":101062,"user":"employee-253","source_ip":"10.10.2.24","target":"ApprovedAgent","logon_type":null,"change_ticket":"CHG-DEPLOY-18","result":"success","channel":"Security","provider":"Microsoft-Windows-Security-Auditing","logon_id":"77a5f04e908af2a6","process_id":10920,"image_path":"C:/Program Files/ApprovedAgent/agent.exe","run_as":"svc-agent","publisher":"Approved Software Team","update_state":"no-report","agent_build":"2026.09.3"},{"timestamp":"2026-09-14T00:47:50.100Z","computer":"srv-222","event_id":4624,"record_id":101063,"user":"employee-149","source_ip":"10.12.4.11","target":"logon-session","logon_type":3,"change_ticket":"","result":"success","channel":"Security","provider":"Microsoft-Windows-Security-Auditing","logon_id":"77a5f04e908af2a6","process_id":22783,"image_path":"","run_as":"","publisher":"","update_state":"installed","agent_build":"2026.09.4"},{"timestamp":"2026-09-14T00:47:52.800Z","computer":"srv-117","event_id":4624,"record_id":101064,"user":"employee-343","source_ip":"10.11.2.26","target":"logon-session","logon_type":10,"change_ticket":"","result":"success","channel":"Security","provider":"Microsoft-Windows-Security-Auditing","logon_id":"471454386541553e","process_id":16258,"image_path":"","run_as":"","publisher":"","update_state":"installed","agent_build":"2026.09.1"},{"timestamp":"2026-09-14T00:47:55.500Z","computer":"srv-032","event_id":4634,"record_id":101065,"user":"employee-123","source_ip":"10.10.2.21","target":"logon-session","logon_type":2,"change_ticket":"","result":"success","channel":"Security","provider":"Microsoft-Windows-Security-Auditing","logon_id":"471454386541553e","process_id":6714,"image_path":"","run_as":"","publisher":"","update_state":"installed","agent_build":"2026.09.2"},{"timestamp":"2026-09-14T00:47:58.200Z","computer":"srv-001","event_id":4688,"record_id":101066,"user":"deployment-admin","source_ip":"10.10.1.10","target":"logon-session","logon_type":null,"change_ticket":"","result":"success","channel":"Security","provider":"Microsoft-Windows-Security-Auditing","logon_id":"471454386541553e","process_id":1851,"image_path":"C:/Program Files/ApprovedAgent/agent.exe","run_as":"","publisher":"Approved Software Team","update_state":"installed","agent_build":"2026.09.3"},{"timestamp":"2026-09-14T00:48:00.900Z","computer":"srv-132","event_id":4625,"record_id":101067,"user":"employee-35","source_ip":"10.11.3.21","target":"logon-session","logon_type":10,"change_ticket":"","result":"failure","channel":"Security","provider":"Microsoft-Windows-Security-Auditing","logon_id":"471454386541553e","process_id":3196,"image_path":"","run_as":"","publisher":"","update_state":"installed","agent_build":"2026.09.4"},{"timestamp":"2026-09-14T00:48:03.600Z","computer":"srv-199","event_id":4698,"record_id":101068,"user":"employee-340","source_ip":"10.12.2.28","target":"Approved-Maintenance","logon_type":null,"change_ticket":"CHG-DEPLOY-18","result":"success","channel":"Security","provider":"Microsoft-Windows-Security-Auditing","logon_id":"a09261a5e05ce46e","process_id":5596,"image_path":"C:/Program Files/ApprovedAgent/agent.exe","run_as":"svc-agent","publisher":"Approved Software Team","update_state":"installed","agent_build":"2026.09.1"},{"timestamp":"2026-09-14T00:48:06.300Z","computer":"srv-125","event_id":4728,"record_id":101069,"user":"employee-205","source_ip":"10.11.3.14","target":"Project-Readers","logon_type":null,"change_ticket":"CHG-DEPLOY-18","result":"success","channel":"Security","provider":"Microsoft-Windows-Security-Auditing","logon_id":"a09261a5e05ce46e","process_id":14711,"image_path":"","run_as":"","publisher":"","update_state":"installed","agent_build":"2026.09.2"},{"timestamp":"2026-09-14T00:48:09.000Z","computer":"srv-216","event_id":4697,"record_id":101070,"user":"employee-49","source_ip":"10.12.3.25","target":"ApprovedAgent","logon_type":null,"change_ticket":"CHG-DEPLOY-18","result":"success","channel":"Security","provider":"Microsoft-Windows-Security-Auditing","logon_id":"a09261a5e05ce46e","process_id":11107,"image_path":"C:/Program Files/ApprovedAgent/agent.exe","run_as":"svc-agent","publisher":"Approved Software Team","update_state":"installed","agent_build":"2026.09.3"},{"timestamp":"2026-09-14T00:48:11.700Z","computer":"srv-174","event_id":4624,"record_id":101071,"user":"employee-451","source_ip":"10.12.1.23","target":"logon-session","logon_type":2,"change_ticket":"","result":"success","channel":"Security","provider":"Microsoft-Windows-Security-Auditing","logon_id":"a09261a5e05ce46e","process_id":10015,"image_path":"","run_as":"","publisher":"","update_state":"installed","agent_build":"2026.09.4"},{"timestamp":"2026-09-14T00:48:14.400Z","computer":"srv-201","event_id":4624,"record_id":101072,"user":"employee-109","source_ip":"10.12.3.10","target":"logon-session","logon_type":3,"change_ticket":"","result":"success","channel":"Security","provider":"Microsoft-Windows-Security-Auditing","logon_id":"401cdeed2f39842c","process_id":18321,"image_path":"","run_as":"","publisher":"","update_state":"installed","agent_build":"2026.09.1"},{"timestamp":"2026-09-14T00:48:17.100Z","computer":"srv-170","event_id":4634,"record_id":101073,"user":"employee-367","source_ip":"10.12.1.19","target":"logon-session","logon_type":10,"change_ticket":"","result":"success","channel":"Security","provider":"Microsoft-Windows-Security-Auditing","logon_id":"401cdeed2f39842c","process_id":6862,"image_path":"","run_as":"","publisher":"","update_state":"installed","agent_build":"2026.09.2"},{"timestamp":"2026-09-14T00:48:19.800Z","computer":"srv-096","event_id":4688,"record_id":101074,"user":"employee-94","source_ip":"10.11.1.25","target":"logon-session","logon_type":null,"change_ticket":"","result":"success","channel":"Security","provider":"Microsoft-Windows-Security-Auditing","logon_id":"401cdeed2f39842c","process_id":12200,"image_path":"C:/Program Files/ApprovedAgent/agent.exe","run_as":"","publisher":"Approved Software Team","update_state":"installed","agent_build":"2026.09.3"},{"timestamp":"2026-09-14T00:48:22.500Z","computer":"srv-126","event_id":4625,"record_id":101075,"user":"employee-314","source_ip":"10.11.3.15","target":"logon-session","logon_type":3,"change_ticket":"","result":"failure","channel":"Security","provider":"Microsoft-Windows-Security-Auditing","logon_id":"401cdeed2f39842c","process_id":11132,"image_path":"","run_as":"","publisher":"","update_state":"installed","agent_build":"2026.09.4"},{"timestamp":"2026-09-14T00:48:25.200Z","computer":"srv-102","event_id":4698,"record_id":101076,"user":"employee-418","source_ip":"10.11.2.11","target":"Approved-Maintenance","logon_type":null,"change_ticket":"CHG-DEPLOY-18","result":"success","channel":"Security","provider":"Microsoft-Windows-Security-Auditing","logon_id":"2f4a0b28b816ca85","process_id":15661,"image_path":"C:/Program Files/ApprovedAgent/agent.exe","run_as":"svc-agent","publisher":"Approved Software Team","update_state":"installed","agent_build":"2026.09.1"},{"timestamp":"2026-09-14T00:48:27.900Z","computer":"srv-027","event_id":4728,"record_id":101077,"user":"employee-378","source_ip":"10.10.2.16","target":"Project-Readers","logon_type":null,"change_ticket":"CHG-DEPLOY-18","result":"success","channel":"Security","provider":"Microsoft-Windows-Security-Auditing","logon_id":"2f4a0b28b816ca85","process_id":3592,"image_path":"","run_as":"","publisher":"","update_state":"installed","agent_build":"2026.09.2"},{"timestamp":"2026-09-14T00:48:30.600Z","computer":"srv-138","event_id":4697,"record_id":101078,"user":"employee-256","source_ip":"10.11.3.27","target":"ApprovedAgent","logon_type":null,"change_ticket":"CHG-DEPLOY-18","result":"success","channel":"Security","provider":"Microsoft-Windows-Security-Auditing","logon_id":"2f4a0b28b816ca85","process_id":1221,"image_path":"C:/Program Files/ApprovedAgent/agent.exe","run_as":"svc-agent","publisher":"Approved Software Team","update_state":"installed","agent_build":"2026.09.3"},{"timestamp":"2026-09-14T00:48:33.300Z","computer":"srv-217","event_id":4624,"record_id":101079,"user":"deployment-admin","source_ip":"10.12.3.26","target":"logon-session","logon_type":10,"change_ticket":"","result":"success","channel":"Security","provider":"Microsoft-Windows-Security-Auditing","logon_id":"2f4a0b28b816ca85","process_id":4397,"image_path":"","run_as":"","publisher":"","update_state":"installed","agent_build":"2026.09.4"},{"timestamp":"2026-09-14T00:48:36.000Z","computer":"srv-182","event_id":4624,"record_id":101080,"user":"employee-477","source_ip":"10.12.2.11","target":"logon-session","logon_type":2,"change_ticket":"","result":"success","channel":"Security","provider":"Microsoft-Windows-Security-Auditing","logon_id":"4ea69648872f4e57","process_id":5824,"image_path":"","run_as":"","publisher":"","update_state":"installed","agent_build":"2026.09.1"},{"timestamp":"2026-09-14T00:48:38.700Z","computer":"srv-029","event_id":4634,"record_id":101081,"user":"employee-157","source_ip":"10.10.2.18","target":"logon-session","logon_type":3,"change_ticket":"","result":"success","channel":"Security","provider":"Microsoft-Windows-Security-Auditing","logon_id":"4ea69648872f4e57","process_id":15222,"image_path":"","run_as":"","publisher":"","update_state":"failed","agent_build":"2026.09.2"},{"timestamp":"2026-09-14T00:48:41.400Z","computer":"srv-166","event_id":4688,"record_id":101082,"user":"employee-369","source_ip":"10.12.1.15","target":"logon-session","logon_type":null,"change_ticket":"","result":"success","channel":"Security","provider":"Microsoft-Windows-Security-Auditing","logon_id":"4ea69648872f4e57","process_id":6367,"image_path":"C:/Program Files/ApprovedAgent/agent.exe","run_as":"","publisher":"Approved Software Team","update_state":"installed","agent_build":"2026.09.3"},{"timestamp":"2026-09-14T00:48:44.100Z","computer":"srv-031","event_id":4625,"record_id":101083,"user":"employee-478","source_ip":"10.10.2.20","target":"logon-session","logon_type":2,"change_ticket":"","result":"failure","channel":"Security","provider":"Microsoft-Windows-Security-Auditing","logon_id":"4ea69648872f4e57","process_id":3854,"image_path":"","run_as":"","publisher":"","update_state":"installed","agent_build":"2026.09.4"},{"timestamp":"2026-09-14T00:48:46.800Z","computer":"srv-226","event_id":4698,"record_id":101084,"user":"employee-157","source_ip":"10.12.4.15","target":"Approved-Maintenance","logon_type":null,"change_ticket":"CHG-DEPLOY-18","result":"success","channel":"Security","provider":"Microsoft-Windows-Security-Auditing","logon_id":"24c0b1479b882b38","process_id":14037,"image_path":"C:/Program Files/ApprovedAgent/agent.exe","run_as":"svc-agent","publisher":"Approved Software Team","update_state":"installed","agent_build":"2026.09.1"},{"timestamp":"2026-09-14T00:48:49.500Z","computer":"srv-021","event_id":4728,"record_id":101085,"user":"employee-363","source_ip":"10.10.2.10","target":"Project-Readers","logon_type":null,"change_ticket":"CHG-DEPLOY-18","result":"success","channel":"Security","provider":"Microsoft-Windows-Security-Auditing","logon_id":"24c0b1479b882b38","process_id":25862,"image_path":"","run_as":"","publisher":"","update_state":"restart-pending","agent_build":"2026.09.2"},{"timestamp":"2026-09-14T00:48:52.200Z","computer":"srv-181","event_id":4697,"record_id":101086,"user":"employee-372","source_ip":"10.12.2.10","target":"ApprovedAgent","logon_type":null,"change_ticket":"CHG-DEPLOY-18","result":"success","channel":"Security","provider":"Microsoft-Windows-Security-Auditing","logon_id":"24c0b1479b882b38","process_id":20711,"image_path":"C:/Program Files/ApprovedAgent/agent.exe","run_as":"svc-agent","publisher":"Approved Software Team","update_state":"installed","agent_build":"2026.09.3"},{"timestamp":"2026-09-14T00:48:54.900Z","computer":"srv-038","event_id":4624,"record_id":101087,"user":"employee-396","source_ip":"10.10.2.27","target":"logon-session","logon_type":3,"change_ticket":"","result":"success","channel":"Security","provider":"Microsoft-Windows-Security-Auditing","logon_id":"24c0b1479b882b38","process_id":14541,"image_path":"","run_as":"","publisher":"","update_state":"installed","agent_build":"2026.09.4"},{"timestamp":"2026-09-14T00:48:57.600Z","computer":"srv-188","event_id":4624,"record_id":101088,"user":"employee-401","source_ip":"10.12.2.17","target":"logon-session","logon_type":10,"change_ticket":"","result":"success","channel":"Security","provider":"Microsoft-Windows-Security-Auditing","logon_id":"72d72877f4e23a31","process_id":3938,"image_path":"","run_as":"","publisher":"","update_state":"installed","agent_build":"2026.09.1"},{"timestamp":"2026-09-14T00:49:00.300Z","computer":"srv-165","event_id":4634,"record_id":101089,"user":"employee-372","source_ip":"10.12.1.14","target":"logon-session","logon_type":2,"change_ticket":"","result":"success","channel":"Security","provider":"Microsoft-Windows-Security-Auditing","logon_id":"72d72877f4e23a31","process_id":15626,"image_path":"","run_as":"","publisher":"","update_state":"installed","agent_build":"2026.09.2"},{"timestamp":"2026-09-14T00:49:03.000Z","computer":"srv-031","event_id":4688,"record_id":101090,"user":"employee-106","source_ip":"10.10.2.20","target":"logon-session","logon_type":null,"change_ticket":"","result":"success","channel":"Security","provider":"Microsoft-Windows-Security-Auditing","logon_id":"72d72877f4e23a31","process_id":2796,"image_path":"C:/Program Files/ApprovedAgent/agent.exe","run_as":"","publisher":"Approved Software Team","update_state":"installed","agent_build":"2026.09.3"},{"timestamp":"2026-09-14T00:49:05.700Z","computer":"srv-186","event_id":4625,"record_id":101091,"user":"employee-283","source_ip":"10.12.2.15","target":"logon-session","logon_type":10,"change_ticket":"","result":"failure","channel":"Security","provider":"Microsoft-Windows-Security-Auditing","logon_id":"72d72877f4e23a31","process_id":21438,"image_path":"","run_as":"","publisher":"","update_state":"installed","agent_build":"2026.09.4"},{"timestamp":"2026-09-14T00:49:08.400Z","computer":"srv-067","event_id":4698,"record_id":101092,"user":"deployment-admin","source_ip":"10.10.4.16","target":"Approved-Maintenance","logon_type":null,"change_ticket":"CHG-DEPLOY-18","result":"success","channel":"Security","provider":"Microsoft-Windows-Security-Auditing","logon_id":"700b2aa270f7bad4","process_id":17582,"image_path":"C:/Program Files/ApprovedAgent/agent.exe","run_as":"svc-agent","publisher":"Approved Software Team","update_state":"installed","agent_build":"2026.09.1"},{"timestamp":"2026-09-14T00:49:11.100Z","computer":"srv-115","event_id":4728,"record_id":101093,"user":"employee-447","source_ip":"10.11.2.24","target":"Project-Readers","logon_type":null,"change_ticket":"CHG-DEPLOY-18","result":"success","channel":"Security","provider":"Microsoft-Windows-Security-Auditing","logon_id":"700b2aa270f7bad4","process_id":18581,"image_path":"","run_as":"","publisher":"","update_state":"installed","agent_build":"2026.09.2"},{"timestamp":"2026-09-14T00:49:13.800Z","computer":"srv-186","event_id":4697,"record_id":101094,"user":"employee-78","source_ip":"10.12.2.15","target":"ApprovedAgent","logon_type":null,"change_ticket":"CHG-DEPLOY-18","result":"success","channel":"Security","provider":"Microsoft-Windows-Security-Auditing","logon_id":"700b2aa270f7bad4","process_id":16143,"image_path":"C:/Program Files/ApprovedAgent/agent.exe","run_as":"svc-agent","publisher":"Approved Software Team","update_state":"installed","agent_build":"2026.09.3"},{"timestamp":"2026-09-14T00:49:16.500Z","computer":"srv-071","event_id":4624,"record_id":101095,"user":"employee-148","source_ip":"10.10.4.20","target":"logon-session","logon_type":2,"change_ticket":"","result":"success","channel":"Security","provider":"Microsoft-Windows-Security-Auditing","logon_id":"700b2aa270f7bad4","process_id":14718,"image_path":"","run_as":"","publisher":"","update_state":"installed","agent_build":"2026.09.4"},{"timestamp":"2026-09-14T00:49:19.200Z","computer":"srv-094","event_id":4624,"record_id":101096,"user":"employee-248","source_ip":"10.11.1.23","target":"logon-session","logon_type":3,"change_ticket":"","result":"success","channel":"Security","provider":"Microsoft-Windows-Security-Auditing","logon_id":"913e72ef7bafb68e","process_id":12686,"image_path":"","run_as":"","publisher":"","update_state":"installed","agent_build":"2026.09.1"},{"timestamp":"2026-09-14T00:49:21.900Z","computer":"srv-153","event_id":4634,"record_id":101097,"user":"employee-303","source_ip":"10.11.4.22","target":"logon-session","logon_type":10,"change_ticket":"","result":"success","channel":"Security","provider":"Microsoft-Windows-Security-Auditing","logon_id":"913e72ef7bafb68e","process_id":12365,"image_path":"","run_as":"","publisher":"","update_state":"installed","agent_build":"2026.09.2"},{"timestamp":"2026-09-14T00:49:24.600Z","computer":"srv-167","event_id":4688,"record_id":101098,"user":"employee-190","source_ip":"10.12.1.16","target":"logon-session","logon_type":null,"change_ticket":"","result":"success","channel":"Security","provider":"Microsoft-Windows-Security-Auditing","logon_id":"913e72ef7bafb68e","process_id":14559,"image_path":"C:/Program Files/ApprovedAgent/agent.exe","run_as":"","publisher":"Approved Software Team","update_state":"installed","agent_build":"2026.09.3"},{"timestamp":"2026-09-14T00:49:27.300Z","computer":"srv-231","event_id":4625,"record_id":101099,"user":"employee-114","source_ip":"10.12.4.20","target":"logon-session","logon_type":3,"change_ticket":"","result":"failure","channel":"Security","provider":"Microsoft-Windows-Security-Auditing","logon_id":"913e72ef7bafb68e","process_id":25965,"image_path":"","run_as":"","publisher":"","update_state":"installed","agent_build":"2026.09.4"},{"timestamp":"2026-09-14T00:49:30.000Z","computer":"srv-075","event_id":4698,"record_id":101100,"user":"employee-341","source_ip":"10.10.4.24","target":"Approved-Maintenance","logon_type":null,"change_ticket":"CHG-DEPLOY-18","result":"success","channel":"Security","provider":"Microsoft-Windows-Security-Auditing","logon_id":"569d230f7ba88e9c","process_id":20133,"image_path":"C:/Program Files/ApprovedAgent/agent.exe","run_as":"svc-agent","publisher":"Approved Software Team","update_state":"installed","agent_build":"2026.09.1"},{"timestamp":"2026-09-14T00:49:32.700Z","computer":"srv-214","event_id":4728,"record_id":101101,"user":"employee-206","source_ip":"10.12.3.23","target":"Project-Readers","logon_type":null,"change_ticket":"CHG-DEPLOY-18","result":"success","channel":"Security","provider":"Microsoft-Windows-Security-Auditing","logon_id":"569d230f7ba88e9c","process_id":6551,"image_path":"","run_as":"","publisher":"","update_state":"installed","agent_build":"2026.09.2"},{"timestamp":"2026-09-14T00:49:35.400Z","computer":"srv-217","event_id":4697,"record_id":101102,"user":"employee-151","source_ip":"10.12.3.26","target":"ApprovedAgent","logon_type":null,"change_ticket":"CHG-DEPLOY-18","result":"success","channel":"Security","provider":"Microsoft-Windows-Security-Auditing","logon_id":"569d230f7ba88e9c","process_id":18328,"image_path":"C:/Program Files/ApprovedAgent/agent.exe","run_as":"svc-agent","publisher":"Approved Software Team","update_state":"installed","agent_build":"2026.09.3"},{"timestamp":"2026-09-14T00:49:38.100Z","computer":"srv-042","event_id":4624,"record_id":101103,"user":"employee-221","source_ip":"10.10.3.11","target":"logon-session","logon_type":10,"change_ticket":"","result":"success","channel":"Security","provider":"Microsoft-Windows-Security-Auditing","logon_id":"569d230f7ba88e9c","process_id":10717,"image_path":"","run_as":"","publisher":"","update_state":"installed","agent_build":"2026.09.4"},{"timestamp":"2026-09-14T00:49:40.800Z","computer":"srv-142","event_id":4624,"record_id":101104,"user":"employee-57","source_ip":"10.11.4.11","target":"logon-session","logon_type":2,"change_ticket":"","result":"success","channel":"Security","provider":"Microsoft-Windows-Security-Auditing","logon_id":"33e87ec544667ad5","process_id":20590,"image_path":"","run_as":"","publisher":"","update_state":"installed","agent_build":"2026.09.1"},{"timestamp":"2026-09-14T00:49:43.500Z","computer":"srv-089","event_id":4634,"record_id":101105,"user":"deployment-admin","source_ip":"10.11.1.18","target":"logon-session","logon_type":3,"change_ticket":"","result":"success","channel":"Security","provider":"Microsoft-Windows-Security-Auditing","logon_id":"33e87ec544667ad5","process_id":3366,"image_path":"","run_as":"","publisher":"","update_state":"installed","agent_build":"2026.09.2"},{"timestamp":"2026-09-14T00:49:46.200Z","computer":"srv-030","event_id":4688,"record_id":101106,"user":"employee-96","source_ip":"10.10.2.19","target":"logon-session","logon_type":null,"change_ticket":"","result":"success","channel":"Security","provider":"Microsoft-Windows-Security-Auditing","logon_id":"33e87ec544667ad5","process_id":8113,"image_path":"C:/Program Files/ApprovedAgent/agent.exe","run_as":"","publisher":"Approved Software Team","update_state":"installed","agent_build":"2026.09.3"},{"timestamp":"2026-09-14T00:49:48.900Z","computer":"srv-214","event_id":4625,"record_id":101107,"user":"employee-153","source_ip":"10.12.3.23","target":"logon-session","logon_type":2,"change_ticket":"","result":"failure","channel":"Security","provider":"Microsoft-Windows-Security-Auditing","logon_id":"33e87ec544667ad5","process_id":1624,"image_path":"","run_as":"","publisher":"","update_state":"installed","agent_build":"2026.09.4"},{"timestamp":"2026-09-14T00:49:51.600Z","computer":"srv-223","event_id":4698,"record_id":101108,"user":"employee-233","source_ip":"10.12.4.12","target":"Approved-Maintenance","logon_type":null,"change_ticket":"CHG-DEPLOY-18","result":"success","channel":"Security","provider":"Microsoft-Windows-Security-Auditing","logon_id":"bfcccb306e83f044","process_id":4873,"image_path":"C:/Program Files/ApprovedAgent/agent.exe","run_as":"svc-agent","publisher":"Approved Software Team","update_state":"installed","agent_build":"2026.09.1"},{"timestamp":"2026-09-14T00:49:54.300Z","computer":"srv-215","event_id":4728,"record_id":101109,"user":"employee-181","source_ip":"10.12.3.24","target":"Project-Readers","logon_type":null,"change_ticket":"CHG-DEPLOY-18","result":"success","channel":"Security","provider":"Microsoft-Windows-Security-Auditing","logon_id":"bfcccb306e83f044","process_id":12465,"image_path":"","run_as":"","publisher":"","update_state":"installed","agent_build":"2026.09.2"},{"timestamp":"2026-09-14T00:49:57.000Z","computer":"srv-154","event_id":4697,"record_id":101110,"user":"employee-339","source_ip":"10.11.4.23","target":"ApprovedAgent","logon_type":null,"change_ticket":"CHG-DEPLOY-18","result":"success","channel":"Security","provider":"Microsoft-Windows-Security-Auditing","logon_id":"bfcccb306e83f044","process_id":22260,"image_path":"C:/Program Files/ApprovedAgent/agent.exe","run_as":"svc-agent","publisher":"Approved Software Team","update_state":"installed","agent_build":"2026.09.3"},{"timestamp":"2026-09-14T00:49:59.700Z","computer":"srv-116","event_id":4624,"record_id":101111,"user":"employee-388","source_ip":"10.11.2.25","target":"logon-session","logon_type":3,"change_ticket":"","result":"success","channel":"Security","provider":"Microsoft-Windows-Security-Auditing","logon_id":"bfcccb306e83f044","process_id":9449,"image_path":"","run_as":"","publisher":"","update_state":"installed","agent_build":"2026.09.4"},{"timestamp":"2026-09-14T00:50:02.400Z","computer":"srv-185","event_id":4624,"record_id":101112,"user":"employee-25","source_ip":"10.12.2.14","target":"logon-session","logon_type":10,"change_ticket":"","result":"success","channel":"Security","provider":"Microsoft-Windows-Security-Auditing","logon_id":"348f9e978de03e99","process_id":16841,"image_path":"","run_as":"","publisher":"","update_state":"installed","agent_build":"2026.09.1"},{"timestamp":"2026-09-14T00:50:05.100Z","computer":"srv-142","event_id":4634,"record_id":101113,"user":"employee-123","source_ip":"10.11.4.11","target":"logon-session","logon_type":2,"change_ticket":"","result":"success","channel":"Security","provider":"Microsoft-Windows-Security-Auditing","logon_id":"348f9e978de03e99","process_id":25942,"image_path":"","run_as":"","publisher":"","update_state":"installed","agent_build":"2026.09.2"},{"timestamp":"2026-09-14T00:50:07.800Z","computer":"srv-209","event_id":4688,"record_id":101114,"user":"employee-233","source_ip":"10.12.3.18","target":"logon-session","logon_type":null,"change_ticket":"","result":"success","channel":"Security","provider":"Microsoft-Windows-Security-Auditing","logon_id":"348f9e978de03e99","process_id":14287,"image_path":"C:/Program Files/ApprovedAgent/agent.exe","run_as":"","publisher":"Approved Software Team","update_state":"installed","agent_build":"2026.09.3"},{"timestamp":"2026-09-14T00:50:10.500Z","computer":"srv-224","event_id":4625,"record_id":101115,"user":"employee-180","source_ip":"10.12.4.13","target":"logon-session","logon_type":10,"change_ticket":"","result":"failure","channel":"Security","provider":"Microsoft-Windows-Security-Auditing","logon_id":"348f9e978de03e99","process_id":12904,"image_path":"","run_as":"","publisher":"","update_state":"installed","agent_build":"2026.09.4"},{"timestamp":"2026-09-14T00:50:13.200Z","computer":"srv-075","event_id":4698,"record_id":101116,"user":"employee-187","source_ip":"10.10.4.24","target":"Approved-Maintenance","logon_type":null,"change_ticket":"CHG-DEPLOY-18","result":"success","channel":"Security","provider":"Microsoft-Windows-Security-Auditing","logon_id":"481f5512f0ff90fe","process_id":23511,"image_path":"C:/Program Files/ApprovedAgent/agent.exe","run_as":"svc-agent","publisher":"Approved Software Team","update_state":"restart-pending","agent_build":"2026.09.1"},{"timestamp":"2026-09-14T00:50:15.900Z","computer":"srv-222","event_id":4728,"record_id":101117,"user":"employee-204","source_ip":"10.12.4.11","target":"Project-Readers","logon_type":null,"change_ticket":"CHG-DEPLOY-18","result":"success","channel":"Security","provider":"Microsoft-Windows-Security-Auditing","logon_id":"481f5512f0ff90fe","process_id":1555,"image_path":"","run_as":"","publisher":"","update_state":"installed","agent_build":"2026.09.2"},{"timestamp":"2026-09-14T00:50:18.600Z","computer":"srv-232","event_id":4697,"record_id":101118,"user":"deployment-admin","source_ip":"10.12.4.21","target":"ApprovedAgent","logon_type":null,"change_ticket":"CHG-DEPLOY-18","result":"success","channel":"Security","provider":"Microsoft-Windows-Security-Auditing","logon_id":"481f5512f0ff90fe","process_id":10583,"image_path":"C:/Program Files/ApprovedAgent/agent.exe","run_as":"svc-agent","publisher":"Approved Software Team","update_state":"installed","agent_build":"2026.09.3"},{"timestamp":"2026-09-14T00:50:21.300Z","computer":"srv-159","event_id":4624,"record_id":101119,"user":"employee-454","source_ip":"10.11.4.28","target":"logon-session","logon_type":2,"change_ticket":"","result":"success","channel":"Security","provider":"Microsoft-Windows-Security-Auditing","logon_id":"481f5512f0ff90fe","process_id":10299,"image_path":"","run_as":"","publisher":"","update_state":"installed","agent_build":"2026.09.4"},{"timestamp":"2026-09-14T00:50:24.000Z","computer":"srv-043","event_id":4624,"record_id":101120,"user":"employee-324","source_ip":"10.10.3.12","target":"logon-session","logon_type":3,"change_ticket":"","result":"success","channel":"Security","provider":"Microsoft-Windows-Security-Auditing","logon_id":"d2e7c27907e888de","process_id":19898,"image_path":"","run_as":"","publisher":"","update_state":"installed","agent_build":"2026.09.1"},{"timestamp":"2026-09-14T00:50:26.700Z","computer":"srv-239","event_id":4634,"record_id":101121,"user":"employee-46","source_ip":"10.12.4.28","target":"logon-session","logon_type":10,"change_ticket":"","result":"success","channel":"Security","provider":"Microsoft-Windows-Security-Auditing","logon_id":"d2e7c27907e888de","process_id":24024,"image_path":"","run_as":"","publisher":"","update_state":"no-report","agent_build":"2026.09.2"},{"timestamp":"2026-09-14T00:50:29.400Z","computer":"srv-154","event_id":4688,"record_id":101122,"user":"employee-181","source_ip":"10.11.4.23","target":"logon-session","logon_type":null,"change_ticket":"","result":"success","channel":"Security","provider":"Microsoft-Windows-Security-Auditing","logon_id":"d2e7c27907e888de","process_id":8651,"image_path":"C:/Program Files/ApprovedAgent/agent.exe","run_as":"","publisher":"Approved Software Team","update_state":"installed","agent_build":"2026.09.3"},{"timestamp":"2026-09-14T00:50:32.100Z","computer":"srv-070","event_id":4625,"record_id":101123,"user":"employee-78","source_ip":"10.10.4.19","target":"logon-session","logon_type":3,"change_ticket":"","result":"failure","channel":"Security","provider":"Microsoft-Windows-Security-Auditing","logon_id":"d2e7c27907e888de","process_id":5123,"image_path":"","run_as":"","publisher":"","update_state":"installed","agent_build":"2026.09.4"},{"timestamp":"2026-09-14T00:50:34.800Z","computer":"srv-222","event_id":4698,"record_id":101124,"user":"employee-295","source_ip":"10.12.4.11","target":"Approved-Maintenance","logon_type":null,"change_ticket":"CHG-DEPLOY-18","result":"success","channel":"Security","provider":"Microsoft-Windows-Security-Auditing","logon_id":"b24c202ca550d758","process_id":8782,"image_path":"C:/Program Files/ApprovedAgent/agent.exe","run_as":"svc-agent","publisher":"Approved Software Team","update_state":"installed","agent_build":"2026.09.1"},{"timestamp":"2026-09-14T00:50:37.500Z","computer":"srv-029","event_id":4728,"record_id":101125,"user":"employee-246","source_ip":"10.10.2.18","target":"Project-Readers","logon_type":null,"change_ticket":"CHG-DEPLOY-18","result":"success","channel":"Security","provider":"Microsoft-Windows-Security-Auditing","logon_id":"b24c202ca550d758","process_id":21154,"image_path":"","run_as":"","publisher":"","update_state":"installed","agent_build":"2026.09.2"},{"timestamp":"2026-09-14T00:50:40.200Z","computer":"srv-067","event_id":4697,"record_id":101126,"user":"employee-126","source_ip":"10.10.4.16","target":"ApprovedAgent","logon_type":null,"change_ticket":"CHG-DEPLOY-18","result":"success","channel":"Security","provider":"Microsoft-Windows-Security-Auditing","logon_id":"b24c202ca550d758","process_id":9914,"image_path":"C:/Program Files/ApprovedAgent/agent.exe","run_as":"svc-agent","publisher":"Approved Software Team","update_state":"installed","agent_build":"2026.09.3"},{"timestamp":"2026-09-14T00:50:42.900Z","computer":"srv-038","event_id":4624,"record_id":101127,"user":"employee-248","source_ip":"10.10.2.27","target":"logon-session","logon_type":10,"change_ticket":"","result":"success","channel":"Security","provider":"Microsoft-Windows-Security-Auditing","logon_id":"b24c202ca550d758","process_id":5031,"image_path":"","run_as":"","publisher":"","update_state":"installed","agent_build":"2026.09.4"},{"timestamp":"2026-09-14T00:50:45.600Z","computer":"srv-023","event_id":4624,"record_id":101128,"user":"employee-343","source_ip":"10.10.2.12","target":"logon-session","logon_type":2,"change_ticket":"","result":"success","channel":"Security","provider":"Microsoft-Windows-Security-Auditing","logon_id":"f1ecdbdef4721991","process_id":9603,"image_path":"","run_as":"","publisher":"","update_state":"failed","agent_build":"2026.09.1"},{"timestamp":"2026-09-14T00:50:48.300Z","computer":"srv-062","event_id":4634,"record_id":101129,"user":"employee-49","source_ip":"10.10.4.11","target":"logon-session","logon_type":3,"change_ticket":"","result":"success","channel":"Security","provider":"Microsoft-Windows-Security-Auditing","logon_id":"f1ecdbdef4721991","process_id":16552,"image_path":"","run_as":"","publisher":"","update_state":"installed","agent_build":"2026.09.2"},{"timestamp":"2026-09-14T00:50:51.000Z","computer":"srv-228","event_id":4688,"record_id":101130,"user":"employee-171","source_ip":"10.12.4.17","target":"logon-session","logon_type":null,"change_ticket":"","result":"success","channel":"Security","provider":"Microsoft-Windows-Security-Auditing","logon_id":"f1ecdbdef4721991","process_id":6694,"image_path":"C:/Program Files/ApprovedAgent/agent.exe","run_as":"","publisher":"Approved Software Team","update_state":"installed","agent_build":"2026.09.3"},{"timestamp":"2026-09-14T00:50:53.700Z","computer":"srv-077","event_id":4625,"record_id":101131,"user":"deployment-admin","source_ip":"10.10.4.26","target":"logon-session","logon_type":2,"change_ticket":"","result":"failure","channel":"Security","provider":"Microsoft-Windows-Security-Auditing","logon_id":"f1ecdbdef4721991","process_id":4815,"image_path":"","run_as":"","publisher":"","update_state":"installed","agent_build":"2026.09.4"},{"timestamp":"2026-09-14T00:50:56.400Z","computer":"srv-040","event_id":4698,"record_id":101132,"user":"employee-397","source_ip":"10.10.2.29","target":"Approved-Maintenance","logon_type":null,"change_ticket":"CHG-DEPLOY-18","result":"success","channel":"Security","provider":"Microsoft-Windows-Security-Auditing","logon_id":"06fc1e054322d181","process_id":18921,"image_path":"C:/Program Files/ApprovedAgent/agent.exe","run_as":"svc-agent","publisher":"Approved Software Team","update_state":"installed","agent_build":"2026.09.1"},{"timestamp":"2026-09-14T00:50:59.100Z","computer":"srv-231","event_id":4728,"record_id":101133,"user":"employee-76","source_ip":"10.12.4.20","target":"Project-Readers","logon_type":null,"change_ticket":"CHG-DEPLOY-18","result":"success","channel":"Security","provider":"Microsoft-Windows-Security-Auditing","logon_id":"06fc1e054322d181","process_id":19095,"image_path":"","run_as":"","publisher":"","update_state":"installed","agent_build":"2026.09.2"},{"timestamp":"2026-09-14T00:51:01.800Z","computer":"srv-104","event_id":4697,"record_id":101134,"user":"employee-66","source_ip":"10.11.2.13","target":"ApprovedAgent","logon_type":null,"change_ticket":"CHG-DEPLOY-18","result":"success","channel":"Security","provider":"Microsoft-Windows-Security-Auditing","logon_id":"06fc1e054322d181","process_id":3753,"image_path":"C:/Program Files/ApprovedAgent/agent.exe","run_as":"svc-agent","publisher":"Approved Software Team","update_state":"installed","agent_build":"2026.09.3"},{"timestamp":"2026-09-14T00:51:04.500Z","computer":"srv-192","event_id":4624,"record_id":101135,"user":"employee-86","source_ip":"10.12.2.21","target":"logon-session","logon_type":3,"change_ticket":"","result":"success","channel":"Security","provider":"Microsoft-Windows-Security-Auditing","logon_id":"06fc1e054322d181","process_id":23627,"image_path":"","run_as":"","publisher":"","update_state":"installed","agent_build":"2026.09.4"},{"timestamp":"2026-09-14T00:51:07.200Z","computer":"srv-219","event_id":4624,"record_id":101136,"user":"employee-309","source_ip":"10.12.3.28","target":"logon-session","logon_type":10,"change_ticket":"","result":"success","channel":"Security","provider":"Microsoft-Windows-Security-Auditing","logon_id":"3dbf0979d2f2e87b","process_id":12089,"image_path":"","run_as":"","publisher":"","update_state":"installed","agent_build":"2026.09.1"},{"timestamp":"2026-09-14T00:51:09.900Z","computer":"srv-237","event_id":4634,"record_id":101137,"user":"employee-280","source_ip":"10.12.4.26","target":"logon-session","logon_type":2,"change_ticket":"","result":"success","channel":"Security","provider":"Microsoft-Windows-Security-Auditing","logon_id":"3dbf0979d2f2e87b","process_id":10829,"image_path":"","run_as":"","publisher":"","update_state":"installed","agent_build":"2026.09.2"},{"timestamp":"2026-09-14T00:51:12.600Z","computer":"srv-181","event_id":4688,"record_id":101138,"user":"employee-420","source_ip":"10.12.2.10","target":"logon-session","logon_type":null,"change_ticket":"","result":"success","channel":"Security","provider":"Microsoft-Windows-Security-Auditing","logon_id":"3dbf0979d2f2e87b","process_id":13225,"image_path":"C:/Program Files/ApprovedAgent/agent.exe","run_as":"","publisher":"Approved Software Team","update_state":"installed","agent_build":"2026.09.3"},{"timestamp":"2026-09-14T00:51:15.300Z","computer":"srv-074","event_id":4625,"record_id":101139,"user":"employee-295","source_ip":"10.10.4.23","target":"logon-session","logon_type":10,"change_ticket":"","result":"failure","channel":"Security","provider":"Microsoft-Windows-Security-Auditing","logon_id":"3dbf0979d2f2e87b","process_id":9544,"image_path":"","run_as":"","publisher":"","update_state":"installed","agent_build":"2026.09.4"},{"timestamp":"2026-09-14T00:51:18.000Z","computer":"srv-213","event_id":4698,"record_id":101140,"user":"employee-176","source_ip":"10.12.3.22","target":"Approved-Maintenance","logon_type":null,"change_ticket":"CHG-DEPLOY-18","result":"success","channel":"Security","provider":"Microsoft-Windows-Security-Auditing","logon_id":"47b4d8436bab3b17","process_id":25463,"image_path":"C:/Program Files/ApprovedAgent/agent.exe","run_as":"svc-agent","publisher":"Approved Software Team","update_state":"installed","agent_build":"2026.09.1"},{"timestamp":"2026-09-14T00:51:20.700Z","computer":"srv-235","event_id":4728,"record_id":101141,"user":"employee-250","source_ip":"10.12.4.24","target":"Project-Readers","logon_type":null,"change_ticket":"CHG-DEPLOY-18","result":"success","channel":"Security","provider":"Microsoft-Windows-Security-Auditing","logon_id":"47b4d8436bab3b17","process_id":5437,"image_path":"","run_as":"","publisher":"","update_state":"installed","agent_build":"2026.09.2"},{"timestamp":"2026-09-14T00:51:23.400Z","computer":"srv-090","event_id":4697,"record_id":101142,"user":"employee-49","source_ip":"10.11.1.19","target":"ApprovedAgent","logon_type":null,"change_ticket":"CHG-DEPLOY-18","result":"success","channel":"Security","provider":"Microsoft-Windows-Security-Auditing","logon_id":"47b4d8436bab3b17","process_id":17024,"image_path":"C:/Program Files/ApprovedAgent/agent.exe","run_as":"svc-agent","publisher":"Approved Software Team","update_state":"installed","agent_build":"2026.09.3"},{"timestamp":"2026-09-14T00:51:26.100Z","computer":"srv-179","event_id":4624,"record_id":101143,"user":"employee-125","source_ip":"10.12.1.28","target":"logon-session","logon_type":2,"change_ticket":"","result":"success","channel":"Security","provider":"Microsoft-Windows-Security-Auditing","logon_id":"47b4d8436bab3b17","process_id":9024,"image_path":"","run_as":"","publisher":"","update_state":"installed","agent_build":"2026.09.4"},{"timestamp":"2026-09-14T00:51:28.800Z","computer":"srv-162","event_id":4624,"record_id":101144,"user":"deployment-admin","source_ip":"10.12.1.11","target":"logon-session","logon_type":3,"change_ticket":"","result":"success","channel":"Security","provider":"Microsoft-Windows-Security-Auditing","logon_id":"5fd09b4a818511dc","process_id":25989,"image_path":"","run_as":"","publisher":"","update_state":"installed","agent_build":"2026.09.1"},{"timestamp":"2026-09-14T00:51:31.500Z","computer":"srv-016","event_id":4634,"record_id":101145,"user":"employee-339","source_ip":"10.10.1.25","target":"logon-session","logon_type":10,"change_ticket":"","result":"success","channel":"Security","provider":"Microsoft-Windows-Security-Auditing","logon_id":"5fd09b4a818511dc","process_id":13157,"image_path":"","run_as":"","publisher":"","update_state":"installed","agent_build":"2026.09.2"},{"timestamp":"2026-09-14T00:51:34.200Z","computer":"srv-156","event_id":4688,"record_id":101146,"user":"employee-382","source_ip":"10.11.4.25","target":"logon-session","logon_type":null,"change_ticket":"","result":"success","channel":"Security","provider":"Microsoft-Windows-Security-Auditing","logon_id":"5fd09b4a818511dc","process_id":9170,"image_path":"C:/Program Files/ApprovedAgent/agent.exe","run_as":"","publisher":"Approved Software Team","update_state":"installed","agent_build":"2026.09.3"},{"timestamp":"2026-09-14T00:51:36.900Z","computer":"srv-085","event_id":4625,"record_id":101147,"user":"employee-366","source_ip":"10.11.1.14","target":"logon-session","logon_type":3,"change_ticket":"","result":"failure","channel":"Security","provider":"Microsoft-Windows-Security-Auditing","logon_id":"5fd09b4a818511dc","process_id":1786,"image_path":"","run_as":"","publisher":"","update_state":"restart-pending","agent_build":"2026.09.4"},{"timestamp":"2026-09-14T00:51:39.600Z","computer":"srv-195","event_id":4698,"record_id":101148,"user":"employee-278","source_ip":"10.12.2.24","target":"Approved-Maintenance","logon_type":null,"change_ticket":"CHG-DEPLOY-18","result":"success","channel":"Security","provider":"Microsoft-Windows-Security-Auditing","logon_id":"66d5761720dca2ca","process_id":4109,"image_path":"C:/Program Files/ApprovedAgent/agent.exe","run_as":"svc-agent","publisher":"Approved Software Team","update_state":"installed","agent_build":"2026.09.1"},{"timestamp":"2026-09-14T00:51:42.300Z","computer":"srv-130","event_id":4728,"record_id":101149,"user":"employee-32","source_ip":"10.11.3.19","target":"Project-Readers","logon_type":null,"change_ticket":"CHG-DEPLOY-18","result":"success","channel":"Security","provider":"Microsoft-Windows-Security-Auditing","logon_id":"66d5761720dca2ca","process_id":14233,"image_path":"","run_as":"","publisher":"","update_state":"installed","agent_build":"2026.09.2"},{"timestamp":"2026-09-14T00:51:45.000Z","computer":"srv-150","event_id":4697,"record_id":101150,"user":"employee-465","source_ip":"10.11.4.19","target":"ApprovedAgent","logon_type":null,"change_ticket":"CHG-DEPLOY-18","result":"success","channel":"Security","provider":"Microsoft-Windows-Security-Auditing","logon_id":"66d5761720dca2ca","process_id":12034,"image_path":"C:/Program Files/ApprovedAgent/agent.exe","run_as":"svc-agent","publisher":"Approved Software Team","update_state":"installed","agent_build":"2026.09.3"},{"timestamp":"2026-09-14T00:51:47.700Z","computer":"srv-192","event_id":4624,"record_id":101151,"user":"employee-17","source_ip":"10.12.2.21","target":"logon-session","logon_type":10,"change_ticket":"","result":"success","channel":"Security","provider":"Microsoft-Windows-Security-Auditing","logon_id":"66d5761720dca2ca","process_id":2218,"image_path":"","run_as":"","publisher":"","update_state":"installed","agent_build":"2026.09.4"},{"timestamp":"2026-09-14T00:51:50.400Z","computer":"srv-100","event_id":4624,"record_id":101152,"user":"employee-475","source_ip":"10.11.1.29","target":"logon-session","logon_type":2,"change_ticket":"","result":"success","channel":"Security","provider":"Microsoft-Windows-Security-Auditing","logon_id":"26b85991cdf8ffc0","process_id":8429,"image_path":"","run_as":"","publisher":"","update_state":"installed","agent_build":"2026.09.1"},{"timestamp":"2026-09-14T00:51:53.100Z","computer":"srv-224","event_id":4634,"record_id":101153,"user":"employee-473","source_ip":"10.12.4.13","target":"logon-session","logon_type":3,"change_ticket":"","result":"success","channel":"Security","provider":"Microsoft-Windows-Security-Auditing","logon_id":"26b85991cdf8ffc0","process_id":13683,"image_path":"","run_as":"","publisher":"","update_state":"installed","agent_build":"2026.09.2"},{"timestamp":"2026-09-14T00:51:55.800Z","computer":"srv-177","event_id":4688,"record_id":101154,"user":"employee-251","source_ip":"10.12.1.26","target":"logon-session","logon_type":null,"change_ticket":"","result":"success","channel":"Security","provider":"Microsoft-Windows-Security-Auditing","logon_id":"26b85991cdf8ffc0","process_id":3234,"image_path":"C:/Program Files/ApprovedAgent/agent.exe","run_as":"","publisher":"Approved Software Team","update_state":"installed","agent_build":"2026.09.3"},{"timestamp":"2026-09-14T00:51:58.500Z","computer":"srv-016","event_id":4625,"record_id":101155,"user":"employee-253","source_ip":"10.10.1.25","target":"logon-session","logon_type":2,"change_ticket":"","result":"failure","channel":"Security","provider":"Microsoft-Windows-Security-Auditing","logon_id":"26b85991cdf8ffc0","process_id":12345,"image_path":"","run_as":"","publisher":"","update_state":"installed","agent_build":"2026.09.4"},{"timestamp":"2026-09-14T00:52:01.200Z","computer":"srv-132","event_id":4698,"record_id":101156,"user":"employee-351","source_ip":"10.11.3.21","target":"Approved-Maintenance","logon_type":null,"change_ticket":"CHG-DEPLOY-18","result":"success","channel":"Security","provider":"Microsoft-Windows-Security-Auditing","logon_id":"afb3681a216fa255","process_id":17532,"image_path":"C:/Program Files/ApprovedAgent/agent.exe","run_as":"svc-agent","publisher":"Approved Software Team","update_state":"installed","agent_build":"2026.09.1"},{"timestamp":"2026-09-14T00:52:03.900Z","computer":"srv-132","event_id":4728,"record_id":101157,"user":"deployment-admin","source_ip":"10.11.3.21","target":"Project-Readers","logon_type":null,"change_ticket":"CHG-DEPLOY-18","result":"success","channel":"Security","provider":"Microsoft-Windows-Security-Auditing","logon_id":"afb3681a216fa255","process_id":4735,"image_path":"","run_as":"","publisher":"","update_state":"installed","agent_build":"2026.09.2"},{"timestamp":"2026-09-14T00:52:06.600Z","computer":"srv-057","event_id":4697,"record_id":101158,"user":"employee-470","source_ip":"10.10.3.26","target":"ApprovedAgent","logon_type":null,"change_ticket":"CHG-DEPLOY-18","result":"success","channel":"Security","provider":"Microsoft-Windows-Security-Auditing","logon_id":"afb3681a216fa255","process_id":14325,"image_path":"C:/Program Files/ApprovedAgent/agent.exe","run_as":"svc-agent","publisher":"Approved Software Team","update_state":"installed","agent_build":"2026.09.3"},{"timestamp":"2026-09-14T00:52:09.300Z","computer":"srv-143","event_id":4624,"record_id":101159,"user":"employee-338","source_ip":"10.11.4.12","target":"logon-session","logon_type":3,"change_ticket":"","result":"success","channel":"Security","provider":"Microsoft-Windows-Security-Auditing","logon_id":"afb3681a216fa255","process_id":5172,"image_path":"","run_as":"","publisher":"","update_state":"installed","agent_build":"2026.09.4"},{"timestamp":"2026-09-14T00:52:12.000Z","computer":"srv-214","event_id":4624,"record_id":101160,"user":"employee-449","source_ip":"10.12.3.23","target":"logon-session","logon_type":10,"change_ticket":"","result":"success","channel":"Security","provider":"Microsoft-Windows-Security-Auditing","logon_id":"ac819d3f2d14d4b4","process_id":17162,"image_path":"","run_as":"","publisher":"","update_state":"installed","agent_build":"2026.09.1"},{"timestamp":"2026-09-14T00:52:14.700Z","computer":"srv-232","event_id":4634,"record_id":101161,"user":"employee-77","source_ip":"10.12.4.21","target":"logon-session","logon_type":2,"change_ticket":"","result":"success","channel":"Security","provider":"Microsoft-Windows-Security-Auditing","logon_id":"ac819d3f2d14d4b4","process_id":25087,"image_path":"","run_as":"","publisher":"","update_state":"installed","agent_build":"2026.09.2"},{"timestamp":"2026-09-14T00:52:17.400Z","computer":"srv-144","event_id":4688,"record_id":101162,"user":"employee-428","source_ip":"10.11.4.13","target":"logon-session","logon_type":null,"change_ticket":"","result":"success","channel":"Security","provider":"Microsoft-Windows-Security-Auditing","logon_id":"ac819d3f2d14d4b4","process_id":19560,"image_path":"C:/Program Files/ApprovedAgent/agent.exe","run_as":"","publisher":"Approved Software Team","update_state":"installed","agent_build":"2026.09.3"},{"timestamp":"2026-09-14T00:52:20.100Z","computer":"srv-005","event_id":4625,"record_id":101163,"user":"employee-372","source_ip":"10.10.1.14","target":"logon-session","logon_type":10,"change_ticket":"","result":"failure","channel":"Security","provider":"Microsoft-Windows-Security-Auditing","logon_id":"ac819d3f2d14d4b4","process_id":8298,"image_path":"","run_as":"","publisher":"","update_state":"installed","agent_build":"2026.09.4"},{"timestamp":"2026-09-14T00:52:22.800Z","computer":"srv-153","event_id":4698,"record_id":101164,"user":"employee-385","source_ip":"10.11.4.22","target":"Approved-Maintenance","logon_type":null,"change_ticket":"CHG-DEPLOY-18","result":"success","channel":"Security","provider":"Microsoft-Windows-Security-Auditing","logon_id":"d68d6e5c889e40d7","process_id":15417,"image_path":"C:/Program Files/ApprovedAgent/agent.exe","run_as":"svc-agent","publisher":"Approved Software Team","update_state":"installed","agent_build":"2026.09.1"},{"timestamp":"2026-09-14T00:52:25.500Z","computer":"srv-156","event_id":4728,"record_id":101165,"user":"employee-393","source_ip":"10.11.4.25","target":"Project-Readers","logon_type":null,"change_ticket":"CHG-DEPLOY-18","result":"success","channel":"Security","provider":"Microsoft-Windows-Security-Auditing","logon_id":"d68d6e5c889e40d7","process_id":10158,"image_path":"","run_as":"","publisher":"","update_state":"installed","agent_build":"2026.09.2"},