{"timestamp":"2026-09-14T00:38:09.600Z","computer":"srv-121","event_id":4624,"record_id":100848,"user":"employee-34","source_ip":"10.11.3.10","target":"logon-session","logon_type":10,"change_ticket":"","result":"success","channel":"Security","provider":"Microsoft-Windows-Security-Auditing","logon_id":"c1e2318e4177e31d","process_id":4538,"image_path":"","run_as":"","publisher":"","update_state":"installed","agent_build":"2026.09.1"},{"timestamp":"2026-09-14T00:38:12.300Z","computer":"srv-001","event_id":4634,"record_id":100849,"user":"employee-308","source_ip":"10.10.1.10","target":"logon-session","logon_type":2,"change_ticket":"","result":"success","channel":"Security","provider":"Microsoft-Windows-Security-Auditing","logon_id":"c1e2318e4177e31d","process_id":6586,"image_path":"","run_as":"","publisher":"","update_state":"installed","agent_build":"2026.09.2"},{"timestamp":"2026-09-14T00:38:15.000Z","computer":"srv-063","event_id":4688,"record_id":100850,"user":"employee-109","source_ip":"10.10.4.12","target":"logon-session","logon_type":null,"change_ticket":"","result":"success","channel":"Security","provider":"Microsoft-Windows-Security-Auditing","logon_id":"c1e2318e4177e31d","process_id":14104,"image_path":"C:/Program Files/ApprovedAgent/agent.exe","run_as":"","publisher":"Approved Software Team","update_state":"installed","agent_build":"2026.09.3"},{"timestamp":"2026-09-14T00:38:17.700Z","computer":"srv-041","event_id":4625,"record_id":100851,"user":"employee-441","source_ip":"10.10.3.10","target":"logon-session","logon_type":10,"change_ticket":"","result":"failure","channel":"Security","provider":"Microsoft-Windows-Security-Auditing","logon_id":"c1e2318e4177e31d","process_id":23374,"image_path":"","run_as":"","publisher":"","update_state":"installed","agent_build":"2026.09.4"},{"timestamp":"2026-09-14T00:38:20.400Z","computer":"srv-145","event_id":4698,"record_id":100852,"user":"employee-9","source_ip":"10.11.4.14","target":"Approved-Maintenance","logon_type":null,"change_ticket":"CHG-DEPLOY-18","result":"success","channel":"Security","provider":"Microsoft-Windows-Security-Auditing","logon_id":"c96d94e3c7451398","process_id":19320,"image_path":"C:/Program Files/ApprovedAgent/agent.exe","run_as":"svc-agent","publisher":"Approved Software Team","update_state":"installed","agent_build":"2026.09.1"},{"timestamp":"2026-09-14T00:38:23.100Z","computer":"srv-092","event_id":4728,"record_id":100853,"user":"employee-38","source_ip":"10.11.1.21","target":"Project-Readers","logon_type":null,"change_ticket":"CHG-DEPLOY-18","result":"success","channel":"Security","provider":"Microsoft-Windows-Security-Auditing","logon_id":"c96d94e3c7451398","process_id":9815,"image_path":"","run_as":"","publisher":"","update_state":"installed","agent_build":"2026.09.2"},{"timestamp":"2026-09-14T00:38:25.800Z","computer":"srv-129","event_id":4697,"record_id":100854,"user":"employee-413","source_ip":"10.11.3.18","target":"ApprovedAgent","logon_type":null,"change_ticket":"CHG-DEPLOY-18","result":"success","channel":"Security","provider":"Microsoft-Windows-Security-Auditing","logon_id":"c96d94e3c7451398","process_id":3127,"image_path":"C:/Program Files/ApprovedAgent/agent.exe","run_as":"svc-agent","publisher":"Approved Software Team","update_state":"installed","agent_build":"2026.09.3"},{"timestamp":"2026-09-14T00:38:28.500Z","computer":"srv-028","event_id":4624,"record_id":100855,"user":"employee-348","source_ip":"10.10.2.17","target":"logon-session","logon_type":2,"change_ticket":"","result":"success","channel":"Security","provider":"Microsoft-Windows-Security-Auditing","logon_id":"c96d94e3c7451398","process_id":17359,"image_path":"","run_as":"","publisher":"","update_state":"installed","agent_build":"2026.09.4"},{"timestamp":"2026-09-14T00:38:31.200Z","computer":"srv-172","event_id":4624,"record_id":100856,"user":"employee-50","source_ip":"10.12.1.21","target":"logon-session","logon_type":3,"change_ticket":"","result":"success","channel":"Security","provider":"Microsoft-Windows-Security-Auditing","logon_id":"96e4a29618d9ef8c","process_id":19434,"image_path":"","run_as":"","publisher":"","update_state":"installed","agent_build":"2026.09.1"},{"timestamp":"2026-09-14T00:38:33.900Z","computer":"srv-043","event_id":4634,"record_id":100857,"user":"employee-56","source_ip":"10.10.3.12","target":"logon-session","logon_type":10,"change_ticket":"","result":"success","channel":"Security","provider":"Microsoft-Windows-Security-Auditing","logon_id":"96e4a29618d9ef8c","process_id":25241,"image_path":"","run_as":"","publisher":"","update_state":"installed","agent_build":"2026.09.2"},{"timestamp":"2026-09-14T00:38:36.600Z","computer":"srv-217","event_id":4688,"record_id":100858,"user":"deployment-admin","source_ip":"10.12.3.26","target":"logon-session","logon_type":null,"change_ticket":"","result":"success","channel":"Security","provider":"Microsoft-Windows-Security-Auditing","logon_id":"96e4a29618d9ef8c","process_id":19282,"image_path":"C:/Program Files/ApprovedAgent/agent.exe","run_as":"","publisher":"Approved Software Team","update_state":"installed","agent_build":"2026.09.3"},{"timestamp":"2026-09-14T00:38:39.300Z","computer":"srv-107","event_id":4625,"record_id":100859,"user":"employee-161","source_ip":"10.11.2.16","target":"logon-session","logon_type":3,"change_ticket":"","result":"failure","channel":"Security","provider":"Microsoft-Windows-Security-Auditing","logon_id":"96e4a29618d9ef8c","process_id":8690,"image_path":"","run_as":"","publisher":"","update_state":"installed","agent_build":"2026.09.4"},{"timestamp":"2026-09-14T00:38:42.000Z","computer":"srv-053","event_id":4698,"record_id":100860,"user":"employee-19","source_ip":"10.10.3.22","target":"Approved-Maintenance","logon_type":null,"change_ticket":"CHG-DEPLOY-18","result":"success","channel":"Security","provider":"Microsoft-Windows-Security-Auditing","logon_id":"d3f46a47b74af86e","process_id":12987,"image_path":"C:/Program Files/ApprovedAgent/agent.exe","run_as":"svc-agent","publisher":"Approved Software Team","update_state":"installed","agent_build":"2026.09.1"},{"timestamp":"2026-09-14T00:38:44.700Z","computer":"srv-133","event_id":4728,"record_id":100861,"user":"employee-77","source_ip":"10.11.3.22","target":"Project-Readers","logon_type":null,"change_ticket":"CHG-DEPLOY-18","result":"success","channel":"Security","provider":"Microsoft-Windows-Security-Auditing","logon_id":"d3f46a47b74af86e","process_id":20396,"image_path":"","run_as":"","publisher":"","update_state":"installed","agent_build":"2026.09.2"},{"timestamp":"2026-09-14T00:38:47.400Z","computer":"srv-066","event_id":4697,"record_id":100862,"user":"employee-86","source_ip":"10.10.4.15","target":"ApprovedAgent","logon_type":null,"change_ticket":"CHG-DEPLOY-18","result":"success","channel":"Security","provider":"Microsoft-Windows-Security-Auditing","logon_id":"d3f46a47b74af86e","process_id":9043,"image_path":"C:/Program Files/ApprovedAgent/agent.exe","run_as":"svc-agent","publisher":"Approved Software Team","update_state":"installed","agent_build":"2026.09.3"},{"timestamp":"2026-09-14T00:38:50.100Z","computer":"srv-163","event_id":4624,"record_id":100863,"user":"employee-57","source_ip":"10.12.1.12","target":"logon-session","logon_type":10,"change_ticket":"","result":"success","channel":"Security","provider":"Microsoft-Windows-Security-Auditing","logon_id":"d3f46a47b74af86e","process_id":13840,"image_path":"","run_as":"","publisher":"","update_state":"installed","agent_build":"2026.09.4"},{"timestamp":"2026-09-14T00:38:52.800Z","computer":"srv-029","event_id":4624,"record_id":100864,"user":"employee-83","source_ip":"10.10.2.18","target":"logon-session","logon_type":2,"change_ticket":"","result":"success","channel":"Security","provider":"Microsoft-Windows-Security-Auditing","logon_id":"5888552e316be17f","process_id":25265,"image_path":"","run_as":"","publisher":"","update_state":"installed","agent_build":"2026.09.1"},{"timestamp":"2026-09-14T00:38:55.500Z","computer":"srv-207","event_id":4634,"record_id":100865,"user":"employee-278","source_ip":"10.12.3.16","target":"logon-session","logon_type":3,"change_ticket":"","result":"success","channel":"Security","provider":"Microsoft-Windows-Security-Auditing","logon_id":"5888552e316be17f","process_id":20676,"image_path":"","run_as":"","publisher":"","update_state":"installed","agent_build":"2026.09.2"},{"timestamp":"2026-09-14T00:38:58.200Z","computer":"srv-144","event_id":4688,"record_id":100866,"user":"employee-57","source_ip":"10.11.4.13","target":"logon-session","logon_type":null,"change_ticket":"","result":"success","channel":"Security","provider":"Microsoft-Windows-Security-Auditing","logon_id":"5888552e316be17f","process_id":5162,"image_path":"C:/Program Files/ApprovedAgent/agent.exe","run_as":"","publisher":"Approved Software Team","update_state":"installed","agent_build":"2026.09.3"},{"timestamp":"2026-09-14T00:39:00.900Z","computer":"srv-087","event_id":4625,"record_id":100867,"user":"employee-366","source_ip":"10.11.1.16","target":"logon-session","logon_type":2,"change_ticket":"","result":"failure","channel":"Security","provider":"Microsoft-Windows-Security-Auditing","logon_id":"5888552e316be17f","process_id":12908,"image_path":"","run_as":"","publisher":"","update_state":"installed","agent_build":"2026.09.4"},{"timestamp":"2026-09-14T00:39:03.600Z","computer":"srv-017","event_id":4698,"record_id":100868,"user":"employee-344","source_ip":"10.10.1.26","target":"Approved-Maintenance","logon_type":null,"change_ticket":"CHG-DEPLOY-18","result":"success","channel":"Security","provider":"Microsoft-Windows-Security-Auditing","logon_id":"5e55e930899188d5","process_id":21809,"image_path":"C:/Program Files/ApprovedAgent/agent.exe","run_as":"svc-agent","publisher":"Approved Software Team","update_state":"restart-pending","agent_build":"2026.09.1"},{"timestamp":"2026-09-14T00:39:06.300Z","computer":"srv-201","event_id":4728,"record_id":100869,"user":"employee-274","source_ip":"10.12.3.10","target":"Project-Readers","logon_type":null,"change_ticket":"CHG-DEPLOY-18","result":"success","channel":"Security","provider":"Microsoft-Windows-Security-Auditing","logon_id":"5e55e930899188d5","process_id":9730,"image_path":"","run_as":"","publisher":"","update_state":"installed","agent_build":"2026.09.2"},{"timestamp":"2026-09-14T00:39:09.000Z","computer":"srv-144","event_id":4697,"record_id":100870,"user":"employee-259","source_ip":"10.11.4.13","target":"ApprovedAgent","logon_type":null,"change_ticket":"CHG-DEPLOY-18","result":"success","channel":"Security","provider":"Microsoft-Windows-Security-Auditing","logon_id":"5e55e930899188d5","process_id":11679,"image_path":"C:/Program Files/ApprovedAgent/agent.exe","run_as":"svc-agent","publisher":"Approved Software Team","update_state":"installed","agent_build":"2026.09.3"},{"timestamp":"2026-09-14T00:39:11.700Z","computer":"srv-227","event_id":4624,"record_id":100871,"user":"deployment-admin","source_ip":"10.12.4.16","target":"logon-session","logon_type":3,"change_ticket":"","result":"success","channel":"Security","provider":"Microsoft-Windows-Security-Auditing","logon_id":"5e55e930899188d5","process_id":9156,"image_path":"","run_as":"","publisher":"","update_state":"installed","agent_build":"2026.09.4"},{"timestamp":"2026-09-14T00:39:14.400Z","computer":"srv-197","event_id":4624,"record_id":100872,"user":"employee-202","source_ip":"10.12.2.26","target":"logon-session","logon_type":10,"change_ticket":"","result":"success","channel":"Security","provider":"Microsoft-Windows-Security-Auditing","logon_id":"af82db80a6a134d4","process_id":18080,"image_path":"","run_as":"","publisher":"","update_state":"installed","agent_build":"2026.09.1"},{"timestamp":"2026-09-14T00:39:17.100Z","computer":"srv-174","event_id":4634,"record_id":100873,"user":"employee-319","source_ip":"10.12.1.23","target":"logon-session","logon_type":2,"change_ticket":"","result":"success","channel":"Security","provider":"Microsoft-Windows-Security-Auditing","logon_id":"af82db80a6a134d4","process_id":13498,"image_path":"","run_as":"","publisher":"","update_state":"installed","agent_build":"2026.09.2"},{"timestamp":"2026-09-14T00:39:19.800Z","computer":"srv-179","event_id":4688,"record_id":100874,"user":"employee-301","source_ip":"10.12.1.28","target":"logon-session","logon_type":null,"change_ticket":"","result":"success","channel":"Security","provider":"Microsoft-Windows-Security-Auditing","logon_id":"af82db80a6a134d4","process_id":4529,"image_path":"C:/Program Files/ApprovedAgent/agent.exe","run_as":"","publisher":"Approved Software Team","update_state":"installed","agent_build":"2026.09.3"},{"timestamp":"2026-09-14T00:39:22.500Z","computer":"srv-135","event_id":4625,"record_id":100875,"user":"employee-315","source_ip":"10.11.3.24","target":"logon-session","logon_type":10,"change_ticket":"","result":"failure","channel":"Security","provider":"Microsoft-Windows-Security-Auditing","logon_id":"af82db80a6a134d4","process_id":6867,"image_path":"","run_as":"","publisher":"","update_state":"installed","agent_build":"2026.09.4"},{"timestamp":"2026-09-14T00:39:25.200Z","computer":"srv-122","event_id":4698,"record_id":100876,"user":"employee-98","source_ip":"10.11.3.11","target":"Approved-Maintenance","logon_type":null,"change_ticket":"CHG-DEPLOY-18","result":"success","channel":"Security","provider":"Microsoft-Windows-Security-Auditing","logon_id":"1704fcbc4052dffc","process_id":6504,"image_path":"C:/Program Files/ApprovedAgent/agent.exe","run_as":"svc-agent","publisher":"Approved Software Team","update_state":"installed","agent_build":"2026.09.1"},{"timestamp":"2026-09-14T00:39:27.900Z","computer":"srv-109","event_id":4728,"record_id":100877,"user":"employee-137","source_ip":"10.11.2.18","target":"Project-Readers","logon_type":null,"change_ticket":"CHG-DEPLOY-18","result":"success","channel":"Security","provider":"Microsoft-Windows-Security-Auditing","logon_id":"1704fcbc4052dffc","process_id":18434,"image_path":"","run_as":"","publisher":"","update_state":"installed","agent_build":"2026.09.2"},{"timestamp":"2026-09-14T00:39:30.600Z","computer":"srv-004","event_id":4697,"record_id":100878,"user":"employee-29","source_ip":"10.10.1.13","target":"ApprovedAgent","logon_type":null,"change_ticket":"CHG-DEPLOY-18","result":"success","channel":"Security","provider":"Microsoft-Windows-Security-Auditing","logon_id":"1704fcbc4052dffc","process_id":3015,"image_path":"C:/Program Files/ApprovedAgent/agent.exe","run_as":"svc-agent","publisher":"Approved Software Team","update_state":"installed","agent_build":"2026.09.3"},{"timestamp":"2026-09-14T00:39:33.300Z","computer":"srv-070","event_id":4624,"record_id":100879,"user":"employee-328","source_ip":"10.10.4.19","target":"logon-session","logon_type":2,"change_ticket":"","result":"success","channel":"Security","provider":"Microsoft-Windows-Security-Auditing","logon_id":"1704fcbc4052dffc","process_id":12693,"image_path":"","run_as":"","publisher":"","update_state":"installed","agent_build":"2026.09.4"},{"timestamp":"2026-09-14T00:39:36.000Z","computer":"srv-211","event_id":4624,"record_id":100880,"user":"employee-194","source_ip":"10.12.3.20","target":"logon-session","logon_type":3,"change_ticket":"","result":"success","channel":"Security","provider":"Microsoft-Windows-Security-Auditing","logon_id":"38d8f73a6f7f41d5","process_id":22035,"image_path":"","run_as":"","publisher":"","update_state":"installed","agent_build":"2026.09.1"},{"timestamp":"2026-09-14T00:39:38.700Z","computer":"srv-073","event_id":4634,"record_id":100881,"user":"employee-391","source_ip":"10.10.4.22","target":"logon-session","logon_type":10,"change_ticket":"","result":"success","channel":"Security","provider":"Microsoft-Windows-Security-Auditing","logon_id":"38d8f73a6f7f41d5","process_id":24055,"image_path":"","run_as":"","publisher":"","update_state":"installed","agent_build":"2026.09.2"},{"timestamp":"2026-09-14T00:39:41.400Z","computer":"srv-066","event_id":4688,"record_id":100882,"user":"employee-389","source_ip":"10.10.4.15","target":"logon-session","logon_type":null,"change_ticket":"","result":"success","channel":"Security","provider":"Microsoft-Windows-Security-Auditing","logon_id":"38d8f73a6f7f41d5","process_id":3195,"image_path":"C:/Program Files/ApprovedAgent/agent.exe","run_as":"","publisher":"Approved Software Team","update_state":"installed","agent_build":"2026.09.3"},{"timestamp":"2026-09-14T00:39:44.100Z","computer":"srv-018","event_id":4625,"record_id":100883,"user":"employee-333","source_ip":"10.10.1.27","target":"logon-session","logon_type":3,"change_ticket":"","result":"failure","channel":"Security","provider":"Microsoft-Windows-Security-Auditing","logon_id":"38d8f73a6f7f41d5","process_id":22561,"image_path":"","run_as":"","publisher":"","update_state":"installed","agent_build":"2026.09.4"},{"timestamp":"2026-09-14T00:39:46.800Z","computer":"srv-055","event_id":4698,"record_id":100884,"user":"deployment-admin","source_ip":"10.10.3.24","target":"Approved-Maintenance","logon_type":null,"change_ticket":"CHG-DEPLOY-18","result":"success","channel":"Security","provider":"Microsoft-Windows-Security-Auditing","logon_id":"cb3c45bc73b1b857","process_id":23656,"image_path":"C:/Program Files/ApprovedAgent/agent.exe","run_as":"svc-agent","publisher":"Approved Software Team","update_state":"installed","agent_build":"2026.09.1"},{"timestamp":"2026-09-14T00:39:49.500Z","computer":"srv-097","event_id":4728,"record_id":100885,"user":"employee-42","source_ip":"10.11.1.26","target":"Project-Readers","logon_type":null,"change_ticket":"CHG-DEPLOY-18","result":"success","channel":"Security","provider":"Microsoft-Windows-Security-Auditing","logon_id":"cb3c45bc73b1b857","process_id":25514,"image_path":"","run_as":"","publisher":"","update_state":"no-report","agent_build":"2026.09.2"},{"timestamp":"2026-09-14T00:39:52.200Z","computer":"srv-086","event_id":4697,"record_id":100886,"user":"employee-410","source_ip":"10.11.1.15","target":"ApprovedAgent","logon_type":null,"change_ticket":"CHG-DEPLOY-18","result":"success","channel":"Security","provider":"Microsoft-Windows-Security-Auditing","logon_id":"cb3c45bc73b1b857","process_id":3347,"image_path":"C:/Program Files/ApprovedAgent/agent.exe","run_as":"svc-agent","publisher":"Approved Software Team","update_state":"installed","agent_build":"2026.09.3"},{"timestamp":"2026-09-14T00:39:54.900Z","computer":"srv-077","event_id":4624,"record_id":100887,"user":"employee-320","source_ip":"10.10.4.26","target":"logon-session","logon_type":10,"change_ticket":"","result":"success","channel":"Security","provider":"Microsoft-Windows-Security-Auditing","logon_id":"cb3c45bc73b1b857","process_id":5216,"image_path":"","run_as":"","publisher":"","update_state":"installed","agent_build":"2026.09.4"},{"timestamp":"2026-09-14T00:39:57.600Z","computer":"srv-053","event_id":4624,"record_id":100888,"user":"employee-226","source_ip":"10.10.3.22","target":"logon-session","logon_type":2,"change_ticket":"","result":"success","channel":"Security","provider":"Microsoft-Windows-Security-Auditing","logon_id":"797115b954bfdc71","process_id":24512,"image_path":"","run_as":"","publisher":"","update_state":"installed","agent_build":"2026.09.1"},{"timestamp":"2026-09-14T00:40:00.300Z","computer":"srv-230","event_id":4634,"record_id":100889,"user":"employee-340","source_ip":"10.12.4.19","target":"logon-session","logon_type":3,"change_ticket":"","result":"success","channel":"Security","provider":"Microsoft-Windows-Security-Auditing","logon_id":"797115b954bfdc71","process_id":7000,"image_path":"","run_as":"","publisher":"","update_state":"installed","agent_build":"2026.09.2"},{"timestamp":"2026-09-14T00:40:03.000Z","computer":"srv-101","event_id":4688,"record_id":100890,"user":"employee-32","source_ip":"10.11.2.10","target":"logon-session","logon_type":null,"change_ticket":"","result":"success","channel":"Security","provider":"Microsoft-Windows-Security-Auditing","logon_id":"797115b954bfdc71","process_id":11544,"image_path":"C:/Program Files/ApprovedAgent/agent.exe","run_as":"","publisher":"Approved Software Team","update_state":"installed","agent_build":"2026.09.3"},{"timestamp":"2026-09-14T00:40:05.700Z","computer":"srv-216","event_id":4625,"record_id":100891,"user":"employee-12","source_ip":"10.12.3.25","target":"logon-session","logon_type":2,"change_ticket":"","result":"failure","channel":"Security","provider":"Microsoft-Windows-Security-Auditing","logon_id":"797115b954bfdc71","process_id":23506,"image_path":"","run_as":"","publisher":"","update_state":"installed","agent_build":"2026.09.4"},{"timestamp":"2026-09-14T00:40:08.400Z","computer":"srv-134","event_id":4698,"record_id":100892,"user":"employee-51","source_ip":"10.11.3.23","target":"Approved-Maintenance","logon_type":null,"change_ticket":"CHG-DEPLOY-18","result":"success","channel":"Security","provider":"Microsoft-Windows-Security-Auditing","logon_id":"1b46c805bd2e7295","process_id":12409,"image_path":"C:/Program Files/ApprovedAgent/agent.exe","run_as":"svc-agent","publisher":"Approved Software Team","update_state":"installed","agent_build":"2026.09.1"},{"timestamp":"2026-09-14T00:40:11.100Z","computer":"srv-063","event_id":4728,"record_id":100893,"user":"employee-31","source_ip":"10.10.4.12","target":"Project-Readers","logon_type":null,"change_ticket":"CHG-DEPLOY-18","result":"success","channel":"Security","provider":"Microsoft-Windows-Security-Auditing","logon_id":"1b46c805bd2e7295","process_id":10768,"image_path":"","run_as":"","publisher":"","update_state":"failed","agent_build":"2026.09.2"},{"timestamp":"2026-09-14T00:40:13.800Z","computer":"srv-066","event_id":4697,"record_id":100894,"user":"employee-101","source_ip":"10.10.4.15","target":"ApprovedAgent","logon_type":null,"change_ticket":"CHG-DEPLOY-18","result":"success","channel":"Security","provider":"Microsoft-Windows-Security-Auditing","logon_id":"1b46c805bd2e7295","process_id":13601,"image_path":"C:/Program Files/ApprovedAgent/agent.exe","run_as":"svc-agent","publisher":"Approved Software Team","update_state":"installed","agent_build":"2026.09.3"},{"timestamp":"2026-09-14T00:40:16.500Z","computer":"srv-170","event_id":4624,"record_id":100895,"user":"employee-194","source_ip":"10.12.1.19","target":"logon-session","logon_type":3,"change_ticket":"","result":"success","channel":"Security","provider":"Microsoft-Windows-Security-Auditing","logon_id":"1b46c805bd2e7295","process_id":17711,"image_path":"","run_as":"","publisher":"","update_state":"installed","agent_build":"2026.09.4"},{"timestamp":"2026-09-14T00:40:19.200Z","computer":"srv-222","event_id":4624,"record_id":100896,"user":"employee-379","source_ip":"10.12.4.11","target":"logon-session","logon_type":10,"change_ticket":"","result":"success","channel":"Security","provider":"Microsoft-Windows-Security-Auditing","logon_id":"b85e8ab920a76a18","process_id":7225,"image_path":"","run_as":"","publisher":"","update_state":"installed","agent_build":"2026.09.1"},{"timestamp":"2026-09-14T00:40:21.900Z","computer":"srv-170","event_id":4634,"record_id":100897,"user":"deployment-admin","source_ip":"10.12.1.19","target":"logon-session","logon_type":2,"change_ticket":"","result":"success","channel":"Security","provider":"Microsoft-Windows-Security-Auditing","logon_id":"b85e8ab920a76a18","process_id":7385,"image_path":"","run_as":"","publisher":"","update_state":"installed","agent_build":"2026.09.2"},{"timestamp":"2026-09-14T00:40:24.600Z","computer":"srv-115","event_id":4688,"record_id":100898,"user":"employee-362","source_ip":"10.11.2.24","target":"logon-session","logon_type":null,"change_ticket":"","result":"success","channel":"Security","provider":"Microsoft-Windows-Security-Auditing","logon_id":"b85e8ab920a76a18","process_id":8889,"image_path":"C:/Program Files/ApprovedAgent/agent.exe","run_as":"","publisher":"Approved Software Team","update_state":"installed","agent_build":"2026.09.3"},{"timestamp":"2026-09-14T00:40:27.300Z","computer":"srv-238","event_id":4625,"record_id":100899,"user":"employee-114","source_ip":"10.12.4.27","target":"logon-session","logon_type":10,"change_ticket":"","result":"failure","channel":"Security","provider":"Microsoft-Windows-Security-Auditing","logon_id":"b85e8ab920a76a18","process_id":8094,"image_path":"","run_as":"","publisher":"","update_state":"restart-pending","agent_build":"2026.09.4"},{"timestamp":"2026-09-14T00:40:30.000Z","computer":"srv-174","event_id":4698,"record_id":100900,"user":"employee-48","source_ip":"10.12.1.23","target":"Approved-Maintenance","logon_type":null,"change_ticket":"CHG-DEPLOY-18","result":"success","channel":"Security","provider":"Microsoft-Windows-Security-Auditing","logon_id":"a7d9d68c99879232","process_id":24846,"image_path":"C:/Program Files/ApprovedAgent/agent.exe","run_as":"svc-agent","publisher":"Approved Software Team","update_state":"installed","agent_build":"2026.09.1"},{"timestamp":"2026-09-14T00:40:32.700Z","computer":"srv-096","event_id":4728,"record_id":100901,"user":"employee-62","source_ip":"10.11.1.25","target":"Project-Readers","logon_type":null,"change_ticket":"CHG-DEPLOY-18","result":"success","channel":"Security","provider":"Microsoft-Windows-Security-Auditing","logon_id":"a7d9d68c99879232","process_id":9022,"image_path":"","run_as":"","publisher":"","update_state":"installed","agent_build":"2026.09.2"},{"timestamp":"2026-09-14T00:40:35.400Z","computer":"srv-081","event_id":4697,"record_id":100902,"user":"employee-237","source_ip":"10.11.1.10","target":"ApprovedAgent","logon_type":null,"change_ticket":"CHG-DEPLOY-18","result":"success","channel":"Security","provider":"Microsoft-Windows-Security-Auditing","logon_id":"a7d9d68c99879232","process_id":18886,"image_path":"C:/Program Files/ApprovedAgent/agent.exe","run_as":"svc-agent","publisher":"Approved Software Team","update_state":"installed","agent_build":"2026.09.3"},{"timestamp":"2026-09-14T00:40:38.100Z","computer":"srv-180","event_id":4624,"record_id":100903,"user":"employee-110","source_ip":"10.12.1.29","target":"logon-session","logon_type":2,"change_ticket":"","result":"success","channel":"Security","provider":"Microsoft-Windows-Security-Auditing","logon_id":"a7d9d68c99879232","process_id":9522,"image_path":"","run_as":"","publisher":"","update_state":"installed","agent_build":"2026.09.4"},{"timestamp":"2026-09-14T00:40:40.800Z","computer":"srv-130","event_id":4624,"record_id":100904,"user":"employee-111","source_ip":"10.11.3.19","target":"logon-session","logon_type":3,"change_ticket":"","result":"success","channel":"Security","provider":"Microsoft-Windows-Security-Auditing","logon_id":"eb1b1250f60c57cc","process_id":22199,"image_path":"","run_as":"","publisher":"","update_state":"installed","agent_build":"2026.09.1"},{"timestamp":"2026-09-14T00:40:43.500Z","computer":"srv-008","event_id":4634,"record_id":100905,"user":"employee-86","source_ip":"10.10.1.17","target":"logon-session","logon_type":10,"change_ticket":"","result":"success","channel":"Security","provider":"Microsoft-Windows-Security-Auditing","logon_id":"eb1b1250f60c57cc","process_id":1955,"image_path":"","run_as":"","publisher":"","update_state":"installed","agent_build":"2026.09.2"},{"timestamp":"2026-09-14T00:40:46.200Z","computer":"srv-092","event_id":4688,"record_id":100906,"user":"employee-314","source_ip":"10.11.1.21","target":"logon-session","logon_type":null,"change_ticket":"","result":"success","channel":"Security","provider":"Microsoft-Windows-Security-Auditing","logon_id":"eb1b1250f60c57cc","process_id":15238,"image_path":"C:/Program Files/ApprovedAgent/agent.exe","run_as":"","publisher":"Approved Software Team","update_state":"installed","agent_build":"2026.09.3"},{"timestamp":"2026-09-14T00:40:48.900Z","computer":"srv-092","event_id":4625,"record_id":100907,"user":"employee-161","source_ip":"10.11.1.21","target":"logon-session","logon_type":3,"change_ticket":"","result":"failure","channel":"Security","provider":"Microsoft-Windows-Security-Auditing","logon_id":"eb1b1250f60c57cc","process_id":5284,"image_path":"","run_as":"","publisher":"","update_state":"installed","agent_build":"2026.09.4"},{"timestamp":"2026-09-14T00:40:51.600Z","computer":"srv-129","event_id":4698,"record_id":100908,"user":"employee-325","source_ip":"10.11.3.18","target":"Approved-Maintenance","logon_type":null,"change_ticket":"CHG-DEPLOY-18","result":"success","channel":"Security","provider":"Microsoft-Windows-Security-Auditing","logon_id":"b60f38eb975f7cd6","process_id":3296,"image_path":"C:/Program Files/ApprovedAgent/agent.exe","run_as":"svc-agent","publisher":"Approved Software Team","update_state":"installed","agent_build":"2026.09.1"},{"timestamp":"2026-09-14T00:40:54.300Z","computer":"srv-080","event_id":4728,"record_id":100909,"user":"employee-39","source_ip":"10.10.4.29","target":"Project-Readers","logon_type":null,"change_ticket":"CHG-DEPLOY-18","result":"success","channel":"Security","provider":"Microsoft-Windows-Security-Auditing","logon_id":"b60f38eb975f7cd6","process_id":3252,"image_path":"","run_as":"","publisher":"","update_state":"installed","agent_build":"2026.09.2"},{"timestamp":"2026-09-14T00:40:57.000Z","computer":"srv-037","event_id":4697,"record_id":100910,"user":"deployment-admin","source_ip":"10.10.2.26","target":"ApprovedAgent","logon_type":null,"change_ticket":"CHG-DEPLOY-18","result":"success","channel":"Security","provider":"Microsoft-Windows-Security-Auditing","logon_id":"b60f38eb975f7cd6","process_id":23677,"image_path":"C:/Program Files/ApprovedAgent/agent.exe","run_as":"svc-agent","publisher":"Approved Software Team","update_state":"installed","agent_build":"2026.09.3"},{"timestamp":"2026-09-14T00:40:59.700Z","computer":"srv-131","event_id":4624,"record_id":100911,"user":"employee-364","source_ip":"10.11.3.20","target":"logon-session","logon_type":10,"change_ticket":"","result":"success","channel":"Security","provider":"Microsoft-Windows-Security-Auditing","logon_id":"b60f38eb975f7cd6","process_id":24132,"image_path":"","run_as":"","publisher":"","update_state":"installed","agent_build":"2026.09.4"},{"timestamp":"2026-09-14T00:41:02.400Z","computer":"srv-205","event_id":4624,"record_id":100912,"user":"employee-40","source_ip":"10.12.3.14","target":"logon-session","logon_type":2,"change_ticket":"","result":"success","channel":"Security","provider":"Microsoft-Windows-Security-Auditing","logon_id":"4d75946c10354050","process_id":4172,"image_path":"","run_as":"","publisher":"","update_state":"installed","agent_build":"2026.09.1"},{"timestamp":"2026-09-14T00:41:05.100Z","computer":"srv-053","event_id":4634,"record_id":100913,"user":"employee-266","source_ip":"10.10.3.22","target":"logon-session","logon_type":3,"change_ticket":"","result":"success","channel":"Security","provider":"Microsoft-Windows-Security-Auditing","logon_id":"4d75946c10354050","process_id":6615,"image_path":"","run_as":"","publisher":"","update_state":"installed","agent_build":"2026.09.2"},{"timestamp":"2026-09-14T00:41:07.800Z","computer":"srv-163","event_id":4688,"record_id":100914,"user":"employee-50","source_ip":"10.12.1.12","target":"logon-session","logon_type":null,"change_ticket":"","result":"success","channel":"Security","provider":"Microsoft-Windows-Security-Auditing","logon_id":"4d75946c10354050","process_id":19594,"image_path":"C:/Program Files/ApprovedAgent/agent.exe","run_as":"","publisher":"Approved Software Team","update_state":"installed","agent_build":"2026.09.3"},{"timestamp":"2026-09-14T00:41:10.500Z","computer":"srv-147","event_id":4625,"record_id":100915,"user":"employee-395","source_ip":"10.11.4.16","target":"logon-session","logon_type":2,"change_ticket":"","result":"failure","channel":"Security","provider":"Microsoft-Windows-Security-Auditing","logon_id":"4d75946c10354050","process_id":19691,"image_path":"","run_as":"","publisher":"","update_state":"installed","agent_build":"2026.09.4"},{"timestamp":"2026-09-14T00:41:13.200Z","computer":"srv-011","event_id":4698,"record_id":100916,"user":"employee-305","source_ip":"10.10.1.20","target":"Approved-Maintenance","logon_type":null,"change_ticket":"CHG-DEPLOY-18","result":"success","channel":"Security","provider":"Microsoft-Windows-Security-Auditing","logon_id":"9729bf759de78038","process_id":8535,"image_path":"C:/Program Files/ApprovedAgent/agent.exe","run_as":"svc-agent","publisher":"Approved Software Team","update_state":"installed","agent_build":"2026.09.1"},{"timestamp":"2026-09-14T00:41:15.900Z","computer":"srv-040","event_id":4728,"record_id":100917,"user":"employee-326","source_ip":"10.10.2.29","target":"Project-Readers","logon_type":null,"change_ticket":"CHG-DEPLOY-18","result":"success","channel":"Security","provider":"Microsoft-Windows-Security-Auditing","logon_id":"9729bf759de78038","process_id":22558,"image_path":"","run_as":"","publisher":"","update_state":"installed","agent_build":"2026.09.2"},{"timestamp":"2026-09-14T00:41:18.600Z","computer":"srv-139","event_id":4697,"record_id":100918,"user":"employee-8","source_ip":"10.11.3.28","target":"ApprovedAgent","logon_type":null,"change_ticket":"CHG-DEPLOY-18","result":"success","channel":"Security","provider":"Microsoft-Windows-Security-Auditing","logon_id":"9729bf759de78038","process_id":4262,"image_path":"C:/Program Files/ApprovedAgent/agent.exe","run_as":"svc-agent","publisher":"Approved Software Team","update_state":"installed","agent_build":"2026.09.3"},{"timestamp":"2026-09-14T00:41:21.300Z","computer":"srv-004","event_id":4624,"record_id":100919,"user":"employee-388","source_ip":"10.10.1.13","target":"logon-session","logon_type":3,"change_ticket":"","result":"success","channel":"Security","provider":"Microsoft-Windows-Security-Auditing","logon_id":"9729bf759de78038","process_id":22808,"image_path":"","run_as":"","publisher":"","update_state":"installed","agent_build":"2026.09.4"},{"timestamp":"2026-09-14T00:41:24.000Z","computer":"srv-106","event_id":4624,"record_id":100920,"user":"employee-250","source_ip":"10.11.2.15","target":"logon-session","logon_type":10,"change_ticket":"","result":"success","channel":"Security","provider":"Microsoft-Windows-Security-Auditing","logon_id":"10cda1e71258a729","process_id":12221,"image_path":"","run_as":"","publisher":"","update_state":"installed","agent_build":"2026.09.1"},{"timestamp":"2026-09-14T00:41:26.700Z","computer":"srv-054","event_id":4634,"record_id":100921,"user":"employee-349","source_ip":"10.10.3.23","target":"logon-session","logon_type":2,"change_ticket":"","result":"success","channel":"Security","provider":"Microsoft-Windows-Security-Auditing","logon_id":"10cda1e71258a729","process_id":18164,"image_path":"","run_as":"","publisher":"","update_state":"installed","agent_build":"2026.09.2"},{"timestamp":"2026-09-14T00:41:29.400Z","computer":"srv-145","event_id":4688,"record_id":100922,"user":"employee-383","source_ip":"10.11.4.14","target":"logon-session","logon_type":null,"change_ticket":"","result":"success","channel":"Security","provider":"Microsoft-Windows-Security-Auditing","logon_id":"10cda1e71258a729","process_id":11170,"image_path":"C:/Program Files/ApprovedAgent/agent.exe","run_as":"","publisher":"Approved Software Team","update_state":"installed","agent_build":"2026.09.3"},{"timestamp":"2026-09-14T00:41:32.100Z","computer":"srv-150","event_id":4625,"record_id":100923,"user":"deployment-admin","source_ip":"10.11.4.19","target":"logon-session","logon_type":10,"change_ticket":"","result":"failure","channel":"Security","provider":"Microsoft-Windows-Security-Auditing","logon_id":"10cda1e71258a729","process_id":3519,"image_path":"","run_as":"","publisher":"","update_state":"installed","agent_build":"2026.09.4"},{"timestamp":"2026-09-14T00:41:34.800Z","computer":"srv-216","event_id":4698,"record_id":100924,"user":"employee-103","source_ip":"10.12.3.25","target":"Approved-Maintenance","logon_type":null,"change_ticket":"CHG-DEPLOY-18","result":"success","channel":"Security","provider":"Microsoft-Windows-Security-Auditing","logon_id":"6b424b9c48368be5","process_id":20028,"image_path":"C:/Program Files/ApprovedAgent/agent.exe","run_as":"svc-agent","publisher":"Approved Software Team","update_state":"installed","agent_build":"2026.09.1"},{"timestamp":"2026-09-14T00:41:37.500Z","computer":"srv-019","event_id":4728,"record_id":100925,"user":"employee-473","source_ip":"10.10.1.28","target":"Project-Readers","logon_type":null,"change_ticket":"CHG-DEPLOY-18","result":"success","channel":"Security","provider":"Microsoft-Windows-Security-Auditing","logon_id":"6b424b9c48368be5","process_id":19329,"image_path":"","run_as":"","publisher":"","update_state":"installed","agent_build":"2026.09.2"},{"timestamp":"2026-09-14T00:41:40.200Z","computer":"srv-023","event_id":4697,"record_id":100926,"user":"employee-28","source_ip":"10.10.2.12","target":"ApprovedAgent","logon_type":null,"change_ticket":"CHG-DEPLOY-18","result":"success","channel":"Security","provider":"Microsoft-Windows-Security-Auditing","logon_id":"6b424b9c48368be5","process_id":1835,"image_path":"C:/Program Files/ApprovedAgent/agent.exe","run_as":"svc-agent","publisher":"Approved Software Team","update_state":"installed","agent_build":"2026.09.3"},{"timestamp":"2026-09-14T00:41:42.900Z","computer":"srv-023","event_id":4624,"record_id":100927,"user":"employee-44","source_ip":"10.10.2.12","target":"logon-session","logon_type":2,"change_ticket":"","result":"success","channel":"Security","provider":"Microsoft-Windows-Security-Auditing","logon_id":"6b424b9c48368be5","process_id":15976,"image_path":"","run_as":"","publisher":"","update_state":"installed","agent_build":"2026.09.4"},{"timestamp":"2026-09-14T00:41:45.600Z","computer":"srv-177","event_id":4624,"record_id":100928,"user":"employee-103","source_ip":"10.12.1.26","target":"logon-session","logon_type":3,"change_ticket":"","result":"success","channel":"Security","provider":"Microsoft-Windows-Security-Auditing","logon_id":"b9692892c9957cb7","process_id":17455,"image_path":"","run_as":"","publisher":"","update_state":"installed","agent_build":"2026.09.1"},{"timestamp":"2026-09-14T00:41:48.300Z","computer":"srv-215","event_id":4634,"record_id":100929,"user":"employee-370","source_ip":"10.12.3.24","target":"logon-session","logon_type":10,"change_ticket":"","result":"success","channel":"Security","provider":"Microsoft-Windows-Security-Auditing","logon_id":"b9692892c9957cb7","process_id":9374,"image_path":"","run_as":"","publisher":"","update_state":"installed","agent_build":"2026.09.2"},{"timestamp":"2026-09-14T00:41:51.000Z","computer":"srv-202","event_id":4688,"record_id":100930,"user":"employee-437","source_ip":"10.12.3.11","target":"logon-session","logon_type":null,"change_ticket":"","result":"success","channel":"Security","provider":"Microsoft-Windows-Security-Auditing","logon_id":"b9692892c9957cb7","process_id":17929,"image_path":"C:/Program Files/ApprovedAgent/agent.exe","run_as":"","publisher":"Approved Software Team","update_state":"restart-pending","agent_build":"2026.09.3"},{"timestamp":"2026-09-14T00:41:53.700Z","computer":"srv-126","event_id":4625,"record_id":100931,"user":"employee-309","source_ip":"10.11.3.15","target":"logon-session","logon_type":3,"change_ticket":"","result":"failure","channel":"Security","provider":"Microsoft-Windows-Security-Auditing","logon_id":"b9692892c9957cb7","process_id":19777,"image_path":"","run_as":"","publisher":"","update_state":"installed","agent_build":"2026.09.4"},{"timestamp":"2026-09-14T00:41:56.400Z","computer":"srv-169","event_id":4698,"record_id":100932,"user":"employee-118","source_ip":"10.12.1.18","target":"Approved-Maintenance","logon_type":null,"change_ticket":"CHG-DEPLOY-18","result":"success","channel":"Security","provider":"Microsoft-Windows-Security-Auditing","logon_id":"495395d78a82ea36","process_id":16371,"image_path":"C:/Program Files/ApprovedAgent/agent.exe","run_as":"svc-agent","publisher":"Approved Software Team","update_state":"installed","agent_build":"2026.09.1"},{"timestamp":"2026-09-14T00:41:59.100Z","computer":"srv-062","event_id":4728,"record_id":100933,"user":"employee-25","source_ip":"10.10.4.11","target":"Project-Readers","logon_type":null,"change_ticket":"CHG-DEPLOY-18","result":"success","channel":"Security","provider":"Microsoft-Windows-Security-Auditing","logon_id":"495395d78a82ea36","process_id":13457,"image_path":"","run_as":"","publisher":"","update_state":"installed","agent_build":"2026.09.2"},{"timestamp":"2026-09-14T00:42:01.800Z","computer":"srv-061","event_id":4697,"record_id":100934,"user":"employee-96","source_ip":"10.10.4.10","target":"ApprovedAgent","logon_type":null,"change_ticket":"CHG-DEPLOY-18","result":"success","channel":"Security","provider":"Microsoft-Windows-Security-Auditing","logon_id":"495395d78a82ea36","process_id":21033,"image_path":"C:/Program Files/ApprovedAgent/agent.exe","run_as":"svc-agent","publisher":"Approved Software Team","update_state":"installed","agent_build":"2026.09.3"},{"timestamp":"2026-09-14T00:42:04.500Z","computer":"srv-093","event_id":4624,"record_id":100935,"user":"employee-190","source_ip":"10.11.1.22","target":"logon-session","logon_type":10,"change_ticket":"","result":"success","channel":"Security","provider":"Microsoft-Windows-Security-Auditing","logon_id":"495395d78a82ea36","process_id":22674,"image_path":"","run_as":"","publisher":"","update_state":"installed","agent_build":"2026.09.4"},{"timestamp":"2026-09-14T00:42:07.200Z","computer":"srv-118","event_id":4624,"record_id":100936,"user":"deployment-admin","source_ip":"10.11.2.27","target":"logon-session","logon_type":2,"change_ticket":"","result":"success","channel":"Security","provider":"Microsoft-Windows-Security-Auditing","logon_id":"9cd2bc700acc04c0","process_id":5592,"image_path":"","run_as":"","publisher":"","update_state":"installed","agent_build":"2026.09.1"},{"timestamp":"2026-09-14T00:42:09.900Z","computer":"srv-199","event_id":4634,"record_id":100937,"user":"employee-135","source_ip":"10.12.2.28","target":"logon-session","logon_type":3,"change_ticket":"","result":"success","channel":"Security","provider":"Microsoft-Windows-Security-Auditing","logon_id":"9cd2bc700acc04c0","process_id":18229,"image_path":"","run_as":"","publisher":"","update_state":"installed","agent_build":"2026.09.2"},{"timestamp":"2026-09-14T00:42:12.600Z","computer":"srv-076","event_id":4688,"record_id":100938,"user":"employee-213","source_ip":"10.10.4.25","target":"logon-session","logon_type":null,"change_ticket":"","result":"success","channel":"Security","provider":"Microsoft-Windows-Security-Auditing","logon_id":"9cd2bc700acc04c0","process_id":3202,"image_path":"C:/Program Files/ApprovedAgent/agent.exe","run_as":"","publisher":"Approved Software Team","update_state":"installed","agent_build":"2026.09.3"},{"timestamp":"2026-09-14T00:42:15.300Z","computer":"srv-238","event_id":4625,"record_id":100939,"user":"employee-385","source_ip":"10.12.4.27","target":"logon-session","logon_type":2,"change_ticket":"","result":"failure","channel":"Security","provider":"Microsoft-Windows-Security-Auditing","logon_id":"9cd2bc700acc04c0","process_id":6459,"image_path":"","run_as":"","publisher":"","update_state":"installed","agent_build":"2026.09.4"},{"timestamp":"2026-09-14T00:42:18.000Z","computer":"srv-226","event_id":4698,"record_id":100940,"user":"employee-230","source_ip":"10.12.4.15","target":"Approved-Maintenance","logon_type":null,"change_ticket":"CHG-DEPLOY-18","result":"success","channel":"Security","provider":"Microsoft-Windows-Security-Auditing","logon_id":"b0d3a2d4569b11be","process_id":4790,"image_path":"C:/Program Files/ApprovedAgent/agent.exe","run_as":"svc-agent","publisher":"Approved Software Team","update_state":"failed","agent_build":"2026.09.1"},{"timestamp":"2026-09-14T00:42:20.700Z","computer":"srv-199","event_id":4728,"record_id":100941,"user":"employee-417","source_ip":"10.12.2.28","target":"Project-Readers","logon_type":null,"change_ticket":"CHG-DEPLOY-18","result":"success","channel":"Security","provider":"Microsoft-Windows-Security-Auditing","logon_id":"b0d3a2d4569b11be","process_id":4018,"image_path":"","run_as":"","publisher":"","update_state":"installed","agent_build":"2026.09.2"},{"timestamp":"2026-09-14T00:42:23.400Z","computer":"srv-026","event_id":4697,"record_id":100942,"user":"employee-193","source_ip":"10.10.2.15","target":"ApprovedAgent","logon_type":null,"change_ticket":"CHG-DEPLOY-18","result":"success","channel":"Security","provider":"Microsoft-Windows-Security-Auditing","logon_id":"b0d3a2d4569b11be","process_id":12770,"image_path":"C:/Program Files/ApprovedAgent/agent.exe","run_as":"svc-agent","publisher":"Approved Software Team","update_state":"installed","agent_build":"2026.09.3"},{"timestamp":"2026-09-14T00:42:26.100Z","computer":"srv-201","event_id":4624,"record_id":100943,"user":"employee-189","source_ip":"10.12.3.10","target":"logon-session","logon_type":3,"change_ticket":"","result":"success","channel":"Security","provider":"Microsoft-Windows-Security-Auditing","logon_id":"b0d3a2d4569b11be","process_id":18003,"image_path":"","run_as":"","publisher":"","update_state":"installed","agent_build":"2026.09.4"},{"timestamp":"2026-09-14T00:42:28.800Z","computer":"srv-098","event_id":4624,"record_id":100944,"user":"employee-347","source_ip":"10.11.1.27","target":"logon-session","logon_type":10,"change_ticket":"","result":"success","channel":"Security","provider":"Microsoft-Windows-Security-Auditing","logon_id":"cbbf8680d282f084","process_id":24117,"image_path":"","run_as":"","publisher":"","update_state":"no-report","agent_build":"2026.09.1"},{"timestamp":"2026-09-14T00:42:31.500Z","computer":"srv-231","event_id":4634,"record_id":100945,"user":"employee-23","source_ip":"10.12.4.20","target":"logon-session","logon_type":2,"change_ticket":"","result":"success","channel":"Security","provider":"Microsoft-Windows-Security-Auditing","logon_id":"cbbf8680d282f084","process_id":7005,"image_path":"","run_as":"","publisher":"","update_state":"installed","agent_build":"2026.09.2"},{"timestamp":"2026-09-14T00:42:34.200Z","computer":"srv-072","event_id":4688,"record_id":100946,"user":"employee-449","source_ip":"10.10.4.21","target":"logon-session","logon_type":null,"change_ticket":"","result":"success","channel":"Security","provider":"Microsoft-Windows-Security-Auditing","logon_id":"cbbf8680d282f084","process_id":9101,"image_path":"C:/Program Files/ApprovedAgent/agent.exe","run_as":"","publisher":"Approved Software Team","update_state":"installed","agent_build":"2026.09.3"},{"timestamp":"2026-09-14T00:42:36.900Z","computer":"srv-217","event_id":4625,"record_id":100947,"user":"employee-175","source_ip":"10.12.3.26","target":"logon-session","logon_type":10,"change_ticket":"","result":"failure","channel":"Security","provider":"Microsoft-Windows-Security-Auditing","logon_id":"cbbf8680d282f084","process_id":19989,"image_path":"","run_as":"","publisher":"","update_state":"installed","agent_build":"2026.09.4"},{"timestamp":"2026-09-14T00:42:39.600Z","computer":"srv-119","event_id":4698,"record_id":100948,"user":"employee-212","source_ip":"10.11.2.28","target":"Approved-Maintenance","logon_type":null,"change_ticket":"CHG-DEPLOY-18","result":"success","channel":"Security","provider":"Microsoft-Windows-Security-Auditing","logon_id":"8e420b1c797c295a","process_id":5853,"image_path":"C:/Program Files/ApprovedAgent/agent.exe","run_as":"svc-agent","publisher":"Approved Software Team","update_state":"installed","agent_build":"2026.09.1"},{"timestamp":"2026-09-14T00:42:42.300Z","computer":"srv-220","event_id":4728,"record_id":100949,"user":"deployment-admin","source_ip":"10.12.3.29","target":"Project-Readers","logon_type":null,"change_ticket":"CHG-DEPLOY-18","result":"success","channel":"Security","provider":"Microsoft-Windows-Security-Auditing","logon_id":"8e420b1c797c295a","process_id":3283,"image_path":"","run_as":"","publisher":"","update_state":"installed","agent_build":"2026.09.2"},{"timestamp":"2026-09-14T00:42:45.000Z","computer":"srv-120","event_id":4697,"record_id":100950,"user":"employee-154","source_ip":"10.11.2.29","target":"ApprovedAgent","logon_type":null,"change_ticket":"CHG-DEPLOY-18","result":"success","channel":"Security","provider":"Microsoft-Windows-Security-Auditing","logon_id":"8e420b1c797c295a","process_id":25485,"image_path":"C:/Program Files/ApprovedAgent/agent.exe","run_as":"svc-agent","publisher":"Approved Software Team","update_state":"installed","agent_build":"2026.09.3"},{"timestamp":"2026-09-14T00:42:47.700Z","computer":"srv-213","event_id":4624,"record_id":100951,"user":"employee-230","source_ip":"10.12.3.22","target":"logon-session","logon_type":2,"change_ticket":"","result":"success","channel":"Security","provider":"Microsoft-Windows-Security-Auditing","logon_id":"8e420b1c797c295a","process_id":14066,"image_path":"","run_as":"","publisher":"","update_state":"installed","agent_build":"2026.09.4"},{"timestamp":"2026-09-14T00:42:50.400Z","computer":"srv-006","event_id":4624,"record_id":100952,"user":"employee-328","source_ip":"10.10.1.15","target":"logon-session","logon_type":3,"change_ticket":"","result":"success","channel":"Security","provider":"Microsoft-Windows-Security-Auditing","logon_id":"bb8fcc367f8dcd82","process_id":2074,"image_path":"","run_as":"","publisher":"","update_state":"installed","agent_build":"2026.09.1"},{"timestamp":"2026-09-14T00:42:53.100Z","computer":"srv-062","event_id":4634,"record_id":100953,"user":"employee-11","source_ip":"10.10.4.11","target":"logon-session","logon_type":10,"change_ticket":"","result":"success","channel":"Security","provider":"Microsoft-Windows-Security-Auditing","logon_id":"bb8fcc367f8dcd82","process_id":19200,"image_path":"","run_as":"","publisher":"","update_state":"installed","agent_build":"2026.09.2"},