{"timestamp":"2026-09-14T01:59:15.000Z","computer":"srv-183","event_id":4688,"record_id":102650,"user":"employee-271","source_ip":"10.12.2.12","target":"logon-session","logon_type":null,"change_ticket":"","result":"success","channel":"Security","provider":"Microsoft-Windows-Security-Auditing","logon_id":"8e18c4102456ab61","process_id":4141,"image_path":"C:/Program Files/ApprovedAgent/agent.exe","run_as":"","publisher":"Approved Software Team","update_state":"installed","agent_build":"2026.09.3"},{"timestamp":"2026-09-14T01:59:17.700Z","computer":"srv-018","event_id":4625,"record_id":102651,"user":"employee-383","source_ip":"10.10.1.27","target":"logon-session","logon_type":10,"change_ticket":"","result":"failure","channel":"Security","provider":"Microsoft-Windows-Security-Auditing","logon_id":"8e18c4102456ab61","process_id":1041,"image_path":"","run_as":"","publisher":"","update_state":"installed","agent_build":"2026.09.4"},{"timestamp":"2026-09-14T01:59:20.400Z","computer":"srv-191","event_id":4698,"record_id":102652,"user":"deployment-admin","source_ip":"10.12.2.20","target":"Approved-Maintenance","logon_type":null,"change_ticket":"CHG-DEPLOY-18","result":"success","channel":"Security","provider":"Microsoft-Windows-Security-Auditing","logon_id":"5bb2ce51d4130a4a","process_id":15801,"image_path":"C:/Program Files/ApprovedAgent/agent.exe","run_as":"svc-agent","publisher":"Approved Software Team","update_state":"installed","agent_build":"2026.09.1"},{"timestamp":"2026-09-14T01:59:23.100Z","computer":"srv-014","event_id":4728,"record_id":102653,"user":"employee-5","source_ip":"10.10.1.23","target":"Project-Readers","logon_type":null,"change_ticket":"CHG-DEPLOY-18","result":"success","channel":"Security","provider":"Microsoft-Windows-Security-Auditing","logon_id":"5bb2ce51d4130a4a","process_id":20757,"image_path":"","run_as":"","publisher":"","update_state":"installed","agent_build":"2026.09.2"},{"timestamp":"2026-09-14T01:59:25.800Z","computer":"srv-057","event_id":4697,"record_id":102654,"user":"employee-145","source_ip":"10.10.3.26","target":"ApprovedAgent","logon_type":null,"change_ticket":"CHG-DEPLOY-18","result":"success","channel":"Security","provider":"Microsoft-Windows-Security-Auditing","logon_id":"5bb2ce51d4130a4a","process_id":8938,"image_path":"C:/Program Files/ApprovedAgent/agent.exe","run_as":"svc-agent","publisher":"Approved Software Team","update_state":"installed","agent_build":"2026.09.3"},{"timestamp":"2026-09-14T01:59:28.500Z","computer":"srv-050","event_id":4624,"record_id":102655,"user":"employee-162","source_ip":"10.10.3.19","target":"logon-session","logon_type":2,"change_ticket":"","result":"success","channel":"Security","provider":"Microsoft-Windows-Security-Auditing","logon_id":"5bb2ce51d4130a4a","process_id":9253,"image_path":"","run_as":"","publisher":"","update_state":"no-report","agent_build":"2026.09.4"},{"timestamp":"2026-09-14T01:59:31.200Z","computer":"srv-154","event_id":4624,"record_id":102656,"user":"employee-7","source_ip":"10.11.4.23","target":"logon-session","logon_type":3,"change_ticket":"","result":"success","channel":"Security","provider":"Microsoft-Windows-Security-Auditing","logon_id":"a4a096b62120c3a9","process_id":6222,"image_path":"","run_as":"","publisher":"","update_state":"installed","agent_build":"2026.09.1"},{"timestamp":"2026-09-14T01:59:33.900Z","computer":"srv-220","event_id":4634,"record_id":102657,"user":"employee-76","source_ip":"10.12.3.29","target":"logon-session","logon_type":10,"change_ticket":"","result":"success","channel":"Security","provider":"Microsoft-Windows-Security-Auditing","logon_id":"a4a096b62120c3a9","process_id":14450,"image_path":"","run_as":"","publisher":"","update_state":"installed","agent_build":"2026.09.2"},{"timestamp":"2026-09-14T01:59:36.600Z","computer":"srv-075","event_id":4688,"record_id":102658,"user":"employee-378","source_ip":"10.10.4.24","target":"logon-session","logon_type":null,"change_ticket":"","result":"success","channel":"Security","provider":"Microsoft-Windows-Security-Auditing","logon_id":"a4a096b62120c3a9","process_id":15338,"image_path":"C:/Program Files/ApprovedAgent/agent.exe","run_as":"","publisher":"Approved Software Team","update_state":"installed","agent_build":"2026.09.3"},{"timestamp":"2026-09-14T01:59:39.300Z","computer":"srv-190","event_id":4625,"record_id":102659,"user":"employee-454","source_ip":"10.12.2.19","target":"logon-session","logon_type":3,"change_ticket":"","result":"failure","channel":"Security","provider":"Microsoft-Windows-Security-Auditing","logon_id":"a4a096b62120c3a9","process_id":25102,"image_path":"","run_as":"","publisher":"","update_state":"installed","agent_build":"2026.09.4"},{"timestamp":"2026-09-14T01:59:42.000Z","computer":"srv-145","event_id":4698,"record_id":102660,"user":"employee-286","source_ip":"10.11.4.14","target":"Approved-Maintenance","logon_type":null,"change_ticket":"CHG-DEPLOY-18","result":"success","channel":"Security","provider":"Microsoft-Windows-Security-Auditing","logon_id":"578c873332fc6603","process_id":14754,"image_path":"C:/Program Files/ApprovedAgent/agent.exe","run_as":"svc-agent","publisher":"Approved Software Team","update_state":"installed","agent_build":"2026.09.1"},{"timestamp":"2026-09-14T01:59:44.700Z","computer":"srv-046","event_id":4728,"record_id":102661,"user":"employee-157","source_ip":"10.10.3.15","target":"Project-Readers","logon_type":null,"change_ticket":"CHG-DEPLOY-18","result":"success","channel":"Security","provider":"Microsoft-Windows-Security-Auditing","logon_id":"578c873332fc6603","process_id":15074,"image_path":"","run_as":"","publisher":"","update_state":"installed","agent_build":"2026.09.2"},{"timestamp":"2026-09-14T01:59:47.400Z","computer":"srv-172","event_id":4697,"record_id":102662,"user":"employee-298","source_ip":"10.12.1.21","target":"ApprovedAgent","logon_type":null,"change_ticket":"CHG-DEPLOY-18","result":"success","channel":"Security","provider":"Microsoft-Windows-Security-Auditing","logon_id":"578c873332fc6603","process_id":2979,"image_path":"C:/Program Files/ApprovedAgent/agent.exe","run_as":"svc-agent","publisher":"Approved Software Team","update_state":"installed","agent_build":"2026.09.3"},{"timestamp":"2026-09-14T01:59:50.100Z","computer":"srv-023","event_id":4624,"record_id":102663,"user":"employee-267","source_ip":"10.10.2.12","target":"logon-session","logon_type":10,"change_ticket":"","result":"success","channel":"Security","provider":"Microsoft-Windows-Security-Auditing","logon_id":"578c873332fc6603","process_id":14169,"image_path":"","run_as":"","publisher":"","update_state":"installed","agent_build":"2026.09.4"},{"timestamp":"2026-09-14T01:59:52.800Z","computer":"srv-140","event_id":4624,"record_id":102664,"user":"employee-218","source_ip":"10.11.3.29","target":"logon-session","logon_type":2,"change_ticket":"","result":"success","channel":"Security","provider":"Microsoft-Windows-Security-Auditing","logon_id":"6e8e5f26fd87c875","process_id":25577,"image_path":"","run_as":"","publisher":"","update_state":"installed","agent_build":"2026.09.1"},{"timestamp":"2026-09-14T01:59:55.500Z","computer":"srv-076","event_id":4634,"record_id":102665,"user":"deployment-admin","source_ip":"10.10.4.25","target":"logon-session","logon_type":3,"change_ticket":"","result":"success","channel":"Security","provider":"Microsoft-Windows-Security-Auditing","logon_id":"6e8e5f26fd87c875","process_id":24089,"image_path":"","run_as":"","publisher":"","update_state":"installed","agent_build":"2026.09.2"},{"timestamp":"2026-09-14T01:59:58.200Z","computer":"srv-189","event_id":4688,"record_id":102666,"user":"employee-184","source_ip":"10.12.2.18","target":"logon-session","logon_type":null,"change_ticket":"","result":"success","channel":"Security","provider":"Microsoft-Windows-Security-Auditing","logon_id":"6e8e5f26fd87c875","process_id":15061,"image_path":"C:/Program Files/ApprovedAgent/agent.exe","run_as":"","publisher":"Approved Software Team","update_state":"restart-pending","agent_build":"2026.09.3"},{"timestamp":"2026-09-14T02:00:00.900Z","computer":"srv-013","event_id":4625,"record_id":102667,"user":"employee-247","source_ip":"10.10.1.22","target":"logon-session","logon_type":2,"change_ticket":"","result":"failure","channel":"Security","provider":"Microsoft-Windows-Security-Auditing","logon_id":"6e8e5f26fd87c875","process_id":22659,"image_path":"","run_as":"","publisher":"","update_state":"installed","agent_build":"2026.09.4"},{"timestamp":"2026-09-14T02:00:03.600Z","computer":"srv-011","event_id":4698,"record_id":102668,"user":"employee-295","source_ip":"10.10.1.20","target":"Approved-Maintenance","logon_type":null,"change_ticket":"CHG-DEPLOY-18","result":"success","channel":"Security","provider":"Microsoft-Windows-Security-Auditing","logon_id":"fca2fadb7bca140e","process_id":9220,"image_path":"C:/Program Files/ApprovedAgent/agent.exe","run_as":"svc-agent","publisher":"Approved Software Team","update_state":"installed","agent_build":"2026.09.1"},{"timestamp":"2026-09-14T02:00:06.300Z","computer":"srv-140","event_id":4728,"record_id":102669,"user":"employee-94","source_ip":"10.11.3.29","target":"Project-Readers","logon_type":null,"change_ticket":"CHG-DEPLOY-18","result":"success","channel":"Security","provider":"Microsoft-Windows-Security-Auditing","logon_id":"fca2fadb7bca140e","process_id":15431,"image_path":"","run_as":"","publisher":"","update_state":"installed","agent_build":"2026.09.2"},{"timestamp":"2026-09-14T02:00:09.000Z","computer":"srv-122","event_id":4697,"record_id":102670,"user":"employee-135","source_ip":"10.11.3.11","target":"ApprovedAgent","logon_type":null,"change_ticket":"CHG-DEPLOY-18","result":"success","channel":"Security","provider":"Microsoft-Windows-Security-Auditing","logon_id":"fca2fadb7bca140e","process_id":17396,"image_path":"C:/Program Files/ApprovedAgent/agent.exe","run_as":"svc-agent","publisher":"Approved Software Team","update_state":"installed","agent_build":"2026.09.3"},{"timestamp":"2026-09-14T02:00:11.700Z","computer":"srv-132","event_id":4624,"record_id":102671,"user":"employee-408","source_ip":"10.11.3.21","target":"logon-session","logon_type":3,"change_ticket":"","result":"success","channel":"Security","provider":"Microsoft-Windows-Security-Auditing","logon_id":"fca2fadb7bca140e","process_id":12195,"image_path":"","run_as":"","publisher":"","update_state":"installed","agent_build":"2026.09.4"},{"timestamp":"2026-09-14T02:00:14.400Z","computer":"srv-215","event_id":4624,"record_id":102672,"user":"employee-185","source_ip":"10.12.3.24","target":"logon-session","logon_type":10,"change_ticket":"","result":"success","channel":"Security","provider":"Microsoft-Windows-Security-Auditing","logon_id":"f755019efe88e98d","process_id":7635,"image_path":"","run_as":"","publisher":"","update_state":"installed","agent_build":"2026.09.1"},{"timestamp":"2026-09-14T02:00:17.100Z","computer":"srv-040","event_id":4634,"record_id":102673,"user":"employee-272","source_ip":"10.10.2.29","target":"logon-session","logon_type":2,"change_ticket":"","result":"success","channel":"Security","provider":"Microsoft-Windows-Security-Auditing","logon_id":"f755019efe88e98d","process_id":6963,"image_path":"","run_as":"","publisher":"","update_state":"installed","agent_build":"2026.09.2"},{"timestamp":"2026-09-14T02:00:19.800Z","computer":"srv-185","event_id":4688,"record_id":102674,"user":"employee-134","source_ip":"10.12.2.14","target":"logon-session","logon_type":null,"change_ticket":"","result":"success","channel":"Security","provider":"Microsoft-Windows-Security-Auditing","logon_id":"f755019efe88e98d","process_id":1401,"image_path":"C:/Program Files/ApprovedAgent/agent.exe","run_as":"","publisher":"Approved Software Team","update_state":"installed","agent_build":"2026.09.3"},{"timestamp":"2026-09-14T02:00:22.500Z","computer":"srv-132","event_id":4625,"record_id":102675,"user":"employee-281","source_ip":"10.11.3.21","target":"logon-session","logon_type":10,"change_ticket":"","result":"failure","channel":"Security","provider":"Microsoft-Windows-Security-Auditing","logon_id":"f755019efe88e98d","process_id":23780,"image_path":"","run_as":"","publisher":"","update_state":"installed","agent_build":"2026.09.4"},{"timestamp":"2026-09-14T02:00:25.200Z","computer":"srv-182","event_id":4698,"record_id":102676,"user":"employee-182","source_ip":"10.12.2.11","target":"Approved-Maintenance","logon_type":null,"change_ticket":"CHG-DEPLOY-18","result":"success","channel":"Security","provider":"Microsoft-Windows-Security-Auditing","logon_id":"eedfed3eb4d33921","process_id":12907,"image_path":"C:/Program Files/ApprovedAgent/agent.exe","run_as":"svc-agent","publisher":"Approved Software Team","update_state":"installed","agent_build":"2026.09.1"},{"timestamp":"2026-09-14T02:00:27.900Z","computer":"srv-214","event_id":4728,"record_id":102677,"user":"employee-259","source_ip":"10.12.3.23","target":"Project-Readers","logon_type":null,"change_ticket":"CHG-DEPLOY-18","result":"success","channel":"Security","provider":"Microsoft-Windows-Security-Auditing","logon_id":"eedfed3eb4d33921","process_id":4451,"image_path":"","run_as":"","publisher":"","update_state":"installed","agent_build":"2026.09.2"},{"timestamp":"2026-09-14T02:00:30.600Z","computer":"srv-214","event_id":4697,"record_id":102678,"user":"deployment-admin","source_ip":"10.12.3.23","target":"ApprovedAgent","logon_type":null,"change_ticket":"CHG-DEPLOY-18","result":"success","channel":"Security","provider":"Microsoft-Windows-Security-Auditing","logon_id":"eedfed3eb4d33921","process_id":13771,"image_path":"C:/Program Files/ApprovedAgent/agent.exe","run_as":"svc-agent","publisher":"Approved Software Team","update_state":"installed","agent_build":"2026.09.3"},{"timestamp":"2026-09-14T02:00:33.300Z","computer":"srv-225","event_id":4624,"record_id":102679,"user":"employee-137","source_ip":"10.12.4.14","target":"logon-session","logon_type":2,"change_ticket":"","result":"success","channel":"Security","provider":"Microsoft-Windows-Security-Auditing","logon_id":"eedfed3eb4d33921","process_id":6548,"image_path":"","run_as":"","publisher":"","update_state":"failed","agent_build":"2026.09.4"},{"timestamp":"2026-09-14T02:00:36.000Z","computer":"srv-199","event_id":4624,"record_id":102680,"user":"employee-345","source_ip":"10.12.2.28","target":"logon-session","logon_type":3,"change_ticket":"","result":"success","channel":"Security","provider":"Microsoft-Windows-Security-Auditing","logon_id":"c18f917d3668a8ee","process_id":12652,"image_path":"","run_as":"","publisher":"","update_state":"installed","agent_build":"2026.09.1"},{"timestamp":"2026-09-14T02:00:38.700Z","computer":"srv-065","event_id":4634,"record_id":102681,"user":"employee-255","source_ip":"10.10.4.14","target":"logon-session","logon_type":10,"change_ticket":"","result":"success","channel":"Security","provider":"Microsoft-Windows-Security-Auditing","logon_id":"c18f917d3668a8ee","process_id":15378,"image_path":"","run_as":"","publisher":"","update_state":"installed","agent_build":"2026.09.2"},{"timestamp":"2026-09-14T02:00:41.400Z","computer":"srv-192","event_id":4688,"record_id":102682,"user":"employee-176","source_ip":"10.12.2.21","target":"logon-session","logon_type":null,"change_ticket":"","result":"success","channel":"Security","provider":"Microsoft-Windows-Security-Auditing","logon_id":"c18f917d3668a8ee","process_id":19664,"image_path":"C:/Program Files/ApprovedAgent/agent.exe","run_as":"","publisher":"Approved Software Team","update_state":"installed","agent_build":"2026.09.3"},{"timestamp":"2026-09-14T02:00:44.100Z","computer":"srv-071","event_id":4625,"record_id":102683,"user":"employee-217","source_ip":"10.10.4.20","target":"logon-session","logon_type":3,"change_ticket":"","result":"failure","channel":"Security","provider":"Microsoft-Windows-Security-Auditing","logon_id":"c18f917d3668a8ee","process_id":23022,"image_path":"","run_as":"","publisher":"","update_state":"installed","agent_build":"2026.09.4"},{"timestamp":"2026-09-14T02:00:46.800Z","computer":"srv-118","event_id":4698,"record_id":102684,"user":"employee-307","source_ip":"10.11.2.27","target":"Approved-Maintenance","logon_type":null,"change_ticket":"CHG-DEPLOY-18","result":"success","channel":"Security","provider":"Microsoft-Windows-Security-Auditing","logon_id":"bb44d4db931d7586","process_id":6537,"image_path":"C:/Program Files/ApprovedAgent/agent.exe","run_as":"svc-agent","publisher":"Approved Software Team","update_state":"installed","agent_build":"2026.09.1"},{"timestamp":"2026-09-14T02:00:49.500Z","computer":"srv-117","event_id":4728,"record_id":102685,"user":"employee-103","source_ip":"10.11.2.26","target":"Project-Readers","logon_type":null,"change_ticket":"CHG-DEPLOY-18","result":"success","channel":"Security","provider":"Microsoft-Windows-Security-Auditing","logon_id":"bb44d4db931d7586","process_id":16020,"image_path":"","run_as":"","publisher":"","update_state":"installed","agent_build":"2026.09.2"},{"timestamp":"2026-09-14T02:00:52.200Z","computer":"srv-194","event_id":4697,"record_id":102686,"user":"employee-90","source_ip":"10.12.2.23","target":"ApprovedAgent","logon_type":null,"change_ticket":"CHG-DEPLOY-18","result":"success","channel":"Security","provider":"Microsoft-Windows-Security-Auditing","logon_id":"bb44d4db931d7586","process_id":25391,"image_path":"C:/Program Files/ApprovedAgent/agent.exe","run_as":"svc-agent","publisher":"Approved Software Team","update_state":"installed","agent_build":"2026.09.3"},{"timestamp":"2026-09-14T02:00:54.900Z","computer":"srv-033","event_id":4624,"record_id":102687,"user":"employee-306","source_ip":"10.10.2.22","target":"logon-session","logon_type":10,"change_ticket":"","result":"success","channel":"Security","provider":"Microsoft-Windows-Security-Auditing","logon_id":"bb44d4db931d7586","process_id":11445,"image_path":"","run_as":"","publisher":"","update_state":"installed","agent_build":"2026.09.4"},{"timestamp":"2026-09-14T02:00:57.600Z","computer":"srv-123","event_id":4624,"record_id":102688,"user":"employee-198","source_ip":"10.11.3.12","target":"logon-session","logon_type":2,"change_ticket":"","result":"success","channel":"Security","provider":"Microsoft-Windows-Security-Auditing","logon_id":"a053f29329707db1","process_id":19423,"image_path":"","run_as":"","publisher":"","update_state":"installed","agent_build":"2026.09.1"},{"timestamp":"2026-09-14T02:01:00.300Z","computer":"srv-170","event_id":4634,"record_id":102689,"user":"employee-103","source_ip":"10.12.1.19","target":"logon-session","logon_type":3,"change_ticket":"","result":"success","channel":"Security","provider":"Microsoft-Windows-Security-Auditing","logon_id":"a053f29329707db1","process_id":4474,"image_path":"","run_as":"","publisher":"","update_state":"installed","agent_build":"2026.09.2"},{"timestamp":"2026-09-14T02:01:03.000Z","computer":"srv-193","event_id":4688,"record_id":102690,"user":"employee-193","source_ip":"10.12.2.22","target":"logon-session","logon_type":null,"change_ticket":"","result":"success","channel":"Security","provider":"Microsoft-Windows-Security-Auditing","logon_id":"a053f29329707db1","process_id":10489,"image_path":"C:/Program Files/ApprovedAgent/agent.exe","run_as":"","publisher":"Approved Software Team","update_state":"installed","agent_build":"2026.09.3"},{"timestamp":"2026-09-14T02:01:05.700Z","computer":"srv-204","event_id":4625,"record_id":102691,"user":"deployment-admin","source_ip":"10.12.3.13","target":"logon-session","logon_type":2,"change_ticket":"","result":"failure","channel":"Security","provider":"Microsoft-Windows-Security-Auditing","logon_id":"a053f29329707db1","process_id":2610,"image_path":"","run_as":"","publisher":"","update_state":"installed","agent_build":"2026.09.4"},{"timestamp":"2026-09-14T02:01:08.400Z","computer":"srv-240","event_id":4698,"record_id":102692,"user":"employee-48","source_ip":"10.12.4.29","target":"Approved-Maintenance","logon_type":null,"change_ticket":"CHG-DEPLOY-18","result":"success","channel":"Security","provider":"Microsoft-Windows-Security-Auditing","logon_id":"51de484c29aaf65a","process_id":11735,"image_path":"C:/Program Files/ApprovedAgent/agent.exe","run_as":"svc-agent","publisher":"Approved Software Team","update_state":"installed","agent_build":"2026.09.1"},{"timestamp":"2026-09-14T02:01:11.100Z","computer":"srv-126","event_id":4728,"record_id":102693,"user":"employee-158","source_ip":"10.11.3.15","target":"Project-Readers","logon_type":null,"change_ticket":"CHG-DEPLOY-18","result":"success","channel":"Security","provider":"Microsoft-Windows-Security-Auditing","logon_id":"51de484c29aaf65a","process_id":15270,"image_path":"","run_as":"","publisher":"","update_state":"installed","agent_build":"2026.09.2"},{"timestamp":"2026-09-14T02:01:13.800Z","computer":"srv-103","event_id":4697,"record_id":102694,"user":"employee-158","source_ip":"10.11.2.12","target":"ApprovedAgent","logon_type":null,"change_ticket":"CHG-DEPLOY-18","result":"success","channel":"Security","provider":"Microsoft-Windows-Security-Auditing","logon_id":"51de484c29aaf65a","process_id":17786,"image_path":"C:/Program Files/ApprovedAgent/agent.exe","run_as":"svc-agent","publisher":"Approved Software Team","update_state":"installed","agent_build":"2026.09.3"},{"timestamp":"2026-09-14T02:01:16.500Z","computer":"srv-067","event_id":4624,"record_id":102695,"user":"employee-342","source_ip":"10.10.4.16","target":"logon-session","logon_type":3,"change_ticket":"","result":"success","channel":"Security","provider":"Microsoft-Windows-Security-Auditing","logon_id":"51de484c29aaf65a","process_id":3704,"image_path":"","run_as":"","publisher":"","update_state":"installed","agent_build":"2026.09.4"},{"timestamp":"2026-09-14T02:01:19.200Z","computer":"srv-101","event_id":4624,"record_id":102696,"user":"employee-237","source_ip":"10.11.2.10","target":"logon-session","logon_type":10,"change_ticket":"","result":"success","channel":"Security","provider":"Microsoft-Windows-Security-Auditing","logon_id":"70b5bdd8b145e39f","process_id":12535,"image_path":"","run_as":"","publisher":"","update_state":"installed","agent_build":"2026.09.1"},{"timestamp":"2026-09-14T02:01:21.900Z","computer":"srv-104","event_id":4634,"record_id":102697,"user":"employee-14","source_ip":"10.11.2.13","target":"logon-session","logon_type":2,"change_ticket":"","result":"success","channel":"Security","provider":"Microsoft-Windows-Security-Auditing","logon_id":"70b5bdd8b145e39f","process_id":20264,"image_path":"","run_as":"","publisher":"","update_state":"restart-pending","agent_build":"2026.09.2"},{"timestamp":"2026-09-14T02:01:24.600Z","computer":"srv-165","event_id":4688,"record_id":102698,"user":"employee-102","source_ip":"10.12.1.14","target":"logon-session","logon_type":null,"change_ticket":"","result":"success","channel":"Security","provider":"Microsoft-Windows-Security-Auditing","logon_id":"70b5bdd8b145e39f","process_id":4169,"image_path":"C:/Program Files/ApprovedAgent/agent.exe","run_as":"","publisher":"Approved Software Team","update_state":"installed","agent_build":"2026.09.3"},{"timestamp":"2026-09-14T02:01:27.300Z","computer":"srv-040","event_id":4625,"record_id":102699,"user":"employee-397","source_ip":"10.10.2.29","target":"logon-session","logon_type":10,"change_ticket":"","result":"failure","channel":"Security","provider":"Microsoft-Windows-Security-Auditing","logon_id":"70b5bdd8b145e39f","process_id":2344,"image_path":"","run_as":"","publisher":"","update_state":"installed","agent_build":"2026.09.4"},{"timestamp":"2026-09-14T02:01:30.000Z","computer":"srv-170","event_id":4698,"record_id":102700,"user":"employee-311","source_ip":"10.12.1.19","target":"Approved-Maintenance","logon_type":null,"change_ticket":"CHG-DEPLOY-18","result":"success","channel":"Security","provider":"Microsoft-Windows-Security-Auditing","logon_id":"190757fe67cabea3","process_id":4480,"image_path":"C:/Program Files/ApprovedAgent/agent.exe","run_as":"svc-agent","publisher":"Approved Software Team","update_state":"installed","agent_build":"2026.09.1"},{"timestamp":"2026-09-14T02:01:32.700Z","computer":"srv-201","event_id":4728,"record_id":102701,"user":"employee-182","source_ip":"10.12.3.10","target":"Project-Readers","logon_type":null,"change_ticket":"CHG-DEPLOY-18","result":"success","channel":"Security","provider":"Microsoft-Windows-Security-Auditing","logon_id":"190757fe67cabea3","process_id":1895,"image_path":"","run_as":"","publisher":"","update_state":"installed","agent_build":"2026.09.2"},{"timestamp":"2026-09-14T02:01:35.400Z","computer":"srv-161","event_id":4697,"record_id":102702,"user":"employee-25","source_ip":"10.12.1.10","target":"ApprovedAgent","logon_type":null,"change_ticket":"CHG-DEPLOY-18","result":"success","channel":"Security","provider":"Microsoft-Windows-Security-Auditing","logon_id":"190757fe67cabea3","process_id":14028,"image_path":"C:/Program Files/ApprovedAgent/agent.exe","run_as":"svc-agent","publisher":"Approved Software Team","update_state":"installed","agent_build":"2026.09.3"},{"timestamp":"2026-09-14T02:01:38.100Z","computer":"srv-135","event_id":4624,"record_id":102703,"user":"employee-480","source_ip":"10.11.3.24","target":"logon-session","logon_type":2,"change_ticket":"","result":"success","channel":"Security","provider":"Microsoft-Windows-Security-Auditing","logon_id":"190757fe67cabea3","process_id":20140,"image_path":"","run_as":"","publisher":"","update_state":"installed","agent_build":"2026.09.4"},{"timestamp":"2026-09-14T02:01:40.800Z","computer":"srv-202","event_id":4624,"record_id":102704,"user":"deployment-admin","source_ip":"10.12.3.11","target":"logon-session","logon_type":3,"change_ticket":"","result":"success","channel":"Security","provider":"Microsoft-Windows-Security-Auditing","logon_id":"95e6cbfb4bc16c2f","process_id":5550,"image_path":"","run_as":"","publisher":"","update_state":"installed","agent_build":"2026.09.1"},{"timestamp":"2026-09-14T02:01:43.500Z","computer":"srv-157","event_id":4634,"record_id":102705,"user":"employee-470","source_ip":"10.11.4.26","target":"logon-session","logon_type":10,"change_ticket":"","result":"success","channel":"Security","provider":"Microsoft-Windows-Security-Auditing","logon_id":"95e6cbfb4bc16c2f","process_id":16549,"image_path":"","run_as":"","publisher":"","update_state":"installed","agent_build":"2026.09.2"},{"timestamp":"2026-09-14T02:01:46.200Z","computer":"srv-003","event_id":4688,"record_id":102706,"user":"employee-9","source_ip":"10.10.1.12","target":"logon-session","logon_type":null,"change_ticket":"","result":"success","channel":"Security","provider":"Microsoft-Windows-Security-Auditing","logon_id":"95e6cbfb4bc16c2f","process_id":14753,"image_path":"C:/Program Files/ApprovedAgent/agent.exe","run_as":"","publisher":"Approved Software Team","update_state":"installed","agent_build":"2026.09.3"},{"timestamp":"2026-09-14T02:01:48.900Z","computer":"srv-163","event_id":4625,"record_id":102707,"user":"employee-438","source_ip":"10.12.1.12","target":"logon-session","logon_type":3,"change_ticket":"","result":"failure","channel":"Security","provider":"Microsoft-Windows-Security-Auditing","logon_id":"95e6cbfb4bc16c2f","process_id":17637,"image_path":"","run_as":"","publisher":"","update_state":"installed","agent_build":"2026.09.4"},{"timestamp":"2026-09-14T02:01:51.600Z","computer":"srv-231","event_id":4698,"record_id":102708,"user":"employee-230","source_ip":"10.12.4.20","target":"Approved-Maintenance","logon_type":null,"change_ticket":"CHG-DEPLOY-18","result":"success","channel":"Security","provider":"Microsoft-Windows-Security-Auditing","logon_id":"4187a6e42e38248e","process_id":2948,"image_path":"C:/Program Files/ApprovedAgent/agent.exe","run_as":"svc-agent","publisher":"Approved Software Team","update_state":"installed","agent_build":"2026.09.1"},{"timestamp":"2026-09-14T02:01:54.300Z","computer":"srv-006","event_id":4728,"record_id":102709,"user":"employee-133","source_ip":"10.10.1.15","target":"Project-Readers","logon_type":null,"change_ticket":"CHG-DEPLOY-18","result":"success","channel":"Security","provider":"Microsoft-Windows-Security-Auditing","logon_id":"4187a6e42e38248e","process_id":7453,"image_path":"","run_as":"","publisher":"","update_state":"installed","agent_build":"2026.09.2"},{"timestamp":"2026-09-14T02:01:57.000Z","computer":"srv-053","event_id":4697,"record_id":102710,"user":"employee-270","source_ip":"10.10.3.22","target":"ApprovedAgent","logon_type":null,"change_ticket":"CHG-DEPLOY-18","result":"success","channel":"Security","provider":"Microsoft-Windows-Security-Auditing","logon_id":"4187a6e42e38248e","process_id":23557,"image_path":"C:/Program Files/ApprovedAgent/agent.exe","run_as":"svc-agent","publisher":"Approved Software Team","update_state":"installed","agent_build":"2026.09.3"},{"timestamp":"2026-09-14T02:01:59.700Z","computer":"srv-219","event_id":4624,"record_id":102711,"user":"employee-219","source_ip":"10.12.3.28","target":"logon-session","logon_type":10,"change_ticket":"","result":"success","channel":"Security","provider":"Microsoft-Windows-Security-Auditing","logon_id":"4187a6e42e38248e","process_id":8010,"image_path":"","run_as":"","publisher":"","update_state":"installed","agent_build":"2026.09.4"},{"timestamp":"2026-09-14T02:02:02.400Z","computer":"srv-037","event_id":4624,"record_id":102712,"user":"employee-251","source_ip":"10.10.2.26","target":"logon-session","logon_type":2,"change_ticket":"","result":"success","channel":"Security","provider":"Microsoft-Windows-Security-Auditing","logon_id":"77cad106a2c67a29","process_id":11019,"image_path":"","run_as":"","publisher":"","update_state":"installed","agent_build":"2026.09.1"},{"timestamp":"2026-09-14T02:02:05.100Z","computer":"srv-206","event_id":4634,"record_id":102713,"user":"employee-183","source_ip":"10.12.3.15","target":"logon-session","logon_type":3,"change_ticket":"","result":"success","channel":"Security","provider":"Microsoft-Windows-Security-Auditing","logon_id":"77cad106a2c67a29","process_id":5205,"image_path":"","run_as":"","publisher":"","update_state":"installed","agent_build":"2026.09.2"},{"timestamp":"2026-09-14T02:02:07.800Z","computer":"srv-014","event_id":4688,"record_id":102714,"user":"employee-376","source_ip":"10.10.1.23","target":"logon-session","logon_type":null,"change_ticket":"","result":"success","channel":"Security","provider":"Microsoft-Windows-Security-Auditing","logon_id":"77cad106a2c67a29","process_id":13390,"image_path":"C:/Program Files/ApprovedAgent/agent.exe","run_as":"","publisher":"Approved Software Team","update_state":"no-report","agent_build":"2026.09.3"},{"timestamp":"2026-09-14T02:02:10.500Z","computer":"srv-138","event_id":4625,"record_id":102715,"user":"employee-442","source_ip":"10.11.3.27","target":"logon-session","logon_type":2,"change_ticket":"","result":"failure","channel":"Security","provider":"Microsoft-Windows-Security-Auditing","logon_id":"77cad106a2c67a29","process_id":7314,"image_path":"","run_as":"","publisher":"","update_state":"installed","agent_build":"2026.09.4"},{"timestamp":"2026-09-14T02:02:13.200Z","computer":"srv-225","event_id":4698,"record_id":102716,"user":"employee-58","source_ip":"10.12.4.14","target":"Approved-Maintenance","logon_type":null,"change_ticket":"CHG-DEPLOY-18","result":"success","channel":"Security","provider":"Microsoft-Windows-Security-Auditing","logon_id":"3fb45860533b547e","process_id":8148,"image_path":"C:/Program Files/ApprovedAgent/agent.exe","run_as":"svc-agent","publisher":"Approved Software Team","update_state":"installed","agent_build":"2026.09.1"},{"timestamp":"2026-09-14T02:02:15.900Z","computer":"srv-128","event_id":4728,"record_id":102717,"user":"deployment-admin","source_ip":"10.11.3.17","target":"Project-Readers","logon_type":null,"change_ticket":"CHG-DEPLOY-18","result":"success","channel":"Security","provider":"Microsoft-Windows-Security-Auditing","logon_id":"3fb45860533b547e","process_id":23967,"image_path":"","run_as":"","publisher":"","update_state":"installed","agent_build":"2026.09.2"},{"timestamp":"2026-09-14T02:02:18.600Z","computer":"srv-214","event_id":4697,"record_id":102718,"user":"employee-471","source_ip":"10.12.3.23","target":"ApprovedAgent","logon_type":null,"change_ticket":"CHG-DEPLOY-18","result":"success","channel":"Security","provider":"Microsoft-Windows-Security-Auditing","logon_id":"3fb45860533b547e","process_id":1315,"image_path":"C:/Program Files/ApprovedAgent/agent.exe","run_as":"svc-agent","publisher":"Approved Software Team","update_state":"installed","agent_build":"2026.09.3"},{"timestamp":"2026-09-14T02:02:21.300Z","computer":"srv-215","event_id":4624,"record_id":102719,"user":"employee-54","source_ip":"10.12.3.24","target":"logon-session","logon_type":3,"change_ticket":"","result":"success","channel":"Security","provider":"Microsoft-Windows-Security-Auditing","logon_id":"3fb45860533b547e","process_id":6515,"image_path":"","run_as":"","publisher":"","update_state":"installed","agent_build":"2026.09.4"},{"timestamp":"2026-09-14T02:02:24.000Z","computer":"srv-072","event_id":4624,"record_id":102720,"user":"employee-294","source_ip":"10.10.4.21","target":"logon-session","logon_type":10,"change_ticket":"","result":"success","channel":"Security","provider":"Microsoft-Windows-Security-Auditing","logon_id":"4a22720de86f66ff","process_id":21611,"image_path":"","run_as":"","publisher":"","update_state":"installed","agent_build":"2026.09.1"},{"timestamp":"2026-09-14T02:02:26.700Z","computer":"srv-027","event_id":4634,"record_id":102721,"user":"employee-317","source_ip":"10.10.2.16","target":"logon-session","logon_type":2,"change_ticket":"","result":"success","channel":"Security","provider":"Microsoft-Windows-Security-Auditing","logon_id":"4a22720de86f66ff","process_id":12664,"image_path":"","run_as":"","publisher":"","update_state":"installed","agent_build":"2026.09.2"},{"timestamp":"2026-09-14T02:02:29.400Z","computer":"srv-064","event_id":4688,"record_id":102722,"user":"employee-155","source_ip":"10.10.4.13","target":"logon-session","logon_type":null,"change_ticket":"","result":"success","channel":"Security","provider":"Microsoft-Windows-Security-Auditing","logon_id":"4a22720de86f66ff","process_id":24917,"image_path":"C:/Program Files/ApprovedAgent/agent.exe","run_as":"","publisher":"Approved Software Team","update_state":"installed","agent_build":"2026.09.3"},{"timestamp":"2026-09-14T02:02:32.100Z","computer":"srv-113","event_id":4625,"record_id":102723,"user":"employee-394","source_ip":"10.11.2.22","target":"logon-session","logon_type":10,"change_ticket":"","result":"failure","channel":"Security","provider":"Microsoft-Windows-Security-Auditing","logon_id":"4a22720de86f66ff","process_id":6313,"image_path":"","run_as":"","publisher":"","update_state":"installed","agent_build":"2026.09.4"},{"timestamp":"2026-09-14T02:02:34.800Z","computer":"srv-118","event_id":4698,"record_id":102724,"user":"employee-133","source_ip":"10.11.2.27","target":"Approved-Maintenance","logon_type":null,"change_ticket":"CHG-DEPLOY-18","result":"success","channel":"Security","provider":"Microsoft-Windows-Security-Auditing","logon_id":"cdab7c8cee091d0b","process_id":24950,"image_path":"C:/Program Files/ApprovedAgent/agent.exe","run_as":"svc-agent","publisher":"Approved Software Team","update_state":"installed","agent_build":"2026.09.1"},{"timestamp":"2026-09-14T02:02:37.500Z","computer":"srv-167","event_id":4728,"record_id":102725,"user":"employee-32","source_ip":"10.12.1.16","target":"Project-Readers","logon_type":null,"change_ticket":"CHG-DEPLOY-18","result":"success","channel":"Security","provider":"Microsoft-Windows-Security-Auditing","logon_id":"cdab7c8cee091d0b","process_id":9001,"image_path":"","run_as":"","publisher":"","update_state":"installed","agent_build":"2026.09.2"},{"timestamp":"2026-09-14T02:02:40.200Z","computer":"srv-210","event_id":4697,"record_id":102726,"user":"employee-200","source_ip":"10.12.3.19","target":"ApprovedAgent","logon_type":null,"change_ticket":"CHG-DEPLOY-18","result":"success","channel":"Security","provider":"Microsoft-Windows-Security-Auditing","logon_id":"cdab7c8cee091d0b","process_id":24744,"image_path":"C:/Program Files/ApprovedAgent/agent.exe","run_as":"svc-agent","publisher":"Approved Software Team","update_state":"failed","agent_build":"2026.09.3"},{"timestamp":"2026-09-14T02:02:42.900Z","computer":"srv-125","event_id":4624,"record_id":102727,"user":"employee-259","source_ip":"10.11.3.14","target":"logon-session","logon_type":2,"change_ticket":"","result":"success","channel":"Security","provider":"Microsoft-Windows-Security-Auditing","logon_id":"cdab7c8cee091d0b","process_id":8362,"image_path":"","run_as":"","publisher":"","update_state":"installed","agent_build":"2026.09.4"},{"timestamp":"2026-09-14T02:02:45.600Z","computer":"srv-228","event_id":4624,"record_id":102728,"user":"employee-392","source_ip":"10.12.4.17","target":"logon-session","logon_type":3,"change_ticket":"","result":"success","channel":"Security","provider":"Microsoft-Windows-Security-Auditing","logon_id":"beca524bde42383c","process_id":10213,"image_path":"","run_as":"","publisher":"","update_state":"restart-pending","agent_build":"2026.09.1"},{"timestamp":"2026-09-14T02:02:48.300Z","computer":"srv-105","event_id":4634,"record_id":102729,"user":"employee-115","source_ip":"10.11.2.14","target":"logon-session","logon_type":10,"change_ticket":"","result":"success","channel":"Security","provider":"Microsoft-Windows-Security-Auditing","logon_id":"beca524bde42383c","process_id":12456,"image_path":"","run_as":"","publisher":"","update_state":"installed","agent_build":"2026.09.2"},{"timestamp":"2026-09-14T02:02:51.000Z","computer":"srv-157","event_id":4688,"record_id":102730,"user":"deployment-admin","source_ip":"10.11.4.26","target":"logon-session","logon_type":null,"change_ticket":"","result":"success","channel":"Security","provider":"Microsoft-Windows-Security-Auditing","logon_id":"beca524bde42383c","process_id":19028,"image_path":"C:/Program Files/ApprovedAgent/agent.exe","run_as":"","publisher":"Approved Software Team","update_state":"installed","agent_build":"2026.09.3"},{"timestamp":"2026-09-14T02:02:53.700Z","computer":"srv-028","event_id":4625,"record_id":102731,"user":"employee-448","source_ip":"10.10.2.17","target":"logon-session","logon_type":3,"change_ticket":"","result":"failure","channel":"Security","provider":"Microsoft-Windows-Security-Auditing","logon_id":"beca524bde42383c","process_id":11562,"image_path":"","run_as":"","publisher":"","update_state":"installed","agent_build":"2026.09.4"},{"timestamp":"2026-09-14T02:02:56.400Z","computer":"srv-225","event_id":4698,"record_id":102732,"user":"employee-88","source_ip":"10.12.4.14","target":"Approved-Maintenance","logon_type":null,"change_ticket":"CHG-DEPLOY-18","result":"success","channel":"Security","provider":"Microsoft-Windows-Security-Auditing","logon_id":"016db7613c2e9ec2","process_id":18305,"image_path":"C:/Program Files/ApprovedAgent/agent.exe","run_as":"svc-agent","publisher":"Approved Software Team","update_state":"installed","agent_build":"2026.09.1"},{"timestamp":"2026-09-14T02:02:59.100Z","computer":"srv-004","event_id":4728,"record_id":102733,"user":"employee-109","source_ip":"10.10.1.13","target":"Project-Readers","logon_type":null,"change_ticket":"CHG-DEPLOY-18","result":"success","channel":"Security","provider":"Microsoft-Windows-Security-Auditing","logon_id":"016db7613c2e9ec2","process_id":3146,"image_path":"","run_as":"","publisher":"","update_state":"installed","agent_build":"2026.09.2"},{"timestamp":"2026-09-14T02:03:01.800Z","computer":"srv-190","event_id":4697,"record_id":102734,"user":"employee-352","source_ip":"10.12.2.19","target":"ApprovedAgent","logon_type":null,"change_ticket":"CHG-DEPLOY-18","result":"success","channel":"Security","provider":"Microsoft-Windows-Security-Auditing","logon_id":"016db7613c2e9ec2","process_id":11795,"image_path":"C:/Program Files/ApprovedAgent/agent.exe","run_as":"svc-agent","publisher":"Approved Software Team","update_state":"installed","agent_build":"2026.09.3"},{"timestamp":"2026-09-14T02:03:04.500Z","computer":"srv-218","event_id":4624,"record_id":102735,"user":"employee-422","source_ip":"10.12.3.27","target":"logon-session","logon_type":10,"change_ticket":"","result":"success","channel":"Security","provider":"Microsoft-Windows-Security-Auditing","logon_id":"016db7613c2e9ec2","process_id":18132,"image_path":"","run_as":"","publisher":"","update_state":"installed","agent_build":"2026.09.4"},{"timestamp":"2026-09-14T02:03:07.200Z","computer":"srv-221","event_id":4624,"record_id":102736,"user":"employee-370","source_ip":"10.12.4.10","target":"logon-session","logon_type":2,"change_ticket":"","result":"success","channel":"Security","provider":"Microsoft-Windows-Security-Auditing","logon_id":"5ad02a5a9d7a2abd","process_id":9822,"image_path":"","run_as":"","publisher":"","update_state":"installed","agent_build":"2026.09.1"},{"timestamp":"2026-09-14T02:03:09.900Z","computer":"srv-144","event_id":4634,"record_id":102737,"user":"employee-461","source_ip":"10.11.4.13","target":"logon-session","logon_type":3,"change_ticket":"","result":"success","channel":"Security","provider":"Microsoft-Windows-Security-Auditing","logon_id":"5ad02a5a9d7a2abd","process_id":23894,"image_path":"","run_as":"","publisher":"","update_state":"installed","agent_build":"2026.09.2"},{"timestamp":"2026-09-14T02:03:12.600Z","computer":"srv-097","event_id":4688,"record_id":102738,"user":"employee-238","source_ip":"10.11.1.26","target":"logon-session","logon_type":null,"change_ticket":"","result":"success","channel":"Security","provider":"Microsoft-Windows-Security-Auditing","logon_id":"5ad02a5a9d7a2abd","process_id":2393,"image_path":"C:/Program Files/ApprovedAgent/agent.exe","run_as":"","publisher":"Approved Software Team","update_state":"installed","agent_build":"2026.09.3"},{"timestamp":"2026-09-14T02:03:15.300Z","computer":"srv-107","event_id":4625,"record_id":102739,"user":"employee-364","source_ip":"10.11.2.16","target":"logon-session","logon_type":2,"change_ticket":"","result":"failure","channel":"Security","provider":"Microsoft-Windows-Security-Auditing","logon_id":"5ad02a5a9d7a2abd","process_id":2086,"image_path":"","run_as":"","publisher":"","update_state":"installed","agent_build":"2026.09.4"},{"timestamp":"2026-09-14T02:03:18.000Z","computer":"srv-048","event_id":4698,"record_id":102740,"user":"employee-112","source_ip":"10.10.3.17","target":"Approved-Maintenance","logon_type":null,"change_ticket":"CHG-DEPLOY-18","result":"success","channel":"Security","provider":"Microsoft-Windows-Security-Auditing","logon_id":"29d2cd62d48339a5","process_id":7801,"image_path":"C:/Program Files/ApprovedAgent/agent.exe","run_as":"svc-agent","publisher":"Approved Software Team","update_state":"installed","agent_build":"2026.09.1"},{"timestamp":"2026-09-14T02:03:20.700Z","computer":"srv-100","event_id":4728,"record_id":102741,"user":"employee-181","source_ip":"10.11.1.29","target":"Project-Readers","logon_type":null,"change_ticket":"CHG-DEPLOY-18","result":"success","channel":"Security","provider":"Microsoft-Windows-Security-Auditing","logon_id":"29d2cd62d48339a5","process_id":3182,"image_path":"","run_as":"","publisher":"","update_state":"installed","agent_build":"2026.09.2"},{"timestamp":"2026-09-14T02:03:23.400Z","computer":"srv-026","event_id":4697,"record_id":102742,"user":"employee-27","source_ip":"10.10.2.15","target":"ApprovedAgent","logon_type":null,"change_ticket":"CHG-DEPLOY-18","result":"success","channel":"Security","provider":"Microsoft-Windows-Security-Auditing","logon_id":"29d2cd62d48339a5","process_id":1349,"image_path":"C:/Program Files/ApprovedAgent/agent.exe","run_as":"svc-agent","publisher":"Approved Software Team","update_state":"installed","agent_build":"2026.09.3"},{"timestamp":"2026-09-14T02:03:26.100Z","computer":"srv-036","event_id":4624,"record_id":102743,"user":"deployment-admin","source_ip":"10.10.2.25","target":"logon-session","logon_type":3,"change_ticket":"","result":"success","channel":"Security","provider":"Microsoft-Windows-Security-Auditing","logon_id":"29d2cd62d48339a5","process_id":11695,"image_path":"","run_as":"","publisher":"","update_state":"installed","agent_build":"2026.09.4"},{"timestamp":"2026-09-14T02:03:28.800Z","computer":"srv-162","event_id":4624,"record_id":102744,"user":"employee-187","source_ip":"10.12.1.11","target":"logon-session","logon_type":10,"change_ticket":"","result":"success","channel":"Security","provider":"Microsoft-Windows-Security-Auditing","logon_id":"41ff47de17b657be","process_id":9976,"image_path":"","run_as":"","publisher":"","update_state":"installed","agent_build":"2026.09.1"},{"timestamp":"2026-09-14T02:03:31.500Z","computer":"srv-202","event_id":4634,"record_id":102745,"user":"employee-406","source_ip":"10.12.3.11","target":"logon-session","logon_type":2,"change_ticket":"","result":"success","channel":"Security","provider":"Microsoft-Windows-Security-Auditing","logon_id":"41ff47de17b657be","process_id":10745,"image_path":"","run_as":"","publisher":"","update_state":"installed","agent_build":"2026.09.2"},{"timestamp":"2026-09-14T02:03:34.200Z","computer":"srv-079","event_id":4688,"record_id":102746,"user":"employee-407","source_ip":"10.10.4.28","target":"logon-session","logon_type":null,"change_ticket":"","result":"success","channel":"Security","provider":"Microsoft-Windows-Security-Auditing","logon_id":"41ff47de17b657be","process_id":20873,"image_path":"C:/Program Files/ApprovedAgent/agent.exe","run_as":"","publisher":"Approved Software Team","update_state":"installed","agent_build":"2026.09.3"},{"timestamp":"2026-09-14T02:03:36.900Z","computer":"srv-208","event_id":4625,"record_id":102747,"user":"employee-411","source_ip":"10.12.3.17","target":"logon-session","logon_type":10,"change_ticket":"","result":"failure","channel":"Security","provider":"Microsoft-Windows-Security-Auditing","logon_id":"41ff47de17b657be","process_id":12489,"image_path":"","run_as":"","publisher":"","update_state":"installed","agent_build":"2026.09.4"},{"timestamp":"2026-09-14T02:03:39.600Z","computer":"srv-200","event_id":4698,"record_id":102748,"user":"employee-453","source_ip":"10.12.2.29","target":"Approved-Maintenance","logon_type":null,"change_ticket":"CHG-DEPLOY-18","result":"success","channel":"Security","provider":"Microsoft-Windows-Security-Auditing","logon_id":"d27da46b5b676f21","process_id":8251,"image_path":"C:/Program Files/ApprovedAgent/agent.exe","run_as":"svc-agent","publisher":"Approved Software Team","update_state":"installed","agent_build":"2026.09.1"},{"timestamp":"2026-09-14T02:03:42.300Z","computer":"srv-198","event_id":4728,"record_id":102749,"user":"employee-342","source_ip":"10.12.2.27","target":"Project-Readers","logon_type":null,"change_ticket":"CHG-DEPLOY-18","result":"success","channel":"Security","provider":"Microsoft-Windows-Security-Auditing","logon_id":"d27da46b5b676f21","process_id":13451,"image_path":"","run_as":"","publisher":"","update_state":"installed","agent_build":"2026.09.2"},{"timestamp":"2026-09-14T02:03:45.000Z","computer":"srv-079","event_id":4697,"record_id":102750,"user":"employee-347","source_ip":"10.10.4.28","target":"ApprovedAgent","logon_type":null,"change_ticket":"CHG-DEPLOY-18","result":"success","channel":"Security","provider":"Microsoft-Windows-Security-Auditing","logon_id":"d27da46b5b676f21","process_id":3755,"image_path":"C:/Program Files/ApprovedAgent/agent.exe","run_as":"svc-agent","publisher":"Approved Software Team","update_state":"installed","agent_build":"2026.09.3"},{"timestamp":"2026-09-14T02:03:47.700Z","computer":"srv-046","event_id":4624,"record_id":102751,"user":"employee-22","source_ip":"10.10.3.15","target":"logon-session","logon_type":2,"change_ticket":"","result":"success","channel":"Security","provider":"Microsoft-Windows-Security-Auditing","logon_id":"d27da46b5b676f21","process_id":13840,"image_path":"","run_as":"","publisher":"","update_state":"installed","agent_build":"2026.09.4"},{"timestamp":"2026-09-14T02:03:50.400Z","computer":"srv-062","event_id":4624,"record_id":102752,"user":"employee-312","source_ip":"10.10.4.11","target":"logon-session","logon_type":3,"change_ticket":"","result":"success","channel":"Security","provider":"Microsoft-Windows-Security-Auditing","logon_id":"71c6e789158c3dc6","process_id":1308,"image_path":"","run_as":"","publisher":"","update_state":"installed","agent_build":"2026.09.1"},{"timestamp":"2026-09-14T02:03:53.100Z","computer":"srv-204","event_id":4634,"record_id":102753,"user":"employee-277","source_ip":"10.12.3.13","target":"logon-session","logon_type":10,"change_ticket":"","result":"success","channel":"Security","provider":"Microsoft-Windows-Security-Auditing","logon_id":"71c6e789158c3dc6","process_id":9034,"image_path":"","run_as":"","publisher":"","update_state":"installed","agent_build":"2026.09.2"},{"timestamp":"2026-09-14T02:03:55.800Z","computer":"srv-117","event_id":4688,"record_id":102754,"user":"employee-386","source_ip":"10.11.2.26","target":"logon-session","logon_type":null,"change_ticket":"","result":"success","channel":"Security","provider":"Microsoft-Windows-Security-Auditing","logon_id":"71c6e789158c3dc6","process_id":24599,"image_path":"C:/Program Files/ApprovedAgent/agent.exe","run_as":"","publisher":"Approved Software Team","update_state":"installed","agent_build":"2026.09.3"},{"timestamp":"2026-09-14T02:03:58.500Z","computer":"srv-218","event_id":4625,"record_id":102755,"user":"employee-24","source_ip":"10.12.3.27","target":"logon-session","logon_type":3,"change_ticket":"","result":"failure","channel":"Security","provider":"Microsoft-Windows-Security-Auditing","logon_id":"71c6e789158c3dc6","process_id":12834,"image_path":"","run_as":"","publisher":"","update_state":"installed","agent_build":"2026.09.4"},