{"timestamp":"2026-09-14T03:06:01.800Z","computer":"srv-205","event_id":4697,"record_id":104134,"user":"deployment-admin","source_ip":"10.12.3.14","target":"ApprovedAgent","logon_type":null,"change_ticket":"CHG-DEPLOY-18","result":"success","channel":"Security","provider":"Microsoft-Windows-Security-Auditing","logon_id":"f08b2a9a2b98b2c0","process_id":23342,"image_path":"C:/Program Files/ApprovedAgent/agent.exe","run_as":"svc-agent","publisher":"Approved Software Team","update_state":"installed","agent_build":"2026.09.3"},{"timestamp":"2026-09-14T03:06:04.500Z","computer":"srv-027","event_id":4624,"record_id":104135,"user":"employee-407","source_ip":"10.10.2.16","target":"logon-session","logon_type":3,"change_ticket":"","result":"success","channel":"Security","provider":"Microsoft-Windows-Security-Auditing","logon_id":"f08b2a9a2b98b2c0","process_id":17958,"image_path":"","run_as":"","publisher":"","update_state":"installed","agent_build":"2026.09.4"},{"timestamp":"2026-09-14T03:06:07.200Z","computer":"srv-176","event_id":4624,"record_id":104136,"user":"employee-399","source_ip":"10.12.1.25","target":"logon-session","logon_type":10,"change_ticket":"","result":"success","channel":"Security","provider":"Microsoft-Windows-Security-Auditing","logon_id":"1f227a20ca8cdfe2","process_id":12144,"image_path":"","run_as":"","publisher":"","update_state":"failed","agent_build":"2026.09.1"},{"timestamp":"2026-09-14T03:06:09.900Z","computer":"srv-023","event_id":4634,"record_id":104137,"user":"employee-236","source_ip":"10.10.2.12","target":"logon-session","logon_type":2,"change_ticket":"","result":"success","channel":"Security","provider":"Microsoft-Windows-Security-Auditing","logon_id":"1f227a20ca8cdfe2","process_id":3676,"image_path":"","run_as":"","publisher":"","update_state":"installed","agent_build":"2026.09.2"},{"timestamp":"2026-09-14T03:06:12.600Z","computer":"srv-169","event_id":4688,"record_id":104138,"user":"employee-142","source_ip":"10.12.1.18","target":"logon-session","logon_type":null,"change_ticket":"","result":"success","channel":"Security","provider":"Microsoft-Windows-Security-Auditing","logon_id":"1f227a20ca8cdfe2","process_id":4251,"image_path":"C:/Program Files/ApprovedAgent/agent.exe","run_as":"","publisher":"Approved Software Team","update_state":"installed","agent_build":"2026.09.3"},{"timestamp":"2026-09-14T03:06:15.300Z","computer":"srv-157","event_id":4625,"record_id":104139,"user":"employee-149","source_ip":"10.11.4.26","target":"logon-session","logon_type":10,"change_ticket":"","result":"failure","channel":"Security","provider":"Microsoft-Windows-Security-Auditing","logon_id":"1f227a20ca8cdfe2","process_id":10609,"image_path":"","run_as":"","publisher":"","update_state":"installed","agent_build":"2026.09.4"},{"timestamp":"2026-09-14T03:06:18.000Z","computer":"srv-044","event_id":4698,"record_id":104140,"user":"employee-374","source_ip":"10.10.3.13","target":"Approved-Maintenance","logon_type":null,"change_ticket":"CHG-DEPLOY-18","result":"success","channel":"Security","provider":"Microsoft-Windows-Security-Auditing","logon_id":"9f6360e7f9aa2a62","process_id":7027,"image_path":"C:/Program Files/ApprovedAgent/agent.exe","run_as":"svc-agent","publisher":"Approved Software Team","update_state":"installed","agent_build":"2026.09.1"},{"timestamp":"2026-09-14T03:06:20.700Z","computer":"srv-078","event_id":4728,"record_id":104141,"user":"employee-412","source_ip":"10.10.4.27","target":"Project-Readers","logon_type":null,"change_ticket":"CHG-DEPLOY-18","result":"success","channel":"Security","provider":"Microsoft-Windows-Security-Auditing","logon_id":"9f6360e7f9aa2a62","process_id":23099,"image_path":"","run_as":"","publisher":"","update_state":"installed","agent_build":"2026.09.2"},{"timestamp":"2026-09-14T03:06:23.400Z","computer":"srv-230","event_id":4697,"record_id":104142,"user":"employee-377","source_ip":"10.12.4.19","target":"ApprovedAgent","logon_type":null,"change_ticket":"CHG-DEPLOY-18","result":"success","channel":"Security","provider":"Microsoft-Windows-Security-Auditing","logon_id":"9f6360e7f9aa2a62","process_id":9321,"image_path":"C:/Program Files/ApprovedAgent/agent.exe","run_as":"svc-agent","publisher":"Approved Software Team","update_state":"installed","agent_build":"2026.09.3"},{"timestamp":"2026-09-14T03:06:26.100Z","computer":"srv-208","event_id":4624,"record_id":104143,"user":"employee-343","source_ip":"10.12.3.17","target":"logon-session","logon_type":2,"change_ticket":"","result":"success","channel":"Security","provider":"Microsoft-Windows-Security-Auditing","logon_id":"9f6360e7f9aa2a62","process_id":22233,"image_path":"","run_as":"","publisher":"","update_state":"installed","agent_build":"2026.09.4"},{"timestamp":"2026-09-14T03:06:28.800Z","computer":"srv-022","event_id":4624,"record_id":104144,"user":"employee-400","source_ip":"10.10.2.11","target":"logon-session","logon_type":3,"change_ticket":"","result":"success","channel":"Security","provider":"Microsoft-Windows-Security-Auditing","logon_id":"1b1b040745d8837a","process_id":17181,"image_path":"","run_as":"","publisher":"","update_state":"installed","agent_build":"2026.09.1"},{"timestamp":"2026-09-14T03:06:31.500Z","computer":"srv-187","event_id":4634,"record_id":104145,"user":"employee-245","source_ip":"10.12.2.16","target":"logon-session","logon_type":10,"change_ticket":"","result":"success","channel":"Security","provider":"Microsoft-Windows-Security-Auditing","logon_id":"1b1b040745d8837a","process_id":6829,"image_path":"","run_as":"","publisher":"","update_state":"installed","agent_build":"2026.09.2"},{"timestamp":"2026-09-14T03:06:34.200Z","computer":"srv-215","event_id":4688,"record_id":104146,"user":"employee-444","source_ip":"10.12.3.24","target":"logon-session","logon_type":null,"change_ticket":"","result":"success","channel":"Security","provider":"Microsoft-Windows-Security-Auditing","logon_id":"1b1b040745d8837a","process_id":11845,"image_path":"C:/Program Files/ApprovedAgent/agent.exe","run_as":"","publisher":"Approved Software Team","update_state":"installed","agent_build":"2026.09.3"},{"timestamp":"2026-09-14T03:06:36.900Z","computer":"srv-093","event_id":4625,"record_id":104147,"user":"deployment-admin","source_ip":"10.11.1.22","target":"logon-session","logon_type":3,"change_ticket":"","result":"failure","channel":"Security","provider":"Microsoft-Windows-Security-Auditing","logon_id":"1b1b040745d8837a","process_id":2443,"image_path":"","run_as":"","publisher":"","update_state":"installed","agent_build":"2026.09.4"},{"timestamp":"2026-09-14T03:06:39.600Z","computer":"srv-052","event_id":4698,"record_id":104148,"user":"employee-38","source_ip":"10.10.3.21","target":"Approved-Maintenance","logon_type":null,"change_ticket":"CHG-DEPLOY-18","result":"success","channel":"Security","provider":"Microsoft-Windows-Security-Auditing","logon_id":"d02f4c40856d62b3","process_id":12751,"image_path":"C:/Program Files/ApprovedAgent/agent.exe","run_as":"svc-agent","publisher":"Approved Software Team","update_state":"installed","agent_build":"2026.09.1"},{"timestamp":"2026-09-14T03:06:42.300Z","computer":"srv-237","event_id":4728,"record_id":104149,"user":"employee-284","source_ip":"10.12.4.26","target":"Project-Readers","logon_type":null,"change_ticket":"CHG-DEPLOY-18","result":"success","channel":"Security","provider":"Microsoft-Windows-Security-Auditing","logon_id":"d02f4c40856d62b3","process_id":13229,"image_path":"","run_as":"","publisher":"","update_state":"installed","agent_build":"2026.09.2"},{"timestamp":"2026-09-14T03:06:45.000Z","computer":"srv-065","event_id":4697,"record_id":104150,"user":"employee-324","source_ip":"10.10.4.14","target":"ApprovedAgent","logon_type":null,"change_ticket":"CHG-DEPLOY-18","result":"success","channel":"Security","provider":"Microsoft-Windows-Security-Auditing","logon_id":"d02f4c40856d62b3","process_id":11656,"image_path":"C:/Program Files/ApprovedAgent/agent.exe","run_as":"svc-agent","publisher":"Approved Software Team","update_state":"installed","agent_build":"2026.09.3"},{"timestamp":"2026-09-14T03:06:47.700Z","computer":"srv-096","event_id":4624,"record_id":104151,"user":"employee-75","source_ip":"10.11.1.25","target":"logon-session","logon_type":10,"change_ticket":"","result":"success","channel":"Security","provider":"Microsoft-Windows-Security-Auditing","logon_id":"d02f4c40856d62b3","process_id":9712,"image_path":"","run_as":"","publisher":"","update_state":"installed","agent_build":"2026.09.4"},{"timestamp":"2026-09-14T03:06:50.400Z","computer":"srv-169","event_id":4624,"record_id":104152,"user":"employee-154","source_ip":"10.12.1.18","target":"logon-session","logon_type":2,"change_ticket":"","result":"success","channel":"Security","provider":"Microsoft-Windows-Security-Auditing","logon_id":"af8a823db3c5c80b","process_id":1055,"image_path":"","run_as":"","publisher":"","update_state":"installed","agent_build":"2026.09.1"},{"timestamp":"2026-09-14T03:06:53.100Z","computer":"srv-214","event_id":4634,"record_id":104153,"user":"employee-421","source_ip":"10.12.3.23","target":"logon-session","logon_type":3,"change_ticket":"","result":"success","channel":"Security","provider":"Microsoft-Windows-Security-Auditing","logon_id":"af8a823db3c5c80b","process_id":18564,"image_path":"","run_as":"","publisher":"","update_state":"installed","agent_build":"2026.09.2"},{"timestamp":"2026-09-14T03:06:55.800Z","computer":"srv-165","event_id":4688,"record_id":104154,"user":"employee-327","source_ip":"10.12.1.14","target":"logon-session","logon_type":null,"change_ticket":"","result":"success","channel":"Security","provider":"Microsoft-Windows-Security-Auditing","logon_id":"af8a823db3c5c80b","process_id":22083,"image_path":"C:/Program Files/ApprovedAgent/agent.exe","run_as":"","publisher":"Approved Software Team","update_state":"restart-pending","agent_build":"2026.09.3"},{"timestamp":"2026-09-14T03:06:58.500Z","computer":"srv-039","event_id":4625,"record_id":104155,"user":"employee-128","source_ip":"10.10.2.28","target":"logon-session","logon_type":2,"change_ticket":"","result":"failure","channel":"Security","provider":"Microsoft-Windows-Security-Auditing","logon_id":"af8a823db3c5c80b","process_id":13819,"image_path":"","run_as":"","publisher":"","update_state":"installed","agent_build":"2026.09.4"},{"timestamp":"2026-09-14T03:07:01.200Z","computer":"srv-045","event_id":4698,"record_id":104156,"user":"employee-184","source_ip":"10.10.3.14","target":"Approved-Maintenance","logon_type":null,"change_ticket":"CHG-DEPLOY-18","result":"success","channel":"Security","provider":"Microsoft-Windows-Security-Auditing","logon_id":"6fa12c9bf1fe0911","process_id":25422,"image_path":"C:/Program Files/ApprovedAgent/agent.exe","run_as":"svc-agent","publisher":"Approved Software Team","update_state":"installed","agent_build":"2026.09.1"},{"timestamp":"2026-09-14T03:07:03.900Z","computer":"srv-235","event_id":4728,"record_id":104157,"user":"employee-209","source_ip":"10.12.4.24","target":"Project-Readers","logon_type":null,"change_ticket":"CHG-DEPLOY-18","result":"success","channel":"Security","provider":"Microsoft-Windows-Security-Auditing","logon_id":"6fa12c9bf1fe0911","process_id":15159,"image_path":"","run_as":"","publisher":"","update_state":"installed","agent_build":"2026.09.2"},{"timestamp":"2026-09-14T03:07:06.600Z","computer":"srv-043","event_id":4697,"record_id":104158,"user":"employee-122","source_ip":"10.10.3.12","target":"ApprovedAgent","logon_type":null,"change_ticket":"CHG-DEPLOY-18","result":"success","channel":"Security","provider":"Microsoft-Windows-Security-Auditing","logon_id":"6fa12c9bf1fe0911","process_id":3509,"image_path":"C:/Program Files/ApprovedAgent/agent.exe","run_as":"svc-agent","publisher":"Approved Software Team","update_state":"installed","agent_build":"2026.09.3"},{"timestamp":"2026-09-14T03:07:09.300Z","computer":"srv-214","event_id":4624,"record_id":104159,"user":"employee-153","source_ip":"10.12.3.23","target":"logon-session","logon_type":3,"change_ticket":"","result":"success","channel":"Security","provider":"Microsoft-Windows-Security-Auditing","logon_id":"6fa12c9bf1fe0911","process_id":15918,"image_path":"","run_as":"","publisher":"","update_state":"installed","agent_build":"2026.09.4"},{"timestamp":"2026-09-14T03:07:12.000Z","computer":"srv-108","event_id":4624,"record_id":104160,"user":"deployment-admin","source_ip":"10.11.2.17","target":"logon-session","logon_type":10,"change_ticket":"","result":"success","channel":"Security","provider":"Microsoft-Windows-Security-Auditing","logon_id":"db1215bbc659362f","process_id":14598,"image_path":"","run_as":"","publisher":"","update_state":"installed","agent_build":"2026.09.1"},{"timestamp":"2026-09-14T03:07:14.700Z","computer":"srv-037","event_id":4634,"record_id":104161,"user":"employee-169","source_ip":"10.10.2.26","target":"logon-session","logon_type":2,"change_ticket":"","result":"success","channel":"Security","provider":"Microsoft-Windows-Security-Auditing","logon_id":"db1215bbc659362f","process_id":8523,"image_path":"","run_as":"","publisher":"","update_state":"installed","agent_build":"2026.09.2"},{"timestamp":"2026-09-14T03:07:17.400Z","computer":"srv-177","event_id":4688,"record_id":104162,"user":"employee-86","source_ip":"10.12.1.26","target":"logon-session","logon_type":null,"change_ticket":"","result":"success","channel":"Security","provider":"Microsoft-Windows-Security-Auditing","logon_id":"db1215bbc659362f","process_id":1815,"image_path":"C:/Program Files/ApprovedAgent/agent.exe","run_as":"","publisher":"Approved Software Team","update_state":"installed","agent_build":"2026.09.3"},{"timestamp":"2026-09-14T03:07:20.100Z","computer":"srv-227","event_id":4625,"record_id":104163,"user":"employee-418","source_ip":"10.12.4.16","target":"logon-session","logon_type":10,"change_ticket":"","result":"failure","channel":"Security","provider":"Microsoft-Windows-Security-Auditing","logon_id":"db1215bbc659362f","process_id":24143,"image_path":"","run_as":"","publisher":"","update_state":"installed","agent_build":"2026.09.4"},{"timestamp":"2026-09-14T03:07:22.800Z","computer":"srv-144","event_id":4698,"record_id":104164,"user":"employee-154","source_ip":"10.11.4.13","target":"Approved-Maintenance","logon_type":null,"change_ticket":"CHG-DEPLOY-18","result":"success","channel":"Security","provider":"Microsoft-Windows-Security-Auditing","logon_id":"dcb82f3c78eae541","process_id":21434,"image_path":"C:/Program Files/ApprovedAgent/agent.exe","run_as":"svc-agent","publisher":"Approved Software Team","update_state":"installed","agent_build":"2026.09.1"},{"timestamp":"2026-09-14T03:07:25.500Z","computer":"srv-230","event_id":4728,"record_id":104165,"user":"employee-207","source_ip":"10.12.4.19","target":"Project-Readers","logon_type":null,"change_ticket":"CHG-DEPLOY-18","result":"success","channel":"Security","provider":"Microsoft-Windows-Security-Auditing","logon_id":"dcb82f3c78eae541","process_id":22733,"image_path":"","run_as":"","publisher":"","update_state":"installed","agent_build":"2026.09.2"},{"timestamp":"2026-09-14T03:07:28.200Z","computer":"srv-034","event_id":4697,"record_id":104166,"user":"employee-131","source_ip":"10.10.2.23","target":"ApprovedAgent","logon_type":null,"change_ticket":"CHG-DEPLOY-18","result":"success","channel":"Security","provider":"Microsoft-Windows-Security-Auditing","logon_id":"dcb82f3c78eae541","process_id":23592,"image_path":"C:/Program Files/ApprovedAgent/agent.exe","run_as":"svc-agent","publisher":"Approved Software Team","update_state":"installed","agent_build":"2026.09.3"},{"timestamp":"2026-09-14T03:07:30.900Z","computer":"srv-095","event_id":4624,"record_id":104167,"user":"employee-452","source_ip":"10.11.1.24","target":"logon-session","logon_type":2,"change_ticket":"","result":"success","channel":"Security","provider":"Microsoft-Windows-Security-Auditing","logon_id":"dcb82f3c78eae541","process_id":8874,"image_path":"","run_as":"","publisher":"","update_state":"installed","agent_build":"2026.09.4"},{"timestamp":"2026-09-14T03:07:33.600Z","computer":"srv-140","event_id":4624,"record_id":104168,"user":"employee-303","source_ip":"10.11.3.29","target":"logon-session","logon_type":3,"change_ticket":"","result":"success","channel":"Security","provider":"Microsoft-Windows-Security-Auditing","logon_id":"f260811eecf1dc61","process_id":16070,"image_path":"","run_as":"","publisher":"","update_state":"installed","agent_build":"2026.09.1"},{"timestamp":"2026-09-14T03:07:36.300Z","computer":"srv-094","event_id":4634,"record_id":104169,"user":"employee-224","source_ip":"10.11.1.23","target":"logon-session","logon_type":10,"change_ticket":"","result":"success","channel":"Security","provider":"Microsoft-Windows-Security-Auditing","logon_id":"f260811eecf1dc61","process_id":9148,"image_path":"","run_as":"","publisher":"","update_state":"installed","agent_build":"2026.09.2"},{"timestamp":"2026-09-14T03:07:39.000Z","computer":"srv-116","event_id":4688,"record_id":104170,"user":"employee-128","source_ip":"10.11.2.25","target":"logon-session","logon_type":null,"change_ticket":"","result":"success","channel":"Security","provider":"Microsoft-Windows-Security-Auditing","logon_id":"f260811eecf1dc61","process_id":6355,"image_path":"C:/Program Files/ApprovedAgent/agent.exe","run_as":"","publisher":"Approved Software Team","update_state":"installed","agent_build":"2026.09.3"},{"timestamp":"2026-09-14T03:07:41.700Z","computer":"srv-035","event_id":4625,"record_id":104171,"user":"employee-313","source_ip":"10.10.2.24","target":"logon-session","logon_type":3,"change_ticket":"","result":"failure","channel":"Security","provider":"Microsoft-Windows-Security-Auditing","logon_id":"f260811eecf1dc61","process_id":20785,"image_path":"","run_as":"","publisher":"","update_state":"installed","agent_build":"2026.09.4"},{"timestamp":"2026-09-14T03:07:44.400Z","computer":"srv-082","event_id":4698,"record_id":104172,"user":"employee-383","source_ip":"10.11.1.11","target":"Approved-Maintenance","logon_type":null,"change_ticket":"CHG-DEPLOY-18","result":"success","channel":"Security","provider":"Microsoft-Windows-Security-Auditing","logon_id":"67b913185aa771a4","process_id":18720,"image_path":"C:/Program Files/ApprovedAgent/agent.exe","run_as":"svc-agent","publisher":"Approved Software Team","update_state":"installed","agent_build":"2026.09.1"},{"timestamp":"2026-09-14T03:07:47.100Z","computer":"srv-055","event_id":4728,"record_id":104173,"user":"deployment-admin","source_ip":"10.10.3.24","target":"Project-Readers","logon_type":null,"change_ticket":"CHG-DEPLOY-18","result":"success","channel":"Security","provider":"Microsoft-Windows-Security-Auditing","logon_id":"67b913185aa771a4","process_id":17919,"image_path":"","run_as":"","publisher":"","update_state":"installed","agent_build":"2026.09.2"},{"timestamp":"2026-09-14T03:07:49.800Z","computer":"srv-109","event_id":4697,"record_id":104174,"user":"employee-179","source_ip":"10.11.2.18","target":"ApprovedAgent","logon_type":null,"change_ticket":"CHG-DEPLOY-18","result":"success","channel":"Security","provider":"Microsoft-Windows-Security-Auditing","logon_id":"67b913185aa771a4","process_id":2174,"image_path":"C:/Program Files/ApprovedAgent/agent.exe","run_as":"svc-agent","publisher":"Approved Software Team","update_state":"installed","agent_build":"2026.09.3"},{"timestamp":"2026-09-14T03:07:52.500Z","computer":"srv-211","event_id":4624,"record_id":104175,"user":"employee-392","source_ip":"10.12.3.20","target":"logon-session","logon_type":10,"change_ticket":"","result":"success","channel":"Security","provider":"Microsoft-Windows-Security-Auditing","logon_id":"67b913185aa771a4","process_id":2996,"image_path":"","run_as":"","publisher":"","update_state":"installed","agent_build":"2026.09.4"},{"timestamp":"2026-09-14T03:07:55.200Z","computer":"srv-191","event_id":4624,"record_id":104176,"user":"employee-116","source_ip":"10.12.2.20","target":"logon-session","logon_type":2,"change_ticket":"","result":"success","channel":"Security","provider":"Microsoft-Windows-Security-Auditing","logon_id":"465fbbdb808a90fe","process_id":2459,"image_path":"","run_as":"","publisher":"","update_state":"installed","agent_build":"2026.09.1"},{"timestamp":"2026-09-14T03:07:57.900Z","computer":"srv-015","event_id":4634,"record_id":104177,"user":"employee-120","source_ip":"10.10.1.24","target":"logon-session","logon_type":3,"change_ticket":"","result":"success","channel":"Security","provider":"Microsoft-Windows-Security-Auditing","logon_id":"465fbbdb808a90fe","process_id":13312,"image_path":"","run_as":"","publisher":"","update_state":"installed","agent_build":"2026.09.2"},{"timestamp":"2026-09-14T03:08:00.600Z","computer":"srv-088","event_id":4688,"record_id":104178,"user":"employee-254","source_ip":"10.11.1.17","target":"logon-session","logon_type":null,"change_ticket":"","result":"success","channel":"Security","provider":"Microsoft-Windows-Security-Auditing","logon_id":"465fbbdb808a90fe","process_id":15998,"image_path":"C:/Program Files/ApprovedAgent/agent.exe","run_as":"","publisher":"Approved Software Team","update_state":"installed","agent_build":"2026.09.3"},{"timestamp":"2026-09-14T03:08:03.300Z","computer":"srv-090","event_id":4625,"record_id":104179,"user":"employee-214","source_ip":"10.11.1.19","target":"logon-session","logon_type":2,"change_ticket":"","result":"failure","channel":"Security","provider":"Microsoft-Windows-Security-Auditing","logon_id":"465fbbdb808a90fe","process_id":5086,"image_path":"","run_as":"","publisher":"","update_state":"installed","agent_build":"2026.09.4"},{"timestamp":"2026-09-14T03:08:06.000Z","computer":"srv-125","event_id":4698,"record_id":104180,"user":"employee-273","source_ip":"10.11.3.14","target":"Approved-Maintenance","logon_type":null,"change_ticket":"CHG-DEPLOY-18","result":"success","channel":"Security","provider":"Microsoft-Windows-Security-Auditing","logon_id":"3c8400dfb7c73f17","process_id":15653,"image_path":"C:/Program Files/ApprovedAgent/agent.exe","run_as":"svc-agent","publisher":"Approved Software Team","update_state":"installed","agent_build":"2026.09.1"},{"timestamp":"2026-09-14T03:08:08.700Z","computer":"srv-063","event_id":4728,"record_id":104181,"user":"employee-293","source_ip":"10.10.4.12","target":"Project-Readers","logon_type":null,"change_ticket":"CHG-DEPLOY-18","result":"success","channel":"Security","provider":"Microsoft-Windows-Security-Auditing","logon_id":"3c8400dfb7c73f17","process_id":24160,"image_path":"","run_as":"","publisher":"","update_state":"installed","agent_build":"2026.09.2"},{"timestamp":"2026-09-14T03:08:11.400Z","computer":"srv-057","event_id":4697,"record_id":104182,"user":"employee-411","source_ip":"10.10.3.26","target":"ApprovedAgent","logon_type":null,"change_ticket":"CHG-DEPLOY-18","result":"success","channel":"Security","provider":"Microsoft-Windows-Security-Auditing","logon_id":"3c8400dfb7c73f17","process_id":3231,"image_path":"C:/Program Files/ApprovedAgent/agent.exe","run_as":"svc-agent","publisher":"Approved Software Team","update_state":"installed","agent_build":"2026.09.3"},{"timestamp":"2026-09-14T03:08:14.100Z","computer":"srv-166","event_id":4624,"record_id":104183,"user":"employee-171","source_ip":"10.12.1.15","target":"logon-session","logon_type":3,"change_ticket":"","result":"success","channel":"Security","provider":"Microsoft-Windows-Security-Auditing","logon_id":"3c8400dfb7c73f17","process_id":6691,"image_path":"","run_as":"","publisher":"","update_state":"failed","agent_build":"2026.09.4"},{"timestamp":"2026-09-14T03:08:16.800Z","computer":"srv-191","event_id":4624,"record_id":104184,"user":"employee-26","source_ip":"10.12.2.20","target":"logon-session","logon_type":10,"change_ticket":"","result":"success","channel":"Security","provider":"Microsoft-Windows-Security-Auditing","logon_id":"410f78b3ee220431","process_id":8778,"image_path":"","run_as":"","publisher":"","update_state":"installed","agent_build":"2026.09.1"},{"timestamp":"2026-09-14T03:08:19.500Z","computer":"srv-226","event_id":4634,"record_id":104185,"user":"employee-362","source_ip":"10.12.4.15","target":"logon-session","logon_type":2,"change_ticket":"","result":"success","channel":"Security","provider":"Microsoft-Windows-Security-Auditing","logon_id":"410f78b3ee220431","process_id":18446,"image_path":"","run_as":"","publisher":"","update_state":"restart-pending","agent_build":"2026.09.2"},{"timestamp":"2026-09-14T03:08:22.200Z","computer":"srv-226","event_id":4688,"record_id":104186,"user":"deployment-admin","source_ip":"10.12.4.15","target":"logon-session","logon_type":null,"change_ticket":"","result":"success","channel":"Security","provider":"Microsoft-Windows-Security-Auditing","logon_id":"410f78b3ee220431","process_id":12646,"image_path":"C:/Program Files/ApprovedAgent/agent.exe","run_as":"","publisher":"Approved Software Team","update_state":"installed","agent_build":"2026.09.3"},{"timestamp":"2026-09-14T03:08:24.900Z","computer":"srv-116","event_id":4625,"record_id":104187,"user":"employee-372","source_ip":"10.11.2.25","target":"logon-session","logon_type":10,"change_ticket":"","result":"failure","channel":"Security","provider":"Microsoft-Windows-Security-Auditing","logon_id":"410f78b3ee220431","process_id":10838,"image_path":"","run_as":"","publisher":"","update_state":"installed","agent_build":"2026.09.4"},{"timestamp":"2026-09-14T03:08:27.600Z","computer":"srv-167","event_id":4698,"record_id":104188,"user":"employee-76","source_ip":"10.12.1.16","target":"Approved-Maintenance","logon_type":null,"change_ticket":"CHG-DEPLOY-18","result":"success","channel":"Security","provider":"Microsoft-Windows-Security-Auditing","logon_id":"3cb360bebb618202","process_id":22506,"image_path":"C:/Program Files/ApprovedAgent/agent.exe","run_as":"svc-agent","publisher":"Approved Software Team","update_state":"installed","agent_build":"2026.09.1"},{"timestamp":"2026-09-14T03:08:30.300Z","computer":"srv-233","event_id":4728,"record_id":104189,"user":"employee-444","source_ip":"10.12.4.22","target":"Project-Readers","logon_type":null,"change_ticket":"CHG-DEPLOY-18","result":"success","channel":"Security","provider":"Microsoft-Windows-Security-Auditing","logon_id":"3cb360bebb618202","process_id":1343,"image_path":"","run_as":"","publisher":"","update_state":"no-report","agent_build":"2026.09.2"},{"timestamp":"2026-09-14T03:08:33.000Z","computer":"srv-080","event_id":4697,"record_id":104190,"user":"employee-422","source_ip":"10.10.4.29","target":"ApprovedAgent","logon_type":null,"change_ticket":"CHG-DEPLOY-18","result":"success","channel":"Security","provider":"Microsoft-Windows-Security-Auditing","logon_id":"3cb360bebb618202","process_id":22753,"image_path":"C:/Program Files/ApprovedAgent/agent.exe","run_as":"svc-agent","publisher":"Approved Software Team","update_state":"installed","agent_build":"2026.09.3"},{"timestamp":"2026-09-14T03:08:35.700Z","computer":"srv-148","event_id":4624,"record_id":104191,"user":"employee-394","source_ip":"10.11.4.17","target":"logon-session","logon_type":2,"change_ticket":"","result":"success","channel":"Security","provider":"Microsoft-Windows-Security-Auditing","logon_id":"3cb360bebb618202","process_id":9448,"image_path":"","run_as":"","publisher":"","update_state":"installed","agent_build":"2026.09.4"},{"timestamp":"2026-09-14T03:08:38.400Z","computer":"srv-090","event_id":4624,"record_id":104192,"user":"employee-27","source_ip":"10.11.1.19","target":"logon-session","logon_type":3,"change_ticket":"","result":"success","channel":"Security","provider":"Microsoft-Windows-Security-Auditing","logon_id":"fe9012d3018a5b80","process_id":18285,"image_path":"","run_as":"","publisher":"","update_state":"installed","agent_build":"2026.09.1"},{"timestamp":"2026-09-14T03:08:41.100Z","computer":"srv-140","event_id":4634,"record_id":104193,"user":"employee-355","source_ip":"10.11.3.29","target":"logon-session","logon_type":10,"change_ticket":"","result":"success","channel":"Security","provider":"Microsoft-Windows-Security-Auditing","logon_id":"fe9012d3018a5b80","process_id":5674,"image_path":"","run_as":"","publisher":"","update_state":"installed","agent_build":"2026.09.2"},{"timestamp":"2026-09-14T03:08:43.800Z","computer":"srv-103","event_id":4688,"record_id":104194,"user":"employee-444","source_ip":"10.11.2.12","target":"logon-session","logon_type":null,"change_ticket":"","result":"success","channel":"Security","provider":"Microsoft-Windows-Security-Auditing","logon_id":"fe9012d3018a5b80","process_id":11603,"image_path":"C:/Program Files/ApprovedAgent/agent.exe","run_as":"","publisher":"Approved Software Team","update_state":"installed","agent_build":"2026.09.3"},{"timestamp":"2026-09-14T03:08:46.500Z","computer":"srv-223","event_id":4625,"record_id":104195,"user":"employee-148","source_ip":"10.12.4.12","target":"logon-session","logon_type":3,"change_ticket":"","result":"failure","channel":"Security","provider":"Microsoft-Windows-Security-Auditing","logon_id":"fe9012d3018a5b80","process_id":15285,"image_path":"","run_as":"","publisher":"","update_state":"installed","agent_build":"2026.09.4"},{"timestamp":"2026-09-14T03:08:49.200Z","computer":"srv-099","event_id":4698,"record_id":104196,"user":"employee-455","source_ip":"10.11.1.28","target":"Approved-Maintenance","logon_type":null,"change_ticket":"CHG-DEPLOY-18","result":"success","channel":"Security","provider":"Microsoft-Windows-Security-Auditing","logon_id":"9d3d78089afc4834","process_id":4695,"image_path":"C:/Program Files/ApprovedAgent/agent.exe","run_as":"svc-agent","publisher":"Approved Software Team","update_state":"installed","agent_build":"2026.09.1"},{"timestamp":"2026-09-14T03:08:51.900Z","computer":"srv-109","event_id":4728,"record_id":104197,"user":"employee-239","source_ip":"10.11.2.18","target":"Project-Readers","logon_type":null,"change_ticket":"CHG-DEPLOY-18","result":"success","channel":"Security","provider":"Microsoft-Windows-Security-Auditing","logon_id":"9d3d78089afc4834","process_id":24709,"image_path":"","run_as":"","publisher":"","update_state":"installed","agent_build":"2026.09.2"},{"timestamp":"2026-09-14T03:08:54.600Z","computer":"srv-121","event_id":4697,"record_id":104198,"user":"employee-202","source_ip":"10.11.3.10","target":"ApprovedAgent","logon_type":null,"change_ticket":"CHG-DEPLOY-18","result":"success","channel":"Security","provider":"Microsoft-Windows-Security-Auditing","logon_id":"9d3d78089afc4834","process_id":6934,"image_path":"C:/Program Files/ApprovedAgent/agent.exe","run_as":"svc-agent","publisher":"Approved Software Team","update_state":"installed","agent_build":"2026.09.3"},{"timestamp":"2026-09-14T03:08:57.300Z","computer":"srv-126","event_id":4624,"record_id":104199,"user":"deployment-admin","source_ip":"10.11.3.15","target":"logon-session","logon_type":10,"change_ticket":"","result":"success","channel":"Security","provider":"Microsoft-Windows-Security-Auditing","logon_id":"9d3d78089afc4834","process_id":13675,"image_path":"","run_as":"","publisher":"","update_state":"installed","agent_build":"2026.09.4"},{"timestamp":"2026-09-14T03:09:00.000Z","computer":"srv-048","event_id":4624,"record_id":104200,"user":"employee-74","source_ip":"10.10.3.17","target":"logon-session","logon_type":2,"change_ticket":"","result":"success","channel":"Security","provider":"Microsoft-Windows-Security-Auditing","logon_id":"a4dd6e98fbbba52b","process_id":18727,"image_path":"","run_as":"","publisher":"","update_state":"installed","agent_build":"2026.09.1"},{"timestamp":"2026-09-14T03:09:02.700Z","computer":"srv-235","event_id":4634,"record_id":104201,"user":"employee-82","source_ip":"10.12.4.24","target":"logon-session","logon_type":3,"change_ticket":"","result":"success","channel":"Security","provider":"Microsoft-Windows-Security-Auditing","logon_id":"a4dd6e98fbbba52b","process_id":14806,"image_path":"","run_as":"","publisher":"","update_state":"installed","agent_build":"2026.09.2"},{"timestamp":"2026-09-14T03:09:05.400Z","computer":"srv-194","event_id":4688,"record_id":104202,"user":"employee-275","source_ip":"10.12.2.23","target":"logon-session","logon_type":null,"change_ticket":"","result":"success","channel":"Security","provider":"Microsoft-Windows-Security-Auditing","logon_id":"a4dd6e98fbbba52b","process_id":22620,"image_path":"C:/Program Files/ApprovedAgent/agent.exe","run_as":"","publisher":"Approved Software Team","update_state":"installed","agent_build":"2026.09.3"},{"timestamp":"2026-09-14T03:09:08.100Z","computer":"srv-094","event_id":4625,"record_id":104203,"user":"employee-330","source_ip":"10.11.1.23","target":"logon-session","logon_type":2,"change_ticket":"","result":"failure","channel":"Security","provider":"Microsoft-Windows-Security-Auditing","logon_id":"a4dd6e98fbbba52b","process_id":2534,"image_path":"","run_as":"","publisher":"","update_state":"installed","agent_build":"2026.09.4"},{"timestamp":"2026-09-14T03:09:10.800Z","computer":"srv-229","event_id":4698,"record_id":104204,"user":"employee-154","source_ip":"10.12.4.18","target":"Approved-Maintenance","logon_type":null,"change_ticket":"CHG-DEPLOY-18","result":"success","channel":"Security","provider":"Microsoft-Windows-Security-Auditing","logon_id":"594dd552defd2bab","process_id":18247,"image_path":"C:/Program Files/ApprovedAgent/agent.exe","run_as":"svc-agent","publisher":"Approved Software Team","update_state":"installed","agent_build":"2026.09.1"},{"timestamp":"2026-09-14T03:09:13.500Z","computer":"srv-042","event_id":4728,"record_id":104205,"user":"employee-471","source_ip":"10.10.3.11","target":"Project-Readers","logon_type":null,"change_ticket":"CHG-DEPLOY-18","result":"success","channel":"Security","provider":"Microsoft-Windows-Security-Auditing","logon_id":"594dd552defd2bab","process_id":4654,"image_path":"","run_as":"","publisher":"","update_state":"installed","agent_build":"2026.09.2"},{"timestamp":"2026-09-14T03:09:16.200Z","computer":"srv-011","event_id":4697,"record_id":104206,"user":"employee-339","source_ip":"10.10.1.20","target":"ApprovedAgent","logon_type":null,"change_ticket":"CHG-DEPLOY-18","result":"success","channel":"Security","provider":"Microsoft-Windows-Security-Auditing","logon_id":"594dd552defd2bab","process_id":18751,"image_path":"C:/Program Files/ApprovedAgent/agent.exe","run_as":"svc-agent","publisher":"Approved Software Team","update_state":"installed","agent_build":"2026.09.3"},{"timestamp":"2026-09-14T03:09:18.900Z","computer":"srv-216","event_id":4624,"record_id":104207,"user":"employee-256","source_ip":"10.12.3.25","target":"logon-session","logon_type":3,"change_ticket":"","result":"success","channel":"Security","provider":"Microsoft-Windows-Security-Auditing","logon_id":"594dd552defd2bab","process_id":9347,"image_path":"","run_as":"","publisher":"","update_state":"installed","agent_build":"2026.09.4"},{"timestamp":"2026-09-14T03:09:21.600Z","computer":"srv-205","event_id":4624,"record_id":104208,"user":"employee-98","source_ip":"10.12.3.14","target":"logon-session","logon_type":10,"change_ticket":"","result":"success","channel":"Security","provider":"Microsoft-Windows-Security-Auditing","logon_id":"9ff271a0c988238e","process_id":18740,"image_path":"","run_as":"","publisher":"","update_state":"installed","agent_build":"2026.09.1"},{"timestamp":"2026-09-14T03:09:24.300Z","computer":"srv-106","event_id":4634,"record_id":104209,"user":"employee-9","source_ip":"10.11.2.15","target":"logon-session","logon_type":2,"change_ticket":"","result":"success","channel":"Security","provider":"Microsoft-Windows-Security-Auditing","logon_id":"9ff271a0c988238e","process_id":1883,"image_path":"","run_as":"","publisher":"","update_state":"installed","agent_build":"2026.09.2"},{"timestamp":"2026-09-14T03:09:27.000Z","computer":"srv-139","event_id":4688,"record_id":104210,"user":"employee-425","source_ip":"10.11.3.28","target":"logon-session","logon_type":null,"change_ticket":"","result":"success","channel":"Security","provider":"Microsoft-Windows-Security-Auditing","logon_id":"9ff271a0c988238e","process_id":25027,"image_path":"C:/Program Files/ApprovedAgent/agent.exe","run_as":"","publisher":"Approved Software Team","update_state":"installed","agent_build":"2026.09.3"},{"timestamp":"2026-09-14T03:09:29.700Z","computer":"srv-059","event_id":4625,"record_id":104211,"user":"employee-356","source_ip":"10.10.3.28","target":"logon-session","logon_type":10,"change_ticket":"","result":"failure","channel":"Security","provider":"Microsoft-Windows-Security-Auditing","logon_id":"9ff271a0c988238e","process_id":20215,"image_path":"","run_as":"","publisher":"","update_state":"installed","agent_build":"2026.09.4"},{"timestamp":"2026-09-14T03:09:32.400Z","computer":"srv-232","event_id":4698,"record_id":104212,"user":"deployment-admin","source_ip":"10.12.4.21","target":"Approved-Maintenance","logon_type":null,"change_ticket":"CHG-DEPLOY-18","result":"success","channel":"Security","provider":"Microsoft-Windows-Security-Auditing","logon_id":"dedf4950abdc9be1","process_id":14311,"image_path":"C:/Program Files/ApprovedAgent/agent.exe","run_as":"svc-agent","publisher":"Approved Software Team","update_state":"installed","agent_build":"2026.09.1"},{"timestamp":"2026-09-14T03:09:35.100Z","computer":"srv-152","event_id":4728,"record_id":104213,"user":"employee-334","source_ip":"10.11.4.21","target":"Project-Readers","logon_type":null,"change_ticket":"CHG-DEPLOY-18","result":"success","channel":"Security","provider":"Microsoft-Windows-Security-Auditing","logon_id":"dedf4950abdc9be1","process_id":17222,"image_path":"","run_as":"","publisher":"","update_state":"installed","agent_build":"2026.09.2"},{"timestamp":"2026-09-14T03:09:37.800Z","computer":"srv-222","event_id":4697,"record_id":104214,"user":"employee-409","source_ip":"10.12.4.11","target":"ApprovedAgent","logon_type":null,"change_ticket":"CHG-DEPLOY-18","result":"success","channel":"Security","provider":"Microsoft-Windows-Security-Auditing","logon_id":"dedf4950abdc9be1","process_id":1000,"image_path":"C:/Program Files/ApprovedAgent/agent.exe","run_as":"svc-agent","publisher":"Approved Software Team","update_state":"installed","agent_build":"2026.09.3"},{"timestamp":"2026-09-14T03:09:40.500Z","computer":"srv-085","event_id":4624,"record_id":104215,"user":"employee-446","source_ip":"10.11.1.14","target":"logon-session","logon_type":2,"change_ticket":"","result":"success","channel":"Security","provider":"Microsoft-Windows-Security-Auditing","logon_id":"dedf4950abdc9be1","process_id":20573,"image_path":"","run_as":"","publisher":"","update_state":"installed","agent_build":"2026.09.4"},{"timestamp":"2026-09-14T03:09:43.200Z","computer":"srv-178","event_id":4624,"record_id":104216,"user":"employee-29","source_ip":"10.12.1.27","target":"logon-session","logon_type":3,"change_ticket":"","result":"success","channel":"Security","provider":"Microsoft-Windows-Security-Auditing","logon_id":"df4f04efd8588e25","process_id":7969,"image_path":"","run_as":"","publisher":"","update_state":"restart-pending","agent_build":"2026.09.1"},{"timestamp":"2026-09-14T03:09:45.900Z","computer":"srv-004","event_id":4634,"record_id":104217,"user":"employee-239","source_ip":"10.10.1.13","target":"logon-session","logon_type":10,"change_ticket":"","result":"success","channel":"Security","provider":"Microsoft-Windows-Security-Auditing","logon_id":"df4f04efd8588e25","process_id":15274,"image_path":"","run_as":"","publisher":"","update_state":"installed","agent_build":"2026.09.2"},{"timestamp":"2026-09-14T03:09:48.600Z","computer":"srv-166","event_id":4688,"record_id":104218,"user":"employee-98","source_ip":"10.12.1.15","target":"logon-session","logon_type":null,"change_ticket":"","result":"success","channel":"Security","provider":"Microsoft-Windows-Security-Auditing","logon_id":"df4f04efd8588e25","process_id":14220,"image_path":"C:/Program Files/ApprovedAgent/agent.exe","run_as":"","publisher":"Approved Software Team","update_state":"installed","agent_build":"2026.09.3"},{"timestamp":"2026-09-14T03:09:51.300Z","computer":"srv-091","event_id":4625,"record_id":104219,"user":"employee-206","source_ip":"10.11.1.20","target":"logon-session","logon_type":3,"change_ticket":"","result":"failure","channel":"Security","provider":"Microsoft-Windows-Security-Auditing","logon_id":"df4f04efd8588e25","process_id":25318,"image_path":"","run_as":"","publisher":"","update_state":"installed","agent_build":"2026.09.4"},{"timestamp":"2026-09-14T03:09:54.000Z","computer":"srv-169","event_id":4698,"record_id":104220,"user":"employee-441","source_ip":"10.12.1.18","target":"Approved-Maintenance","logon_type":null,"change_ticket":"CHG-DEPLOY-18","result":"success","channel":"Security","provider":"Microsoft-Windows-Security-Auditing","logon_id":"651b3fde11f7631c","process_id":11725,"image_path":"C:/Program Files/ApprovedAgent/agent.exe","run_as":"svc-agent","publisher":"Approved Software Team","update_state":"installed","agent_build":"2026.09.1"},{"timestamp":"2026-09-14T03:09:56.700Z","computer":"srv-121","event_id":4728,"record_id":104221,"user":"employee-380","source_ip":"10.11.3.10","target":"Project-Readers","logon_type":null,"change_ticket":"CHG-DEPLOY-18","result":"success","channel":"Security","provider":"Microsoft-Windows-Security-Auditing","logon_id":"651b3fde11f7631c","process_id":18878,"image_path":"","run_as":"","publisher":"","update_state":"installed","agent_build":"2026.09.2"},{"timestamp":"2026-09-14T03:09:59.400Z","computer":"srv-138","event_id":4697,"record_id":104222,"user":"employee-357","source_ip":"10.11.3.27","target":"ApprovedAgent","logon_type":null,"change_ticket":"CHG-DEPLOY-18","result":"success","channel":"Security","provider":"Microsoft-Windows-Security-Auditing","logon_id":"651b3fde11f7631c","process_id":16396,"image_path":"C:/Program Files/ApprovedAgent/agent.exe","run_as":"svc-agent","publisher":"Approved Software Team","update_state":"installed","agent_build":"2026.09.3"},{"timestamp":"2026-09-14T03:10:02.100Z","computer":"srv-105","event_id":4624,"record_id":104223,"user":"employee-467","source_ip":"10.11.2.14","target":"logon-session","logon_type":10,"change_ticket":"","result":"success","channel":"Security","provider":"Microsoft-Windows-Security-Auditing","logon_id":"651b3fde11f7631c","process_id":9480,"image_path":"","run_as":"","publisher":"","update_state":"installed","agent_build":"2026.09.4"},{"timestamp":"2026-09-14T03:10:04.800Z","computer":"srv-186","event_id":4624,"record_id":104224,"user":"employee-178","source_ip":"10.12.2.15","target":"logon-session","logon_type":2,"change_ticket":"","result":"success","channel":"Security","provider":"Microsoft-Windows-Security-Auditing","logon_id":"5f50715f2ae84aa7","process_id":18338,"image_path":"","run_as":"","publisher":"","update_state":"installed","agent_build":"2026.09.1"},{"timestamp":"2026-09-14T03:10:07.500Z","computer":"srv-124","event_id":4634,"record_id":104225,"user":"deployment-admin","source_ip":"10.11.3.13","target":"logon-session","logon_type":3,"change_ticket":"","result":"success","channel":"Security","provider":"Microsoft-Windows-Security-Auditing","logon_id":"5f50715f2ae84aa7","process_id":20680,"image_path":"","run_as":"","publisher":"","update_state":"installed","agent_build":"2026.09.2"},{"timestamp":"2026-09-14T03:10:10.200Z","computer":"srv-014","event_id":4688,"record_id":104226,"user":"employee-339","source_ip":"10.10.1.23","target":"logon-session","logon_type":null,"change_ticket":"","result":"success","channel":"Security","provider":"Microsoft-Windows-Security-Auditing","logon_id":"5f50715f2ae84aa7","process_id":9674,"image_path":"C:/Program Files/ApprovedAgent/agent.exe","run_as":"","publisher":"Approved Software Team","update_state":"installed","agent_build":"2026.09.3"},{"timestamp":"2026-09-14T03:10:12.900Z","computer":"srv-101","event_id":4625,"record_id":104227,"user":"employee-105","source_ip":"10.11.2.10","target":"logon-session","logon_type":2,"change_ticket":"","result":"failure","channel":"Security","provider":"Microsoft-Windows-Security-Auditing","logon_id":"5f50715f2ae84aa7","process_id":5100,"image_path":"","run_as":"","publisher":"","update_state":"installed","agent_build":"2026.09.4"},{"timestamp":"2026-09-14T03:10:15.600Z","computer":"srv-050","event_id":4698,"record_id":104228,"user":"employee-461","source_ip":"10.10.3.19","target":"Approved-Maintenance","logon_type":null,"change_ticket":"CHG-DEPLOY-18","result":"success","channel":"Security","provider":"Microsoft-Windows-Security-Auditing","logon_id":"8b511307b5ff6f84","process_id":1305,"image_path":"C:/Program Files/ApprovedAgent/agent.exe","run_as":"svc-agent","publisher":"Approved Software Team","update_state":"installed","agent_build":"2026.09.1"},{"timestamp":"2026-09-14T03:10:18.300Z","computer":"srv-033","event_id":4728,"record_id":104229,"user":"employee-234","source_ip":"10.10.2.22","target":"Project-Readers","logon_type":null,"change_ticket":"CHG-DEPLOY-18","result":"success","channel":"Security","provider":"Microsoft-Windows-Security-Auditing","logon_id":"8b511307b5ff6f84","process_id":20672,"image_path":"","run_as":"","publisher":"","update_state":"installed","agent_build":"2026.09.2"},{"timestamp":"2026-09-14T03:10:21.000Z","computer":"srv-189","event_id":4697,"record_id":104230,"user":"employee-101","source_ip":"10.12.2.18","target":"ApprovedAgent","logon_type":null,"change_ticket":"CHG-DEPLOY-18","result":"success","channel":"Security","provider":"Microsoft-Windows-Security-Auditing","logon_id":"8b511307b5ff6f84","process_id":3126,"image_path":"C:/Program Files/ApprovedAgent/agent.exe","run_as":"svc-agent","publisher":"Approved Software Team","update_state":"failed","agent_build":"2026.09.3"},{"timestamp":"2026-09-14T03:10:23.700Z","computer":"srv-186","event_id":4624,"record_id":104231,"user":"employee-382","source_ip":"10.12.2.15","target":"logon-session","logon_type":3,"change_ticket":"","result":"success","channel":"Security","provider":"Microsoft-Windows-Security-Auditing","logon_id":"8b511307b5ff6f84","process_id":11583,"image_path":"","run_as":"","publisher":"","update_state":"installed","agent_build":"2026.09.4"},{"timestamp":"2026-09-14T03:10:26.400Z","computer":"srv-044","event_id":4624,"record_id":104232,"user":"employee-65","source_ip":"10.10.3.13","target":"logon-session","logon_type":10,"change_ticket":"","result":"success","channel":"Security","provider":"Microsoft-Windows-Security-Auditing","logon_id":"b3cab3621107b375","process_id":2818,"image_path":"","run_as":"","publisher":"","update_state":"installed","agent_build":"2026.09.1"},{"timestamp":"2026-09-14T03:10:29.100Z","computer":"srv-035","event_id":4634,"record_id":104233,"user":"employee-270","source_ip":"10.10.2.24","target":"logon-session","logon_type":2,"change_ticket":"","result":"success","channel":"Security","provider":"Microsoft-Windows-Security-Auditing","logon_id":"b3cab3621107b375","process_id":25234,"image_path":"","run_as":"","publisher":"","update_state":"installed","agent_build":"2026.09.2"},{"timestamp":"2026-09-14T03:10:31.800Z","computer":"srv-110","event_id":4688,"record_id":104234,"user":"employee-363","source_ip":"10.11.2.19","target":"logon-session","logon_type":null,"change_ticket":"","result":"success","channel":"Security","provider":"Microsoft-Windows-Security-Auditing","logon_id":"b3cab3621107b375","process_id":9015,"image_path":"C:/Program Files/ApprovedAgent/agent.exe","run_as":"","publisher":"Approved Software Team","update_state":"installed","agent_build":"2026.09.3"},{"timestamp":"2026-09-14T03:10:34.500Z","computer":"srv-009","event_id":4625,"record_id":104235,"user":"employee-80","source_ip":"10.10.1.18","target":"logon-session","logon_type":10,"change_ticket":"","result":"failure","channel":"Security","provider":"Microsoft-Windows-Security-Auditing","logon_id":"b3cab3621107b375","process_id":23093,"image_path":"","run_as":"","publisher":"","update_state":"installed","agent_build":"2026.09.4"},{"timestamp":"2026-09-14T03:10:37.200Z","computer":"srv-240","event_id":4698,"record_id":104236,"user":"employee-469","source_ip":"10.12.4.29","target":"Approved-Maintenance","logon_type":null,"change_ticket":"CHG-DEPLOY-18","result":"success","channel":"Security","provider":"Microsoft-Windows-Security-Auditing","logon_id":"c1cdefa5a2df1974","process_id":22055,"image_path":"C:/Program Files/ApprovedAgent/agent.exe","run_as":"svc-agent","publisher":"Approved Software Team","update_state":"installed","agent_build":"2026.09.1"},{"timestamp":"2026-09-14T03:10:39.900Z","computer":"srv-206","event_id":4728,"record_id":104237,"user":"employee-111","source_ip":"10.12.3.15","target":"Project-Readers","logon_type":null,"change_ticket":"CHG-DEPLOY-18","result":"success","channel":"Security","provider":"Microsoft-Windows-Security-Auditing","logon_id":"c1cdefa5a2df1974","process_id":1046,"image_path":"","run_as":"","publisher":"","update_state":"installed","agent_build":"2026.09.2"},{"timestamp":"2026-09-14T03:10:42.600Z","computer":"srv-229","event_id":4697,"record_id":104238,"user":"deployment-admin","source_ip":"10.12.4.18","target":"ApprovedAgent","logon_type":null,"change_ticket":"CHG-DEPLOY-18","result":"success","channel":"Security","provider":"Microsoft-Windows-Security-Auditing","logon_id":"c1cdefa5a2df1974","process_id":23831,"image_path":"C:/Program Files/ApprovedAgent/agent.exe","run_as":"svc-agent","publisher":"Approved Software Team","update_state":"installed","agent_build":"2026.09.3"},{"timestamp":"2026-09-14T03:10:45.300Z","computer":"srv-095","event_id":4624,"record_id":104239,"user":"employee-454","source_ip":"10.11.1.24","target":"logon-session","logon_type":2,"change_ticket":"","result":"success","channel":"Security","provider":"Microsoft-Windows-Security-Auditing","logon_id":"c1cdefa5a2df1974","process_id":13752,"image_path":"","run_as":"","publisher":"","update_state":"installed","agent_build":"2026.09.4"},