{"timestamp":"2026-09-14T01:02:00.600Z","computer":"srv-160","event_id":4688,"record_id":101378,"user":"deployment-admin","source_ip":"10.11.4.29","target":"logon-session","logon_type":null,"change_ticket":"","result":"success","channel":"Security","provider":"Microsoft-Windows-Security-Auditing","logon_id":"913524f4f700be33","process_id":11311,"image_path":"C:/Program Files/ApprovedAgent/agent.exe","run_as":"","publisher":"Approved Software Team","update_state":"installed","agent_build":"2026.09.3"},{"timestamp":"2026-09-14T01:02:03.300Z","computer":"srv-120","event_id":4625,"record_id":101379,"user":"employee-353","source_ip":"10.11.2.29","target":"logon-session","logon_type":10,"change_ticket":"","result":"failure","channel":"Security","provider":"Microsoft-Windows-Security-Auditing","logon_id":"913524f4f700be33","process_id":6799,"image_path":"","run_as":"","publisher":"","update_state":"installed","agent_build":"2026.09.4"},{"timestamp":"2026-09-14T01:02:06.000Z","computer":"srv-028","event_id":4698,"record_id":101380,"user":"employee-469","source_ip":"10.10.2.17","target":"Approved-Maintenance","logon_type":null,"change_ticket":"CHG-DEPLOY-18","result":"success","channel":"Security","provider":"Microsoft-Windows-Security-Auditing","logon_id":"50e4cf7c6fb3a2c6","process_id":18017,"image_path":"C:/Program Files/ApprovedAgent/agent.exe","run_as":"svc-agent","publisher":"Approved Software Team","update_state":"installed","agent_build":"2026.09.1"},{"timestamp":"2026-09-14T01:02:08.700Z","computer":"srv-033","event_id":4728,"record_id":101381,"user":"employee-14","source_ip":"10.10.2.22","target":"Project-Readers","logon_type":null,"change_ticket":"CHG-DEPLOY-18","result":"success","channel":"Security","provider":"Microsoft-Windows-Security-Auditing","logon_id":"50e4cf7c6fb3a2c6","process_id":25692,"image_path":"","run_as":"","publisher":"","update_state":"installed","agent_build":"2026.09.2"},{"timestamp":"2026-09-14T01:02:11.400Z","computer":"srv-214","event_id":4697,"record_id":101382,"user":"employee-106","source_ip":"10.12.3.23","target":"ApprovedAgent","logon_type":null,"change_ticket":"CHG-DEPLOY-18","result":"success","channel":"Security","provider":"Microsoft-Windows-Security-Auditing","logon_id":"50e4cf7c6fb3a2c6","process_id":9913,"image_path":"C:/Program Files/ApprovedAgent/agent.exe","run_as":"svc-agent","publisher":"Approved Software Team","update_state":"installed","agent_build":"2026.09.3"},{"timestamp":"2026-09-14T01:02:14.100Z","computer":"srv-053","event_id":4624,"record_id":101383,"user":"employee-5","source_ip":"10.10.3.22","target":"logon-session","logon_type":2,"change_ticket":"","result":"success","channel":"Security","provider":"Microsoft-Windows-Security-Auditing","logon_id":"50e4cf7c6fb3a2c6","process_id":15999,"image_path":"","run_as":"","publisher":"","update_state":"installed","agent_build":"2026.09.4"},{"timestamp":"2026-09-14T01:02:16.800Z","computer":"srv-232","event_id":4624,"record_id":101384,"user":"employee-221","source_ip":"10.12.4.21","target":"logon-session","logon_type":3,"change_ticket":"","result":"success","channel":"Security","provider":"Microsoft-Windows-Security-Auditing","logon_id":"bb00bf12cb3f2fc4","process_id":12533,"image_path":"","run_as":"","publisher":"","update_state":"installed","agent_build":"2026.09.1"},{"timestamp":"2026-09-14T01:02:19.500Z","computer":"srv-042","event_id":4634,"record_id":101385,"user":"employee-139","source_ip":"10.10.3.11","target":"logon-session","logon_type":10,"change_ticket":"","result":"success","channel":"Security","provider":"Microsoft-Windows-Security-Auditing","logon_id":"bb00bf12cb3f2fc4","process_id":9275,"image_path":"","run_as":"","publisher":"","update_state":"installed","agent_build":"2026.09.2"},{"timestamp":"2026-09-14T01:02:22.200Z","computer":"srv-121","event_id":4688,"record_id":101386,"user":"employee-335","source_ip":"10.11.3.10","target":"logon-session","logon_type":null,"change_ticket":"","result":"success","channel":"Security","provider":"Microsoft-Windows-Security-Auditing","logon_id":"bb00bf12cb3f2fc4","process_id":20761,"image_path":"C:/Program Files/ApprovedAgent/agent.exe","run_as":"","publisher":"Approved Software Team","update_state":"installed","agent_build":"2026.09.3"},{"timestamp":"2026-09-14T01:02:24.900Z","computer":"srv-232","event_id":4625,"record_id":101387,"user":"employee-154","source_ip":"10.12.4.21","target":"logon-session","logon_type":3,"change_ticket":"","result":"failure","channel":"Security","provider":"Microsoft-Windows-Security-Auditing","logon_id":"bb00bf12cb3f2fc4","process_id":13869,"image_path":"","run_as":"","publisher":"","update_state":"installed","agent_build":"2026.09.4"},{"timestamp":"2026-09-14T01:02:27.600Z","computer":"srv-060","event_id":4698,"record_id":101388,"user":"employee-397","source_ip":"10.10.3.29","target":"Approved-Maintenance","logon_type":null,"change_ticket":"CHG-DEPLOY-18","result":"success","channel":"Security","provider":"Microsoft-Windows-Security-Auditing","logon_id":"cd94984f0f3ab7c9","process_id":14276,"image_path":"C:/Program Files/ApprovedAgent/agent.exe","run_as":"svc-agent","publisher":"Approved Software Team","update_state":"installed","agent_build":"2026.09.1"},{"timestamp":"2026-09-14T01:02:30.300Z","computer":"srv-188","event_id":4728,"record_id":101389,"user":"employee-73","source_ip":"10.12.2.17","target":"Project-Readers","logon_type":null,"change_ticket":"CHG-DEPLOY-18","result":"success","channel":"Security","provider":"Microsoft-Windows-Security-Auditing","logon_id":"cd94984f0f3ab7c9","process_id":16639,"image_path":"","run_as":"","publisher":"","update_state":"installed","agent_build":"2026.09.2"},{"timestamp":"2026-09-14T01:02:33.000Z","computer":"srv-010","event_id":4697,"record_id":101390,"user":"employee-350","source_ip":"10.10.1.19","target":"ApprovedAgent","logon_type":null,"change_ticket":"CHG-DEPLOY-18","result":"success","channel":"Security","provider":"Microsoft-Windows-Security-Auditing","logon_id":"cd94984f0f3ab7c9","process_id":7405,"image_path":"C:/Program Files/ApprovedAgent/agent.exe","run_as":"svc-agent","publisher":"Approved Software Team","update_state":"installed","agent_build":"2026.09.3"},{"timestamp":"2026-09-14T01:02:35.700Z","computer":"srv-084","event_id":4624,"record_id":101391,"user":"deployment-admin","source_ip":"10.11.1.13","target":"logon-session","logon_type":10,"change_ticket":"","result":"success","channel":"Security","provider":"Microsoft-Windows-Security-Auditing","logon_id":"cd94984f0f3ab7c9","process_id":14658,"image_path":"","run_as":"","publisher":"","update_state":"installed","agent_build":"2026.09.4"},{"timestamp":"2026-09-14T01:02:38.400Z","computer":"srv-098","event_id":4624,"record_id":101392,"user":"employee-280","source_ip":"10.11.1.27","target":"logon-session","logon_type":2,"change_ticket":"","result":"success","channel":"Security","provider":"Microsoft-Windows-Security-Auditing","logon_id":"4d5f2f29adb0d403","process_id":16638,"image_path":"","run_as":"","publisher":"","update_state":"installed","agent_build":"2026.09.1"},{"timestamp":"2026-09-14T01:02:41.100Z","computer":"srv-097","event_id":4634,"record_id":101393,"user":"employee-154","source_ip":"10.11.1.26","target":"logon-session","logon_type":3,"change_ticket":"","result":"success","channel":"Security","provider":"Microsoft-Windows-Security-Auditing","logon_id":"4d5f2f29adb0d403","process_id":10295,"image_path":"","run_as":"","publisher":"","update_state":"installed","agent_build":"2026.09.2"},{"timestamp":"2026-09-14T01:02:43.800Z","computer":"srv-147","event_id":4688,"record_id":101394,"user":"employee-360","source_ip":"10.11.4.16","target":"logon-session","logon_type":null,"change_ticket":"","result":"success","channel":"Security","provider":"Microsoft-Windows-Security-Auditing","logon_id":"4d5f2f29adb0d403","process_id":11587,"image_path":"C:/Program Files/ApprovedAgent/agent.exe","run_as":"","publisher":"Approved Software Team","update_state":"installed","agent_build":"2026.09.3"},{"timestamp":"2026-09-14T01:02:46.500Z","computer":"srv-027","event_id":4625,"record_id":101395,"user":"employee-161","source_ip":"10.10.2.16","target":"logon-session","logon_type":2,"change_ticket":"","result":"failure","channel":"Security","provider":"Microsoft-Windows-Security-Auditing","logon_id":"4d5f2f29adb0d403","process_id":19798,"image_path":"","run_as":"","publisher":"","update_state":"restart-pending","agent_build":"2026.09.4"},{"timestamp":"2026-09-14T01:02:49.200Z","computer":"srv-002","event_id":4698,"record_id":101396,"user":"employee-51","source_ip":"10.10.1.11","target":"Approved-Maintenance","logon_type":null,"change_ticket":"CHG-DEPLOY-18","result":"success","channel":"Security","provider":"Microsoft-Windows-Security-Auditing","logon_id":"ca6b741577a57161","process_id":2504,"image_path":"C:/Program Files/ApprovedAgent/agent.exe","run_as":"svc-agent","publisher":"Approved Software Team","update_state":"installed","agent_build":"2026.09.1"},{"timestamp":"2026-09-14T01:02:51.900Z","computer":"srv-120","event_id":4728,"record_id":101397,"user":"employee-37","source_ip":"10.11.2.29","target":"Project-Readers","logon_type":null,"change_ticket":"CHG-DEPLOY-18","result":"success","channel":"Security","provider":"Microsoft-Windows-Security-Auditing","logon_id":"ca6b741577a57161","process_id":23699,"image_path":"","run_as":"","publisher":"","update_state":"installed","agent_build":"2026.09.2"},{"timestamp":"2026-09-14T01:02:54.600Z","computer":"srv-161","event_id":4697,"record_id":101398,"user":"employee-414","source_ip":"10.12.1.10","target":"ApprovedAgent","logon_type":null,"change_ticket":"CHG-DEPLOY-18","result":"success","channel":"Security","provider":"Microsoft-Windows-Security-Auditing","logon_id":"ca6b741577a57161","process_id":24226,"image_path":"C:/Program Files/ApprovedAgent/agent.exe","run_as":"svc-agent","publisher":"Approved Software Team","update_state":"installed","agent_build":"2026.09.3"},{"timestamp":"2026-09-14T01:02:57.300Z","computer":"srv-229","event_id":4624,"record_id":101399,"user":"employee-230","source_ip":"10.12.4.18","target":"logon-session","logon_type":3,"change_ticket":"","result":"success","channel":"Security","provider":"Microsoft-Windows-Security-Auditing","logon_id":"ca6b741577a57161","process_id":21491,"image_path":"","run_as":"","publisher":"","update_state":"installed","agent_build":"2026.09.4"},{"timestamp":"2026-09-14T01:03:00.000Z","computer":"srv-118","event_id":4624,"record_id":101400,"user":"employee-230","source_ip":"10.11.2.27","target":"logon-session","logon_type":10,"change_ticket":"","result":"success","channel":"Security","provider":"Microsoft-Windows-Security-Auditing","logon_id":"ffdb9c96db7bd615","process_id":14981,"image_path":"","run_as":"","publisher":"","update_state":"installed","agent_build":"2026.09.1"},{"timestamp":"2026-09-14T01:03:02.700Z","computer":"srv-238","event_id":4634,"record_id":101401,"user":"employee-353","source_ip":"10.12.4.27","target":"logon-session","logon_type":2,"change_ticket":"","result":"success","channel":"Security","provider":"Microsoft-Windows-Security-Auditing","logon_id":"ffdb9c96db7bd615","process_id":2544,"image_path":"","run_as":"","publisher":"","update_state":"installed","agent_build":"2026.09.2"},{"timestamp":"2026-09-14T01:03:05.400Z","computer":"srv-228","event_id":4688,"record_id":101402,"user":"employee-309","source_ip":"10.12.4.17","target":"logon-session","logon_type":null,"change_ticket":"","result":"success","channel":"Security","provider":"Microsoft-Windows-Security-Auditing","logon_id":"ffdb9c96db7bd615","process_id":11286,"image_path":"C:/Program Files/ApprovedAgent/agent.exe","run_as":"","publisher":"Approved Software Team","update_state":"installed","agent_build":"2026.09.3"},{"timestamp":"2026-09-14T01:03:08.100Z","computer":"srv-006","event_id":4625,"record_id":101403,"user":"employee-282","source_ip":"10.10.1.15","target":"logon-session","logon_type":10,"change_ticket":"","result":"failure","channel":"Security","provider":"Microsoft-Windows-Security-Auditing","logon_id":"ffdb9c96db7bd615","process_id":1445,"image_path":"","run_as":"","publisher":"","update_state":"installed","agent_build":"2026.09.4"},{"timestamp":"2026-09-14T01:03:10.800Z","computer":"srv-029","event_id":4698,"record_id":101404,"user":"deployment-admin","source_ip":"10.10.2.18","target":"Approved-Maintenance","logon_type":null,"change_ticket":"CHG-DEPLOY-18","result":"success","channel":"Security","provider":"Microsoft-Windows-Security-Auditing","logon_id":"d7d57c28afd8e48e","process_id":12845,"image_path":"C:/Program Files/ApprovedAgent/agent.exe","run_as":"svc-agent","publisher":"Approved Software Team","update_state":"installed","agent_build":"2026.09.1"},{"timestamp":"2026-09-14T01:03:13.500Z","computer":"srv-018","event_id":4728,"record_id":101405,"user":"employee-337","source_ip":"10.10.1.27","target":"Project-Readers","logon_type":null,"change_ticket":"CHG-DEPLOY-18","result":"success","channel":"Security","provider":"Microsoft-Windows-Security-Auditing","logon_id":"d7d57c28afd8e48e","process_id":24411,"image_path":"","run_as":"","publisher":"","update_state":"installed","agent_build":"2026.09.2"},{"timestamp":"2026-09-14T01:03:16.200Z","computer":"srv-097","event_id":4697,"record_id":101406,"user":"employee-292","source_ip":"10.11.1.26","target":"ApprovedAgent","logon_type":null,"change_ticket":"CHG-DEPLOY-18","result":"success","channel":"Security","provider":"Microsoft-Windows-Security-Auditing","logon_id":"d7d57c28afd8e48e","process_id":20382,"image_path":"C:/Program Files/ApprovedAgent/agent.exe","run_as":"svc-agent","publisher":"Approved Software Team","update_state":"installed","agent_build":"2026.09.3"},{"timestamp":"2026-09-14T01:03:18.900Z","computer":"srv-202","event_id":4624,"record_id":101407,"user":"employee-371","source_ip":"10.12.3.11","target":"logon-session","logon_type":2,"change_ticket":"","result":"success","channel":"Security","provider":"Microsoft-Windows-Security-Auditing","logon_id":"d7d57c28afd8e48e","process_id":11674,"image_path":"","run_as":"","publisher":"","update_state":"installed","agent_build":"2026.09.4"},{"timestamp":"2026-09-14T01:03:21.600Z","computer":"srv-055","event_id":4624,"record_id":101408,"user":"employee-116","source_ip":"10.10.3.24","target":"logon-session","logon_type":3,"change_ticket":"","result":"success","channel":"Security","provider":"Microsoft-Windows-Security-Auditing","logon_id":"d330328cc7482889","process_id":4451,"image_path":"","run_as":"","publisher":"","update_state":"installed","agent_build":"2026.09.1"},{"timestamp":"2026-09-14T01:03:24.300Z","computer":"srv-095","event_id":4634,"record_id":101409,"user":"employee-192","source_ip":"10.11.1.24","target":"logon-session","logon_type":10,"change_ticket":"","result":"success","channel":"Security","provider":"Microsoft-Windows-Security-Auditing","logon_id":"d330328cc7482889","process_id":15284,"image_path":"","run_as":"","publisher":"","update_state":"installed","agent_build":"2026.09.2"},{"timestamp":"2026-09-14T01:03:27.000Z","computer":"srv-067","event_id":4688,"record_id":101410,"user":"employee-215","source_ip":"10.10.4.16","target":"logon-session","logon_type":null,"change_ticket":"","result":"success","channel":"Security","provider":"Microsoft-Windows-Security-Auditing","logon_id":"d330328cc7482889","process_id":25206,"image_path":"C:/Program Files/ApprovedAgent/agent.exe","run_as":"","publisher":"Approved Software Team","update_state":"failed","agent_build":"2026.09.3"},{"timestamp":"2026-09-14T01:03:29.700Z","computer":"srv-037","event_id":4625,"record_id":101411,"user":"employee-80","source_ip":"10.10.2.26","target":"logon-session","logon_type":3,"change_ticket":"","result":"failure","channel":"Security","provider":"Microsoft-Windows-Security-Auditing","logon_id":"d330328cc7482889","process_id":15404,"image_path":"","run_as":"","publisher":"","update_state":"installed","agent_build":"2026.09.4"},{"timestamp":"2026-09-14T01:03:32.400Z","computer":"srv-132","event_id":4698,"record_id":101412,"user":"employee-192","source_ip":"10.11.3.21","target":"Approved-Maintenance","logon_type":null,"change_ticket":"CHG-DEPLOY-18","result":"success","channel":"Security","provider":"Microsoft-Windows-Security-Auditing","logon_id":"69a338adbcb8f5c0","process_id":11689,"image_path":"C:/Program Files/ApprovedAgent/agent.exe","run_as":"svc-agent","publisher":"Approved Software Team","update_state":"installed","agent_build":"2026.09.1"},{"timestamp":"2026-09-14T01:03:35.100Z","computer":"srv-092","event_id":4728,"record_id":101413,"user":"employee-456","source_ip":"10.11.1.21","target":"Project-Readers","logon_type":null,"change_ticket":"CHG-DEPLOY-18","result":"success","channel":"Security","provider":"Microsoft-Windows-Security-Auditing","logon_id":"69a338adbcb8f5c0","process_id":17639,"image_path":"","run_as":"","publisher":"","update_state":"installed","agent_build":"2026.09.2"},{"timestamp":"2026-09-14T01:03:37.800Z","computer":"srv-131","event_id":4697,"record_id":101414,"user":"employee-126","source_ip":"10.11.3.20","target":"ApprovedAgent","logon_type":null,"change_ticket":"CHG-DEPLOY-18","result":"success","channel":"Security","provider":"Microsoft-Windows-Security-Auditing","logon_id":"69a338adbcb8f5c0","process_id":10267,"image_path":"C:/Program Files/ApprovedAgent/agent.exe","run_as":"svc-agent","publisher":"Approved Software Team","update_state":"installed","agent_build":"2026.09.3"},{"timestamp":"2026-09-14T01:03:40.500Z","computer":"srv-006","event_id":4624,"record_id":101415,"user":"employee-438","source_ip":"10.10.1.15","target":"logon-session","logon_type":10,"change_ticket":"","result":"success","channel":"Security","provider":"Microsoft-Windows-Security-Auditing","logon_id":"69a338adbcb8f5c0","process_id":3466,"image_path":"","run_as":"","publisher":"","update_state":"installed","agent_build":"2026.09.4"},{"timestamp":"2026-09-14T01:03:43.200Z","computer":"srv-063","event_id":4624,"record_id":101416,"user":"employee-421","source_ip":"10.10.4.12","target":"logon-session","logon_type":2,"change_ticket":"","result":"success","channel":"Security","provider":"Microsoft-Windows-Security-Auditing","logon_id":"3b1d6b7896b10a72","process_id":25432,"image_path":"","run_as":"","publisher":"","update_state":"no-report","agent_build":"2026.09.1"},{"timestamp":"2026-09-14T01:03:45.900Z","computer":"srv-182","event_id":4634,"record_id":101417,"user":"deployment-admin","source_ip":"10.12.2.11","target":"logon-session","logon_type":3,"change_ticket":"","result":"success","channel":"Security","provider":"Microsoft-Windows-Security-Auditing","logon_id":"3b1d6b7896b10a72","process_id":6583,"image_path":"","run_as":"","publisher":"","update_state":"installed","agent_build":"2026.09.2"},{"timestamp":"2026-09-14T01:03:48.600Z","computer":"srv-123","event_id":4688,"record_id":101418,"user":"employee-284","source_ip":"10.11.3.12","target":"logon-session","logon_type":null,"change_ticket":"","result":"success","channel":"Security","provider":"Microsoft-Windows-Security-Auditing","logon_id":"3b1d6b7896b10a72","process_id":21330,"image_path":"C:/Program Files/ApprovedAgent/agent.exe","run_as":"","publisher":"Approved Software Team","update_state":"installed","agent_build":"2026.09.3"},{"timestamp":"2026-09-14T01:03:51.300Z","computer":"srv-109","event_id":4625,"record_id":101419,"user":"employee-299","source_ip":"10.11.2.18","target":"logon-session","logon_type":2,"change_ticket":"","result":"failure","channel":"Security","provider":"Microsoft-Windows-Security-Auditing","logon_id":"3b1d6b7896b10a72","process_id":13701,"image_path":"","run_as":"","publisher":"","update_state":"installed","agent_build":"2026.09.4"},{"timestamp":"2026-09-14T01:03:54.000Z","computer":"srv-148","event_id":4698,"record_id":101420,"user":"employee-113","source_ip":"10.11.4.17","target":"Approved-Maintenance","logon_type":null,"change_ticket":"CHG-DEPLOY-18","result":"success","channel":"Security","provider":"Microsoft-Windows-Security-Auditing","logon_id":"a4bd96a76247ea3d","process_id":19010,"image_path":"C:/Program Files/ApprovedAgent/agent.exe","run_as":"svc-agent","publisher":"Approved Software Team","update_state":"installed","agent_build":"2026.09.1"},{"timestamp":"2026-09-14T01:03:56.700Z","computer":"srv-090","event_id":4728,"record_id":101421,"user":"employee-383","source_ip":"10.11.1.19","target":"Project-Readers","logon_type":null,"change_ticket":"CHG-DEPLOY-18","result":"success","channel":"Security","provider":"Microsoft-Windows-Security-Auditing","logon_id":"a4bd96a76247ea3d","process_id":20763,"image_path":"","run_as":"","publisher":"","update_state":"installed","agent_build":"2026.09.2"},{"timestamp":"2026-09-14T01:03:59.400Z","computer":"srv-147","event_id":4697,"record_id":101422,"user":"employee-199","source_ip":"10.11.4.16","target":"ApprovedAgent","logon_type":null,"change_ticket":"CHG-DEPLOY-18","result":"success","channel":"Security","provider":"Microsoft-Windows-Security-Auditing","logon_id":"a4bd96a76247ea3d","process_id":8340,"image_path":"C:/Program Files/ApprovedAgent/agent.exe","run_as":"svc-agent","publisher":"Approved Software Team","update_state":"installed","agent_build":"2026.09.3"},{"timestamp":"2026-09-14T01:04:02.100Z","computer":"srv-101","event_id":4624,"record_id":101423,"user":"employee-208","source_ip":"10.11.2.10","target":"logon-session","logon_type":3,"change_ticket":"","result":"success","channel":"Security","provider":"Microsoft-Windows-Security-Auditing","logon_id":"a4bd96a76247ea3d","process_id":1543,"image_path":"","run_as":"","publisher":"","update_state":"installed","agent_build":"2026.09.4"},{"timestamp":"2026-09-14T01:04:04.800Z","computer":"srv-186","event_id":4624,"record_id":101424,"user":"employee-26","source_ip":"10.12.2.15","target":"logon-session","logon_type":10,"change_ticket":"","result":"success","channel":"Security","provider":"Microsoft-Windows-Security-Auditing","logon_id":"7ab85cee9ced4955","process_id":19894,"image_path":"","run_as":"","publisher":"","update_state":"installed","agent_build":"2026.09.1"},{"timestamp":"2026-09-14T01:04:07.500Z","computer":"srv-202","event_id":4634,"record_id":101425,"user":"employee-168","source_ip":"10.12.3.11","target":"logon-session","logon_type":2,"change_ticket":"","result":"success","channel":"Security","provider":"Microsoft-Windows-Security-Auditing","logon_id":"7ab85cee9ced4955","process_id":3075,"image_path":"","run_as":"","publisher":"","update_state":"installed","agent_build":"2026.09.2"},{"timestamp":"2026-09-14T01:04:10.200Z","computer":"srv-009","event_id":4688,"record_id":101426,"user":"employee-136","source_ip":"10.10.1.18","target":"logon-session","logon_type":null,"change_ticket":"","result":"success","channel":"Security","provider":"Microsoft-Windows-Security-Auditing","logon_id":"7ab85cee9ced4955","process_id":3016,"image_path":"C:/Program Files/ApprovedAgent/agent.exe","run_as":"","publisher":"Approved Software Team","update_state":"restart-pending","agent_build":"2026.09.3"},{"timestamp":"2026-09-14T01:04:12.900Z","computer":"srv-004","event_id":4625,"record_id":101427,"user":"employee-249","source_ip":"10.10.1.13","target":"logon-session","logon_type":10,"change_ticket":"","result":"failure","channel":"Security","provider":"Microsoft-Windows-Security-Auditing","logon_id":"7ab85cee9ced4955","process_id":19239,"image_path":"","run_as":"","publisher":"","update_state":"installed","agent_build":"2026.09.4"},{"timestamp":"2026-09-14T01:04:15.600Z","computer":"srv-088","event_id":4698,"record_id":101428,"user":"employee-85","source_ip":"10.11.1.17","target":"Approved-Maintenance","logon_type":null,"change_ticket":"CHG-DEPLOY-18","result":"success","channel":"Security","provider":"Microsoft-Windows-Security-Auditing","logon_id":"b02926c8dbedede9","process_id":3672,"image_path":"C:/Program Files/ApprovedAgent/agent.exe","run_as":"svc-agent","publisher":"Approved Software Team","update_state":"installed","agent_build":"2026.09.1"},{"timestamp":"2026-09-14T01:04:18.300Z","computer":"srv-143","event_id":4728,"record_id":101429,"user":"employee-306","source_ip":"10.11.4.12","target":"Project-Readers","logon_type":null,"change_ticket":"CHG-DEPLOY-18","result":"success","channel":"Security","provider":"Microsoft-Windows-Security-Auditing","logon_id":"b02926c8dbedede9","process_id":10834,"image_path":"","run_as":"","publisher":"","update_state":"installed","agent_build":"2026.09.2"},{"timestamp":"2026-09-14T01:04:21.000Z","computer":"srv-065","event_id":4697,"record_id":101430,"user":"deployment-admin","source_ip":"10.10.4.14","target":"ApprovedAgent","logon_type":null,"change_ticket":"CHG-DEPLOY-18","result":"success","channel":"Security","provider":"Microsoft-Windows-Security-Auditing","logon_id":"b02926c8dbedede9","process_id":8678,"image_path":"C:/Program Files/ApprovedAgent/agent.exe","run_as":"svc-agent","publisher":"Approved Software Team","update_state":"installed","agent_build":"2026.09.3"},{"timestamp":"2026-09-14T01:04:23.700Z","computer":"srv-206","event_id":4624,"record_id":101431,"user":"employee-388","source_ip":"10.12.3.15","target":"logon-session","logon_type":2,"change_ticket":"","result":"success","channel":"Security","provider":"Microsoft-Windows-Security-Auditing","logon_id":"b02926c8dbedede9","process_id":20894,"image_path":"","run_as":"","publisher":"","update_state":"installed","agent_build":"2026.09.4"},{"timestamp":"2026-09-14T01:04:26.400Z","computer":"srv-237","event_id":4624,"record_id":101432,"user":"employee-209","source_ip":"10.12.4.26","target":"logon-session","logon_type":3,"change_ticket":"","result":"success","channel":"Security","provider":"Microsoft-Windows-Security-Auditing","logon_id":"e8550d0e8a496abc","process_id":16729,"image_path":"","run_as":"","publisher":"","update_state":"installed","agent_build":"2026.09.1"},{"timestamp":"2026-09-14T01:04:29.100Z","computer":"srv-164","event_id":4634,"record_id":101433,"user":"employee-160","source_ip":"10.12.1.13","target":"logon-session","logon_type":10,"change_ticket":"","result":"success","channel":"Security","provider":"Microsoft-Windows-Security-Auditing","logon_id":"e8550d0e8a496abc","process_id":16023,"image_path":"","run_as":"","publisher":"","update_state":"installed","agent_build":"2026.09.2"},{"timestamp":"2026-09-14T01:04:31.800Z","computer":"srv-017","event_id":4688,"record_id":101434,"user":"employee-24","source_ip":"10.10.1.26","target":"logon-session","logon_type":null,"change_ticket":"","result":"success","channel":"Security","provider":"Microsoft-Windows-Security-Auditing","logon_id":"e8550d0e8a496abc","process_id":10240,"image_path":"C:/Program Files/ApprovedAgent/agent.exe","run_as":"","publisher":"Approved Software Team","update_state":"installed","agent_build":"2026.09.3"},{"timestamp":"2026-09-14T01:04:34.500Z","computer":"srv-007","event_id":4625,"record_id":101435,"user":"employee-24","source_ip":"10.10.1.16","target":"logon-session","logon_type":3,"change_ticket":"","result":"failure","channel":"Security","provider":"Microsoft-Windows-Security-Auditing","logon_id":"e8550d0e8a496abc","process_id":20856,"image_path":"","run_as":"","publisher":"","update_state":"installed","agent_build":"2026.09.4"},{"timestamp":"2026-09-14T01:04:37.200Z","computer":"srv-076","event_id":4698,"record_id":101436,"user":"employee-222","source_ip":"10.10.4.25","target":"Approved-Maintenance","logon_type":null,"change_ticket":"CHG-DEPLOY-18","result":"success","channel":"Security","provider":"Microsoft-Windows-Security-Auditing","logon_id":"413c3448f7f7672b","process_id":8223,"image_path":"C:/Program Files/ApprovedAgent/agent.exe","run_as":"svc-agent","publisher":"Approved Software Team","update_state":"installed","agent_build":"2026.09.1"},{"timestamp":"2026-09-14T01:04:39.900Z","computer":"srv-023","event_id":4728,"record_id":101437,"user":"employee-118","source_ip":"10.10.2.12","target":"Project-Readers","logon_type":null,"change_ticket":"CHG-DEPLOY-18","result":"success","channel":"Security","provider":"Microsoft-Windows-Security-Auditing","logon_id":"413c3448f7f7672b","process_id":5314,"image_path":"","run_as":"","publisher":"","update_state":"installed","agent_build":"2026.09.2"},{"timestamp":"2026-09-14T01:04:42.600Z","computer":"srv-030","event_id":4697,"record_id":101438,"user":"employee-2","source_ip":"10.10.2.19","target":"ApprovedAgent","logon_type":null,"change_ticket":"CHG-DEPLOY-18","result":"success","channel":"Security","provider":"Microsoft-Windows-Security-Auditing","logon_id":"413c3448f7f7672b","process_id":25300,"image_path":"C:/Program Files/ApprovedAgent/agent.exe","run_as":"svc-agent","publisher":"Approved Software Team","update_state":"installed","agent_build":"2026.09.3"},{"timestamp":"2026-09-14T01:04:45.300Z","computer":"srv-103","event_id":4624,"record_id":101439,"user":"employee-467","source_ip":"10.11.2.12","target":"logon-session","logon_type":10,"change_ticket":"","result":"success","channel":"Security","provider":"Microsoft-Windows-Security-Auditing","logon_id":"413c3448f7f7672b","process_id":16604,"image_path":"","run_as":"","publisher":"","update_state":"installed","agent_build":"2026.09.4"},{"timestamp":"2026-09-14T01:04:48.000Z","computer":"srv-030","event_id":4624,"record_id":101440,"user":"employee-376","source_ip":"10.10.2.19","target":"logon-session","logon_type":2,"change_ticket":"","result":"success","channel":"Security","provider":"Microsoft-Windows-Security-Auditing","logon_id":"12610188c3db124c","process_id":13588,"image_path":"","run_as":"","publisher":"","update_state":"installed","agent_build":"2026.09.1"},{"timestamp":"2026-09-14T01:04:50.700Z","computer":"srv-013","event_id":4634,"record_id":101441,"user":"employee-301","source_ip":"10.10.1.22","target":"logon-session","logon_type":3,"change_ticket":"","result":"success","channel":"Security","provider":"Microsoft-Windows-Security-Auditing","logon_id":"12610188c3db124c","process_id":16126,"image_path":"","run_as":"","publisher":"","update_state":"installed","agent_build":"2026.09.2"},{"timestamp":"2026-09-14T01:04:53.400Z","computer":"srv-233","event_id":4688,"record_id":101442,"user":"employee-341","source_ip":"10.12.4.22","target":"logon-session","logon_type":null,"change_ticket":"","result":"success","channel":"Security","provider":"Microsoft-Windows-Security-Auditing","logon_id":"12610188c3db124c","process_id":11295,"image_path":"C:/Program Files/ApprovedAgent/agent.exe","run_as":"","publisher":"Approved Software Team","update_state":"installed","agent_build":"2026.09.3"},{"timestamp":"2026-09-14T01:04:56.100Z","computer":"srv-240","event_id":4625,"record_id":101443,"user":"deployment-admin","source_ip":"10.12.4.29","target":"logon-session","logon_type":2,"change_ticket":"","result":"failure","channel":"Security","provider":"Microsoft-Windows-Security-Auditing","logon_id":"12610188c3db124c","process_id":19931,"image_path":"","run_as":"","publisher":"","update_state":"installed","agent_build":"2026.09.4"},{"timestamp":"2026-09-14T01:04:58.800Z","computer":"srv-065","event_id":4698,"record_id":101444,"user":"employee-276","source_ip":"10.10.4.14","target":"Approved-Maintenance","logon_type":null,"change_ticket":"CHG-DEPLOY-18","result":"success","channel":"Security","provider":"Microsoft-Windows-Security-Auditing","logon_id":"afa353f47e8b356e","process_id":22189,"image_path":"C:/Program Files/ApprovedAgent/agent.exe","run_as":"svc-agent","publisher":"Approved Software Team","update_state":"installed","agent_build":"2026.09.1"},{"timestamp":"2026-09-14T01:05:01.500Z","computer":"srv-170","event_id":4728,"record_id":101445,"user":"employee-182","source_ip":"10.12.1.19","target":"Project-Readers","logon_type":null,"change_ticket":"CHG-DEPLOY-18","result":"success","channel":"Security","provider":"Microsoft-Windows-Security-Auditing","logon_id":"afa353f47e8b356e","process_id":11582,"image_path":"","run_as":"","publisher":"","update_state":"installed","agent_build":"2026.09.2"},{"timestamp":"2026-09-14T01:05:04.200Z","computer":"srv-015","event_id":4697,"record_id":101446,"user":"employee-116","source_ip":"10.10.1.24","target":"ApprovedAgent","logon_type":null,"change_ticket":"CHG-DEPLOY-18","result":"success","channel":"Security","provider":"Microsoft-Windows-Security-Auditing","logon_id":"afa353f47e8b356e","process_id":18604,"image_path":"C:/Program Files/ApprovedAgent/agent.exe","run_as":"svc-agent","publisher":"Approved Software Team","update_state":"installed","agent_build":"2026.09.3"},{"timestamp":"2026-09-14T01:05:06.900Z","computer":"srv-035","event_id":4624,"record_id":101447,"user":"employee-106","source_ip":"10.10.2.24","target":"logon-session","logon_type":3,"change_ticket":"","result":"success","channel":"Security","provider":"Microsoft-Windows-Security-Auditing","logon_id":"afa353f47e8b356e","process_id":18738,"image_path":"","run_as":"","publisher":"","update_state":"installed","agent_build":"2026.09.4"},{"timestamp":"2026-09-14T01:05:09.600Z","computer":"srv-124","event_id":4624,"record_id":101448,"user":"employee-455","source_ip":"10.11.3.13","target":"logon-session","logon_type":10,"change_ticket":"","result":"success","channel":"Security","provider":"Microsoft-Windows-Security-Auditing","logon_id":"8080b864e0ba1f50","process_id":6845,"image_path":"","run_as":"","publisher":"","update_state":"installed","agent_build":"2026.09.1"},{"timestamp":"2026-09-14T01:05:12.300Z","computer":"srv-047","event_id":4634,"record_id":101449,"user":"employee-427","source_ip":"10.10.3.16","target":"logon-session","logon_type":2,"change_ticket":"","result":"success","channel":"Security","provider":"Microsoft-Windows-Security-Auditing","logon_id":"8080b864e0ba1f50","process_id":22372,"image_path":"","run_as":"","publisher":"","update_state":"installed","agent_build":"2026.09.2"},{"timestamp":"2026-09-14T01:05:15.000Z","computer":"srv-055","event_id":4688,"record_id":101450,"user":"employee-95","source_ip":"10.10.3.24","target":"logon-session","logon_type":null,"change_ticket":"","result":"success","channel":"Security","provider":"Microsoft-Windows-Security-Auditing","logon_id":"8080b864e0ba1f50","process_id":19260,"image_path":"C:/Program Files/ApprovedAgent/agent.exe","run_as":"","publisher":"Approved Software Team","update_state":"installed","agent_build":"2026.09.3"},{"timestamp":"2026-09-14T01:05:17.700Z","computer":"srv-165","event_id":4625,"record_id":101451,"user":"employee-470","source_ip":"10.12.1.14","target":"logon-session","logon_type":10,"change_ticket":"","result":"failure","channel":"Security","provider":"Microsoft-Windows-Security-Auditing","logon_id":"8080b864e0ba1f50","process_id":11765,"image_path":"","run_as":"","publisher":"","update_state":"installed","agent_build":"2026.09.4"},{"timestamp":"2026-09-14T01:05:20.400Z","computer":"srv-090","event_id":4698,"record_id":101452,"user":"employee-215","source_ip":"10.11.1.19","target":"Approved-Maintenance","logon_type":null,"change_ticket":"CHG-DEPLOY-18","result":"success","channel":"Security","provider":"Microsoft-Windows-Security-Auditing","logon_id":"284d569e9a4efaf9","process_id":25565,"image_path":"C:/Program Files/ApprovedAgent/agent.exe","run_as":"svc-agent","publisher":"Approved Software Team","update_state":"installed","agent_build":"2026.09.1"},{"timestamp":"2026-09-14T01:05:23.100Z","computer":"srv-210","event_id":4728,"record_id":101453,"user":"employee-256","source_ip":"10.12.3.19","target":"Project-Readers","logon_type":null,"change_ticket":"CHG-DEPLOY-18","result":"success","channel":"Security","provider":"Microsoft-Windows-Security-Auditing","logon_id":"284d569e9a4efaf9","process_id":11586,"image_path":"","run_as":"","publisher":"","update_state":"installed","agent_build":"2026.09.2"},{"timestamp":"2026-09-14T01:05:25.800Z","computer":"srv-237","event_id":4697,"record_id":101454,"user":"employee-385","source_ip":"10.12.4.26","target":"ApprovedAgent","logon_type":null,"change_ticket":"CHG-DEPLOY-18","result":"success","channel":"Security","provider":"Microsoft-Windows-Security-Auditing","logon_id":"284d569e9a4efaf9","process_id":13219,"image_path":"C:/Program Files/ApprovedAgent/agent.exe","run_as":"svc-agent","publisher":"Approved Software Team","update_state":"installed","agent_build":"2026.09.3"},{"timestamp":"2026-09-14T01:05:28.500Z","computer":"srv-209","event_id":4624,"record_id":101455,"user":"employee-428","source_ip":"10.12.3.18","target":"logon-session","logon_type":2,"change_ticket":"","result":"success","channel":"Security","provider":"Microsoft-Windows-Security-Auditing","logon_id":"284d569e9a4efaf9","process_id":10083,"image_path":"","run_as":"","publisher":"","update_state":"installed","agent_build":"2026.09.4"},{"timestamp":"2026-09-14T01:05:31.200Z","computer":"srv-154","event_id":4624,"record_id":101456,"user":"deployment-admin","source_ip":"10.11.4.23","target":"logon-session","logon_type":3,"change_ticket":"","result":"success","channel":"Security","provider":"Microsoft-Windows-Security-Auditing","logon_id":"d4cb7ae95530ff01","process_id":10321,"image_path":"","run_as":"","publisher":"","update_state":"installed","agent_build":"2026.09.1"},{"timestamp":"2026-09-14T01:05:33.900Z","computer":"srv-214","event_id":4634,"record_id":101457,"user":"employee-411","source_ip":"10.12.3.23","target":"logon-session","logon_type":10,"change_ticket":"","result":"success","channel":"Security","provider":"Microsoft-Windows-Security-Auditing","logon_id":"d4cb7ae95530ff01","process_id":25114,"image_path":"","run_as":"","publisher":"","update_state":"restart-pending","agent_build":"2026.09.2"},{"timestamp":"2026-09-14T01:05:36.600Z","computer":"srv-172","event_id":4688,"record_id":101458,"user":"employee-283","source_ip":"10.12.1.21","target":"logon-session","logon_type":null,"change_ticket":"","result":"success","channel":"Security","provider":"Microsoft-Windows-Security-Auditing","logon_id":"d4cb7ae95530ff01","process_id":17563,"image_path":"C:/Program Files/ApprovedAgent/agent.exe","run_as":"","publisher":"Approved Software Team","update_state":"installed","agent_build":"2026.09.3"},{"timestamp":"2026-09-14T01:05:39.300Z","computer":"srv-201","event_id":4625,"record_id":101459,"user":"employee-296","source_ip":"10.12.3.10","target":"logon-session","logon_type":3,"change_ticket":"","result":"failure","channel":"Security","provider":"Microsoft-Windows-Security-Auditing","logon_id":"d4cb7ae95530ff01","process_id":20258,"image_path":"","run_as":"","publisher":"","update_state":"installed","agent_build":"2026.09.4"},{"timestamp":"2026-09-14T01:05:42.000Z","computer":"srv-128","event_id":4698,"record_id":101460,"user":"employee-326","source_ip":"10.11.3.17","target":"Approved-Maintenance","logon_type":null,"change_ticket":"CHG-DEPLOY-18","result":"success","channel":"Security","provider":"Microsoft-Windows-Security-Auditing","logon_id":"a2bbbf4e4d8d1399","process_id":1634,"image_path":"C:/Program Files/ApprovedAgent/agent.exe","run_as":"svc-agent","publisher":"Approved Software Team","update_state":"installed","agent_build":"2026.09.1"},{"timestamp":"2026-09-14T01:05:44.700Z","computer":"srv-058","event_id":4728,"record_id":101461,"user":"employee-202","source_ip":"10.10.3.27","target":"Project-Readers","logon_type":null,"change_ticket":"CHG-DEPLOY-18","result":"success","channel":"Security","provider":"Microsoft-Windows-Security-Auditing","logon_id":"a2bbbf4e4d8d1399","process_id":19372,"image_path":"","run_as":"","publisher":"","update_state":"installed","agent_build":"2026.09.2"},{"timestamp":"2026-09-14T01:05:47.400Z","computer":"srv-160","event_id":4697,"record_id":101462,"user":"employee-401","source_ip":"10.11.4.29","target":"ApprovedAgent","logon_type":null,"change_ticket":"CHG-DEPLOY-18","result":"success","channel":"Security","provider":"Microsoft-Windows-Security-Auditing","logon_id":"a2bbbf4e4d8d1399","process_id":5384,"image_path":"C:/Program Files/ApprovedAgent/agent.exe","run_as":"svc-agent","publisher":"Approved Software Team","update_state":"installed","agent_build":"2026.09.3"},{"timestamp":"2026-09-14T01:05:50.100Z","computer":"srv-016","event_id":4624,"record_id":101463,"user":"employee-26","source_ip":"10.10.1.25","target":"logon-session","logon_type":10,"change_ticket":"","result":"success","channel":"Security","provider":"Microsoft-Windows-Security-Auditing","logon_id":"a2bbbf4e4d8d1399","process_id":3989,"image_path":"","run_as":"","publisher":"","update_state":"installed","agent_build":"2026.09.4"},{"timestamp":"2026-09-14T01:05:52.800Z","computer":"srv-055","event_id":4624,"record_id":101464,"user":"employee-42","source_ip":"10.10.3.24","target":"logon-session","logon_type":2,"change_ticket":"","result":"success","channel":"Security","provider":"Microsoft-Windows-Security-Auditing","logon_id":"c675e14c9e7400d9","process_id":25204,"image_path":"","run_as":"","publisher":"","update_state":"installed","agent_build":"2026.09.1"},{"timestamp":"2026-09-14T01:05:55.500Z","computer":"srv-105","event_id":4634,"record_id":101465,"user":"employee-86","source_ip":"10.11.2.14","target":"logon-session","logon_type":3,"change_ticket":"","result":"success","channel":"Security","provider":"Microsoft-Windows-Security-Auditing","logon_id":"c675e14c9e7400d9","process_id":16385,"image_path":"","run_as":"","publisher":"","update_state":"installed","agent_build":"2026.09.2"},{"timestamp":"2026-09-14T01:05:58.200Z","computer":"srv-026","event_id":4688,"record_id":101466,"user":"employee-48","source_ip":"10.10.2.15","target":"logon-session","logon_type":null,"change_ticket":"","result":"success","channel":"Security","provider":"Microsoft-Windows-Security-Auditing","logon_id":"c675e14c9e7400d9","process_id":8199,"image_path":"C:/Program Files/ApprovedAgent/agent.exe","run_as":"","publisher":"Approved Software Team","update_state":"installed","agent_build":"2026.09.3"},{"timestamp":"2026-09-14T01:06:00.900Z","computer":"srv-086","event_id":4625,"record_id":101467,"user":"employee-255","source_ip":"10.11.1.15","target":"logon-session","logon_type":2,"change_ticket":"","result":"failure","channel":"Security","provider":"Microsoft-Windows-Security-Auditing","logon_id":"c675e14c9e7400d9","process_id":23148,"image_path":"","run_as":"","publisher":"","update_state":"installed","agent_build":"2026.09.4"},{"timestamp":"2026-09-14T01:06:03.600Z","computer":"srv-212","event_id":4698,"record_id":101468,"user":"employee-14","source_ip":"10.12.3.21","target":"Approved-Maintenance","logon_type":null,"change_ticket":"CHG-DEPLOY-18","result":"success","channel":"Security","provider":"Microsoft-Windows-Security-Auditing","logon_id":"98197b802d0a9ae4","process_id":9068,"image_path":"C:/Program Files/ApprovedAgent/agent.exe","run_as":"svc-agent","publisher":"Approved Software Team","update_state":"installed","agent_build":"2026.09.1"},{"timestamp":"2026-09-14T01:06:06.300Z","computer":"srv-223","event_id":4728,"record_id":101469,"user":"deployment-admin","source_ip":"10.12.4.12","target":"Project-Readers","logon_type":null,"change_ticket":"CHG-DEPLOY-18","result":"success","channel":"Security","provider":"Microsoft-Windows-Security-Auditing","logon_id":"98197b802d0a9ae4","process_id":10472,"image_path":"","run_as":"","publisher":"","update_state":"installed","agent_build":"2026.09.2"},{"timestamp":"2026-09-14T01:06:09.000Z","computer":"srv-021","event_id":4697,"record_id":101470,"user":"employee-468","source_ip":"10.10.2.10","target":"ApprovedAgent","logon_type":null,"change_ticket":"CHG-DEPLOY-18","result":"success","channel":"Security","provider":"Microsoft-Windows-Security-Auditing","logon_id":"98197b802d0a9ae4","process_id":21622,"image_path":"C:/Program Files/ApprovedAgent/agent.exe","run_as":"svc-agent","publisher":"Approved Software Team","update_state":"installed","agent_build":"2026.09.3"},{"timestamp":"2026-09-14T01:06:11.700Z","computer":"srv-087","event_id":4624,"record_id":101471,"user":"employee-332","source_ip":"10.11.1.16","target":"logon-session","logon_type":3,"change_ticket":"","result":"success","channel":"Security","provider":"Microsoft-Windows-Security-Auditing","logon_id":"98197b802d0a9ae4","process_id":7404,"image_path":"","run_as":"","publisher":"","update_state":"installed","agent_build":"2026.09.4"},{"timestamp":"2026-09-14T01:06:14.400Z","computer":"srv-124","event_id":4624,"record_id":101472,"user":"employee-383","source_ip":"10.11.3.13","target":"logon-session","logon_type":10,"change_ticket":"","result":"success","channel":"Security","provider":"Microsoft-Windows-Security-Auditing","logon_id":"8af057de619b3584","process_id":24165,"image_path":"","run_as":"","publisher":"","update_state":"installed","agent_build":"2026.09.1"},{"timestamp":"2026-09-14T01:06:17.100Z","computer":"srv-108","event_id":4634,"record_id":101473,"user":"employee-252","source_ip":"10.11.2.17","target":"logon-session","logon_type":2,"change_ticket":"","result":"success","channel":"Security","provider":"Microsoft-Windows-Security-Auditing","logon_id":"8af057de619b3584","process_id":21868,"image_path":"","run_as":"","publisher":"","update_state":"installed","agent_build":"2026.09.2"},{"timestamp":"2026-09-14T01:06:19.800Z","computer":"srv-189","event_id":4688,"record_id":101474,"user":"employee-3","source_ip":"10.12.2.18","target":"logon-session","logon_type":null,"change_ticket":"","result":"success","channel":"Security","provider":"Microsoft-Windows-Security-Auditing","logon_id":"8af057de619b3584","process_id":16413,"image_path":"C:/Program Files/ApprovedAgent/agent.exe","run_as":"","publisher":"Approved Software Team","update_state":"installed","agent_build":"2026.09.3"},{"timestamp":"2026-09-14T01:06:22.500Z","computer":"srv-037","event_id":4625,"record_id":101475,"user":"employee-227","source_ip":"10.10.2.26","target":"logon-session","logon_type":10,"change_ticket":"","result":"failure","channel":"Security","provider":"Microsoft-Windows-Security-Auditing","logon_id":"8af057de619b3584","process_id":1591,"image_path":"","run_as":"","publisher":"","update_state":"no-report","agent_build":"2026.09.4"},{"timestamp":"2026-09-14T01:06:25.200Z","computer":"srv-206","event_id":4698,"record_id":101476,"user":"employee-429","source_ip":"10.12.3.15","target":"Approved-Maintenance","logon_type":null,"change_ticket":"CHG-DEPLOY-18","result":"success","channel":"Security","provider":"Microsoft-Windows-Security-Auditing","logon_id":"c62daf1b04b92639","process_id":24254,"image_path":"C:/Program Files/ApprovedAgent/agent.exe","run_as":"svc-agent","publisher":"Approved Software Team","update_state":"installed","agent_build":"2026.09.1"},{"timestamp":"2026-09-14T01:06:27.900Z","computer":"srv-130","event_id":4728,"record_id":101477,"user":"employee-219","source_ip":"10.11.3.19","target":"Project-Readers","logon_type":null,"change_ticket":"CHG-DEPLOY-18","result":"success","channel":"Security","provider":"Microsoft-Windows-Security-Auditing","logon_id":"c62daf1b04b92639","process_id":4349,"image_path":"","run_as":"","publisher":"","update_state":"installed","agent_build":"2026.09.2"},{"timestamp":"2026-09-14T01:06:30.600Z","computer":"srv-192","event_id":4697,"record_id":101478,"user":"employee-40","source_ip":"10.12.2.21","target":"ApprovedAgent","logon_type":null,"change_ticket":"CHG-DEPLOY-18","result":"success","channel":"Security","provider":"Microsoft-Windows-Security-Auditing","logon_id":"c62daf1b04b92639","process_id":23987,"image_path":"C:/Program Files/ApprovedAgent/agent.exe","run_as":"svc-agent","publisher":"Approved Software Team","update_state":"installed","agent_build":"2026.09.3"},{"timestamp":"2026-09-14T01:06:33.300Z","computer":"srv-231","event_id":4624,"record_id":101479,"user":"employee-327","source_ip":"10.12.4.20","target":"logon-session","logon_type":2,"change_ticket":"","result":"success","channel":"Security","provider":"Microsoft-Windows-Security-Auditing","logon_id":"c62daf1b04b92639","process_id":19728,"image_path":"","run_as":"","publisher":"","update_state":"installed","agent_build":"2026.09.4"},{"timestamp":"2026-09-14T01:06:36.000Z","computer":"srv-166","event_id":4624,"record_id":101480,"user":"employee-333","source_ip":"10.12.1.15","target":"logon-session","logon_type":3,"change_ticket":"","result":"success","channel":"Security","provider":"Microsoft-Windows-Security-Auditing","logon_id":"80e4208f3070b32d","process_id":6404,"image_path":"","run_as":"","publisher":"","update_state":"installed","agent_build":"2026.09.1"},{"timestamp":"2026-09-14T01:06:38.700Z","computer":"srv-213","event_id":4634,"record_id":101481,"user":"employee-175","source_ip":"10.12.3.22","target":"logon-session","logon_type":10,"change_ticket":"","result":"success","channel":"Security","provider":"Microsoft-Windows-Security-Auditing","logon_id":"80e4208f3070b32d","process_id":6036,"image_path":"","run_as":"","publisher":"","update_state":"installed","agent_build":"2026.09.2"},{"timestamp":"2026-09-14T01:06:41.400Z","computer":"srv-102","event_id":4688,"record_id":101482,"user":"deployment-admin","source_ip":"10.11.2.11","target":"logon-session","logon_type":null,"change_ticket":"","result":"success","channel":"Security","provider":"Microsoft-Windows-Security-Auditing","logon_id":"80e4208f3070b32d","process_id":23811,"image_path":"C:/Program Files/ApprovedAgent/agent.exe","run_as":"","publisher":"Approved Software Team","update_state":"installed","agent_build":"2026.09.3"},{"timestamp":"2026-09-14T01:06:44.100Z","computer":"srv-005","event_id":4625,"record_id":101483,"user":"employee-127","source_ip":"10.10.1.14","target":"logon-session","logon_type":3,"change_ticket":"","result":"failure","channel":"Security","provider":"Microsoft-Windows-Security-Auditing","logon_id":"80e4208f3070b32d","process_id":8004,"image_path":"","run_as":"","publisher":"","update_state":"installed","agent_build":"2026.09.4"},