{"timestamp":"2026-09-14T02:13:33.600Z","computer":"srv-225","event_id":4624,"record_id":102968,"user":"employee-249","source_ip":"10.12.4.14","target":"logon-session","logon_type":3,"change_ticket":"","result":"success","channel":"Security","provider":"Microsoft-Windows-Security-Auditing","logon_id":"d5b9ed2c633ab3ad","process_id":25819,"image_path":"","run_as":"","publisher":"","update_state":"installed","agent_build":"2026.09.1"},{"timestamp":"2026-09-14T02:13:36.300Z","computer":"srv-232","event_id":4634,"record_id":102969,"user":"employee-282","source_ip":"10.12.4.21","target":"logon-session","logon_type":10,"change_ticket":"","result":"success","channel":"Security","provider":"Microsoft-Windows-Security-Auditing","logon_id":"d5b9ed2c633ab3ad","process_id":9639,"image_path":"","run_as":"","publisher":"","update_state":"installed","agent_build":"2026.09.2"},{"timestamp":"2026-09-14T02:13:39.000Z","computer":"srv-126","event_id":4688,"record_id":102970,"user":"employee-362","source_ip":"10.11.3.15","target":"logon-session","logon_type":null,"change_ticket":"","result":"success","channel":"Security","provider":"Microsoft-Windows-Security-Auditing","logon_id":"d5b9ed2c633ab3ad","process_id":6734,"image_path":"C:/Program Files/ApprovedAgent/agent.exe","run_as":"","publisher":"Approved Software Team","update_state":"installed","agent_build":"2026.09.3"},{"timestamp":"2026-09-14T02:13:41.700Z","computer":"srv-033","event_id":4625,"record_id":102971,"user":"employee-348","source_ip":"10.10.2.22","target":"logon-session","logon_type":3,"change_ticket":"","result":"failure","channel":"Security","provider":"Microsoft-Windows-Security-Auditing","logon_id":"d5b9ed2c633ab3ad","process_id":18987,"image_path":"","run_as":"","publisher":"","update_state":"installed","agent_build":"2026.09.4"},{"timestamp":"2026-09-14T02:13:44.400Z","computer":"srv-161","event_id":4698,"record_id":102972,"user":"employee-310","source_ip":"10.12.1.10","target":"Approved-Maintenance","logon_type":null,"change_ticket":"CHG-DEPLOY-18","result":"success","channel":"Security","provider":"Microsoft-Windows-Security-Auditing","logon_id":"bc96f867bb4caa57","process_id":9391,"image_path":"C:/Program Files/ApprovedAgent/agent.exe","run_as":"svc-agent","publisher":"Approved Software Team","update_state":"installed","agent_build":"2026.09.1"},{"timestamp":"2026-09-14T02:13:47.100Z","computer":"srv-182","event_id":4728,"record_id":102973,"user":"employee-181","source_ip":"10.12.2.11","target":"Project-Readers","logon_type":null,"change_ticket":"CHG-DEPLOY-18","result":"success","channel":"Security","provider":"Microsoft-Windows-Security-Auditing","logon_id":"bc96f867bb4caa57","process_id":10230,"image_path":"","run_as":"","publisher":"","update_state":"installed","agent_build":"2026.09.2"},{"timestamp":"2026-09-14T02:13:49.800Z","computer":"srv-156","event_id":4697,"record_id":102974,"user":"employee-125","source_ip":"10.11.4.25","target":"ApprovedAgent","logon_type":null,"change_ticket":"CHG-DEPLOY-18","result":"success","channel":"Security","provider":"Microsoft-Windows-Security-Auditing","logon_id":"bc96f867bb4caa57","process_id":13135,"image_path":"C:/Program Files/ApprovedAgent/agent.exe","run_as":"svc-agent","publisher":"Approved Software Team","update_state":"installed","agent_build":"2026.09.3"},{"timestamp":"2026-09-14T02:13:52.500Z","computer":"srv-135","event_id":4624,"record_id":102975,"user":"employee-372","source_ip":"10.11.3.24","target":"logon-session","logon_type":10,"change_ticket":"","result":"success","channel":"Security","provider":"Microsoft-Windows-Security-Auditing","logon_id":"bc96f867bb4caa57","process_id":15332,"image_path":"","run_as":"","publisher":"","update_state":"installed","agent_build":"2026.09.4"},{"timestamp":"2026-09-14T02:13:55.200Z","computer":"srv-074","event_id":4624,"record_id":102976,"user":"employee-14","source_ip":"10.10.4.23","target":"logon-session","logon_type":2,"change_ticket":"","result":"success","channel":"Security","provider":"Microsoft-Windows-Security-Auditing","logon_id":"c1e8269d00b1dbea","process_id":2508,"image_path":"","run_as":"","publisher":"","update_state":"restart-pending","agent_build":"2026.09.1"},{"timestamp":"2026-09-14T02:13:57.900Z","computer":"srv-131","event_id":4634,"record_id":102977,"user":"deployment-admin","source_ip":"10.11.3.20","target":"logon-session","logon_type":3,"change_ticket":"","result":"success","channel":"Security","provider":"Microsoft-Windows-Security-Auditing","logon_id":"c1e8269d00b1dbea","process_id":2538,"image_path":"","run_as":"","publisher":"","update_state":"installed","agent_build":"2026.09.2"},{"timestamp":"2026-09-14T02:14:00.600Z","computer":"srv-061","event_id":4688,"record_id":102978,"user":"employee-461","source_ip":"10.10.4.10","target":"logon-session","logon_type":null,"change_ticket":"","result":"success","channel":"Security","provider":"Microsoft-Windows-Security-Auditing","logon_id":"c1e8269d00b1dbea","process_id":18423,"image_path":"C:/Program Files/ApprovedAgent/agent.exe","run_as":"","publisher":"Approved Software Team","update_state":"installed","agent_build":"2026.09.3"},{"timestamp":"2026-09-14T02:14:03.300Z","computer":"srv-088","event_id":4625,"record_id":102979,"user":"employee-287","source_ip":"10.11.1.17","target":"logon-session","logon_type":2,"change_ticket":"","result":"failure","channel":"Security","provider":"Microsoft-Windows-Security-Auditing","logon_id":"c1e8269d00b1dbea","process_id":2566,"image_path":"","run_as":"","publisher":"","update_state":"installed","agent_build":"2026.09.4"},{"timestamp":"2026-09-14T02:14:06.000Z","computer":"srv-198","event_id":4698,"record_id":102980,"user":"employee-30","source_ip":"10.12.2.27","target":"Approved-Maintenance","logon_type":null,"change_ticket":"CHG-DEPLOY-18","result":"success","channel":"Security","provider":"Microsoft-Windows-Security-Auditing","logon_id":"185233279416759c","process_id":3847,"image_path":"C:/Program Files/ApprovedAgent/agent.exe","run_as":"svc-agent","publisher":"Approved Software Team","update_state":"installed","agent_build":"2026.09.1"},{"timestamp":"2026-09-14T02:14:08.700Z","computer":"srv-072","event_id":4728,"record_id":102981,"user":"employee-374","source_ip":"10.10.4.21","target":"Project-Readers","logon_type":null,"change_ticket":"CHG-DEPLOY-18","result":"success","channel":"Security","provider":"Microsoft-Windows-Security-Auditing","logon_id":"185233279416759c","process_id":6509,"image_path":"","run_as":"","publisher":"","update_state":"installed","agent_build":"2026.09.2"},{"timestamp":"2026-09-14T02:14:11.400Z","computer":"srv-200","event_id":4697,"record_id":102982,"user":"employee-361","source_ip":"10.12.2.29","target":"ApprovedAgent","logon_type":null,"change_ticket":"CHG-DEPLOY-18","result":"success","channel":"Security","provider":"Microsoft-Windows-Security-Auditing","logon_id":"185233279416759c","process_id":18217,"image_path":"C:/Program Files/ApprovedAgent/agent.exe","run_as":"svc-agent","publisher":"Approved Software Team","update_state":"installed","agent_build":"2026.09.3"},{"timestamp":"2026-09-14T02:14:14.100Z","computer":"srv-182","event_id":4624,"record_id":102983,"user":"employee-375","source_ip":"10.12.2.11","target":"logon-session","logon_type":3,"change_ticket":"","result":"success","channel":"Security","provider":"Microsoft-Windows-Security-Auditing","logon_id":"185233279416759c","process_id":23151,"image_path":"","run_as":"","publisher":"","update_state":"installed","agent_build":"2026.09.4"},{"timestamp":"2026-09-14T02:14:16.800Z","computer":"srv-078","event_id":4624,"record_id":102984,"user":"employee-215","source_ip":"10.10.4.27","target":"logon-session","logon_type":10,"change_ticket":"","result":"success","channel":"Security","provider":"Microsoft-Windows-Security-Auditing","logon_id":"3bbf99dc4e640c27","process_id":11840,"image_path":"","run_as":"","publisher":"","update_state":"installed","agent_build":"2026.09.1"},{"timestamp":"2026-09-14T02:14:19.500Z","computer":"srv-197","event_id":4634,"record_id":102985,"user":"employee-71","source_ip":"10.12.2.26","target":"logon-session","logon_type":2,"change_ticket":"","result":"success","channel":"Security","provider":"Microsoft-Windows-Security-Auditing","logon_id":"3bbf99dc4e640c27","process_id":1339,"image_path":"","run_as":"","publisher":"","update_state":"installed","agent_build":"2026.09.2"},{"timestamp":"2026-09-14T02:14:22.200Z","computer":"srv-145","event_id":4688,"record_id":102986,"user":"employee-451","source_ip":"10.11.4.14","target":"logon-session","logon_type":null,"change_ticket":"","result":"success","channel":"Security","provider":"Microsoft-Windows-Security-Auditing","logon_id":"3bbf99dc4e640c27","process_id":3233,"image_path":"C:/Program Files/ApprovedAgent/agent.exe","run_as":"","publisher":"Approved Software Team","update_state":"installed","agent_build":"2026.09.3"},{"timestamp":"2026-09-14T02:14:24.900Z","computer":"srv-197","event_id":4625,"record_id":102987,"user":"employee-202","source_ip":"10.12.2.26","target":"logon-session","logon_type":10,"change_ticket":"","result":"failure","channel":"Security","provider":"Microsoft-Windows-Security-Auditing","logon_id":"3bbf99dc4e640c27","process_id":9588,"image_path":"","run_as":"","publisher":"","update_state":"installed","agent_build":"2026.09.4"},{"timestamp":"2026-09-14T02:14:27.600Z","computer":"srv-178","event_id":4698,"record_id":102988,"user":"employee-401","source_ip":"10.12.1.27","target":"Approved-Maintenance","logon_type":null,"change_ticket":"CHG-DEPLOY-18","result":"success","channel":"Security","provider":"Microsoft-Windows-Security-Auditing","logon_id":"a0b4c3c524dee22b","process_id":12370,"image_path":"C:/Program Files/ApprovedAgent/agent.exe","run_as":"svc-agent","publisher":"Approved Software Team","update_state":"installed","agent_build":"2026.09.1"},{"timestamp":"2026-09-14T02:14:30.300Z","computer":"srv-167","event_id":4728,"record_id":102989,"user":"employee-436","source_ip":"10.12.1.16","target":"Project-Readers","logon_type":null,"change_ticket":"CHG-DEPLOY-18","result":"success","channel":"Security","provider":"Microsoft-Windows-Security-Auditing","logon_id":"a0b4c3c524dee22b","process_id":1092,"image_path":"","run_as":"","publisher":"","update_state":"installed","agent_build":"2026.09.2"},{"timestamp":"2026-09-14T02:14:33.000Z","computer":"srv-092","event_id":4697,"record_id":102990,"user":"deployment-admin","source_ip":"10.11.1.21","target":"ApprovedAgent","logon_type":null,"change_ticket":"CHG-DEPLOY-18","result":"success","channel":"Security","provider":"Microsoft-Windows-Security-Auditing","logon_id":"a0b4c3c524dee22b","process_id":15298,"image_path":"C:/Program Files/ApprovedAgent/agent.exe","run_as":"svc-agent","publisher":"Approved Software Team","update_state":"installed","agent_build":"2026.09.3"},{"timestamp":"2026-09-14T02:14:35.700Z","computer":"srv-176","event_id":4624,"record_id":102991,"user":"employee-432","source_ip":"10.12.1.25","target":"logon-session","logon_type":2,"change_ticket":"","result":"success","channel":"Security","provider":"Microsoft-Windows-Security-Auditing","logon_id":"a0b4c3c524dee22b","process_id":24158,"image_path":"","run_as":"","publisher":"","update_state":"installed","agent_build":"2026.09.4"},{"timestamp":"2026-09-14T02:14:38.400Z","computer":"srv-054","event_id":4624,"record_id":102992,"user":"employee-464","source_ip":"10.10.3.23","target":"logon-session","logon_type":3,"change_ticket":"","result":"success","channel":"Security","provider":"Microsoft-Windows-Security-Auditing","logon_id":"cdee91e416833ab0","process_id":18999,"image_path":"","run_as":"","publisher":"","update_state":"installed","agent_build":"2026.09.1"},{"timestamp":"2026-09-14T02:14:41.100Z","computer":"srv-163","event_id":4634,"record_id":102993,"user":"employee-428","source_ip":"10.12.1.12","target":"logon-session","logon_type":10,"change_ticket":"","result":"success","channel":"Security","provider":"Microsoft-Windows-Security-Auditing","logon_id":"cdee91e416833ab0","process_id":7196,"image_path":"","run_as":"","publisher":"","update_state":"installed","agent_build":"2026.09.2"},{"timestamp":"2026-09-14T02:14:43.800Z","computer":"srv-229","event_id":4688,"record_id":102994,"user":"employee-12","source_ip":"10.12.4.18","target":"logon-session","logon_type":null,"change_ticket":"","result":"success","channel":"Security","provider":"Microsoft-Windows-Security-Auditing","logon_id":"cdee91e416833ab0","process_id":22918,"image_path":"C:/Program Files/ApprovedAgent/agent.exe","run_as":"","publisher":"Approved Software Team","update_state":"installed","agent_build":"2026.09.3"},{"timestamp":"2026-09-14T02:14:46.500Z","computer":"srv-169","event_id":4625,"record_id":102995,"user":"employee-272","source_ip":"10.12.1.18","target":"logon-session","logon_type":3,"change_ticket":"","result":"failure","channel":"Security","provider":"Microsoft-Windows-Security-Auditing","logon_id":"cdee91e416833ab0","process_id":10875,"image_path":"","run_as":"","publisher":"","update_state":"installed","agent_build":"2026.09.4"},{"timestamp":"2026-09-14T02:14:49.200Z","computer":"srv-219","event_id":4698,"record_id":102996,"user":"employee-459","source_ip":"10.12.3.28","target":"Approved-Maintenance","logon_type":null,"change_ticket":"CHG-DEPLOY-18","result":"success","channel":"Security","provider":"Microsoft-Windows-Security-Auditing","logon_id":"0bfc211f068d1bcc","process_id":14065,"image_path":"C:/Program Files/ApprovedAgent/agent.exe","run_as":"svc-agent","publisher":"Approved Software Team","update_state":"installed","agent_build":"2026.09.1"},{"timestamp":"2026-09-14T02:14:51.900Z","computer":"srv-132","event_id":4728,"record_id":102997,"user":"employee-142","source_ip":"10.11.3.21","target":"Project-Readers","logon_type":null,"change_ticket":"CHG-DEPLOY-18","result":"success","channel":"Security","provider":"Microsoft-Windows-Security-Auditing","logon_id":"0bfc211f068d1bcc","process_id":23762,"image_path":"","run_as":"","publisher":"","update_state":"installed","agent_build":"2026.09.2"},{"timestamp":"2026-09-14T02:14:54.600Z","computer":"srv-122","event_id":4697,"record_id":102998,"user":"employee-423","source_ip":"10.11.3.11","target":"ApprovedAgent","logon_type":null,"change_ticket":"CHG-DEPLOY-18","result":"success","channel":"Security","provider":"Microsoft-Windows-Security-Auditing","logon_id":"0bfc211f068d1bcc","process_id":5135,"image_path":"C:/Program Files/ApprovedAgent/agent.exe","run_as":"svc-agent","publisher":"Approved Software Team","update_state":"installed","agent_build":"2026.09.3"},{"timestamp":"2026-09-14T02:14:57.300Z","computer":"srv-219","event_id":4624,"record_id":102999,"user":"employee-27","source_ip":"10.12.3.28","target":"logon-session","logon_type":10,"change_ticket":"","result":"success","channel":"Security","provider":"Microsoft-Windows-Security-Auditing","logon_id":"0bfc211f068d1bcc","process_id":7648,"image_path":"","run_as":"","publisher":"","update_state":"installed","agent_build":"2026.09.4"},{"timestamp":"2026-09-14T02:15:00.000Z","computer":"srv-094","event_id":4624,"record_id":103000,"user":"employee-467","source_ip":"10.11.1.23","target":"logon-session","logon_type":2,"change_ticket":"","result":"success","channel":"Security","provider":"Microsoft-Windows-Security-Auditing","logon_id":"3f15da45b1d76b8c","process_id":9812,"image_path":"","run_as":"","publisher":"","update_state":"installed","agent_build":"2026.09.1"},{"timestamp":"2026-09-14T02:15:02.700Z","computer":"srv-040","event_id":4634,"record_id":103001,"user":"employee-19","source_ip":"10.10.2.29","target":"logon-session","logon_type":3,"change_ticket":"","result":"success","channel":"Security","provider":"Microsoft-Windows-Security-Auditing","logon_id":"3f15da45b1d76b8c","process_id":20284,"image_path":"","run_as":"","publisher":"","update_state":"installed","agent_build":"2026.09.2"},{"timestamp":"2026-09-14T02:15:05.400Z","computer":"srv-237","event_id":4688,"record_id":103002,"user":"employee-297","source_ip":"10.12.4.26","target":"logon-session","logon_type":null,"change_ticket":"","result":"success","channel":"Security","provider":"Microsoft-Windows-Security-Auditing","logon_id":"3f15da45b1d76b8c","process_id":13011,"image_path":"C:/Program Files/ApprovedAgent/agent.exe","run_as":"","publisher":"Approved Software Team","update_state":"installed","agent_build":"2026.09.3"},{"timestamp":"2026-09-14T02:15:08.100Z","computer":"srv-022","event_id":4625,"record_id":103003,"user":"deployment-admin","source_ip":"10.10.2.11","target":"logon-session","logon_type":2,"change_ticket":"","result":"failure","channel":"Security","provider":"Microsoft-Windows-Security-Auditing","logon_id":"3f15da45b1d76b8c","process_id":7300,"image_path":"","run_as":"","publisher":"","update_state":"installed","agent_build":"2026.09.4"},{"timestamp":"2026-09-14T02:15:10.800Z","computer":"srv-114","event_id":4698,"record_id":103004,"user":"employee-23","source_ip":"10.11.2.23","target":"Approved-Maintenance","logon_type":null,"change_ticket":"CHG-DEPLOY-18","result":"success","channel":"Security","provider":"Microsoft-Windows-Security-Auditing","logon_id":"91a85de631632cb8","process_id":6454,"image_path":"C:/Program Files/ApprovedAgent/agent.exe","run_as":"svc-agent","publisher":"Approved Software Team","update_state":"installed","agent_build":"2026.09.1"},{"timestamp":"2026-09-14T02:15:13.500Z","computer":"srv-141","event_id":4728,"record_id":103005,"user":"employee-403","source_ip":"10.11.4.10","target":"Project-Readers","logon_type":null,"change_ticket":"CHG-DEPLOY-18","result":"success","channel":"Security","provider":"Microsoft-Windows-Security-Auditing","logon_id":"91a85de631632cb8","process_id":22184,"image_path":"","run_as":"","publisher":"","update_state":"installed","agent_build":"2026.09.2"},{"timestamp":"2026-09-14T02:15:16.200Z","computer":"srv-143","event_id":4697,"record_id":103006,"user":"employee-351","source_ip":"10.11.4.12","target":"ApprovedAgent","logon_type":null,"change_ticket":"CHG-DEPLOY-18","result":"success","channel":"Security","provider":"Microsoft-Windows-Security-Auditing","logon_id":"91a85de631632cb8","process_id":4945,"image_path":"C:/Program Files/ApprovedAgent/agent.exe","run_as":"svc-agent","publisher":"Approved Software Team","update_state":"installed","agent_build":"2026.09.3"},{"timestamp":"2026-09-14T02:15:18.900Z","computer":"srv-205","event_id":4624,"record_id":103007,"user":"employee-390","source_ip":"10.12.3.14","target":"logon-session","logon_type":3,"change_ticket":"","result":"success","channel":"Security","provider":"Microsoft-Windows-Security-Auditing","logon_id":"91a85de631632cb8","process_id":24811,"image_path":"","run_as":"","publisher":"","update_state":"restart-pending","agent_build":"2026.09.4"},{"timestamp":"2026-09-14T02:15:21.600Z","computer":"srv-042","event_id":4624,"record_id":103008,"user":"employee-138","source_ip":"10.10.3.11","target":"logon-session","logon_type":10,"change_ticket":"","result":"success","channel":"Security","provider":"Microsoft-Windows-Security-Auditing","logon_id":"2971d9f2624d5263","process_id":19788,"image_path":"","run_as":"","publisher":"","update_state":"failed","agent_build":"2026.09.1"},{"timestamp":"2026-09-14T02:15:24.300Z","computer":"srv-099","event_id":4634,"record_id":103009,"user":"employee-250","source_ip":"10.11.1.28","target":"logon-session","logon_type":2,"change_ticket":"","result":"success","channel":"Security","provider":"Microsoft-Windows-Security-Auditing","logon_id":"2971d9f2624d5263","process_id":6884,"image_path":"","run_as":"","publisher":"","update_state":"no-report","agent_build":"2026.09.2"},{"timestamp":"2026-09-14T02:15:27.000Z","computer":"srv-065","event_id":4688,"record_id":103010,"user":"employee-268","source_ip":"10.10.4.14","target":"logon-session","logon_type":null,"change_ticket":"","result":"success","channel":"Security","provider":"Microsoft-Windows-Security-Auditing","logon_id":"2971d9f2624d5263","process_id":3040,"image_path":"C:/Program Files/ApprovedAgent/agent.exe","run_as":"","publisher":"Approved Software Team","update_state":"installed","agent_build":"2026.09.3"},{"timestamp":"2026-09-14T02:15:29.700Z","computer":"srv-235","event_id":4625,"record_id":103011,"user":"employee-386","source_ip":"10.12.4.24","target":"logon-session","logon_type":10,"change_ticket":"","result":"failure","channel":"Security","provider":"Microsoft-Windows-Security-Auditing","logon_id":"2971d9f2624d5263","process_id":21074,"image_path":"","run_as":"","publisher":"","update_state":"installed","agent_build":"2026.09.4"},{"timestamp":"2026-09-14T02:15:32.400Z","computer":"srv-039","event_id":4698,"record_id":103012,"user":"employee-150","source_ip":"10.10.2.28","target":"Approved-Maintenance","logon_type":null,"change_ticket":"CHG-DEPLOY-18","result":"success","channel":"Security","provider":"Microsoft-Windows-Security-Auditing","logon_id":"17d796e9a85e1f2e","process_id":2641,"image_path":"C:/Program Files/ApprovedAgent/agent.exe","run_as":"svc-agent","publisher":"Approved Software Team","update_state":"installed","agent_build":"2026.09.1"},{"timestamp":"2026-09-14T02:15:35.100Z","computer":"srv-031","event_id":4728,"record_id":103013,"user":"employee-395","source_ip":"10.10.2.20","target":"Project-Readers","logon_type":null,"change_ticket":"CHG-DEPLOY-18","result":"success","channel":"Security","provider":"Microsoft-Windows-Security-Auditing","logon_id":"17d796e9a85e1f2e","process_id":24920,"image_path":"","run_as":"","publisher":"","update_state":"installed","agent_build":"2026.09.2"},{"timestamp":"2026-09-14T02:15:37.800Z","computer":"srv-086","event_id":4697,"record_id":103014,"user":"employee-135","source_ip":"10.11.1.15","target":"ApprovedAgent","logon_type":null,"change_ticket":"CHG-DEPLOY-18","result":"success","channel":"Security","provider":"Microsoft-Windows-Security-Auditing","logon_id":"17d796e9a85e1f2e","process_id":25248,"image_path":"C:/Program Files/ApprovedAgent/agent.exe","run_as":"svc-agent","publisher":"Approved Software Team","update_state":"installed","agent_build":"2026.09.3"},{"timestamp":"2026-09-14T02:15:40.500Z","computer":"srv-167","event_id":4624,"record_id":103015,"user":"employee-156","source_ip":"10.12.1.16","target":"logon-session","logon_type":2,"change_ticket":"","result":"success","channel":"Security","provider":"Microsoft-Windows-Security-Auditing","logon_id":"17d796e9a85e1f2e","process_id":7698,"image_path":"","run_as":"","publisher":"","update_state":"installed","agent_build":"2026.09.4"},{"timestamp":"2026-09-14T02:15:43.200Z","computer":"srv-112","event_id":4624,"record_id":103016,"user":"deployment-admin","source_ip":"10.11.2.21","target":"logon-session","logon_type":3,"change_ticket":"","result":"success","channel":"Security","provider":"Microsoft-Windows-Security-Auditing","logon_id":"1c4a39dba9216108","process_id":24045,"image_path":"","run_as":"","publisher":"","update_state":"installed","agent_build":"2026.09.1"},{"timestamp":"2026-09-14T02:15:45.900Z","computer":"srv-098","event_id":4634,"record_id":103017,"user":"employee-100","source_ip":"10.11.1.27","target":"logon-session","logon_type":10,"change_ticket":"","result":"success","channel":"Security","provider":"Microsoft-Windows-Security-Auditing","logon_id":"1c4a39dba9216108","process_id":17714,"image_path":"","run_as":"","publisher":"","update_state":"installed","agent_build":"2026.09.2"},{"timestamp":"2026-09-14T02:15:48.600Z","computer":"srv-011","event_id":4688,"record_id":103018,"user":"employee-468","source_ip":"10.10.1.20","target":"logon-session","logon_type":null,"change_ticket":"","result":"success","channel":"Security","provider":"Microsoft-Windows-Security-Auditing","logon_id":"1c4a39dba9216108","process_id":11058,"image_path":"C:/Program Files/ApprovedAgent/agent.exe","run_as":"","publisher":"Approved Software Team","update_state":"installed","agent_build":"2026.09.3"},{"timestamp":"2026-09-14T02:15:51.300Z","computer":"srv-018","event_id":4625,"record_id":103019,"user":"employee-194","source_ip":"10.10.1.27","target":"logon-session","logon_type":3,"change_ticket":"","result":"failure","channel":"Security","provider":"Microsoft-Windows-Security-Auditing","logon_id":"1c4a39dba9216108","process_id":2229,"image_path":"","run_as":"","publisher":"","update_state":"installed","agent_build":"2026.09.4"},{"timestamp":"2026-09-14T02:15:54.000Z","computer":"srv-220","event_id":4698,"record_id":103020,"user":"employee-412","source_ip":"10.12.3.29","target":"Approved-Maintenance","logon_type":null,"change_ticket":"CHG-DEPLOY-18","result":"success","channel":"Security","provider":"Microsoft-Windows-Security-Auditing","logon_id":"dcf4e26bdccd57c7","process_id":12243,"image_path":"C:/Program Files/ApprovedAgent/agent.exe","run_as":"svc-agent","publisher":"Approved Software Team","update_state":"installed","agent_build":"2026.09.1"},{"timestamp":"2026-09-14T02:15:56.700Z","computer":"srv-189","event_id":4728,"record_id":103021,"user":"employee-188","source_ip":"10.12.2.18","target":"Project-Readers","logon_type":null,"change_ticket":"CHG-DEPLOY-18","result":"success","channel":"Security","provider":"Microsoft-Windows-Security-Auditing","logon_id":"dcf4e26bdccd57c7","process_id":12223,"image_path":"","run_as":"","publisher":"","update_state":"installed","agent_build":"2026.09.2"},{"timestamp":"2026-09-14T02:15:59.400Z","computer":"srv-206","event_id":4697,"record_id":103022,"user":"employee-102","source_ip":"10.12.3.15","target":"ApprovedAgent","logon_type":null,"change_ticket":"CHG-DEPLOY-18","result":"success","channel":"Security","provider":"Microsoft-Windows-Security-Auditing","logon_id":"dcf4e26bdccd57c7","process_id":12510,"image_path":"C:/Program Files/ApprovedAgent/agent.exe","run_as":"svc-agent","publisher":"Approved Software Team","update_state":"installed","agent_build":"2026.09.3"},{"timestamp":"2026-09-14T02:16:02.100Z","computer":"srv-029","event_id":4624,"record_id":103023,"user":"employee-286","source_ip":"10.10.2.18","target":"logon-session","logon_type":10,"change_ticket":"","result":"success","channel":"Security","provider":"Microsoft-Windows-Security-Auditing","logon_id":"dcf4e26bdccd57c7","process_id":10343,"image_path":"","run_as":"","publisher":"","update_state":"installed","agent_build":"2026.09.4"},{"timestamp":"2026-09-14T02:16:04.800Z","computer":"srv-092","event_id":4624,"record_id":103024,"user":"employee-91","source_ip":"10.11.1.21","target":"logon-session","logon_type":2,"change_ticket":"","result":"success","channel":"Security","provider":"Microsoft-Windows-Security-Auditing","logon_id":"7ce73f8ddcba0a87","process_id":15322,"image_path":"","run_as":"","publisher":"","update_state":"installed","agent_build":"2026.09.1"},{"timestamp":"2026-09-14T02:16:07.500Z","computer":"srv-222","event_id":4634,"record_id":103025,"user":"employee-374","source_ip":"10.12.4.11","target":"logon-session","logon_type":3,"change_ticket":"","result":"success","channel":"Security","provider":"Microsoft-Windows-Security-Auditing","logon_id":"7ce73f8ddcba0a87","process_id":1099,"image_path":"","run_as":"","publisher":"","update_state":"installed","agent_build":"2026.09.2"},{"timestamp":"2026-09-14T02:16:10.200Z","computer":"srv-111","event_id":4688,"record_id":103026,"user":"employee-474","source_ip":"10.11.2.20","target":"logon-session","logon_type":null,"change_ticket":"","result":"success","channel":"Security","provider":"Microsoft-Windows-Security-Auditing","logon_id":"7ce73f8ddcba0a87","process_id":9603,"image_path":"C:/Program Files/ApprovedAgent/agent.exe","run_as":"","publisher":"Approved Software Team","update_state":"installed","agent_build":"2026.09.3"},{"timestamp":"2026-09-14T02:16:12.900Z","computer":"srv-174","event_id":4625,"record_id":103027,"user":"employee-108","source_ip":"10.12.1.23","target":"logon-session","logon_type":2,"change_ticket":"","result":"failure","channel":"Security","provider":"Microsoft-Windows-Security-Auditing","logon_id":"7ce73f8ddcba0a87","process_id":11562,"image_path":"","run_as":"","publisher":"","update_state":"installed","agent_build":"2026.09.4"},{"timestamp":"2026-09-14T02:16:15.600Z","computer":"srv-167","event_id":4698,"record_id":103028,"user":"employee-359","source_ip":"10.12.1.16","target":"Approved-Maintenance","logon_type":null,"change_ticket":"CHG-DEPLOY-18","result":"success","channel":"Security","provider":"Microsoft-Windows-Security-Auditing","logon_id":"cef70bd0e4d4098b","process_id":15446,"image_path":"C:/Program Files/ApprovedAgent/agent.exe","run_as":"svc-agent","publisher":"Approved Software Team","update_state":"installed","agent_build":"2026.09.1"},{"timestamp":"2026-09-14T02:16:18.300Z","computer":"srv-074","event_id":4728,"record_id":103029,"user":"deployment-admin","source_ip":"10.10.4.23","target":"Project-Readers","logon_type":null,"change_ticket":"CHG-DEPLOY-18","result":"success","channel":"Security","provider":"Microsoft-Windows-Security-Auditing","logon_id":"cef70bd0e4d4098b","process_id":15535,"image_path":"","run_as":"","publisher":"","update_state":"installed","agent_build":"2026.09.2"},{"timestamp":"2026-09-14T02:16:21.000Z","computer":"srv-028","event_id":4697,"record_id":103030,"user":"employee-355","source_ip":"10.10.2.17","target":"ApprovedAgent","logon_type":null,"change_ticket":"CHG-DEPLOY-18","result":"success","channel":"Security","provider":"Microsoft-Windows-Security-Auditing","logon_id":"cef70bd0e4d4098b","process_id":18870,"image_path":"C:/Program Files/ApprovedAgent/agent.exe","run_as":"svc-agent","publisher":"Approved Software Team","update_state":"installed","agent_build":"2026.09.3"},{"timestamp":"2026-09-14T02:16:23.700Z","computer":"srv-096","event_id":4624,"record_id":103031,"user":"employee-10","source_ip":"10.11.1.25","target":"logon-session","logon_type":3,"change_ticket":"","result":"success","channel":"Security","provider":"Microsoft-Windows-Security-Auditing","logon_id":"cef70bd0e4d4098b","process_id":13130,"image_path":"","run_as":"","publisher":"","update_state":"installed","agent_build":"2026.09.4"},{"timestamp":"2026-09-14T02:16:26.400Z","computer":"srv-008","event_id":4624,"record_id":103032,"user":"employee-128","source_ip":"10.10.1.17","target":"logon-session","logon_type":10,"change_ticket":"","result":"success","channel":"Security","provider":"Microsoft-Windows-Security-Auditing","logon_id":"79ad8a0b411ec412","process_id":12359,"image_path":"","run_as":"","publisher":"","update_state":"installed","agent_build":"2026.09.1"},{"timestamp":"2026-09-14T02:16:29.100Z","computer":"srv-073","event_id":4634,"record_id":103033,"user":"employee-13","source_ip":"10.10.4.22","target":"logon-session","logon_type":2,"change_ticket":"","result":"success","channel":"Security","provider":"Microsoft-Windows-Security-Auditing","logon_id":"79ad8a0b411ec412","process_id":20467,"image_path":"","run_as":"","publisher":"","update_state":"installed","agent_build":"2026.09.2"},{"timestamp":"2026-09-14T02:16:31.800Z","computer":"srv-179","event_id":4688,"record_id":103034,"user":"employee-409","source_ip":"10.12.1.28","target":"logon-session","logon_type":null,"change_ticket":"","result":"success","channel":"Security","provider":"Microsoft-Windows-Security-Auditing","logon_id":"79ad8a0b411ec412","process_id":19336,"image_path":"C:/Program Files/ApprovedAgent/agent.exe","run_as":"","publisher":"Approved Software Team","update_state":"installed","agent_build":"2026.09.3"},{"timestamp":"2026-09-14T02:16:34.500Z","computer":"srv-239","event_id":4625,"record_id":103035,"user":"employee-415","source_ip":"10.12.4.28","target":"logon-session","logon_type":10,"change_ticket":"","result":"failure","channel":"Security","provider":"Microsoft-Windows-Security-Auditing","logon_id":"79ad8a0b411ec412","process_id":22882,"image_path":"","run_as":"","publisher":"","update_state":"installed","agent_build":"2026.09.4"},{"timestamp":"2026-09-14T02:16:37.200Z","computer":"srv-100","event_id":4698,"record_id":103036,"user":"employee-25","source_ip":"10.11.1.29","target":"Approved-Maintenance","logon_type":null,"change_ticket":"CHG-DEPLOY-18","result":"success","channel":"Security","provider":"Microsoft-Windows-Security-Auditing","logon_id":"5d3abfe1b57148bf","process_id":17571,"image_path":"C:/Program Files/ApprovedAgent/agent.exe","run_as":"svc-agent","publisher":"Approved Software Team","update_state":"installed","agent_build":"2026.09.1"},{"timestamp":"2026-09-14T02:16:39.900Z","computer":"srv-237","event_id":4728,"record_id":103037,"user":"employee-397","source_ip":"10.12.4.26","target":"Project-Readers","logon_type":null,"change_ticket":"CHG-DEPLOY-18","result":"success","channel":"Security","provider":"Microsoft-Windows-Security-Auditing","logon_id":"5d3abfe1b57148bf","process_id":1809,"image_path":"","run_as":"","publisher":"","update_state":"installed","agent_build":"2026.09.2"},{"timestamp":"2026-09-14T02:16:42.600Z","computer":"srv-188","event_id":4697,"record_id":103038,"user":"employee-96","source_ip":"10.12.2.17","target":"ApprovedAgent","logon_type":null,"change_ticket":"CHG-DEPLOY-18","result":"success","channel":"Security","provider":"Microsoft-Windows-Security-Auditing","logon_id":"5d3abfe1b57148bf","process_id":19334,"image_path":"C:/Program Files/ApprovedAgent/agent.exe","run_as":"svc-agent","publisher":"Approved Software Team","update_state":"restart-pending","agent_build":"2026.09.3"},{"timestamp":"2026-09-14T02:16:45.300Z","computer":"srv-012","event_id":4624,"record_id":103039,"user":"employee-72","source_ip":"10.10.1.21","target":"logon-session","logon_type":2,"change_ticket":"","result":"success","channel":"Security","provider":"Microsoft-Windows-Security-Auditing","logon_id":"5d3abfe1b57148bf","process_id":23582,"image_path":"","run_as":"","publisher":"","update_state":"installed","agent_build":"2026.09.4"},{"timestamp":"2026-09-14T02:16:48.000Z","computer":"srv-013","event_id":4624,"record_id":103040,"user":"employee-279","source_ip":"10.10.1.22","target":"logon-session","logon_type":3,"change_ticket":"","result":"success","channel":"Security","provider":"Microsoft-Windows-Security-Auditing","logon_id":"964f95e8a0646bad","process_id":12132,"image_path":"","run_as":"","publisher":"","update_state":"installed","agent_build":"2026.09.1"},{"timestamp":"2026-09-14T02:16:50.700Z","computer":"srv-194","event_id":4634,"record_id":103041,"user":"employee-37","source_ip":"10.12.2.23","target":"logon-session","logon_type":10,"change_ticket":"","result":"success","channel":"Security","provider":"Microsoft-Windows-Security-Auditing","logon_id":"964f95e8a0646bad","process_id":12317,"image_path":"","run_as":"","publisher":"","update_state":"installed","agent_build":"2026.09.2"},{"timestamp":"2026-09-14T02:16:53.400Z","computer":"srv-068","event_id":4688,"record_id":103042,"user":"deployment-admin","source_ip":"10.10.4.17","target":"logon-session","logon_type":null,"change_ticket":"","result":"success","channel":"Security","provider":"Microsoft-Windows-Security-Auditing","logon_id":"964f95e8a0646bad","process_id":7197,"image_path":"C:/Program Files/ApprovedAgent/agent.exe","run_as":"","publisher":"Approved Software Team","update_state":"installed","agent_build":"2026.09.3"},{"timestamp":"2026-09-14T02:16:56.100Z","computer":"srv-061","event_id":4625,"record_id":103043,"user":"employee-288","source_ip":"10.10.4.10","target":"logon-session","logon_type":3,"change_ticket":"","result":"failure","channel":"Security","provider":"Microsoft-Windows-Security-Auditing","logon_id":"964f95e8a0646bad","process_id":16259,"image_path":"","run_as":"","publisher":"","update_state":"installed","agent_build":"2026.09.4"},{"timestamp":"2026-09-14T02:16:58.800Z","computer":"srv-096","event_id":4698,"record_id":103044,"user":"employee-455","source_ip":"10.11.1.25","target":"Approved-Maintenance","logon_type":null,"change_ticket":"CHG-DEPLOY-18","result":"success","channel":"Security","provider":"Microsoft-Windows-Security-Auditing","logon_id":"5d5ac00c9e6f4da6","process_id":12900,"image_path":"C:/Program Files/ApprovedAgent/agent.exe","run_as":"svc-agent","publisher":"Approved Software Team","update_state":"installed","agent_build":"2026.09.1"},{"timestamp":"2026-09-14T02:17:01.500Z","computer":"srv-162","event_id":4728,"record_id":103045,"user":"employee-452","source_ip":"10.12.1.11","target":"Project-Readers","logon_type":null,"change_ticket":"CHG-DEPLOY-18","result":"success","channel":"Security","provider":"Microsoft-Windows-Security-Auditing","logon_id":"5d5ac00c9e6f4da6","process_id":3137,"image_path":"","run_as":"","publisher":"","update_state":"installed","agent_build":"2026.09.2"},{"timestamp":"2026-09-14T02:17:04.200Z","computer":"srv-133","event_id":4697,"record_id":103046,"user":"employee-290","source_ip":"10.11.3.22","target":"ApprovedAgent","logon_type":null,"change_ticket":"CHG-DEPLOY-18","result":"success","channel":"Security","provider":"Microsoft-Windows-Security-Auditing","logon_id":"5d5ac00c9e6f4da6","process_id":6492,"image_path":"C:/Program Files/ApprovedAgent/agent.exe","run_as":"svc-agent","publisher":"Approved Software Team","update_state":"installed","agent_build":"2026.09.3"},{"timestamp":"2026-09-14T02:17:06.900Z","computer":"srv-047","event_id":4624,"record_id":103047,"user":"employee-116","source_ip":"10.10.3.16","target":"logon-session","logon_type":10,"change_ticket":"","result":"success","channel":"Security","provider":"Microsoft-Windows-Security-Auditing","logon_id":"5d5ac00c9e6f4da6","process_id":6952,"image_path":"","run_as":"","publisher":"","update_state":"installed","agent_build":"2026.09.4"},{"timestamp":"2026-09-14T02:17:09.600Z","computer":"srv-229","event_id":4624,"record_id":103048,"user":"employee-275","source_ip":"10.12.4.18","target":"logon-session","logon_type":2,"change_ticket":"","result":"success","channel":"Security","provider":"Microsoft-Windows-Security-Auditing","logon_id":"9140de70e1c1d651","process_id":22629,"image_path":"","run_as":"","publisher":"","update_state":"installed","agent_build":"2026.09.1"},{"timestamp":"2026-09-14T02:17:12.300Z","computer":"srv-131","event_id":4634,"record_id":103049,"user":"employee-9","source_ip":"10.11.3.20","target":"logon-session","logon_type":3,"change_ticket":"","result":"success","channel":"Security","provider":"Microsoft-Windows-Security-Auditing","logon_id":"9140de70e1c1d651","process_id":20896,"image_path":"","run_as":"","publisher":"","update_state":"installed","agent_build":"2026.09.2"},{"timestamp":"2026-09-14T02:17:15.000Z","computer":"srv-119","event_id":4688,"record_id":103050,"user":"employee-136","source_ip":"10.11.2.28","target":"logon-session","logon_type":null,"change_ticket":"","result":"success","channel":"Security","provider":"Microsoft-Windows-Security-Auditing","logon_id":"9140de70e1c1d651","process_id":23044,"image_path":"C:/Program Files/ApprovedAgent/agent.exe","run_as":"","publisher":"Approved Software Team","update_state":"installed","agent_build":"2026.09.3"},{"timestamp":"2026-09-14T02:17:17.700Z","computer":"srv-119","event_id":4625,"record_id":103051,"user":"employee-3","source_ip":"10.11.2.28","target":"logon-session","logon_type":2,"change_ticket":"","result":"failure","channel":"Security","provider":"Microsoft-Windows-Security-Auditing","logon_id":"9140de70e1c1d651","process_id":21623,"image_path":"","run_as":"","publisher":"","update_state":"installed","agent_build":"2026.09.4"},{"timestamp":"2026-09-14T02:17:20.400Z","computer":"srv-007","event_id":4698,"record_id":103052,"user":"employee-159","source_ip":"10.10.1.16","target":"Approved-Maintenance","logon_type":null,"change_ticket":"CHG-DEPLOY-18","result":"success","channel":"Security","provider":"Microsoft-Windows-Security-Auditing","logon_id":"bce74864f6bd922b","process_id":2840,"image_path":"C:/Program Files/ApprovedAgent/agent.exe","run_as":"svc-agent","publisher":"Approved Software Team","update_state":"installed","agent_build":"2026.09.1"},{"timestamp":"2026-09-14T02:17:23.100Z","computer":"srv-075","event_id":4728,"record_id":103053,"user":"employee-79","source_ip":"10.10.4.24","target":"Project-Readers","logon_type":null,"change_ticket":"CHG-DEPLOY-18","result":"success","channel":"Security","provider":"Microsoft-Windows-Security-Auditing","logon_id":"bce74864f6bd922b","process_id":14036,"image_path":"","run_as":"","publisher":"","update_state":"installed","agent_build":"2026.09.2"},{"timestamp":"2026-09-14T02:17:25.800Z","computer":"srv-065","event_id":4697,"record_id":103054,"user":"employee-437","source_ip":"10.10.4.14","target":"ApprovedAgent","logon_type":null,"change_ticket":"CHG-DEPLOY-18","result":"success","channel":"Security","provider":"Microsoft-Windows-Security-Auditing","logon_id":"bce74864f6bd922b","process_id":5425,"image_path":"C:/Program Files/ApprovedAgent/agent.exe","run_as":"svc-agent","publisher":"Approved Software Team","update_state":"installed","agent_build":"2026.09.3"},{"timestamp":"2026-09-14T02:17:28.500Z","computer":"srv-024","event_id":4624,"record_id":103055,"user":"deployment-admin","source_ip":"10.10.2.13","target":"logon-session","logon_type":3,"change_ticket":"","result":"success","channel":"Security","provider":"Microsoft-Windows-Security-Auditing","logon_id":"bce74864f6bd922b","process_id":11904,"image_path":"","run_as":"","publisher":"","update_state":"failed","agent_build":"2026.09.4"},{"timestamp":"2026-09-14T02:17:31.200Z","computer":"srv-077","event_id":4624,"record_id":103056,"user":"employee-449","source_ip":"10.10.4.26","target":"logon-session","logon_type":10,"change_ticket":"","result":"success","channel":"Security","provider":"Microsoft-Windows-Security-Auditing","logon_id":"d19786bfce6feb16","process_id":18458,"image_path":"","run_as":"","publisher":"","update_state":"installed","agent_build":"2026.09.1"},{"timestamp":"2026-09-14T02:17:33.900Z","computer":"srv-038","event_id":4634,"record_id":103057,"user":"employee-196","source_ip":"10.10.2.27","target":"logon-session","logon_type":2,"change_ticket":"","result":"success","channel":"Security","provider":"Microsoft-Windows-Security-Auditing","logon_id":"d19786bfce6feb16","process_id":22826,"image_path":"","run_as":"","publisher":"","update_state":"installed","agent_build":"2026.09.2"},{"timestamp":"2026-09-14T02:17:36.600Z","computer":"srv-156","event_id":4688,"record_id":103058,"user":"employee-89","source_ip":"10.11.4.25","target":"logon-session","logon_type":null,"change_ticket":"","result":"success","channel":"Security","provider":"Microsoft-Windows-Security-Auditing","logon_id":"d19786bfce6feb16","process_id":24757,"image_path":"C:/Program Files/ApprovedAgent/agent.exe","run_as":"","publisher":"Approved Software Team","update_state":"installed","agent_build":"2026.09.3"},{"timestamp":"2026-09-14T02:17:39.300Z","computer":"srv-081","event_id":4625,"record_id":103059,"user":"employee-426","source_ip":"10.11.1.10","target":"logon-session","logon_type":10,"change_ticket":"","result":"failure","channel":"Security","provider":"Microsoft-Windows-Security-Auditing","logon_id":"d19786bfce6feb16","process_id":12314,"image_path":"","run_as":"","publisher":"","update_state":"installed","agent_build":"2026.09.4"},{"timestamp":"2026-09-14T02:17:42.000Z","computer":"srv-173","event_id":4698,"record_id":103060,"user":"employee-258","source_ip":"10.12.1.22","target":"Approved-Maintenance","logon_type":null,"change_ticket":"CHG-DEPLOY-18","result":"success","channel":"Security","provider":"Microsoft-Windows-Security-Auditing","logon_id":"47e1b72736bef619","process_id":11057,"image_path":"C:/Program Files/ApprovedAgent/agent.exe","run_as":"svc-agent","publisher":"Approved Software Team","update_state":"installed","agent_build":"2026.09.1"},{"timestamp":"2026-09-14T02:17:44.700Z","computer":"srv-197","event_id":4728,"record_id":103061,"user":"employee-471","source_ip":"10.12.2.26","target":"Project-Readers","logon_type":null,"change_ticket":"CHG-DEPLOY-18","result":"success","channel":"Security","provider":"Microsoft-Windows-Security-Auditing","logon_id":"47e1b72736bef619","process_id":23281,"image_path":"","run_as":"","publisher":"","update_state":"installed","agent_build":"2026.09.2"},{"timestamp":"2026-09-14T02:17:47.400Z","computer":"srv-080","event_id":4697,"record_id":103062,"user":"employee-38","source_ip":"10.10.4.29","target":"ApprovedAgent","logon_type":null,"change_ticket":"CHG-DEPLOY-18","result":"success","channel":"Security","provider":"Microsoft-Windows-Security-Auditing","logon_id":"47e1b72736bef619","process_id":9201,"image_path":"C:/Program Files/ApprovedAgent/agent.exe","run_as":"svc-agent","publisher":"Approved Software Team","update_state":"installed","agent_build":"2026.09.3"},{"timestamp":"2026-09-14T02:17:50.100Z","computer":"srv-057","event_id":4624,"record_id":103063,"user":"employee-150","source_ip":"10.10.3.26","target":"logon-session","logon_type":2,"change_ticket":"","result":"success","channel":"Security","provider":"Microsoft-Windows-Security-Auditing","logon_id":"47e1b72736bef619","process_id":8006,"image_path":"","run_as":"","publisher":"","update_state":"installed","agent_build":"2026.09.4"},{"timestamp":"2026-09-14T02:17:52.800Z","computer":"srv-081","event_id":4624,"record_id":103064,"user":"employee-239","source_ip":"10.11.1.10","target":"logon-session","logon_type":3,"change_ticket":"","result":"success","channel":"Security","provider":"Microsoft-Windows-Security-Auditing","logon_id":"a1d13daf2bd615e0","process_id":16898,"image_path":"","run_as":"","publisher":"","update_state":"installed","agent_build":"2026.09.1"},{"timestamp":"2026-09-14T02:17:55.500Z","computer":"srv-157","event_id":4634,"record_id":103065,"user":"employee-53","source_ip":"10.11.4.26","target":"logon-session","logon_type":10,"change_ticket":"","result":"success","channel":"Security","provider":"Microsoft-Windows-Security-Auditing","logon_id":"a1d13daf2bd615e0","process_id":3564,"image_path":"","run_as":"","publisher":"","update_state":"installed","agent_build":"2026.09.2"},{"timestamp":"2026-09-14T02:17:58.200Z","computer":"srv-121","event_id":4688,"record_id":103066,"user":"employee-124","source_ip":"10.11.3.10","target":"logon-session","logon_type":null,"change_ticket":"","result":"success","channel":"Security","provider":"Microsoft-Windows-Security-Auditing","logon_id":"a1d13daf2bd615e0","process_id":16744,"image_path":"C:/Program Files/ApprovedAgent/agent.exe","run_as":"","publisher":"Approved Software Team","update_state":"installed","agent_build":"2026.09.3"},{"timestamp":"2026-09-14T02:18:00.900Z","computer":"srv-030","event_id":4625,"record_id":103067,"user":"employee-318","source_ip":"10.10.2.19","target":"logon-session","logon_type":3,"change_ticket":"","result":"failure","channel":"Security","provider":"Microsoft-Windows-Security-Auditing","logon_id":"a1d13daf2bd615e0","process_id":25773,"image_path":"","run_as":"","publisher":"","update_state":"installed","agent_build":"2026.09.4"},{"timestamp":"2026-09-14T02:18:03.600Z","computer":"srv-117","event_id":4698,"record_id":103068,"user":"deployment-admin","source_ip":"10.11.2.26","target":"Approved-Maintenance","logon_type":null,"change_ticket":"CHG-DEPLOY-18","result":"success","channel":"Security","provider":"Microsoft-Windows-Security-Auditing","logon_id":"457e6db97a4775bc","process_id":21482,"image_path":"C:/Program Files/ApprovedAgent/agent.exe","run_as":"svc-agent","publisher":"Approved Software Team","update_state":"no-report","agent_build":"2026.09.1"},{"timestamp":"2026-09-14T02:18:06.300Z","computer":"srv-093","event_id":4728,"record_id":103069,"user":"employee-415","source_ip":"10.11.1.22","target":"Project-Readers","logon_type":null,"change_ticket":"CHG-DEPLOY-18","result":"success","channel":"Security","provider":"Microsoft-Windows-Security-Auditing","logon_id":"457e6db97a4775bc","process_id":23886,"image_path":"","run_as":"","publisher":"","update_state":"restart-pending","agent_build":"2026.09.2"},{"timestamp":"2026-09-14T02:18:09.000Z","computer":"srv-028","event_id":4697,"record_id":103070,"user":"employee-196","source_ip":"10.10.2.17","target":"ApprovedAgent","logon_type":null,"change_ticket":"CHG-DEPLOY-18","result":"success","channel":"Security","provider":"Microsoft-Windows-Security-Auditing","logon_id":"457e6db97a4775bc","process_id":14829,"image_path":"C:/Program Files/ApprovedAgent/agent.exe","run_as":"svc-agent","publisher":"Approved Software Team","update_state":"installed","agent_build":"2026.09.3"},{"timestamp":"2026-09-14T02:18:11.700Z","computer":"srv-112","event_id":4624,"record_id":103071,"user":"employee-43","source_ip":"10.11.2.21","target":"logon-session","logon_type":10,"change_ticket":"","result":"success","channel":"Security","provider":"Microsoft-Windows-Security-Auditing","logon_id":"457e6db97a4775bc","process_id":4080,"image_path":"","run_as":"","publisher":"","update_state":"installed","agent_build":"2026.09.4"},{"timestamp":"2026-09-14T02:18:14.400Z","computer":"srv-234","event_id":4624,"record_id":103072,"user":"employee-302","source_ip":"10.12.4.23","target":"logon-session","logon_type":2,"change_ticket":"","result":"success","channel":"Security","provider":"Microsoft-Windows-Security-Auditing","logon_id":"6a121ed5f5d48e69","process_id":7004,"image_path":"","run_as":"","publisher":"","update_state":"installed","agent_build":"2026.09.1"},{"timestamp":"2026-09-14T02:18:17.100Z","computer":"srv-160","event_id":4634,"record_id":103073,"user":"employee-390","source_ip":"10.11.4.29","target":"logon-session","logon_type":3,"change_ticket":"","result":"success","channel":"Security","provider":"Microsoft-Windows-Security-Auditing","logon_id":"6a121ed5f5d48e69","process_id":9538,"image_path":"","run_as":"","publisher":"","update_state":"installed","agent_build":"2026.09.2"},