{"timestamp":"2026-09-14T02:27:52.200Z","computer":"srv-209","event_id":4697,"record_id":103286,"user":"employee-347","source_ip":"10.12.3.18","target":"ApprovedAgent","logon_type":null,"change_ticket":"CHG-DEPLOY-18","result":"success","channel":"Security","provider":"Microsoft-Windows-Security-Auditing","logon_id":"f47c55481458ab2b","process_id":8758,"image_path":"C:/Program Files/ApprovedAgent/agent.exe","run_as":"svc-agent","publisher":"Approved Software Team","update_state":"restart-pending","agent_build":"2026.09.3"},{"timestamp":"2026-09-14T02:27:54.900Z","computer":"srv-179","event_id":4624,"record_id":103287,"user":"employee-39","source_ip":"10.12.1.28","target":"logon-session","logon_type":10,"change_ticket":"","result":"success","channel":"Security","provider":"Microsoft-Windows-Security-Auditing","logon_id":"f47c55481458ab2b","process_id":9079,"image_path":"","run_as":"","publisher":"","update_state":"installed","agent_build":"2026.09.4"},{"timestamp":"2026-09-14T02:27:57.600Z","computer":"srv-195","event_id":4624,"record_id":103288,"user":"employee-211","source_ip":"10.12.2.24","target":"logon-session","logon_type":2,"change_ticket":"","result":"success","channel":"Security","provider":"Microsoft-Windows-Security-Auditing","logon_id":"2253802bde482260","process_id":18793,"image_path":"","run_as":"","publisher":"","update_state":"installed","agent_build":"2026.09.1"},{"timestamp":"2026-09-14T02:28:00.300Z","computer":"srv-004","event_id":4634,"record_id":103289,"user":"deployment-admin","source_ip":"10.10.1.13","target":"logon-session","logon_type":3,"change_ticket":"","result":"success","channel":"Security","provider":"Microsoft-Windows-Security-Auditing","logon_id":"2253802bde482260","process_id":15133,"image_path":"","run_as":"","publisher":"","update_state":"installed","agent_build":"2026.09.2"},{"timestamp":"2026-09-14T02:28:03.000Z","computer":"srv-005","event_id":4688,"record_id":103290,"user":"employee-474","source_ip":"10.10.1.14","target":"logon-session","logon_type":null,"change_ticket":"","result":"success","channel":"Security","provider":"Microsoft-Windows-Security-Auditing","logon_id":"2253802bde482260","process_id":13294,"image_path":"C:/Program Files/ApprovedAgent/agent.exe","run_as":"","publisher":"Approved Software Team","update_state":"failed","agent_build":"2026.09.3"},{"timestamp":"2026-09-14T02:28:05.700Z","computer":"srv-063","event_id":4625,"record_id":103291,"user":"employee-35","source_ip":"10.10.4.12","target":"logon-session","logon_type":2,"change_ticket":"","result":"failure","channel":"Security","provider":"Microsoft-Windows-Security-Auditing","logon_id":"2253802bde482260","process_id":8830,"image_path":"","run_as":"","publisher":"","update_state":"installed","agent_build":"2026.09.4"},{"timestamp":"2026-09-14T02:28:08.400Z","computer":"srv-087","event_id":4698,"record_id":103292,"user":"employee-430","source_ip":"10.11.1.16","target":"Approved-Maintenance","logon_type":null,"change_ticket":"CHG-DEPLOY-18","result":"success","channel":"Security","provider":"Microsoft-Windows-Security-Auditing","logon_id":"2f4fc059a1cfdbf7","process_id":1477,"image_path":"C:/Program Files/ApprovedAgent/agent.exe","run_as":"svc-agent","publisher":"Approved Software Team","update_state":"installed","agent_build":"2026.09.1"},{"timestamp":"2026-09-14T02:28:11.100Z","computer":"srv-050","event_id":4728,"record_id":103293,"user":"employee-395","source_ip":"10.10.3.19","target":"Project-Readers","logon_type":null,"change_ticket":"CHG-DEPLOY-18","result":"success","channel":"Security","provider":"Microsoft-Windows-Security-Auditing","logon_id":"2f4fc059a1cfdbf7","process_id":12526,"image_path":"","run_as":"","publisher":"","update_state":"installed","agent_build":"2026.09.2"},{"timestamp":"2026-09-14T02:28:13.800Z","computer":"srv-012","event_id":4697,"record_id":103294,"user":"employee-310","source_ip":"10.10.1.21","target":"ApprovedAgent","logon_type":null,"change_ticket":"CHG-DEPLOY-18","result":"success","channel":"Security","provider":"Microsoft-Windows-Security-Auditing","logon_id":"2f4fc059a1cfdbf7","process_id":22658,"image_path":"C:/Program Files/ApprovedAgent/agent.exe","run_as":"svc-agent","publisher":"Approved Software Team","update_state":"installed","agent_build":"2026.09.3"},{"timestamp":"2026-09-14T02:28:16.500Z","computer":"srv-179","event_id":4624,"record_id":103295,"user":"employee-146","source_ip":"10.12.1.28","target":"logon-session","logon_type":3,"change_ticket":"","result":"success","channel":"Security","provider":"Microsoft-Windows-Security-Auditing","logon_id":"2f4fc059a1cfdbf7","process_id":11788,"image_path":"","run_as":"","publisher":"","update_state":"installed","agent_build":"2026.09.4"},{"timestamp":"2026-09-14T02:28:19.200Z","computer":"srv-159","event_id":4624,"record_id":103296,"user":"employee-302","source_ip":"10.11.4.28","target":"logon-session","logon_type":10,"change_ticket":"","result":"success","channel":"Security","provider":"Microsoft-Windows-Security-Auditing","logon_id":"7927c2d4c6b9842a","process_id":15788,"image_path":"","run_as":"","publisher":"","update_state":"installed","agent_build":"2026.09.1"},{"timestamp":"2026-09-14T02:28:21.900Z","computer":"srv-233","event_id":4634,"record_id":103297,"user":"employee-53","source_ip":"10.12.4.22","target":"logon-session","logon_type":2,"change_ticket":"","result":"success","channel":"Security","provider":"Microsoft-Windows-Security-Auditing","logon_id":"7927c2d4c6b9842a","process_id":10824,"image_path":"","run_as":"","publisher":"","update_state":"installed","agent_build":"2026.09.2"},{"timestamp":"2026-09-14T02:28:24.600Z","computer":"srv-073","event_id":4688,"record_id":103298,"user":"employee-46","source_ip":"10.10.4.22","target":"logon-session","logon_type":null,"change_ticket":"","result":"success","channel":"Security","provider":"Microsoft-Windows-Security-Auditing","logon_id":"7927c2d4c6b9842a","process_id":4633,"image_path":"C:/Program Files/ApprovedAgent/agent.exe","run_as":"","publisher":"Approved Software Team","update_state":"installed","agent_build":"2026.09.3"},{"timestamp":"2026-09-14T02:28:27.300Z","computer":"srv-190","event_id":4625,"record_id":103299,"user":"employee-167","source_ip":"10.12.2.19","target":"logon-session","logon_type":10,"change_ticket":"","result":"failure","channel":"Security","provider":"Microsoft-Windows-Security-Auditing","logon_id":"7927c2d4c6b9842a","process_id":17759,"image_path":"","run_as":"","publisher":"","update_state":"installed","agent_build":"2026.09.4"},{"timestamp":"2026-09-14T02:28:30.000Z","computer":"srv-207","event_id":4698,"record_id":103300,"user":"employee-124","source_ip":"10.12.3.16","target":"Approved-Maintenance","logon_type":null,"change_ticket":"CHG-DEPLOY-18","result":"success","channel":"Security","provider":"Microsoft-Windows-Security-Auditing","logon_id":"21050cae6e873c0f","process_id":5160,"image_path":"C:/Program Files/ApprovedAgent/agent.exe","run_as":"svc-agent","publisher":"Approved Software Team","update_state":"installed","agent_build":"2026.09.1"},{"timestamp":"2026-09-14T02:28:32.700Z","computer":"srv-183","event_id":4728,"record_id":103301,"user":"employee-54","source_ip":"10.12.2.12","target":"Project-Readers","logon_type":null,"change_ticket":"CHG-DEPLOY-18","result":"success","channel":"Security","provider":"Microsoft-Windows-Security-Auditing","logon_id":"21050cae6e873c0f","process_id":17254,"image_path":"","run_as":"","publisher":"","update_state":"installed","agent_build":"2026.09.2"},{"timestamp":"2026-09-14T02:28:35.400Z","computer":"srv-104","event_id":4697,"record_id":103302,"user":"deployment-admin","source_ip":"10.11.2.13","target":"ApprovedAgent","logon_type":null,"change_ticket":"CHG-DEPLOY-18","result":"success","channel":"Security","provider":"Microsoft-Windows-Security-Auditing","logon_id":"21050cae6e873c0f","process_id":22571,"image_path":"C:/Program Files/ApprovedAgent/agent.exe","run_as":"svc-agent","publisher":"Approved Software Team","update_state":"installed","agent_build":"2026.09.3"},{"timestamp":"2026-09-14T02:28:38.100Z","computer":"srv-035","event_id":4624,"record_id":103303,"user":"employee-291","source_ip":"10.10.2.24","target":"logon-session","logon_type":2,"change_ticket":"","result":"success","channel":"Security","provider":"Microsoft-Windows-Security-Auditing","logon_id":"21050cae6e873c0f","process_id":2911,"image_path":"","run_as":"","publisher":"","update_state":"installed","agent_build":"2026.09.4"},{"timestamp":"2026-09-14T02:28:40.800Z","computer":"srv-183","event_id":4624,"record_id":103304,"user":"employee-51","source_ip":"10.12.2.12","target":"logon-session","logon_type":3,"change_ticket":"","result":"success","channel":"Security","provider":"Microsoft-Windows-Security-Auditing","logon_id":"9e888fb7edcbfca3","process_id":17038,"image_path":"","run_as":"","publisher":"","update_state":"no-report","agent_build":"2026.09.1"},{"timestamp":"2026-09-14T02:28:43.500Z","computer":"srv-006","event_id":4634,"record_id":103305,"user":"employee-290","source_ip":"10.10.1.15","target":"logon-session","logon_type":10,"change_ticket":"","result":"success","channel":"Security","provider":"Microsoft-Windows-Security-Auditing","logon_id":"9e888fb7edcbfca3","process_id":8449,"image_path":"","run_as":"","publisher":"","update_state":"installed","agent_build":"2026.09.2"},{"timestamp":"2026-09-14T02:28:46.200Z","computer":"srv-098","event_id":4688,"record_id":103306,"user":"employee-77","source_ip":"10.11.1.27","target":"logon-session","logon_type":null,"change_ticket":"","result":"success","channel":"Security","provider":"Microsoft-Windows-Security-Auditing","logon_id":"9e888fb7edcbfca3","process_id":7603,"image_path":"C:/Program Files/ApprovedAgent/agent.exe","run_as":"","publisher":"Approved Software Team","update_state":"installed","agent_build":"2026.09.3"},{"timestamp":"2026-09-14T02:28:48.900Z","computer":"srv-112","event_id":4625,"record_id":103307,"user":"employee-319","source_ip":"10.11.2.21","target":"logon-session","logon_type":3,"change_ticket":"","result":"failure","channel":"Security","provider":"Microsoft-Windows-Security-Auditing","logon_id":"9e888fb7edcbfca3","process_id":9379,"image_path":"","run_as":"","publisher":"","update_state":"installed","agent_build":"2026.09.4"},{"timestamp":"2026-09-14T02:28:51.600Z","computer":"srv-066","event_id":4698,"record_id":103308,"user":"employee-459","source_ip":"10.10.4.15","target":"Approved-Maintenance","logon_type":null,"change_ticket":"CHG-DEPLOY-18","result":"success","channel":"Security","provider":"Microsoft-Windows-Security-Auditing","logon_id":"2840738b214b4f15","process_id":24086,"image_path":"C:/Program Files/ApprovedAgent/agent.exe","run_as":"svc-agent","publisher":"Approved Software Team","update_state":"installed","agent_build":"2026.09.1"},{"timestamp":"2026-09-14T02:28:54.300Z","computer":"srv-159","event_id":4728,"record_id":103309,"user":"employee-392","source_ip":"10.11.4.28","target":"Project-Readers","logon_type":null,"change_ticket":"CHG-DEPLOY-18","result":"success","channel":"Security","provider":"Microsoft-Windows-Security-Auditing","logon_id":"2840738b214b4f15","process_id":4708,"image_path":"","run_as":"","publisher":"","update_state":"installed","agent_build":"2026.09.2"},{"timestamp":"2026-09-14T02:28:57.000Z","computer":"srv-129","event_id":4697,"record_id":103310,"user":"employee-363","source_ip":"10.11.3.18","target":"ApprovedAgent","logon_type":null,"change_ticket":"CHG-DEPLOY-18","result":"success","channel":"Security","provider":"Microsoft-Windows-Security-Auditing","logon_id":"2840738b214b4f15","process_id":6664,"image_path":"C:/Program Files/ApprovedAgent/agent.exe","run_as":"svc-agent","publisher":"Approved Software Team","update_state":"installed","agent_build":"2026.09.3"},{"timestamp":"2026-09-14T02:28:59.700Z","computer":"srv-169","event_id":4624,"record_id":103311,"user":"employee-155","source_ip":"10.12.1.18","target":"logon-session","logon_type":10,"change_ticket":"","result":"success","channel":"Security","provider":"Microsoft-Windows-Security-Auditing","logon_id":"2840738b214b4f15","process_id":16876,"image_path":"","run_as":"","publisher":"","update_state":"installed","agent_build":"2026.09.4"},{"timestamp":"2026-09-14T02:29:02.400Z","computer":"srv-075","event_id":4624,"record_id":103312,"user":"employee-356","source_ip":"10.10.4.24","target":"logon-session","logon_type":2,"change_ticket":"","result":"success","channel":"Security","provider":"Microsoft-Windows-Security-Auditing","logon_id":"8d4b1391c3435d66","process_id":23401,"image_path":"","run_as":"","publisher":"","update_state":"installed","agent_build":"2026.09.1"},{"timestamp":"2026-09-14T02:29:05.100Z","computer":"srv-218","event_id":4634,"record_id":103313,"user":"employee-281","source_ip":"10.12.3.27","target":"logon-session","logon_type":3,"change_ticket":"","result":"success","channel":"Security","provider":"Microsoft-Windows-Security-Auditing","logon_id":"8d4b1391c3435d66","process_id":24391,"image_path":"","run_as":"","publisher":"","update_state":"installed","agent_build":"2026.09.2"},{"timestamp":"2026-09-14T02:29:07.800Z","computer":"srv-156","event_id":4688,"record_id":103314,"user":"employee-201","source_ip":"10.11.4.25","target":"logon-session","logon_type":null,"change_ticket":"","result":"success","channel":"Security","provider":"Microsoft-Windows-Security-Auditing","logon_id":"8d4b1391c3435d66","process_id":23558,"image_path":"C:/Program Files/ApprovedAgent/agent.exe","run_as":"","publisher":"Approved Software Team","update_state":"installed","agent_build":"2026.09.3"},{"timestamp":"2026-09-14T02:29:10.500Z","computer":"srv-090","event_id":4625,"record_id":103315,"user":"deployment-admin","source_ip":"10.11.1.19","target":"logon-session","logon_type":2,"change_ticket":"","result":"failure","channel":"Security","provider":"Microsoft-Windows-Security-Auditing","logon_id":"8d4b1391c3435d66","process_id":9289,"image_path":"","run_as":"","publisher":"","update_state":"installed","agent_build":"2026.09.4"},{"timestamp":"2026-09-14T02:29:13.200Z","computer":"srv-084","event_id":4698,"record_id":103316,"user":"employee-449","source_ip":"10.11.1.13","target":"Approved-Maintenance","logon_type":null,"change_ticket":"CHG-DEPLOY-18","result":"success","channel":"Security","provider":"Microsoft-Windows-Security-Auditing","logon_id":"0126aea9a4087be3","process_id":25600,"image_path":"C:/Program Files/ApprovedAgent/agent.exe","run_as":"svc-agent","publisher":"Approved Software Team","update_state":"installed","agent_build":"2026.09.1"},{"timestamp":"2026-09-14T02:29:15.900Z","computer":"srv-124","event_id":4728,"record_id":103317,"user":"employee-91","source_ip":"10.11.3.13","target":"Project-Readers","logon_type":null,"change_ticket":"CHG-DEPLOY-18","result":"success","channel":"Security","provider":"Microsoft-Windows-Security-Auditing","logon_id":"0126aea9a4087be3","process_id":21835,"image_path":"","run_as":"","publisher":"","update_state":"restart-pending","agent_build":"2026.09.2"},{"timestamp":"2026-09-14T02:29:18.600Z","computer":"srv-180","event_id":4697,"record_id":103318,"user":"employee-64","source_ip":"10.12.1.29","target":"ApprovedAgent","logon_type":null,"change_ticket":"CHG-DEPLOY-18","result":"success","channel":"Security","provider":"Microsoft-Windows-Security-Auditing","logon_id":"0126aea9a4087be3","process_id":7199,"image_path":"C:/Program Files/ApprovedAgent/agent.exe","run_as":"svc-agent","publisher":"Approved Software Team","update_state":"installed","agent_build":"2026.09.3"},{"timestamp":"2026-09-14T02:29:21.300Z","computer":"srv-227","event_id":4624,"record_id":103319,"user":"employee-255","source_ip":"10.12.4.16","target":"logon-session","logon_type":3,"change_ticket":"","result":"success","channel":"Security","provider":"Microsoft-Windows-Security-Auditing","logon_id":"0126aea9a4087be3","process_id":17224,"image_path":"","run_as":"","publisher":"","update_state":"installed","agent_build":"2026.09.4"},{"timestamp":"2026-09-14T02:29:24.000Z","computer":"srv-134","event_id":4624,"record_id":103320,"user":"employee-103","source_ip":"10.11.3.23","target":"logon-session","logon_type":10,"change_ticket":"","result":"success","channel":"Security","provider":"Microsoft-Windows-Security-Auditing","logon_id":"344a731168bbcbab","process_id":3342,"image_path":"","run_as":"","publisher":"","update_state":"installed","agent_build":"2026.09.1"},{"timestamp":"2026-09-14T02:29:26.700Z","computer":"srv-071","event_id":4634,"record_id":103321,"user":"employee-476","source_ip":"10.10.4.20","target":"logon-session","logon_type":2,"change_ticket":"","result":"success","channel":"Security","provider":"Microsoft-Windows-Security-Auditing","logon_id":"344a731168bbcbab","process_id":11629,"image_path":"","run_as":"","publisher":"","update_state":"installed","agent_build":"2026.09.2"},{"timestamp":"2026-09-14T02:29:29.400Z","computer":"srv-168","event_id":4688,"record_id":103322,"user":"employee-241","source_ip":"10.12.1.17","target":"logon-session","logon_type":null,"change_ticket":"","result":"success","channel":"Security","provider":"Microsoft-Windows-Security-Auditing","logon_id":"344a731168bbcbab","process_id":19460,"image_path":"C:/Program Files/ApprovedAgent/agent.exe","run_as":"","publisher":"Approved Software Team","update_state":"installed","agent_build":"2026.09.3"},{"timestamp":"2026-09-14T02:29:32.100Z","computer":"srv-023","event_id":4625,"record_id":103323,"user":"employee-352","source_ip":"10.10.2.12","target":"logon-session","logon_type":10,"change_ticket":"","result":"failure","channel":"Security","provider":"Microsoft-Windows-Security-Auditing","logon_id":"344a731168bbcbab","process_id":4202,"image_path":"","run_as":"","publisher":"","update_state":"installed","agent_build":"2026.09.4"},{"timestamp":"2026-09-14T02:29:34.800Z","computer":"srv-052","event_id":4698,"record_id":103324,"user":"employee-195","source_ip":"10.10.3.21","target":"Approved-Maintenance","logon_type":null,"change_ticket":"CHG-DEPLOY-18","result":"success","channel":"Security","provider":"Microsoft-Windows-Security-Auditing","logon_id":"3cdc950869dc53d5","process_id":6649,"image_path":"C:/Program Files/ApprovedAgent/agent.exe","run_as":"svc-agent","publisher":"Approved Software Team","update_state":"installed","agent_build":"2026.09.1"},{"timestamp":"2026-09-14T02:29:37.500Z","computer":"srv-214","event_id":4728,"record_id":103325,"user":"employee-6","source_ip":"10.12.3.23","target":"Project-Readers","logon_type":null,"change_ticket":"CHG-DEPLOY-18","result":"success","channel":"Security","provider":"Microsoft-Windows-Security-Auditing","logon_id":"3cdc950869dc53d5","process_id":21114,"image_path":"","run_as":"","publisher":"","update_state":"installed","agent_build":"2026.09.2"},{"timestamp":"2026-09-14T02:29:40.200Z","computer":"srv-009","event_id":4697,"record_id":103326,"user":"employee-153","source_ip":"10.10.1.18","target":"ApprovedAgent","logon_type":null,"change_ticket":"CHG-DEPLOY-18","result":"success","channel":"Security","provider":"Microsoft-Windows-Security-Auditing","logon_id":"3cdc950869dc53d5","process_id":8850,"image_path":"C:/Program Files/ApprovedAgent/agent.exe","run_as":"svc-agent","publisher":"Approved Software Team","update_state":"installed","agent_build":"2026.09.3"},{"timestamp":"2026-09-14T02:29:42.900Z","computer":"srv-007","event_id":4624,"record_id":103327,"user":"employee-143","source_ip":"10.10.1.16","target":"logon-session","logon_type":2,"change_ticket":"","result":"success","channel":"Security","provider":"Microsoft-Windows-Security-Auditing","logon_id":"3cdc950869dc53d5","process_id":21010,"image_path":"","run_as":"","publisher":"","update_state":"installed","agent_build":"2026.09.4"},{"timestamp":"2026-09-14T02:29:45.600Z","computer":"srv-232","event_id":4624,"record_id":103328,"user":"deployment-admin","source_ip":"10.12.4.21","target":"logon-session","logon_type":3,"change_ticket":"","result":"success","channel":"Security","provider":"Microsoft-Windows-Security-Auditing","logon_id":"bfa3b32be34a651a","process_id":23460,"image_path":"","run_as":"","publisher":"","update_state":"installed","agent_build":"2026.09.1"},{"timestamp":"2026-09-14T02:29:48.300Z","computer":"srv-158","event_id":4634,"record_id":103329,"user":"employee-396","source_ip":"10.11.4.27","target":"logon-session","logon_type":10,"change_ticket":"","result":"success","channel":"Security","provider":"Microsoft-Windows-Security-Auditing","logon_id":"bfa3b32be34a651a","process_id":11008,"image_path":"","run_as":"","publisher":"","update_state":"installed","agent_build":"2026.09.2"},{"timestamp":"2026-09-14T02:29:51.000Z","computer":"srv-178","event_id":4688,"record_id":103330,"user":"employee-55","source_ip":"10.12.1.27","target":"logon-session","logon_type":null,"change_ticket":"","result":"success","channel":"Security","provider":"Microsoft-Windows-Security-Auditing","logon_id":"bfa3b32be34a651a","process_id":24479,"image_path":"C:/Program Files/ApprovedAgent/agent.exe","run_as":"","publisher":"Approved Software Team","update_state":"installed","agent_build":"2026.09.3"},{"timestamp":"2026-09-14T02:29:53.700Z","computer":"srv-207","event_id":4625,"record_id":103331,"user":"employee-316","source_ip":"10.12.3.16","target":"logon-session","logon_type":3,"change_ticket":"","result":"failure","channel":"Security","provider":"Microsoft-Windows-Security-Auditing","logon_id":"bfa3b32be34a651a","process_id":18087,"image_path":"","run_as":"","publisher":"","update_state":"installed","agent_build":"2026.09.4"},{"timestamp":"2026-09-14T02:29:56.400Z","computer":"srv-191","event_id":4698,"record_id":103332,"user":"employee-272","source_ip":"10.12.2.20","target":"Approved-Maintenance","logon_type":null,"change_ticket":"CHG-DEPLOY-18","result":"success","channel":"Security","provider":"Microsoft-Windows-Security-Auditing","logon_id":"f6247bb9b7527677","process_id":10806,"image_path":"C:/Program Files/ApprovedAgent/agent.exe","run_as":"svc-agent","publisher":"Approved Software Team","update_state":"installed","agent_build":"2026.09.1"},{"timestamp":"2026-09-14T02:29:59.100Z","computer":"srv-043","event_id":4728,"record_id":103333,"user":"employee-59","source_ip":"10.10.3.12","target":"Project-Readers","logon_type":null,"change_ticket":"CHG-DEPLOY-18","result":"success","channel":"Security","provider":"Microsoft-Windows-Security-Auditing","logon_id":"f6247bb9b7527677","process_id":14144,"image_path":"","run_as":"","publisher":"","update_state":"installed","agent_build":"2026.09.2"},{"timestamp":"2026-09-14T02:30:01.800Z","computer":"srv-080","event_id":4697,"record_id":103334,"user":"employee-315","source_ip":"10.10.4.29","target":"ApprovedAgent","logon_type":null,"change_ticket":"CHG-DEPLOY-18","result":"success","channel":"Security","provider":"Microsoft-Windows-Security-Auditing","logon_id":"f6247bb9b7527677","process_id":7837,"image_path":"C:/Program Files/ApprovedAgent/agent.exe","run_as":"svc-agent","publisher":"Approved Software Team","update_state":"installed","agent_build":"2026.09.3"},{"timestamp":"2026-09-14T02:30:04.500Z","computer":"srv-015","event_id":4624,"record_id":103335,"user":"employee-45","source_ip":"10.10.1.24","target":"logon-session","logon_type":10,"change_ticket":"","result":"success","channel":"Security","provider":"Microsoft-Windows-Security-Auditing","logon_id":"f6247bb9b7527677","process_id":13435,"image_path":"","run_as":"","publisher":"","update_state":"installed","agent_build":"2026.09.4"},{"timestamp":"2026-09-14T02:30:07.200Z","computer":"srv-001","event_id":4624,"record_id":103336,"user":"employee-358","source_ip":"10.10.1.10","target":"logon-session","logon_type":2,"change_ticket":"","result":"success","channel":"Security","provider":"Microsoft-Windows-Security-Auditing","logon_id":"ae075aeea1d4c5ed","process_id":3310,"image_path":"","run_as":"","publisher":"","update_state":"installed","agent_build":"2026.09.1"},{"timestamp":"2026-09-14T02:30:09.900Z","computer":"srv-055","event_id":4634,"record_id":103337,"user":"employee-162","source_ip":"10.10.3.24","target":"logon-session","logon_type":3,"change_ticket":"","result":"success","channel":"Security","provider":"Microsoft-Windows-Security-Auditing","logon_id":"ae075aeea1d4c5ed","process_id":25470,"image_path":"","run_as":"","publisher":"","update_state":"failed","agent_build":"2026.09.2"},{"timestamp":"2026-09-14T02:30:12.600Z","computer":"srv-120","event_id":4688,"record_id":103338,"user":"employee-67","source_ip":"10.11.2.29","target":"logon-session","logon_type":null,"change_ticket":"","result":"success","channel":"Security","provider":"Microsoft-Windows-Security-Auditing","logon_id":"ae075aeea1d4c5ed","process_id":2935,"image_path":"C:/Program Files/ApprovedAgent/agent.exe","run_as":"","publisher":"Approved Software Team","update_state":"installed","agent_build":"2026.09.3"},{"timestamp":"2026-09-14T02:30:15.300Z","computer":"srv-153","event_id":4625,"record_id":103339,"user":"employee-169","source_ip":"10.11.4.22","target":"logon-session","logon_type":2,"change_ticket":"","result":"failure","channel":"Security","provider":"Microsoft-Windows-Security-Auditing","logon_id":"ae075aeea1d4c5ed","process_id":6678,"image_path":"","run_as":"","publisher":"","update_state":"installed","agent_build":"2026.09.4"},{"timestamp":"2026-09-14T02:30:18.000Z","computer":"srv-239","event_id":4698,"record_id":103340,"user":"employee-283","source_ip":"10.12.4.28","target":"Approved-Maintenance","logon_type":null,"change_ticket":"CHG-DEPLOY-18","result":"success","channel":"Security","provider":"Microsoft-Windows-Security-Auditing","logon_id":"867e1d7ad5e33a27","process_id":18064,"image_path":"C:/Program Files/ApprovedAgent/agent.exe","run_as":"svc-agent","publisher":"Approved Software Team","update_state":"installed","agent_build":"2026.09.1"},{"timestamp":"2026-09-14T02:30:20.700Z","computer":"srv-238","event_id":4728,"record_id":103341,"user":"deployment-admin","source_ip":"10.12.4.27","target":"Project-Readers","logon_type":null,"change_ticket":"CHG-DEPLOY-18","result":"success","channel":"Security","provider":"Microsoft-Windows-Security-Auditing","logon_id":"867e1d7ad5e33a27","process_id":15452,"image_path":"","run_as":"","publisher":"","update_state":"installed","agent_build":"2026.09.2"},{"timestamp":"2026-09-14T02:30:23.400Z","computer":"srv-153","event_id":4697,"record_id":103342,"user":"employee-19","source_ip":"10.11.4.22","target":"ApprovedAgent","logon_type":null,"change_ticket":"CHG-DEPLOY-18","result":"success","channel":"Security","provider":"Microsoft-Windows-Security-Auditing","logon_id":"867e1d7ad5e33a27","process_id":22348,"image_path":"C:/Program Files/ApprovedAgent/agent.exe","run_as":"svc-agent","publisher":"Approved Software Team","update_state":"installed","agent_build":"2026.09.3"},{"timestamp":"2026-09-14T02:30:26.100Z","computer":"srv-196","event_id":4624,"record_id":103343,"user":"employee-13","source_ip":"10.12.2.25","target":"logon-session","logon_type":3,"change_ticket":"","result":"success","channel":"Security","provider":"Microsoft-Windows-Security-Auditing","logon_id":"867e1d7ad5e33a27","process_id":9612,"image_path":"","run_as":"","publisher":"","update_state":"installed","agent_build":"2026.09.4"},{"timestamp":"2026-09-14T02:30:28.800Z","computer":"srv-027","event_id":4624,"record_id":103344,"user":"employee-157","source_ip":"10.10.2.16","target":"logon-session","logon_type":10,"change_ticket":"","result":"success","channel":"Security","provider":"Microsoft-Windows-Security-Auditing","logon_id":"a3600a9f4d066588","process_id":10642,"image_path":"","run_as":"","publisher":"","update_state":"installed","agent_build":"2026.09.1"},{"timestamp":"2026-09-14T02:30:31.500Z","computer":"srv-130","event_id":4634,"record_id":103345,"user":"employee-308","source_ip":"10.11.3.19","target":"logon-session","logon_type":2,"change_ticket":"","result":"success","channel":"Security","provider":"Microsoft-Windows-Security-Auditing","logon_id":"a3600a9f4d066588","process_id":21864,"image_path":"","run_as":"","publisher":"","update_state":"installed","agent_build":"2026.09.2"},{"timestamp":"2026-09-14T02:30:34.200Z","computer":"srv-077","event_id":4688,"record_id":103346,"user":"employee-101","source_ip":"10.10.4.26","target":"logon-session","logon_type":null,"change_ticket":"","result":"success","channel":"Security","provider":"Microsoft-Windows-Security-Auditing","logon_id":"a3600a9f4d066588","process_id":2457,"image_path":"C:/Program Files/ApprovedAgent/agent.exe","run_as":"","publisher":"Approved Software Team","update_state":"installed","agent_build":"2026.09.3"},{"timestamp":"2026-09-14T02:30:36.900Z","computer":"srv-012","event_id":4625,"record_id":103347,"user":"employee-228","source_ip":"10.10.1.21","target":"logon-session","logon_type":10,"change_ticket":"","result":"failure","channel":"Security","provider":"Microsoft-Windows-Security-Auditing","logon_id":"a3600a9f4d066588","process_id":22734,"image_path":"","run_as":"","publisher":"","update_state":"installed","agent_build":"2026.09.4"},{"timestamp":"2026-09-14T02:30:39.600Z","computer":"srv-088","event_id":4698,"record_id":103348,"user":"employee-370","source_ip":"10.11.1.17","target":"Approved-Maintenance","logon_type":null,"change_ticket":"CHG-DEPLOY-18","result":"success","channel":"Security","provider":"Microsoft-Windows-Security-Auditing","logon_id":"2461479a9b034311","process_id":19814,"image_path":"C:/Program Files/ApprovedAgent/agent.exe","run_as":"svc-agent","publisher":"Approved Software Team","update_state":"restart-pending","agent_build":"2026.09.1"},{"timestamp":"2026-09-14T02:30:42.300Z","computer":"srv-206","event_id":4728,"record_id":103349,"user":"employee-449","source_ip":"10.12.3.15","target":"Project-Readers","logon_type":null,"change_ticket":"CHG-DEPLOY-18","result":"success","channel":"Security","provider":"Microsoft-Windows-Security-Auditing","logon_id":"2461479a9b034311","process_id":18845,"image_path":"","run_as":"","publisher":"","update_state":"installed","agent_build":"2026.09.2"},{"timestamp":"2026-09-14T02:30:45.000Z","computer":"srv-228","event_id":4697,"record_id":103350,"user":"employee-477","source_ip":"10.12.4.17","target":"ApprovedAgent","logon_type":null,"change_ticket":"CHG-DEPLOY-18","result":"success","channel":"Security","provider":"Microsoft-Windows-Security-Auditing","logon_id":"2461479a9b034311","process_id":18700,"image_path":"C:/Program Files/ApprovedAgent/agent.exe","run_as":"svc-agent","publisher":"Approved Software Team","update_state":"installed","agent_build":"2026.09.3"},{"timestamp":"2026-09-14T02:30:47.700Z","computer":"srv-212","event_id":4624,"record_id":103351,"user":"employee-51","source_ip":"10.12.3.21","target":"logon-session","logon_type":2,"change_ticket":"","result":"success","channel":"Security","provider":"Microsoft-Windows-Security-Auditing","logon_id":"2461479a9b034311","process_id":2725,"image_path":"","run_as":"","publisher":"","update_state":"installed","agent_build":"2026.09.4"},{"timestamp":"2026-09-14T02:30:50.400Z","computer":"srv-222","event_id":4624,"record_id":103352,"user":"employee-155","source_ip":"10.12.4.11","target":"logon-session","logon_type":3,"change_ticket":"","result":"success","channel":"Security","provider":"Microsoft-Windows-Security-Auditing","logon_id":"4c7c3791308a4351","process_id":15818,"image_path":"","run_as":"","publisher":"","update_state":"installed","agent_build":"2026.09.1"},{"timestamp":"2026-09-14T02:30:53.100Z","computer":"srv-129","event_id":4634,"record_id":103353,"user":"employee-421","source_ip":"10.11.3.18","target":"logon-session","logon_type":10,"change_ticket":"","result":"success","channel":"Security","provider":"Microsoft-Windows-Security-Auditing","logon_id":"4c7c3791308a4351","process_id":7066,"image_path":"","run_as":"","publisher":"","update_state":"installed","agent_build":"2026.09.2"},{"timestamp":"2026-09-14T02:30:55.800Z","computer":"srv-235","event_id":4688,"record_id":103354,"user":"deployment-admin","source_ip":"10.12.4.24","target":"logon-session","logon_type":null,"change_ticket":"","result":"success","channel":"Security","provider":"Microsoft-Windows-Security-Auditing","logon_id":"4c7c3791308a4351","process_id":24412,"image_path":"C:/Program Files/ApprovedAgent/agent.exe","run_as":"","publisher":"Approved Software Team","update_state":"installed","agent_build":"2026.09.3"},{"timestamp":"2026-09-14T02:30:58.500Z","computer":"srv-108","event_id":4625,"record_id":103355,"user":"employee-389","source_ip":"10.11.2.17","target":"logon-session","logon_type":3,"change_ticket":"","result":"failure","channel":"Security","provider":"Microsoft-Windows-Security-Auditing","logon_id":"4c7c3791308a4351","process_id":11716,"image_path":"","run_as":"","publisher":"","update_state":"installed","agent_build":"2026.09.4"},{"timestamp":"2026-09-14T02:31:01.200Z","computer":"srv-015","event_id":4698,"record_id":103356,"user":"employee-174","source_ip":"10.10.1.24","target":"Approved-Maintenance","logon_type":null,"change_ticket":"CHG-DEPLOY-18","result":"success","channel":"Security","provider":"Microsoft-Windows-Security-Auditing","logon_id":"bf4531d385945b8e","process_id":11906,"image_path":"C:/Program Files/ApprovedAgent/agent.exe","run_as":"svc-agent","publisher":"Approved Software Team","update_state":"installed","agent_build":"2026.09.1"},{"timestamp":"2026-09-14T02:31:03.900Z","computer":"srv-178","event_id":4728,"record_id":103357,"user":"employee-446","source_ip":"10.12.1.27","target":"Project-Readers","logon_type":null,"change_ticket":"CHG-DEPLOY-18","result":"success","channel":"Security","provider":"Microsoft-Windows-Security-Auditing","logon_id":"bf4531d385945b8e","process_id":21139,"image_path":"","run_as":"","publisher":"","update_state":"installed","agent_build":"2026.09.2"},{"timestamp":"2026-09-14T02:31:06.600Z","computer":"srv-036","event_id":4697,"record_id":103358,"user":"employee-345","source_ip":"10.10.2.25","target":"ApprovedAgent","logon_type":null,"change_ticket":"CHG-DEPLOY-18","result":"success","channel":"Security","provider":"Microsoft-Windows-Security-Auditing","logon_id":"bf4531d385945b8e","process_id":25308,"image_path":"C:/Program Files/ApprovedAgent/agent.exe","run_as":"svc-agent","publisher":"Approved Software Team","update_state":"installed","agent_build":"2026.09.3"},{"timestamp":"2026-09-14T02:31:09.300Z","computer":"srv-087","event_id":4624,"record_id":103359,"user":"employee-383","source_ip":"10.11.1.16","target":"logon-session","logon_type":10,"change_ticket":"","result":"success","channel":"Security","provider":"Microsoft-Windows-Security-Auditing","logon_id":"bf4531d385945b8e","process_id":10272,"image_path":"","run_as":"","publisher":"","update_state":"installed","agent_build":"2026.09.4"},{"timestamp":"2026-09-14T02:31:12.000Z","computer":"srv-140","event_id":4624,"record_id":103360,"user":"employee-240","source_ip":"10.11.3.29","target":"logon-session","logon_type":2,"change_ticket":"","result":"success","channel":"Security","provider":"Microsoft-Windows-Security-Auditing","logon_id":"2ec28a1e28e5ad35","process_id":19809,"image_path":"","run_as":"","publisher":"","update_state":"installed","agent_build":"2026.09.1"},{"timestamp":"2026-09-14T02:31:14.700Z","computer":"srv-133","event_id":4634,"record_id":103361,"user":"employee-155","source_ip":"10.11.3.22","target":"logon-session","logon_type":3,"change_ticket":"","result":"success","channel":"Security","provider":"Microsoft-Windows-Security-Auditing","logon_id":"2ec28a1e28e5ad35","process_id":23232,"image_path":"","run_as":"","publisher":"","update_state":"installed","agent_build":"2026.09.2"},{"timestamp":"2026-09-14T02:31:17.400Z","computer":"srv-159","event_id":4688,"record_id":103362,"user":"employee-213","source_ip":"10.11.4.28","target":"logon-session","logon_type":null,"change_ticket":"","result":"success","channel":"Security","provider":"Microsoft-Windows-Security-Auditing","logon_id":"2ec28a1e28e5ad35","process_id":6717,"image_path":"C:/Program Files/ApprovedAgent/agent.exe","run_as":"","publisher":"Approved Software Team","update_state":"installed","agent_build":"2026.09.3"},{"timestamp":"2026-09-14T02:31:20.100Z","computer":"srv-137","event_id":4625,"record_id":103363,"user":"employee-393","source_ip":"10.11.3.26","target":"logon-session","logon_type":2,"change_ticket":"","result":"failure","channel":"Security","provider":"Microsoft-Windows-Security-Auditing","logon_id":"2ec28a1e28e5ad35","process_id":25072,"image_path":"","run_as":"","publisher":"","update_state":"no-report","agent_build":"2026.09.4"},{"timestamp":"2026-09-14T02:31:22.800Z","computer":"srv-183","event_id":4698,"record_id":103364,"user":"employee-286","source_ip":"10.12.2.12","target":"Approved-Maintenance","logon_type":null,"change_ticket":"CHG-DEPLOY-18","result":"success","channel":"Security","provider":"Microsoft-Windows-Security-Auditing","logon_id":"e85f5461df0755bf","process_id":8734,"image_path":"C:/Program Files/ApprovedAgent/agent.exe","run_as":"svc-agent","publisher":"Approved Software Team","update_state":"installed","agent_build":"2026.09.1"},{"timestamp":"2026-09-14T02:31:25.500Z","computer":"srv-114","event_id":4728,"record_id":103365,"user":"employee-244","source_ip":"10.11.2.23","target":"Project-Readers","logon_type":null,"change_ticket":"CHG-DEPLOY-18","result":"success","channel":"Security","provider":"Microsoft-Windows-Security-Auditing","logon_id":"e85f5461df0755bf","process_id":2363,"image_path":"","run_as":"","publisher":"","update_state":"installed","agent_build":"2026.09.2"},{"timestamp":"2026-09-14T02:31:28.200Z","computer":"srv-018","event_id":4697,"record_id":103366,"user":"employee-369","source_ip":"10.10.1.27","target":"ApprovedAgent","logon_type":null,"change_ticket":"CHG-DEPLOY-18","result":"success","channel":"Security","provider":"Microsoft-Windows-Security-Auditing","logon_id":"e85f5461df0755bf","process_id":16457,"image_path":"C:/Program Files/ApprovedAgent/agent.exe","run_as":"svc-agent","publisher":"Approved Software Team","update_state":"installed","agent_build":"2026.09.3"},{"timestamp":"2026-09-14T02:31:30.900Z","computer":"srv-187","event_id":4624,"record_id":103367,"user":"deployment-admin","source_ip":"10.12.2.16","target":"logon-session","logon_type":3,"change_ticket":"","result":"success","channel":"Security","provider":"Microsoft-Windows-Security-Auditing","logon_id":"e85f5461df0755bf","process_id":25581,"image_path":"","run_as":"","publisher":"","update_state":"installed","agent_build":"2026.09.4"},{"timestamp":"2026-09-14T02:31:33.600Z","computer":"srv-146","event_id":4624,"record_id":103368,"user":"employee-14","source_ip":"10.11.4.15","target":"logon-session","logon_type":10,"change_ticket":"","result":"success","channel":"Security","provider":"Microsoft-Windows-Security-Auditing","logon_id":"cc341f44823d2bc3","process_id":15062,"image_path":"","run_as":"","publisher":"","update_state":"installed","agent_build":"2026.09.1"},{"timestamp":"2026-09-14T02:31:36.300Z","computer":"srv-030","event_id":4634,"record_id":103369,"user":"employee-307","source_ip":"10.10.2.19","target":"logon-session","logon_type":2,"change_ticket":"","result":"success","channel":"Security","provider":"Microsoft-Windows-Security-Auditing","logon_id":"cc341f44823d2bc3","process_id":3767,"image_path":"","run_as":"","publisher":"","update_state":"installed","agent_build":"2026.09.2"},{"timestamp":"2026-09-14T02:31:39.000Z","computer":"srv-109","event_id":4688,"record_id":103370,"user":"employee-364","source_ip":"10.11.2.18","target":"logon-session","logon_type":null,"change_ticket":"","result":"success","channel":"Security","provider":"Microsoft-Windows-Security-Auditing","logon_id":"cc341f44823d2bc3","process_id":15494,"image_path":"C:/Program Files/ApprovedAgent/agent.exe","run_as":"","publisher":"Approved Software Team","update_state":"installed","agent_build":"2026.09.3"},{"timestamp":"2026-09-14T02:31:41.700Z","computer":"srv-004","event_id":4625,"record_id":103371,"user":"employee-215","source_ip":"10.10.1.13","target":"logon-session","logon_type":10,"change_ticket":"","result":"failure","channel":"Security","provider":"Microsoft-Windows-Security-Auditing","logon_id":"cc341f44823d2bc3","process_id":24211,"image_path":"","run_as":"","publisher":"","update_state":"installed","agent_build":"2026.09.4"},{"timestamp":"2026-09-14T02:31:44.400Z","computer":"srv-019","event_id":4698,"record_id":103372,"user":"employee-276","source_ip":"10.10.1.28","target":"Approved-Maintenance","logon_type":null,"change_ticket":"CHG-DEPLOY-18","result":"success","channel":"Security","provider":"Microsoft-Windows-Security-Auditing","logon_id":"9697785bb022fce3","process_id":11853,"image_path":"C:/Program Files/ApprovedAgent/agent.exe","run_as":"svc-agent","publisher":"Approved Software Team","update_state":"installed","agent_build":"2026.09.1"},{"timestamp":"2026-09-14T02:31:47.100Z","computer":"srv-136","event_id":4728,"record_id":103373,"user":"employee-231","source_ip":"10.11.3.25","target":"Project-Readers","logon_type":null,"change_ticket":"CHG-DEPLOY-18","result":"success","channel":"Security","provider":"Microsoft-Windows-Security-Auditing","logon_id":"9697785bb022fce3","process_id":13198,"image_path":"","run_as":"","publisher":"","update_state":"installed","agent_build":"2026.09.2"},{"timestamp":"2026-09-14T02:31:49.800Z","computer":"srv-132","event_id":4697,"record_id":103374,"user":"employee-157","source_ip":"10.11.3.21","target":"ApprovedAgent","logon_type":null,"change_ticket":"CHG-DEPLOY-18","result":"success","channel":"Security","provider":"Microsoft-Windows-Security-Auditing","logon_id":"9697785bb022fce3","process_id":20276,"image_path":"C:/Program Files/ApprovedAgent/agent.exe","run_as":"svc-agent","publisher":"Approved Software Team","update_state":"installed","agent_build":"2026.09.3"},{"timestamp":"2026-09-14T02:31:52.500Z","computer":"srv-039","event_id":4624,"record_id":103375,"user":"employee-479","source_ip":"10.10.2.28","target":"logon-session","logon_type":2,"change_ticket":"","result":"success","channel":"Security","provider":"Microsoft-Windows-Security-Auditing","logon_id":"9697785bb022fce3","process_id":1255,"image_path":"","run_as":"","publisher":"","update_state":"installed","agent_build":"2026.09.4"},{"timestamp":"2026-09-14T02:31:55.200Z","computer":"srv-143","event_id":4624,"record_id":103376,"user":"employee-261","source_ip":"10.11.4.12","target":"logon-session","logon_type":3,"change_ticket":"","result":"success","channel":"Security","provider":"Microsoft-Windows-Security-Auditing","logon_id":"6aa3f474b4f7a0e7","process_id":22226,"image_path":"","run_as":"","publisher":"","update_state":"installed","agent_build":"2026.09.1"},{"timestamp":"2026-09-14T02:31:57.900Z","computer":"srv-039","event_id":4634,"record_id":103377,"user":"employee-270","source_ip":"10.10.2.28","target":"logon-session","logon_type":10,"change_ticket":"","result":"success","channel":"Security","provider":"Microsoft-Windows-Security-Auditing","logon_id":"6aa3f474b4f7a0e7","process_id":9888,"image_path":"","run_as":"","publisher":"","update_state":"installed","agent_build":"2026.09.2"},{"timestamp":"2026-09-14T02:32:00.600Z","computer":"srv-203","event_id":4688,"record_id":103378,"user":"employee-178","source_ip":"10.12.3.12","target":"logon-session","logon_type":null,"change_ticket":"","result":"success","channel":"Security","provider":"Microsoft-Windows-Security-Auditing","logon_id":"6aa3f474b4f7a0e7","process_id":13895,"image_path":"C:/Program Files/ApprovedAgent/agent.exe","run_as":"","publisher":"Approved Software Team","update_state":"installed","agent_build":"2026.09.3"},{"timestamp":"2026-09-14T02:32:03.300Z","computer":"srv-147","event_id":4625,"record_id":103379,"user":"employee-181","source_ip":"10.11.4.16","target":"logon-session","logon_type":3,"change_ticket":"","result":"failure","channel":"Security","provider":"Microsoft-Windows-Security-Auditing","logon_id":"6aa3f474b4f7a0e7","process_id":24876,"image_path":"","run_as":"","publisher":"","update_state":"restart-pending","agent_build":"2026.09.4"},{"timestamp":"2026-09-14T02:32:06.000Z","computer":"srv-086","event_id":4698,"record_id":103380,"user":"deployment-admin","source_ip":"10.11.1.15","target":"Approved-Maintenance","logon_type":null,"change_ticket":"CHG-DEPLOY-18","result":"success","channel":"Security","provider":"Microsoft-Windows-Security-Auditing","logon_id":"1e3de4f66403876d","process_id":6224,"image_path":"C:/Program Files/ApprovedAgent/agent.exe","run_as":"svc-agent","publisher":"Approved Software Team","update_state":"installed","agent_build":"2026.09.1"},{"timestamp":"2026-09-14T02:32:08.700Z","computer":"srv-147","event_id":4728,"record_id":103381,"user":"employee-446","source_ip":"10.11.4.16","target":"Project-Readers","logon_type":null,"change_ticket":"CHG-DEPLOY-18","result":"success","channel":"Security","provider":"Microsoft-Windows-Security-Auditing","logon_id":"1e3de4f66403876d","process_id":19601,"image_path":"","run_as":"","publisher":"","update_state":"installed","agent_build":"2026.09.2"},{"timestamp":"2026-09-14T02:32:11.400Z","computer":"srv-110","event_id":4697,"record_id":103382,"user":"employee-231","source_ip":"10.11.2.19","target":"ApprovedAgent","logon_type":null,"change_ticket":"CHG-DEPLOY-18","result":"success","channel":"Security","provider":"Microsoft-Windows-Security-Auditing","logon_id":"1e3de4f66403876d","process_id":25630,"image_path":"C:/Program Files/ApprovedAgent/agent.exe","run_as":"svc-agent","publisher":"Approved Software Team","update_state":"installed","agent_build":"2026.09.3"},{"timestamp":"2026-09-14T02:32:14.100Z","computer":"srv-014","event_id":4624,"record_id":103383,"user":"employee-345","source_ip":"10.10.1.23","target":"logon-session","logon_type":10,"change_ticket":"","result":"success","channel":"Security","provider":"Microsoft-Windows-Security-Auditing","logon_id":"1e3de4f66403876d","process_id":16487,"image_path":"","run_as":"","publisher":"","update_state":"installed","agent_build":"2026.09.4"},{"timestamp":"2026-09-14T02:32:16.800Z","computer":"srv-014","event_id":4624,"record_id":103384,"user":"employee-177","source_ip":"10.10.1.23","target":"logon-session","logon_type":2,"change_ticket":"","result":"success","channel":"Security","provider":"Microsoft-Windows-Security-Auditing","logon_id":"7ab66e099d7953f7","process_id":19826,"image_path":"","run_as":"","publisher":"","update_state":"failed","agent_build":"2026.09.1"},{"timestamp":"2026-09-14T02:32:19.500Z","computer":"srv-121","event_id":4634,"record_id":103385,"user":"employee-113","source_ip":"10.11.3.10","target":"logon-session","logon_type":3,"change_ticket":"","result":"success","channel":"Security","provider":"Microsoft-Windows-Security-Auditing","logon_id":"7ab66e099d7953f7","process_id":11117,"image_path":"","run_as":"","publisher":"","update_state":"installed","agent_build":"2026.09.2"},{"timestamp":"2026-09-14T02:32:22.200Z","computer":"srv-007","event_id":4688,"record_id":103386,"user":"employee-183","source_ip":"10.10.1.16","target":"logon-session","logon_type":null,"change_ticket":"","result":"success","channel":"Security","provider":"Microsoft-Windows-Security-Auditing","logon_id":"7ab66e099d7953f7","process_id":4675,"image_path":"C:/Program Files/ApprovedAgent/agent.exe","run_as":"","publisher":"Approved Software Team","update_state":"installed","agent_build":"2026.09.3"},{"timestamp":"2026-09-14T02:32:24.900Z","computer":"srv-218","event_id":4625,"record_id":103387,"user":"employee-112","source_ip":"10.12.3.27","target":"logon-session","logon_type":2,"change_ticket":"","result":"failure","channel":"Security","provider":"Microsoft-Windows-Security-Auditing","logon_id":"7ab66e099d7953f7","process_id":2564,"image_path":"","run_as":"","publisher":"","update_state":"installed","agent_build":"2026.09.4"},{"timestamp":"2026-09-14T02:32:27.600Z","computer":"srv-086","event_id":4698,"record_id":103388,"user":"employee-362","source_ip":"10.11.1.15","target":"Approved-Maintenance","logon_type":null,"change_ticket":"CHG-DEPLOY-18","result":"success","channel":"Security","provider":"Microsoft-Windows-Security-Auditing","logon_id":"0262b353e3fb5115","process_id":11005,"image_path":"C:/Program Files/ApprovedAgent/agent.exe","run_as":"svc-agent","publisher":"Approved Software Team","update_state":"installed","agent_build":"2026.09.1"},{"timestamp":"2026-09-14T02:32:30.300Z","computer":"srv-233","event_id":4728,"record_id":103389,"user":"employee-353","source_ip":"10.12.4.22","target":"Project-Readers","logon_type":null,"change_ticket":"CHG-DEPLOY-18","result":"success","channel":"Security","provider":"Microsoft-Windows-Security-Auditing","logon_id":"0262b353e3fb5115","process_id":11067,"image_path":"","run_as":"","publisher":"","update_state":"installed","agent_build":"2026.09.2"},{"timestamp":"2026-09-14T02:32:33.000Z","computer":"srv-058","event_id":4697,"record_id":103390,"user":"employee-128","source_ip":"10.10.3.27","target":"ApprovedAgent","logon_type":null,"change_ticket":"CHG-DEPLOY-18","result":"success","channel":"Security","provider":"Microsoft-Windows-Security-Auditing","logon_id":"0262b353e3fb5115","process_id":8401,"image_path":"C:/Program Files/ApprovedAgent/agent.exe","run_as":"svc-agent","publisher":"Approved Software Team","update_state":"installed","agent_build":"2026.09.3"},{"timestamp":"2026-09-14T02:32:35.700Z","computer":"srv-183","event_id":4624,"record_id":103391,"user":"employee-332","source_ip":"10.12.2.12","target":"logon-session","logon_type":3,"change_ticket":"","result":"success","channel":"Security","provider":"Microsoft-Windows-Security-Auditing","logon_id":"0262b353e3fb5115","process_id":6381,"image_path":"","run_as":"","publisher":"","update_state":"installed","agent_build":"2026.09.4"},