{"timestamp":"2026-09-14T01:06:46.800Z","computer":"srv-199","event_id":4698,"record_id":101484,"user":"employee-253","source_ip":"10.12.2.28","target":"Approved-Maintenance","logon_type":null,"change_ticket":"CHG-DEPLOY-18","result":"success","channel":"Security","provider":"Microsoft-Windows-Security-Auditing","logon_id":"b7ee3bc0cdd39e01","process_id":14450,"image_path":"C:/Program Files/ApprovedAgent/agent.exe","run_as":"svc-agent","publisher":"Approved Software Team","update_state":"installed","agent_build":"2026.09.1"},{"timestamp":"2026-09-14T01:06:49.500Z","computer":"srv-077","event_id":4728,"record_id":101485,"user":"employee-460","source_ip":"10.10.4.26","target":"Project-Readers","logon_type":null,"change_ticket":"CHG-DEPLOY-18","result":"success","channel":"Security","provider":"Microsoft-Windows-Security-Auditing","logon_id":"b7ee3bc0cdd39e01","process_id":23198,"image_path":"","run_as":"","publisher":"","update_state":"installed","agent_build":"2026.09.2"},{"timestamp":"2026-09-14T01:06:52.200Z","computer":"srv-097","event_id":4697,"record_id":101486,"user":"employee-479","source_ip":"10.11.1.26","target":"ApprovedAgent","logon_type":null,"change_ticket":"CHG-DEPLOY-18","result":"success","channel":"Security","provider":"Microsoft-Windows-Security-Auditing","logon_id":"b7ee3bc0cdd39e01","process_id":17329,"image_path":"C:/Program Files/ApprovedAgent/agent.exe","run_as":"svc-agent","publisher":"Approved Software Team","update_state":"installed","agent_build":"2026.09.3"},{"timestamp":"2026-09-14T01:06:54.900Z","computer":"srv-133","event_id":4624,"record_id":101487,"user":"employee-456","source_ip":"10.11.3.22","target":"logon-session","logon_type":10,"change_ticket":"","result":"success","channel":"Security","provider":"Microsoft-Windows-Security-Auditing","logon_id":"b7ee3bc0cdd39e01","process_id":15268,"image_path":"","run_as":"","publisher":"","update_state":"installed","agent_build":"2026.09.4"},{"timestamp":"2026-09-14T01:06:57.600Z","computer":"srv-096","event_id":4624,"record_id":101488,"user":"employee-325","source_ip":"10.11.1.25","target":"logon-session","logon_type":2,"change_ticket":"","result":"success","channel":"Security","provider":"Microsoft-Windows-Security-Auditing","logon_id":"adb2f02a3711bf2f","process_id":19878,"image_path":"","run_as":"","publisher":"","update_state":"restart-pending","agent_build":"2026.09.1"},{"timestamp":"2026-09-14T01:07:00.300Z","computer":"srv-100","event_id":4634,"record_id":101489,"user":"employee-185","source_ip":"10.11.1.29","target":"logon-session","logon_type":3,"change_ticket":"","result":"success","channel":"Security","provider":"Microsoft-Windows-Security-Auditing","logon_id":"adb2f02a3711bf2f","process_id":18258,"image_path":"","run_as":"","publisher":"","update_state":"installed","agent_build":"2026.09.2"},{"timestamp":"2026-09-14T01:07:03.000Z","computer":"srv-075","event_id":4688,"record_id":101490,"user":"employee-384","source_ip":"10.10.4.24","target":"logon-session","logon_type":null,"change_ticket":"","result":"success","channel":"Security","provider":"Microsoft-Windows-Security-Auditing","logon_id":"adb2f02a3711bf2f","process_id":23715,"image_path":"C:/Program Files/ApprovedAgent/agent.exe","run_as":"","publisher":"Approved Software Team","update_state":"installed","agent_build":"2026.09.3"},{"timestamp":"2026-09-14T01:07:05.700Z","computer":"srv-190","event_id":4625,"record_id":101491,"user":"employee-463","source_ip":"10.12.2.19","target":"logon-session","logon_type":2,"change_ticket":"","result":"failure","channel":"Security","provider":"Microsoft-Windows-Security-Auditing","logon_id":"adb2f02a3711bf2f","process_id":16657,"image_path":"","run_as":"","publisher":"","update_state":"installed","agent_build":"2026.09.4"},{"timestamp":"2026-09-14T01:07:08.400Z","computer":"srv-109","event_id":4698,"record_id":101492,"user":"employee-442","source_ip":"10.11.2.18","target":"Approved-Maintenance","logon_type":null,"change_ticket":"CHG-DEPLOY-18","result":"success","channel":"Security","provider":"Microsoft-Windows-Security-Auditing","logon_id":"047335700ce7969f","process_id":18649,"image_path":"C:/Program Files/ApprovedAgent/agent.exe","run_as":"svc-agent","publisher":"Approved Software Team","update_state":"installed","agent_build":"2026.09.1"},{"timestamp":"2026-09-14T01:07:11.100Z","computer":"srv-216","event_id":4728,"record_id":101493,"user":"employee-440","source_ip":"10.12.3.25","target":"Project-Readers","logon_type":null,"change_ticket":"CHG-DEPLOY-18","result":"success","channel":"Security","provider":"Microsoft-Windows-Security-Auditing","logon_id":"047335700ce7969f","process_id":4150,"image_path":"","run_as":"","publisher":"","update_state":"installed","agent_build":"2026.09.2"},{"timestamp":"2026-09-14T01:07:13.800Z","computer":"srv-173","event_id":4697,"record_id":101494,"user":"employee-86","source_ip":"10.12.1.22","target":"ApprovedAgent","logon_type":null,"change_ticket":"CHG-DEPLOY-18","result":"success","channel":"Security","provider":"Microsoft-Windows-Security-Auditing","logon_id":"047335700ce7969f","process_id":18630,"image_path":"C:/Program Files/ApprovedAgent/agent.exe","run_as":"svc-agent","publisher":"Approved Software Team","update_state":"installed","agent_build":"2026.09.3"},{"timestamp":"2026-09-14T01:07:16.500Z","computer":"srv-140","event_id":4624,"record_id":101495,"user":"deployment-admin","source_ip":"10.11.3.29","target":"logon-session","logon_type":3,"change_ticket":"","result":"success","channel":"Security","provider":"Microsoft-Windows-Security-Auditing","logon_id":"047335700ce7969f","process_id":6851,"image_path":"","run_as":"","publisher":"","update_state":"installed","agent_build":"2026.09.4"},{"timestamp":"2026-09-14T01:07:19.200Z","computer":"srv-059","event_id":4624,"record_id":101496,"user":"employee-211","source_ip":"10.10.3.28","target":"logon-session","logon_type":10,"change_ticket":"","result":"success","channel":"Security","provider":"Microsoft-Windows-Security-Auditing","logon_id":"e5c600da4bc5c4de","process_id":24363,"image_path":"","run_as":"","publisher":"","update_state":"installed","agent_build":"2026.09.1"},{"timestamp":"2026-09-14T01:07:21.900Z","computer":"srv-057","event_id":4634,"record_id":101497,"user":"employee-342","source_ip":"10.10.3.26","target":"logon-session","logon_type":2,"change_ticket":"","result":"success","channel":"Security","provider":"Microsoft-Windows-Security-Auditing","logon_id":"e5c600da4bc5c4de","process_id":17844,"image_path":"","run_as":"","publisher":"","update_state":"installed","agent_build":"2026.09.2"},{"timestamp":"2026-09-14T01:07:24.600Z","computer":"srv-236","event_id":4688,"record_id":101498,"user":"employee-371","source_ip":"10.12.4.25","target":"logon-session","logon_type":null,"change_ticket":"","result":"success","channel":"Security","provider":"Microsoft-Windows-Security-Auditing","logon_id":"e5c600da4bc5c4de","process_id":18003,"image_path":"C:/Program Files/ApprovedAgent/agent.exe","run_as":"","publisher":"Approved Software Team","update_state":"installed","agent_build":"2026.09.3"},{"timestamp":"2026-09-14T01:07:27.300Z","computer":"srv-045","event_id":4625,"record_id":101499,"user":"employee-331","source_ip":"10.10.3.14","target":"logon-session","logon_type":10,"change_ticket":"","result":"failure","channel":"Security","provider":"Microsoft-Windows-Security-Auditing","logon_id":"e5c600da4bc5c4de","process_id":10284,"image_path":"","run_as":"","publisher":"","update_state":"installed","agent_build":"2026.09.4"},{"timestamp":"2026-09-14T01:07:30.000Z","computer":"srv-191","event_id":4698,"record_id":101500,"user":"employee-254","source_ip":"10.12.2.20","target":"Approved-Maintenance","logon_type":null,"change_ticket":"CHG-DEPLOY-18","result":"success","channel":"Security","provider":"Microsoft-Windows-Security-Auditing","logon_id":"98a8b5d2f7968668","process_id":23017,"image_path":"C:/Program Files/ApprovedAgent/agent.exe","run_as":"svc-agent","publisher":"Approved Software Team","update_state":"installed","agent_build":"2026.09.1"},{"timestamp":"2026-09-14T01:07:32.700Z","computer":"srv-091","event_id":4728,"record_id":101501,"user":"employee-50","source_ip":"10.11.1.20","target":"Project-Readers","logon_type":null,"change_ticket":"CHG-DEPLOY-18","result":"success","channel":"Security","provider":"Microsoft-Windows-Security-Auditing","logon_id":"98a8b5d2f7968668","process_id":12724,"image_path":"","run_as":"","publisher":"","update_state":"installed","agent_build":"2026.09.2"},{"timestamp":"2026-09-14T01:07:35.400Z","computer":"srv-199","event_id":4697,"record_id":101502,"user":"employee-175","source_ip":"10.12.2.28","target":"ApprovedAgent","logon_type":null,"change_ticket":"CHG-DEPLOY-18","result":"success","channel":"Security","provider":"Microsoft-Windows-Security-Auditing","logon_id":"98a8b5d2f7968668","process_id":6680,"image_path":"C:/Program Files/ApprovedAgent/agent.exe","run_as":"svc-agent","publisher":"Approved Software Team","update_state":"installed","agent_build":"2026.09.3"},{"timestamp":"2026-09-14T01:07:38.100Z","computer":"srv-083","event_id":4624,"record_id":101503,"user":"employee-118","source_ip":"10.11.1.12","target":"logon-session","logon_type":2,"change_ticket":"","result":"success","channel":"Security","provider":"Microsoft-Windows-Security-Auditing","logon_id":"98a8b5d2f7968668","process_id":15573,"image_path":"","run_as":"","publisher":"","update_state":"installed","agent_build":"2026.09.4"},{"timestamp":"2026-09-14T01:07:40.800Z","computer":"srv-095","event_id":4624,"record_id":101504,"user":"employee-395","source_ip":"10.11.1.24","target":"logon-session","logon_type":3,"change_ticket":"","result":"success","channel":"Security","provider":"Microsoft-Windows-Security-Auditing","logon_id":"92c8851d87d50d26","process_id":10095,"image_path":"","run_as":"","publisher":"","update_state":"failed","agent_build":"2026.09.1"},{"timestamp":"2026-09-14T01:07:43.500Z","computer":"srv-045","event_id":4634,"record_id":101505,"user":"employee-288","source_ip":"10.10.3.14","target":"logon-session","logon_type":10,"change_ticket":"","result":"success","channel":"Security","provider":"Microsoft-Windows-Security-Auditing","logon_id":"92c8851d87d50d26","process_id":10743,"image_path":"","run_as":"","publisher":"","update_state":"installed","agent_build":"2026.09.2"},{"timestamp":"2026-09-14T01:07:46.200Z","computer":"srv-105","event_id":4688,"record_id":101506,"user":"employee-454","source_ip":"10.11.2.14","target":"logon-session","logon_type":null,"change_ticket":"","result":"success","channel":"Security","provider":"Microsoft-Windows-Security-Auditing","logon_id":"92c8851d87d50d26","process_id":11984,"image_path":"C:/Program Files/ApprovedAgent/agent.exe","run_as":"","publisher":"Approved Software Team","update_state":"installed","agent_build":"2026.09.3"},{"timestamp":"2026-09-14T01:07:48.900Z","computer":"srv-039","event_id":4625,"record_id":101507,"user":"employee-182","source_ip":"10.10.2.28","target":"logon-session","logon_type":3,"change_ticket":"","result":"failure","channel":"Security","provider":"Microsoft-Windows-Security-Auditing","logon_id":"92c8851d87d50d26","process_id":10500,"image_path":"","run_as":"","publisher":"","update_state":"installed","agent_build":"2026.09.4"},{"timestamp":"2026-09-14T01:07:51.600Z","computer":"srv-101","event_id":4698,"record_id":101508,"user":"deployment-admin","source_ip":"10.11.2.10","target":"Approved-Maintenance","logon_type":null,"change_ticket":"CHG-DEPLOY-18","result":"success","channel":"Security","provider":"Microsoft-Windows-Security-Auditing","logon_id":"e05f3b55ee311d94","process_id":10380,"image_path":"C:/Program Files/ApprovedAgent/agent.exe","run_as":"svc-agent","publisher":"Approved Software Team","update_state":"installed","agent_build":"2026.09.1"},{"timestamp":"2026-09-14T01:07:54.300Z","computer":"srv-136","event_id":4728,"record_id":101509,"user":"employee-474","source_ip":"10.11.3.25","target":"Project-Readers","logon_type":null,"change_ticket":"CHG-DEPLOY-18","result":"success","channel":"Security","provider":"Microsoft-Windows-Security-Auditing","logon_id":"e05f3b55ee311d94","process_id":15735,"image_path":"","run_as":"","publisher":"","update_state":"installed","agent_build":"2026.09.2"},{"timestamp":"2026-09-14T01:07:57.000Z","computer":"srv-161","event_id":4697,"record_id":101510,"user":"employee-321","source_ip":"10.12.1.10","target":"ApprovedAgent","logon_type":null,"change_ticket":"CHG-DEPLOY-18","result":"success","channel":"Security","provider":"Microsoft-Windows-Security-Auditing","logon_id":"e05f3b55ee311d94","process_id":16720,"image_path":"C:/Program Files/ApprovedAgent/agent.exe","run_as":"svc-agent","publisher":"Approved Software Team","update_state":"installed","agent_build":"2026.09.3"},{"timestamp":"2026-09-14T01:07:59.700Z","computer":"srv-126","event_id":4624,"record_id":101511,"user":"employee-4","source_ip":"10.11.3.15","target":"logon-session","logon_type":10,"change_ticket":"","result":"success","channel":"Security","provider":"Microsoft-Windows-Security-Auditing","logon_id":"e05f3b55ee311d94","process_id":25102,"image_path":"","run_as":"","publisher":"","update_state":"installed","agent_build":"2026.09.4"},{"timestamp":"2026-09-14T01:08:02.400Z","computer":"srv-075","event_id":4624,"record_id":101512,"user":"employee-277","source_ip":"10.10.4.24","target":"logon-session","logon_type":2,"change_ticket":"","result":"success","channel":"Security","provider":"Microsoft-Windows-Security-Auditing","logon_id":"9d04f53142f9048b","process_id":7565,"image_path":"","run_as":"","publisher":"","update_state":"installed","agent_build":"2026.09.1"},{"timestamp":"2026-09-14T01:08:05.100Z","computer":"srv-177","event_id":4634,"record_id":101513,"user":"employee-90","source_ip":"10.12.1.26","target":"logon-session","logon_type":3,"change_ticket":"","result":"success","channel":"Security","provider":"Microsoft-Windows-Security-Auditing","logon_id":"9d04f53142f9048b","process_id":15916,"image_path":"","run_as":"","publisher":"","update_state":"installed","agent_build":"2026.09.2"},{"timestamp":"2026-09-14T01:08:07.800Z","computer":"srv-024","event_id":4688,"record_id":101514,"user":"employee-466","source_ip":"10.10.2.13","target":"logon-session","logon_type":null,"change_ticket":"","result":"success","channel":"Security","provider":"Microsoft-Windows-Security-Auditing","logon_id":"9d04f53142f9048b","process_id":4891,"image_path":"C:/Program Files/ApprovedAgent/agent.exe","run_as":"","publisher":"Approved Software Team","update_state":"installed","agent_build":"2026.09.3"},{"timestamp":"2026-09-14T01:08:10.500Z","computer":"srv-009","event_id":4625,"record_id":101515,"user":"employee-381","source_ip":"10.10.1.18","target":"logon-session","logon_type":2,"change_ticket":"","result":"failure","channel":"Security","provider":"Microsoft-Windows-Security-Auditing","logon_id":"9d04f53142f9048b","process_id":16870,"image_path":"","run_as":"","publisher":"","update_state":"installed","agent_build":"2026.09.4"},{"timestamp":"2026-09-14T01:08:13.200Z","computer":"srv-201","event_id":4698,"record_id":101516,"user":"employee-169","source_ip":"10.12.3.10","target":"Approved-Maintenance","logon_type":null,"change_ticket":"CHG-DEPLOY-18","result":"success","channel":"Security","provider":"Microsoft-Windows-Security-Auditing","logon_id":"68456a550c576a8f","process_id":15556,"image_path":"C:/Program Files/ApprovedAgent/agent.exe","run_as":"svc-agent","publisher":"Approved Software Team","update_state":"installed","agent_build":"2026.09.1"},{"timestamp":"2026-09-14T01:08:15.900Z","computer":"srv-122","event_id":4728,"record_id":101517,"user":"employee-88","source_ip":"10.11.3.11","target":"Project-Readers","logon_type":null,"change_ticket":"CHG-DEPLOY-18","result":"success","channel":"Security","provider":"Microsoft-Windows-Security-Auditing","logon_id":"68456a550c576a8f","process_id":13564,"image_path":"","run_as":"","publisher":"","update_state":"installed","agent_build":"2026.09.2"},{"timestamp":"2026-09-14T01:08:18.600Z","computer":"srv-011","event_id":4697,"record_id":101518,"user":"employee-476","source_ip":"10.10.1.20","target":"ApprovedAgent","logon_type":null,"change_ticket":"CHG-DEPLOY-18","result":"success","channel":"Security","provider":"Microsoft-Windows-Security-Auditing","logon_id":"68456a550c576a8f","process_id":8989,"image_path":"C:/Program Files/ApprovedAgent/agent.exe","run_as":"svc-agent","publisher":"Approved Software Team","update_state":"installed","agent_build":"2026.09.3"},{"timestamp":"2026-09-14T01:08:21.300Z","computer":"srv-080","event_id":4624,"record_id":101519,"user":"employee-112","source_ip":"10.10.4.29","target":"logon-session","logon_type":3,"change_ticket":"","result":"success","channel":"Security","provider":"Microsoft-Windows-Security-Auditing","logon_id":"68456a550c576a8f","process_id":22882,"image_path":"","run_as":"","publisher":"","update_state":"restart-pending","agent_build":"2026.09.4"},{"timestamp":"2026-09-14T01:08:24.000Z","computer":"srv-035","event_id":4624,"record_id":101520,"user":"employee-73","source_ip":"10.10.2.24","target":"logon-session","logon_type":10,"change_ticket":"","result":"success","channel":"Security","provider":"Microsoft-Windows-Security-Auditing","logon_id":"643ef4c62c7989bc","process_id":18074,"image_path":"","run_as":"","publisher":"","update_state":"installed","agent_build":"2026.09.1"},{"timestamp":"2026-09-14T01:08:26.700Z","computer":"srv-180","event_id":4634,"record_id":101521,"user":"deployment-admin","source_ip":"10.12.1.29","target":"logon-session","logon_type":2,"change_ticket":"","result":"success","channel":"Security","provider":"Microsoft-Windows-Security-Auditing","logon_id":"643ef4c62c7989bc","process_id":10749,"image_path":"","run_as":"","publisher":"","update_state":"installed","agent_build":"2026.09.2"},{"timestamp":"2026-09-14T01:08:29.400Z","computer":"srv-081","event_id":4688,"record_id":101522,"user":"employee-57","source_ip":"10.11.1.10","target":"logon-session","logon_type":null,"change_ticket":"","result":"success","channel":"Security","provider":"Microsoft-Windows-Security-Auditing","logon_id":"643ef4c62c7989bc","process_id":21706,"image_path":"C:/Program Files/ApprovedAgent/agent.exe","run_as":"","publisher":"Approved Software Team","update_state":"installed","agent_build":"2026.09.3"},{"timestamp":"2026-09-14T01:08:32.100Z","computer":"srv-064","event_id":4625,"record_id":101523,"user":"employee-276","source_ip":"10.10.4.13","target":"logon-session","logon_type":10,"change_ticket":"","result":"failure","channel":"Security","provider":"Microsoft-Windows-Security-Auditing","logon_id":"643ef4c62c7989bc","process_id":3519,"image_path":"","run_as":"","publisher":"","update_state":"installed","agent_build":"2026.09.4"},{"timestamp":"2026-09-14T01:08:34.800Z","computer":"srv-020","event_id":4698,"record_id":101524,"user":"employee-53","source_ip":"10.10.1.29","target":"Approved-Maintenance","logon_type":null,"change_ticket":"CHG-DEPLOY-18","result":"success","channel":"Security","provider":"Microsoft-Windows-Security-Auditing","logon_id":"cb8b9fcb2def0024","process_id":14261,"image_path":"C:/Program Files/ApprovedAgent/agent.exe","run_as":"svc-agent","publisher":"Approved Software Team","update_state":"installed","agent_build":"2026.09.1"},{"timestamp":"2026-09-14T01:08:37.500Z","computer":"srv-198","event_id":4728,"record_id":101525,"user":"employee-401","source_ip":"10.12.2.27","target":"Project-Readers","logon_type":null,"change_ticket":"CHG-DEPLOY-18","result":"success","channel":"Security","provider":"Microsoft-Windows-Security-Auditing","logon_id":"cb8b9fcb2def0024","process_id":21490,"image_path":"","run_as":"","publisher":"","update_state":"installed","agent_build":"2026.09.2"},{"timestamp":"2026-09-14T01:08:40.200Z","computer":"srv-136","event_id":4697,"record_id":101526,"user":"employee-135","source_ip":"10.11.3.25","target":"ApprovedAgent","logon_type":null,"change_ticket":"CHG-DEPLOY-18","result":"success","channel":"Security","provider":"Microsoft-Windows-Security-Auditing","logon_id":"cb8b9fcb2def0024","process_id":5565,"image_path":"C:/Program Files/ApprovedAgent/agent.exe","run_as":"svc-agent","publisher":"Approved Software Team","update_state":"installed","agent_build":"2026.09.3"},{"timestamp":"2026-09-14T01:08:42.900Z","computer":"srv-091","event_id":4624,"record_id":101527,"user":"employee-100","source_ip":"10.11.1.20","target":"logon-session","logon_type":2,"change_ticket":"","result":"success","channel":"Security","provider":"Microsoft-Windows-Security-Auditing","logon_id":"cb8b9fcb2def0024","process_id":25436,"image_path":"","run_as":"","publisher":"","update_state":"installed","agent_build":"2026.09.4"},{"timestamp":"2026-09-14T01:08:45.600Z","computer":"srv-153","event_id":4624,"record_id":101528,"user":"employee-21","source_ip":"10.11.4.22","target":"logon-session","logon_type":3,"change_ticket":"","result":"success","channel":"Security","provider":"Microsoft-Windows-Security-Auditing","logon_id":"31bfa345d9800ecd","process_id":22673,"image_path":"","run_as":"","publisher":"","update_state":"installed","agent_build":"2026.09.1"},{"timestamp":"2026-09-14T01:08:48.300Z","computer":"srv-065","event_id":4634,"record_id":101529,"user":"employee-405","source_ip":"10.10.4.14","target":"logon-session","logon_type":10,"change_ticket":"","result":"success","channel":"Security","provider":"Microsoft-Windows-Security-Auditing","logon_id":"31bfa345d9800ecd","process_id":2854,"image_path":"","run_as":"","publisher":"","update_state":"installed","agent_build":"2026.09.2"},{"timestamp":"2026-09-14T01:08:51.000Z","computer":"srv-190","event_id":4688,"record_id":101530,"user":"employee-160","source_ip":"10.12.2.19","target":"logon-session","logon_type":null,"change_ticket":"","result":"success","channel":"Security","provider":"Microsoft-Windows-Security-Auditing","logon_id":"31bfa345d9800ecd","process_id":10385,"image_path":"C:/Program Files/ApprovedAgent/agent.exe","run_as":"","publisher":"Approved Software Team","update_state":"installed","agent_build":"2026.09.3"},{"timestamp":"2026-09-14T01:08:53.700Z","computer":"srv-042","event_id":4625,"record_id":101531,"user":"employee-442","source_ip":"10.10.3.11","target":"logon-session","logon_type":3,"change_ticket":"","result":"failure","channel":"Security","provider":"Microsoft-Windows-Security-Auditing","logon_id":"31bfa345d9800ecd","process_id":24219,"image_path":"","run_as":"","publisher":"","update_state":"installed","agent_build":"2026.09.4"},{"timestamp":"2026-09-14T01:08:56.400Z","computer":"srv-069","event_id":4698,"record_id":101532,"user":"employee-439","source_ip":"10.10.4.18","target":"Approved-Maintenance","logon_type":null,"change_ticket":"CHG-DEPLOY-18","result":"success","channel":"Security","provider":"Microsoft-Windows-Security-Auditing","logon_id":"b4428b0b675c53a8","process_id":16944,"image_path":"C:/Program Files/ApprovedAgent/agent.exe","run_as":"svc-agent","publisher":"Approved Software Team","update_state":"installed","agent_build":"2026.09.1"},{"timestamp":"2026-09-14T01:08:59.100Z","computer":"srv-117","event_id":4728,"record_id":101533,"user":"employee-102","source_ip":"10.11.2.26","target":"Project-Readers","logon_type":null,"change_ticket":"CHG-DEPLOY-18","result":"success","channel":"Security","provider":"Microsoft-Windows-Security-Auditing","logon_id":"b4428b0b675c53a8","process_id":20839,"image_path":"","run_as":"","publisher":"","update_state":"installed","agent_build":"2026.09.2"},{"timestamp":"2026-09-14T01:09:01.800Z","computer":"srv-170","event_id":4697,"record_id":101534,"user":"deployment-admin","source_ip":"10.12.1.19","target":"ApprovedAgent","logon_type":null,"change_ticket":"CHG-DEPLOY-18","result":"success","channel":"Security","provider":"Microsoft-Windows-Security-Auditing","logon_id":"b4428b0b675c53a8","process_id":11188,"image_path":"C:/Program Files/ApprovedAgent/agent.exe","run_as":"svc-agent","publisher":"Approved Software Team","update_state":"no-report","agent_build":"2026.09.3"},{"timestamp":"2026-09-14T01:09:04.500Z","computer":"srv-140","event_id":4624,"record_id":101535,"user":"employee-263","source_ip":"10.11.3.29","target":"logon-session","logon_type":10,"change_ticket":"","result":"success","channel":"Security","provider":"Microsoft-Windows-Security-Auditing","logon_id":"b4428b0b675c53a8","process_id":4179,"image_path":"","run_as":"","publisher":"","update_state":"installed","agent_build":"2026.09.4"},{"timestamp":"2026-09-14T01:09:07.200Z","computer":"srv-131","event_id":4624,"record_id":101536,"user":"employee-13","source_ip":"10.11.3.20","target":"logon-session","logon_type":2,"change_ticket":"","result":"success","channel":"Security","provider":"Microsoft-Windows-Security-Auditing","logon_id":"cb9397bc49840c58","process_id":18713,"image_path":"","run_as":"","publisher":"","update_state":"installed","agent_build":"2026.09.1"},{"timestamp":"2026-09-14T01:09:09.900Z","computer":"srv-171","event_id":4634,"record_id":101537,"user":"employee-198","source_ip":"10.12.1.20","target":"logon-session","logon_type":3,"change_ticket":"","result":"success","channel":"Security","provider":"Microsoft-Windows-Security-Auditing","logon_id":"cb9397bc49840c58","process_id":1080,"image_path":"","run_as":"","publisher":"","update_state":"installed","agent_build":"2026.09.2"},{"timestamp":"2026-09-14T01:09:12.600Z","computer":"srv-184","event_id":4688,"record_id":101538,"user":"employee-2","source_ip":"10.12.2.13","target":"logon-session","logon_type":null,"change_ticket":"","result":"success","channel":"Security","provider":"Microsoft-Windows-Security-Auditing","logon_id":"cb9397bc49840c58","process_id":20433,"image_path":"C:/Program Files/ApprovedAgent/agent.exe","run_as":"","publisher":"Approved Software Team","update_state":"installed","agent_build":"2026.09.3"},{"timestamp":"2026-09-14T01:09:15.300Z","computer":"srv-144","event_id":4625,"record_id":101539,"user":"employee-57","source_ip":"10.11.4.13","target":"logon-session","logon_type":2,"change_ticket":"","result":"failure","channel":"Security","provider":"Microsoft-Windows-Security-Auditing","logon_id":"cb9397bc49840c58","process_id":1433,"image_path":"","run_as":"","publisher":"","update_state":"installed","agent_build":"2026.09.4"},{"timestamp":"2026-09-14T01:09:18.000Z","computer":"srv-108","event_id":4698,"record_id":101540,"user":"employee-93","source_ip":"10.11.2.17","target":"Approved-Maintenance","logon_type":null,"change_ticket":"CHG-DEPLOY-18","result":"success","channel":"Security","provider":"Microsoft-Windows-Security-Auditing","logon_id":"4899112d0bfead68","process_id":7596,"image_path":"C:/Program Files/ApprovedAgent/agent.exe","run_as":"svc-agent","publisher":"Approved Software Team","update_state":"installed","agent_build":"2026.09.1"},{"timestamp":"2026-09-14T01:09:20.700Z","computer":"srv-201","event_id":4728,"record_id":101541,"user":"employee-380","source_ip":"10.12.3.10","target":"Project-Readers","logon_type":null,"change_ticket":"CHG-DEPLOY-18","result":"success","channel":"Security","provider":"Microsoft-Windows-Security-Auditing","logon_id":"4899112d0bfead68","process_id":2638,"image_path":"","run_as":"","publisher":"","update_state":"installed","agent_build":"2026.09.2"},{"timestamp":"2026-09-14T01:09:23.400Z","computer":"srv-164","event_id":4697,"record_id":101542,"user":"employee-16","source_ip":"10.12.1.13","target":"ApprovedAgent","logon_type":null,"change_ticket":"CHG-DEPLOY-18","result":"success","channel":"Security","provider":"Microsoft-Windows-Security-Auditing","logon_id":"4899112d0bfead68","process_id":22516,"image_path":"C:/Program Files/ApprovedAgent/agent.exe","run_as":"svc-agent","publisher":"Approved Software Team","update_state":"installed","agent_build":"2026.09.3"},{"timestamp":"2026-09-14T01:09:26.100Z","computer":"srv-133","event_id":4624,"record_id":101543,"user":"employee-59","source_ip":"10.11.3.22","target":"logon-session","logon_type":3,"change_ticket":"","result":"success","channel":"Security","provider":"Microsoft-Windows-Security-Auditing","logon_id":"4899112d0bfead68","process_id":22026,"image_path":"","run_as":"","publisher":"","update_state":"installed","agent_build":"2026.09.4"},{"timestamp":"2026-09-14T01:09:28.800Z","computer":"srv-218","event_id":4624,"record_id":101544,"user":"employee-430","source_ip":"10.12.3.27","target":"logon-session","logon_type":10,"change_ticket":"","result":"success","channel":"Security","provider":"Microsoft-Windows-Security-Auditing","logon_id":"7b6bc958df7c4875","process_id":15187,"image_path":"","run_as":"","publisher":"","update_state":"installed","agent_build":"2026.09.1"},{"timestamp":"2026-09-14T01:09:31.500Z","computer":"srv-056","event_id":4634,"record_id":101545,"user":"employee-226","source_ip":"10.10.3.25","target":"logon-session","logon_type":2,"change_ticket":"","result":"success","channel":"Security","provider":"Microsoft-Windows-Security-Auditing","logon_id":"7b6bc958df7c4875","process_id":15302,"image_path":"","run_as":"","publisher":"","update_state":"installed","agent_build":"2026.09.2"},{"timestamp":"2026-09-14T01:09:34.200Z","computer":"srv-101","event_id":4688,"record_id":101546,"user":"employee-104","source_ip":"10.11.2.10","target":"logon-session","logon_type":null,"change_ticket":"","result":"success","channel":"Security","provider":"Microsoft-Windows-Security-Auditing","logon_id":"7b6bc958df7c4875","process_id":20236,"image_path":"C:/Program Files/ApprovedAgent/agent.exe","run_as":"","publisher":"Approved Software Team","update_state":"installed","agent_build":"2026.09.3"},{"timestamp":"2026-09-14T01:09:36.900Z","computer":"srv-121","event_id":4625,"record_id":101547,"user":"deployment-admin","source_ip":"10.11.3.10","target":"logon-session","logon_type":10,"change_ticket":"","result":"failure","channel":"Security","provider":"Microsoft-Windows-Security-Auditing","logon_id":"7b6bc958df7c4875","process_id":11139,"image_path":"","run_as":"","publisher":"","update_state":"installed","agent_build":"2026.09.4"},{"timestamp":"2026-09-14T01:09:39.600Z","computer":"srv-027","event_id":4698,"record_id":101548,"user":"employee-470","source_ip":"10.10.2.16","target":"Approved-Maintenance","logon_type":null,"change_ticket":"CHG-DEPLOY-18","result":"success","channel":"Security","provider":"Microsoft-Windows-Security-Auditing","logon_id":"ef2b275796701d87","process_id":11161,"image_path":"C:/Program Files/ApprovedAgent/agent.exe","run_as":"svc-agent","publisher":"Approved Software Team","update_state":"installed","agent_build":"2026.09.1"},{"timestamp":"2026-09-14T01:09:42.300Z","computer":"srv-087","event_id":4728,"record_id":101549,"user":"employee-146","source_ip":"10.11.1.16","target":"Project-Readers","logon_type":null,"change_ticket":"CHG-DEPLOY-18","result":"success","channel":"Security","provider":"Microsoft-Windows-Security-Auditing","logon_id":"ef2b275796701d87","process_id":15741,"image_path":"","run_as":"","publisher":"","update_state":"installed","agent_build":"2026.09.2"},{"timestamp":"2026-09-14T01:09:45.000Z","computer":"srv-209","event_id":4697,"record_id":101550,"user":"employee-348","source_ip":"10.12.3.18","target":"ApprovedAgent","logon_type":null,"change_ticket":"CHG-DEPLOY-18","result":"success","channel":"Security","provider":"Microsoft-Windows-Security-Auditing","logon_id":"ef2b275796701d87","process_id":13189,"image_path":"C:/Program Files/ApprovedAgent/agent.exe","run_as":"svc-agent","publisher":"Approved Software Team","update_state":"restart-pending","agent_build":"2026.09.3"},{"timestamp":"2026-09-14T01:09:47.700Z","computer":"srv-130","event_id":4624,"record_id":101551,"user":"employee-444","source_ip":"10.11.3.19","target":"logon-session","logon_type":2,"change_ticket":"","result":"success","channel":"Security","provider":"Microsoft-Windows-Security-Auditing","logon_id":"ef2b275796701d87","process_id":13727,"image_path":"","run_as":"","publisher":"","update_state":"failed","agent_build":"2026.09.4"},{"timestamp":"2026-09-14T01:09:50.400Z","computer":"srv-144","event_id":4624,"record_id":101552,"user":"employee-187","source_ip":"10.11.4.13","target":"logon-session","logon_type":3,"change_ticket":"","result":"success","channel":"Security","provider":"Microsoft-Windows-Security-Auditing","logon_id":"908f23fa1a4ac101","process_id":11359,"image_path":"","run_as":"","publisher":"","update_state":"installed","agent_build":"2026.09.1"},{"timestamp":"2026-09-14T01:09:53.100Z","computer":"srv-097","event_id":4634,"record_id":101553,"user":"employee-127","source_ip":"10.11.1.26","target":"logon-session","logon_type":10,"change_ticket":"","result":"success","channel":"Security","provider":"Microsoft-Windows-Security-Auditing","logon_id":"908f23fa1a4ac101","process_id":1323,"image_path":"","run_as":"","publisher":"","update_state":"installed","agent_build":"2026.09.2"},{"timestamp":"2026-09-14T01:09:55.800Z","computer":"srv-130","event_id":4688,"record_id":101554,"user":"employee-315","source_ip":"10.11.3.19","target":"logon-session","logon_type":null,"change_ticket":"","result":"success","channel":"Security","provider":"Microsoft-Windows-Security-Auditing","logon_id":"908f23fa1a4ac101","process_id":25869,"image_path":"C:/Program Files/ApprovedAgent/agent.exe","run_as":"","publisher":"Approved Software Team","update_state":"installed","agent_build":"2026.09.3"},{"timestamp":"2026-09-14T01:09:58.500Z","computer":"srv-111","event_id":4625,"record_id":101555,"user":"employee-215","source_ip":"10.11.2.20","target":"logon-session","logon_type":3,"change_ticket":"","result":"failure","channel":"Security","provider":"Microsoft-Windows-Security-Auditing","logon_id":"908f23fa1a4ac101","process_id":5903,"image_path":"","run_as":"","publisher":"","update_state":"installed","agent_build":"2026.09.4"},{"timestamp":"2026-09-14T01:10:01.200Z","computer":"srv-186","event_id":4698,"record_id":101556,"user":"employee-332","source_ip":"10.12.2.15","target":"Approved-Maintenance","logon_type":null,"change_ticket":"CHG-DEPLOY-18","result":"success","channel":"Security","provider":"Microsoft-Windows-Security-Auditing","logon_id":"5d5757838f748693","process_id":11707,"image_path":"C:/Program Files/ApprovedAgent/agent.exe","run_as":"svc-agent","publisher":"Approved Software Team","update_state":"installed","agent_build":"2026.09.1"},{"timestamp":"2026-09-14T01:10:03.900Z","computer":"srv-087","event_id":4728,"record_id":101557,"user":"employee-456","source_ip":"10.11.1.16","target":"Project-Readers","logon_type":null,"change_ticket":"CHG-DEPLOY-18","result":"success","channel":"Security","provider":"Microsoft-Windows-Security-Auditing","logon_id":"5d5757838f748693","process_id":8489,"image_path":"","run_as":"","publisher":"","update_state":"installed","agent_build":"2026.09.2"},{"timestamp":"2026-09-14T01:10:06.600Z","computer":"srv-106","event_id":4697,"record_id":101558,"user":"employee-406","source_ip":"10.11.2.15","target":"ApprovedAgent","logon_type":null,"change_ticket":"CHG-DEPLOY-18","result":"success","channel":"Security","provider":"Microsoft-Windows-Security-Auditing","logon_id":"5d5757838f748693","process_id":17807,"image_path":"C:/Program Files/ApprovedAgent/agent.exe","run_as":"svc-agent","publisher":"Approved Software Team","update_state":"installed","agent_build":"2026.09.3"},{"timestamp":"2026-09-14T01:10:09.300Z","computer":"srv-070","event_id":4624,"record_id":101559,"user":"employee-7","source_ip":"10.10.4.19","target":"logon-session","logon_type":10,"change_ticket":"","result":"success","channel":"Security","provider":"Microsoft-Windows-Security-Auditing","logon_id":"5d5757838f748693","process_id":1369,"image_path":"","run_as":"","publisher":"","update_state":"installed","agent_build":"2026.09.4"},{"timestamp":"2026-09-14T01:10:12.000Z","computer":"srv-039","event_id":4624,"record_id":101560,"user":"deployment-admin","source_ip":"10.10.2.28","target":"logon-session","logon_type":2,"change_ticket":"","result":"success","channel":"Security","provider":"Microsoft-Windows-Security-Auditing","logon_id":"a273e18453c9964d","process_id":24818,"image_path":"","run_as":"","publisher":"","update_state":"installed","agent_build":"2026.09.1"},{"timestamp":"2026-09-14T01:10:14.700Z","computer":"srv-061","event_id":4634,"record_id":101561,"user":"employee-440","source_ip":"10.10.4.10","target":"logon-session","logon_type":3,"change_ticket":"","result":"success","channel":"Security","provider":"Microsoft-Windows-Security-Auditing","logon_id":"a273e18453c9964d","process_id":3232,"image_path":"","run_as":"","publisher":"","update_state":"installed","agent_build":"2026.09.2"},{"timestamp":"2026-09-14T01:10:17.400Z","computer":"srv-149","event_id":4688,"record_id":101562,"user":"employee-194","source_ip":"10.11.4.18","target":"logon-session","logon_type":null,"change_ticket":"","result":"success","channel":"Security","provider":"Microsoft-Windows-Security-Auditing","logon_id":"a273e18453c9964d","process_id":3884,"image_path":"C:/Program Files/ApprovedAgent/agent.exe","run_as":"","publisher":"Approved Software Team","update_state":"installed","agent_build":"2026.09.3"},{"timestamp":"2026-09-14T01:10:20.100Z","computer":"srv-035","event_id":4625,"record_id":101563,"user":"employee-88","source_ip":"10.10.2.24","target":"logon-session","logon_type":2,"change_ticket":"","result":"failure","channel":"Security","provider":"Microsoft-Windows-Security-Auditing","logon_id":"a273e18453c9964d","process_id":6451,"image_path":"","run_as":"","publisher":"","update_state":"installed","agent_build":"2026.09.4"},{"timestamp":"2026-09-14T01:10:22.800Z","computer":"srv-205","event_id":4698,"record_id":101564,"user":"employee-386","source_ip":"10.12.3.14","target":"Approved-Maintenance","logon_type":null,"change_ticket":"CHG-DEPLOY-18","result":"success","channel":"Security","provider":"Microsoft-Windows-Security-Auditing","logon_id":"73f1cb192de57247","process_id":17482,"image_path":"C:/Program Files/ApprovedAgent/agent.exe","run_as":"svc-agent","publisher":"Approved Software Team","update_state":"installed","agent_build":"2026.09.1"},{"timestamp":"2026-09-14T01:10:25.500Z","computer":"srv-163","event_id":4728,"record_id":101565,"user":"employee-3","source_ip":"10.12.1.12","target":"Project-Readers","logon_type":null,"change_ticket":"CHG-DEPLOY-18","result":"success","channel":"Security","provider":"Microsoft-Windows-Security-Auditing","logon_id":"73f1cb192de57247","process_id":14245,"image_path":"","run_as":"","publisher":"","update_state":"installed","agent_build":"2026.09.2"},{"timestamp":"2026-09-14T01:10:28.200Z","computer":"srv-009","event_id":4697,"record_id":101566,"user":"employee-167","source_ip":"10.10.1.18","target":"ApprovedAgent","logon_type":null,"change_ticket":"CHG-DEPLOY-18","result":"success","channel":"Security","provider":"Microsoft-Windows-Security-Auditing","logon_id":"73f1cb192de57247","process_id":19012,"image_path":"C:/Program Files/ApprovedAgent/agent.exe","run_as":"svc-agent","publisher":"Approved Software Team","update_state":"installed","agent_build":"2026.09.3"},{"timestamp":"2026-09-14T01:10:30.900Z","computer":"srv-179","event_id":4624,"record_id":101567,"user":"employee-5","source_ip":"10.12.1.28","target":"logon-session","logon_type":3,"change_ticket":"","result":"success","channel":"Security","provider":"Microsoft-Windows-Security-Auditing","logon_id":"73f1cb192de57247","process_id":11407,"image_path":"","run_as":"","publisher":"","update_state":"installed","agent_build":"2026.09.4"},{"timestamp":"2026-09-14T01:10:33.600Z","computer":"srv-036","event_id":4624,"record_id":101568,"user":"employee-398","source_ip":"10.10.2.25","target":"logon-session","logon_type":10,"change_ticket":"","result":"success","channel":"Security","provider":"Microsoft-Windows-Security-Auditing","logon_id":"1f71b122da983641","process_id":14036,"image_path":"","run_as":"","publisher":"","update_state":"installed","agent_build":"2026.09.1"},{"timestamp":"2026-09-14T01:10:36.300Z","computer":"srv-115","event_id":4634,"record_id":101569,"user":"employee-70","source_ip":"10.11.2.24","target":"logon-session","logon_type":2,"change_ticket":"","result":"success","channel":"Security","provider":"Microsoft-Windows-Security-Auditing","logon_id":"1f71b122da983641","process_id":14311,"image_path":"","run_as":"","publisher":"","update_state":"installed","agent_build":"2026.09.2"},{"timestamp":"2026-09-14T01:10:39.000Z","computer":"srv-134","event_id":4688,"record_id":101570,"user":"employee-381","source_ip":"10.11.3.23","target":"logon-session","logon_type":null,"change_ticket":"","result":"success","channel":"Security","provider":"Microsoft-Windows-Security-Auditing","logon_id":"1f71b122da983641","process_id":12922,"image_path":"C:/Program Files/ApprovedAgent/agent.exe","run_as":"","publisher":"Approved Software Team","update_state":"installed","agent_build":"2026.09.3"},{"timestamp":"2026-09-14T01:10:41.700Z","computer":"srv-141","event_id":4625,"record_id":101571,"user":"employee-418","source_ip":"10.11.4.10","target":"logon-session","logon_type":10,"change_ticket":"","result":"failure","channel":"Security","provider":"Microsoft-Windows-Security-Auditing","logon_id":"1f71b122da983641","process_id":6065,"image_path":"","run_as":"","publisher":"","update_state":"installed","agent_build":"2026.09.4"},{"timestamp":"2026-09-14T01:10:44.400Z","computer":"srv-193","event_id":4698,"record_id":101572,"user":"employee-147","source_ip":"10.12.2.22","target":"Approved-Maintenance","logon_type":null,"change_ticket":"CHG-DEPLOY-18","result":"success","channel":"Security","provider":"Microsoft-Windows-Security-Auditing","logon_id":"a39780253226c2f3","process_id":4635,"image_path":"C:/Program Files/ApprovedAgent/agent.exe","run_as":"svc-agent","publisher":"Approved Software Team","update_state":"installed","agent_build":"2026.09.1"},{"timestamp":"2026-09-14T01:10:47.100Z","computer":"srv-162","event_id":4728,"record_id":101573,"user":"deployment-admin","source_ip":"10.12.1.11","target":"Project-Readers","logon_type":null,"change_ticket":"CHG-DEPLOY-18","result":"success","channel":"Security","provider":"Microsoft-Windows-Security-Auditing","logon_id":"a39780253226c2f3","process_id":17361,"image_path":"","run_as":"","publisher":"","update_state":"installed","agent_build":"2026.09.2"},{"timestamp":"2026-09-14T01:10:49.800Z","computer":"srv-094","event_id":4697,"record_id":101574,"user":"employee-93","source_ip":"10.11.1.23","target":"ApprovedAgent","logon_type":null,"change_ticket":"CHG-DEPLOY-18","result":"success","channel":"Security","provider":"Microsoft-Windows-Security-Auditing","logon_id":"a39780253226c2f3","process_id":9794,"image_path":"C:/Program Files/ApprovedAgent/agent.exe","run_as":"svc-agent","publisher":"Approved Software Team","update_state":"installed","agent_build":"2026.09.3"},{"timestamp":"2026-09-14T01:10:52.500Z","computer":"srv-049","event_id":4624,"record_id":101575,"user":"employee-371","source_ip":"10.10.3.18","target":"logon-session","logon_type":2,"change_ticket":"","result":"success","channel":"Security","provider":"Microsoft-Windows-Security-Auditing","logon_id":"a39780253226c2f3","process_id":5137,"image_path":"","run_as":"","publisher":"","update_state":"installed","agent_build":"2026.09.4"},{"timestamp":"2026-09-14T01:10:55.200Z","computer":"srv-016","event_id":4624,"record_id":101576,"user":"employee-37","source_ip":"10.10.1.25","target":"logon-session","logon_type":3,"change_ticket":"","result":"success","channel":"Security","provider":"Microsoft-Windows-Security-Auditing","logon_id":"b3094284ccc2c026","process_id":19489,"image_path":"","run_as":"","publisher":"","update_state":"installed","agent_build":"2026.09.1"},{"timestamp":"2026-09-14T01:10:57.900Z","computer":"srv-167","event_id":4634,"record_id":101577,"user":"employee-267","source_ip":"10.12.1.16","target":"logon-session","logon_type":10,"change_ticket":"","result":"success","channel":"Security","provider":"Microsoft-Windows-Security-Auditing","logon_id":"b3094284ccc2c026","process_id":22979,"image_path":"","run_as":"","publisher":"","update_state":"installed","agent_build":"2026.09.2"},{"timestamp":"2026-09-14T01:11:00.600Z","computer":"srv-199","event_id":4688,"record_id":101578,"user":"employee-277","source_ip":"10.12.2.28","target":"logon-session","logon_type":null,"change_ticket":"","result":"success","channel":"Security","provider":"Microsoft-Windows-Security-Auditing","logon_id":"b3094284ccc2c026","process_id":22121,"image_path":"C:/Program Files/ApprovedAgent/agent.exe","run_as":"","publisher":"Approved Software Team","update_state":"installed","agent_build":"2026.09.3"},{"timestamp":"2026-09-14T01:11:03.300Z","computer":"srv-010","event_id":4625,"record_id":101579,"user":"employee-182","source_ip":"10.10.1.19","target":"logon-session","logon_type":3,"change_ticket":"","result":"failure","channel":"Security","provider":"Microsoft-Windows-Security-Auditing","logon_id":"b3094284ccc2c026","process_id":23037,"image_path":"","run_as":"","publisher":"","update_state":"installed","agent_build":"2026.09.4"},{"timestamp":"2026-09-14T01:11:06.000Z","computer":"srv-056","event_id":4698,"record_id":101580,"user":"employee-42","source_ip":"10.10.3.25","target":"Approved-Maintenance","logon_type":null,"change_ticket":"CHG-DEPLOY-18","result":"success","channel":"Security","provider":"Microsoft-Windows-Security-Auditing","logon_id":"b21d94af364c1d94","process_id":14698,"image_path":"C:/Program Files/ApprovedAgent/agent.exe","run_as":"svc-agent","publisher":"Approved Software Team","update_state":"installed","agent_build":"2026.09.1"},{"timestamp":"2026-09-14T01:11:08.700Z","computer":"srv-129","event_id":4728,"record_id":101581,"user":"employee-239","source_ip":"10.11.3.18","target":"Project-Readers","logon_type":null,"change_ticket":"CHG-DEPLOY-18","result":"success","channel":"Security","provider":"Microsoft-Windows-Security-Auditing","logon_id":"b21d94af364c1d94","process_id":15330,"image_path":"","run_as":"","publisher":"","update_state":"restart-pending","agent_build":"2026.09.2"},{"timestamp":"2026-09-14T01:11:11.400Z","computer":"srv-016","event_id":4697,"record_id":101582,"user":"employee-166","source_ip":"10.10.1.25","target":"ApprovedAgent","logon_type":null,"change_ticket":"CHG-DEPLOY-18","result":"success","channel":"Security","provider":"Microsoft-Windows-Security-Auditing","logon_id":"b21d94af364c1d94","process_id":10594,"image_path":"C:/Program Files/ApprovedAgent/agent.exe","run_as":"svc-agent","publisher":"Approved Software Team","update_state":"installed","agent_build":"2026.09.3"},{"timestamp":"2026-09-14T01:11:14.100Z","computer":"srv-054","event_id":4624,"record_id":101583,"user":"employee-421","source_ip":"10.10.3.23","target":"logon-session","logon_type":10,"change_ticket":"","result":"success","channel":"Security","provider":"Microsoft-Windows-Security-Auditing","logon_id":"b21d94af364c1d94","process_id":15110,"image_path":"","run_as":"","publisher":"","update_state":"installed","agent_build":"2026.09.4"},{"timestamp":"2026-09-14T01:11:16.800Z","computer":"srv-027","event_id":4624,"record_id":101584,"user":"employee-177","source_ip":"10.10.2.16","target":"logon-session","logon_type":2,"change_ticket":"","result":"success","channel":"Security","provider":"Microsoft-Windows-Security-Auditing","logon_id":"5f45fe472fe9a35f","process_id":6493,"image_path":"","run_as":"","publisher":"","update_state":"installed","agent_build":"2026.09.1"},{"timestamp":"2026-09-14T01:11:19.500Z","computer":"srv-213","event_id":4634,"record_id":101585,"user":"employee-240","source_ip":"10.12.3.22","target":"logon-session","logon_type":3,"change_ticket":"","result":"success","channel":"Security","provider":"Microsoft-Windows-Security-Auditing","logon_id":"5f45fe472fe9a35f","process_id":21675,"image_path":"","run_as":"","publisher":"","update_state":"installed","agent_build":"2026.09.2"},{"timestamp":"2026-09-14T01:11:22.200Z","computer":"srv-125","event_id":4688,"record_id":101586,"user":"deployment-admin","source_ip":"10.11.3.14","target":"logon-session","logon_type":null,"change_ticket":"","result":"success","channel":"Security","provider":"Microsoft-Windows-Security-Auditing","logon_id":"5f45fe472fe9a35f","process_id":4316,"image_path":"C:/Program Files/ApprovedAgent/agent.exe","run_as":"","publisher":"Approved Software Team","update_state":"installed","agent_build":"2026.09.3"},{"timestamp":"2026-09-14T01:11:24.900Z","computer":"srv-086","event_id":4625,"record_id":101587,"user":"employee-75","source_ip":"10.11.1.15","target":"logon-session","logon_type":2,"change_ticket":"","result":"failure","channel":"Security","provider":"Microsoft-Windows-Security-Auditing","logon_id":"5f45fe472fe9a35f","process_id":8209,"image_path":"","run_as":"","publisher":"","update_state":"installed","agent_build":"2026.09.4"},{"timestamp":"2026-09-14T01:11:27.600Z","computer":"srv-203","event_id":4698,"record_id":101588,"user":"employee-466","source_ip":"10.12.3.12","target":"Approved-Maintenance","logon_type":null,"change_ticket":"CHG-DEPLOY-18","result":"success","channel":"Security","provider":"Microsoft-Windows-Security-Auditing","logon_id":"2d76833464ff2196","process_id":19158,"image_path":"C:/Program Files/ApprovedAgent/agent.exe","run_as":"svc-agent","publisher":"Approved Software Team","update_state":"installed","agent_build":"2026.09.1"},{"timestamp":"2026-09-14T01:11:30.300Z","computer":"srv-188","event_id":4728,"record_id":101589,"user":"employee-191","source_ip":"10.12.2.17","target":"Project-Readers","logon_type":null,"change_ticket":"CHG-DEPLOY-18","result":"success","channel":"Security","provider":"Microsoft-Windows-Security-Auditing","logon_id":"2d76833464ff2196","process_id":18678,"image_path":"","run_as":"","publisher":"","update_state":"installed","agent_build":"2026.09.2"},