{"timestamp":"2026-09-14T01:44:56.400Z","computer":"srv-206","event_id":4698,"record_id":102332,"user":"employee-24","source_ip":"10.12.3.15","target":"Approved-Maintenance","logon_type":null,"change_ticket":"CHG-DEPLOY-18","result":"success","channel":"Security","provider":"Microsoft-Windows-Security-Auditing","logon_id":"4a6a274eddb231fe","process_id":25219,"image_path":"C:/Program Files/ApprovedAgent/agent.exe","run_as":"svc-agent","publisher":"Approved Software Team","update_state":"installed","agent_build":"2026.09.1"},{"timestamp":"2026-09-14T01:44:59.100Z","computer":"srv-011","event_id":4728,"record_id":102333,"user":"employee-27","source_ip":"10.10.1.20","target":"Project-Readers","logon_type":null,"change_ticket":"CHG-DEPLOY-18","result":"success","channel":"Security","provider":"Microsoft-Windows-Security-Auditing","logon_id":"4a6a274eddb231fe","process_id":23234,"image_path":"","run_as":"","publisher":"","update_state":"installed","agent_build":"2026.09.2"},{"timestamp":"2026-09-14T01:45:01.800Z","computer":"srv-158","event_id":4697,"record_id":102334,"user":"employee-171","source_ip":"10.11.4.27","target":"ApprovedAgent","logon_type":null,"change_ticket":"CHG-DEPLOY-18","result":"success","channel":"Security","provider":"Microsoft-Windows-Security-Auditing","logon_id":"4a6a274eddb231fe","process_id":11993,"image_path":"C:/Program Files/ApprovedAgent/agent.exe","run_as":"svc-agent","publisher":"Approved Software Team","update_state":"installed","agent_build":"2026.09.3"},{"timestamp":"2026-09-14T01:45:04.500Z","computer":"srv-009","event_id":4624,"record_id":102335,"user":"employee-151","source_ip":"10.10.1.18","target":"logon-session","logon_type":3,"change_ticket":"","result":"success","channel":"Security","provider":"Microsoft-Windows-Security-Auditing","logon_id":"4a6a274eddb231fe","process_id":24344,"image_path":"","run_as":"","publisher":"","update_state":"installed","agent_build":"2026.09.4"},{"timestamp":"2026-09-14T01:45:07.200Z","computer":"srv-170","event_id":4624,"record_id":102336,"user":"employee-231","source_ip":"10.12.1.19","target":"logon-session","logon_type":10,"change_ticket":"","result":"success","channel":"Security","provider":"Microsoft-Windows-Security-Auditing","logon_id":"249c0409bd06ed52","process_id":13661,"image_path":"","run_as":"","publisher":"","update_state":"installed","agent_build":"2026.09.1"},{"timestamp":"2026-09-14T01:45:09.900Z","computer":"srv-155","event_id":4634,"record_id":102337,"user":"employee-452","source_ip":"10.11.4.24","target":"logon-session","logon_type":2,"change_ticket":"","result":"success","channel":"Security","provider":"Microsoft-Windows-Security-Auditing","logon_id":"249c0409bd06ed52","process_id":17387,"image_path":"","run_as":"","publisher":"","update_state":"installed","agent_build":"2026.09.2"},{"timestamp":"2026-09-14T01:45:12.600Z","computer":"srv-087","event_id":4688,"record_id":102338,"user":"employee-176","source_ip":"10.11.1.16","target":"logon-session","logon_type":null,"change_ticket":"","result":"success","channel":"Security","provider":"Microsoft-Windows-Security-Auditing","logon_id":"249c0409bd06ed52","process_id":25300,"image_path":"C:/Program Files/ApprovedAgent/agent.exe","run_as":"","publisher":"Approved Software Team","update_state":"installed","agent_build":"2026.09.3"},{"timestamp":"2026-09-14T01:45:15.300Z","computer":"srv-152","event_id":4625,"record_id":102339,"user":"employee-272","source_ip":"10.11.4.21","target":"logon-session","logon_type":10,"change_ticket":"","result":"failure","channel":"Security","provider":"Microsoft-Windows-Security-Auditing","logon_id":"249c0409bd06ed52","process_id":21794,"image_path":"","run_as":"","publisher":"","update_state":"installed","agent_build":"2026.09.4"},{"timestamp":"2026-09-14T01:45:18.000Z","computer":"srv-027","event_id":4698,"record_id":102340,"user":"deployment-admin","source_ip":"10.10.2.16","target":"Approved-Maintenance","logon_type":null,"change_ticket":"CHG-DEPLOY-18","result":"success","channel":"Security","provider":"Microsoft-Windows-Security-Auditing","logon_id":"d39a21ebb2cbcd11","process_id":18669,"image_path":"C:/Program Files/ApprovedAgent/agent.exe","run_as":"svc-agent","publisher":"Approved Software Team","update_state":"installed","agent_build":"2026.09.1"},{"timestamp":"2026-09-14T01:45:20.700Z","computer":"srv-124","event_id":4728,"record_id":102341,"user":"employee-443","source_ip":"10.11.3.13","target":"Project-Readers","logon_type":null,"change_ticket":"CHG-DEPLOY-18","result":"success","channel":"Security","provider":"Microsoft-Windows-Security-Auditing","logon_id":"d39a21ebb2cbcd11","process_id":11950,"image_path":"","run_as":"","publisher":"","update_state":"installed","agent_build":"2026.09.2"},{"timestamp":"2026-09-14T01:45:23.400Z","computer":"srv-057","event_id":4697,"record_id":102342,"user":"employee-15","source_ip":"10.10.3.26","target":"ApprovedAgent","logon_type":null,"change_ticket":"CHG-DEPLOY-18","result":"success","channel":"Security","provider":"Microsoft-Windows-Security-Auditing","logon_id":"d39a21ebb2cbcd11","process_id":22389,"image_path":"C:/Program Files/ApprovedAgent/agent.exe","run_as":"svc-agent","publisher":"Approved Software Team","update_state":"installed","agent_build":"2026.09.3"},{"timestamp":"2026-09-14T01:45:26.100Z","computer":"srv-143","event_id":4624,"record_id":102343,"user":"employee-144","source_ip":"10.11.4.12","target":"logon-session","logon_type":2,"change_ticket":"","result":"success","channel":"Security","provider":"Microsoft-Windows-Security-Auditing","logon_id":"d39a21ebb2cbcd11","process_id":25459,"image_path":"","run_as":"","publisher":"","update_state":"installed","agent_build":"2026.09.4"},{"timestamp":"2026-09-14T01:45:28.800Z","computer":"srv-083","event_id":4624,"record_id":102344,"user":"employee-247","source_ip":"10.11.1.12","target":"logon-session","logon_type":3,"change_ticket":"","result":"success","channel":"Security","provider":"Microsoft-Windows-Security-Auditing","logon_id":"5556aea998220dd4","process_id":22125,"image_path":"","run_as":"","publisher":"","update_state":"installed","agent_build":"2026.09.1"},{"timestamp":"2026-09-14T01:45:31.500Z","computer":"srv-234","event_id":4634,"record_id":102345,"user":"employee-160","source_ip":"10.12.4.23","target":"logon-session","logon_type":10,"change_ticket":"","result":"success","channel":"Security","provider":"Microsoft-Windows-Security-Auditing","logon_id":"5556aea998220dd4","process_id":24200,"image_path":"","run_as":"","publisher":"","update_state":"installed","agent_build":"2026.09.2"},{"timestamp":"2026-09-14T01:45:34.200Z","computer":"srv-014","event_id":4688,"record_id":102346,"user":"employee-107","source_ip":"10.10.1.23","target":"logon-session","logon_type":null,"change_ticket":"","result":"success","channel":"Security","provider":"Microsoft-Windows-Security-Auditing","logon_id":"5556aea998220dd4","process_id":25090,"image_path":"C:/Program Files/ApprovedAgent/agent.exe","run_as":"","publisher":"Approved Software Team","update_state":"installed","agent_build":"2026.09.3"},{"timestamp":"2026-09-14T01:45:36.900Z","computer":"srv-140","event_id":4625,"record_id":102347,"user":"employee-244","source_ip":"10.11.3.29","target":"logon-session","logon_type":3,"change_ticket":"","result":"failure","channel":"Security","provider":"Microsoft-Windows-Security-Auditing","logon_id":"5556aea998220dd4","process_id":23544,"image_path":"","run_as":"","publisher":"","update_state":"installed","agent_build":"2026.09.4"},{"timestamp":"2026-09-14T01:45:39.600Z","computer":"srv-120","event_id":4698,"record_id":102348,"user":"employee-128","source_ip":"10.11.2.29","target":"Approved-Maintenance","logon_type":null,"change_ticket":"CHG-DEPLOY-18","result":"success","channel":"Security","provider":"Microsoft-Windows-Security-Auditing","logon_id":"ce1c05d3f38e52ad","process_id":16978,"image_path":"C:/Program Files/ApprovedAgent/agent.exe","run_as":"svc-agent","publisher":"Approved Software Team","update_state":"installed","agent_build":"2026.09.1"},{"timestamp":"2026-09-14T01:45:42.300Z","computer":"srv-113","event_id":4728,"record_id":102349,"user":"employee-350","source_ip":"10.11.2.22","target":"Project-Readers","logon_type":null,"change_ticket":"CHG-DEPLOY-18","result":"success","channel":"Security","provider":"Microsoft-Windows-Security-Auditing","logon_id":"ce1c05d3f38e52ad","process_id":3248,"image_path":"","run_as":"","publisher":"","update_state":"installed","agent_build":"2026.09.2"},{"timestamp":"2026-09-14T01:45:45.000Z","computer":"srv-015","event_id":4697,"record_id":102350,"user":"employee-334","source_ip":"10.10.1.24","target":"ApprovedAgent","logon_type":null,"change_ticket":"CHG-DEPLOY-18","result":"success","channel":"Security","provider":"Microsoft-Windows-Security-Auditing","logon_id":"ce1c05d3f38e52ad","process_id":1550,"image_path":"C:/Program Files/ApprovedAgent/agent.exe","run_as":"svc-agent","publisher":"Approved Software Team","update_state":"failed","agent_build":"2026.09.3"},{"timestamp":"2026-09-14T01:45:47.700Z","computer":"srv-065","event_id":4624,"record_id":102351,"user":"employee-189","source_ip":"10.10.4.14","target":"logon-session","logon_type":10,"change_ticket":"","result":"success","channel":"Security","provider":"Microsoft-Windows-Security-Auditing","logon_id":"ce1c05d3f38e52ad","process_id":18943,"image_path":"","run_as":"","publisher":"","update_state":"installed","agent_build":"2026.09.4"},{"timestamp":"2026-09-14T01:45:50.400Z","computer":"srv-029","event_id":4624,"record_id":102352,"user":"employee-242","source_ip":"10.10.2.18","target":"logon-session","logon_type":2,"change_ticket":"","result":"success","channel":"Security","provider":"Microsoft-Windows-Security-Auditing","logon_id":"12d75c7ea7e2a9a0","process_id":9960,"image_path":"","run_as":"","publisher":"","update_state":"installed","agent_build":"2026.09.1"},{"timestamp":"2026-09-14T01:45:53.100Z","computer":"srv-001","event_id":4634,"record_id":102353,"user":"deployment-admin","source_ip":"10.10.1.10","target":"logon-session","logon_type":3,"change_ticket":"","result":"success","channel":"Security","provider":"Microsoft-Windows-Security-Auditing","logon_id":"12d75c7ea7e2a9a0","process_id":21883,"image_path":"","run_as":"","publisher":"","update_state":"installed","agent_build":"2026.09.2"},{"timestamp":"2026-09-14T01:45:55.800Z","computer":"srv-149","event_id":4688,"record_id":102354,"user":"employee-197","source_ip":"10.11.4.18","target":"logon-session","logon_type":null,"change_ticket":"","result":"success","channel":"Security","provider":"Microsoft-Windows-Security-Auditing","logon_id":"12d75c7ea7e2a9a0","process_id":11804,"image_path":"C:/Program Files/ApprovedAgent/agent.exe","run_as":"","publisher":"Approved Software Team","update_state":"installed","agent_build":"2026.09.3"},{"timestamp":"2026-09-14T01:45:58.500Z","computer":"srv-108","event_id":4625,"record_id":102355,"user":"employee-100","source_ip":"10.11.2.17","target":"logon-session","logon_type":2,"change_ticket":"","result":"failure","channel":"Security","provider":"Microsoft-Windows-Security-Auditing","logon_id":"12d75c7ea7e2a9a0","process_id":3834,"image_path":"","run_as":"","publisher":"","update_state":"installed","agent_build":"2026.09.4"},{"timestamp":"2026-09-14T01:46:01.200Z","computer":"srv-203","event_id":4698,"record_id":102356,"user":"employee-247","source_ip":"10.12.3.12","target":"Approved-Maintenance","logon_type":null,"change_ticket":"CHG-DEPLOY-18","result":"success","channel":"Security","provider":"Microsoft-Windows-Security-Auditing","logon_id":"b0dc21a1f1a675df","process_id":9447,"image_path":"C:/Program Files/ApprovedAgent/agent.exe","run_as":"svc-agent","publisher":"Approved Software Team","update_state":"restart-pending","agent_build":"2026.09.1"},{"timestamp":"2026-09-14T01:46:03.900Z","computer":"srv-175","event_id":4728,"record_id":102357,"user":"employee-203","source_ip":"10.12.1.24","target":"Project-Readers","logon_type":null,"change_ticket":"CHG-DEPLOY-18","result":"success","channel":"Security","provider":"Microsoft-Windows-Security-Auditing","logon_id":"b0dc21a1f1a675df","process_id":23285,"image_path":"","run_as":"","publisher":"","update_state":"installed","agent_build":"2026.09.2"},{"timestamp":"2026-09-14T01:46:06.600Z","computer":"srv-222","event_id":4697,"record_id":102358,"user":"employee-314","source_ip":"10.12.4.11","target":"ApprovedAgent","logon_type":null,"change_ticket":"CHG-DEPLOY-18","result":"success","channel":"Security","provider":"Microsoft-Windows-Security-Auditing","logon_id":"b0dc21a1f1a675df","process_id":13067,"image_path":"C:/Program Files/ApprovedAgent/agent.exe","run_as":"svc-agent","publisher":"Approved Software Team","update_state":"installed","agent_build":"2026.09.3"},{"timestamp":"2026-09-14T01:46:09.300Z","computer":"srv-214","event_id":4624,"record_id":102359,"user":"employee-408","source_ip":"10.12.3.23","target":"logon-session","logon_type":3,"change_ticket":"","result":"success","channel":"Security","provider":"Microsoft-Windows-Security-Auditing","logon_id":"b0dc21a1f1a675df","process_id":14760,"image_path":"","run_as":"","publisher":"","update_state":"installed","agent_build":"2026.09.4"},{"timestamp":"2026-09-14T01:46:12.000Z","computer":"srv-107","event_id":4624,"record_id":102360,"user":"employee-227","source_ip":"10.11.2.16","target":"logon-session","logon_type":10,"change_ticket":"","result":"success","channel":"Security","provider":"Microsoft-Windows-Security-Auditing","logon_id":"78af7ba3ff38fe55","process_id":4671,"image_path":"","run_as":"","publisher":"","update_state":"no-report","agent_build":"2026.09.1"},{"timestamp":"2026-09-14T01:46:14.700Z","computer":"srv-126","event_id":4634,"record_id":102361,"user":"employee-431","source_ip":"10.11.3.15","target":"logon-session","logon_type":2,"change_ticket":"","result":"success","channel":"Security","provider":"Microsoft-Windows-Security-Auditing","logon_id":"78af7ba3ff38fe55","process_id":5385,"image_path":"","run_as":"","publisher":"","update_state":"installed","agent_build":"2026.09.2"},{"timestamp":"2026-09-14T01:46:17.400Z","computer":"srv-022","event_id":4688,"record_id":102362,"user":"employee-291","source_ip":"10.10.2.11","target":"logon-session","logon_type":null,"change_ticket":"","result":"success","channel":"Security","provider":"Microsoft-Windows-Security-Auditing","logon_id":"78af7ba3ff38fe55","process_id":16014,"image_path":"C:/Program Files/ApprovedAgent/agent.exe","run_as":"","publisher":"Approved Software Team","update_state":"installed","agent_build":"2026.09.3"},{"timestamp":"2026-09-14T01:46:20.100Z","computer":"srv-171","event_id":4625,"record_id":102363,"user":"employee-137","source_ip":"10.12.1.20","target":"logon-session","logon_type":10,"change_ticket":"","result":"failure","channel":"Security","provider":"Microsoft-Windows-Security-Auditing","logon_id":"78af7ba3ff38fe55","process_id":22394,"image_path":"","run_as":"","publisher":"","update_state":"installed","agent_build":"2026.09.4"},{"timestamp":"2026-09-14T01:46:22.800Z","computer":"srv-124","event_id":4698,"record_id":102364,"user":"employee-389","source_ip":"10.11.3.13","target":"Approved-Maintenance","logon_type":null,"change_ticket":"CHG-DEPLOY-18","result":"success","channel":"Security","provider":"Microsoft-Windows-Security-Auditing","logon_id":"8ffa241e285a1ba7","process_id":3268,"image_path":"C:/Program Files/ApprovedAgent/agent.exe","run_as":"svc-agent","publisher":"Approved Software Team","update_state":"installed","agent_build":"2026.09.1"},{"timestamp":"2026-09-14T01:46:25.500Z","computer":"srv-143","event_id":4728,"record_id":102365,"user":"employee-263","source_ip":"10.11.4.12","target":"Project-Readers","logon_type":null,"change_ticket":"CHG-DEPLOY-18","result":"success","channel":"Security","provider":"Microsoft-Windows-Security-Auditing","logon_id":"8ffa241e285a1ba7","process_id":17682,"image_path":"","run_as":"","publisher":"","update_state":"installed","agent_build":"2026.09.2"},{"timestamp":"2026-09-14T01:46:28.200Z","computer":"srv-166","event_id":4697,"record_id":102366,"user":"deployment-admin","source_ip":"10.12.1.15","target":"ApprovedAgent","logon_type":null,"change_ticket":"CHG-DEPLOY-18","result":"success","channel":"Security","provider":"Microsoft-Windows-Security-Auditing","logon_id":"8ffa241e285a1ba7","process_id":25063,"image_path":"C:/Program Files/ApprovedAgent/agent.exe","run_as":"svc-agent","publisher":"Approved Software Team","update_state":"installed","agent_build":"2026.09.3"},{"timestamp":"2026-09-14T01:46:30.900Z","computer":"srv-227","event_id":4624,"record_id":102367,"user":"employee-121","source_ip":"10.12.4.16","target":"logon-session","logon_type":2,"change_ticket":"","result":"success","channel":"Security","provider":"Microsoft-Windows-Security-Auditing","logon_id":"8ffa241e285a1ba7","process_id":10367,"image_path":"","run_as":"","publisher":"","update_state":"installed","agent_build":"2026.09.4"},{"timestamp":"2026-09-14T01:46:33.600Z","computer":"srv-121","event_id":4624,"record_id":102368,"user":"employee-480","source_ip":"10.11.3.10","target":"logon-session","logon_type":3,"change_ticket":"","result":"success","channel":"Security","provider":"Microsoft-Windows-Security-Auditing","logon_id":"75ea8af973e7e02c","process_id":14199,"image_path":"","run_as":"","publisher":"","update_state":"installed","agent_build":"2026.09.1"},{"timestamp":"2026-09-14T01:46:36.300Z","computer":"srv-130","event_id":4634,"record_id":102369,"user":"employee-397","source_ip":"10.11.3.19","target":"logon-session","logon_type":10,"change_ticket":"","result":"success","channel":"Security","provider":"Microsoft-Windows-Security-Auditing","logon_id":"75ea8af973e7e02c","process_id":8045,"image_path":"","run_as":"","publisher":"","update_state":"installed","agent_build":"2026.09.2"},{"timestamp":"2026-09-14T01:46:39.000Z","computer":"srv-032","event_id":4688,"record_id":102370,"user":"employee-205","source_ip":"10.10.2.21","target":"logon-session","logon_type":null,"change_ticket":"","result":"success","channel":"Security","provider":"Microsoft-Windows-Security-Auditing","logon_id":"75ea8af973e7e02c","process_id":13979,"image_path":"C:/Program Files/ApprovedAgent/agent.exe","run_as":"","publisher":"Approved Software Team","update_state":"installed","agent_build":"2026.09.3"},{"timestamp":"2026-09-14T01:46:41.700Z","computer":"srv-094","event_id":4625,"record_id":102371,"user":"employee-416","source_ip":"10.11.1.23","target":"logon-session","logon_type":3,"change_ticket":"","result":"failure","channel":"Security","provider":"Microsoft-Windows-Security-Auditing","logon_id":"75ea8af973e7e02c","process_id":16037,"image_path":"","run_as":"","publisher":"","update_state":"installed","agent_build":"2026.09.4"},{"timestamp":"2026-09-14T01:46:44.400Z","computer":"srv-066","event_id":4698,"record_id":102372,"user":"employee-352","source_ip":"10.10.4.15","target":"Approved-Maintenance","logon_type":null,"change_ticket":"CHG-DEPLOY-18","result":"success","channel":"Security","provider":"Microsoft-Windows-Security-Auditing","logon_id":"aee920fd94fef3e1","process_id":7924,"image_path":"C:/Program Files/ApprovedAgent/agent.exe","run_as":"svc-agent","publisher":"Approved Software Team","update_state":"installed","agent_build":"2026.09.1"},{"timestamp":"2026-09-14T01:46:47.100Z","computer":"srv-184","event_id":4728,"record_id":102373,"user":"employee-192","source_ip":"10.12.2.13","target":"Project-Readers","logon_type":null,"change_ticket":"CHG-DEPLOY-18","result":"success","channel":"Security","provider":"Microsoft-Windows-Security-Auditing","logon_id":"aee920fd94fef3e1","process_id":16743,"image_path":"","run_as":"","publisher":"","update_state":"installed","agent_build":"2026.09.2"},{"timestamp":"2026-09-14T01:46:49.800Z","computer":"srv-206","event_id":4697,"record_id":102374,"user":"employee-457","source_ip":"10.12.3.15","target":"ApprovedAgent","logon_type":null,"change_ticket":"CHG-DEPLOY-18","result":"success","channel":"Security","provider":"Microsoft-Windows-Security-Auditing","logon_id":"aee920fd94fef3e1","process_id":25628,"image_path":"C:/Program Files/ApprovedAgent/agent.exe","run_as":"svc-agent","publisher":"Approved Software Team","update_state":"installed","agent_build":"2026.09.3"},{"timestamp":"2026-09-14T01:46:52.500Z","computer":"srv-202","event_id":4624,"record_id":102375,"user":"employee-198","source_ip":"10.12.3.11","target":"logon-session","logon_type":10,"change_ticket":"","result":"success","channel":"Security","provider":"Microsoft-Windows-Security-Auditing","logon_id":"aee920fd94fef3e1","process_id":10049,"image_path":"","run_as":"","publisher":"","update_state":"installed","agent_build":"2026.09.4"},{"timestamp":"2026-09-14T01:46:55.200Z","computer":"srv-116","event_id":4624,"record_id":102376,"user":"employee-2","source_ip":"10.11.2.25","target":"logon-session","logon_type":2,"change_ticket":"","result":"success","channel":"Security","provider":"Microsoft-Windows-Security-Auditing","logon_id":"d2706763d023f809","process_id":21829,"image_path":"","run_as":"","publisher":"","update_state":"installed","agent_build":"2026.09.1"},{"timestamp":"2026-09-14T01:46:57.900Z","computer":"srv-063","event_id":4634,"record_id":102377,"user":"employee-180","source_ip":"10.10.4.12","target":"logon-session","logon_type":3,"change_ticket":"","result":"success","channel":"Security","provider":"Microsoft-Windows-Security-Auditing","logon_id":"d2706763d023f809","process_id":23342,"image_path":"","run_as":"","publisher":"","update_state":"installed","agent_build":"2026.09.2"},{"timestamp":"2026-09-14T01:47:00.600Z","computer":"srv-141","event_id":4688,"record_id":102378,"user":"employee-364","source_ip":"10.11.4.10","target":"logon-session","logon_type":null,"change_ticket":"","result":"success","channel":"Security","provider":"Microsoft-Windows-Security-Auditing","logon_id":"d2706763d023f809","process_id":21822,"image_path":"C:/Program Files/ApprovedAgent/agent.exe","run_as":"","publisher":"Approved Software Team","update_state":"installed","agent_build":"2026.09.3"},{"timestamp":"2026-09-14T01:47:03.300Z","computer":"srv-218","event_id":4625,"record_id":102379,"user":"deployment-admin","source_ip":"10.12.3.27","target":"logon-session","logon_type":2,"change_ticket":"","result":"failure","channel":"Security","provider":"Microsoft-Windows-Security-Auditing","logon_id":"d2706763d023f809","process_id":9040,"image_path":"","run_as":"","publisher":"","update_state":"installed","agent_build":"2026.09.4"},{"timestamp":"2026-09-14T01:47:06.000Z","computer":"srv-054","event_id":4698,"record_id":102380,"user":"employee-95","source_ip":"10.10.3.23","target":"Approved-Maintenance","logon_type":null,"change_ticket":"CHG-DEPLOY-18","result":"success","channel":"Security","provider":"Microsoft-Windows-Security-Auditing","logon_id":"01ba9bf105295bc4","process_id":24507,"image_path":"C:/Program Files/ApprovedAgent/agent.exe","run_as":"svc-agent","publisher":"Approved Software Team","update_state":"installed","agent_build":"2026.09.1"},{"timestamp":"2026-09-14T01:47:08.700Z","computer":"srv-021","event_id":4728,"record_id":102381,"user":"employee-363","source_ip":"10.10.2.10","target":"Project-Readers","logon_type":null,"change_ticket":"CHG-DEPLOY-18","result":"success","channel":"Security","provider":"Microsoft-Windows-Security-Auditing","logon_id":"01ba9bf105295bc4","process_id":7027,"image_path":"","run_as":"","publisher":"","update_state":"installed","agent_build":"2026.09.2"},{"timestamp":"2026-09-14T01:47:11.400Z","computer":"srv-064","event_id":4697,"record_id":102382,"user":"employee-247","source_ip":"10.10.4.13","target":"ApprovedAgent","logon_type":null,"change_ticket":"CHG-DEPLOY-18","result":"success","channel":"Security","provider":"Microsoft-Windows-Security-Auditing","logon_id":"01ba9bf105295bc4","process_id":18990,"image_path":"C:/Program Files/ApprovedAgent/agent.exe","run_as":"svc-agent","publisher":"Approved Software Team","update_state":"installed","agent_build":"2026.09.3"},{"timestamp":"2026-09-14T01:47:14.100Z","computer":"srv-153","event_id":4624,"record_id":102383,"user":"employee-160","source_ip":"10.11.4.22","target":"logon-session","logon_type":3,"change_ticket":"","result":"success","channel":"Security","provider":"Microsoft-Windows-Security-Auditing","logon_id":"01ba9bf105295bc4","process_id":8653,"image_path":"","run_as":"","publisher":"","update_state":"installed","agent_build":"2026.09.4"},{"timestamp":"2026-09-14T01:47:16.800Z","computer":"srv-012","event_id":4624,"record_id":102384,"user":"employee-326","source_ip":"10.10.1.21","target":"logon-session","logon_type":10,"change_ticket":"","result":"success","channel":"Security","provider":"Microsoft-Windows-Security-Auditing","logon_id":"e35dd84ec6b91b0f","process_id":3458,"image_path":"","run_as":"","publisher":"","update_state":"installed","agent_build":"2026.09.1"},{"timestamp":"2026-09-14T01:47:19.500Z","computer":"srv-138","event_id":4634,"record_id":102385,"user":"employee-420","source_ip":"10.11.3.27","target":"logon-session","logon_type":2,"change_ticket":"","result":"success","channel":"Security","provider":"Microsoft-Windows-Security-Auditing","logon_id":"e35dd84ec6b91b0f","process_id":18411,"image_path":"","run_as":"","publisher":"","update_state":"installed","agent_build":"2026.09.2"},{"timestamp":"2026-09-14T01:47:22.200Z","computer":"srv-093","event_id":4688,"record_id":102386,"user":"employee-63","source_ip":"10.11.1.22","target":"logon-session","logon_type":null,"change_ticket":"","result":"success","channel":"Security","provider":"Microsoft-Windows-Security-Auditing","logon_id":"e35dd84ec6b91b0f","process_id":10058,"image_path":"C:/Program Files/ApprovedAgent/agent.exe","run_as":"","publisher":"Approved Software Team","update_state":"installed","agent_build":"2026.09.3"},{"timestamp":"2026-09-14T01:47:24.900Z","computer":"srv-025","event_id":4625,"record_id":102387,"user":"employee-266","source_ip":"10.10.2.14","target":"logon-session","logon_type":10,"change_ticket":"","result":"failure","channel":"Security","provider":"Microsoft-Windows-Security-Auditing","logon_id":"e35dd84ec6b91b0f","process_id":16141,"image_path":"","run_as":"","publisher":"","update_state":"restart-pending","agent_build":"2026.09.4"},{"timestamp":"2026-09-14T01:47:27.600Z","computer":"srv-053","event_id":4698,"record_id":102388,"user":"employee-103","source_ip":"10.10.3.22","target":"Approved-Maintenance","logon_type":null,"change_ticket":"CHG-DEPLOY-18","result":"success","channel":"Security","provider":"Microsoft-Windows-Security-Auditing","logon_id":"7600593cf2b37ea9","process_id":14753,"image_path":"C:/Program Files/ApprovedAgent/agent.exe","run_as":"svc-agent","publisher":"Approved Software Team","update_state":"installed","agent_build":"2026.09.1"},{"timestamp":"2026-09-14T01:47:30.300Z","computer":"srv-226","event_id":4728,"record_id":102389,"user":"employee-96","source_ip":"10.12.4.15","target":"Project-Readers","logon_type":null,"change_ticket":"CHG-DEPLOY-18","result":"success","channel":"Security","provider":"Microsoft-Windows-Security-Auditing","logon_id":"7600593cf2b37ea9","process_id":23028,"image_path":"","run_as":"","publisher":"","update_state":"installed","agent_build":"2026.09.2"},{"timestamp":"2026-09-14T01:47:33.000Z","computer":"srv-193","event_id":4697,"record_id":102390,"user":"employee-451","source_ip":"10.12.2.22","target":"ApprovedAgent","logon_type":null,"change_ticket":"CHG-DEPLOY-18","result":"success","channel":"Security","provider":"Microsoft-Windows-Security-Auditing","logon_id":"7600593cf2b37ea9","process_id":14866,"image_path":"C:/Program Files/ApprovedAgent/agent.exe","run_as":"svc-agent","publisher":"Approved Software Team","update_state":"installed","agent_build":"2026.09.3"},{"timestamp":"2026-09-14T01:47:35.700Z","computer":"srv-213","event_id":4624,"record_id":102391,"user":"employee-329","source_ip":"10.12.3.22","target":"logon-session","logon_type":2,"change_ticket":"","result":"success","channel":"Security","provider":"Microsoft-Windows-Security-Auditing","logon_id":"7600593cf2b37ea9","process_id":21578,"image_path":"","run_as":"","publisher":"","update_state":"installed","agent_build":"2026.09.4"},{"timestamp":"2026-09-14T01:47:38.400Z","computer":"srv-181","event_id":4624,"record_id":102392,"user":"deployment-admin","source_ip":"10.12.2.10","target":"logon-session","logon_type":3,"change_ticket":"","result":"success","channel":"Security","provider":"Microsoft-Windows-Security-Auditing","logon_id":"929dd3d72c1f5331","process_id":8511,"image_path":"","run_as":"","publisher":"","update_state":"installed","agent_build":"2026.09.1"},{"timestamp":"2026-09-14T01:47:41.100Z","computer":"srv-057","event_id":4634,"record_id":102393,"user":"employee-461","source_ip":"10.10.3.26","target":"logon-session","logon_type":10,"change_ticket":"","result":"success","channel":"Security","provider":"Microsoft-Windows-Security-Auditing","logon_id":"929dd3d72c1f5331","process_id":11110,"image_path":"","run_as":"","publisher":"","update_state":"installed","agent_build":"2026.09.2"},{"timestamp":"2026-09-14T01:47:43.800Z","computer":"srv-160","event_id":4688,"record_id":102394,"user":"employee-193","source_ip":"10.11.4.29","target":"logon-session","logon_type":null,"change_ticket":"","result":"success","channel":"Security","provider":"Microsoft-Windows-Security-Auditing","logon_id":"929dd3d72c1f5331","process_id":9344,"image_path":"C:/Program Files/ApprovedAgent/agent.exe","run_as":"","publisher":"Approved Software Team","update_state":"installed","agent_build":"2026.09.3"},{"timestamp":"2026-09-14T01:47:46.500Z","computer":"srv-184","event_id":4625,"record_id":102395,"user":"employee-49","source_ip":"10.12.2.13","target":"logon-session","logon_type":3,"change_ticket":"","result":"failure","channel":"Security","provider":"Microsoft-Windows-Security-Auditing","logon_id":"929dd3d72c1f5331","process_id":17952,"image_path":"","run_as":"","publisher":"","update_state":"installed","agent_build":"2026.09.4"},{"timestamp":"2026-09-14T01:47:49.200Z","computer":"srv-226","event_id":4698,"record_id":102396,"user":"employee-212","source_ip":"10.12.4.15","target":"Approved-Maintenance","logon_type":null,"change_ticket":"CHG-DEPLOY-18","result":"success","channel":"Security","provider":"Microsoft-Windows-Security-Auditing","logon_id":"8edff94a70bceed5","process_id":6974,"image_path":"C:/Program Files/ApprovedAgent/agent.exe","run_as":"svc-agent","publisher":"Approved Software Team","update_state":"installed","agent_build":"2026.09.1"},{"timestamp":"2026-09-14T01:47:51.900Z","computer":"srv-171","event_id":4728,"record_id":102397,"user":"employee-227","source_ip":"10.12.1.20","target":"Project-Readers","logon_type":null,"change_ticket":"CHG-DEPLOY-18","result":"success","channel":"Security","provider":"Microsoft-Windows-Security-Auditing","logon_id":"8edff94a70bceed5","process_id":5543,"image_path":"","run_as":"","publisher":"","update_state":"failed","agent_build":"2026.09.2"},{"timestamp":"2026-09-14T01:47:54.600Z","computer":"srv-123","event_id":4697,"record_id":102398,"user":"employee-299","source_ip":"10.11.3.12","target":"ApprovedAgent","logon_type":null,"change_ticket":"CHG-DEPLOY-18","result":"success","channel":"Security","provider":"Microsoft-Windows-Security-Auditing","logon_id":"8edff94a70bceed5","process_id":17874,"image_path":"C:/Program Files/ApprovedAgent/agent.exe","run_as":"svc-agent","publisher":"Approved Software Team","update_state":"installed","agent_build":"2026.09.3"},{"timestamp":"2026-09-14T01:47:57.300Z","computer":"srv-013","event_id":4624,"record_id":102399,"user":"employee-162","source_ip":"10.10.1.22","target":"logon-session","logon_type":10,"change_ticket":"","result":"success","channel":"Security","provider":"Microsoft-Windows-Security-Auditing","logon_id":"8edff94a70bceed5","process_id":2814,"image_path":"","run_as":"","publisher":"","update_state":"installed","agent_build":"2026.09.4"},{"timestamp":"2026-09-14T01:48:00.000Z","computer":"win-admin-21","event_id":4625,"record_id":102400,"user":"ops-review","source_ip":"198.51.100.77","target":"logon-session","logon_type":10,"change_ticket":"","result":"failure","channel":"Security","provider":"Microsoft-Windows-Security-Auditing","logon_id":"00543ac3502da9dc","process_id":23612,"image_path":"","run_as":"","publisher":"","update_state":"installed","agent_build":"2026.09.1"},{"timestamp":"2026-09-14T01:48:02.700Z","computer":"win-admin-21","event_id":4625,"record_id":102401,"user":"ops-review","source_ip":"198.51.100.77","target":"logon-session","logon_type":10,"change_ticket":"","result":"failure","channel":"Security","provider":"Microsoft-Windows-Security-Auditing","logon_id":"00543ac3502da9dc","process_id":12563,"image_path":"","run_as":"","publisher":"","update_state":"installed","agent_build":"2026.09.2"},{"timestamp":"2026-09-14T01:48:05.400Z","computer":"win-admin-21","event_id":4625,"record_id":102402,"user":"ops-review","source_ip":"198.51.100.77","target":"logon-session","logon_type":10,"change_ticket":"","result":"failure","channel":"Security","provider":"Microsoft-Windows-Security-Auditing","logon_id":"00543ac3502da9dc","process_id":6719,"image_path":"","run_as":"","publisher":"","update_state":"installed","agent_build":"2026.09.3"},{"timestamp":"2026-09-14T01:48:08.100Z","computer":"win-admin-21","event_id":4624,"record_id":102403,"user":"ops-review","source_ip":"198.51.100.77","target":"logon-session","logon_type":10,"change_ticket":"","result":"success","channel":"Security","provider":"Microsoft-Windows-Security-Auditing","logon_id":"00543ac3502da9dc","process_id":8716,"image_path":"","run_as":"","publisher":"","update_state":"installed","agent_build":"2026.09.4"},{"timestamp":"2026-09-14T01:48:10.800Z","computer":"win-admin-21","event_id":4728,"record_id":102404,"user":"ops-review","source_ip":"198.51.100.77","target":"Domain Admins","logon_type":null,"change_ticket":"","result":"success","channel":"Security","provider":"Microsoft-Windows-Security-Auditing","logon_id":"00543ac3502da9dc","process_id":2075,"image_path":"","run_as":"","publisher":"","update_state":"installed","agent_build":"2026.09.1"},{"timestamp":"2026-09-14T01:48:13.500Z","computer":"win-admin-21","event_id":4698,"record_id":102405,"user":"ops-review","source_ip":"198.51.100.77","target":"UserCache-Maintenance","logon_type":null,"change_ticket":"","result":"success","channel":"Security","provider":"Microsoft-Windows-Security-Auditing","logon_id":"00543ac3502da9dc","process_id":17033,"image_path":"C:/Users/ops-review/AppData/Local/Cache/worker.exe","run_as":"LocalSystem","publisher":"unverified","update_state":"installed","agent_build":"2026.09.2"},{"timestamp":"2026-09-14T01:48:16.200Z","computer":"win-admin-21","event_id":4697,"record_id":102406,"user":"ops-review","source_ip":"198.51.100.77","target":"DocumentCacheSvc","logon_type":null,"change_ticket":"","result":"success","channel":"Security","provider":"Microsoft-Windows-Security-Auditing","logon_id":"00543ac3502da9dc","process_id":18199,"image_path":"C:/Users/ops-review/AppData/Local/Cache/worker.exe","run_as":"LocalSystem","publisher":"unverified","update_state":"installed","agent_build":"2026.09.3"},{"timestamp":"2026-09-14T01:48:18.900Z","computer":"win-admin-21","event_id":1102,"record_id":102407,"user":"ops-review","source_ip":"198.51.100.77","target":"Security log","logon_type":null,"change_ticket":"","result":"success","channel":"Security","provider":"Microsoft-Windows-Eventlog","logon_id":"00543ac3502da9dc","process_id":17262,"image_path":"","run_as":"","publisher":"","update_state":"installed","agent_build":"2026.09.4"},{"timestamp":"2026-09-14T01:48:21.600Z","computer":"win-admin-21","event_id":4634,"record_id":102408,"user":"ops-review","source_ip":"198.51.100.77","target":"logon-session","logon_type":10,"change_ticket":"","result":"success","channel":"Security","provider":"Microsoft-Windows-Security-Auditing","logon_id":"00543ac3502da9dc","process_id":9197,"image_path":"","run_as":"","publisher":"","update_state":"installed","agent_build":"2026.09.1"},{"timestamp":"2026-09-14T01:48:24.300Z","computer":"srv-084","event_id":4634,"record_id":102409,"user":"employee-15","source_ip":"10.11.1.13","target":"logon-session","logon_type":2,"change_ticket":"","result":"success","channel":"Security","provider":"Microsoft-Windows-Security-Auditing","logon_id":"ae2b37588fdbe0f6","process_id":6473,"image_path":"","run_as":"","publisher":"","update_state":"installed","agent_build":"2026.09.2"},{"timestamp":"2026-09-14T01:48:27.000Z","computer":"srv-215","event_id":4688,"record_id":102410,"user":"employee-117","source_ip":"10.12.3.24","target":"logon-session","logon_type":null,"change_ticket":"","result":"success","channel":"Security","provider":"Microsoft-Windows-Security-Auditing","logon_id":"ae2b37588fdbe0f6","process_id":18464,"image_path":"C:/Program Files/ApprovedAgent/agent.exe","run_as":"","publisher":"Approved Software Team","update_state":"installed","agent_build":"2026.09.3"},{"timestamp":"2026-09-14T01:48:29.700Z","computer":"srv-002","event_id":4625,"record_id":102411,"user":"employee-319","source_ip":"10.10.1.11","target":"logon-session","logon_type":10,"change_ticket":"","result":"failure","channel":"Security","provider":"Microsoft-Windows-Security-Auditing","logon_id":"ae2b37588fdbe0f6","process_id":1618,"image_path":"","run_as":"","publisher":"","update_state":"installed","agent_build":"2026.09.4"},{"timestamp":"2026-09-14T01:48:32.400Z","computer":"srv-129","event_id":4698,"record_id":102412,"user":"employee-154","source_ip":"10.11.3.18","target":"Approved-Maintenance","logon_type":null,"change_ticket":"CHG-DEPLOY-18","result":"success","channel":"Security","provider":"Microsoft-Windows-Security-Auditing","logon_id":"6bf5c5db8cd9f9a2","process_id":23167,"image_path":"C:/Program Files/ApprovedAgent/agent.exe","run_as":"svc-agent","publisher":"Approved Software Team","update_state":"installed","agent_build":"2026.09.1"},{"timestamp":"2026-09-14T01:48:35.100Z","computer":"srv-055","event_id":4728,"record_id":102413,"user":"employee-336","source_ip":"10.10.3.24","target":"Project-Readers","logon_type":null,"change_ticket":"CHG-DEPLOY-18","result":"success","channel":"Security","provider":"Microsoft-Windows-Security-Auditing","logon_id":"6bf5c5db8cd9f9a2","process_id":4371,"image_path":"","run_as":"","publisher":"","update_state":"installed","agent_build":"2026.09.2"},{"timestamp":"2026-09-14T01:48:37.800Z","computer":"srv-170","event_id":4697,"record_id":102414,"user":"employee-386","source_ip":"10.12.1.19","target":"ApprovedAgent","logon_type":null,"change_ticket":"CHG-DEPLOY-18","result":"success","channel":"Security","provider":"Microsoft-Windows-Security-Auditing","logon_id":"6bf5c5db8cd9f9a2","process_id":3231,"image_path":"C:/Program Files/ApprovedAgent/agent.exe","run_as":"svc-agent","publisher":"Approved Software Team","update_state":"installed","agent_build":"2026.09.3"},{"timestamp":"2026-09-14T01:48:40.500Z","computer":"srv-208","event_id":4624,"record_id":102415,"user":"employee-16","source_ip":"10.12.3.17","target":"logon-session","logon_type":2,"change_ticket":"","result":"success","channel":"Security","provider":"Microsoft-Windows-Security-Auditing","logon_id":"6bf5c5db8cd9f9a2","process_id":24066,"image_path":"","run_as":"","publisher":"","update_state":"installed","agent_build":"2026.09.4"},{"timestamp":"2026-09-14T01:48:43.200Z","computer":"srv-110","event_id":4624,"record_id":102416,"user":"employee-268","source_ip":"10.11.2.19","target":"logon-session","logon_type":3,"change_ticket":"","result":"success","channel":"Security","provider":"Microsoft-Windows-Security-Auditing","logon_id":"584f3d2647db72d0","process_id":7653,"image_path":"","run_as":"","publisher":"","update_state":"installed","agent_build":"2026.09.1"},{"timestamp":"2026-09-14T01:48:45.900Z","computer":"srv-016","event_id":4634,"record_id":102417,"user":"employee-454","source_ip":"10.10.1.25","target":"logon-session","logon_type":10,"change_ticket":"","result":"success","channel":"Security","provider":"Microsoft-Windows-Security-Auditing","logon_id":"584f3d2647db72d0","process_id":10008,"image_path":"","run_as":"","publisher":"","update_state":"installed","agent_build":"2026.09.2"},{"timestamp":"2026-09-14T01:48:48.600Z","computer":"srv-087","event_id":4688,"record_id":102418,"user":"deployment-admin","source_ip":"10.11.1.16","target":"logon-session","logon_type":null,"change_ticket":"","result":"success","channel":"Security","provider":"Microsoft-Windows-Security-Auditing","logon_id":"584f3d2647db72d0","process_id":12099,"image_path":"C:/Program Files/ApprovedAgent/agent.exe","run_as":"","publisher":"Approved Software Team","update_state":"restart-pending","agent_build":"2026.09.3"},{"timestamp":"2026-09-14T01:48:51.300Z","computer":"srv-204","event_id":4625,"record_id":102419,"user":"employee-93","source_ip":"10.12.3.13","target":"logon-session","logon_type":3,"change_ticket":"","result":"failure","channel":"Security","provider":"Microsoft-Windows-Security-Auditing","logon_id":"584f3d2647db72d0","process_id":1239,"image_path":"","run_as":"","publisher":"","update_state":"no-report","agent_build":"2026.09.4"},{"timestamp":"2026-09-14T01:48:54.000Z","computer":"srv-137","event_id":4698,"record_id":102420,"user":"employee-462","source_ip":"10.11.3.26","target":"Approved-Maintenance","logon_type":null,"change_ticket":"CHG-DEPLOY-18","result":"success","channel":"Security","provider":"Microsoft-Windows-Security-Auditing","logon_id":"794e0f4e134bdb28","process_id":7020,"image_path":"C:/Program Files/ApprovedAgent/agent.exe","run_as":"svc-agent","publisher":"Approved Software Team","update_state":"installed","agent_build":"2026.09.1"},{"timestamp":"2026-09-14T01:48:56.700Z","computer":"srv-031","event_id":4728,"record_id":102421,"user":"employee-340","source_ip":"10.10.2.20","target":"Project-Readers","logon_type":null,"change_ticket":"CHG-DEPLOY-18","result":"success","channel":"Security","provider":"Microsoft-Windows-Security-Auditing","logon_id":"794e0f4e134bdb28","process_id":6213,"image_path":"","run_as":"","publisher":"","update_state":"installed","agent_build":"2026.09.2"},{"timestamp":"2026-09-14T01:48:59.400Z","computer":"srv-121","event_id":4697,"record_id":102422,"user":"employee-474","source_ip":"10.11.3.10","target":"ApprovedAgent","logon_type":null,"change_ticket":"CHG-DEPLOY-18","result":"success","channel":"Security","provider":"Microsoft-Windows-Security-Auditing","logon_id":"794e0f4e134bdb28","process_id":9763,"image_path":"C:/Program Files/ApprovedAgent/agent.exe","run_as":"svc-agent","publisher":"Approved Software Team","update_state":"installed","agent_build":"2026.09.3"},{"timestamp":"2026-09-14T01:49:02.100Z","computer":"srv-199","event_id":4624,"record_id":102423,"user":"employee-273","source_ip":"10.12.2.28","target":"logon-session","logon_type":10,"change_ticket":"","result":"success","channel":"Security","provider":"Microsoft-Windows-Security-Auditing","logon_id":"794e0f4e134bdb28","process_id":22468,"image_path":"","run_as":"","publisher":"","update_state":"installed","agent_build":"2026.09.4"},{"timestamp":"2026-09-14T01:49:04.800Z","computer":"srv-144","event_id":4624,"record_id":102424,"user":"employee-213","source_ip":"10.11.4.13","target":"logon-session","logon_type":2,"change_ticket":"","result":"success","channel":"Security","provider":"Microsoft-Windows-Security-Auditing","logon_id":"1c537638fddc2f28","process_id":8404,"image_path":"","run_as":"","publisher":"","update_state":"installed","agent_build":"2026.09.1"},{"timestamp":"2026-09-14T01:49:07.500Z","computer":"srv-041","event_id":4634,"record_id":102425,"user":"employee-150","source_ip":"10.10.3.10","target":"logon-session","logon_type":3,"change_ticket":"","result":"success","channel":"Security","provider":"Microsoft-Windows-Security-Auditing","logon_id":"1c537638fddc2f28","process_id":24561,"image_path":"","run_as":"","publisher":"","update_state":"installed","agent_build":"2026.09.2"},{"timestamp":"2026-09-14T01:49:10.200Z","computer":"srv-235","event_id":4688,"record_id":102426,"user":"employee-21","source_ip":"10.12.4.24","target":"logon-session","logon_type":null,"change_ticket":"","result":"success","channel":"Security","provider":"Microsoft-Windows-Security-Auditing","logon_id":"1c537638fddc2f28","process_id":9922,"image_path":"C:/Program Files/ApprovedAgent/agent.exe","run_as":"","publisher":"Approved Software Team","update_state":"installed","agent_build":"2026.09.3"},{"timestamp":"2026-09-14T01:49:12.900Z","computer":"srv-023","event_id":4625,"record_id":102427,"user":"employee-250","source_ip":"10.10.2.12","target":"logon-session","logon_type":2,"change_ticket":"","result":"failure","channel":"Security","provider":"Microsoft-Windows-Security-Auditing","logon_id":"1c537638fddc2f28","process_id":10309,"image_path":"","run_as":"","publisher":"","update_state":"installed","agent_build":"2026.09.4"},{"timestamp":"2026-09-14T01:49:15.600Z","computer":"srv-191","event_id":4698,"record_id":102428,"user":"employee-128","source_ip":"10.12.2.20","target":"Approved-Maintenance","logon_type":null,"change_ticket":"CHG-DEPLOY-18","result":"success","channel":"Security","provider":"Microsoft-Windows-Security-Auditing","logon_id":"8f5e786386dc9f4d","process_id":4608,"image_path":"C:/Program Files/ApprovedAgent/agent.exe","run_as":"svc-agent","publisher":"Approved Software Team","update_state":"installed","agent_build":"2026.09.1"},{"timestamp":"2026-09-14T01:49:18.300Z","computer":"srv-085","event_id":4728,"record_id":102429,"user":"employee-299","source_ip":"10.11.1.14","target":"Project-Readers","logon_type":null,"change_ticket":"CHG-DEPLOY-18","result":"success","channel":"Security","provider":"Microsoft-Windows-Security-Auditing","logon_id":"8f5e786386dc9f4d","process_id":20732,"image_path":"","run_as":"","publisher":"","update_state":"installed","agent_build":"2026.09.2"},{"timestamp":"2026-09-14T01:49:21.000Z","computer":"srv-008","event_id":4697,"record_id":102430,"user":"employee-2","source_ip":"10.10.1.17","target":"ApprovedAgent","logon_type":null,"change_ticket":"CHG-DEPLOY-18","result":"success","channel":"Security","provider":"Microsoft-Windows-Security-Auditing","logon_id":"8f5e786386dc9f4d","process_id":18017,"image_path":"C:/Program Files/ApprovedAgent/agent.exe","run_as":"svc-agent","publisher":"Approved Software Team","update_state":"installed","agent_build":"2026.09.3"},{"timestamp":"2026-09-14T01:49:23.700Z","computer":"srv-067","event_id":4624,"record_id":102431,"user":"deployment-admin","source_ip":"10.10.4.16","target":"logon-session","logon_type":3,"change_ticket":"","result":"success","channel":"Security","provider":"Microsoft-Windows-Security-Auditing","logon_id":"8f5e786386dc9f4d","process_id":16523,"image_path":"","run_as":"","publisher":"","update_state":"installed","agent_build":"2026.09.4"},{"timestamp":"2026-09-14T01:49:26.400Z","computer":"srv-131","event_id":4624,"record_id":102432,"user":"employee-139","source_ip":"10.11.3.20","target":"logon-session","logon_type":10,"change_ticket":"","result":"success","channel":"Security","provider":"Microsoft-Windows-Security-Auditing","logon_id":"f325eadc6e0d93aa","process_id":9926,"image_path":"","run_as":"","publisher":"","update_state":"installed","agent_build":"2026.09.1"},{"timestamp":"2026-09-14T01:49:29.100Z","computer":"srv-068","event_id":4634,"record_id":102433,"user":"employee-273","source_ip":"10.10.4.17","target":"logon-session","logon_type":2,"change_ticket":"","result":"success","channel":"Security","provider":"Microsoft-Windows-Security-Auditing","logon_id":"f325eadc6e0d93aa","process_id":6663,"image_path":"","run_as":"","publisher":"","update_state":"installed","agent_build":"2026.09.2"},{"timestamp":"2026-09-14T01:49:31.800Z","computer":"srv-187","event_id":4688,"record_id":102434,"user":"employee-117","source_ip":"10.12.2.16","target":"logon-session","logon_type":null,"change_ticket":"","result":"success","channel":"Security","provider":"Microsoft-Windows-Security-Auditing","logon_id":"f325eadc6e0d93aa","process_id":9441,"image_path":"C:/Program Files/ApprovedAgent/agent.exe","run_as":"","publisher":"Approved Software Team","update_state":"installed","agent_build":"2026.09.3"},{"timestamp":"2026-09-14T01:49:34.500Z","computer":"srv-063","event_id":4625,"record_id":102435,"user":"employee-242","source_ip":"10.10.4.12","target":"logon-session","logon_type":10,"change_ticket":"","result":"failure","channel":"Security","provider":"Microsoft-Windows-Security-Auditing","logon_id":"f325eadc6e0d93aa","process_id":7990,"image_path":"","run_as":"","publisher":"","update_state":"installed","agent_build":"2026.09.4"},{"timestamp":"2026-09-14T01:49:37.200Z","computer":"srv-004","event_id":4698,"record_id":102436,"user":"employee-307","source_ip":"10.10.1.13","target":"Approved-Maintenance","logon_type":null,"change_ticket":"CHG-DEPLOY-18","result":"success","channel":"Security","provider":"Microsoft-Windows-Security-Auditing","logon_id":"1c917d78f47ab92f","process_id":21226,"image_path":"C:/Program Files/ApprovedAgent/agent.exe","run_as":"svc-agent","publisher":"Approved Software Team","update_state":"installed","agent_build":"2026.09.1"},{"timestamp":"2026-09-14T01:49:39.900Z","computer":"srv-119","event_id":4728,"record_id":102437,"user":"employee-249","source_ip":"10.11.2.28","target":"Project-Readers","logon_type":null,"change_ticket":"CHG-DEPLOY-18","result":"success","channel":"Security","provider":"Microsoft-Windows-Security-Auditing","logon_id":"1c917d78f47ab92f","process_id":3423,"image_path":"","run_as":"","publisher":"","update_state":"installed","agent_build":"2026.09.2"},