{"timestamp":"2026-09-14T01:11:33.000Z","computer":"srv-092","event_id":4697,"record_id":101590,"user":"employee-445","source_ip":"10.11.1.21","target":"ApprovedAgent","logon_type":null,"change_ticket":"CHG-DEPLOY-18","result":"success","channel":"Security","provider":"Microsoft-Windows-Security-Auditing","logon_id":"2d76833464ff2196","process_id":17289,"image_path":"C:/Program Files/ApprovedAgent/agent.exe","run_as":"svc-agent","publisher":"Approved Software Team","update_state":"installed","agent_build":"2026.09.3"},{"timestamp":"2026-09-14T01:11:35.700Z","computer":"srv-153","event_id":4624,"record_id":101591,"user":"employee-446","source_ip":"10.11.4.22","target":"logon-session","logon_type":3,"change_ticket":"","result":"success","channel":"Security","provider":"Microsoft-Windows-Security-Auditing","logon_id":"2d76833464ff2196","process_id":24938,"image_path":"","run_as":"","publisher":"","update_state":"installed","agent_build":"2026.09.4"},{"timestamp":"2026-09-14T01:11:38.400Z","computer":"srv-054","event_id":4624,"record_id":101592,"user":"employee-333","source_ip":"10.10.3.23","target":"logon-session","logon_type":10,"change_ticket":"","result":"success","channel":"Security","provider":"Microsoft-Windows-Security-Auditing","logon_id":"2efde20fd915bb97","process_id":13879,"image_path":"","run_as":"","publisher":"","update_state":"installed","agent_build":"2026.09.1"},{"timestamp":"2026-09-14T01:11:41.100Z","computer":"srv-087","event_id":4634,"record_id":101593,"user":"employee-350","source_ip":"10.11.1.16","target":"logon-session","logon_type":2,"change_ticket":"","result":"success","channel":"Security","provider":"Microsoft-Windows-Security-Auditing","logon_id":"2efde20fd915bb97","process_id":12993,"image_path":"","run_as":"","publisher":"","update_state":"no-report","agent_build":"2026.09.2"},{"timestamp":"2026-09-14T01:11:43.800Z","computer":"srv-195","event_id":4688,"record_id":101594,"user":"employee-287","source_ip":"10.12.2.24","target":"logon-session","logon_type":null,"change_ticket":"","result":"success","channel":"Security","provider":"Microsoft-Windows-Security-Auditing","logon_id":"2efde20fd915bb97","process_id":15997,"image_path":"C:/Program Files/ApprovedAgent/agent.exe","run_as":"","publisher":"Approved Software Team","update_state":"installed","agent_build":"2026.09.3"},{"timestamp":"2026-09-14T01:11:46.500Z","computer":"srv-035","event_id":4625,"record_id":101595,"user":"employee-480","source_ip":"10.10.2.24","target":"logon-session","logon_type":10,"change_ticket":"","result":"failure","channel":"Security","provider":"Microsoft-Windows-Security-Auditing","logon_id":"2efde20fd915bb97","process_id":15332,"image_path":"","run_as":"","publisher":"","update_state":"installed","agent_build":"2026.09.4"},{"timestamp":"2026-09-14T01:11:49.200Z","computer":"srv-127","event_id":4698,"record_id":101596,"user":"employee-325","source_ip":"10.11.3.16","target":"Approved-Maintenance","logon_type":null,"change_ticket":"CHG-DEPLOY-18","result":"success","channel":"Security","provider":"Microsoft-Windows-Security-Auditing","logon_id":"2d9df4fd63d68d73","process_id":16217,"image_path":"C:/Program Files/ApprovedAgent/agent.exe","run_as":"svc-agent","publisher":"Approved Software Team","update_state":"installed","agent_build":"2026.09.1"},{"timestamp":"2026-09-14T01:11:51.900Z","computer":"srv-028","event_id":4728,"record_id":101597,"user":"employee-379","source_ip":"10.10.2.17","target":"Project-Readers","logon_type":null,"change_ticket":"CHG-DEPLOY-18","result":"success","channel":"Security","provider":"Microsoft-Windows-Security-Auditing","logon_id":"2d9df4fd63d68d73","process_id":7565,"image_path":"","run_as":"","publisher":"","update_state":"installed","agent_build":"2026.09.2"},{"timestamp":"2026-09-14T01:11:54.600Z","computer":"srv-136","event_id":4697,"record_id":101598,"user":"employee-289","source_ip":"10.11.3.25","target":"ApprovedAgent","logon_type":null,"change_ticket":"CHG-DEPLOY-18","result":"success","channel":"Security","provider":"Microsoft-Windows-Security-Auditing","logon_id":"2d9df4fd63d68d73","process_id":23618,"image_path":"C:/Program Files/ApprovedAgent/agent.exe","run_as":"svc-agent","publisher":"Approved Software Team","update_state":"failed","agent_build":"2026.09.3"},{"timestamp":"2026-09-14T01:11:57.300Z","computer":"srv-128","event_id":4624,"record_id":101599,"user":"deployment-admin","source_ip":"10.11.3.17","target":"logon-session","logon_type":2,"change_ticket":"","result":"success","channel":"Security","provider":"Microsoft-Windows-Security-Auditing","logon_id":"2d9df4fd63d68d73","process_id":3203,"image_path":"","run_as":"","publisher":"","update_state":"installed","agent_build":"2026.09.4"},{"timestamp":"2026-09-14T01:12:00.000Z","computer":"win-admin-21","event_id":4625,"record_id":101600,"user":"ops-review","source_ip":"198.51.100.77","target":"logon-session","logon_type":10,"change_ticket":"","result":"failure","channel":"Security","provider":"Microsoft-Windows-Security-Auditing","logon_id":"6fdbba7c2c2240c0","process_id":18488,"image_path":"","run_as":"","publisher":"","update_state":"installed","agent_build":"2026.09.1"},{"timestamp":"2026-09-14T01:12:02.700Z","computer":"win-admin-21","event_id":4625,"record_id":101601,"user":"ops-review","source_ip":"198.51.100.77","target":"logon-session","logon_type":10,"change_ticket":"","result":"failure","channel":"Security","provider":"Microsoft-Windows-Security-Auditing","logon_id":"6fdbba7c2c2240c0","process_id":12843,"image_path":"","run_as":"","publisher":"","update_state":"installed","agent_build":"2026.09.2"},{"timestamp":"2026-09-14T01:12:05.400Z","computer":"win-admin-21","event_id":4625,"record_id":101602,"user":"ops-review","source_ip":"198.51.100.77","target":"logon-session","logon_type":10,"change_ticket":"","result":"failure","channel":"Security","provider":"Microsoft-Windows-Security-Auditing","logon_id":"6fdbba7c2c2240c0","process_id":17853,"image_path":"","run_as":"","publisher":"","update_state":"installed","agent_build":"2026.09.3"},{"timestamp":"2026-09-14T01:12:08.100Z","computer":"win-admin-21","event_id":4624,"record_id":101603,"user":"ops-review","source_ip":"198.51.100.77","target":"logon-session","logon_type":10,"change_ticket":"","result":"success","channel":"Security","provider":"Microsoft-Windows-Security-Auditing","logon_id":"6fdbba7c2c2240c0","process_id":21127,"image_path":"","run_as":"","publisher":"","update_state":"installed","agent_build":"2026.09.4"},{"timestamp":"2026-09-14T01:12:10.800Z","computer":"win-admin-21","event_id":4728,"record_id":101604,"user":"ops-review","source_ip":"198.51.100.77","target":"Domain Admins","logon_type":null,"change_ticket":"","result":"success","channel":"Security","provider":"Microsoft-Windows-Security-Auditing","logon_id":"6fdbba7c2c2240c0","process_id":22400,"image_path":"","run_as":"","publisher":"","update_state":"installed","agent_build":"2026.09.1"},{"timestamp":"2026-09-14T01:12:13.500Z","computer":"win-admin-21","event_id":4698,"record_id":101605,"user":"ops-review","source_ip":"198.51.100.77","target":"UserCache-Maintenance","logon_type":null,"change_ticket":"","result":"success","channel":"Security","provider":"Microsoft-Windows-Security-Auditing","logon_id":"6fdbba7c2c2240c0","process_id":2520,"image_path":"C:/Users/ops-review/AppData/Local/Cache/worker.exe","run_as":"LocalSystem","publisher":"unverified","update_state":"installed","agent_build":"2026.09.2"},{"timestamp":"2026-09-14T01:12:16.200Z","computer":"win-admin-21","event_id":4697,"record_id":101606,"user":"ops-review","source_ip":"198.51.100.77","target":"DocumentCacheSvc","logon_type":null,"change_ticket":"","result":"success","channel":"Security","provider":"Microsoft-Windows-Security-Auditing","logon_id":"6fdbba7c2c2240c0","process_id":7882,"image_path":"C:/Users/ops-review/AppData/Local/Cache/worker.exe","run_as":"LocalSystem","publisher":"unverified","update_state":"installed","agent_build":"2026.09.3"},{"timestamp":"2026-09-14T01:12:18.900Z","computer":"win-admin-21","event_id":1102,"record_id":101607,"user":"ops-review","source_ip":"198.51.100.77","target":"Security log","logon_type":null,"change_ticket":"","result":"success","channel":"Security","provider":"Microsoft-Windows-Eventlog","logon_id":"6fdbba7c2c2240c0","process_id":1884,"image_path":"","run_as":"","publisher":"","update_state":"installed","agent_build":"2026.09.4"},{"timestamp":"2026-09-14T01:12:21.600Z","computer":"win-admin-21","event_id":4634,"record_id":101608,"user":"ops-review","source_ip":"198.51.100.77","target":"logon-session","logon_type":10,"change_ticket":"","result":"success","channel":"Security","provider":"Microsoft-Windows-Security-Auditing","logon_id":"6fdbba7c2c2240c0","process_id":6029,"image_path":"","run_as":"","publisher":"","update_state":"installed","agent_build":"2026.09.1"},{"timestamp":"2026-09-14T01:12:24.300Z","computer":"srv-039","event_id":4634,"record_id":101609,"user":"employee-449","source_ip":"10.10.2.28","target":"logon-session","logon_type":3,"change_ticket":"","result":"success","channel":"Security","provider":"Microsoft-Windows-Security-Auditing","logon_id":"ee7eb89dc1fbd241","process_id":20071,"image_path":"","run_as":"","publisher":"","update_state":"installed","agent_build":"2026.09.2"},{"timestamp":"2026-09-14T01:12:27.000Z","computer":"srv-153","event_id":4688,"record_id":101610,"user":"employee-188","source_ip":"10.11.4.22","target":"logon-session","logon_type":null,"change_ticket":"","result":"success","channel":"Security","provider":"Microsoft-Windows-Security-Auditing","logon_id":"ee7eb89dc1fbd241","process_id":23376,"image_path":"C:/Program Files/ApprovedAgent/agent.exe","run_as":"","publisher":"Approved Software Team","update_state":"installed","agent_build":"2026.09.3"},{"timestamp":"2026-09-14T01:12:29.700Z","computer":"srv-138","event_id":4625,"record_id":101611,"user":"employee-409","source_ip":"10.11.3.27","target":"logon-session","logon_type":2,"change_ticket":"","result":"failure","channel":"Security","provider":"Microsoft-Windows-Security-Auditing","logon_id":"ee7eb89dc1fbd241","process_id":3726,"image_path":"","run_as":"","publisher":"","update_state":"installed","agent_build":"2026.09.4"},{"timestamp":"2026-09-14T01:12:32.400Z","computer":"srv-079","event_id":4698,"record_id":101612,"user":"deployment-admin","source_ip":"10.10.4.28","target":"Approved-Maintenance","logon_type":null,"change_ticket":"CHG-DEPLOY-18","result":"success","channel":"Security","provider":"Microsoft-Windows-Security-Auditing","logon_id":"6e7823222ddcd24b","process_id":23186,"image_path":"C:/Program Files/ApprovedAgent/agent.exe","run_as":"svc-agent","publisher":"Approved Software Team","update_state":"restart-pending","agent_build":"2026.09.1"},{"timestamp":"2026-09-14T01:12:35.100Z","computer":"srv-235","event_id":4728,"record_id":101613,"user":"employee-351","source_ip":"10.12.4.24","target":"Project-Readers","logon_type":null,"change_ticket":"CHG-DEPLOY-18","result":"success","channel":"Security","provider":"Microsoft-Windows-Security-Auditing","logon_id":"6e7823222ddcd24b","process_id":24144,"image_path":"","run_as":"","publisher":"","update_state":"installed","agent_build":"2026.09.2"},{"timestamp":"2026-09-14T01:12:37.800Z","computer":"srv-179","event_id":4697,"record_id":101614,"user":"employee-365","source_ip":"10.12.1.28","target":"ApprovedAgent","logon_type":null,"change_ticket":"CHG-DEPLOY-18","result":"success","channel":"Security","provider":"Microsoft-Windows-Security-Auditing","logon_id":"6e7823222ddcd24b","process_id":25112,"image_path":"C:/Program Files/ApprovedAgent/agent.exe","run_as":"svc-agent","publisher":"Approved Software Team","update_state":"installed","agent_build":"2026.09.3"},{"timestamp":"2026-09-14T01:12:40.500Z","computer":"srv-125","event_id":4624,"record_id":101615,"user":"employee-290","source_ip":"10.11.3.14","target":"logon-session","logon_type":3,"change_ticket":"","result":"success","channel":"Security","provider":"Microsoft-Windows-Security-Auditing","logon_id":"6e7823222ddcd24b","process_id":1631,"image_path":"","run_as":"","publisher":"","update_state":"installed","agent_build":"2026.09.4"},{"timestamp":"2026-09-14T01:12:43.200Z","computer":"srv-040","event_id":4624,"record_id":101616,"user":"employee-238","source_ip":"10.10.2.29","target":"logon-session","logon_type":10,"change_ticket":"","result":"success","channel":"Security","provider":"Microsoft-Windows-Security-Auditing","logon_id":"80a9c13a0a8acc74","process_id":24782,"image_path":"","run_as":"","publisher":"","update_state":"installed","agent_build":"2026.09.1"},{"timestamp":"2026-09-14T01:12:45.900Z","computer":"srv-230","event_id":4634,"record_id":101617,"user":"employee-341","source_ip":"10.12.4.19","target":"logon-session","logon_type":2,"change_ticket":"","result":"success","channel":"Security","provider":"Microsoft-Windows-Security-Auditing","logon_id":"80a9c13a0a8acc74","process_id":19736,"image_path":"","run_as":"","publisher":"","update_state":"installed","agent_build":"2026.09.2"},{"timestamp":"2026-09-14T01:12:48.600Z","computer":"srv-046","event_id":4688,"record_id":101618,"user":"employee-406","source_ip":"10.10.3.15","target":"logon-session","logon_type":null,"change_ticket":"","result":"success","channel":"Security","provider":"Microsoft-Windows-Security-Auditing","logon_id":"80a9c13a0a8acc74","process_id":15900,"image_path":"C:/Program Files/ApprovedAgent/agent.exe","run_as":"","publisher":"Approved Software Team","update_state":"installed","agent_build":"2026.09.3"},{"timestamp":"2026-09-14T01:12:51.300Z","computer":"srv-227","event_id":4625,"record_id":101619,"user":"employee-300","source_ip":"10.12.4.16","target":"logon-session","logon_type":10,"change_ticket":"","result":"failure","channel":"Security","provider":"Microsoft-Windows-Security-Auditing","logon_id":"80a9c13a0a8acc74","process_id":8084,"image_path":"","run_as":"","publisher":"","update_state":"installed","agent_build":"2026.09.4"},{"timestamp":"2026-09-14T01:12:54.000Z","computer":"srv-224","event_id":4698,"record_id":101620,"user":"employee-149","source_ip":"10.12.4.13","target":"Approved-Maintenance","logon_type":null,"change_ticket":"CHG-DEPLOY-18","result":"success","channel":"Security","provider":"Microsoft-Windows-Security-Auditing","logon_id":"0129f8e4bee53932","process_id":19105,"image_path":"C:/Program Files/ApprovedAgent/agent.exe","run_as":"svc-agent","publisher":"Approved Software Team","update_state":"installed","agent_build":"2026.09.1"},{"timestamp":"2026-09-14T01:12:56.700Z","computer":"srv-033","event_id":4728,"record_id":101621,"user":"employee-398","source_ip":"10.10.2.22","target":"Project-Readers","logon_type":null,"change_ticket":"CHG-DEPLOY-18","result":"success","channel":"Security","provider":"Microsoft-Windows-Security-Auditing","logon_id":"0129f8e4bee53932","process_id":14666,"image_path":"","run_as":"","publisher":"","update_state":"installed","agent_build":"2026.09.2"},{"timestamp":"2026-09-14T01:12:59.400Z","computer":"srv-185","event_id":4697,"record_id":101622,"user":"employee-52","source_ip":"10.12.2.14","target":"ApprovedAgent","logon_type":null,"change_ticket":"CHG-DEPLOY-18","result":"success","channel":"Security","provider":"Microsoft-Windows-Security-Auditing","logon_id":"0129f8e4bee53932","process_id":15877,"image_path":"C:/Program Files/ApprovedAgent/agent.exe","run_as":"svc-agent","publisher":"Approved Software Team","update_state":"installed","agent_build":"2026.09.3"},{"timestamp":"2026-09-14T01:13:02.100Z","computer":"srv-088","event_id":4624,"record_id":101623,"user":"employee-134","source_ip":"10.11.1.17","target":"logon-session","logon_type":2,"change_ticket":"","result":"success","channel":"Security","provider":"Microsoft-Windows-Security-Auditing","logon_id":"0129f8e4bee53932","process_id":5082,"image_path":"","run_as":"","publisher":"","update_state":"installed","agent_build":"2026.09.4"},{"timestamp":"2026-09-14T01:13:04.800Z","computer":"srv-133","event_id":4624,"record_id":101624,"user":"employee-70","source_ip":"10.11.3.22","target":"logon-session","logon_type":3,"change_ticket":"","result":"success","channel":"Security","provider":"Microsoft-Windows-Security-Auditing","logon_id":"d7375236f6afce82","process_id":18544,"image_path":"","run_as":"","publisher":"","update_state":"installed","agent_build":"2026.09.1"},{"timestamp":"2026-09-14T01:13:07.500Z","computer":"srv-084","event_id":4634,"record_id":101625,"user":"deployment-admin","source_ip":"10.11.1.13","target":"logon-session","logon_type":10,"change_ticket":"","result":"success","channel":"Security","provider":"Microsoft-Windows-Security-Auditing","logon_id":"d7375236f6afce82","process_id":8507,"image_path":"","run_as":"","publisher":"","update_state":"installed","agent_build":"2026.09.2"},{"timestamp":"2026-09-14T01:13:10.200Z","computer":"srv-058","event_id":4688,"record_id":101626,"user":"employee-448","source_ip":"10.10.3.27","target":"logon-session","logon_type":null,"change_ticket":"","result":"success","channel":"Security","provider":"Microsoft-Windows-Security-Auditing","logon_id":"d7375236f6afce82","process_id":22847,"image_path":"C:/Program Files/ApprovedAgent/agent.exe","run_as":"","publisher":"Approved Software Team","update_state":"installed","agent_build":"2026.09.3"},{"timestamp":"2026-09-14T01:13:12.900Z","computer":"srv-187","event_id":4625,"record_id":101627,"user":"employee-355","source_ip":"10.12.2.16","target":"logon-session","logon_type":3,"change_ticket":"","result":"failure","channel":"Security","provider":"Microsoft-Windows-Security-Auditing","logon_id":"d7375236f6afce82","process_id":5031,"image_path":"","run_as":"","publisher":"","update_state":"installed","agent_build":"2026.09.4"},{"timestamp":"2026-09-14T01:13:15.600Z","computer":"srv-068","event_id":4698,"record_id":101628,"user":"employee-34","source_ip":"10.10.4.17","target":"Approved-Maintenance","logon_type":null,"change_ticket":"CHG-DEPLOY-18","result":"success","channel":"Security","provider":"Microsoft-Windows-Security-Auditing","logon_id":"f9e45a0fc0b45c08","process_id":14653,"image_path":"C:/Program Files/ApprovedAgent/agent.exe","run_as":"svc-agent","publisher":"Approved Software Team","update_state":"installed","agent_build":"2026.09.1"},{"timestamp":"2026-09-14T01:13:18.300Z","computer":"srv-041","event_id":4728,"record_id":101629,"user":"employee-200","source_ip":"10.10.3.10","target":"Project-Readers","logon_type":null,"change_ticket":"CHG-DEPLOY-18","result":"success","channel":"Security","provider":"Microsoft-Windows-Security-Auditing","logon_id":"f9e45a0fc0b45c08","process_id":14204,"image_path":"","run_as":"","publisher":"","update_state":"installed","agent_build":"2026.09.2"},{"timestamp":"2026-09-14T01:13:21.000Z","computer":"srv-067","event_id":4697,"record_id":101630,"user":"employee-302","source_ip":"10.10.4.16","target":"ApprovedAgent","logon_type":null,"change_ticket":"CHG-DEPLOY-18","result":"success","channel":"Security","provider":"Microsoft-Windows-Security-Auditing","logon_id":"f9e45a0fc0b45c08","process_id":9910,"image_path":"C:/Program Files/ApprovedAgent/agent.exe","run_as":"svc-agent","publisher":"Approved Software Team","update_state":"installed","agent_build":"2026.09.3"},{"timestamp":"2026-09-14T01:13:23.700Z","computer":"srv-203","event_id":4624,"record_id":101631,"user":"employee-326","source_ip":"10.12.3.12","target":"logon-session","logon_type":10,"change_ticket":"","result":"success","channel":"Security","provider":"Microsoft-Windows-Security-Auditing","logon_id":"f9e45a0fc0b45c08","process_id":12311,"image_path":"","run_as":"","publisher":"","update_state":"installed","agent_build":"2026.09.4"},{"timestamp":"2026-09-14T01:13:26.400Z","computer":"srv-177","event_id":4624,"record_id":101632,"user":"employee-368","source_ip":"10.12.1.26","target":"logon-session","logon_type":2,"change_ticket":"","result":"success","channel":"Security","provider":"Microsoft-Windows-Security-Auditing","logon_id":"c2eba9a4546d6f63","process_id":18309,"image_path":"","run_as":"","publisher":"","update_state":"installed","agent_build":"2026.09.1"},{"timestamp":"2026-09-14T01:13:29.100Z","computer":"srv-120","event_id":4634,"record_id":101633,"user":"employee-168","source_ip":"10.11.2.29","target":"logon-session","logon_type":3,"change_ticket":"","result":"success","channel":"Security","provider":"Microsoft-Windows-Security-Auditing","logon_id":"c2eba9a4546d6f63","process_id":2572,"image_path":"","run_as":"","publisher":"","update_state":"installed","agent_build":"2026.09.2"},{"timestamp":"2026-09-14T01:13:31.800Z","computer":"srv-022","event_id":4688,"record_id":101634,"user":"employee-280","source_ip":"10.10.2.11","target":"logon-session","logon_type":null,"change_ticket":"","result":"success","channel":"Security","provider":"Microsoft-Windows-Security-Auditing","logon_id":"c2eba9a4546d6f63","process_id":13411,"image_path":"C:/Program Files/ApprovedAgent/agent.exe","run_as":"","publisher":"Approved Software Team","update_state":"installed","agent_build":"2026.09.3"},{"timestamp":"2026-09-14T01:13:34.500Z","computer":"srv-161","event_id":4625,"record_id":101635,"user":"employee-374","source_ip":"10.12.1.10","target":"logon-session","logon_type":2,"change_ticket":"","result":"failure","channel":"Security","provider":"Microsoft-Windows-Security-Auditing","logon_id":"c2eba9a4546d6f63","process_id":18609,"image_path":"","run_as":"","publisher":"","update_state":"installed","agent_build":"2026.09.4"},{"timestamp":"2026-09-14T01:13:37.200Z","computer":"srv-033","event_id":4698,"record_id":101636,"user":"employee-139","source_ip":"10.10.2.22","target":"Approved-Maintenance","logon_type":null,"change_ticket":"CHG-DEPLOY-18","result":"success","channel":"Security","provider":"Microsoft-Windows-Security-Auditing","logon_id":"6fbd5bef8cacbb9d","process_id":18020,"image_path":"C:/Program Files/ApprovedAgent/agent.exe","run_as":"svc-agent","publisher":"Approved Software Team","update_state":"installed","agent_build":"2026.09.1"},{"timestamp":"2026-09-14T01:13:39.900Z","computer":"srv-077","event_id":4728,"record_id":101637,"user":"employee-155","source_ip":"10.10.4.26","target":"Project-Readers","logon_type":null,"change_ticket":"CHG-DEPLOY-18","result":"success","channel":"Security","provider":"Microsoft-Windows-Security-Auditing","logon_id":"6fbd5bef8cacbb9d","process_id":2635,"image_path":"","run_as":"","publisher":"","update_state":"installed","agent_build":"2026.09.2"},{"timestamp":"2026-09-14T01:13:42.600Z","computer":"srv-194","event_id":4697,"record_id":101638,"user":"deployment-admin","source_ip":"10.12.2.23","target":"ApprovedAgent","logon_type":null,"change_ticket":"CHG-DEPLOY-18","result":"success","channel":"Security","provider":"Microsoft-Windows-Security-Auditing","logon_id":"6fbd5bef8cacbb9d","process_id":18029,"image_path":"C:/Program Files/ApprovedAgent/agent.exe","run_as":"svc-agent","publisher":"Approved Software Team","update_state":"installed","agent_build":"2026.09.3"},{"timestamp":"2026-09-14T01:13:45.300Z","computer":"srv-165","event_id":4624,"record_id":101639,"user":"employee-278","source_ip":"10.12.1.14","target":"logon-session","logon_type":3,"change_ticket":"","result":"success","channel":"Security","provider":"Microsoft-Windows-Security-Auditing","logon_id":"6fbd5bef8cacbb9d","process_id":15983,"image_path":"","run_as":"","publisher":"","update_state":"installed","agent_build":"2026.09.4"},{"timestamp":"2026-09-14T01:13:48.000Z","computer":"srv-053","event_id":4624,"record_id":101640,"user":"employee-298","source_ip":"10.10.3.22","target":"logon-session","logon_type":10,"change_ticket":"","result":"success","channel":"Security","provider":"Microsoft-Windows-Security-Auditing","logon_id":"7494abb5aace6572","process_id":17920,"image_path":"","run_as":"","publisher":"","update_state":"installed","agent_build":"2026.09.1"},{"timestamp":"2026-09-14T01:13:50.700Z","computer":"srv-014","event_id":4634,"record_id":101641,"user":"employee-65","source_ip":"10.10.1.23","target":"logon-session","logon_type":2,"change_ticket":"","result":"success","channel":"Security","provider":"Microsoft-Windows-Security-Auditing","logon_id":"7494abb5aace6572","process_id":21008,"image_path":"","run_as":"","publisher":"","update_state":"installed","agent_build":"2026.09.2"},{"timestamp":"2026-09-14T01:13:53.400Z","computer":"srv-066","event_id":4688,"record_id":101642,"user":"employee-407","source_ip":"10.10.4.15","target":"logon-session","logon_type":null,"change_ticket":"","result":"success","channel":"Security","provider":"Microsoft-Windows-Security-Auditing","logon_id":"7494abb5aace6572","process_id":19423,"image_path":"C:/Program Files/ApprovedAgent/agent.exe","run_as":"","publisher":"Approved Software Team","update_state":"installed","agent_build":"2026.09.3"},{"timestamp":"2026-09-14T01:13:56.100Z","computer":"srv-044","event_id":4625,"record_id":101643,"user":"employee-314","source_ip":"10.10.3.13","target":"logon-session","logon_type":10,"change_ticket":"","result":"failure","channel":"Security","provider":"Microsoft-Windows-Security-Auditing","logon_id":"7494abb5aace6572","process_id":4985,"image_path":"","run_as":"","publisher":"","update_state":"restart-pending","agent_build":"2026.09.4"},{"timestamp":"2026-09-14T01:13:58.800Z","computer":"srv-167","event_id":4698,"record_id":101644,"user":"employee-388","source_ip":"10.12.1.16","target":"Approved-Maintenance","logon_type":null,"change_ticket":"CHG-DEPLOY-18","result":"success","channel":"Security","provider":"Microsoft-Windows-Security-Auditing","logon_id":"198b8fa6a6e4832d","process_id":16519,"image_path":"C:/Program Files/ApprovedAgent/agent.exe","run_as":"svc-agent","publisher":"Approved Software Team","update_state":"installed","agent_build":"2026.09.1"},{"timestamp":"2026-09-14T01:14:01.500Z","computer":"srv-217","event_id":4728,"record_id":101645,"user":"employee-290","source_ip":"10.12.3.26","target":"Project-Readers","logon_type":null,"change_ticket":"CHG-DEPLOY-18","result":"success","channel":"Security","provider":"Microsoft-Windows-Security-Auditing","logon_id":"198b8fa6a6e4832d","process_id":17235,"image_path":"","run_as":"","publisher":"","update_state":"failed","agent_build":"2026.09.2"},{"timestamp":"2026-09-14T01:14:04.200Z","computer":"srv-155","event_id":4697,"record_id":101646,"user":"employee-180","source_ip":"10.11.4.24","target":"ApprovedAgent","logon_type":null,"change_ticket":"CHG-DEPLOY-18","result":"success","channel":"Security","provider":"Microsoft-Windows-Security-Auditing","logon_id":"198b8fa6a6e4832d","process_id":20384,"image_path":"C:/Program Files/ApprovedAgent/agent.exe","run_as":"svc-agent","publisher":"Approved Software Team","update_state":"installed","agent_build":"2026.09.3"},{"timestamp":"2026-09-14T01:14:06.900Z","computer":"srv-092","event_id":4624,"record_id":101647,"user":"employee-411","source_ip":"10.11.1.21","target":"logon-session","logon_type":2,"change_ticket":"","result":"success","channel":"Security","provider":"Microsoft-Windows-Security-Auditing","logon_id":"198b8fa6a6e4832d","process_id":16807,"image_path":"","run_as":"","publisher":"","update_state":"installed","agent_build":"2026.09.4"},{"timestamp":"2026-09-14T01:14:09.600Z","computer":"srv-066","event_id":4624,"record_id":101648,"user":"employee-343","source_ip":"10.10.4.15","target":"logon-session","logon_type":3,"change_ticket":"","result":"success","channel":"Security","provider":"Microsoft-Windows-Security-Auditing","logon_id":"d93d9abd40bb3afd","process_id":21533,"image_path":"","run_as":"","publisher":"","update_state":"installed","agent_build":"2026.09.1"},{"timestamp":"2026-09-14T01:14:12.300Z","computer":"srv-034","event_id":4634,"record_id":101649,"user":"employee-356","source_ip":"10.10.2.23","target":"logon-session","logon_type":10,"change_ticket":"","result":"success","channel":"Security","provider":"Microsoft-Windows-Security-Auditing","logon_id":"d93d9abd40bb3afd","process_id":20240,"image_path":"","run_as":"","publisher":"","update_state":"installed","agent_build":"2026.09.2"},{"timestamp":"2026-09-14T01:14:15.000Z","computer":"srv-230","event_id":4688,"record_id":101650,"user":"employee-272","source_ip":"10.12.4.19","target":"logon-session","logon_type":null,"change_ticket":"","result":"success","channel":"Security","provider":"Microsoft-Windows-Security-Auditing","logon_id":"d93d9abd40bb3afd","process_id":20480,"image_path":"C:/Program Files/ApprovedAgent/agent.exe","run_as":"","publisher":"Approved Software Team","update_state":"installed","agent_build":"2026.09.3"},{"timestamp":"2026-09-14T01:14:17.700Z","computer":"srv-184","event_id":4625,"record_id":101651,"user":"deployment-admin","source_ip":"10.12.2.13","target":"logon-session","logon_type":3,"change_ticket":"","result":"failure","channel":"Security","provider":"Microsoft-Windows-Security-Auditing","logon_id":"d93d9abd40bb3afd","process_id":19025,"image_path":"","run_as":"","publisher":"","update_state":"installed","agent_build":"2026.09.4"},{"timestamp":"2026-09-14T01:14:20.400Z","computer":"srv-151","event_id":4698,"record_id":101652,"user":"employee-363","source_ip":"10.11.4.20","target":"Approved-Maintenance","logon_type":null,"change_ticket":"CHG-DEPLOY-18","result":"success","channel":"Security","provider":"Microsoft-Windows-Security-Auditing","logon_id":"982e399c3ee58214","process_id":1810,"image_path":"C:/Program Files/ApprovedAgent/agent.exe","run_as":"svc-agent","publisher":"Approved Software Team","update_state":"no-report","agent_build":"2026.09.1"},{"timestamp":"2026-09-14T01:14:23.100Z","computer":"srv-153","event_id":4728,"record_id":101653,"user":"employee-214","source_ip":"10.11.4.22","target":"Project-Readers","logon_type":null,"change_ticket":"CHG-DEPLOY-18","result":"success","channel":"Security","provider":"Microsoft-Windows-Security-Auditing","logon_id":"982e399c3ee58214","process_id":9871,"image_path":"","run_as":"","publisher":"","update_state":"installed","agent_build":"2026.09.2"},{"timestamp":"2026-09-14T01:14:25.800Z","computer":"srv-158","event_id":4697,"record_id":101654,"user":"employee-413","source_ip":"10.11.4.27","target":"ApprovedAgent","logon_type":null,"change_ticket":"CHG-DEPLOY-18","result":"success","channel":"Security","provider":"Microsoft-Windows-Security-Auditing","logon_id":"982e399c3ee58214","process_id":17072,"image_path":"C:/Program Files/ApprovedAgent/agent.exe","run_as":"svc-agent","publisher":"Approved Software Team","update_state":"installed","agent_build":"2026.09.3"},{"timestamp":"2026-09-14T01:14:28.500Z","computer":"srv-199","event_id":4624,"record_id":101655,"user":"employee-349","source_ip":"10.12.2.28","target":"logon-session","logon_type":10,"change_ticket":"","result":"success","channel":"Security","provider":"Microsoft-Windows-Security-Auditing","logon_id":"982e399c3ee58214","process_id":11084,"image_path":"","run_as":"","publisher":"","update_state":"installed","agent_build":"2026.09.4"},{"timestamp":"2026-09-14T01:14:31.200Z","computer":"srv-110","event_id":4624,"record_id":101656,"user":"employee-104","source_ip":"10.11.2.19","target":"logon-session","logon_type":2,"change_ticket":"","result":"success","channel":"Security","provider":"Microsoft-Windows-Security-Auditing","logon_id":"1f619a20272f354b","process_id":17713,"image_path":"","run_as":"","publisher":"","update_state":"installed","agent_build":"2026.09.1"},{"timestamp":"2026-09-14T01:14:33.900Z","computer":"srv-047","event_id":4634,"record_id":101657,"user":"employee-291","source_ip":"10.10.3.16","target":"logon-session","logon_type":3,"change_ticket":"","result":"success","channel":"Security","provider":"Microsoft-Windows-Security-Auditing","logon_id":"1f619a20272f354b","process_id":9175,"image_path":"","run_as":"","publisher":"","update_state":"installed","agent_build":"2026.09.2"},{"timestamp":"2026-09-14T01:14:36.600Z","computer":"srv-065","event_id":4688,"record_id":101658,"user":"employee-326","source_ip":"10.10.4.14","target":"logon-session","logon_type":null,"change_ticket":"","result":"success","channel":"Security","provider":"Microsoft-Windows-Security-Auditing","logon_id":"1f619a20272f354b","process_id":21413,"image_path":"C:/Program Files/ApprovedAgent/agent.exe","run_as":"","publisher":"Approved Software Team","update_state":"installed","agent_build":"2026.09.3"},{"timestamp":"2026-09-14T01:14:39.300Z","computer":"srv-230","event_id":4625,"record_id":101659,"user":"employee-137","source_ip":"10.12.4.19","target":"logon-session","logon_type":2,"change_ticket":"","result":"failure","channel":"Security","provider":"Microsoft-Windows-Security-Auditing","logon_id":"1f619a20272f354b","process_id":24354,"image_path":"","run_as":"","publisher":"","update_state":"installed","agent_build":"2026.09.4"},{"timestamp":"2026-09-14T01:14:42.000Z","computer":"srv-042","event_id":4698,"record_id":101660,"user":"employee-48","source_ip":"10.10.3.11","target":"Approved-Maintenance","logon_type":null,"change_ticket":"CHG-DEPLOY-18","result":"success","channel":"Security","provider":"Microsoft-Windows-Security-Auditing","logon_id":"5549d52b8fd645c4","process_id":23521,"image_path":"C:/Program Files/ApprovedAgent/agent.exe","run_as":"svc-agent","publisher":"Approved Software Team","update_state":"installed","agent_build":"2026.09.1"},{"timestamp":"2026-09-14T01:14:44.700Z","computer":"srv-224","event_id":4728,"record_id":101661,"user":"employee-8","source_ip":"10.12.4.13","target":"Project-Readers","logon_type":null,"change_ticket":"CHG-DEPLOY-18","result":"success","channel":"Security","provider":"Microsoft-Windows-Security-Auditing","logon_id":"5549d52b8fd645c4","process_id":6158,"image_path":"","run_as":"","publisher":"","update_state":"installed","agent_build":"2026.09.2"},{"timestamp":"2026-09-14T01:14:47.400Z","computer":"srv-131","event_id":4697,"record_id":101662,"user":"employee-54","source_ip":"10.11.3.20","target":"ApprovedAgent","logon_type":null,"change_ticket":"CHG-DEPLOY-18","result":"success","channel":"Security","provider":"Microsoft-Windows-Security-Auditing","logon_id":"5549d52b8fd645c4","process_id":1864,"image_path":"C:/Program Files/ApprovedAgent/agent.exe","run_as":"svc-agent","publisher":"Approved Software Team","update_state":"installed","agent_build":"2026.09.3"},{"timestamp":"2026-09-14T01:14:50.100Z","computer":"srv-140","event_id":4624,"record_id":101663,"user":"employee-453","source_ip":"10.11.3.29","target":"logon-session","logon_type":3,"change_ticket":"","result":"success","channel":"Security","provider":"Microsoft-Windows-Security-Auditing","logon_id":"5549d52b8fd645c4","process_id":18679,"image_path":"","run_as":"","publisher":"","update_state":"installed","agent_build":"2026.09.4"},{"timestamp":"2026-09-14T01:14:52.800Z","computer":"srv-083","event_id":4624,"record_id":101664,"user":"deployment-admin","source_ip":"10.11.1.12","target":"logon-session","logon_type":10,"change_ticket":"","result":"success","channel":"Security","provider":"Microsoft-Windows-Security-Auditing","logon_id":"be863ffa67ff7838","process_id":21815,"image_path":"","run_as":"","publisher":"","update_state":"installed","agent_build":"2026.09.1"},{"timestamp":"2026-09-14T01:14:55.500Z","computer":"srv-173","event_id":4634,"record_id":101665,"user":"employee-52","source_ip":"10.12.1.22","target":"logon-session","logon_type":2,"change_ticket":"","result":"success","channel":"Security","provider":"Microsoft-Windows-Security-Auditing","logon_id":"be863ffa67ff7838","process_id":15700,"image_path":"","run_as":"","publisher":"","update_state":"installed","agent_build":"2026.09.2"},{"timestamp":"2026-09-14T01:14:58.200Z","computer":"srv-023","event_id":4688,"record_id":101666,"user":"employee-229","source_ip":"10.10.2.12","target":"logon-session","logon_type":null,"change_ticket":"","result":"success","channel":"Security","provider":"Microsoft-Windows-Security-Auditing","logon_id":"be863ffa67ff7838","process_id":23510,"image_path":"C:/Program Files/ApprovedAgent/agent.exe","run_as":"","publisher":"Approved Software Team","update_state":"installed","agent_build":"2026.09.3"},{"timestamp":"2026-09-14T01:15:00.900Z","computer":"srv-085","event_id":4625,"record_id":101667,"user":"employee-91","source_ip":"10.11.1.14","target":"logon-session","logon_type":10,"change_ticket":"","result":"failure","channel":"Security","provider":"Microsoft-Windows-Security-Auditing","logon_id":"be863ffa67ff7838","process_id":17714,"image_path":"","run_as":"","publisher":"","update_state":"installed","agent_build":"2026.09.4"},{"timestamp":"2026-09-14T01:15:03.600Z","computer":"srv-037","event_id":4698,"record_id":101668,"user":"employee-168","source_ip":"10.10.2.26","target":"Approved-Maintenance","logon_type":null,"change_ticket":"CHG-DEPLOY-18","result":"success","channel":"Security","provider":"Microsoft-Windows-Security-Auditing","logon_id":"650812852c821ecd","process_id":3419,"image_path":"C:/Program Files/ApprovedAgent/agent.exe","run_as":"svc-agent","publisher":"Approved Software Team","update_state":"installed","agent_build":"2026.09.1"},{"timestamp":"2026-09-14T01:15:06.300Z","computer":"srv-105","event_id":4728,"record_id":101669,"user":"employee-349","source_ip":"10.11.2.14","target":"Project-Readers","logon_type":null,"change_ticket":"CHG-DEPLOY-18","result":"success","channel":"Security","provider":"Microsoft-Windows-Security-Auditing","logon_id":"650812852c821ecd","process_id":25587,"image_path":"","run_as":"","publisher":"","update_state":"installed","agent_build":"2026.09.2"},{"timestamp":"2026-09-14T01:15:09.000Z","computer":"srv-173","event_id":4697,"record_id":101670,"user":"employee-373","source_ip":"10.12.1.22","target":"ApprovedAgent","logon_type":null,"change_ticket":"CHG-DEPLOY-18","result":"success","channel":"Security","provider":"Microsoft-Windows-Security-Auditing","logon_id":"650812852c821ecd","process_id":16763,"image_path":"C:/Program Files/ApprovedAgent/agent.exe","run_as":"svc-agent","publisher":"Approved Software Team","update_state":"installed","agent_build":"2026.09.3"},{"timestamp":"2026-09-14T01:15:11.700Z","computer":"srv-126","event_id":4624,"record_id":101671,"user":"employee-72","source_ip":"10.11.3.15","target":"logon-session","logon_type":2,"change_ticket":"","result":"success","channel":"Security","provider":"Microsoft-Windows-Security-Auditing","logon_id":"650812852c821ecd","process_id":25738,"image_path":"","run_as":"","publisher":"","update_state":"installed","agent_build":"2026.09.4"},{"timestamp":"2026-09-14T01:15:14.400Z","computer":"srv-212","event_id":4624,"record_id":101672,"user":"employee-143","source_ip":"10.12.3.21","target":"logon-session","logon_type":3,"change_ticket":"","result":"success","channel":"Security","provider":"Microsoft-Windows-Security-Auditing","logon_id":"8c70f27918a9f047","process_id":1773,"image_path":"","run_as":"","publisher":"","update_state":"installed","agent_build":"2026.09.1"},{"timestamp":"2026-09-14T01:15:17.100Z","computer":"srv-202","event_id":4634,"record_id":101673,"user":"employee-30","source_ip":"10.12.3.11","target":"logon-session","logon_type":10,"change_ticket":"","result":"success","channel":"Security","provider":"Microsoft-Windows-Security-Auditing","logon_id":"8c70f27918a9f047","process_id":5516,"image_path":"","run_as":"","publisher":"","update_state":"installed","agent_build":"2026.09.2"},{"timestamp":"2026-09-14T01:15:19.800Z","computer":"srv-169","event_id":4688,"record_id":101674,"user":"employee-327","source_ip":"10.12.1.18","target":"logon-session","logon_type":null,"change_ticket":"","result":"success","channel":"Security","provider":"Microsoft-Windows-Security-Auditing","logon_id":"8c70f27918a9f047","process_id":16291,"image_path":"C:/Program Files/ApprovedAgent/agent.exe","run_as":"","publisher":"Approved Software Team","update_state":"restart-pending","agent_build":"2026.09.3"},{"timestamp":"2026-09-14T01:15:22.500Z","computer":"srv-042","event_id":4625,"record_id":101675,"user":"employee-324","source_ip":"10.10.3.11","target":"logon-session","logon_type":3,"change_ticket":"","result":"failure","channel":"Security","provider":"Microsoft-Windows-Security-Auditing","logon_id":"8c70f27918a9f047","process_id":15419,"image_path":"","run_as":"","publisher":"","update_state":"installed","agent_build":"2026.09.4"},{"timestamp":"2026-09-14T01:15:25.200Z","computer":"srv-156","event_id":4698,"record_id":101676,"user":"employee-184","source_ip":"10.11.4.25","target":"Approved-Maintenance","logon_type":null,"change_ticket":"CHG-DEPLOY-18","result":"success","channel":"Security","provider":"Microsoft-Windows-Security-Auditing","logon_id":"7cf05acadf721e79","process_id":13055,"image_path":"C:/Program Files/ApprovedAgent/agent.exe","run_as":"svc-agent","publisher":"Approved Software Team","update_state":"installed","agent_build":"2026.09.1"},{"timestamp":"2026-09-14T01:15:27.900Z","computer":"srv-098","event_id":4728,"record_id":101677,"user":"deployment-admin","source_ip":"10.11.1.27","target":"Project-Readers","logon_type":null,"change_ticket":"CHG-DEPLOY-18","result":"success","channel":"Security","provider":"Microsoft-Windows-Security-Auditing","logon_id":"7cf05acadf721e79","process_id":5992,"image_path":"","run_as":"","publisher":"","update_state":"installed","agent_build":"2026.09.2"},{"timestamp":"2026-09-14T01:15:30.600Z","computer":"srv-173","event_id":4697,"record_id":101678,"user":"employee-50","source_ip":"10.12.1.22","target":"ApprovedAgent","logon_type":null,"change_ticket":"CHG-DEPLOY-18","result":"success","channel":"Security","provider":"Microsoft-Windows-Security-Auditing","logon_id":"7cf05acadf721e79","process_id":5709,"image_path":"C:/Program Files/ApprovedAgent/agent.exe","run_as":"svc-agent","publisher":"Approved Software Team","update_state":"installed","agent_build":"2026.09.3"},{"timestamp":"2026-09-14T01:15:33.300Z","computer":"srv-138","event_id":4624,"record_id":101679,"user":"employee-256","source_ip":"10.11.3.27","target":"logon-session","logon_type":10,"change_ticket":"","result":"success","channel":"Security","provider":"Microsoft-Windows-Security-Auditing","logon_id":"7cf05acadf721e79","process_id":2871,"image_path":"","run_as":"","publisher":"","update_state":"installed","agent_build":"2026.09.4"},{"timestamp":"2026-09-14T01:15:36.000Z","computer":"srv-076","event_id":4624,"record_id":101680,"user":"employee-119","source_ip":"10.10.4.25","target":"logon-session","logon_type":2,"change_ticket":"","result":"success","channel":"Security","provider":"Microsoft-Windows-Security-Auditing","logon_id":"c226f5cba5410dac","process_id":1186,"image_path":"","run_as":"","publisher":"","update_state":"installed","agent_build":"2026.09.1"},{"timestamp":"2026-09-14T01:15:38.700Z","computer":"srv-070","event_id":4634,"record_id":101681,"user":"employee-480","source_ip":"10.10.4.19","target":"logon-session","logon_type":3,"change_ticket":"","result":"success","channel":"Security","provider":"Microsoft-Windows-Security-Auditing","logon_id":"c226f5cba5410dac","process_id":8815,"image_path":"","run_as":"","publisher":"","update_state":"installed","agent_build":"2026.09.2"},{"timestamp":"2026-09-14T01:15:41.400Z","computer":"srv-112","event_id":4688,"record_id":101682,"user":"employee-410","source_ip":"10.11.2.21","target":"logon-session","logon_type":null,"change_ticket":"","result":"success","channel":"Security","provider":"Microsoft-Windows-Security-Auditing","logon_id":"c226f5cba5410dac","process_id":11436,"image_path":"C:/Program Files/ApprovedAgent/agent.exe","run_as":"","publisher":"Approved Software Team","update_state":"installed","agent_build":"2026.09.3"},{"timestamp":"2026-09-14T01:15:44.100Z","computer":"srv-067","event_id":4625,"record_id":101683,"user":"employee-200","source_ip":"10.10.4.16","target":"logon-session","logon_type":2,"change_ticket":"","result":"failure","channel":"Security","provider":"Microsoft-Windows-Security-Auditing","logon_id":"c226f5cba5410dac","process_id":5238,"image_path":"","run_as":"","publisher":"","update_state":"installed","agent_build":"2026.09.4"},{"timestamp":"2026-09-14T01:15:46.800Z","computer":"srv-211","event_id":4698,"record_id":101684,"user":"employee-171","source_ip":"10.12.3.20","target":"Approved-Maintenance","logon_type":null,"change_ticket":"CHG-DEPLOY-18","result":"success","channel":"Security","provider":"Microsoft-Windows-Security-Auditing","logon_id":"a27503901e38bf6c","process_id":2313,"image_path":"C:/Program Files/ApprovedAgent/agent.exe","run_as":"svc-agent","publisher":"Approved Software Team","update_state":"installed","agent_build":"2026.09.1"},{"timestamp":"2026-09-14T01:15:49.500Z","computer":"srv-002","event_id":4728,"record_id":101685,"user":"employee-225","source_ip":"10.10.1.11","target":"Project-Readers","logon_type":null,"change_ticket":"CHG-DEPLOY-18","result":"success","channel":"Security","provider":"Microsoft-Windows-Security-Auditing","logon_id":"a27503901e38bf6c","process_id":16108,"image_path":"","run_as":"","publisher":"","update_state":"installed","agent_build":"2026.09.2"},{"timestamp":"2026-09-14T01:15:52.200Z","computer":"srv-224","event_id":4697,"record_id":101686,"user":"employee-41","source_ip":"10.12.4.13","target":"ApprovedAgent","logon_type":null,"change_ticket":"CHG-DEPLOY-18","result":"success","channel":"Security","provider":"Microsoft-Windows-Security-Auditing","logon_id":"a27503901e38bf6c","process_id":22894,"image_path":"C:/Program Files/ApprovedAgent/agent.exe","run_as":"svc-agent","publisher":"Approved Software Team","update_state":"installed","agent_build":"2026.09.3"},{"timestamp":"2026-09-14T01:15:54.900Z","computer":"srv-217","event_id":4624,"record_id":101687,"user":"employee-404","source_ip":"10.12.3.26","target":"logon-session","logon_type":3,"change_ticket":"","result":"success","channel":"Security","provider":"Microsoft-Windows-Security-Auditing","logon_id":"a27503901e38bf6c","process_id":2040,"image_path":"","run_as":"","publisher":"","update_state":"installed","agent_build":"2026.09.4"},{"timestamp":"2026-09-14T01:15:57.600Z","computer":"srv-086","event_id":4624,"record_id":101688,"user":"employee-249","source_ip":"10.11.1.15","target":"logon-session","logon_type":10,"change_ticket":"","result":"success","channel":"Security","provider":"Microsoft-Windows-Security-Auditing","logon_id":"25ca8ac9d8a580b5","process_id":18578,"image_path":"","run_as":"","publisher":"","update_state":"installed","agent_build":"2026.09.1"},{"timestamp":"2026-09-14T01:16:00.300Z","computer":"srv-222","event_id":4634,"record_id":101689,"user":"employee-368","source_ip":"10.12.4.11","target":"logon-session","logon_type":2,"change_ticket":"","result":"success","channel":"Security","provider":"Microsoft-Windows-Security-Auditing","logon_id":"25ca8ac9d8a580b5","process_id":10932,"image_path":"","run_as":"","publisher":"","update_state":"installed","agent_build":"2026.09.2"},{"timestamp":"2026-09-14T01:16:03.000Z","computer":"srv-020","event_id":4688,"record_id":101690,"user":"deployment-admin","source_ip":"10.10.1.29","target":"logon-session","logon_type":null,"change_ticket":"","result":"success","channel":"Security","provider":"Microsoft-Windows-Security-Auditing","logon_id":"25ca8ac9d8a580b5","process_id":3066,"image_path":"C:/Program Files/ApprovedAgent/agent.exe","run_as":"","publisher":"Approved Software Team","update_state":"installed","agent_build":"2026.09.3"},{"timestamp":"2026-09-14T01:16:05.700Z","computer":"srv-012","event_id":4625,"record_id":101691,"user":"employee-412","source_ip":"10.10.1.21","target":"logon-session","logon_type":10,"change_ticket":"","result":"failure","channel":"Security","provider":"Microsoft-Windows-Security-Auditing","logon_id":"25ca8ac9d8a580b5","process_id":17409,"image_path":"","run_as":"","publisher":"","update_state":"installed","agent_build":"2026.09.4"},{"timestamp":"2026-09-14T01:16:08.400Z","computer":"srv-023","event_id":4698,"record_id":101692,"user":"employee-300","source_ip":"10.10.2.12","target":"Approved-Maintenance","logon_type":null,"change_ticket":"CHG-DEPLOY-18","result":"success","channel":"Security","provider":"Microsoft-Windows-Security-Auditing","logon_id":"38a3deffec611e48","process_id":3242,"image_path":"C:/Program Files/ApprovedAgent/agent.exe","run_as":"svc-agent","publisher":"Approved Software Team","update_state":"failed","agent_build":"2026.09.1"},{"timestamp":"2026-09-14T01:16:11.100Z","computer":"srv-209","event_id":4728,"record_id":101693,"user":"employee-86","source_ip":"10.12.3.18","target":"Project-Readers","logon_type":null,"change_ticket":"CHG-DEPLOY-18","result":"success","channel":"Security","provider":"Microsoft-Windows-Security-Auditing","logon_id":"38a3deffec611e48","process_id":15694,"image_path":"","run_as":"","publisher":"","update_state":"installed","agent_build":"2026.09.2"},{"timestamp":"2026-09-14T01:16:13.800Z","computer":"srv-039","event_id":4697,"record_id":101694,"user":"employee-86","source_ip":"10.10.2.28","target":"ApprovedAgent","logon_type":null,"change_ticket":"CHG-DEPLOY-18","result":"success","channel":"Security","provider":"Microsoft-Windows-Security-Auditing","logon_id":"38a3deffec611e48","process_id":25743,"image_path":"C:/Program Files/ApprovedAgent/agent.exe","run_as":"svc-agent","publisher":"Approved Software Team","update_state":"installed","agent_build":"2026.09.3"},{"timestamp":"2026-09-14T01:16:16.500Z","computer":"srv-192","event_id":4624,"record_id":101695,"user":"employee-372","source_ip":"10.12.2.21","target":"logon-session","logon_type":2,"change_ticket":"","result":"success","channel":"Security","provider":"Microsoft-Windows-Security-Auditing","logon_id":"38a3deffec611e48","process_id":13409,"image_path":"","run_as":"","publisher":"","update_state":"installed","agent_build":"2026.09.4"},