{"timestamp":"2026-09-14T02:56:29.400Z","computer":"srv-046","event_id":4688,"record_id":103922,"user":"employee-466","source_ip":"10.10.3.15","target":"logon-session","logon_type":null,"change_ticket":"","result":"success","channel":"Security","provider":"Microsoft-Windows-Security-Auditing","logon_id":"35f98e100c2fc529","process_id":23185,"image_path":"C:/Program Files/ApprovedAgent/agent.exe","run_as":"","publisher":"Approved Software Team","update_state":"installed","agent_build":"2026.09.3"},{"timestamp":"2026-09-14T02:56:32.100Z","computer":"srv-238","event_id":4625,"record_id":103923,"user":"employee-437","source_ip":"10.12.4.27","target":"logon-session","logon_type":10,"change_ticket":"","result":"failure","channel":"Security","provider":"Microsoft-Windows-Security-Auditing","logon_id":"35f98e100c2fc529","process_id":1233,"image_path":"","run_as":"","publisher":"","update_state":"installed","agent_build":"2026.09.4"},{"timestamp":"2026-09-14T02:56:34.800Z","computer":"srv-026","event_id":4698,"record_id":103924,"user":"employee-377","source_ip":"10.10.2.15","target":"Approved-Maintenance","logon_type":null,"change_ticket":"CHG-DEPLOY-18","result":"success","channel":"Security","provider":"Microsoft-Windows-Security-Auditing","logon_id":"1eff8f9efaa9e88a","process_id":11386,"image_path":"C:/Program Files/ApprovedAgent/agent.exe","run_as":"svc-agent","publisher":"Approved Software Team","update_state":"installed","agent_build":"2026.09.1"},{"timestamp":"2026-09-14T02:56:37.500Z","computer":"srv-210","event_id":4728,"record_id":103925,"user":"employee-304","source_ip":"10.12.3.19","target":"Project-Readers","logon_type":null,"change_ticket":"CHG-DEPLOY-18","result":"success","channel":"Security","provider":"Microsoft-Windows-Security-Auditing","logon_id":"1eff8f9efaa9e88a","process_id":5542,"image_path":"","run_as":"","publisher":"","update_state":"installed","agent_build":"2026.09.2"},{"timestamp":"2026-09-14T02:56:40.200Z","computer":"srv-103","event_id":4697,"record_id":103926,"user":"deployment-admin","source_ip":"10.11.2.12","target":"ApprovedAgent","logon_type":null,"change_ticket":"CHG-DEPLOY-18","result":"success","channel":"Security","provider":"Microsoft-Windows-Security-Auditing","logon_id":"1eff8f9efaa9e88a","process_id":4005,"image_path":"C:/Program Files/ApprovedAgent/agent.exe","run_as":"svc-agent","publisher":"Approved Software Team","update_state":"installed","agent_build":"2026.09.3"},{"timestamp":"2026-09-14T02:56:42.900Z","computer":"srv-138","event_id":4624,"record_id":103927,"user":"employee-252","source_ip":"10.11.3.27","target":"logon-session","logon_type":2,"change_ticket":"","result":"success","channel":"Security","provider":"Microsoft-Windows-Security-Auditing","logon_id":"1eff8f9efaa9e88a","process_id":2824,"image_path":"","run_as":"","publisher":"","update_state":"installed","agent_build":"2026.09.4"},{"timestamp":"2026-09-14T02:56:45.600Z","computer":"srv-199","event_id":4624,"record_id":103928,"user":"employee-298","source_ip":"10.12.2.28","target":"logon-session","logon_type":3,"change_ticket":"","result":"success","channel":"Security","provider":"Microsoft-Windows-Security-Auditing","logon_id":"c91fcab6338669df","process_id":17868,"image_path":"","run_as":"","publisher":"","update_state":"installed","agent_build":"2026.09.1"},{"timestamp":"2026-09-14T02:56:48.300Z","computer":"srv-227","event_id":4634,"record_id":103929,"user":"employee-287","source_ip":"10.12.4.16","target":"logon-session","logon_type":10,"change_ticket":"","result":"success","channel":"Security","provider":"Microsoft-Windows-Security-Auditing","logon_id":"c91fcab6338669df","process_id":16575,"image_path":"","run_as":"","publisher":"","update_state":"installed","agent_build":"2026.09.2"},{"timestamp":"2026-09-14T02:56:51.000Z","computer":"srv-210","event_id":4688,"record_id":103930,"user":"employee-460","source_ip":"10.12.3.19","target":"logon-session","logon_type":null,"change_ticket":"","result":"success","channel":"Security","provider":"Microsoft-Windows-Security-Auditing","logon_id":"c91fcab6338669df","process_id":23031,"image_path":"C:/Program Files/ApprovedAgent/agent.exe","run_as":"","publisher":"Approved Software Team","update_state":"installed","agent_build":"2026.09.3"},{"timestamp":"2026-09-14T02:56:53.700Z","computer":"srv-131","event_id":4625,"record_id":103931,"user":"employee-23","source_ip":"10.11.3.20","target":"logon-session","logon_type":3,"change_ticket":"","result":"failure","channel":"Security","provider":"Microsoft-Windows-Security-Auditing","logon_id":"c91fcab6338669df","process_id":7813,"image_path":"","run_as":"","publisher":"","update_state":"installed","agent_build":"2026.09.4"},{"timestamp":"2026-09-14T02:56:56.400Z","computer":"srv-135","event_id":4698,"record_id":103932,"user":"employee-31","source_ip":"10.11.3.24","target":"Approved-Maintenance","logon_type":null,"change_ticket":"CHG-DEPLOY-18","result":"success","channel":"Security","provider":"Microsoft-Windows-Security-Auditing","logon_id":"2181bf678112cf0c","process_id":25765,"image_path":"C:/Program Files/ApprovedAgent/agent.exe","run_as":"svc-agent","publisher":"Approved Software Team","update_state":"installed","agent_build":"2026.09.1"},{"timestamp":"2026-09-14T02:56:59.100Z","computer":"srv-161","event_id":4728,"record_id":103933,"user":"employee-412","source_ip":"10.12.1.10","target":"Project-Readers","logon_type":null,"change_ticket":"CHG-DEPLOY-18","result":"success","channel":"Security","provider":"Microsoft-Windows-Security-Auditing","logon_id":"2181bf678112cf0c","process_id":4741,"image_path":"","run_as":"","publisher":"","update_state":"installed","agent_build":"2026.09.2"},{"timestamp":"2026-09-14T02:57:01.800Z","computer":"srv-005","event_id":4697,"record_id":103934,"user":"employee-32","source_ip":"10.10.1.14","target":"ApprovedAgent","logon_type":null,"change_ticket":"CHG-DEPLOY-18","result":"success","channel":"Security","provider":"Microsoft-Windows-Security-Auditing","logon_id":"2181bf678112cf0c","process_id":8048,"image_path":"C:/Program Files/ApprovedAgent/agent.exe","run_as":"svc-agent","publisher":"Approved Software Team","update_state":"installed","agent_build":"2026.09.3"},{"timestamp":"2026-09-14T02:57:04.500Z","computer":"srv-074","event_id":4624,"record_id":103935,"user":"employee-298","source_ip":"10.10.4.23","target":"logon-session","logon_type":10,"change_ticket":"","result":"success","channel":"Security","provider":"Microsoft-Windows-Security-Auditing","logon_id":"2181bf678112cf0c","process_id":7691,"image_path":"","run_as":"","publisher":"","update_state":"installed","agent_build":"2026.09.4"},{"timestamp":"2026-09-14T02:57:07.200Z","computer":"srv-105","event_id":4624,"record_id":103936,"user":"employee-2","source_ip":"10.11.2.14","target":"logon-session","logon_type":2,"change_ticket":"","result":"success","channel":"Security","provider":"Microsoft-Windows-Security-Auditing","logon_id":"56a0ed1b6563a73e","process_id":9335,"image_path":"","run_as":"","publisher":"","update_state":"installed","agent_build":"2026.09.1"},{"timestamp":"2026-09-14T02:57:09.900Z","computer":"srv-236","event_id":4634,"record_id":103937,"user":"employee-329","source_ip":"10.12.4.25","target":"logon-session","logon_type":3,"change_ticket":"","result":"success","channel":"Security","provider":"Microsoft-Windows-Security-Auditing","logon_id":"56a0ed1b6563a73e","process_id":2918,"image_path":"","run_as":"","publisher":"","update_state":"restart-pending","agent_build":"2026.09.2"},{"timestamp":"2026-09-14T02:57:12.600Z","computer":"srv-060","event_id":4688,"record_id":103938,"user":"employee-151","source_ip":"10.10.3.29","target":"logon-session","logon_type":null,"change_ticket":"","result":"success","channel":"Security","provider":"Microsoft-Windows-Security-Auditing","logon_id":"56a0ed1b6563a73e","process_id":20103,"image_path":"C:/Program Files/ApprovedAgent/agent.exe","run_as":"","publisher":"Approved Software Team","update_state":"installed","agent_build":"2026.09.3"},{"timestamp":"2026-09-14T02:57:15.300Z","computer":"srv-149","event_id":4625,"record_id":103939,"user":"deployment-admin","source_ip":"10.11.4.18","target":"logon-session","logon_type":2,"change_ticket":"","result":"failure","channel":"Security","provider":"Microsoft-Windows-Security-Auditing","logon_id":"56a0ed1b6563a73e","process_id":12772,"image_path":"","run_as":"","publisher":"","update_state":"installed","agent_build":"2026.09.4"},{"timestamp":"2026-09-14T02:57:18.000Z","computer":"srv-077","event_id":4698,"record_id":103940,"user":"employee-256","source_ip":"10.10.4.26","target":"Approved-Maintenance","logon_type":null,"change_ticket":"CHG-DEPLOY-18","result":"success","channel":"Security","provider":"Microsoft-Windows-Security-Auditing","logon_id":"c89f5952e381c058","process_id":14708,"image_path":"C:/Program Files/ApprovedAgent/agent.exe","run_as":"svc-agent","publisher":"Approved Software Team","update_state":"installed","agent_build":"2026.09.1"},{"timestamp":"2026-09-14T02:57:20.700Z","computer":"srv-201","event_id":4728,"record_id":103941,"user":"employee-28","source_ip":"10.12.3.10","target":"Project-Readers","logon_type":null,"change_ticket":"CHG-DEPLOY-18","result":"success","channel":"Security","provider":"Microsoft-Windows-Security-Auditing","logon_id":"c89f5952e381c058","process_id":12518,"image_path":"","run_as":"","publisher":"","update_state":"installed","agent_build":"2026.09.2"},{"timestamp":"2026-09-14T02:57:23.400Z","computer":"srv-029","event_id":4697,"record_id":103942,"user":"employee-268","source_ip":"10.10.2.18","target":"ApprovedAgent","logon_type":null,"change_ticket":"CHG-DEPLOY-18","result":"success","channel":"Security","provider":"Microsoft-Windows-Security-Auditing","logon_id":"c89f5952e381c058","process_id":12770,"image_path":"C:/Program Files/ApprovedAgent/agent.exe","run_as":"svc-agent","publisher":"Approved Software Team","update_state":"installed","agent_build":"2026.09.3"},{"timestamp":"2026-09-14T02:57:26.100Z","computer":"srv-208","event_id":4624,"record_id":103943,"user":"employee-338","source_ip":"10.12.3.17","target":"logon-session","logon_type":3,"change_ticket":"","result":"success","channel":"Security","provider":"Microsoft-Windows-Security-Auditing","logon_id":"c89f5952e381c058","process_id":22853,"image_path":"","run_as":"","publisher":"","update_state":"installed","agent_build":"2026.09.4"},{"timestamp":"2026-09-14T02:57:28.800Z","computer":"srv-033","event_id":4624,"record_id":103944,"user":"employee-34","source_ip":"10.10.2.22","target":"logon-session","logon_type":10,"change_ticket":"","result":"success","channel":"Security","provider":"Microsoft-Windows-Security-Auditing","logon_id":"aec3192de3fd7ae0","process_id":2027,"image_path":"","run_as":"","publisher":"","update_state":"installed","agent_build":"2026.09.1"},{"timestamp":"2026-09-14T02:57:31.500Z","computer":"srv-137","event_id":4634,"record_id":103945,"user":"employee-473","source_ip":"10.11.3.26","target":"logon-session","logon_type":2,"change_ticket":"","result":"success","channel":"Security","provider":"Microsoft-Windows-Security-Auditing","logon_id":"aec3192de3fd7ae0","process_id":18612,"image_path":"","run_as":"","publisher":"","update_state":"installed","agent_build":"2026.09.2"},{"timestamp":"2026-09-14T02:57:34.200Z","computer":"srv-145","event_id":4688,"record_id":103946,"user":"employee-277","source_ip":"10.11.4.14","target":"logon-session","logon_type":null,"change_ticket":"","result":"success","channel":"Security","provider":"Microsoft-Windows-Security-Auditing","logon_id":"aec3192de3fd7ae0","process_id":4866,"image_path":"C:/Program Files/ApprovedAgent/agent.exe","run_as":"","publisher":"Approved Software Team","update_state":"installed","agent_build":"2026.09.3"},{"timestamp":"2026-09-14T02:57:36.900Z","computer":"srv-224","event_id":4625,"record_id":103947,"user":"employee-45","source_ip":"10.12.4.13","target":"logon-session","logon_type":10,"change_ticket":"","result":"failure","channel":"Security","provider":"Microsoft-Windows-Security-Auditing","logon_id":"aec3192de3fd7ae0","process_id":22831,"image_path":"","run_as":"","publisher":"","update_state":"installed","agent_build":"2026.09.4"},{"timestamp":"2026-09-14T02:57:39.600Z","computer":"srv-214","event_id":4698,"record_id":103948,"user":"employee-448","source_ip":"10.12.3.23","target":"Approved-Maintenance","logon_type":null,"change_ticket":"CHG-DEPLOY-18","result":"success","channel":"Security","provider":"Microsoft-Windows-Security-Auditing","logon_id":"666da770b53dca26","process_id":19936,"image_path":"C:/Program Files/ApprovedAgent/agent.exe","run_as":"svc-agent","publisher":"Approved Software Team","update_state":"failed","agent_build":"2026.09.1"},{"timestamp":"2026-09-14T02:57:42.300Z","computer":"srv-124","event_id":4728,"record_id":103949,"user":"employee-439","source_ip":"10.11.3.13","target":"Project-Readers","logon_type":null,"change_ticket":"CHG-DEPLOY-18","result":"success","channel":"Security","provider":"Microsoft-Windows-Security-Auditing","logon_id":"666da770b53dca26","process_id":2521,"image_path":"","run_as":"","publisher":"","update_state":"installed","agent_build":"2026.09.2"},{"timestamp":"2026-09-14T02:57:45.000Z","computer":"srv-086","event_id":4697,"record_id":103950,"user":"employee-313","source_ip":"10.11.1.15","target":"ApprovedAgent","logon_type":null,"change_ticket":"CHG-DEPLOY-18","result":"success","channel":"Security","provider":"Microsoft-Windows-Security-Auditing","logon_id":"666da770b53dca26","process_id":5833,"image_path":"C:/Program Files/ApprovedAgent/agent.exe","run_as":"svc-agent","publisher":"Approved Software Team","update_state":"installed","agent_build":"2026.09.3"},{"timestamp":"2026-09-14T02:57:47.700Z","computer":"srv-017","event_id":4624,"record_id":103951,"user":"employee-14","source_ip":"10.10.1.26","target":"logon-session","logon_type":2,"change_ticket":"","result":"success","channel":"Security","provider":"Microsoft-Windows-Security-Auditing","logon_id":"666da770b53dca26","process_id":13392,"image_path":"","run_as":"","publisher":"","update_state":"installed","agent_build":"2026.09.4"},{"timestamp":"2026-09-14T02:57:50.400Z","computer":"srv-002","event_id":4624,"record_id":103952,"user":"deployment-admin","source_ip":"10.10.1.11","target":"logon-session","logon_type":3,"change_ticket":"","result":"success","channel":"Security","provider":"Microsoft-Windows-Security-Auditing","logon_id":"c69f0e9ef8b1ad76","process_id":15671,"image_path":"","run_as":"","publisher":"","update_state":"installed","agent_build":"2026.09.1"},{"timestamp":"2026-09-14T02:57:53.100Z","computer":"srv-056","event_id":4634,"record_id":103953,"user":"employee-383","source_ip":"10.10.3.25","target":"logon-session","logon_type":10,"change_ticket":"","result":"success","channel":"Security","provider":"Microsoft-Windows-Security-Auditing","logon_id":"c69f0e9ef8b1ad76","process_id":21725,"image_path":"","run_as":"","publisher":"","update_state":"no-report","agent_build":"2026.09.2"},{"timestamp":"2026-09-14T02:57:55.800Z","computer":"srv-197","event_id":4688,"record_id":103954,"user":"employee-199","source_ip":"10.12.2.26","target":"logon-session","logon_type":null,"change_ticket":"","result":"success","channel":"Security","provider":"Microsoft-Windows-Security-Auditing","logon_id":"c69f0e9ef8b1ad76","process_id":23791,"image_path":"C:/Program Files/ApprovedAgent/agent.exe","run_as":"","publisher":"Approved Software Team","update_state":"installed","agent_build":"2026.09.3"},{"timestamp":"2026-09-14T02:57:58.500Z","computer":"srv-146","event_id":4625,"record_id":103955,"user":"employee-438","source_ip":"10.11.4.15","target":"logon-session","logon_type":3,"change_ticket":"","result":"failure","channel":"Security","provider":"Microsoft-Windows-Security-Auditing","logon_id":"c69f0e9ef8b1ad76","process_id":25837,"image_path":"","run_as":"","publisher":"","update_state":"installed","agent_build":"2026.09.4"},{"timestamp":"2026-09-14T02:58:01.200Z","computer":"srv-028","event_id":4698,"record_id":103956,"user":"employee-110","source_ip":"10.10.2.17","target":"Approved-Maintenance","logon_type":null,"change_ticket":"CHG-DEPLOY-18","result":"success","channel":"Security","provider":"Microsoft-Windows-Security-Auditing","logon_id":"fc3e623abc32d8f8","process_id":18830,"image_path":"C:/Program Files/ApprovedAgent/agent.exe","run_as":"svc-agent","publisher":"Approved Software Team","update_state":"installed","agent_build":"2026.09.1"},{"timestamp":"2026-09-14T02:58:03.900Z","computer":"srv-145","event_id":4728,"record_id":103957,"user":"employee-227","source_ip":"10.11.4.14","target":"Project-Readers","logon_type":null,"change_ticket":"CHG-DEPLOY-18","result":"success","channel":"Security","provider":"Microsoft-Windows-Security-Auditing","logon_id":"fc3e623abc32d8f8","process_id":12097,"image_path":"","run_as":"","publisher":"","update_state":"installed","agent_build":"2026.09.2"},{"timestamp":"2026-09-14T02:58:06.600Z","computer":"srv-167","event_id":4697,"record_id":103958,"user":"employee-115","source_ip":"10.12.1.16","target":"ApprovedAgent","logon_type":null,"change_ticket":"CHG-DEPLOY-18","result":"success","channel":"Security","provider":"Microsoft-Windows-Security-Auditing","logon_id":"fc3e623abc32d8f8","process_id":20350,"image_path":"C:/Program Files/ApprovedAgent/agent.exe","run_as":"svc-agent","publisher":"Approved Software Team","update_state":"installed","agent_build":"2026.09.3"},{"timestamp":"2026-09-14T02:58:09.300Z","computer":"srv-169","event_id":4624,"record_id":103959,"user":"employee-162","source_ip":"10.12.1.18","target":"logon-session","logon_type":10,"change_ticket":"","result":"success","channel":"Security","provider":"Microsoft-Windows-Security-Auditing","logon_id":"fc3e623abc32d8f8","process_id":12357,"image_path":"","run_as":"","publisher":"","update_state":"installed","agent_build":"2026.09.4"},{"timestamp":"2026-09-14T02:58:12.000Z","computer":"srv-168","event_id":4624,"record_id":103960,"user":"employee-158","source_ip":"10.12.1.17","target":"logon-session","logon_type":2,"change_ticket":"","result":"success","channel":"Security","provider":"Microsoft-Windows-Security-Auditing","logon_id":"8261c00c7d712271","process_id":16413,"image_path":"","run_as":"","publisher":"","update_state":"installed","agent_build":"2026.09.1"},{"timestamp":"2026-09-14T02:58:14.700Z","computer":"srv-197","event_id":4634,"record_id":103961,"user":"employee-219","source_ip":"10.12.2.26","target":"logon-session","logon_type":3,"change_ticket":"","result":"success","channel":"Security","provider":"Microsoft-Windows-Security-Auditing","logon_id":"8261c00c7d712271","process_id":3983,"image_path":"","run_as":"","publisher":"","update_state":"installed","agent_build":"2026.09.2"},{"timestamp":"2026-09-14T02:58:17.400Z","computer":"srv-138","event_id":4688,"record_id":103962,"user":"employee-222","source_ip":"10.11.3.27","target":"logon-session","logon_type":null,"change_ticket":"","result":"success","channel":"Security","provider":"Microsoft-Windows-Security-Auditing","logon_id":"8261c00c7d712271","process_id":7312,"image_path":"C:/Program Files/ApprovedAgent/agent.exe","run_as":"","publisher":"Approved Software Team","update_state":"installed","agent_build":"2026.09.3"},{"timestamp":"2026-09-14T02:58:20.100Z","computer":"srv-052","event_id":4625,"record_id":103963,"user":"employee-127","source_ip":"10.10.3.21","target":"logon-session","logon_type":2,"change_ticket":"","result":"failure","channel":"Security","provider":"Microsoft-Windows-Security-Auditing","logon_id":"8261c00c7d712271","process_id":6887,"image_path":"","run_as":"","publisher":"","update_state":"installed","agent_build":"2026.09.4"},{"timestamp":"2026-09-14T02:58:22.800Z","computer":"srv-133","event_id":4698,"record_id":103964,"user":"employee-106","source_ip":"10.11.3.22","target":"Approved-Maintenance","logon_type":null,"change_ticket":"CHG-DEPLOY-18","result":"success","channel":"Security","provider":"Microsoft-Windows-Security-Auditing","logon_id":"cb5343aea9c7caf0","process_id":23439,"image_path":"C:/Program Files/ApprovedAgent/agent.exe","run_as":"svc-agent","publisher":"Approved Software Team","update_state":"installed","agent_build":"2026.09.1"},{"timestamp":"2026-09-14T02:58:25.500Z","computer":"srv-226","event_id":4728,"record_id":103965,"user":"deployment-admin","source_ip":"10.12.4.15","target":"Project-Readers","logon_type":null,"change_ticket":"CHG-DEPLOY-18","result":"success","channel":"Security","provider":"Microsoft-Windows-Security-Auditing","logon_id":"cb5343aea9c7caf0","process_id":15141,"image_path":"","run_as":"","publisher":"","update_state":"installed","agent_build":"2026.09.2"},{"timestamp":"2026-09-14T02:58:28.200Z","computer":"srv-137","event_id":4697,"record_id":103966,"user":"employee-427","source_ip":"10.11.3.26","target":"ApprovedAgent","logon_type":null,"change_ticket":"CHG-DEPLOY-18","result":"success","channel":"Security","provider":"Microsoft-Windows-Security-Auditing","logon_id":"cb5343aea9c7caf0","process_id":17235,"image_path":"C:/Program Files/ApprovedAgent/agent.exe","run_as":"svc-agent","publisher":"Approved Software Team","update_state":"installed","agent_build":"2026.09.3"},{"timestamp":"2026-09-14T02:58:30.900Z","computer":"srv-117","event_id":4624,"record_id":103967,"user":"employee-322","source_ip":"10.11.2.26","target":"logon-session","logon_type":3,"change_ticket":"","result":"success","channel":"Security","provider":"Microsoft-Windows-Security-Auditing","logon_id":"cb5343aea9c7caf0","process_id":9367,"image_path":"","run_as":"","publisher":"","update_state":"installed","agent_build":"2026.09.4"},{"timestamp":"2026-09-14T02:58:33.600Z","computer":"srv-200","event_id":4624,"record_id":103968,"user":"employee-198","source_ip":"10.12.2.29","target":"logon-session","logon_type":10,"change_ticket":"","result":"success","channel":"Security","provider":"Microsoft-Windows-Security-Auditing","logon_id":"e7f38979e1268977","process_id":23119,"image_path":"","run_as":"","publisher":"","update_state":"restart-pending","agent_build":"2026.09.1"},{"timestamp":"2026-09-14T02:58:36.300Z","computer":"srv-059","event_id":4634,"record_id":103969,"user":"employee-87","source_ip":"10.10.3.28","target":"logon-session","logon_type":2,"change_ticket":"","result":"success","channel":"Security","provider":"Microsoft-Windows-Security-Auditing","logon_id":"e7f38979e1268977","process_id":4935,"image_path":"","run_as":"","publisher":"","update_state":"installed","agent_build":"2026.09.2"},{"timestamp":"2026-09-14T02:58:39.000Z","computer":"srv-160","event_id":4688,"record_id":103970,"user":"employee-15","source_ip":"10.11.4.29","target":"logon-session","logon_type":null,"change_ticket":"","result":"success","channel":"Security","provider":"Microsoft-Windows-Security-Auditing","logon_id":"e7f38979e1268977","process_id":14452,"image_path":"C:/Program Files/ApprovedAgent/agent.exe","run_as":"","publisher":"Approved Software Team","update_state":"installed","agent_build":"2026.09.3"},{"timestamp":"2026-09-14T02:58:41.700Z","computer":"srv-176","event_id":4625,"record_id":103971,"user":"employee-402","source_ip":"10.12.1.25","target":"logon-session","logon_type":10,"change_ticket":"","result":"failure","channel":"Security","provider":"Microsoft-Windows-Security-Auditing","logon_id":"e7f38979e1268977","process_id":17961,"image_path":"","run_as":"","publisher":"","update_state":"installed","agent_build":"2026.09.4"},{"timestamp":"2026-09-14T02:58:44.400Z","computer":"srv-034","event_id":4698,"record_id":103972,"user":"employee-480","source_ip":"10.10.2.23","target":"Approved-Maintenance","logon_type":null,"change_ticket":"CHG-DEPLOY-18","result":"success","channel":"Security","provider":"Microsoft-Windows-Security-Auditing","logon_id":"7f8a6b4543c19c7e","process_id":3208,"image_path":"C:/Program Files/ApprovedAgent/agent.exe","run_as":"svc-agent","publisher":"Approved Software Team","update_state":"installed","agent_build":"2026.09.1"},{"timestamp":"2026-09-14T02:58:47.100Z","computer":"srv-169","event_id":4728,"record_id":103973,"user":"employee-151","source_ip":"10.12.1.18","target":"Project-Readers","logon_type":null,"change_ticket":"CHG-DEPLOY-18","result":"success","channel":"Security","provider":"Microsoft-Windows-Security-Auditing","logon_id":"7f8a6b4543c19c7e","process_id":24220,"image_path":"","run_as":"","publisher":"","update_state":"installed","agent_build":"2026.09.2"},{"timestamp":"2026-09-14T02:58:49.800Z","computer":"srv-065","event_id":4697,"record_id":103974,"user":"employee-319","source_ip":"10.10.4.14","target":"ApprovedAgent","logon_type":null,"change_ticket":"CHG-DEPLOY-18","result":"success","channel":"Security","provider":"Microsoft-Windows-Security-Auditing","logon_id":"7f8a6b4543c19c7e","process_id":18699,"image_path":"C:/Program Files/ApprovedAgent/agent.exe","run_as":"svc-agent","publisher":"Approved Software Team","update_state":"installed","agent_build":"2026.09.3"},{"timestamp":"2026-09-14T02:58:52.500Z","computer":"srv-049","event_id":4624,"record_id":103975,"user":"employee-58","source_ip":"10.10.3.18","target":"logon-session","logon_type":2,"change_ticket":"","result":"success","channel":"Security","provider":"Microsoft-Windows-Security-Auditing","logon_id":"7f8a6b4543c19c7e","process_id":7910,"image_path":"","run_as":"","publisher":"","update_state":"installed","agent_build":"2026.09.4"},{"timestamp":"2026-09-14T02:58:55.200Z","computer":"srv-078","event_id":4624,"record_id":103976,"user":"employee-90","source_ip":"10.10.4.27","target":"logon-session","logon_type":3,"change_ticket":"","result":"success","channel":"Security","provider":"Microsoft-Windows-Security-Auditing","logon_id":"983fe2d96904dafb","process_id":21289,"image_path":"","run_as":"","publisher":"","update_state":"installed","agent_build":"2026.09.1"},{"timestamp":"2026-09-14T02:58:57.900Z","computer":"srv-184","event_id":4634,"record_id":103977,"user":"employee-415","source_ip":"10.12.2.13","target":"logon-session","logon_type":10,"change_ticket":"","result":"success","channel":"Security","provider":"Microsoft-Windows-Security-Auditing","logon_id":"983fe2d96904dafb","process_id":12163,"image_path":"","run_as":"","publisher":"","update_state":"installed","agent_build":"2026.09.2"},{"timestamp":"2026-09-14T02:59:00.600Z","computer":"srv-012","event_id":4688,"record_id":103978,"user":"deployment-admin","source_ip":"10.10.1.21","target":"logon-session","logon_type":null,"change_ticket":"","result":"success","channel":"Security","provider":"Microsoft-Windows-Security-Auditing","logon_id":"983fe2d96904dafb","process_id":15740,"image_path":"C:/Program Files/ApprovedAgent/agent.exe","run_as":"","publisher":"Approved Software Team","update_state":"installed","agent_build":"2026.09.3"},{"timestamp":"2026-09-14T02:59:03.300Z","computer":"srv-079","event_id":4625,"record_id":103979,"user":"employee-305","source_ip":"10.10.4.28","target":"logon-session","logon_type":3,"change_ticket":"","result":"failure","channel":"Security","provider":"Microsoft-Windows-Security-Auditing","logon_id":"983fe2d96904dafb","process_id":10698,"image_path":"","run_as":"","publisher":"","update_state":"installed","agent_build":"2026.09.4"},{"timestamp":"2026-09-14T02:59:06.000Z","computer":"srv-122","event_id":4698,"record_id":103980,"user":"employee-30","source_ip":"10.11.3.11","target":"Approved-Maintenance","logon_type":null,"change_ticket":"CHG-DEPLOY-18","result":"success","channel":"Security","provider":"Microsoft-Windows-Security-Auditing","logon_id":"52fe4fcd3d58328f","process_id":2649,"image_path":"C:/Program Files/ApprovedAgent/agent.exe","run_as":"svc-agent","publisher":"Approved Software Team","update_state":"installed","agent_build":"2026.09.1"},{"timestamp":"2026-09-14T02:59:08.700Z","computer":"srv-218","event_id":4728,"record_id":103981,"user":"employee-203","source_ip":"10.12.3.27","target":"Project-Readers","logon_type":null,"change_ticket":"CHG-DEPLOY-18","result":"success","channel":"Security","provider":"Microsoft-Windows-Security-Auditing","logon_id":"52fe4fcd3d58328f","process_id":13509,"image_path":"","run_as":"","publisher":"","update_state":"installed","agent_build":"2026.09.2"},{"timestamp":"2026-09-14T02:59:11.400Z","computer":"srv-093","event_id":4697,"record_id":103982,"user":"employee-417","source_ip":"10.11.1.22","target":"ApprovedAgent","logon_type":null,"change_ticket":"CHG-DEPLOY-18","result":"success","channel":"Security","provider":"Microsoft-Windows-Security-Auditing","logon_id":"52fe4fcd3d58328f","process_id":11466,"image_path":"C:/Program Files/ApprovedAgent/agent.exe","run_as":"svc-agent","publisher":"Approved Software Team","update_state":"installed","agent_build":"2026.09.3"},{"timestamp":"2026-09-14T02:59:14.100Z","computer":"srv-102","event_id":4624,"record_id":103983,"user":"employee-323","source_ip":"10.11.2.11","target":"logon-session","logon_type":10,"change_ticket":"","result":"success","channel":"Security","provider":"Microsoft-Windows-Security-Auditing","logon_id":"52fe4fcd3d58328f","process_id":11945,"image_path":"","run_as":"","publisher":"","update_state":"installed","agent_build":"2026.09.4"},{"timestamp":"2026-09-14T02:59:16.800Z","computer":"srv-142","event_id":4624,"record_id":103984,"user":"employee-463","source_ip":"10.11.4.11","target":"logon-session","logon_type":2,"change_ticket":"","result":"success","channel":"Security","provider":"Microsoft-Windows-Security-Auditing","logon_id":"a59abbef93ad4faa","process_id":19583,"image_path":"","run_as":"","publisher":"","update_state":"installed","agent_build":"2026.09.1"},{"timestamp":"2026-09-14T02:59:19.500Z","computer":"srv-067","event_id":4634,"record_id":103985,"user":"employee-106","source_ip":"10.10.4.16","target":"logon-session","logon_type":3,"change_ticket":"","result":"success","channel":"Security","provider":"Microsoft-Windows-Security-Auditing","logon_id":"a59abbef93ad4faa","process_id":20969,"image_path":"","run_as":"","publisher":"","update_state":"installed","agent_build":"2026.09.2"},{"timestamp":"2026-09-14T02:59:22.200Z","computer":"srv-075","event_id":4688,"record_id":103986,"user":"employee-199","source_ip":"10.10.4.24","target":"logon-session","logon_type":null,"change_ticket":"","result":"success","channel":"Security","provider":"Microsoft-Windows-Security-Auditing","logon_id":"a59abbef93ad4faa","process_id":17789,"image_path":"C:/Program Files/ApprovedAgent/agent.exe","run_as":"","publisher":"Approved Software Team","update_state":"installed","agent_build":"2026.09.3"},{"timestamp":"2026-09-14T02:59:24.900Z","computer":"srv-221","event_id":4625,"record_id":103987,"user":"employee-77","source_ip":"10.12.4.10","target":"logon-session","logon_type":2,"change_ticket":"","result":"failure","channel":"Security","provider":"Microsoft-Windows-Security-Auditing","logon_id":"a59abbef93ad4faa","process_id":4086,"image_path":"","run_as":"","publisher":"","update_state":"installed","agent_build":"2026.09.4"},{"timestamp":"2026-09-14T02:59:27.600Z","computer":"srv-068","event_id":4698,"record_id":103988,"user":"employee-393","source_ip":"10.10.4.17","target":"Approved-Maintenance","logon_type":null,"change_ticket":"CHG-DEPLOY-18","result":"success","channel":"Security","provider":"Microsoft-Windows-Security-Auditing","logon_id":"c6a91fb5855a391e","process_id":21331,"image_path":"C:/Program Files/ApprovedAgent/agent.exe","run_as":"svc-agent","publisher":"Approved Software Team","update_state":"installed","agent_build":"2026.09.1"},{"timestamp":"2026-09-14T02:59:30.300Z","computer":"srv-229","event_id":4728,"record_id":103989,"user":"employee-129","source_ip":"10.12.4.18","target":"Project-Readers","logon_type":null,"change_ticket":"CHG-DEPLOY-18","result":"success","channel":"Security","provider":"Microsoft-Windows-Security-Auditing","logon_id":"c6a91fb5855a391e","process_id":3640,"image_path":"","run_as":"","publisher":"","update_state":"installed","agent_build":"2026.09.2"},{"timestamp":"2026-09-14T02:59:33.000Z","computer":"srv-232","event_id":4697,"record_id":103990,"user":"employee-118","source_ip":"10.12.4.21","target":"ApprovedAgent","logon_type":null,"change_ticket":"CHG-DEPLOY-18","result":"success","channel":"Security","provider":"Microsoft-Windows-Security-Auditing","logon_id":"c6a91fb5855a391e","process_id":11641,"image_path":"C:/Program Files/ApprovedAgent/agent.exe","run_as":"svc-agent","publisher":"Approved Software Team","update_state":"installed","agent_build":"2026.09.3"},{"timestamp":"2026-09-14T02:59:35.700Z","computer":"srv-198","event_id":4624,"record_id":103991,"user":"deployment-admin","source_ip":"10.12.2.27","target":"logon-session","logon_type":3,"change_ticket":"","result":"success","channel":"Security","provider":"Microsoft-Windows-Security-Auditing","logon_id":"c6a91fb5855a391e","process_id":17271,"image_path":"","run_as":"","publisher":"","update_state":"installed","agent_build":"2026.09.4"},{"timestamp":"2026-09-14T02:59:38.400Z","computer":"srv-011","event_id":4624,"record_id":103992,"user":"employee-56","source_ip":"10.10.1.20","target":"logon-session","logon_type":10,"change_ticket":"","result":"success","channel":"Security","provider":"Microsoft-Windows-Security-Auditing","logon_id":"4ac48ae1c0840117","process_id":21418,"image_path":"","run_as":"","publisher":"","update_state":"installed","agent_build":"2026.09.1"},{"timestamp":"2026-09-14T02:59:41.100Z","computer":"srv-081","event_id":4634,"record_id":103993,"user":"employee-20","source_ip":"10.11.1.10","target":"logon-session","logon_type":2,"change_ticket":"","result":"success","channel":"Security","provider":"Microsoft-Windows-Security-Auditing","logon_id":"4ac48ae1c0840117","process_id":22585,"image_path":"","run_as":"","publisher":"","update_state":"installed","agent_build":"2026.09.2"},{"timestamp":"2026-09-14T02:59:43.800Z","computer":"srv-169","event_id":4688,"record_id":103994,"user":"employee-153","source_ip":"10.12.1.18","target":"logon-session","logon_type":null,"change_ticket":"","result":"success","channel":"Security","provider":"Microsoft-Windows-Security-Auditing","logon_id":"4ac48ae1c0840117","process_id":24077,"image_path":"C:/Program Files/ApprovedAgent/agent.exe","run_as":"","publisher":"Approved Software Team","update_state":"installed","agent_build":"2026.09.3"},{"timestamp":"2026-09-14T02:59:46.500Z","computer":"srv-091","event_id":4625,"record_id":103995,"user":"employee-394","source_ip":"10.11.1.20","target":"logon-session","logon_type":10,"change_ticket":"","result":"failure","channel":"Security","provider":"Microsoft-Windows-Security-Auditing","logon_id":"4ac48ae1c0840117","process_id":2680,"image_path":"","run_as":"","publisher":"","update_state":"failed","agent_build":"2026.09.4"},{"timestamp":"2026-09-14T02:59:49.200Z","computer":"srv-053","event_id":4698,"record_id":103996,"user":"employee-51","source_ip":"10.10.3.22","target":"Approved-Maintenance","logon_type":null,"change_ticket":"CHG-DEPLOY-18","result":"success","channel":"Security","provider":"Microsoft-Windows-Security-Auditing","logon_id":"06cfa44fbb4ed740","process_id":1488,"image_path":"C:/Program Files/ApprovedAgent/agent.exe","run_as":"svc-agent","publisher":"Approved Software Team","update_state":"installed","agent_build":"2026.09.1"},{"timestamp":"2026-09-14T02:59:51.900Z","computer":"srv-126","event_id":4728,"record_id":103997,"user":"employee-4","source_ip":"10.11.3.15","target":"Project-Readers","logon_type":null,"change_ticket":"CHG-DEPLOY-18","result":"success","channel":"Security","provider":"Microsoft-Windows-Security-Auditing","logon_id":"06cfa44fbb4ed740","process_id":23523,"image_path":"","run_as":"","publisher":"","update_state":"installed","agent_build":"2026.09.2"},{"timestamp":"2026-09-14T02:59:54.600Z","computer":"srv-153","event_id":4697,"record_id":103998,"user":"employee-228","source_ip":"10.11.4.22","target":"ApprovedAgent","logon_type":null,"change_ticket":"CHG-DEPLOY-18","result":"success","channel":"Security","provider":"Microsoft-Windows-Security-Auditing","logon_id":"06cfa44fbb4ed740","process_id":8115,"image_path":"C:/Program Files/ApprovedAgent/agent.exe","run_as":"svc-agent","publisher":"Approved Software Team","update_state":"installed","agent_build":"2026.09.3"},{"timestamp":"2026-09-14T02:59:57.300Z","computer":"srv-109","event_id":4624,"record_id":103999,"user":"employee-447","source_ip":"10.11.2.18","target":"logon-session","logon_type":2,"change_ticket":"","result":"success","channel":"Security","provider":"Microsoft-Windows-Security-Auditing","logon_id":"06cfa44fbb4ed740","process_id":18571,"image_path":"","run_as":"","publisher":"","update_state":"restart-pending","agent_build":"2026.09.4"},{"timestamp":"2026-09-14T03:00:00.000Z","computer":"win-admin-21","event_id":4625,"record_id":104000,"user":"ops-review","source_ip":"198.51.100.77","target":"logon-session","logon_type":10,"change_ticket":"","result":"failure","channel":"Security","provider":"Microsoft-Windows-Security-Auditing","logon_id":"adeb1afb68bb9528","process_id":9927,"image_path":"","run_as":"","publisher":"","update_state":"installed","agent_build":"2026.09.1"},{"timestamp":"2026-09-14T03:00:02.700Z","computer":"win-admin-21","event_id":4625,"record_id":104001,"user":"ops-review","source_ip":"198.51.100.77","target":"logon-session","logon_type":10,"change_ticket":"","result":"failure","channel":"Security","provider":"Microsoft-Windows-Security-Auditing","logon_id":"adeb1afb68bb9528","process_id":3920,"image_path":"","run_as":"","publisher":"","update_state":"installed","agent_build":"2026.09.2"},{"timestamp":"2026-09-14T03:00:05.400Z","computer":"win-admin-21","event_id":4625,"record_id":104002,"user":"ops-review","source_ip":"198.51.100.77","target":"logon-session","logon_type":10,"change_ticket":"","result":"failure","channel":"Security","provider":"Microsoft-Windows-Security-Auditing","logon_id":"adeb1afb68bb9528","process_id":17768,"image_path":"","run_as":"","publisher":"","update_state":"installed","agent_build":"2026.09.3"},{"timestamp":"2026-09-14T03:00:08.100Z","computer":"win-admin-21","event_id":4624,"record_id":104003,"user":"ops-review","source_ip":"198.51.100.77","target":"logon-session","logon_type":10,"change_ticket":"","result":"success","channel":"Security","provider":"Microsoft-Windows-Security-Auditing","logon_id":"adeb1afb68bb9528","process_id":2673,"image_path":"","run_as":"","publisher":"","update_state":"installed","agent_build":"2026.09.4"},{"timestamp":"2026-09-14T03:00:10.800Z","computer":"win-admin-21","event_id":4728,"record_id":104004,"user":"ops-review","source_ip":"198.51.100.77","target":"Domain Admins","logon_type":null,"change_ticket":"","result":"success","channel":"Security","provider":"Microsoft-Windows-Security-Auditing","logon_id":"adeb1afb68bb9528","process_id":10282,"image_path":"","run_as":"","publisher":"","update_state":"installed","agent_build":"2026.09.1"},{"timestamp":"2026-09-14T03:00:13.500Z","computer":"win-admin-21","event_id":4698,"record_id":104005,"user":"ops-review","source_ip":"198.51.100.77","target":"UserCache-Maintenance","logon_type":null,"change_ticket":"","result":"success","channel":"Security","provider":"Microsoft-Windows-Security-Auditing","logon_id":"adeb1afb68bb9528","process_id":4404,"image_path":"C:/Users/ops-review/AppData/Local/Cache/worker.exe","run_as":"LocalSystem","publisher":"unverified","update_state":"installed","agent_build":"2026.09.2"},{"timestamp":"2026-09-14T03:00:16.200Z","computer":"win-admin-21","event_id":4697,"record_id":104006,"user":"ops-review","source_ip":"198.51.100.77","target":"DocumentCacheSvc","logon_type":null,"change_ticket":"","result":"success","channel":"Security","provider":"Microsoft-Windows-Security-Auditing","logon_id":"adeb1afb68bb9528","process_id":1318,"image_path":"C:/Users/ops-review/AppData/Local/Cache/worker.exe","run_as":"LocalSystem","publisher":"unverified","update_state":"installed","agent_build":"2026.09.3"},{"timestamp":"2026-09-14T03:00:18.900Z","computer":"win-admin-21","event_id":1102,"record_id":104007,"user":"ops-review","source_ip":"198.51.100.77","target":"Security log","logon_type":null,"change_ticket":"","result":"success","channel":"Security","provider":"Microsoft-Windows-Eventlog","logon_id":"adeb1afb68bb9528","process_id":5209,"image_path":"","run_as":"","publisher":"","update_state":"installed","agent_build":"2026.09.4"},{"timestamp":"2026-09-14T03:00:21.600Z","computer":"win-admin-21","event_id":4634,"record_id":104008,"user":"ops-review","source_ip":"198.51.100.77","target":"logon-session","logon_type":10,"change_ticket":"","result":"success","channel":"Security","provider":"Microsoft-Windows-Security-Auditing","logon_id":"adeb1afb68bb9528","process_id":2791,"image_path":"","run_as":"","publisher":"","update_state":"installed","agent_build":"2026.09.1"},{"timestamp":"2026-09-14T03:00:24.300Z","computer":"srv-187","event_id":4634,"record_id":104009,"user":"employee-61","source_ip":"10.12.2.16","target":"logon-session","logon_type":3,"change_ticket":"","result":"success","channel":"Security","provider":"Microsoft-Windows-Security-Auditing","logon_id":"a30c90e6fd146dbc","process_id":5393,"image_path":"","run_as":"","publisher":"","update_state":"installed","agent_build":"2026.09.2"},{"timestamp":"2026-09-14T03:00:27.000Z","computer":"srv-007","event_id":4688,"record_id":104010,"user":"employee-444","source_ip":"10.10.1.16","target":"logon-session","logon_type":null,"change_ticket":"","result":"success","channel":"Security","provider":"Microsoft-Windows-Security-Auditing","logon_id":"a30c90e6fd146dbc","process_id":11824,"image_path":"C:/Program Files/ApprovedAgent/agent.exe","run_as":"","publisher":"Approved Software Team","update_state":"installed","agent_build":"2026.09.3"},{"timestamp":"2026-09-14T03:00:29.700Z","computer":"srv-126","event_id":4625,"record_id":104011,"user":"employee-177","source_ip":"10.11.3.15","target":"logon-session","logon_type":2,"change_ticket":"","result":"failure","channel":"Security","provider":"Microsoft-Windows-Security-Auditing","logon_id":"a30c90e6fd146dbc","process_id":17329,"image_path":"","run_as":"","publisher":"","update_state":"installed","agent_build":"2026.09.4"},{"timestamp":"2026-09-14T03:00:32.400Z","computer":"srv-165","event_id":4698,"record_id":104012,"user":"employee-291","source_ip":"10.12.1.14","target":"Approved-Maintenance","logon_type":null,"change_ticket":"CHG-DEPLOY-18","result":"success","channel":"Security","provider":"Microsoft-Windows-Security-Auditing","logon_id":"2e3a38cc0668fab3","process_id":8649,"image_path":"C:/Program Files/ApprovedAgent/agent.exe","run_as":"svc-agent","publisher":"Approved Software Team","update_state":"no-report","agent_build":"2026.09.1"},{"timestamp":"2026-09-14T03:00:35.100Z","computer":"srv-110","event_id":4728,"record_id":104013,"user":"employee-291","source_ip":"10.11.2.19","target":"Project-Readers","logon_type":null,"change_ticket":"CHG-DEPLOY-18","result":"success","channel":"Security","provider":"Microsoft-Windows-Security-Auditing","logon_id":"2e3a38cc0668fab3","process_id":25831,"image_path":"","run_as":"","publisher":"","update_state":"installed","agent_build":"2026.09.2"},{"timestamp":"2026-09-14T03:00:37.800Z","computer":"srv-162","event_id":4697,"record_id":104014,"user":"employee-390","source_ip":"10.12.1.11","target":"ApprovedAgent","logon_type":null,"change_ticket":"CHG-DEPLOY-18","result":"success","channel":"Security","provider":"Microsoft-Windows-Security-Auditing","logon_id":"2e3a38cc0668fab3","process_id":21136,"image_path":"C:/Program Files/ApprovedAgent/agent.exe","run_as":"svc-agent","publisher":"Approved Software Team","update_state":"installed","agent_build":"2026.09.3"},{"timestamp":"2026-09-14T03:00:40.500Z","computer":"srv-079","event_id":4624,"record_id":104015,"user":"employee-338","source_ip":"10.10.4.28","target":"logon-session","logon_type":3,"change_ticket":"","result":"success","channel":"Security","provider":"Microsoft-Windows-Security-Auditing","logon_id":"2e3a38cc0668fab3","process_id":3070,"image_path":"","run_as":"","publisher":"","update_state":"installed","agent_build":"2026.09.4"},{"timestamp":"2026-09-14T03:00:43.200Z","computer":"srv-011","event_id":4624,"record_id":104016,"user":"employee-200","source_ip":"10.10.1.20","target":"logon-session","logon_type":10,"change_ticket":"","result":"success","channel":"Security","provider":"Microsoft-Windows-Security-Auditing","logon_id":"5f511d97b6ce6a57","process_id":19143,"image_path":"","run_as":"","publisher":"","update_state":"installed","agent_build":"2026.09.1"},{"timestamp":"2026-09-14T03:00:45.900Z","computer":"srv-182","event_id":4634,"record_id":104017,"user":"deployment-admin","source_ip":"10.12.2.11","target":"logon-session","logon_type":2,"change_ticket":"","result":"success","channel":"Security","provider":"Microsoft-Windows-Security-Auditing","logon_id":"5f511d97b6ce6a57","process_id":16896,"image_path":"","run_as":"","publisher":"","update_state":"installed","agent_build":"2026.09.2"},{"timestamp":"2026-09-14T03:00:48.600Z","computer":"srv-208","event_id":4688,"record_id":104018,"user":"employee-204","source_ip":"10.12.3.17","target":"logon-session","logon_type":null,"change_ticket":"","result":"success","channel":"Security","provider":"Microsoft-Windows-Security-Auditing","logon_id":"5f511d97b6ce6a57","process_id":3404,"image_path":"C:/Program Files/ApprovedAgent/agent.exe","run_as":"","publisher":"Approved Software Team","update_state":"installed","agent_build":"2026.09.3"},{"timestamp":"2026-09-14T03:00:51.300Z","computer":"srv-212","event_id":4625,"record_id":104019,"user":"employee-230","source_ip":"10.12.3.21","target":"logon-session","logon_type":10,"change_ticket":"","result":"failure","channel":"Security","provider":"Microsoft-Windows-Security-Auditing","logon_id":"5f511d97b6ce6a57","process_id":15895,"image_path":"","run_as":"","publisher":"","update_state":"installed","agent_build":"2026.09.4"},{"timestamp":"2026-09-14T03:00:54.000Z","computer":"srv-215","event_id":4698,"record_id":104020,"user":"employee-7","source_ip":"10.12.3.24","target":"Approved-Maintenance","logon_type":null,"change_ticket":"CHG-DEPLOY-18","result":"success","channel":"Security","provider":"Microsoft-Windows-Security-Auditing","logon_id":"78ee704d61a1cc95","process_id":10553,"image_path":"C:/Program Files/ApprovedAgent/agent.exe","run_as":"svc-agent","publisher":"Approved Software Team","update_state":"installed","agent_build":"2026.09.1"},{"timestamp":"2026-09-14T03:00:56.700Z","computer":"srv-129","event_id":4728,"record_id":104021,"user":"employee-340","source_ip":"10.11.3.18","target":"Project-Readers","logon_type":null,"change_ticket":"CHG-DEPLOY-18","result":"success","channel":"Security","provider":"Microsoft-Windows-Security-Auditing","logon_id":"78ee704d61a1cc95","process_id":9387,"image_path":"","run_as":"","publisher":"","update_state":"installed","agent_build":"2026.09.2"},{"timestamp":"2026-09-14T03:00:59.400Z","computer":"srv-204","event_id":4697,"record_id":104022,"user":"employee-288","source_ip":"10.12.3.13","target":"ApprovedAgent","logon_type":null,"change_ticket":"CHG-DEPLOY-18","result":"success","channel":"Security","provider":"Microsoft-Windows-Security-Auditing","logon_id":"78ee704d61a1cc95","process_id":24749,"image_path":"C:/Program Files/ApprovedAgent/agent.exe","run_as":"svc-agent","publisher":"Approved Software Team","update_state":"installed","agent_build":"2026.09.3"},{"timestamp":"2026-09-14T03:01:02.100Z","computer":"srv-008","event_id":4624,"record_id":104023,"user":"employee-326","source_ip":"10.10.1.17","target":"logon-session","logon_type":2,"change_ticket":"","result":"success","channel":"Security","provider":"Microsoft-Windows-Security-Auditing","logon_id":"78ee704d61a1cc95","process_id":21771,"image_path":"","run_as":"","publisher":"","update_state":"installed","agent_build":"2026.09.4"},{"timestamp":"2026-09-14T03:01:04.800Z","computer":"srv-085","event_id":4624,"record_id":104024,"user":"employee-257","source_ip":"10.11.1.14","target":"logon-session","logon_type":3,"change_ticket":"","result":"success","channel":"Security","provider":"Microsoft-Windows-Security-Auditing","logon_id":"2e10e185d6017143","process_id":9431,"image_path":"","run_as":"","publisher":"","update_state":"installed","agent_build":"2026.09.1"},{"timestamp":"2026-09-14T03:01:07.500Z","computer":"srv-019","event_id":4634,"record_id":104025,"user":"employee-152","source_ip":"10.10.1.28","target":"logon-session","logon_type":10,"change_ticket":"","result":"success","channel":"Security","provider":"Microsoft-Windows-Security-Auditing","logon_id":"2e10e185d6017143","process_id":22331,"image_path":"","run_as":"","publisher":"","update_state":"installed","agent_build":"2026.09.2"},{"timestamp":"2026-09-14T03:01:10.200Z","computer":"srv-221","event_id":4688,"record_id":104026,"user":"employee-452","source_ip":"10.12.4.10","target":"logon-session","logon_type":null,"change_ticket":"","result":"success","channel":"Security","provider":"Microsoft-Windows-Security-Auditing","logon_id":"2e10e185d6017143","process_id":12062,"image_path":"C:/Program Files/ApprovedAgent/agent.exe","run_as":"","publisher":"Approved Software Team","update_state":"installed","agent_build":"2026.09.3"},{"timestamp":"2026-09-14T03:01:12.900Z","computer":"srv-005","event_id":4625,"record_id":104027,"user":"employee-416","source_ip":"10.10.1.14","target":"logon-session","logon_type":3,"change_ticket":"","result":"failure","channel":"Security","provider":"Microsoft-Windows-Security-Auditing","logon_id":"2e10e185d6017143","process_id":4146,"image_path":"","run_as":"","publisher":"","update_state":"installed","agent_build":"2026.09.4"},