{"timestamp":"2026-09-14T00:33:23.400Z","computer":"srv-094","event_id":4697,"record_id":100742,"user":"employee-224","source_ip":"10.11.1.23","target":"ApprovedAgent","logon_type":null,"change_ticket":"CHG-DEPLOY-18","result":"success","channel":"Security","provider":"Microsoft-Windows-Security-Auditing","logon_id":"952c9da833cf3306","process_id":2314,"image_path":"C:/Program Files/ApprovedAgent/agent.exe","run_as":"svc-agent","publisher":"Approved Software Team","update_state":"installed","agent_build":"2026.09.3"},{"timestamp":"2026-09-14T00:33:26.100Z","computer":"srv-213","event_id":4624,"record_id":100743,"user":"employee-9","source_ip":"10.12.3.22","target":"logon-session","logon_type":10,"change_ticket":"","result":"success","channel":"Security","provider":"Microsoft-Windows-Security-Auditing","logon_id":"952c9da833cf3306","process_id":7832,"image_path":"","run_as":"","publisher":"","update_state":"installed","agent_build":"2026.09.4"},{"timestamp":"2026-09-14T00:33:28.800Z","computer":"srv-042","event_id":4624,"record_id":100744,"user":"employee-239","source_ip":"10.10.3.11","target":"logon-session","logon_type":2,"change_ticket":"","result":"success","channel":"Security","provider":"Microsoft-Windows-Security-Auditing","logon_id":"bae9be6bc88c7f14","process_id":19357,"image_path":"","run_as":"","publisher":"","update_state":"restart-pending","agent_build":"2026.09.1"},{"timestamp":"2026-09-14T00:33:31.500Z","computer":"srv-136","event_id":4634,"record_id":100745,"user":"employee-239","source_ip":"10.11.3.25","target":"logon-session","logon_type":3,"change_ticket":"","result":"success","channel":"Security","provider":"Microsoft-Windows-Security-Auditing","logon_id":"bae9be6bc88c7f14","process_id":25044,"image_path":"","run_as":"","publisher":"","update_state":"installed","agent_build":"2026.09.2"},{"timestamp":"2026-09-14T00:33:34.200Z","computer":"srv-017","event_id":4688,"record_id":100746,"user":"employee-358","source_ip":"10.10.1.26","target":"logon-session","logon_type":null,"change_ticket":"","result":"success","channel":"Security","provider":"Microsoft-Windows-Security-Auditing","logon_id":"bae9be6bc88c7f14","process_id":18247,"image_path":"C:/Program Files/ApprovedAgent/agent.exe","run_as":"","publisher":"Approved Software Team","update_state":"installed","agent_build":"2026.09.3"},{"timestamp":"2026-09-14T00:33:36.900Z","computer":"srv-021","event_id":4625,"record_id":100747,"user":"employee-185","source_ip":"10.10.2.10","target":"logon-session","logon_type":2,"change_ticket":"","result":"failure","channel":"Security","provider":"Microsoft-Windows-Security-Auditing","logon_id":"bae9be6bc88c7f14","process_id":24211,"image_path":"","run_as":"","publisher":"","update_state":"installed","agent_build":"2026.09.4"},{"timestamp":"2026-09-14T00:33:39.600Z","computer":"srv-028","event_id":4698,"record_id":100748,"user":"employee-439","source_ip":"10.10.2.17","target":"Approved-Maintenance","logon_type":null,"change_ticket":"CHG-DEPLOY-18","result":"success","channel":"Security","provider":"Microsoft-Windows-Security-Auditing","logon_id":"ada640e1f539dc20","process_id":17120,"image_path":"C:/Program Files/ApprovedAgent/agent.exe","run_as":"svc-agent","publisher":"Approved Software Team","update_state":"installed","agent_build":"2026.09.1"},{"timestamp":"2026-09-14T00:33:42.300Z","computer":"srv-208","event_id":4728,"record_id":100749,"user":"employee-65","source_ip":"10.12.3.17","target":"Project-Readers","logon_type":null,"change_ticket":"CHG-DEPLOY-18","result":"success","channel":"Security","provider":"Microsoft-Windows-Security-Auditing","logon_id":"ada640e1f539dc20","process_id":13517,"image_path":"","run_as":"","publisher":"","update_state":"installed","agent_build":"2026.09.2"},{"timestamp":"2026-09-14T00:33:45.000Z","computer":"srv-145","event_id":4697,"record_id":100750,"user":"employee-279","source_ip":"10.11.4.14","target":"ApprovedAgent","logon_type":null,"change_ticket":"CHG-DEPLOY-18","result":"success","channel":"Security","provider":"Microsoft-Windows-Security-Auditing","logon_id":"ada640e1f539dc20","process_id":24166,"image_path":"C:/Program Files/ApprovedAgent/agent.exe","run_as":"svc-agent","publisher":"Approved Software Team","update_state":"installed","agent_build":"2026.09.3"},{"timestamp":"2026-09-14T00:33:47.700Z","computer":"srv-130","event_id":4624,"record_id":100751,"user":"employee-341","source_ip":"10.11.3.19","target":"logon-session","logon_type":3,"change_ticket":"","result":"success","channel":"Security","provider":"Microsoft-Windows-Security-Auditing","logon_id":"ada640e1f539dc20","process_id":4449,"image_path":"","run_as":"","publisher":"","update_state":"installed","agent_build":"2026.09.4"},{"timestamp":"2026-09-14T00:33:50.400Z","computer":"srv-210","event_id":4624,"record_id":100752,"user":"employee-402","source_ip":"10.12.3.19","target":"logon-session","logon_type":10,"change_ticket":"","result":"success","channel":"Security","provider":"Microsoft-Windows-Security-Auditing","logon_id":"2c2ba1ccb421a8dc","process_id":22873,"image_path":"","run_as":"","publisher":"","update_state":"failed","agent_build":"2026.09.1"},{"timestamp":"2026-09-14T00:33:53.100Z","computer":"srv-122","event_id":4634,"record_id":100753,"user":"employee-133","source_ip":"10.11.3.11","target":"logon-session","logon_type":2,"change_ticket":"","result":"success","channel":"Security","provider":"Microsoft-Windows-Security-Auditing","logon_id":"2c2ba1ccb421a8dc","process_id":23329,"image_path":"","run_as":"","publisher":"","update_state":"installed","agent_build":"2026.09.2"},{"timestamp":"2026-09-14T00:33:55.800Z","computer":"srv-115","event_id":4688,"record_id":100754,"user":"deployment-admin","source_ip":"10.11.2.24","target":"logon-session","logon_type":null,"change_ticket":"","result":"success","channel":"Security","provider":"Microsoft-Windows-Security-Auditing","logon_id":"2c2ba1ccb421a8dc","process_id":16832,"image_path":"C:/Program Files/ApprovedAgent/agent.exe","run_as":"","publisher":"Approved Software Team","update_state":"installed","agent_build":"2026.09.3"},{"timestamp":"2026-09-14T00:33:58.500Z","computer":"srv-207","event_id":4625,"record_id":100755,"user":"employee-74","source_ip":"10.12.3.16","target":"logon-session","logon_type":10,"change_ticket":"","result":"failure","channel":"Security","provider":"Microsoft-Windows-Security-Auditing","logon_id":"2c2ba1ccb421a8dc","process_id":5216,"image_path":"","run_as":"","publisher":"","update_state":"installed","agent_build":"2026.09.4"},{"timestamp":"2026-09-14T00:34:01.200Z","computer":"srv-191","event_id":4698,"record_id":100756,"user":"employee-51","source_ip":"10.12.2.20","target":"Approved-Maintenance","logon_type":null,"change_ticket":"CHG-DEPLOY-18","result":"success","channel":"Security","provider":"Microsoft-Windows-Security-Auditing","logon_id":"ab8a0cf99dfef9fe","process_id":18931,"image_path":"C:/Program Files/ApprovedAgent/agent.exe","run_as":"svc-agent","publisher":"Approved Software Team","update_state":"installed","agent_build":"2026.09.1"},{"timestamp":"2026-09-14T00:34:03.900Z","computer":"srv-187","event_id":4728,"record_id":100757,"user":"employee-219","source_ip":"10.12.2.16","target":"Project-Readers","logon_type":null,"change_ticket":"CHG-DEPLOY-18","result":"success","channel":"Security","provider":"Microsoft-Windows-Security-Auditing","logon_id":"ab8a0cf99dfef9fe","process_id":11827,"image_path":"","run_as":"","publisher":"","update_state":"installed","agent_build":"2026.09.2"},{"timestamp":"2026-09-14T00:34:06.600Z","computer":"srv-053","event_id":4697,"record_id":100758,"user":"employee-337","source_ip":"10.10.3.22","target":"ApprovedAgent","logon_type":null,"change_ticket":"CHG-DEPLOY-18","result":"success","channel":"Security","provider":"Microsoft-Windows-Security-Auditing","logon_id":"ab8a0cf99dfef9fe","process_id":17145,"image_path":"C:/Program Files/ApprovedAgent/agent.exe","run_as":"svc-agent","publisher":"Approved Software Team","update_state":"installed","agent_build":"2026.09.3"},{"timestamp":"2026-09-14T00:34:09.300Z","computer":"srv-183","event_id":4624,"record_id":100759,"user":"employee-445","source_ip":"10.12.2.12","target":"logon-session","logon_type":2,"change_ticket":"","result":"success","channel":"Security","provider":"Microsoft-Windows-Security-Auditing","logon_id":"ab8a0cf99dfef9fe","process_id":8779,"image_path":"","run_as":"","publisher":"","update_state":"installed","agent_build":"2026.09.4"},{"timestamp":"2026-09-14T00:34:12.000Z","computer":"srv-216","event_id":4624,"record_id":100760,"user":"employee-10","source_ip":"10.12.3.25","target":"logon-session","logon_type":3,"change_ticket":"","result":"success","channel":"Security","provider":"Microsoft-Windows-Security-Auditing","logon_id":"92eb50d7e37080bf","process_id":12534,"image_path":"","run_as":"","publisher":"","update_state":"installed","agent_build":"2026.09.1"},{"timestamp":"2026-09-14T00:34:14.700Z","computer":"srv-233","event_id":4634,"record_id":100761,"user":"employee-337","source_ip":"10.12.4.22","target":"logon-session","logon_type":10,"change_ticket":"","result":"success","channel":"Security","provider":"Microsoft-Windows-Security-Auditing","logon_id":"92eb50d7e37080bf","process_id":22148,"image_path":"","run_as":"","publisher":"","update_state":"installed","agent_build":"2026.09.2"},{"timestamp":"2026-09-14T00:34:17.400Z","computer":"srv-066","event_id":4688,"record_id":100762,"user":"employee-38","source_ip":"10.10.4.15","target":"logon-session","logon_type":null,"change_ticket":"","result":"success","channel":"Security","provider":"Microsoft-Windows-Security-Auditing","logon_id":"92eb50d7e37080bf","process_id":24391,"image_path":"C:/Program Files/ApprovedAgent/agent.exe","run_as":"","publisher":"Approved Software Team","update_state":"installed","agent_build":"2026.09.3"},{"timestamp":"2026-09-14T00:34:20.100Z","computer":"srv-134","event_id":4625,"record_id":100763,"user":"employee-417","source_ip":"10.11.3.23","target":"logon-session","logon_type":3,"change_ticket":"","result":"failure","channel":"Security","provider":"Microsoft-Windows-Security-Auditing","logon_id":"92eb50d7e37080bf","process_id":4881,"image_path":"","run_as":"","publisher":"","update_state":"installed","agent_build":"2026.09.4"},{"timestamp":"2026-09-14T00:34:22.800Z","computer":"srv-194","event_id":4698,"record_id":100764,"user":"employee-266","source_ip":"10.12.2.23","target":"Approved-Maintenance","logon_type":null,"change_ticket":"CHG-DEPLOY-18","result":"success","channel":"Security","provider":"Microsoft-Windows-Security-Auditing","logon_id":"f4cfd0db1ec00214","process_id":11513,"image_path":"C:/Program Files/ApprovedAgent/agent.exe","run_as":"svc-agent","publisher":"Approved Software Team","update_state":"installed","agent_build":"2026.09.1"},{"timestamp":"2026-09-14T00:34:25.500Z","computer":"srv-209","event_id":4728,"record_id":100765,"user":"employee-21","source_ip":"10.12.3.18","target":"Project-Readers","logon_type":null,"change_ticket":"CHG-DEPLOY-18","result":"success","channel":"Security","provider":"Microsoft-Windows-Security-Auditing","logon_id":"f4cfd0db1ec00214","process_id":7671,"image_path":"","run_as":"","publisher":"","update_state":"installed","agent_build":"2026.09.2"},{"timestamp":"2026-09-14T00:34:28.200Z","computer":"srv-198","event_id":4697,"record_id":100766,"user":"employee-3","source_ip":"10.12.2.27","target":"ApprovedAgent","logon_type":null,"change_ticket":"CHG-DEPLOY-18","result":"success","channel":"Security","provider":"Microsoft-Windows-Security-Auditing","logon_id":"f4cfd0db1ec00214","process_id":15960,"image_path":"C:/Program Files/ApprovedAgent/agent.exe","run_as":"svc-agent","publisher":"Approved Software Team","update_state":"installed","agent_build":"2026.09.3"},{"timestamp":"2026-09-14T00:34:30.900Z","computer":"srv-201","event_id":4624,"record_id":100767,"user":"deployment-admin","source_ip":"10.12.3.10","target":"logon-session","logon_type":10,"change_ticket":"","result":"success","channel":"Security","provider":"Microsoft-Windows-Security-Auditing","logon_id":"f4cfd0db1ec00214","process_id":13179,"image_path":"","run_as":"","publisher":"","update_state":"no-report","agent_build":"2026.09.4"},{"timestamp":"2026-09-14T00:34:33.600Z","computer":"srv-013","event_id":4624,"record_id":100768,"user":"employee-304","source_ip":"10.10.1.22","target":"logon-session","logon_type":2,"change_ticket":"","result":"success","channel":"Security","provider":"Microsoft-Windows-Security-Auditing","logon_id":"4ac6fc70bea71486","process_id":4044,"image_path":"","run_as":"","publisher":"","update_state":"installed","agent_build":"2026.09.1"},{"timestamp":"2026-09-14T00:34:36.300Z","computer":"srv-130","event_id":4634,"record_id":100769,"user":"employee-18","source_ip":"10.11.3.19","target":"logon-session","logon_type":3,"change_ticket":"","result":"success","channel":"Security","provider":"Microsoft-Windows-Security-Auditing","logon_id":"4ac6fc70bea71486","process_id":3929,"image_path":"","run_as":"","publisher":"","update_state":"installed","agent_build":"2026.09.2"},{"timestamp":"2026-09-14T00:34:39.000Z","computer":"srv-025","event_id":4688,"record_id":100770,"user":"employee-62","source_ip":"10.10.2.14","target":"logon-session","logon_type":null,"change_ticket":"","result":"success","channel":"Security","provider":"Microsoft-Windows-Security-Auditing","logon_id":"4ac6fc70bea71486","process_id":3012,"image_path":"C:/Program Files/ApprovedAgent/agent.exe","run_as":"","publisher":"Approved Software Team","update_state":"installed","agent_build":"2026.09.3"},{"timestamp":"2026-09-14T00:34:41.700Z","computer":"srv-171","event_id":4625,"record_id":100771,"user":"employee-21","source_ip":"10.12.1.20","target":"logon-session","logon_type":2,"change_ticket":"","result":"failure","channel":"Security","provider":"Microsoft-Windows-Security-Auditing","logon_id":"4ac6fc70bea71486","process_id":14782,"image_path":"","run_as":"","publisher":"","update_state":"installed","agent_build":"2026.09.4"},{"timestamp":"2026-09-14T00:34:44.400Z","computer":"srv-015","event_id":4698,"record_id":100772,"user":"employee-51","source_ip":"10.10.1.24","target":"Approved-Maintenance","logon_type":null,"change_ticket":"CHG-DEPLOY-18","result":"success","channel":"Security","provider":"Microsoft-Windows-Security-Auditing","logon_id":"2876633f39d4c867","process_id":4715,"image_path":"C:/Program Files/ApprovedAgent/agent.exe","run_as":"svc-agent","publisher":"Approved Software Team","update_state":"installed","agent_build":"2026.09.1"},{"timestamp":"2026-09-14T00:34:47.100Z","computer":"srv-128","event_id":4728,"record_id":100773,"user":"employee-322","source_ip":"10.11.3.17","target":"Project-Readers","logon_type":null,"change_ticket":"CHG-DEPLOY-18","result":"success","channel":"Security","provider":"Microsoft-Windows-Security-Auditing","logon_id":"2876633f39d4c867","process_id":1699,"image_path":"","run_as":"","publisher":"","update_state":"installed","agent_build":"2026.09.2"},{"timestamp":"2026-09-14T00:34:49.800Z","computer":"srv-240","event_id":4697,"record_id":100774,"user":"employee-93","source_ip":"10.12.4.29","target":"ApprovedAgent","logon_type":null,"change_ticket":"CHG-DEPLOY-18","result":"success","channel":"Security","provider":"Microsoft-Windows-Security-Auditing","logon_id":"2876633f39d4c867","process_id":7321,"image_path":"C:/Program Files/ApprovedAgent/agent.exe","run_as":"svc-agent","publisher":"Approved Software Team","update_state":"installed","agent_build":"2026.09.3"},{"timestamp":"2026-09-14T00:34:52.500Z","computer":"srv-052","event_id":4624,"record_id":100775,"user":"employee-450","source_ip":"10.10.3.21","target":"logon-session","logon_type":3,"change_ticket":"","result":"success","channel":"Security","provider":"Microsoft-Windows-Security-Auditing","logon_id":"2876633f39d4c867","process_id":23102,"image_path":"","run_as":"","publisher":"","update_state":"restart-pending","agent_build":"2026.09.4"},{"timestamp":"2026-09-14T00:34:55.200Z","computer":"srv-191","event_id":4624,"record_id":100776,"user":"employee-416","source_ip":"10.12.2.20","target":"logon-session","logon_type":10,"change_ticket":"","result":"success","channel":"Security","provider":"Microsoft-Windows-Security-Auditing","logon_id":"d5794687ea46878a","process_id":12546,"image_path":"","run_as":"","publisher":"","update_state":"installed","agent_build":"2026.09.1"},{"timestamp":"2026-09-14T00:34:57.900Z","computer":"srv-021","event_id":4634,"record_id":100777,"user":"employee-282","source_ip":"10.10.2.10","target":"logon-session","logon_type":2,"change_ticket":"","result":"success","channel":"Security","provider":"Microsoft-Windows-Security-Auditing","logon_id":"d5794687ea46878a","process_id":6864,"image_path":"","run_as":"","publisher":"","update_state":"installed","agent_build":"2026.09.2"},{"timestamp":"2026-09-14T00:35:00.600Z","computer":"srv-015","event_id":4688,"record_id":100778,"user":"employee-176","source_ip":"10.10.1.24","target":"logon-session","logon_type":null,"change_ticket":"","result":"success","channel":"Security","provider":"Microsoft-Windows-Security-Auditing","logon_id":"d5794687ea46878a","process_id":6640,"image_path":"C:/Program Files/ApprovedAgent/agent.exe","run_as":"","publisher":"Approved Software Team","update_state":"installed","agent_build":"2026.09.3"},{"timestamp":"2026-09-14T00:35:03.300Z","computer":"srv-185","event_id":4625,"record_id":100779,"user":"employee-206","source_ip":"10.12.2.14","target":"logon-session","logon_type":10,"change_ticket":"","result":"failure","channel":"Security","provider":"Microsoft-Windows-Security-Auditing","logon_id":"d5794687ea46878a","process_id":13378,"image_path":"","run_as":"","publisher":"","update_state":"installed","agent_build":"2026.09.4"},{"timestamp":"2026-09-14T00:35:06.000Z","computer":"srv-042","event_id":4698,"record_id":100780,"user":"deployment-admin","source_ip":"10.10.3.11","target":"Approved-Maintenance","logon_type":null,"change_ticket":"CHG-DEPLOY-18","result":"success","channel":"Security","provider":"Microsoft-Windows-Security-Auditing","logon_id":"39b53cfb10946365","process_id":1805,"image_path":"C:/Program Files/ApprovedAgent/agent.exe","run_as":"svc-agent","publisher":"Approved Software Team","update_state":"installed","agent_build":"2026.09.1"},{"timestamp":"2026-09-14T00:35:08.700Z","computer":"srv-163","event_id":4728,"record_id":100781,"user":"employee-211","source_ip":"10.12.1.12","target":"Project-Readers","logon_type":null,"change_ticket":"CHG-DEPLOY-18","result":"success","channel":"Security","provider":"Microsoft-Windows-Security-Auditing","logon_id":"39b53cfb10946365","process_id":13107,"image_path":"","run_as":"","publisher":"","update_state":"installed","agent_build":"2026.09.2"},{"timestamp":"2026-09-14T00:35:11.400Z","computer":"srv-180","event_id":4697,"record_id":100782,"user":"employee-285","source_ip":"10.12.1.29","target":"ApprovedAgent","logon_type":null,"change_ticket":"CHG-DEPLOY-18","result":"success","channel":"Security","provider":"Microsoft-Windows-Security-Auditing","logon_id":"39b53cfb10946365","process_id":7153,"image_path":"C:/Program Files/ApprovedAgent/agent.exe","run_as":"svc-agent","publisher":"Approved Software Team","update_state":"installed","agent_build":"2026.09.3"},{"timestamp":"2026-09-14T00:35:14.100Z","computer":"srv-094","event_id":4624,"record_id":100783,"user":"employee-447","source_ip":"10.11.1.23","target":"logon-session","logon_type":2,"change_ticket":"","result":"success","channel":"Security","provider":"Microsoft-Windows-Security-Auditing","logon_id":"39b53cfb10946365","process_id":24909,"image_path":"","run_as":"","publisher":"","update_state":"installed","agent_build":"2026.09.4"},{"timestamp":"2026-09-14T00:35:16.800Z","computer":"srv-131","event_id":4624,"record_id":100784,"user":"employee-102","source_ip":"10.11.3.20","target":"logon-session","logon_type":3,"change_ticket":"","result":"success","channel":"Security","provider":"Microsoft-Windows-Security-Auditing","logon_id":"36755c0b9042e14c","process_id":18809,"image_path":"","run_as":"","publisher":"","update_state":"installed","agent_build":"2026.09.1"},{"timestamp":"2026-09-14T00:35:19.500Z","computer":"srv-220","event_id":4634,"record_id":100785,"user":"employee-345","source_ip":"10.12.3.29","target":"logon-session","logon_type":10,"change_ticket":"","result":"success","channel":"Security","provider":"Microsoft-Windows-Security-Auditing","logon_id":"36755c0b9042e14c","process_id":9153,"image_path":"","run_as":"","publisher":"","update_state":"installed","agent_build":"2026.09.2"},{"timestamp":"2026-09-14T00:35:22.200Z","computer":"srv-039","event_id":4688,"record_id":100786,"user":"employee-269","source_ip":"10.10.2.28","target":"logon-session","logon_type":null,"change_ticket":"","result":"success","channel":"Security","provider":"Microsoft-Windows-Security-Auditing","logon_id":"36755c0b9042e14c","process_id":5809,"image_path":"C:/Program Files/ApprovedAgent/agent.exe","run_as":"","publisher":"Approved Software Team","update_state":"installed","agent_build":"2026.09.3"},{"timestamp":"2026-09-14T00:35:24.900Z","computer":"srv-134","event_id":4625,"record_id":100787,"user":"employee-248","source_ip":"10.11.3.23","target":"logon-session","logon_type":3,"change_ticket":"","result":"failure","channel":"Security","provider":"Microsoft-Windows-Security-Auditing","logon_id":"36755c0b9042e14c","process_id":13341,"image_path":"","run_as":"","publisher":"","update_state":"installed","agent_build":"2026.09.4"},{"timestamp":"2026-09-14T00:35:27.600Z","computer":"srv-036","event_id":4698,"record_id":100788,"user":"employee-218","source_ip":"10.10.2.25","target":"Approved-Maintenance","logon_type":null,"change_ticket":"CHG-DEPLOY-18","result":"success","channel":"Security","provider":"Microsoft-Windows-Security-Auditing","logon_id":"bdaf0b415704b5e9","process_id":10772,"image_path":"C:/Program Files/ApprovedAgent/agent.exe","run_as":"svc-agent","publisher":"Approved Software Team","update_state":"installed","agent_build":"2026.09.1"},{"timestamp":"2026-09-14T00:35:30.300Z","computer":"srv-164","event_id":4728,"record_id":100789,"user":"employee-13","source_ip":"10.12.1.13","target":"Project-Readers","logon_type":null,"change_ticket":"CHG-DEPLOY-18","result":"success","channel":"Security","provider":"Microsoft-Windows-Security-Auditing","logon_id":"bdaf0b415704b5e9","process_id":7499,"image_path":"","run_as":"","publisher":"","update_state":"installed","agent_build":"2026.09.2"},{"timestamp":"2026-09-14T00:35:33.000Z","computer":"srv-210","event_id":4697,"record_id":100790,"user":"employee-186","source_ip":"10.12.3.19","target":"ApprovedAgent","logon_type":null,"change_ticket":"CHG-DEPLOY-18","result":"success","channel":"Security","provider":"Microsoft-Windows-Security-Auditing","logon_id":"bdaf0b415704b5e9","process_id":24281,"image_path":"C:/Program Files/ApprovedAgent/agent.exe","run_as":"svc-agent","publisher":"Approved Software Team","update_state":"installed","agent_build":"2026.09.3"},{"timestamp":"2026-09-14T00:35:35.700Z","computer":"srv-178","event_id":4624,"record_id":100791,"user":"employee-59","source_ip":"10.12.1.27","target":"logon-session","logon_type":10,"change_ticket":"","result":"success","channel":"Security","provider":"Microsoft-Windows-Security-Auditing","logon_id":"bdaf0b415704b5e9","process_id":11679,"image_path":"","run_as":"","publisher":"","update_state":"installed","agent_build":"2026.09.4"},{"timestamp":"2026-09-14T00:35:38.400Z","computer":"srv-071","event_id":4624,"record_id":100792,"user":"employee-479","source_ip":"10.10.4.20","target":"logon-session","logon_type":2,"change_ticket":"","result":"success","channel":"Security","provider":"Microsoft-Windows-Security-Auditing","logon_id":"7a5f6eb34272860e","process_id":7478,"image_path":"","run_as":"","publisher":"","update_state":"installed","agent_build":"2026.09.1"},{"timestamp":"2026-09-14T00:35:41.100Z","computer":"srv-211","event_id":4634,"record_id":100793,"user":"deployment-admin","source_ip":"10.12.3.20","target":"logon-session","logon_type":3,"change_ticket":"","result":"success","channel":"Security","provider":"Microsoft-Windows-Security-Auditing","logon_id":"7a5f6eb34272860e","process_id":11098,"image_path":"","run_as":"","publisher":"","update_state":"installed","agent_build":"2026.09.2"},{"timestamp":"2026-09-14T00:35:43.800Z","computer":"srv-240","event_id":4688,"record_id":100794,"user":"employee-253","source_ip":"10.12.4.29","target":"logon-session","logon_type":null,"change_ticket":"","result":"success","channel":"Security","provider":"Microsoft-Windows-Security-Auditing","logon_id":"7a5f6eb34272860e","process_id":8286,"image_path":"C:/Program Files/ApprovedAgent/agent.exe","run_as":"","publisher":"Approved Software Team","update_state":"installed","agent_build":"2026.09.3"},{"timestamp":"2026-09-14T00:35:46.500Z","computer":"srv-118","event_id":4625,"record_id":100795,"user":"employee-244","source_ip":"10.11.2.27","target":"logon-session","logon_type":2,"change_ticket":"","result":"failure","channel":"Security","provider":"Microsoft-Windows-Security-Auditing","logon_id":"7a5f6eb34272860e","process_id":22270,"image_path":"","run_as":"","publisher":"","update_state":"installed","agent_build":"2026.09.4"},{"timestamp":"2026-09-14T00:35:49.200Z","computer":"srv-069","event_id":4698,"record_id":100796,"user":"employee-227","source_ip":"10.10.4.18","target":"Approved-Maintenance","logon_type":null,"change_ticket":"CHG-DEPLOY-18","result":"success","channel":"Security","provider":"Microsoft-Windows-Security-Auditing","logon_id":"4ec2115f1f8772fe","process_id":9859,"image_path":"C:/Program Files/ApprovedAgent/agent.exe","run_as":"svc-agent","publisher":"Approved Software Team","update_state":"installed","agent_build":"2026.09.1"},{"timestamp":"2026-09-14T00:35:51.900Z","computer":"srv-238","event_id":4728,"record_id":100797,"user":"employee-109","source_ip":"10.12.4.27","target":"Project-Readers","logon_type":null,"change_ticket":"CHG-DEPLOY-18","result":"success","channel":"Security","provider":"Microsoft-Windows-Security-Auditing","logon_id":"4ec2115f1f8772fe","process_id":7852,"image_path":"","run_as":"","publisher":"","update_state":"installed","agent_build":"2026.09.2"},{"timestamp":"2026-09-14T00:35:54.600Z","computer":"srv-092","event_id":4697,"record_id":100798,"user":"employee-184","source_ip":"10.11.1.21","target":"ApprovedAgent","logon_type":null,"change_ticket":"CHG-DEPLOY-18","result":"success","channel":"Security","provider":"Microsoft-Windows-Security-Auditing","logon_id":"4ec2115f1f8772fe","process_id":20549,"image_path":"C:/Program Files/ApprovedAgent/agent.exe","run_as":"svc-agent","publisher":"Approved Software Team","update_state":"installed","agent_build":"2026.09.3"},{"timestamp":"2026-09-14T00:35:57.300Z","computer":"srv-141","event_id":4624,"record_id":100799,"user":"employee-329","source_ip":"10.11.4.10","target":"logon-session","logon_type":3,"change_ticket":"","result":"success","channel":"Security","provider":"Microsoft-Windows-Security-Auditing","logon_id":"4ec2115f1f8772fe","process_id":14021,"image_path":"","run_as":"","publisher":"","update_state":"failed","agent_build":"2026.09.4"},{"timestamp":"2026-09-14T00:36:00.000Z","computer":"win-admin-21","event_id":4625,"record_id":100800,"user":"ops-review","source_ip":"198.51.100.77","target":"logon-session","logon_type":10,"change_ticket":"","result":"failure","channel":"Security","provider":"Microsoft-Windows-Security-Auditing","logon_id":"335e6329bbcbf35d","process_id":21162,"image_path":"","run_as":"","publisher":"","update_state":"installed","agent_build":"2026.09.1"},{"timestamp":"2026-09-14T00:36:02.700Z","computer":"win-admin-21","event_id":4625,"record_id":100801,"user":"ops-review","source_ip":"198.51.100.77","target":"logon-session","logon_type":10,"change_ticket":"","result":"failure","channel":"Security","provider":"Microsoft-Windows-Security-Auditing","logon_id":"335e6329bbcbf35d","process_id":5607,"image_path":"","run_as":"","publisher":"","update_state":"installed","agent_build":"2026.09.2"},{"timestamp":"2026-09-14T00:36:05.400Z","computer":"win-admin-21","event_id":4625,"record_id":100802,"user":"ops-review","source_ip":"198.51.100.77","target":"logon-session","logon_type":10,"change_ticket":"","result":"failure","channel":"Security","provider":"Microsoft-Windows-Security-Auditing","logon_id":"335e6329bbcbf35d","process_id":20775,"image_path":"","run_as":"","publisher":"","update_state":"installed","agent_build":"2026.09.3"},{"timestamp":"2026-09-14T00:36:08.100Z","computer":"win-admin-21","event_id":4624,"record_id":100803,"user":"ops-review","source_ip":"198.51.100.77","target":"logon-session","logon_type":10,"change_ticket":"","result":"success","channel":"Security","provider":"Microsoft-Windows-Security-Auditing","logon_id":"335e6329bbcbf35d","process_id":3782,"image_path":"","run_as":"","publisher":"","update_state":"installed","agent_build":"2026.09.4"},{"timestamp":"2026-09-14T00:36:10.800Z","computer":"win-admin-21","event_id":4728,"record_id":100804,"user":"ops-review","source_ip":"198.51.100.77","target":"Domain Admins","logon_type":null,"change_ticket":"","result":"success","channel":"Security","provider":"Microsoft-Windows-Security-Auditing","logon_id":"335e6329bbcbf35d","process_id":7501,"image_path":"","run_as":"","publisher":"","update_state":"installed","agent_build":"2026.09.1"},{"timestamp":"2026-09-14T00:36:13.500Z","computer":"win-admin-21","event_id":4698,"record_id":100805,"user":"ops-review","source_ip":"198.51.100.77","target":"UserCache-Maintenance","logon_type":null,"change_ticket":"","result":"success","channel":"Security","provider":"Microsoft-Windows-Security-Auditing","logon_id":"335e6329bbcbf35d","process_id":24237,"image_path":"C:/Users/ops-review/AppData/Local/Cache/worker.exe","run_as":"LocalSystem","publisher":"unverified","update_state":"installed","agent_build":"2026.09.2"},{"timestamp":"2026-09-14T00:36:16.200Z","computer":"win-admin-21","event_id":4697,"record_id":100806,"user":"ops-review","source_ip":"198.51.100.77","target":"DocumentCacheSvc","logon_type":null,"change_ticket":"","result":"success","channel":"Security","provider":"Microsoft-Windows-Security-Auditing","logon_id":"335e6329bbcbf35d","process_id":7756,"image_path":"C:/Users/ops-review/AppData/Local/Cache/worker.exe","run_as":"LocalSystem","publisher":"unverified","update_state":"restart-pending","agent_build":"2026.09.3"},{"timestamp":"2026-09-14T00:36:18.900Z","computer":"win-admin-21","event_id":1102,"record_id":100807,"user":"ops-review","source_ip":"198.51.100.77","target":"Security log","logon_type":null,"change_ticket":"","result":"success","channel":"Security","provider":"Microsoft-Windows-Eventlog","logon_id":"335e6329bbcbf35d","process_id":13985,"image_path":"","run_as":"","publisher":"","update_state":"installed","agent_build":"2026.09.4"},{"timestamp":"2026-09-14T00:36:21.600Z","computer":"win-admin-21","event_id":4634,"record_id":100808,"user":"ops-review","source_ip":"198.51.100.77","target":"logon-session","logon_type":10,"change_ticket":"","result":"success","channel":"Security","provider":"Microsoft-Windows-Security-Auditing","logon_id":"335e6329bbcbf35d","process_id":17828,"image_path":"","run_as":"","publisher":"","update_state":"installed","agent_build":"2026.09.1"},{"timestamp":"2026-09-14T00:36:24.300Z","computer":"srv-154","event_id":4634,"record_id":100809,"user":"employee-150","source_ip":"10.11.4.23","target":"logon-session","logon_type":10,"change_ticket":"","result":"success","channel":"Security","provider":"Microsoft-Windows-Security-Auditing","logon_id":"52ad2c871503eb32","process_id":8581,"image_path":"","run_as":"","publisher":"","update_state":"installed","agent_build":"2026.09.2"},{"timestamp":"2026-09-14T00:36:27.000Z","computer":"srv-123","event_id":4688,"record_id":100810,"user":"employee-250","source_ip":"10.11.3.12","target":"logon-session","logon_type":null,"change_ticket":"","result":"success","channel":"Security","provider":"Microsoft-Windows-Security-Auditing","logon_id":"52ad2c871503eb32","process_id":15901,"image_path":"C:/Program Files/ApprovedAgent/agent.exe","run_as":"","publisher":"Approved Software Team","update_state":"installed","agent_build":"2026.09.3"},{"timestamp":"2026-09-14T00:36:29.700Z","computer":"srv-101","event_id":4625,"record_id":100811,"user":"employee-51","source_ip":"10.11.2.10","target":"logon-session","logon_type":3,"change_ticket":"","result":"failure","channel":"Security","provider":"Microsoft-Windows-Security-Auditing","logon_id":"52ad2c871503eb32","process_id":23750,"image_path":"","run_as":"","publisher":"","update_state":"installed","agent_build":"2026.09.4"},{"timestamp":"2026-09-14T00:36:32.400Z","computer":"srv-222","event_id":4698,"record_id":100812,"user":"employee-473","source_ip":"10.12.4.11","target":"Approved-Maintenance","logon_type":null,"change_ticket":"CHG-DEPLOY-18","result":"success","channel":"Security","provider":"Microsoft-Windows-Security-Auditing","logon_id":"7af69e3a6e0d1af5","process_id":10995,"image_path":"C:/Program Files/ApprovedAgent/agent.exe","run_as":"svc-agent","publisher":"Approved Software Team","update_state":"installed","agent_build":"2026.09.1"},{"timestamp":"2026-09-14T00:36:35.100Z","computer":"srv-160","event_id":4728,"record_id":100813,"user":"employee-206","source_ip":"10.11.4.29","target":"Project-Readers","logon_type":null,"change_ticket":"CHG-DEPLOY-18","result":"success","channel":"Security","provider":"Microsoft-Windows-Security-Auditing","logon_id":"7af69e3a6e0d1af5","process_id":6947,"image_path":"","run_as":"","publisher":"","update_state":"installed","agent_build":"2026.09.2"},{"timestamp":"2026-09-14T00:36:37.800Z","computer":"srv-112","event_id":4697,"record_id":100814,"user":"employee-352","source_ip":"10.11.2.21","target":"ApprovedAgent","logon_type":null,"change_ticket":"CHG-DEPLOY-18","result":"success","channel":"Security","provider":"Microsoft-Windows-Security-Auditing","logon_id":"7af69e3a6e0d1af5","process_id":2677,"image_path":"C:/Program Files/ApprovedAgent/agent.exe","run_as":"svc-agent","publisher":"Approved Software Team","update_state":"installed","agent_build":"2026.09.3"},{"timestamp":"2026-09-14T00:36:40.500Z","computer":"srv-066","event_id":4624,"record_id":100815,"user":"employee-176","source_ip":"10.10.4.15","target":"logon-session","logon_type":10,"change_ticket":"","result":"success","channel":"Security","provider":"Microsoft-Windows-Security-Auditing","logon_id":"7af69e3a6e0d1af5","process_id":5619,"image_path":"","run_as":"","publisher":"","update_state":"installed","agent_build":"2026.09.4"},{"timestamp":"2026-09-14T00:36:43.200Z","computer":"srv-106","event_id":4624,"record_id":100816,"user":"employee-114","source_ip":"10.11.2.15","target":"logon-session","logon_type":2,"change_ticket":"","result":"success","channel":"Security","provider":"Microsoft-Windows-Security-Auditing","logon_id":"66415e287745de36","process_id":19299,"image_path":"","run_as":"","publisher":"","update_state":"installed","agent_build":"2026.09.1"},{"timestamp":"2026-09-14T00:36:45.900Z","computer":"srv-224","event_id":4634,"record_id":100817,"user":"employee-363","source_ip":"10.12.4.13","target":"logon-session","logon_type":3,"change_ticket":"","result":"success","channel":"Security","provider":"Microsoft-Windows-Security-Auditing","logon_id":"66415e287745de36","process_id":25160,"image_path":"","run_as":"","publisher":"","update_state":"installed","agent_build":"2026.09.2"},{"timestamp":"2026-09-14T00:36:48.600Z","computer":"srv-117","event_id":4688,"record_id":100818,"user":"employee-26","source_ip":"10.11.2.26","target":"logon-session","logon_type":null,"change_ticket":"","result":"success","channel":"Security","provider":"Microsoft-Windows-Security-Auditing","logon_id":"66415e287745de36","process_id":8028,"image_path":"C:/Program Files/ApprovedAgent/agent.exe","run_as":"","publisher":"Approved Software Team","update_state":"installed","agent_build":"2026.09.3"},{"timestamp":"2026-09-14T00:36:51.300Z","computer":"srv-016","event_id":4625,"record_id":100819,"user":"deployment-admin","source_ip":"10.10.1.25","target":"logon-session","logon_type":2,"change_ticket":"","result":"failure","channel":"Security","provider":"Microsoft-Windows-Security-Auditing","logon_id":"66415e287745de36","process_id":17934,"image_path":"","run_as":"","publisher":"","update_state":"installed","agent_build":"2026.09.4"},{"timestamp":"2026-09-14T00:36:54.000Z","computer":"srv-158","event_id":4698,"record_id":100820,"user":"employee-187","source_ip":"10.11.4.27","target":"Approved-Maintenance","logon_type":null,"change_ticket":"CHG-DEPLOY-18","result":"success","channel":"Security","provider":"Microsoft-Windows-Security-Auditing","logon_id":"4b1b8637f8eda1c6","process_id":6893,"image_path":"C:/Program Files/ApprovedAgent/agent.exe","run_as":"svc-agent","publisher":"Approved Software Team","update_state":"installed","agent_build":"2026.09.1"},{"timestamp":"2026-09-14T00:36:56.700Z","computer":"srv-172","event_id":4728,"record_id":100821,"user":"employee-221","source_ip":"10.12.1.21","target":"Project-Readers","logon_type":null,"change_ticket":"CHG-DEPLOY-18","result":"success","channel":"Security","provider":"Microsoft-Windows-Security-Auditing","logon_id":"4b1b8637f8eda1c6","process_id":1942,"image_path":"","run_as":"","publisher":"","update_state":"installed","agent_build":"2026.09.2"},{"timestamp":"2026-09-14T00:36:59.400Z","computer":"srv-173","event_id":4697,"record_id":100822,"user":"employee-433","source_ip":"10.12.1.22","target":"ApprovedAgent","logon_type":null,"change_ticket":"CHG-DEPLOY-18","result":"success","channel":"Security","provider":"Microsoft-Windows-Security-Auditing","logon_id":"4b1b8637f8eda1c6","process_id":23385,"image_path":"C:/Program Files/ApprovedAgent/agent.exe","run_as":"svc-agent","publisher":"Approved Software Team","update_state":"installed","agent_build":"2026.09.3"},{"timestamp":"2026-09-14T00:37:02.100Z","computer":"srv-114","event_id":4624,"record_id":100823,"user":"employee-430","source_ip":"10.11.2.23","target":"logon-session","logon_type":3,"change_ticket":"","result":"success","channel":"Security","provider":"Microsoft-Windows-Security-Auditing","logon_id":"4b1b8637f8eda1c6","process_id":21558,"image_path":"","run_as":"","publisher":"","update_state":"installed","agent_build":"2026.09.4"},{"timestamp":"2026-09-14T00:37:04.800Z","computer":"srv-202","event_id":4624,"record_id":100824,"user":"employee-446","source_ip":"10.12.3.11","target":"logon-session","logon_type":10,"change_ticket":"","result":"success","channel":"Security","provider":"Microsoft-Windows-Security-Auditing","logon_id":"90da8f6780735cdb","process_id":12889,"image_path":"","run_as":"","publisher":"","update_state":"installed","agent_build":"2026.09.1"},{"timestamp":"2026-09-14T00:37:07.500Z","computer":"srv-240","event_id":4634,"record_id":100825,"user":"employee-252","source_ip":"10.12.4.29","target":"logon-session","logon_type":2,"change_ticket":"","result":"success","channel":"Security","provider":"Microsoft-Windows-Security-Auditing","logon_id":"90da8f6780735cdb","process_id":7805,"image_path":"","run_as":"","publisher":"","update_state":"installed","agent_build":"2026.09.2"},{"timestamp":"2026-09-14T00:37:10.200Z","computer":"srv-209","event_id":4688,"record_id":100826,"user":"employee-461","source_ip":"10.12.3.18","target":"logon-session","logon_type":null,"change_ticket":"","result":"success","channel":"Security","provider":"Microsoft-Windows-Security-Auditing","logon_id":"90da8f6780735cdb","process_id":9131,"image_path":"C:/Program Files/ApprovedAgent/agent.exe","run_as":"","publisher":"Approved Software Team","update_state":"no-report","agent_build":"2026.09.3"},{"timestamp":"2026-09-14T00:37:12.900Z","computer":"srv-029","event_id":4625,"record_id":100827,"user":"employee-472","source_ip":"10.10.2.18","target":"logon-session","logon_type":10,"change_ticket":"","result":"failure","channel":"Security","provider":"Microsoft-Windows-Security-Auditing","logon_id":"90da8f6780735cdb","process_id":1090,"image_path":"","run_as":"","publisher":"","update_state":"installed","agent_build":"2026.09.4"},{"timestamp":"2026-09-14T00:37:15.600Z","computer":"srv-097","event_id":4698,"record_id":100828,"user":"employee-399","source_ip":"10.11.1.26","target":"Approved-Maintenance","logon_type":null,"change_ticket":"CHG-DEPLOY-18","result":"success","channel":"Security","provider":"Microsoft-Windows-Security-Auditing","logon_id":"a0b9cb60ab0870b5","process_id":22082,"image_path":"C:/Program Files/ApprovedAgent/agent.exe","run_as":"svc-agent","publisher":"Approved Software Team","update_state":"installed","agent_build":"2026.09.1"},{"timestamp":"2026-09-14T00:37:18.300Z","computer":"srv-240","event_id":4728,"record_id":100829,"user":"employee-141","source_ip":"10.12.4.29","target":"Project-Readers","logon_type":null,"change_ticket":"CHG-DEPLOY-18","result":"success","channel":"Security","provider":"Microsoft-Windows-Security-Auditing","logon_id":"a0b9cb60ab0870b5","process_id":1940,"image_path":"","run_as":"","publisher":"","update_state":"installed","agent_build":"2026.09.2"},{"timestamp":"2026-09-14T00:37:21.000Z","computer":"srv-163","event_id":4697,"record_id":100830,"user":"employee-437","source_ip":"10.12.1.12","target":"ApprovedAgent","logon_type":null,"change_ticket":"CHG-DEPLOY-18","result":"success","channel":"Security","provider":"Microsoft-Windows-Security-Auditing","logon_id":"a0b9cb60ab0870b5","process_id":5456,"image_path":"C:/Program Files/ApprovedAgent/agent.exe","run_as":"svc-agent","publisher":"Approved Software Team","update_state":"installed","agent_build":"2026.09.3"},{"timestamp":"2026-09-14T00:37:23.700Z","computer":"srv-200","event_id":4624,"record_id":100831,"user":"employee-315","source_ip":"10.12.2.29","target":"logon-session","logon_type":2,"change_ticket":"","result":"success","channel":"Security","provider":"Microsoft-Windows-Security-Auditing","logon_id":"a0b9cb60ab0870b5","process_id":21124,"image_path":"","run_as":"","publisher":"","update_state":"installed","agent_build":"2026.09.4"},{"timestamp":"2026-09-14T00:37:26.400Z","computer":"srv-240","event_id":4624,"record_id":100832,"user":"deployment-admin","source_ip":"10.12.4.29","target":"logon-session","logon_type":3,"change_ticket":"","result":"success","channel":"Security","provider":"Microsoft-Windows-Security-Auditing","logon_id":"3ec2059317f2f2a1","process_id":1359,"image_path":"","run_as":"","publisher":"","update_state":"installed","agent_build":"2026.09.1"},{"timestamp":"2026-09-14T00:37:29.100Z","computer":"srv-037","event_id":4634,"record_id":100833,"user":"employee-251","source_ip":"10.10.2.26","target":"logon-session","logon_type":10,"change_ticket":"","result":"success","channel":"Security","provider":"Microsoft-Windows-Security-Auditing","logon_id":"3ec2059317f2f2a1","process_id":7787,"image_path":"","run_as":"","publisher":"","update_state":"installed","agent_build":"2026.09.2"},{"timestamp":"2026-09-14T00:37:31.800Z","computer":"srv-108","event_id":4688,"record_id":100834,"user":"employee-182","source_ip":"10.11.2.17","target":"logon-session","logon_type":null,"change_ticket":"","result":"success","channel":"Security","provider":"Microsoft-Windows-Security-Auditing","logon_id":"3ec2059317f2f2a1","process_id":17970,"image_path":"C:/Program Files/ApprovedAgent/agent.exe","run_as":"","publisher":"Approved Software Team","update_state":"installed","agent_build":"2026.09.3"},{"timestamp":"2026-09-14T00:37:34.500Z","computer":"srv-038","event_id":4625,"record_id":100835,"user":"employee-255","source_ip":"10.10.2.27","target":"logon-session","logon_type":3,"change_ticket":"","result":"failure","channel":"Security","provider":"Microsoft-Windows-Security-Auditing","logon_id":"3ec2059317f2f2a1","process_id":1365,"image_path":"","run_as":"","publisher":"","update_state":"installed","agent_build":"2026.09.4"},{"timestamp":"2026-09-14T00:37:37.200Z","computer":"srv-204","event_id":4698,"record_id":100836,"user":"employee-246","source_ip":"10.12.3.13","target":"Approved-Maintenance","logon_type":null,"change_ticket":"CHG-DEPLOY-18","result":"success","channel":"Security","provider":"Microsoft-Windows-Security-Auditing","logon_id":"b3abc3ead9eee8ac","process_id":6059,"image_path":"C:/Program Files/ApprovedAgent/agent.exe","run_as":"svc-agent","publisher":"Approved Software Team","update_state":"installed","agent_build":"2026.09.1"},{"timestamp":"2026-09-14T00:37:39.900Z","computer":"srv-139","event_id":4728,"record_id":100837,"user":"employee-343","source_ip":"10.11.3.28","target":"Project-Readers","logon_type":null,"change_ticket":"CHG-DEPLOY-18","result":"success","channel":"Security","provider":"Microsoft-Windows-Security-Auditing","logon_id":"b3abc3ead9eee8ac","process_id":25306,"image_path":"","run_as":"","publisher":"","update_state":"restart-pending","agent_build":"2026.09.2"},{"timestamp":"2026-09-14T00:37:42.600Z","computer":"srv-090","event_id":4697,"record_id":100838,"user":"employee-139","source_ip":"10.11.1.19","target":"ApprovedAgent","logon_type":null,"change_ticket":"CHG-DEPLOY-18","result":"success","channel":"Security","provider":"Microsoft-Windows-Security-Auditing","logon_id":"b3abc3ead9eee8ac","process_id":15543,"image_path":"C:/Program Files/ApprovedAgent/agent.exe","run_as":"svc-agent","publisher":"Approved Software Team","update_state":"installed","agent_build":"2026.09.3"},{"timestamp":"2026-09-14T00:37:45.300Z","computer":"srv-101","event_id":4624,"record_id":100839,"user":"employee-321","source_ip":"10.11.2.10","target":"logon-session","logon_type":10,"change_ticket":"","result":"success","channel":"Security","provider":"Microsoft-Windows-Security-Auditing","logon_id":"b3abc3ead9eee8ac","process_id":15865,"image_path":"","run_as":"","publisher":"","update_state":"installed","agent_build":"2026.09.4"},{"timestamp":"2026-09-14T00:37:48.000Z","computer":"srv-010","event_id":4624,"record_id":100840,"user":"employee-377","source_ip":"10.10.1.19","target":"logon-session","logon_type":2,"change_ticket":"","result":"success","channel":"Security","provider":"Microsoft-Windows-Security-Auditing","logon_id":"db83050957e1d1df","process_id":21337,"image_path":"","run_as":"","publisher":"","update_state":"installed","agent_build":"2026.09.1"},{"timestamp":"2026-09-14T00:37:50.700Z","computer":"srv-182","event_id":4634,"record_id":100841,"user":"employee-36","source_ip":"10.12.2.11","target":"logon-session","logon_type":3,"change_ticket":"","result":"success","channel":"Security","provider":"Microsoft-Windows-Security-Auditing","logon_id":"db83050957e1d1df","process_id":9845,"image_path":"","run_as":"","publisher":"","update_state":"installed","agent_build":"2026.09.2"},{"timestamp":"2026-09-14T00:37:53.400Z","computer":"srv-164","event_id":4688,"record_id":100842,"user":"employee-262","source_ip":"10.12.1.13","target":"logon-session","logon_type":null,"change_ticket":"","result":"success","channel":"Security","provider":"Microsoft-Windows-Security-Auditing","logon_id":"db83050957e1d1df","process_id":5081,"image_path":"C:/Program Files/ApprovedAgent/agent.exe","run_as":"","publisher":"Approved Software Team","update_state":"installed","agent_build":"2026.09.3"},{"timestamp":"2026-09-14T00:37:56.100Z","computer":"srv-193","event_id":4625,"record_id":100843,"user":"employee-469","source_ip":"10.12.2.22","target":"logon-session","logon_type":2,"change_ticket":"","result":"failure","channel":"Security","provider":"Microsoft-Windows-Security-Auditing","logon_id":"db83050957e1d1df","process_id":9698,"image_path":"","run_as":"","publisher":"","update_state":"installed","agent_build":"2026.09.4"},{"timestamp":"2026-09-14T00:37:58.800Z","computer":"srv-047","event_id":4698,"record_id":100844,"user":"employee-34","source_ip":"10.10.3.16","target":"Approved-Maintenance","logon_type":null,"change_ticket":"CHG-DEPLOY-18","result":"success","channel":"Security","provider":"Microsoft-Windows-Security-Auditing","logon_id":"236ac53ed4a1d925","process_id":7381,"image_path":"C:/Program Files/ApprovedAgent/agent.exe","run_as":"svc-agent","publisher":"Approved Software Team","update_state":"installed","agent_build":"2026.09.1"},{"timestamp":"2026-09-14T00:38:01.500Z","computer":"srv-125","event_id":4728,"record_id":100845,"user":"deployment-admin","source_ip":"10.11.3.14","target":"Project-Readers","logon_type":null,"change_ticket":"CHG-DEPLOY-18","result":"success","channel":"Security","provider":"Microsoft-Windows-Security-Auditing","logon_id":"236ac53ed4a1d925","process_id":1968,"image_path":"","run_as":"","publisher":"","update_state":"installed","agent_build":"2026.09.2"},{"timestamp":"2026-09-14T00:38:04.200Z","computer":"srv-224","event_id":4697,"record_id":100846,"user":"employee-71","source_ip":"10.12.4.13","target":"ApprovedAgent","logon_type":null,"change_ticket":"CHG-DEPLOY-18","result":"success","channel":"Security","provider":"Microsoft-Windows-Security-Auditing","logon_id":"236ac53ed4a1d925","process_id":10688,"image_path":"C:/Program Files/ApprovedAgent/agent.exe","run_as":"svc-agent","publisher":"Approved Software Team","update_state":"failed","agent_build":"2026.09.3"},{"timestamp":"2026-09-14T00:38:06.900Z","computer":"srv-153","event_id":4624,"record_id":100847,"user":"employee-299","source_ip":"10.11.4.22","target":"logon-session","logon_type":3,"change_ticket":"","result":"success","channel":"Security","provider":"Microsoft-Windows-Security-Auditing","logon_id":"236ac53ed4a1d925","process_id":25233,"image_path":"","run_as":"","publisher":"","update_state":"installed","agent_build":"2026.09.4"},