{"timestamp":"2026-09-14T01:30:37.800Z","computer":"srv-035","event_id":4697,"record_id":102014,"user":"employee-176","source_ip":"10.10.2.24","target":"ApprovedAgent","logon_type":null,"change_ticket":"CHG-DEPLOY-18","result":"success","channel":"Security","provider":"Microsoft-Windows-Security-Auditing","logon_id":"eccb8e8d23f5c896","process_id":25408,"image_path":"C:/Program Files/ApprovedAgent/agent.exe","run_as":"svc-agent","publisher":"Approved Software Team","update_state":"installed","agent_build":"2026.09.3"},{"timestamp":"2026-09-14T01:30:40.500Z","computer":"srv-094","event_id":4624,"record_id":102015,"user":"deployment-admin","source_ip":"10.11.1.23","target":"logon-session","logon_type":10,"change_ticket":"","result":"success","channel":"Security","provider":"Microsoft-Windows-Security-Auditing","logon_id":"eccb8e8d23f5c896","process_id":17771,"image_path":"","run_as":"","publisher":"","update_state":"restart-pending","agent_build":"2026.09.4"},{"timestamp":"2026-09-14T01:30:43.200Z","computer":"srv-001","event_id":4624,"record_id":102016,"user":"employee-202","source_ip":"10.10.1.10","target":"logon-session","logon_type":2,"change_ticket":"","result":"success","channel":"Security","provider":"Microsoft-Windows-Security-Auditing","logon_id":"c2e87d9310a3958c","process_id":16549,"image_path":"","run_as":"","publisher":"","update_state":"installed","agent_build":"2026.09.1"},{"timestamp":"2026-09-14T01:30:45.900Z","computer":"srv-109","event_id":4634,"record_id":102017,"user":"employee-119","source_ip":"10.11.2.18","target":"logon-session","logon_type":3,"change_ticket":"","result":"success","channel":"Security","provider":"Microsoft-Windows-Security-Auditing","logon_id":"c2e87d9310a3958c","process_id":8271,"image_path":"","run_as":"","publisher":"","update_state":"installed","agent_build":"2026.09.2"},{"timestamp":"2026-09-14T01:30:48.600Z","computer":"srv-074","event_id":4688,"record_id":102018,"user":"employee-429","source_ip":"10.10.4.23","target":"logon-session","logon_type":null,"change_ticket":"","result":"success","channel":"Security","provider":"Microsoft-Windows-Security-Auditing","logon_id":"c2e87d9310a3958c","process_id":6657,"image_path":"C:/Program Files/ApprovedAgent/agent.exe","run_as":"","publisher":"Approved Software Team","update_state":"installed","agent_build":"2026.09.3"},{"timestamp":"2026-09-14T01:30:51.300Z","computer":"srv-191","event_id":4625,"record_id":102019,"user":"employee-430","source_ip":"10.12.2.20","target":"logon-session","logon_type":2,"change_ticket":"","result":"failure","channel":"Security","provider":"Microsoft-Windows-Security-Auditing","logon_id":"c2e87d9310a3958c","process_id":8368,"image_path":"","run_as":"","publisher":"","update_state":"installed","agent_build":"2026.09.4"},{"timestamp":"2026-09-14T01:30:54.000Z","computer":"srv-093","event_id":4698,"record_id":102020,"user":"employee-220","source_ip":"10.11.1.22","target":"Approved-Maintenance","logon_type":null,"change_ticket":"CHG-DEPLOY-18","result":"success","channel":"Security","provider":"Microsoft-Windows-Security-Auditing","logon_id":"e73cb572d7e3191b","process_id":6043,"image_path":"C:/Program Files/ApprovedAgent/agent.exe","run_as":"svc-agent","publisher":"Approved Software Team","update_state":"installed","agent_build":"2026.09.1"},{"timestamp":"2026-09-14T01:30:56.700Z","computer":"srv-123","event_id":4728,"record_id":102021,"user":"employee-196","source_ip":"10.11.3.12","target":"Project-Readers","logon_type":null,"change_ticket":"CHG-DEPLOY-18","result":"success","channel":"Security","provider":"Microsoft-Windows-Security-Auditing","logon_id":"e73cb572d7e3191b","process_id":3319,"image_path":"","run_as":"","publisher":"","update_state":"failed","agent_build":"2026.09.2"},{"timestamp":"2026-09-14T01:30:59.400Z","computer":"srv-054","event_id":4697,"record_id":102022,"user":"employee-166","source_ip":"10.10.3.23","target":"ApprovedAgent","logon_type":null,"change_ticket":"CHG-DEPLOY-18","result":"success","channel":"Security","provider":"Microsoft-Windows-Security-Auditing","logon_id":"e73cb572d7e3191b","process_id":13414,"image_path":"C:/Program Files/ApprovedAgent/agent.exe","run_as":"svc-agent","publisher":"Approved Software Team","update_state":"installed","agent_build":"2026.09.3"},{"timestamp":"2026-09-14T01:31:02.100Z","computer":"srv-231","event_id":4624,"record_id":102023,"user":"employee-259","source_ip":"10.12.4.20","target":"logon-session","logon_type":3,"change_ticket":"","result":"success","channel":"Security","provider":"Microsoft-Windows-Security-Auditing","logon_id":"e73cb572d7e3191b","process_id":9582,"image_path":"","run_as":"","publisher":"","update_state":"installed","agent_build":"2026.09.4"},{"timestamp":"2026-09-14T01:31:04.800Z","computer":"srv-142","event_id":4624,"record_id":102024,"user":"employee-81","source_ip":"10.11.4.11","target":"logon-session","logon_type":10,"change_ticket":"","result":"success","channel":"Security","provider":"Microsoft-Windows-Security-Auditing","logon_id":"3048dd2cda354c96","process_id":4572,"image_path":"","run_as":"","publisher":"","update_state":"installed","agent_build":"2026.09.1"},{"timestamp":"2026-09-14T01:31:07.500Z","computer":"srv-036","event_id":4634,"record_id":102025,"user":"employee-47","source_ip":"10.10.2.25","target":"logon-session","logon_type":2,"change_ticket":"","result":"success","channel":"Security","provider":"Microsoft-Windows-Security-Auditing","logon_id":"3048dd2cda354c96","process_id":22961,"image_path":"","run_as":"","publisher":"","update_state":"installed","agent_build":"2026.09.2"},{"timestamp":"2026-09-14T01:31:10.200Z","computer":"srv-047","event_id":4688,"record_id":102026,"user":"employee-440","source_ip":"10.10.3.16","target":"logon-session","logon_type":null,"change_ticket":"","result":"success","channel":"Security","provider":"Microsoft-Windows-Security-Auditing","logon_id":"3048dd2cda354c96","process_id":1169,"image_path":"C:/Program Files/ApprovedAgent/agent.exe","run_as":"","publisher":"Approved Software Team","update_state":"installed","agent_build":"2026.09.3"},{"timestamp":"2026-09-14T01:31:12.900Z","computer":"srv-108","event_id":4625,"record_id":102027,"user":"employee-162","source_ip":"10.11.2.17","target":"logon-session","logon_type":10,"change_ticket":"","result":"failure","channel":"Security","provider":"Microsoft-Windows-Security-Auditing","logon_id":"3048dd2cda354c96","process_id":16989,"image_path":"","run_as":"","publisher":"","update_state":"installed","agent_build":"2026.09.4"},{"timestamp":"2026-09-14T01:31:15.600Z","computer":"srv-016","event_id":4698,"record_id":102028,"user":"deployment-admin","source_ip":"10.10.1.25","target":"Approved-Maintenance","logon_type":null,"change_ticket":"CHG-DEPLOY-18","result":"success","channel":"Security","provider":"Microsoft-Windows-Security-Auditing","logon_id":"1b90b45ba4b11b64","process_id":10730,"image_path":"C:/Program Files/ApprovedAgent/agent.exe","run_as":"svc-agent","publisher":"Approved Software Team","update_state":"installed","agent_build":"2026.09.1"},{"timestamp":"2026-09-14T01:31:18.300Z","computer":"srv-076","event_id":4728,"record_id":102029,"user":"employee-325","source_ip":"10.10.4.25","target":"Project-Readers","logon_type":null,"change_ticket":"CHG-DEPLOY-18","result":"success","channel":"Security","provider":"Microsoft-Windows-Security-Auditing","logon_id":"1b90b45ba4b11b64","process_id":2497,"image_path":"","run_as":"","publisher":"","update_state":"installed","agent_build":"2026.09.2"},{"timestamp":"2026-09-14T01:31:21.000Z","computer":"srv-037","event_id":4697,"record_id":102030,"user":"employee-460","source_ip":"10.10.2.26","target":"ApprovedAgent","logon_type":null,"change_ticket":"CHG-DEPLOY-18","result":"success","channel":"Security","provider":"Microsoft-Windows-Security-Auditing","logon_id":"1b90b45ba4b11b64","process_id":5186,"image_path":"C:/Program Files/ApprovedAgent/agent.exe","run_as":"svc-agent","publisher":"Approved Software Team","update_state":"installed","agent_build":"2026.09.3"},{"timestamp":"2026-09-14T01:31:23.700Z","computer":"srv-051","event_id":4624,"record_id":102031,"user":"employee-4","source_ip":"10.10.3.20","target":"logon-session","logon_type":2,"change_ticket":"","result":"success","channel":"Security","provider":"Microsoft-Windows-Security-Auditing","logon_id":"1b90b45ba4b11b64","process_id":24237,"image_path":"","run_as":"","publisher":"","update_state":"installed","agent_build":"2026.09.4"},{"timestamp":"2026-09-14T01:31:26.400Z","computer":"srv-096","event_id":4624,"record_id":102032,"user":"employee-27","source_ip":"10.11.1.25","target":"logon-session","logon_type":3,"change_ticket":"","result":"success","channel":"Security","provider":"Microsoft-Windows-Security-Auditing","logon_id":"4b8d462b4dcd8760","process_id":17873,"image_path":"","run_as":"","publisher":"","update_state":"installed","agent_build":"2026.09.1"},{"timestamp":"2026-09-14T01:31:29.100Z","computer":"srv-071","event_id":4634,"record_id":102033,"user":"employee-3","source_ip":"10.10.4.20","target":"logon-session","logon_type":10,"change_ticket":"","result":"success","channel":"Security","provider":"Microsoft-Windows-Security-Auditing","logon_id":"4b8d462b4dcd8760","process_id":12911,"image_path":"","run_as":"","publisher":"","update_state":"installed","agent_build":"2026.09.2"},{"timestamp":"2026-09-14T01:31:31.800Z","computer":"srv-097","event_id":4688,"record_id":102034,"user":"employee-447","source_ip":"10.11.1.26","target":"logon-session","logon_type":null,"change_ticket":"","result":"success","channel":"Security","provider":"Microsoft-Windows-Security-Auditing","logon_id":"4b8d462b4dcd8760","process_id":12793,"image_path":"C:/Program Files/ApprovedAgent/agent.exe","run_as":"","publisher":"Approved Software Team","update_state":"installed","agent_build":"2026.09.3"},{"timestamp":"2026-09-14T01:31:34.500Z","computer":"srv-188","event_id":4625,"record_id":102035,"user":"employee-383","source_ip":"10.12.2.17","target":"logon-session","logon_type":3,"change_ticket":"","result":"failure","channel":"Security","provider":"Microsoft-Windows-Security-Auditing","logon_id":"4b8d462b4dcd8760","process_id":1324,"image_path":"","run_as":"","publisher":"","update_state":"installed","agent_build":"2026.09.4"},{"timestamp":"2026-09-14T01:31:37.200Z","computer":"srv-130","event_id":4698,"record_id":102036,"user":"employee-215","source_ip":"10.11.3.19","target":"Approved-Maintenance","logon_type":null,"change_ticket":"CHG-DEPLOY-18","result":"success","channel":"Security","provider":"Microsoft-Windows-Security-Auditing","logon_id":"d613b2d26f2303b0","process_id":9824,"image_path":"C:/Program Files/ApprovedAgent/agent.exe","run_as":"svc-agent","publisher":"Approved Software Team","update_state":"installed","agent_build":"2026.09.1"},{"timestamp":"2026-09-14T01:31:39.900Z","computer":"srv-165","event_id":4728,"record_id":102037,"user":"employee-259","source_ip":"10.12.1.14","target":"Project-Readers","logon_type":null,"change_ticket":"CHG-DEPLOY-18","result":"success","channel":"Security","provider":"Microsoft-Windows-Security-Auditing","logon_id":"d613b2d26f2303b0","process_id":11486,"image_path":"","run_as":"","publisher":"","update_state":"installed","agent_build":"2026.09.2"},{"timestamp":"2026-09-14T01:31:42.600Z","computer":"srv-045","event_id":4697,"record_id":102038,"user":"employee-292","source_ip":"10.10.3.14","target":"ApprovedAgent","logon_type":null,"change_ticket":"CHG-DEPLOY-18","result":"success","channel":"Security","provider":"Microsoft-Windows-Security-Auditing","logon_id":"d613b2d26f2303b0","process_id":1655,"image_path":"C:/Program Files/ApprovedAgent/agent.exe","run_as":"svc-agent","publisher":"Approved Software Team","update_state":"installed","agent_build":"2026.09.3"},{"timestamp":"2026-09-14T01:31:45.300Z","computer":"srv-194","event_id":4624,"record_id":102039,"user":"employee-151","source_ip":"10.12.2.23","target":"logon-session","logon_type":10,"change_ticket":"","result":"success","channel":"Security","provider":"Microsoft-Windows-Security-Auditing","logon_id":"d613b2d26f2303b0","process_id":10936,"image_path":"","run_as":"","publisher":"","update_state":"installed","agent_build":"2026.09.4"},{"timestamp":"2026-09-14T01:31:48.000Z","computer":"srv-166","event_id":4624,"record_id":102040,"user":"employee-96","source_ip":"10.12.1.15","target":"logon-session","logon_type":2,"change_ticket":"","result":"success","channel":"Security","provider":"Microsoft-Windows-Security-Auditing","logon_id":"4dcd50cbb1a0fbf3","process_id":9336,"image_path":"","run_as":"","publisher":"","update_state":"installed","agent_build":"2026.09.1"},{"timestamp":"2026-09-14T01:31:50.700Z","computer":"srv-120","event_id":4634,"record_id":102041,"user":"deployment-admin","source_ip":"10.11.2.29","target":"logon-session","logon_type":3,"change_ticket":"","result":"success","channel":"Security","provider":"Microsoft-Windows-Security-Auditing","logon_id":"4dcd50cbb1a0fbf3","process_id":12984,"image_path":"","run_as":"","publisher":"","update_state":"installed","agent_build":"2026.09.2"},{"timestamp":"2026-09-14T01:31:53.400Z","computer":"srv-102","event_id":4688,"record_id":102042,"user":"employee-480","source_ip":"10.11.2.11","target":"logon-session","logon_type":null,"change_ticket":"","result":"success","channel":"Security","provider":"Microsoft-Windows-Security-Auditing","logon_id":"4dcd50cbb1a0fbf3","process_id":12105,"image_path":"C:/Program Files/ApprovedAgent/agent.exe","run_as":"","publisher":"Approved Software Team","update_state":"installed","agent_build":"2026.09.3"},{"timestamp":"2026-09-14T01:31:56.100Z","computer":"srv-200","event_id":4625,"record_id":102043,"user":"employee-100","source_ip":"10.12.2.29","target":"logon-session","logon_type":2,"change_ticket":"","result":"failure","channel":"Security","provider":"Microsoft-Windows-Security-Auditing","logon_id":"4dcd50cbb1a0fbf3","process_id":21787,"image_path":"","run_as":"","publisher":"","update_state":"installed","agent_build":"2026.09.4"},{"timestamp":"2026-09-14T01:31:58.800Z","computer":"srv-148","event_id":4698,"record_id":102044,"user":"employee-225","source_ip":"10.11.4.17","target":"Approved-Maintenance","logon_type":null,"change_ticket":"CHG-DEPLOY-18","result":"success","channel":"Security","provider":"Microsoft-Windows-Security-Auditing","logon_id":"84c75f10c852d0df","process_id":4499,"image_path":"C:/Program Files/ApprovedAgent/agent.exe","run_as":"svc-agent","publisher":"Approved Software Team","update_state":"installed","agent_build":"2026.09.1"},{"timestamp":"2026-09-14T01:32:01.500Z","computer":"srv-063","event_id":4728,"record_id":102045,"user":"employee-169","source_ip":"10.10.4.12","target":"Project-Readers","logon_type":null,"change_ticket":"CHG-DEPLOY-18","result":"success","channel":"Security","provider":"Microsoft-Windows-Security-Auditing","logon_id":"84c75f10c852d0df","process_id":23876,"image_path":"","run_as":"","publisher":"","update_state":"installed","agent_build":"2026.09.2"},{"timestamp":"2026-09-14T01:32:04.200Z","computer":"srv-012","event_id":4697,"record_id":102046,"user":"employee-250","source_ip":"10.10.1.21","target":"ApprovedAgent","logon_type":null,"change_ticket":"CHG-DEPLOY-18","result":"success","channel":"Security","provider":"Microsoft-Windows-Security-Auditing","logon_id":"84c75f10c852d0df","process_id":19070,"image_path":"C:/Program Files/ApprovedAgent/agent.exe","run_as":"svc-agent","publisher":"Approved Software Team","update_state":"restart-pending","agent_build":"2026.09.3"},{"timestamp":"2026-09-14T01:32:06.900Z","computer":"srv-237","event_id":4624,"record_id":102047,"user":"employee-358","source_ip":"10.12.4.26","target":"logon-session","logon_type":3,"change_ticket":"","result":"success","channel":"Security","provider":"Microsoft-Windows-Security-Auditing","logon_id":"84c75f10c852d0df","process_id":13599,"image_path":"","run_as":"","publisher":"","update_state":"installed","agent_build":"2026.09.4"},{"timestamp":"2026-09-14T01:32:09.600Z","computer":"srv-055","event_id":4624,"record_id":102048,"user":"employee-422","source_ip":"10.10.3.24","target":"logon-session","logon_type":10,"change_ticket":"","result":"success","channel":"Security","provider":"Microsoft-Windows-Security-Auditing","logon_id":"e896849a895ad8bc","process_id":14581,"image_path":"","run_as":"","publisher":"","update_state":"installed","agent_build":"2026.09.1"},{"timestamp":"2026-09-14T01:32:12.300Z","computer":"srv-181","event_id":4634,"record_id":102049,"user":"employee-470","source_ip":"10.12.2.10","target":"logon-session","logon_type":2,"change_ticket":"","result":"success","channel":"Security","provider":"Microsoft-Windows-Security-Auditing","logon_id":"e896849a895ad8bc","process_id":15824,"image_path":"","run_as":"","publisher":"","update_state":"installed","agent_build":"2026.09.2"},{"timestamp":"2026-09-14T01:32:15.000Z","computer":"srv-195","event_id":4688,"record_id":102050,"user":"employee-429","source_ip":"10.12.2.24","target":"logon-session","logon_type":null,"change_ticket":"","result":"success","channel":"Security","provider":"Microsoft-Windows-Security-Auditing","logon_id":"e896849a895ad8bc","process_id":15243,"image_path":"C:/Program Files/ApprovedAgent/agent.exe","run_as":"","publisher":"Approved Software Team","update_state":"installed","agent_build":"2026.09.3"},{"timestamp":"2026-09-14T01:32:17.700Z","computer":"srv-099","event_id":4625,"record_id":102051,"user":"employee-337","source_ip":"10.11.1.28","target":"logon-session","logon_type":10,"change_ticket":"","result":"failure","channel":"Security","provider":"Microsoft-Windows-Security-Auditing","logon_id":"e896849a895ad8bc","process_id":3205,"image_path":"","run_as":"","publisher":"","update_state":"installed","agent_build":"2026.09.4"},{"timestamp":"2026-09-14T01:32:20.400Z","computer":"srv-124","event_id":4698,"record_id":102052,"user":"employee-364","source_ip":"10.11.3.13","target":"Approved-Maintenance","logon_type":null,"change_ticket":"CHG-DEPLOY-18","result":"success","channel":"Security","provider":"Microsoft-Windows-Security-Auditing","logon_id":"e4f883ea36db8e95","process_id":12935,"image_path":"C:/Program Files/ApprovedAgent/agent.exe","run_as":"svc-agent","publisher":"Approved Software Team","update_state":"installed","agent_build":"2026.09.1"},{"timestamp":"2026-09-14T01:32:23.100Z","computer":"srv-106","event_id":4728,"record_id":102053,"user":"employee-126","source_ip":"10.11.2.15","target":"Project-Readers","logon_type":null,"change_ticket":"CHG-DEPLOY-18","result":"success","channel":"Security","provider":"Microsoft-Windows-Security-Auditing","logon_id":"e4f883ea36db8e95","process_id":25565,"image_path":"","run_as":"","publisher":"","update_state":"installed","agent_build":"2026.09.2"},{"timestamp":"2026-09-14T01:32:25.800Z","computer":"srv-103","event_id":4697,"record_id":102054,"user":"deployment-admin","source_ip":"10.11.2.12","target":"ApprovedAgent","logon_type":null,"change_ticket":"CHG-DEPLOY-18","result":"success","channel":"Security","provider":"Microsoft-Windows-Security-Auditing","logon_id":"e4f883ea36db8e95","process_id":15017,"image_path":"C:/Program Files/ApprovedAgent/agent.exe","run_as":"svc-agent","publisher":"Approved Software Team","update_state":"installed","agent_build":"2026.09.3"},{"timestamp":"2026-09-14T01:32:28.500Z","computer":"srv-155","event_id":4624,"record_id":102055,"user":"employee-123","source_ip":"10.11.4.24","target":"logon-session","logon_type":2,"change_ticket":"","result":"success","channel":"Security","provider":"Microsoft-Windows-Security-Auditing","logon_id":"e4f883ea36db8e95","process_id":14783,"image_path":"","run_as":"","publisher":"","update_state":"installed","agent_build":"2026.09.4"},{"timestamp":"2026-09-14T01:32:31.200Z","computer":"srv-218","event_id":4624,"record_id":102056,"user":"employee-178","source_ip":"10.12.3.27","target":"logon-session","logon_type":3,"change_ticket":"","result":"success","channel":"Security","provider":"Microsoft-Windows-Security-Auditing","logon_id":"2239482182405712","process_id":6915,"image_path":"","run_as":"","publisher":"","update_state":"installed","agent_build":"2026.09.1"},{"timestamp":"2026-09-14T01:32:33.900Z","computer":"srv-124","event_id":4634,"record_id":102057,"user":"employee-137","source_ip":"10.11.3.13","target":"logon-session","logon_type":10,"change_ticket":"","result":"success","channel":"Security","provider":"Microsoft-Windows-Security-Auditing","logon_id":"2239482182405712","process_id":24499,"image_path":"","run_as":"","publisher":"","update_state":"installed","agent_build":"2026.09.2"},{"timestamp":"2026-09-14T01:32:36.600Z","computer":"srv-125","event_id":4688,"record_id":102058,"user":"employee-123","source_ip":"10.11.3.14","target":"logon-session","logon_type":null,"change_ticket":"","result":"success","channel":"Security","provider":"Microsoft-Windows-Security-Auditing","logon_id":"2239482182405712","process_id":11837,"image_path":"C:/Program Files/ApprovedAgent/agent.exe","run_as":"","publisher":"Approved Software Team","update_state":"installed","agent_build":"2026.09.3"},{"timestamp":"2026-09-14T01:32:39.300Z","computer":"srv-203","event_id":4625,"record_id":102059,"user":"employee-294","source_ip":"10.12.3.12","target":"logon-session","logon_type":3,"change_ticket":"","result":"failure","channel":"Security","provider":"Microsoft-Windows-Security-Auditing","logon_id":"2239482182405712","process_id":11988,"image_path":"","run_as":"","publisher":"","update_state":"installed","agent_build":"2026.09.4"},{"timestamp":"2026-09-14T01:32:42.000Z","computer":"srv-090","event_id":4698,"record_id":102060,"user":"employee-320","source_ip":"10.11.1.19","target":"Approved-Maintenance","logon_type":null,"change_ticket":"CHG-DEPLOY-18","result":"success","channel":"Security","provider":"Microsoft-Windows-Security-Auditing","logon_id":"b92878f2740545c8","process_id":14958,"image_path":"C:/Program Files/ApprovedAgent/agent.exe","run_as":"svc-agent","publisher":"Approved Software Team","update_state":"installed","agent_build":"2026.09.1"},{"timestamp":"2026-09-14T01:32:44.700Z","computer":"srv-033","event_id":4728,"record_id":102061,"user":"employee-102","source_ip":"10.10.2.22","target":"Project-Readers","logon_type":null,"change_ticket":"CHG-DEPLOY-18","result":"success","channel":"Security","provider":"Microsoft-Windows-Security-Auditing","logon_id":"b92878f2740545c8","process_id":2480,"image_path":"","run_as":"","publisher":"","update_state":"installed","agent_build":"2026.09.2"},{"timestamp":"2026-09-14T01:32:47.400Z","computer":"srv-092","event_id":4697,"record_id":102062,"user":"employee-135","source_ip":"10.11.1.21","target":"ApprovedAgent","logon_type":null,"change_ticket":"CHG-DEPLOY-18","result":"success","channel":"Security","provider":"Microsoft-Windows-Security-Auditing","logon_id":"b92878f2740545c8","process_id":7280,"image_path":"C:/Program Files/ApprovedAgent/agent.exe","run_as":"svc-agent","publisher":"Approved Software Team","update_state":"installed","agent_build":"2026.09.3"},{"timestamp":"2026-09-14T01:32:50.100Z","computer":"srv-017","event_id":4624,"record_id":102063,"user":"employee-179","source_ip":"10.10.1.26","target":"logon-session","logon_type":10,"change_ticket":"","result":"success","channel":"Security","provider":"Microsoft-Windows-Security-Auditing","logon_id":"b92878f2740545c8","process_id":18644,"image_path":"","run_as":"","publisher":"","update_state":"installed","agent_build":"2026.09.4"},{"timestamp":"2026-09-14T01:32:52.800Z","computer":"srv-178","event_id":4624,"record_id":102064,"user":"employee-368","source_ip":"10.12.1.27","target":"logon-session","logon_type":2,"change_ticket":"","result":"success","channel":"Security","provider":"Microsoft-Windows-Security-Auditing","logon_id":"942dca99d698bbb4","process_id":9692,"image_path":"","run_as":"","publisher":"","update_state":"installed","agent_build":"2026.09.1"},{"timestamp":"2026-09-14T01:32:55.500Z","computer":"srv-086","event_id":4634,"record_id":102065,"user":"employee-141","source_ip":"10.11.1.15","target":"logon-session","logon_type":3,"change_ticket":"","result":"success","channel":"Security","provider":"Microsoft-Windows-Security-Auditing","logon_id":"942dca99d698bbb4","process_id":7744,"image_path":"","run_as":"","publisher":"","update_state":"no-report","agent_build":"2026.09.2"},{"timestamp":"2026-09-14T01:32:58.200Z","computer":"srv-167","event_id":4688,"record_id":102066,"user":"employee-281","source_ip":"10.12.1.16","target":"logon-session","logon_type":null,"change_ticket":"","result":"success","channel":"Security","provider":"Microsoft-Windows-Security-Auditing","logon_id":"942dca99d698bbb4","process_id":11924,"image_path":"C:/Program Files/ApprovedAgent/agent.exe","run_as":"","publisher":"Approved Software Team","update_state":"installed","agent_build":"2026.09.3"},{"timestamp":"2026-09-14T01:33:00.900Z","computer":"srv-125","event_id":4625,"record_id":102067,"user":"deployment-admin","source_ip":"10.11.3.14","target":"logon-session","logon_type":2,"change_ticket":"","result":"failure","channel":"Security","provider":"Microsoft-Windows-Security-Auditing","logon_id":"942dca99d698bbb4","process_id":18799,"image_path":"","run_as":"","publisher":"","update_state":"installed","agent_build":"2026.09.4"},{"timestamp":"2026-09-14T01:33:03.600Z","computer":"srv-029","event_id":4698,"record_id":102068,"user":"employee-376","source_ip":"10.10.2.18","target":"Approved-Maintenance","logon_type":null,"change_ticket":"CHG-DEPLOY-18","result":"success","channel":"Security","provider":"Microsoft-Windows-Security-Auditing","logon_id":"23a7a12afaed4b88","process_id":22123,"image_path":"C:/Program Files/ApprovedAgent/agent.exe","run_as":"svc-agent","publisher":"Approved Software Team","update_state":"failed","agent_build":"2026.09.1"},{"timestamp":"2026-09-14T01:33:06.300Z","computer":"srv-087","event_id":4728,"record_id":102069,"user":"employee-178","source_ip":"10.11.1.16","target":"Project-Readers","logon_type":null,"change_ticket":"CHG-DEPLOY-18","result":"success","channel":"Security","provider":"Microsoft-Windows-Security-Auditing","logon_id":"23a7a12afaed4b88","process_id":17631,"image_path":"","run_as":"","publisher":"","update_state":"installed","agent_build":"2026.09.2"},{"timestamp":"2026-09-14T01:33:09.000Z","computer":"srv-032","event_id":4697,"record_id":102070,"user":"employee-288","source_ip":"10.10.2.21","target":"ApprovedAgent","logon_type":null,"change_ticket":"CHG-DEPLOY-18","result":"success","channel":"Security","provider":"Microsoft-Windows-Security-Auditing","logon_id":"23a7a12afaed4b88","process_id":21785,"image_path":"C:/Program Files/ApprovedAgent/agent.exe","run_as":"svc-agent","publisher":"Approved Software Team","update_state":"installed","agent_build":"2026.09.3"},{"timestamp":"2026-09-14T01:33:11.700Z","computer":"srv-222","event_id":4624,"record_id":102071,"user":"employee-332","source_ip":"10.12.4.11","target":"logon-session","logon_type":3,"change_ticket":"","result":"success","channel":"Security","provider":"Microsoft-Windows-Security-Auditing","logon_id":"23a7a12afaed4b88","process_id":17005,"image_path":"","run_as":"","publisher":"","update_state":"installed","agent_build":"2026.09.4"},{"timestamp":"2026-09-14T01:33:14.400Z","computer":"srv-028","event_id":4624,"record_id":102072,"user":"employee-406","source_ip":"10.10.2.17","target":"logon-session","logon_type":10,"change_ticket":"","result":"success","channel":"Security","provider":"Microsoft-Windows-Security-Auditing","logon_id":"959969c8552164c0","process_id":23261,"image_path":"","run_as":"","publisher":"","update_state":"installed","agent_build":"2026.09.1"},{"timestamp":"2026-09-14T01:33:17.100Z","computer":"srv-177","event_id":4634,"record_id":102073,"user":"employee-307","source_ip":"10.12.1.26","target":"logon-session","logon_type":2,"change_ticket":"","result":"success","channel":"Security","provider":"Microsoft-Windows-Security-Auditing","logon_id":"959969c8552164c0","process_id":22715,"image_path":"","run_as":"","publisher":"","update_state":"installed","agent_build":"2026.09.2"},{"timestamp":"2026-09-14T01:33:19.800Z","computer":"srv-001","event_id":4688,"record_id":102074,"user":"employee-238","source_ip":"10.10.1.10","target":"logon-session","logon_type":null,"change_ticket":"","result":"success","channel":"Security","provider":"Microsoft-Windows-Security-Auditing","logon_id":"959969c8552164c0","process_id":9710,"image_path":"C:/Program Files/ApprovedAgent/agent.exe","run_as":"","publisher":"Approved Software Team","update_state":"installed","agent_build":"2026.09.3"},{"timestamp":"2026-09-14T01:33:22.500Z","computer":"srv-028","event_id":4625,"record_id":102075,"user":"employee-36","source_ip":"10.10.2.17","target":"logon-session","logon_type":10,"change_ticket":"","result":"failure","channel":"Security","provider":"Microsoft-Windows-Security-Auditing","logon_id":"959969c8552164c0","process_id":4821,"image_path":"","run_as":"","publisher":"","update_state":"installed","agent_build":"2026.09.4"},{"timestamp":"2026-09-14T01:33:25.200Z","computer":"srv-148","event_id":4698,"record_id":102076,"user":"employee-204","source_ip":"10.11.4.17","target":"Approved-Maintenance","logon_type":null,"change_ticket":"CHG-DEPLOY-18","result":"success","channel":"Security","provider":"Microsoft-Windows-Security-Auditing","logon_id":"494c67d76629628f","process_id":13192,"image_path":"C:/Program Files/ApprovedAgent/agent.exe","run_as":"svc-agent","publisher":"Approved Software Team","update_state":"installed","agent_build":"2026.09.1"},{"timestamp":"2026-09-14T01:33:27.900Z","computer":"srv-072","event_id":4728,"record_id":102077,"user":"employee-420","source_ip":"10.10.4.21","target":"Project-Readers","logon_type":null,"change_ticket":"CHG-DEPLOY-18","result":"success","channel":"Security","provider":"Microsoft-Windows-Security-Auditing","logon_id":"494c67d76629628f","process_id":14535,"image_path":"","run_as":"","publisher":"","update_state":"restart-pending","agent_build":"2026.09.2"},{"timestamp":"2026-09-14T01:33:30.600Z","computer":"srv-097","event_id":4697,"record_id":102078,"user":"employee-4","source_ip":"10.11.1.26","target":"ApprovedAgent","logon_type":null,"change_ticket":"CHG-DEPLOY-18","result":"success","channel":"Security","provider":"Microsoft-Windows-Security-Auditing","logon_id":"494c67d76629628f","process_id":6848,"image_path":"C:/Program Files/ApprovedAgent/agent.exe","run_as":"svc-agent","publisher":"Approved Software Team","update_state":"installed","agent_build":"2026.09.3"},{"timestamp":"2026-09-14T01:33:33.300Z","computer":"srv-091","event_id":4624,"record_id":102079,"user":"employee-17","source_ip":"10.11.1.20","target":"logon-session","logon_type":2,"change_ticket":"","result":"success","channel":"Security","provider":"Microsoft-Windows-Security-Auditing","logon_id":"494c67d76629628f","process_id":17315,"image_path":"","run_as":"","publisher":"","update_state":"installed","agent_build":"2026.09.4"},{"timestamp":"2026-09-14T01:33:36.000Z","computer":"srv-144","event_id":4624,"record_id":102080,"user":"deployment-admin","source_ip":"10.11.4.13","target":"logon-session","logon_type":3,"change_ticket":"","result":"success","channel":"Security","provider":"Microsoft-Windows-Security-Auditing","logon_id":"9b89f20cba62adce","process_id":3314,"image_path":"","run_as":"","publisher":"","update_state":"installed","agent_build":"2026.09.1"},{"timestamp":"2026-09-14T01:33:38.700Z","computer":"srv-148","event_id":4634,"record_id":102081,"user":"employee-221","source_ip":"10.11.4.17","target":"logon-session","logon_type":10,"change_ticket":"","result":"success","channel":"Security","provider":"Microsoft-Windows-Security-Auditing","logon_id":"9b89f20cba62adce","process_id":23929,"image_path":"","run_as":"","publisher":"","update_state":"installed","agent_build":"2026.09.2"},{"timestamp":"2026-09-14T01:33:41.400Z","computer":"srv-113","event_id":4688,"record_id":102082,"user":"employee-205","source_ip":"10.11.2.22","target":"logon-session","logon_type":null,"change_ticket":"","result":"success","channel":"Security","provider":"Microsoft-Windows-Security-Auditing","logon_id":"9b89f20cba62adce","process_id":25756,"image_path":"C:/Program Files/ApprovedAgent/agent.exe","run_as":"","publisher":"Approved Software Team","update_state":"installed","agent_build":"2026.09.3"},{"timestamp":"2026-09-14T01:33:44.100Z","computer":"srv-114","event_id":4625,"record_id":102083,"user":"employee-415","source_ip":"10.11.2.23","target":"logon-session","logon_type":3,"change_ticket":"","result":"failure","channel":"Security","provider":"Microsoft-Windows-Security-Auditing","logon_id":"9b89f20cba62adce","process_id":6488,"image_path":"","run_as":"","publisher":"","update_state":"installed","agent_build":"2026.09.4"},{"timestamp":"2026-09-14T01:33:46.800Z","computer":"srv-010","event_id":4698,"record_id":102084,"user":"employee-198","source_ip":"10.10.1.19","target":"Approved-Maintenance","logon_type":null,"change_ticket":"CHG-DEPLOY-18","result":"success","channel":"Security","provider":"Microsoft-Windows-Security-Auditing","logon_id":"e3cb00e651f2bc42","process_id":14488,"image_path":"C:/Program Files/ApprovedAgent/agent.exe","run_as":"svc-agent","publisher":"Approved Software Team","update_state":"installed","agent_build":"2026.09.1"},{"timestamp":"2026-09-14T01:33:49.500Z","computer":"srv-096","event_id":4728,"record_id":102085,"user":"employee-213","source_ip":"10.11.1.25","target":"Project-Readers","logon_type":null,"change_ticket":"CHG-DEPLOY-18","result":"success","channel":"Security","provider":"Microsoft-Windows-Security-Auditing","logon_id":"e3cb00e651f2bc42","process_id":4926,"image_path":"","run_as":"","publisher":"","update_state":"installed","agent_build":"2026.09.2"},{"timestamp":"2026-09-14T01:33:52.200Z","computer":"srv-227","event_id":4697,"record_id":102086,"user":"employee-92","source_ip":"10.12.4.16","target":"ApprovedAgent","logon_type":null,"change_ticket":"CHG-DEPLOY-18","result":"success","channel":"Security","provider":"Microsoft-Windows-Security-Auditing","logon_id":"e3cb00e651f2bc42","process_id":12811,"image_path":"C:/Program Files/ApprovedAgent/agent.exe","run_as":"svc-agent","publisher":"Approved Software Team","update_state":"installed","agent_build":"2026.09.3"},{"timestamp":"2026-09-14T01:33:54.900Z","computer":"srv-106","event_id":4624,"record_id":102087,"user":"employee-403","source_ip":"10.11.2.15","target":"logon-session","logon_type":10,"change_ticket":"","result":"success","channel":"Security","provider":"Microsoft-Windows-Security-Auditing","logon_id":"e3cb00e651f2bc42","process_id":16272,"image_path":"","run_as":"","publisher":"","update_state":"installed","agent_build":"2026.09.4"},{"timestamp":"2026-09-14T01:33:57.600Z","computer":"srv-142","event_id":4624,"record_id":102088,"user":"employee-228","source_ip":"10.11.4.11","target":"logon-session","logon_type":2,"change_ticket":"","result":"success","channel":"Security","provider":"Microsoft-Windows-Security-Auditing","logon_id":"4abbbd68650f696b","process_id":16385,"image_path":"","run_as":"","publisher":"","update_state":"installed","agent_build":"2026.09.1"},{"timestamp":"2026-09-14T01:34:00.300Z","computer":"srv-172","event_id":4634,"record_id":102089,"user":"employee-159","source_ip":"10.12.1.21","target":"logon-session","logon_type":3,"change_ticket":"","result":"success","channel":"Security","provider":"Microsoft-Windows-Security-Auditing","logon_id":"4abbbd68650f696b","process_id":1797,"image_path":"","run_as":"","publisher":"","update_state":"installed","agent_build":"2026.09.2"},{"timestamp":"2026-09-14T01:34:03.000Z","computer":"srv-227","event_id":4688,"record_id":102090,"user":"employee-145","source_ip":"10.12.4.16","target":"logon-session","logon_type":null,"change_ticket":"","result":"success","channel":"Security","provider":"Microsoft-Windows-Security-Auditing","logon_id":"4abbbd68650f696b","process_id":12864,"image_path":"C:/Program Files/ApprovedAgent/agent.exe","run_as":"","publisher":"Approved Software Team","update_state":"installed","agent_build":"2026.09.3"},{"timestamp":"2026-09-14T01:34:05.700Z","computer":"srv-144","event_id":4625,"record_id":102091,"user":"employee-344","source_ip":"10.11.4.13","target":"logon-session","logon_type":2,"change_ticket":"","result":"failure","channel":"Security","provider":"Microsoft-Windows-Security-Auditing","logon_id":"4abbbd68650f696b","process_id":23002,"image_path":"","run_as":"","publisher":"","update_state":"installed","agent_build":"2026.09.4"},{"timestamp":"2026-09-14T01:34:08.400Z","computer":"srv-140","event_id":4698,"record_id":102092,"user":"employee-149","source_ip":"10.11.3.29","target":"Approved-Maintenance","logon_type":null,"change_ticket":"CHG-DEPLOY-18","result":"success","channel":"Security","provider":"Microsoft-Windows-Security-Auditing","logon_id":"c6bfff59f1443dd9","process_id":24656,"image_path":"C:/Program Files/ApprovedAgent/agent.exe","run_as":"svc-agent","publisher":"Approved Software Team","update_state":"installed","agent_build":"2026.09.1"},{"timestamp":"2026-09-14T01:34:11.100Z","computer":"srv-045","event_id":4728,"record_id":102093,"user":"deployment-admin","source_ip":"10.10.3.14","target":"Project-Readers","logon_type":null,"change_ticket":"CHG-DEPLOY-18","result":"success","channel":"Security","provider":"Microsoft-Windows-Security-Auditing","logon_id":"c6bfff59f1443dd9","process_id":20898,"image_path":"","run_as":"","publisher":"","update_state":"installed","agent_build":"2026.09.2"},{"timestamp":"2026-09-14T01:34:13.800Z","computer":"srv-027","event_id":4697,"record_id":102094,"user":"employee-278","source_ip":"10.10.2.16","target":"ApprovedAgent","logon_type":null,"change_ticket":"CHG-DEPLOY-18","result":"success","channel":"Security","provider":"Microsoft-Windows-Security-Auditing","logon_id":"c6bfff59f1443dd9","process_id":11694,"image_path":"C:/Program Files/ApprovedAgent/agent.exe","run_as":"svc-agent","publisher":"Approved Software Team","update_state":"installed","agent_build":"2026.09.3"},{"timestamp":"2026-09-14T01:34:16.500Z","computer":"srv-065","event_id":4624,"record_id":102095,"user":"employee-460","source_ip":"10.10.4.14","target":"logon-session","logon_type":3,"change_ticket":"","result":"success","channel":"Security","provider":"Microsoft-Windows-Security-Auditing","logon_id":"c6bfff59f1443dd9","process_id":23962,"image_path":"","run_as":"","publisher":"","update_state":"installed","agent_build":"2026.09.4"},{"timestamp":"2026-09-14T01:34:19.200Z","computer":"srv-206","event_id":4624,"record_id":102096,"user":"employee-115","source_ip":"10.12.3.15","target":"logon-session","logon_type":10,"change_ticket":"","result":"success","channel":"Security","provider":"Microsoft-Windows-Security-Auditing","logon_id":"ff288727186e5e76","process_id":22021,"image_path":"","run_as":"","publisher":"","update_state":"installed","agent_build":"2026.09.1"},{"timestamp":"2026-09-14T01:34:21.900Z","computer":"srv-179","event_id":4634,"record_id":102097,"user":"employee-64","source_ip":"10.12.1.28","target":"logon-session","logon_type":2,"change_ticket":"","result":"success","channel":"Security","provider":"Microsoft-Windows-Security-Auditing","logon_id":"ff288727186e5e76","process_id":19162,"image_path":"","run_as":"","publisher":"","update_state":"installed","agent_build":"2026.09.2"},{"timestamp":"2026-09-14T01:34:24.600Z","computer":"srv-137","event_id":4688,"record_id":102098,"user":"employee-181","source_ip":"10.11.3.26","target":"logon-session","logon_type":null,"change_ticket":"","result":"success","channel":"Security","provider":"Microsoft-Windows-Security-Auditing","logon_id":"ff288727186e5e76","process_id":1066,"image_path":"C:/Program Files/ApprovedAgent/agent.exe","run_as":"","publisher":"Approved Software Team","update_state":"installed","agent_build":"2026.09.3"},{"timestamp":"2026-09-14T01:34:27.300Z","computer":"srv-111","event_id":4625,"record_id":102099,"user":"employee-425","source_ip":"10.11.2.20","target":"logon-session","logon_type":10,"change_ticket":"","result":"failure","channel":"Security","provider":"Microsoft-Windows-Security-Auditing","logon_id":"ff288727186e5e76","process_id":7969,"image_path":"","run_as":"","publisher":"","update_state":"installed","agent_build":"2026.09.4"},{"timestamp":"2026-09-14T01:34:30.000Z","computer":"srv-015","event_id":4698,"record_id":102100,"user":"employee-406","source_ip":"10.10.1.24","target":"Approved-Maintenance","logon_type":null,"change_ticket":"CHG-DEPLOY-18","result":"success","channel":"Security","provider":"Microsoft-Windows-Security-Auditing","logon_id":"099e7fc72577ac1b","process_id":7875,"image_path":"C:/Program Files/ApprovedAgent/agent.exe","run_as":"svc-agent","publisher":"Approved Software Team","update_state":"installed","agent_build":"2026.09.1"},{"timestamp":"2026-09-14T01:34:32.700Z","computer":"srv-106","event_id":4728,"record_id":102101,"user":"employee-128","source_ip":"10.11.2.15","target":"Project-Readers","logon_type":null,"change_ticket":"CHG-DEPLOY-18","result":"success","channel":"Security","provider":"Microsoft-Windows-Security-Auditing","logon_id":"099e7fc72577ac1b","process_id":20735,"image_path":"","run_as":"","publisher":"","update_state":"installed","agent_build":"2026.09.2"},{"timestamp":"2026-09-14T01:34:35.400Z","computer":"srv-219","event_id":4697,"record_id":102102,"user":"employee-16","source_ip":"10.12.3.28","target":"ApprovedAgent","logon_type":null,"change_ticket":"CHG-DEPLOY-18","result":"success","channel":"Security","provider":"Microsoft-Windows-Security-Auditing","logon_id":"099e7fc72577ac1b","process_id":17765,"image_path":"C:/Program Files/ApprovedAgent/agent.exe","run_as":"svc-agent","publisher":"Approved Software Team","update_state":"installed","agent_build":"2026.09.3"},{"timestamp":"2026-09-14T01:34:38.100Z","computer":"srv-057","event_id":4624,"record_id":102103,"user":"employee-101","source_ip":"10.10.3.26","target":"logon-session","logon_type":2,"change_ticket":"","result":"success","channel":"Security","provider":"Microsoft-Windows-Security-Auditing","logon_id":"099e7fc72577ac1b","process_id":22652,"image_path":"","run_as":"","publisher":"","update_state":"installed","agent_build":"2026.09.4"},{"timestamp":"2026-09-14T01:34:40.800Z","computer":"srv-014","event_id":4624,"record_id":102104,"user":"employee-227","source_ip":"10.10.1.23","target":"logon-session","logon_type":3,"change_ticket":"","result":"success","channel":"Security","provider":"Microsoft-Windows-Security-Auditing","logon_id":"0c9dd020b845683b","process_id":11857,"image_path":"","run_as":"","publisher":"","update_state":"installed","agent_build":"2026.09.1"},{"timestamp":"2026-09-14T01:34:43.500Z","computer":"srv-233","event_id":4634,"record_id":102105,"user":"employee-96","source_ip":"10.12.4.22","target":"logon-session","logon_type":10,"change_ticket":"","result":"success","channel":"Security","provider":"Microsoft-Windows-Security-Auditing","logon_id":"0c9dd020b845683b","process_id":24637,"image_path":"","run_as":"","publisher":"","update_state":"installed","agent_build":"2026.09.2"},{"timestamp":"2026-09-14T01:34:46.200Z","computer":"srv-208","event_id":4688,"record_id":102106,"user":"deployment-admin","source_ip":"10.12.3.17","target":"logon-session","logon_type":null,"change_ticket":"","result":"success","channel":"Security","provider":"Microsoft-Windows-Security-Auditing","logon_id":"0c9dd020b845683b","process_id":15692,"image_path":"C:/Program Files/ApprovedAgent/agent.exe","run_as":"","publisher":"Approved Software Team","update_state":"installed","agent_build":"2026.09.3"},{"timestamp":"2026-09-14T01:34:48.900Z","computer":"srv-023","event_id":4625,"record_id":102107,"user":"employee-453","source_ip":"10.10.2.12","target":"logon-session","logon_type":3,"change_ticket":"","result":"failure","channel":"Security","provider":"Microsoft-Windows-Security-Auditing","logon_id":"0c9dd020b845683b","process_id":11692,"image_path":"","run_as":"","publisher":"","update_state":"installed","agent_build":"2026.09.4"},{"timestamp":"2026-09-14T01:34:51.600Z","computer":"srv-008","event_id":4698,"record_id":102108,"user":"employee-73","source_ip":"10.10.1.17","target":"Approved-Maintenance","logon_type":null,"change_ticket":"CHG-DEPLOY-18","result":"success","channel":"Security","provider":"Microsoft-Windows-Security-Auditing","logon_id":"eb36697c4e07b474","process_id":16332,"image_path":"C:/Program Files/ApprovedAgent/agent.exe","run_as":"svc-agent","publisher":"Approved Software Team","update_state":"restart-pending","agent_build":"2026.09.1"},{"timestamp":"2026-09-14T01:34:54.300Z","computer":"srv-009","event_id":4728,"record_id":102109,"user":"employee-76","source_ip":"10.10.1.18","target":"Project-Readers","logon_type":null,"change_ticket":"CHG-DEPLOY-18","result":"success","channel":"Security","provider":"Microsoft-Windows-Security-Auditing","logon_id":"eb36697c4e07b474","process_id":12607,"image_path":"","run_as":"","publisher":"","update_state":"installed","agent_build":"2026.09.2"},{"timestamp":"2026-09-14T01:34:57.000Z","computer":"srv-121","event_id":4697,"record_id":102110,"user":"employee-295","source_ip":"10.11.3.10","target":"ApprovedAgent","logon_type":null,"change_ticket":"CHG-DEPLOY-18","result":"success","channel":"Security","provider":"Microsoft-Windows-Security-Auditing","logon_id":"eb36697c4e07b474","process_id":12567,"image_path":"C:/Program Files/ApprovedAgent/agent.exe","run_as":"svc-agent","publisher":"Approved Software Team","update_state":"installed","agent_build":"2026.09.3"},{"timestamp":"2026-09-14T01:34:59.700Z","computer":"srv-034","event_id":4624,"record_id":102111,"user":"employee-85","source_ip":"10.10.2.23","target":"logon-session","logon_type":10,"change_ticket":"","result":"success","channel":"Security","provider":"Microsoft-Windows-Security-Auditing","logon_id":"eb36697c4e07b474","process_id":22885,"image_path":"","run_as":"","publisher":"","update_state":"installed","agent_build":"2026.09.4"},{"timestamp":"2026-09-14T01:35:02.400Z","computer":"srv-072","event_id":4624,"record_id":102112,"user":"employee-466","source_ip":"10.10.4.21","target":"logon-session","logon_type":2,"change_ticket":"","result":"success","channel":"Security","provider":"Microsoft-Windows-Security-Auditing","logon_id":"08d7906779c648cb","process_id":5119,"image_path":"","run_as":"","publisher":"","update_state":"installed","agent_build":"2026.09.1"},{"timestamp":"2026-09-14T01:35:05.100Z","computer":"srv-126","event_id":4634,"record_id":102113,"user":"employee-83","source_ip":"10.11.3.15","target":"logon-session","logon_type":3,"change_ticket":"","result":"success","channel":"Security","provider":"Microsoft-Windows-Security-Auditing","logon_id":"08d7906779c648cb","process_id":20810,"image_path":"","run_as":"","publisher":"","update_state":"installed","agent_build":"2026.09.2"},{"timestamp":"2026-09-14T01:35:07.800Z","computer":"srv-043","event_id":4688,"record_id":102114,"user":"employee-399","source_ip":"10.10.3.12","target":"logon-session","logon_type":null,"change_ticket":"","result":"success","channel":"Security","provider":"Microsoft-Windows-Security-Auditing","logon_id":"08d7906779c648cb","process_id":18916,"image_path":"C:/Program Files/ApprovedAgent/agent.exe","run_as":"","publisher":"Approved Software Team","update_state":"installed","agent_build":"2026.09.3"},{"timestamp":"2026-09-14T01:35:10.500Z","computer":"srv-074","event_id":4625,"record_id":102115,"user":"employee-64","source_ip":"10.10.4.23","target":"logon-session","logon_type":2,"change_ticket":"","result":"failure","channel":"Security","provider":"Microsoft-Windows-Security-Auditing","logon_id":"08d7906779c648cb","process_id":15783,"image_path":"","run_as":"","publisher":"","update_state":"failed","agent_build":"2026.09.4"},{"timestamp":"2026-09-14T01:35:13.200Z","computer":"srv-013","event_id":4698,"record_id":102116,"user":"employee-135","source_ip":"10.10.1.22","target":"Approved-Maintenance","logon_type":null,"change_ticket":"CHG-DEPLOY-18","result":"success","channel":"Security","provider":"Microsoft-Windows-Security-Auditing","logon_id":"9f947fe4edfa1bdc","process_id":23325,"image_path":"C:/Program Files/ApprovedAgent/agent.exe","run_as":"svc-agent","publisher":"Approved Software Team","update_state":"installed","agent_build":"2026.09.1"},{"timestamp":"2026-09-14T01:35:15.900Z","computer":"srv-056","event_id":4728,"record_id":102117,"user":"employee-126","source_ip":"10.10.3.25","target":"Project-Readers","logon_type":null,"change_ticket":"CHG-DEPLOY-18","result":"success","channel":"Security","provider":"Microsoft-Windows-Security-Auditing","logon_id":"9f947fe4edfa1bdc","process_id":20612,"image_path":"","run_as":"","publisher":"","update_state":"installed","agent_build":"2026.09.2"},{"timestamp":"2026-09-14T01:35:18.600Z","computer":"srv-159","event_id":4697,"record_id":102118,"user":"employee-403","source_ip":"10.11.4.28","target":"ApprovedAgent","logon_type":null,"change_ticket":"CHG-DEPLOY-18","result":"success","channel":"Security","provider":"Microsoft-Windows-Security-Auditing","logon_id":"9f947fe4edfa1bdc","process_id":15295,"image_path":"C:/Program Files/ApprovedAgent/agent.exe","run_as":"svc-agent","publisher":"Approved Software Team","update_state":"installed","agent_build":"2026.09.3"},{"timestamp":"2026-09-14T01:35:21.300Z","computer":"srv-124","event_id":4624,"record_id":102119,"user":"deployment-admin","source_ip":"10.11.3.13","target":"logon-session","logon_type":3,"change_ticket":"","result":"success","channel":"Security","provider":"Microsoft-Windows-Security-Auditing","logon_id":"9f947fe4edfa1bdc","process_id":12181,"image_path":"","run_as":"","publisher":"","update_state":"installed","agent_build":"2026.09.4"},