{"timestamp":"2026-09-14T01:16:19.200Z","computer":"srv-008","event_id":4624,"record_id":101696,"user":"employee-392","source_ip":"10.10.1.17","target":"logon-session","logon_type":3,"change_ticket":"","result":"success","channel":"Security","provider":"Microsoft-Windows-Security-Auditing","logon_id":"5f3dd6e2ae2be7da","process_id":13929,"image_path":"","run_as":"","publisher":"","update_state":"installed","agent_build":"2026.09.1"},{"timestamp":"2026-09-14T01:16:21.900Z","computer":"srv-134","event_id":4634,"record_id":101697,"user":"employee-384","source_ip":"10.11.3.23","target":"logon-session","logon_type":10,"change_ticket":"","result":"success","channel":"Security","provider":"Microsoft-Windows-Security-Auditing","logon_id":"5f3dd6e2ae2be7da","process_id":12824,"image_path":"","run_as":"","publisher":"","update_state":"installed","agent_build":"2026.09.2"},{"timestamp":"2026-09-14T01:16:24.600Z","computer":"srv-148","event_id":4688,"record_id":101698,"user":"employee-65","source_ip":"10.11.4.17","target":"logon-session","logon_type":null,"change_ticket":"","result":"success","channel":"Security","provider":"Microsoft-Windows-Security-Auditing","logon_id":"5f3dd6e2ae2be7da","process_id":9976,"image_path":"C:/Program Files/ApprovedAgent/agent.exe","run_as":"","publisher":"Approved Software Team","update_state":"installed","agent_build":"2026.09.3"},{"timestamp":"2026-09-14T01:16:27.300Z","computer":"srv-193","event_id":4625,"record_id":101699,"user":"employee-288","source_ip":"10.12.2.22","target":"logon-session","logon_type":3,"change_ticket":"","result":"failure","channel":"Security","provider":"Microsoft-Windows-Security-Auditing","logon_id":"5f3dd6e2ae2be7da","process_id":15338,"image_path":"","run_as":"","publisher":"","update_state":"installed","agent_build":"2026.09.4"},{"timestamp":"2026-09-14T01:16:30.000Z","computer":"srv-100","event_id":4698,"record_id":101700,"user":"employee-358","source_ip":"10.11.1.29","target":"Approved-Maintenance","logon_type":null,"change_ticket":"CHG-DEPLOY-18","result":"success","channel":"Security","provider":"Microsoft-Windows-Security-Auditing","logon_id":"34498829afb35d90","process_id":25335,"image_path":"C:/Program Files/ApprovedAgent/agent.exe","run_as":"svc-agent","publisher":"Approved Software Team","update_state":"installed","agent_build":"2026.09.1"},{"timestamp":"2026-09-14T01:16:32.700Z","computer":"srv-043","event_id":4728,"record_id":101701,"user":"employee-289","source_ip":"10.10.3.12","target":"Project-Readers","logon_type":null,"change_ticket":"CHG-DEPLOY-18","result":"success","channel":"Security","provider":"Microsoft-Windows-Security-Auditing","logon_id":"34498829afb35d90","process_id":3643,"image_path":"","run_as":"","publisher":"","update_state":"installed","agent_build":"2026.09.2"},{"timestamp":"2026-09-14T01:16:35.400Z","computer":"srv-059","event_id":4697,"record_id":101702,"user":"employee-51","source_ip":"10.10.3.28","target":"ApprovedAgent","logon_type":null,"change_ticket":"CHG-DEPLOY-18","result":"success","channel":"Security","provider":"Microsoft-Windows-Security-Auditing","logon_id":"34498829afb35d90","process_id":3960,"image_path":"C:/Program Files/ApprovedAgent/agent.exe","run_as":"svc-agent","publisher":"Approved Software Team","update_state":"installed","agent_build":"2026.09.3"},{"timestamp":"2026-09-14T01:16:38.100Z","computer":"srv-036","event_id":4624,"record_id":101703,"user":"deployment-admin","source_ip":"10.10.2.25","target":"logon-session","logon_type":10,"change_ticket":"","result":"success","channel":"Security","provider":"Microsoft-Windows-Security-Auditing","logon_id":"34498829afb35d90","process_id":8550,"image_path":"","run_as":"","publisher":"","update_state":"installed","agent_build":"2026.09.4"},{"timestamp":"2026-09-14T01:16:40.800Z","computer":"srv-014","event_id":4624,"record_id":101704,"user":"employee-290","source_ip":"10.10.1.23","target":"logon-session","logon_type":2,"change_ticket":"","result":"success","channel":"Security","provider":"Microsoft-Windows-Security-Auditing","logon_id":"c88f2a2561a5e86f","process_id":24202,"image_path":"","run_as":"","publisher":"","update_state":"installed","agent_build":"2026.09.1"},{"timestamp":"2026-09-14T01:16:43.500Z","computer":"srv-150","event_id":4634,"record_id":101705,"user":"employee-146","source_ip":"10.11.4.19","target":"logon-session","logon_type":3,"change_ticket":"","result":"success","channel":"Security","provider":"Microsoft-Windows-Security-Auditing","logon_id":"c88f2a2561a5e86f","process_id":3144,"image_path":"","run_as":"","publisher":"","update_state":"restart-pending","agent_build":"2026.09.2"},{"timestamp":"2026-09-14T01:16:46.200Z","computer":"srv-085","event_id":4688,"record_id":101706,"user":"employee-36","source_ip":"10.11.1.14","target":"logon-session","logon_type":null,"change_ticket":"","result":"success","channel":"Security","provider":"Microsoft-Windows-Security-Auditing","logon_id":"c88f2a2561a5e86f","process_id":5968,"image_path":"C:/Program Files/ApprovedAgent/agent.exe","run_as":"","publisher":"Approved Software Team","update_state":"installed","agent_build":"2026.09.3"},{"timestamp":"2026-09-14T01:16:48.900Z","computer":"srv-138","event_id":4625,"record_id":101707,"user":"employee-264","source_ip":"10.11.3.27","target":"logon-session","logon_type":2,"change_ticket":"","result":"failure","channel":"Security","provider":"Microsoft-Windows-Security-Auditing","logon_id":"c88f2a2561a5e86f","process_id":24842,"image_path":"","run_as":"","publisher":"","update_state":"installed","agent_build":"2026.09.4"},{"timestamp":"2026-09-14T01:16:51.600Z","computer":"srv-231","event_id":4698,"record_id":101708,"user":"employee-303","source_ip":"10.12.4.20","target":"Approved-Maintenance","logon_type":null,"change_ticket":"CHG-DEPLOY-18","result":"success","channel":"Security","provider":"Microsoft-Windows-Security-Auditing","logon_id":"5a5c983e7a7e288b","process_id":10314,"image_path":"C:/Program Files/ApprovedAgent/agent.exe","run_as":"svc-agent","publisher":"Approved Software Team","update_state":"installed","agent_build":"2026.09.1"},{"timestamp":"2026-09-14T01:16:54.300Z","computer":"srv-212","event_id":4728,"record_id":101709,"user":"employee-336","source_ip":"10.12.3.21","target":"Project-Readers","logon_type":null,"change_ticket":"CHG-DEPLOY-18","result":"success","channel":"Security","provider":"Microsoft-Windows-Security-Auditing","logon_id":"5a5c983e7a7e288b","process_id":13029,"image_path":"","run_as":"","publisher":"","update_state":"installed","agent_build":"2026.09.2"},{"timestamp":"2026-09-14T01:16:57.000Z","computer":"srv-032","event_id":4697,"record_id":101710,"user":"employee-177","source_ip":"10.10.2.21","target":"ApprovedAgent","logon_type":null,"change_ticket":"CHG-DEPLOY-18","result":"success","channel":"Security","provider":"Microsoft-Windows-Security-Auditing","logon_id":"5a5c983e7a7e288b","process_id":16248,"image_path":"C:/Program Files/ApprovedAgent/agent.exe","run_as":"svc-agent","publisher":"Approved Software Team","update_state":"installed","agent_build":"2026.09.3"},{"timestamp":"2026-09-14T01:16:59.700Z","computer":"srv-152","event_id":4624,"record_id":101711,"user":"employee-56","source_ip":"10.11.4.21","target":"logon-session","logon_type":3,"change_ticket":"","result":"success","channel":"Security","provider":"Microsoft-Windows-Security-Auditing","logon_id":"5a5c983e7a7e288b","process_id":5556,"image_path":"","run_as":"","publisher":"","update_state":"no-report","agent_build":"2026.09.4"},{"timestamp":"2026-09-14T01:17:02.400Z","computer":"srv-020","event_id":4624,"record_id":101712,"user":"employee-185","source_ip":"10.10.1.29","target":"logon-session","logon_type":10,"change_ticket":"","result":"success","channel":"Security","provider":"Microsoft-Windows-Security-Auditing","logon_id":"1aa99d929210f607","process_id":22641,"image_path":"","run_as":"","publisher":"","update_state":"installed","agent_build":"2026.09.1"},{"timestamp":"2026-09-14T01:17:05.100Z","computer":"srv-227","event_id":4634,"record_id":101713,"user":"employee-265","source_ip":"10.12.4.16","target":"logon-session","logon_type":2,"change_ticket":"","result":"success","channel":"Security","provider":"Microsoft-Windows-Security-Auditing","logon_id":"1aa99d929210f607","process_id":19217,"image_path":"","run_as":"","publisher":"","update_state":"installed","agent_build":"2026.09.2"},{"timestamp":"2026-09-14T01:17:07.800Z","computer":"srv-008","event_id":4688,"record_id":101714,"user":"employee-400","source_ip":"10.10.1.17","target":"logon-session","logon_type":null,"change_ticket":"","result":"success","channel":"Security","provider":"Microsoft-Windows-Security-Auditing","logon_id":"1aa99d929210f607","process_id":6572,"image_path":"C:/Program Files/ApprovedAgent/agent.exe","run_as":"","publisher":"Approved Software Team","update_state":"installed","agent_build":"2026.09.3"},{"timestamp":"2026-09-14T01:17:10.500Z","computer":"srv-095","event_id":4625,"record_id":101715,"user":"employee-439","source_ip":"10.11.1.24","target":"logon-session","logon_type":10,"change_ticket":"","result":"failure","channel":"Security","provider":"Microsoft-Windows-Security-Auditing","logon_id":"1aa99d929210f607","process_id":17551,"image_path":"","run_as":"","publisher":"","update_state":"installed","agent_build":"2026.09.4"},{"timestamp":"2026-09-14T01:17:13.200Z","computer":"srv-145","event_id":4698,"record_id":101716,"user":"deployment-admin","source_ip":"10.11.4.14","target":"Approved-Maintenance","logon_type":null,"change_ticket":"CHG-DEPLOY-18","result":"success","channel":"Security","provider":"Microsoft-Windows-Security-Auditing","logon_id":"73236296d5df5beb","process_id":3537,"image_path":"C:/Program Files/ApprovedAgent/agent.exe","run_as":"svc-agent","publisher":"Approved Software Team","update_state":"installed","agent_build":"2026.09.1"},{"timestamp":"2026-09-14T01:17:15.900Z","computer":"srv-211","event_id":4728,"record_id":101717,"user":"employee-267","source_ip":"10.12.3.20","target":"Project-Readers","logon_type":null,"change_ticket":"CHG-DEPLOY-18","result":"success","channel":"Security","provider":"Microsoft-Windows-Security-Auditing","logon_id":"73236296d5df5beb","process_id":8398,"image_path":"","run_as":"","publisher":"","update_state":"installed","agent_build":"2026.09.2"},{"timestamp":"2026-09-14T01:17:18.600Z","computer":"srv-184","event_id":4697,"record_id":101718,"user":"employee-329","source_ip":"10.12.2.13","target":"ApprovedAgent","logon_type":null,"change_ticket":"CHG-DEPLOY-18","result":"success","channel":"Security","provider":"Microsoft-Windows-Security-Auditing","logon_id":"73236296d5df5beb","process_id":4611,"image_path":"C:/Program Files/ApprovedAgent/agent.exe","run_as":"svc-agent","publisher":"Approved Software Team","update_state":"installed","agent_build":"2026.09.3"},{"timestamp":"2026-09-14T01:17:21.300Z","computer":"srv-215","event_id":4624,"record_id":101719,"user":"employee-384","source_ip":"10.12.3.24","target":"logon-session","logon_type":2,"change_ticket":"","result":"success","channel":"Security","provider":"Microsoft-Windows-Security-Auditing","logon_id":"73236296d5df5beb","process_id":18035,"image_path":"","run_as":"","publisher":"","update_state":"installed","agent_build":"2026.09.4"},{"timestamp":"2026-09-14T01:17:24.000Z","computer":"srv-035","event_id":4624,"record_id":101720,"user":"employee-455","source_ip":"10.10.2.24","target":"logon-session","logon_type":3,"change_ticket":"","result":"success","channel":"Security","provider":"Microsoft-Windows-Security-Auditing","logon_id":"059c49cf4982ae20","process_id":12753,"image_path":"","run_as":"","publisher":"","update_state":"installed","agent_build":"2026.09.1"},{"timestamp":"2026-09-14T01:17:26.700Z","computer":"srv-115","event_id":4634,"record_id":101721,"user":"employee-128","source_ip":"10.11.2.24","target":"logon-session","logon_type":10,"change_ticket":"","result":"success","channel":"Security","provider":"Microsoft-Windows-Security-Auditing","logon_id":"059c49cf4982ae20","process_id":24961,"image_path":"","run_as":"","publisher":"","update_state":"installed","agent_build":"2026.09.2"},{"timestamp":"2026-09-14T01:17:29.400Z","computer":"srv-077","event_id":4688,"record_id":101722,"user":"employee-274","source_ip":"10.10.4.26","target":"logon-session","logon_type":null,"change_ticket":"","result":"success","channel":"Security","provider":"Microsoft-Windows-Security-Auditing","logon_id":"059c49cf4982ae20","process_id":9558,"image_path":"C:/Program Files/ApprovedAgent/agent.exe","run_as":"","publisher":"Approved Software Team","update_state":"installed","agent_build":"2026.09.3"},{"timestamp":"2026-09-14T01:17:32.100Z","computer":"srv-128","event_id":4625,"record_id":101723,"user":"employee-389","source_ip":"10.11.3.17","target":"logon-session","logon_type":3,"change_ticket":"","result":"failure","channel":"Security","provider":"Microsoft-Windows-Security-Auditing","logon_id":"059c49cf4982ae20","process_id":21160,"image_path":"","run_as":"","publisher":"","update_state":"installed","agent_build":"2026.09.4"},{"timestamp":"2026-09-14T01:17:34.800Z","computer":"srv-238","event_id":4698,"record_id":101724,"user":"employee-326","source_ip":"10.12.4.27","target":"Approved-Maintenance","logon_type":null,"change_ticket":"CHG-DEPLOY-18","result":"success","channel":"Security","provider":"Microsoft-Windows-Security-Auditing","logon_id":"c68e3876a9f9925f","process_id":9285,"image_path":"C:/Program Files/ApprovedAgent/agent.exe","run_as":"svc-agent","publisher":"Approved Software Team","update_state":"installed","agent_build":"2026.09.1"},{"timestamp":"2026-09-14T01:17:37.500Z","computer":"srv-181","event_id":4728,"record_id":101725,"user":"employee-240","source_ip":"10.12.2.10","target":"Project-Readers","logon_type":null,"change_ticket":"CHG-DEPLOY-18","result":"success","channel":"Security","provider":"Microsoft-Windows-Security-Auditing","logon_id":"c68e3876a9f9925f","process_id":23705,"image_path":"","run_as":"","publisher":"","update_state":"installed","agent_build":"2026.09.2"},{"timestamp":"2026-09-14T01:17:40.200Z","computer":"srv-122","event_id":4697,"record_id":101726,"user":"employee-370","source_ip":"10.11.3.11","target":"ApprovedAgent","logon_type":null,"change_ticket":"CHG-DEPLOY-18","result":"success","channel":"Security","provider":"Microsoft-Windows-Security-Auditing","logon_id":"c68e3876a9f9925f","process_id":6864,"image_path":"C:/Program Files/ApprovedAgent/agent.exe","run_as":"svc-agent","publisher":"Approved Software Team","update_state":"installed","agent_build":"2026.09.3"},{"timestamp":"2026-09-14T01:17:42.900Z","computer":"srv-043","event_id":4624,"record_id":101727,"user":"employee-284","source_ip":"10.10.3.12","target":"logon-session","logon_type":10,"change_ticket":"","result":"success","channel":"Security","provider":"Microsoft-Windows-Security-Auditing","logon_id":"c68e3876a9f9925f","process_id":18123,"image_path":"","run_as":"","publisher":"","update_state":"installed","agent_build":"2026.09.4"},{"timestamp":"2026-09-14T01:17:45.600Z","computer":"srv-118","event_id":4624,"record_id":101728,"user":"employee-107","source_ip":"10.11.2.27","target":"logon-session","logon_type":2,"change_ticket":"","result":"success","channel":"Security","provider":"Microsoft-Windows-Security-Auditing","logon_id":"57fdb4da8cd0b3b6","process_id":11727,"image_path":"","run_as":"","publisher":"","update_state":"installed","agent_build":"2026.09.1"},{"timestamp":"2026-09-14T01:17:48.300Z","computer":"srv-189","event_id":4634,"record_id":101729,"user":"deployment-admin","source_ip":"10.12.2.18","target":"logon-session","logon_type":3,"change_ticket":"","result":"success","channel":"Security","provider":"Microsoft-Windows-Security-Auditing","logon_id":"57fdb4da8cd0b3b6","process_id":21285,"image_path":"","run_as":"","publisher":"","update_state":"installed","agent_build":"2026.09.2"},{"timestamp":"2026-09-14T01:17:51.000Z","computer":"srv-220","event_id":4688,"record_id":101730,"user":"employee-476","source_ip":"10.12.3.29","target":"logon-session","logon_type":null,"change_ticket":"","result":"success","channel":"Security","provider":"Microsoft-Windows-Security-Auditing","logon_id":"57fdb4da8cd0b3b6","process_id":7594,"image_path":"C:/Program Files/ApprovedAgent/agent.exe","run_as":"","publisher":"Approved Software Team","update_state":"installed","agent_build":"2026.09.3"},{"timestamp":"2026-09-14T01:17:53.700Z","computer":"srv-132","event_id":4625,"record_id":101731,"user":"employee-322","source_ip":"10.11.3.21","target":"logon-session","logon_type":2,"change_ticket":"","result":"failure","channel":"Security","provider":"Microsoft-Windows-Security-Auditing","logon_id":"57fdb4da8cd0b3b6","process_id":10466,"image_path":"","run_as":"","publisher":"","update_state":"installed","agent_build":"2026.09.4"},{"timestamp":"2026-09-14T01:17:56.400Z","computer":"srv-128","event_id":4698,"record_id":101732,"user":"employee-60","source_ip":"10.11.3.17","target":"Approved-Maintenance","logon_type":null,"change_ticket":"CHG-DEPLOY-18","result":"success","channel":"Security","provider":"Microsoft-Windows-Security-Auditing","logon_id":"482f400b42ee0932","process_id":12381,"image_path":"C:/Program Files/ApprovedAgent/agent.exe","run_as":"svc-agent","publisher":"Approved Software Team","update_state":"installed","agent_build":"2026.09.1"},{"timestamp":"2026-09-14T01:17:59.100Z","computer":"srv-209","event_id":4728,"record_id":101733,"user":"employee-292","source_ip":"10.12.3.18","target":"Project-Readers","logon_type":null,"change_ticket":"CHG-DEPLOY-18","result":"success","channel":"Security","provider":"Microsoft-Windows-Security-Auditing","logon_id":"482f400b42ee0932","process_id":10733,"image_path":"","run_as":"","publisher":"","update_state":"installed","agent_build":"2026.09.2"},{"timestamp":"2026-09-14T01:18:01.800Z","computer":"srv-115","event_id":4697,"record_id":101734,"user":"employee-415","source_ip":"10.11.2.24","target":"ApprovedAgent","logon_type":null,"change_ticket":"CHG-DEPLOY-18","result":"success","channel":"Security","provider":"Microsoft-Windows-Security-Auditing","logon_id":"482f400b42ee0932","process_id":25848,"image_path":"C:/Program Files/ApprovedAgent/agent.exe","run_as":"svc-agent","publisher":"Approved Software Team","update_state":"installed","agent_build":"2026.09.3"},{"timestamp":"2026-09-14T01:18:04.500Z","computer":"srv-238","event_id":4624,"record_id":101735,"user":"employee-24","source_ip":"10.12.4.27","target":"logon-session","logon_type":3,"change_ticket":"","result":"success","channel":"Security","provider":"Microsoft-Windows-Security-Auditing","logon_id":"482f400b42ee0932","process_id":18493,"image_path":"","run_as":"","publisher":"","update_state":"installed","agent_build":"2026.09.4"},{"timestamp":"2026-09-14T01:18:07.200Z","computer":"srv-008","event_id":4624,"record_id":101736,"user":"employee-302","source_ip":"10.10.1.17","target":"logon-session","logon_type":10,"change_ticket":"","result":"success","channel":"Security","provider":"Microsoft-Windows-Security-Auditing","logon_id":"4c91130acf1b307e","process_id":9159,"image_path":"","run_as":"","publisher":"","update_state":"restart-pending","agent_build":"2026.09.1"},{"timestamp":"2026-09-14T01:18:09.900Z","computer":"srv-097","event_id":4634,"record_id":101737,"user":"employee-134","source_ip":"10.11.1.26","target":"logon-session","logon_type":2,"change_ticket":"","result":"success","channel":"Security","provider":"Microsoft-Windows-Security-Auditing","logon_id":"4c91130acf1b307e","process_id":10832,"image_path":"","run_as":"","publisher":"","update_state":"installed","agent_build":"2026.09.2"},{"timestamp":"2026-09-14T01:18:12.600Z","computer":"srv-092","event_id":4688,"record_id":101738,"user":"employee-121","source_ip":"10.11.1.21","target":"logon-session","logon_type":null,"change_ticket":"","result":"success","channel":"Security","provider":"Microsoft-Windows-Security-Auditing","logon_id":"4c91130acf1b307e","process_id":8618,"image_path":"C:/Program Files/ApprovedAgent/agent.exe","run_as":"","publisher":"Approved Software Team","update_state":"installed","agent_build":"2026.09.3"},{"timestamp":"2026-09-14T01:18:15.300Z","computer":"srv-003","event_id":4625,"record_id":101739,"user":"employee-302","source_ip":"10.10.1.12","target":"logon-session","logon_type":10,"change_ticket":"","result":"failure","channel":"Security","provider":"Microsoft-Windows-Security-Auditing","logon_id":"4c91130acf1b307e","process_id":1044,"image_path":"","run_as":"","publisher":"","update_state":"failed","agent_build":"2026.09.4"},{"timestamp":"2026-09-14T01:18:18.000Z","computer":"srv-024","event_id":4698,"record_id":101740,"user":"employee-92","source_ip":"10.10.2.13","target":"Approved-Maintenance","logon_type":null,"change_ticket":"CHG-DEPLOY-18","result":"success","channel":"Security","provider":"Microsoft-Windows-Security-Auditing","logon_id":"ef91c8641b33be57","process_id":21953,"image_path":"C:/Program Files/ApprovedAgent/agent.exe","run_as":"svc-agent","publisher":"Approved Software Team","update_state":"installed","agent_build":"2026.09.1"},{"timestamp":"2026-09-14T01:18:20.700Z","computer":"srv-114","event_id":4728,"record_id":101741,"user":"employee-120","source_ip":"10.11.2.23","target":"Project-Readers","logon_type":null,"change_ticket":"CHG-DEPLOY-18","result":"success","channel":"Security","provider":"Microsoft-Windows-Security-Auditing","logon_id":"ef91c8641b33be57","process_id":11610,"image_path":"","run_as":"","publisher":"","update_state":"installed","agent_build":"2026.09.2"},{"timestamp":"2026-09-14T01:18:23.400Z","computer":"srv-089","event_id":4697,"record_id":101742,"user":"deployment-admin","source_ip":"10.11.1.18","target":"ApprovedAgent","logon_type":null,"change_ticket":"CHG-DEPLOY-18","result":"success","channel":"Security","provider":"Microsoft-Windows-Security-Auditing","logon_id":"ef91c8641b33be57","process_id":6353,"image_path":"C:/Program Files/ApprovedAgent/agent.exe","run_as":"svc-agent","publisher":"Approved Software Team","update_state":"installed","agent_build":"2026.09.3"},{"timestamp":"2026-09-14T01:18:26.100Z","computer":"srv-085","event_id":4624,"record_id":101743,"user":"employee-418","source_ip":"10.11.1.14","target":"logon-session","logon_type":2,"change_ticket":"","result":"success","channel":"Security","provider":"Microsoft-Windows-Security-Auditing","logon_id":"ef91c8641b33be57","process_id":7468,"image_path":"","run_as":"","publisher":"","update_state":"installed","agent_build":"2026.09.4"},{"timestamp":"2026-09-14T01:18:28.800Z","computer":"srv-160","event_id":4624,"record_id":101744,"user":"employee-414","source_ip":"10.11.4.29","target":"logon-session","logon_type":3,"change_ticket":"","result":"success","channel":"Security","provider":"Microsoft-Windows-Security-Auditing","logon_id":"9e669556b9b63743","process_id":21961,"image_path":"","run_as":"","publisher":"","update_state":"installed","agent_build":"2026.09.1"},{"timestamp":"2026-09-14T01:18:31.500Z","computer":"srv-214","event_id":4634,"record_id":101745,"user":"employee-259","source_ip":"10.12.3.23","target":"logon-session","logon_type":10,"change_ticket":"","result":"success","channel":"Security","provider":"Microsoft-Windows-Security-Auditing","logon_id":"9e669556b9b63743","process_id":13824,"image_path":"","run_as":"","publisher":"","update_state":"installed","agent_build":"2026.09.2"},{"timestamp":"2026-09-14T01:18:34.200Z","computer":"srv-049","event_id":4688,"record_id":101746,"user":"employee-260","source_ip":"10.10.3.18","target":"logon-session","logon_type":null,"change_ticket":"","result":"success","channel":"Security","provider":"Microsoft-Windows-Security-Auditing","logon_id":"9e669556b9b63743","process_id":8661,"image_path":"C:/Program Files/ApprovedAgent/agent.exe","run_as":"","publisher":"Approved Software Team","update_state":"installed","agent_build":"2026.09.3"},{"timestamp":"2026-09-14T01:18:36.900Z","computer":"srv-137","event_id":4625,"record_id":101747,"user":"employee-423","source_ip":"10.11.3.26","target":"logon-session","logon_type":3,"change_ticket":"","result":"failure","channel":"Security","provider":"Microsoft-Windows-Security-Auditing","logon_id":"9e669556b9b63743","process_id":22411,"image_path":"","run_as":"","publisher":"","update_state":"installed","agent_build":"2026.09.4"},{"timestamp":"2026-09-14T01:18:39.600Z","computer":"srv-005","event_id":4698,"record_id":101748,"user":"employee-365","source_ip":"10.10.1.14","target":"Approved-Maintenance","logon_type":null,"change_ticket":"CHG-DEPLOY-18","result":"success","channel":"Security","provider":"Microsoft-Windows-Security-Auditing","logon_id":"6fd25e314bcfc83e","process_id":9562,"image_path":"C:/Program Files/ApprovedAgent/agent.exe","run_as":"svc-agent","publisher":"Approved Software Team","update_state":"installed","agent_build":"2026.09.1"},{"timestamp":"2026-09-14T01:18:42.300Z","computer":"srv-045","event_id":4728,"record_id":101749,"user":"employee-387","source_ip":"10.10.3.14","target":"Project-Readers","logon_type":null,"change_ticket":"CHG-DEPLOY-18","result":"success","channel":"Security","provider":"Microsoft-Windows-Security-Auditing","logon_id":"6fd25e314bcfc83e","process_id":7484,"image_path":"","run_as":"","publisher":"","update_state":"installed","agent_build":"2026.09.2"},{"timestamp":"2026-09-14T01:18:45.000Z","computer":"srv-006","event_id":4697,"record_id":101750,"user":"employee-92","source_ip":"10.10.1.15","target":"ApprovedAgent","logon_type":null,"change_ticket":"CHG-DEPLOY-18","result":"success","channel":"Security","provider":"Microsoft-Windows-Security-Auditing","logon_id":"6fd25e314bcfc83e","process_id":12288,"image_path":"C:/Program Files/ApprovedAgent/agent.exe","run_as":"svc-agent","publisher":"Approved Software Team","update_state":"installed","agent_build":"2026.09.3"},{"timestamp":"2026-09-14T01:18:47.700Z","computer":"srv-210","event_id":4624,"record_id":101751,"user":"employee-8","source_ip":"10.12.3.19","target":"logon-session","logon_type":10,"change_ticket":"","result":"success","channel":"Security","provider":"Microsoft-Windows-Security-Auditing","logon_id":"6fd25e314bcfc83e","process_id":13814,"image_path":"","run_as":"","publisher":"","update_state":"installed","agent_build":"2026.09.4"},{"timestamp":"2026-09-14T01:18:50.400Z","computer":"srv-148","event_id":4624,"record_id":101752,"user":"employee-236","source_ip":"10.11.4.17","target":"logon-session","logon_type":2,"change_ticket":"","result":"success","channel":"Security","provider":"Microsoft-Windows-Security-Auditing","logon_id":"bb31e4ce338a6af3","process_id":11784,"image_path":"","run_as":"","publisher":"","update_state":"installed","agent_build":"2026.09.1"},{"timestamp":"2026-09-14T01:18:53.100Z","computer":"srv-086","event_id":4634,"record_id":101753,"user":"employee-42","source_ip":"10.11.1.15","target":"logon-session","logon_type":3,"change_ticket":"","result":"success","channel":"Security","provider":"Microsoft-Windows-Security-Auditing","logon_id":"bb31e4ce338a6af3","process_id":25515,"image_path":"","run_as":"","publisher":"","update_state":"installed","agent_build":"2026.09.2"},{"timestamp":"2026-09-14T01:18:55.800Z","computer":"srv-205","event_id":4688,"record_id":101754,"user":"employee-256","source_ip":"10.12.3.14","target":"logon-session","logon_type":null,"change_ticket":"","result":"success","channel":"Security","provider":"Microsoft-Windows-Security-Auditing","logon_id":"bb31e4ce338a6af3","process_id":5586,"image_path":"C:/Program Files/ApprovedAgent/agent.exe","run_as":"","publisher":"Approved Software Team","update_state":"installed","agent_build":"2026.09.3"},{"timestamp":"2026-09-14T01:18:58.500Z","computer":"srv-215","event_id":4625,"record_id":101755,"user":"deployment-admin","source_ip":"10.12.3.24","target":"logon-session","logon_type":2,"change_ticket":"","result":"failure","channel":"Security","provider":"Microsoft-Windows-Security-Auditing","logon_id":"bb31e4ce338a6af3","process_id":18682,"image_path":"","run_as":"","publisher":"","update_state":"installed","agent_build":"2026.09.4"},{"timestamp":"2026-09-14T01:19:01.200Z","computer":"srv-084","event_id":4698,"record_id":101756,"user":"employee-447","source_ip":"10.11.1.13","target":"Approved-Maintenance","logon_type":null,"change_ticket":"CHG-DEPLOY-18","result":"success","channel":"Security","provider":"Microsoft-Windows-Security-Auditing","logon_id":"1480ca3540d5da37","process_id":17675,"image_path":"C:/Program Files/ApprovedAgent/agent.exe","run_as":"svc-agent","publisher":"Approved Software Team","update_state":"installed","agent_build":"2026.09.1"},{"timestamp":"2026-09-14T01:19:03.900Z","computer":"srv-179","event_id":4728,"record_id":101757,"user":"employee-168","source_ip":"10.12.1.28","target":"Project-Readers","logon_type":null,"change_ticket":"CHG-DEPLOY-18","result":"success","channel":"Security","provider":"Microsoft-Windows-Security-Auditing","logon_id":"1480ca3540d5da37","process_id":19150,"image_path":"","run_as":"","publisher":"","update_state":"installed","agent_build":"2026.09.2"},{"timestamp":"2026-09-14T01:19:06.600Z","computer":"srv-120","event_id":4697,"record_id":101758,"user":"employee-468","source_ip":"10.11.2.29","target":"ApprovedAgent","logon_type":null,"change_ticket":"CHG-DEPLOY-18","result":"success","channel":"Security","provider":"Microsoft-Windows-Security-Auditing","logon_id":"1480ca3540d5da37","process_id":17551,"image_path":"C:/Program Files/ApprovedAgent/agent.exe","run_as":"svc-agent","publisher":"Approved Software Team","update_state":"installed","agent_build":"2026.09.3"},{"timestamp":"2026-09-14T01:19:09.300Z","computer":"srv-194","event_id":4624,"record_id":101759,"user":"employee-354","source_ip":"10.12.2.23","target":"logon-session","logon_type":3,"change_ticket":"","result":"success","channel":"Security","provider":"Microsoft-Windows-Security-Auditing","logon_id":"1480ca3540d5da37","process_id":20228,"image_path":"","run_as":"","publisher":"","update_state":"installed","agent_build":"2026.09.4"},{"timestamp":"2026-09-14T01:19:12.000Z","computer":"srv-027","event_id":4624,"record_id":101760,"user":"employee-440","source_ip":"10.10.2.16","target":"logon-session","logon_type":10,"change_ticket":"","result":"success","channel":"Security","provider":"Microsoft-Windows-Security-Auditing","logon_id":"577b500f6cffa937","process_id":7145,"image_path":"","run_as":"","publisher":"","update_state":"installed","agent_build":"2026.09.1"},{"timestamp":"2026-09-14T01:19:14.700Z","computer":"srv-053","event_id":4634,"record_id":101761,"user":"employee-444","source_ip":"10.10.3.22","target":"logon-session","logon_type":2,"change_ticket":"","result":"success","channel":"Security","provider":"Microsoft-Windows-Security-Auditing","logon_id":"577b500f6cffa937","process_id":13517,"image_path":"","run_as":"","publisher":"","update_state":"installed","agent_build":"2026.09.2"},{"timestamp":"2026-09-14T01:19:17.400Z","computer":"srv-139","event_id":4688,"record_id":101762,"user":"employee-303","source_ip":"10.11.3.28","target":"logon-session","logon_type":null,"change_ticket":"","result":"success","channel":"Security","provider":"Microsoft-Windows-Security-Auditing","logon_id":"577b500f6cffa937","process_id":4818,"image_path":"C:/Program Files/ApprovedAgent/agent.exe","run_as":"","publisher":"Approved Software Team","update_state":"installed","agent_build":"2026.09.3"},{"timestamp":"2026-09-14T01:19:20.100Z","computer":"srv-096","event_id":4625,"record_id":101763,"user":"employee-184","source_ip":"10.11.1.25","target":"logon-session","logon_type":10,"change_ticket":"","result":"failure","channel":"Security","provider":"Microsoft-Windows-Security-Auditing","logon_id":"577b500f6cffa937","process_id":8449,"image_path":"","run_as":"","publisher":"","update_state":"installed","agent_build":"2026.09.4"},{"timestamp":"2026-09-14T01:19:22.800Z","computer":"srv-065","event_id":4698,"record_id":101764,"user":"employee-446","source_ip":"10.10.4.14","target":"Approved-Maintenance","logon_type":null,"change_ticket":"CHG-DEPLOY-18","result":"success","channel":"Security","provider":"Microsoft-Windows-Security-Auditing","logon_id":"675e6a7f25d8e306","process_id":22464,"image_path":"C:/Program Files/ApprovedAgent/agent.exe","run_as":"svc-agent","publisher":"Approved Software Team","update_state":"installed","agent_build":"2026.09.1"},{"timestamp":"2026-09-14T01:19:25.500Z","computer":"srv-095","event_id":4728,"record_id":101765,"user":"employee-412","source_ip":"10.11.1.24","target":"Project-Readers","logon_type":null,"change_ticket":"CHG-DEPLOY-18","result":"success","channel":"Security","provider":"Microsoft-Windows-Security-Auditing","logon_id":"675e6a7f25d8e306","process_id":9264,"image_path":"","run_as":"","publisher":"","update_state":"installed","agent_build":"2026.09.2"},{"timestamp":"2026-09-14T01:19:28.200Z","computer":"srv-066","event_id":4697,"record_id":101766,"user":"employee-174","source_ip":"10.10.4.15","target":"ApprovedAgent","logon_type":null,"change_ticket":"CHG-DEPLOY-18","result":"success","channel":"Security","provider":"Microsoft-Windows-Security-Auditing","logon_id":"675e6a7f25d8e306","process_id":10844,"image_path":"C:/Program Files/ApprovedAgent/agent.exe","run_as":"svc-agent","publisher":"Approved Software Team","update_state":"installed","agent_build":"2026.09.3"},{"timestamp":"2026-09-14T01:19:30.900Z","computer":"srv-038","event_id":4624,"record_id":101767,"user":"employee-52","source_ip":"10.10.2.27","target":"logon-session","logon_type":2,"change_ticket":"","result":"success","channel":"Security","provider":"Microsoft-Windows-Security-Auditing","logon_id":"675e6a7f25d8e306","process_id":6573,"image_path":"","run_as":"","publisher":"","update_state":"restart-pending","agent_build":"2026.09.4"},{"timestamp":"2026-09-14T01:19:33.600Z","computer":"srv-154","event_id":4624,"record_id":101768,"user":"deployment-admin","source_ip":"10.11.4.23","target":"logon-session","logon_type":3,"change_ticket":"","result":"success","channel":"Security","provider":"Microsoft-Windows-Security-Auditing","logon_id":"7100a51344565eeb","process_id":24372,"image_path":"","run_as":"","publisher":"","update_state":"installed","agent_build":"2026.09.1"},{"timestamp":"2026-09-14T01:19:36.300Z","computer":"srv-207","event_id":4634,"record_id":101769,"user":"employee-392","source_ip":"10.12.3.16","target":"logon-session","logon_type":10,"change_ticket":"","result":"success","channel":"Security","provider":"Microsoft-Windows-Security-Auditing","logon_id":"7100a51344565eeb","process_id":12869,"image_path":"","run_as":"","publisher":"","update_state":"installed","agent_build":"2026.09.2"},{"timestamp":"2026-09-14T01:19:39.000Z","computer":"srv-155","event_id":4688,"record_id":101770,"user":"employee-417","source_ip":"10.11.4.24","target":"logon-session","logon_type":null,"change_ticket":"","result":"success","channel":"Security","provider":"Microsoft-Windows-Security-Auditing","logon_id":"7100a51344565eeb","process_id":3485,"image_path":"C:/Program Files/ApprovedAgent/agent.exe","run_as":"","publisher":"Approved Software Team","update_state":"no-report","agent_build":"2026.09.3"},{"timestamp":"2026-09-14T01:19:41.700Z","computer":"srv-157","event_id":4625,"record_id":101771,"user":"employee-222","source_ip":"10.11.4.26","target":"logon-session","logon_type":3,"change_ticket":"","result":"failure","channel":"Security","provider":"Microsoft-Windows-Security-Auditing","logon_id":"7100a51344565eeb","process_id":14027,"image_path":"","run_as":"","publisher":"","update_state":"installed","agent_build":"2026.09.4"},{"timestamp":"2026-09-14T01:19:44.400Z","computer":"srv-117","event_id":4698,"record_id":101772,"user":"employee-260","source_ip":"10.11.2.26","target":"Approved-Maintenance","logon_type":null,"change_ticket":"CHG-DEPLOY-18","result":"success","channel":"Security","provider":"Microsoft-Windows-Security-Auditing","logon_id":"55f2f1ce3621b456","process_id":4216,"image_path":"C:/Program Files/ApprovedAgent/agent.exe","run_as":"svc-agent","publisher":"Approved Software Team","update_state":"installed","agent_build":"2026.09.1"},{"timestamp":"2026-09-14T01:19:47.100Z","computer":"srv-109","event_id":4728,"record_id":101773,"user":"employee-248","source_ip":"10.11.2.18","target":"Project-Readers","logon_type":null,"change_ticket":"CHG-DEPLOY-18","result":"success","channel":"Security","provider":"Microsoft-Windows-Security-Auditing","logon_id":"55f2f1ce3621b456","process_id":18838,"image_path":"","run_as":"","publisher":"","update_state":"installed","agent_build":"2026.09.2"},{"timestamp":"2026-09-14T01:19:49.800Z","computer":"srv-227","event_id":4697,"record_id":101774,"user":"employee-74","source_ip":"10.12.4.16","target":"ApprovedAgent","logon_type":null,"change_ticket":"CHG-DEPLOY-18","result":"success","channel":"Security","provider":"Microsoft-Windows-Security-Auditing","logon_id":"55f2f1ce3621b456","process_id":22881,"image_path":"C:/Program Files/ApprovedAgent/agent.exe","run_as":"svc-agent","publisher":"Approved Software Team","update_state":"installed","agent_build":"2026.09.3"},{"timestamp":"2026-09-14T01:19:52.500Z","computer":"srv-164","event_id":4624,"record_id":101775,"user":"employee-287","source_ip":"10.12.1.13","target":"logon-session","logon_type":10,"change_ticket":"","result":"success","channel":"Security","provider":"Microsoft-Windows-Security-Auditing","logon_id":"55f2f1ce3621b456","process_id":12597,"image_path":"","run_as":"","publisher":"","update_state":"installed","agent_build":"2026.09.4"},{"timestamp":"2026-09-14T01:19:55.200Z","computer":"srv-022","event_id":4624,"record_id":101776,"user":"employee-129","source_ip":"10.10.2.11","target":"logon-session","logon_type":2,"change_ticket":"","result":"success","channel":"Security","provider":"Microsoft-Windows-Security-Auditing","logon_id":"0c8b5ae3cacec6eb","process_id":20162,"image_path":"","run_as":"","publisher":"","update_state":"installed","agent_build":"2026.09.1"},{"timestamp":"2026-09-14T01:19:57.900Z","computer":"srv-051","event_id":4634,"record_id":101777,"user":"employee-125","source_ip":"10.10.3.20","target":"logon-session","logon_type":3,"change_ticket":"","result":"success","channel":"Security","provider":"Microsoft-Windows-Security-Auditing","logon_id":"0c8b5ae3cacec6eb","process_id":13816,"image_path":"","run_as":"","publisher":"","update_state":"installed","agent_build":"2026.09.2"},{"timestamp":"2026-09-14T01:20:00.600Z","computer":"srv-100","event_id":4688,"record_id":101778,"user":"employee-60","source_ip":"10.11.1.29","target":"logon-session","logon_type":null,"change_ticket":"","result":"success","channel":"Security","provider":"Microsoft-Windows-Security-Auditing","logon_id":"0c8b5ae3cacec6eb","process_id":8096,"image_path":"C:/Program Files/ApprovedAgent/agent.exe","run_as":"","publisher":"Approved Software Team","update_state":"installed","agent_build":"2026.09.3"},{"timestamp":"2026-09-14T01:20:03.300Z","computer":"srv-041","event_id":4625,"record_id":101779,"user":"employee-268","source_ip":"10.10.3.10","target":"logon-session","logon_type":2,"change_ticket":"","result":"failure","channel":"Security","provider":"Microsoft-Windows-Security-Auditing","logon_id":"0c8b5ae3cacec6eb","process_id":20198,"image_path":"","run_as":"","publisher":"","update_state":"installed","agent_build":"2026.09.4"},{"timestamp":"2026-09-14T01:20:06.000Z","computer":"srv-184","event_id":4698,"record_id":101780,"user":"employee-187","source_ip":"10.12.2.13","target":"Approved-Maintenance","logon_type":null,"change_ticket":"CHG-DEPLOY-18","result":"success","channel":"Security","provider":"Microsoft-Windows-Security-Auditing","logon_id":"ea7005c0730ad740","process_id":17672,"image_path":"C:/Program Files/ApprovedAgent/agent.exe","run_as":"svc-agent","publisher":"Approved Software Team","update_state":"installed","agent_build":"2026.09.1"},{"timestamp":"2026-09-14T01:20:08.700Z","computer":"srv-089","event_id":4728,"record_id":101781,"user":"deployment-admin","source_ip":"10.11.1.18","target":"Project-Readers","logon_type":null,"change_ticket":"CHG-DEPLOY-18","result":"success","channel":"Security","provider":"Microsoft-Windows-Security-Auditing","logon_id":"ea7005c0730ad740","process_id":20572,"image_path":"","run_as":"","publisher":"","update_state":"installed","agent_build":"2026.09.2"},{"timestamp":"2026-09-14T01:20:11.400Z","computer":"srv-150","event_id":4697,"record_id":101782,"user":"employee-9","source_ip":"10.11.4.19","target":"ApprovedAgent","logon_type":null,"change_ticket":"CHG-DEPLOY-18","result":"success","channel":"Security","provider":"Microsoft-Windows-Security-Auditing","logon_id":"ea7005c0730ad740","process_id":18914,"image_path":"C:/Program Files/ApprovedAgent/agent.exe","run_as":"svc-agent","publisher":"Approved Software Team","update_state":"installed","agent_build":"2026.09.3"},{"timestamp":"2026-09-14T01:20:14.100Z","computer":"srv-222","event_id":4624,"record_id":101783,"user":"employee-378","source_ip":"10.12.4.11","target":"logon-session","logon_type":3,"change_ticket":"","result":"success","channel":"Security","provider":"Microsoft-Windows-Security-Auditing","logon_id":"ea7005c0730ad740","process_id":1582,"image_path":"","run_as":"","publisher":"","update_state":"installed","agent_build":"2026.09.4"},{"timestamp":"2026-09-14T01:20:16.800Z","computer":"srv-044","event_id":4624,"record_id":101784,"user":"employee-282","source_ip":"10.10.3.13","target":"logon-session","logon_type":10,"change_ticket":"","result":"success","channel":"Security","provider":"Microsoft-Windows-Security-Auditing","logon_id":"a114e89c2b6a8438","process_id":21554,"image_path":"","run_as":"","publisher":"","update_state":"installed","agent_build":"2026.09.1"},{"timestamp":"2026-09-14T01:20:19.500Z","computer":"srv-087","event_id":4634,"record_id":101785,"user":"employee-144","source_ip":"10.11.1.16","target":"logon-session","logon_type":2,"change_ticket":"","result":"success","channel":"Security","provider":"Microsoft-Windows-Security-Auditing","logon_id":"a114e89c2b6a8438","process_id":2829,"image_path":"","run_as":"","publisher":"","update_state":"installed","agent_build":"2026.09.2"},{"timestamp":"2026-09-14T01:20:22.200Z","computer":"srv-203","event_id":4688,"record_id":101786,"user":"employee-160","source_ip":"10.12.3.12","target":"logon-session","logon_type":null,"change_ticket":"","result":"success","channel":"Security","provider":"Microsoft-Windows-Security-Auditing","logon_id":"a114e89c2b6a8438","process_id":17185,"image_path":"C:/Program Files/ApprovedAgent/agent.exe","run_as":"","publisher":"Approved Software Team","update_state":"failed","agent_build":"2026.09.3"},{"timestamp":"2026-09-14T01:20:24.900Z","computer":"srv-062","event_id":4625,"record_id":101787,"user":"employee-357","source_ip":"10.10.4.11","target":"logon-session","logon_type":10,"change_ticket":"","result":"failure","channel":"Security","provider":"Microsoft-Windows-Security-Auditing","logon_id":"a114e89c2b6a8438","process_id":10174,"image_path":"","run_as":"","publisher":"","update_state":"installed","agent_build":"2026.09.4"},{"timestamp":"2026-09-14T01:20:27.600Z","computer":"srv-089","event_id":4698,"record_id":101788,"user":"employee-257","source_ip":"10.11.1.18","target":"Approved-Maintenance","logon_type":null,"change_ticket":"CHG-DEPLOY-18","result":"success","channel":"Security","provider":"Microsoft-Windows-Security-Auditing","logon_id":"147ca623a9cdc571","process_id":11449,"image_path":"C:/Program Files/ApprovedAgent/agent.exe","run_as":"svc-agent","publisher":"Approved Software Team","update_state":"installed","agent_build":"2026.09.1"},{"timestamp":"2026-09-14T01:20:30.300Z","computer":"srv-130","event_id":4728,"record_id":101789,"user":"employee-270","source_ip":"10.11.3.19","target":"Project-Readers","logon_type":null,"change_ticket":"CHG-DEPLOY-18","result":"success","channel":"Security","provider":"Microsoft-Windows-Security-Auditing","logon_id":"147ca623a9cdc571","process_id":4652,"image_path":"","run_as":"","publisher":"","update_state":"installed","agent_build":"2026.09.2"},{"timestamp":"2026-09-14T01:20:33.000Z","computer":"srv-004","event_id":4697,"record_id":101790,"user":"employee-121","source_ip":"10.10.1.13","target":"ApprovedAgent","logon_type":null,"change_ticket":"CHG-DEPLOY-18","result":"success","channel":"Security","provider":"Microsoft-Windows-Security-Auditing","logon_id":"147ca623a9cdc571","process_id":3734,"image_path":"C:/Program Files/ApprovedAgent/agent.exe","run_as":"svc-agent","publisher":"Approved Software Team","update_state":"installed","agent_build":"2026.09.3"},{"timestamp":"2026-09-14T01:20:35.700Z","computer":"srv-187","event_id":4624,"record_id":101791,"user":"employee-126","source_ip":"10.12.2.16","target":"logon-session","logon_type":2,"change_ticket":"","result":"success","channel":"Security","provider":"Microsoft-Windows-Security-Auditing","logon_id":"147ca623a9cdc571","process_id":2423,"image_path":"","run_as":"","publisher":"","update_state":"installed","agent_build":"2026.09.4"},{"timestamp":"2026-09-14T01:20:38.400Z","computer":"srv-195","event_id":4624,"record_id":101792,"user":"employee-446","source_ip":"10.12.2.24","target":"logon-session","logon_type":3,"change_ticket":"","result":"success","channel":"Security","provider":"Microsoft-Windows-Security-Auditing","logon_id":"57347163c853d6e7","process_id":8202,"image_path":"","run_as":"","publisher":"","update_state":"installed","agent_build":"2026.09.1"},{"timestamp":"2026-09-14T01:20:41.100Z","computer":"srv-187","event_id":4634,"record_id":101793,"user":"employee-119","source_ip":"10.12.2.16","target":"logon-session","logon_type":10,"change_ticket":"","result":"success","channel":"Security","provider":"Microsoft-Windows-Security-Auditing","logon_id":"57347163c853d6e7","process_id":21021,"image_path":"","run_as":"","publisher":"","update_state":"installed","agent_build":"2026.09.2"},{"timestamp":"2026-09-14T01:20:43.800Z","computer":"srv-091","event_id":4688,"record_id":101794,"user":"deployment-admin","source_ip":"10.11.1.20","target":"logon-session","logon_type":null,"change_ticket":"","result":"success","channel":"Security","provider":"Microsoft-Windows-Security-Auditing","logon_id":"57347163c853d6e7","process_id":19703,"image_path":"C:/Program Files/ApprovedAgent/agent.exe","run_as":"","publisher":"Approved Software Team","update_state":"installed","agent_build":"2026.09.3"},{"timestamp":"2026-09-14T01:20:46.500Z","computer":"srv-120","event_id":4625,"record_id":101795,"user":"employee-429","source_ip":"10.11.2.29","target":"logon-session","logon_type":3,"change_ticket":"","result":"failure","channel":"Security","provider":"Microsoft-Windows-Security-Auditing","logon_id":"57347163c853d6e7","process_id":24618,"image_path":"","run_as":"","publisher":"","update_state":"installed","agent_build":"2026.09.4"},{"timestamp":"2026-09-14T01:20:49.200Z","computer":"srv-073","event_id":4698,"record_id":101796,"user":"employee-136","source_ip":"10.10.4.22","target":"Approved-Maintenance","logon_type":null,"change_ticket":"CHG-DEPLOY-18","result":"success","channel":"Security","provider":"Microsoft-Windows-Security-Auditing","logon_id":"24fd0452f9c7667e","process_id":4723,"image_path":"C:/Program Files/ApprovedAgent/agent.exe","run_as":"svc-agent","publisher":"Approved Software Team","update_state":"installed","agent_build":"2026.09.1"},{"timestamp":"2026-09-14T01:20:51.900Z","computer":"srv-224","event_id":4728,"record_id":101797,"user":"employee-5","source_ip":"10.12.4.13","target":"Project-Readers","logon_type":null,"change_ticket":"CHG-DEPLOY-18","result":"success","channel":"Security","provider":"Microsoft-Windows-Security-Auditing","logon_id":"24fd0452f9c7667e","process_id":8368,"image_path":"","run_as":"","publisher":"","update_state":"installed","agent_build":"2026.09.2"},{"timestamp":"2026-09-14T01:20:54.600Z","computer":"srv-140","event_id":4697,"record_id":101798,"user":"employee-379","source_ip":"10.11.3.29","target":"ApprovedAgent","logon_type":null,"change_ticket":"CHG-DEPLOY-18","result":"success","channel":"Security","provider":"Microsoft-Windows-Security-Auditing","logon_id":"24fd0452f9c7667e","process_id":19794,"image_path":"C:/Program Files/ApprovedAgent/agent.exe","run_as":"svc-agent","publisher":"Approved Software Team","update_state":"restart-pending","agent_build":"2026.09.3"},{"timestamp":"2026-09-14T01:20:57.300Z","computer":"srv-203","event_id":4624,"record_id":101799,"user":"employee-286","source_ip":"10.12.3.12","target":"logon-session","logon_type":10,"change_ticket":"","result":"success","channel":"Security","provider":"Microsoft-Windows-Security-Auditing","logon_id":"24fd0452f9c7667e","process_id":24189,"image_path":"","run_as":"","publisher":"","update_state":"installed","agent_build":"2026.09.4"},{"timestamp":"2026-09-14T01:21:00.000Z","computer":"srv-193","event_id":4624,"record_id":101800,"user":"employee-123","source_ip":"10.12.2.22","target":"logon-session","logon_type":2,"change_ticket":"","result":"success","channel":"Security","provider":"Microsoft-Windows-Security-Auditing","logon_id":"f08666a9791c8177","process_id":4608,"image_path":"","run_as":"","publisher":"","update_state":"installed","agent_build":"2026.09.1"},{"timestamp":"2026-09-14T01:21:02.700Z","computer":"srv-160","event_id":4634,"record_id":101801,"user":"employee-259","source_ip":"10.11.4.29","target":"logon-session","logon_type":3,"change_ticket":"","result":"success","channel":"Security","provider":"Microsoft-Windows-Security-Auditing","logon_id":"f08666a9791c8177","process_id":6120,"image_path":"","run_as":"","publisher":"","update_state":"installed","agent_build":"2026.09.2"},