{"timestamp":"2026-09-14T02:51:43.200Z","computer":"srv-238","event_id":4624,"record_id":103816,"user":"employee-98","source_ip":"10.12.4.27","target":"logon-session","logon_type":2,"change_ticket":"","result":"success","channel":"Security","provider":"Microsoft-Windows-Security-Auditing","logon_id":"767d60522ece2202","process_id":10190,"image_path":"","run_as":"","publisher":"","update_state":"installed","agent_build":"2026.09.1"},{"timestamp":"2026-09-14T02:51:45.900Z","computer":"srv-193","event_id":4634,"record_id":103817,"user":"employee-277","source_ip":"10.12.2.22","target":"logon-session","logon_type":3,"change_ticket":"","result":"success","channel":"Security","provider":"Microsoft-Windows-Security-Auditing","logon_id":"767d60522ece2202","process_id":5937,"image_path":"","run_as":"","publisher":"","update_state":"installed","agent_build":"2026.09.2"},{"timestamp":"2026-09-14T02:51:48.600Z","computer":"srv-156","event_id":4688,"record_id":103818,"user":"employee-103","source_ip":"10.11.4.25","target":"logon-session","logon_type":null,"change_ticket":"","result":"success","channel":"Security","provider":"Microsoft-Windows-Security-Auditing","logon_id":"767d60522ece2202","process_id":2964,"image_path":"C:/Program Files/ApprovedAgent/agent.exe","run_as":"","publisher":"Approved Software Team","update_state":"installed","agent_build":"2026.09.3"},{"timestamp":"2026-09-14T02:51:51.300Z","computer":"srv-061","event_id":4625,"record_id":103819,"user":"employee-352","source_ip":"10.10.4.10","target":"logon-session","logon_type":2,"change_ticket":"","result":"failure","channel":"Security","provider":"Microsoft-Windows-Security-Auditing","logon_id":"767d60522ece2202","process_id":2262,"image_path":"","run_as":"","publisher":"","update_state":"installed","agent_build":"2026.09.4"},{"timestamp":"2026-09-14T02:51:54.000Z","computer":"srv-020","event_id":4698,"record_id":103820,"user":"employee-327","source_ip":"10.10.1.29","target":"Approved-Maintenance","logon_type":null,"change_ticket":"CHG-DEPLOY-18","result":"success","channel":"Security","provider":"Microsoft-Windows-Security-Auditing","logon_id":"f78f5f700b39fbeb","process_id":15887,"image_path":"C:/Program Files/ApprovedAgent/agent.exe","run_as":"svc-agent","publisher":"Approved Software Team","update_state":"installed","agent_build":"2026.09.1"},{"timestamp":"2026-09-14T02:51:56.700Z","computer":"srv-194","event_id":4728,"record_id":103821,"user":"employee-291","source_ip":"10.12.2.23","target":"Project-Readers","logon_type":null,"change_ticket":"CHG-DEPLOY-18","result":"success","channel":"Security","provider":"Microsoft-Windows-Security-Auditing","logon_id":"f78f5f700b39fbeb","process_id":13771,"image_path":"","run_as":"","publisher":"","update_state":"installed","agent_build":"2026.09.2"},{"timestamp":"2026-09-14T02:51:59.400Z","computer":"srv-130","event_id":4697,"record_id":103822,"user":"deployment-admin","source_ip":"10.11.3.19","target":"ApprovedAgent","logon_type":null,"change_ticket":"CHG-DEPLOY-18","result":"success","channel":"Security","provider":"Microsoft-Windows-Security-Auditing","logon_id":"f78f5f700b39fbeb","process_id":23505,"image_path":"C:/Program Files/ApprovedAgent/agent.exe","run_as":"svc-agent","publisher":"Approved Software Team","update_state":"installed","agent_build":"2026.09.3"},{"timestamp":"2026-09-14T02:52:02.100Z","computer":"srv-108","event_id":4624,"record_id":103823,"user":"employee-123","source_ip":"10.11.2.17","target":"logon-session","logon_type":3,"change_ticket":"","result":"success","channel":"Security","provider":"Microsoft-Windows-Security-Auditing","logon_id":"f78f5f700b39fbeb","process_id":15993,"image_path":"","run_as":"","publisher":"","update_state":"installed","agent_build":"2026.09.4"},{"timestamp":"2026-09-14T02:52:04.800Z","computer":"srv-073","event_id":4624,"record_id":103824,"user":"employee-333","source_ip":"10.10.4.22","target":"logon-session","logon_type":10,"change_ticket":"","result":"success","channel":"Security","provider":"Microsoft-Windows-Security-Auditing","logon_id":"fdfb3e40e045273f","process_id":2535,"image_path":"","run_as":"","publisher":"","update_state":"installed","agent_build":"2026.09.1"},{"timestamp":"2026-09-14T02:52:07.500Z","computer":"srv-198","event_id":4634,"record_id":103825,"user":"employee-347","source_ip":"10.12.2.27","target":"logon-session","logon_type":2,"change_ticket":"","result":"success","channel":"Security","provider":"Microsoft-Windows-Security-Auditing","logon_id":"fdfb3e40e045273f","process_id":12540,"image_path":"","run_as":"","publisher":"","update_state":"installed","agent_build":"2026.09.2"},{"timestamp":"2026-09-14T02:52:10.200Z","computer":"srv-010","event_id":4688,"record_id":103826,"user":"employee-402","source_ip":"10.10.1.19","target":"logon-session","logon_type":null,"change_ticket":"","result":"success","channel":"Security","provider":"Microsoft-Windows-Security-Auditing","logon_id":"fdfb3e40e045273f","process_id":10219,"image_path":"C:/Program Files/ApprovedAgent/agent.exe","run_as":"","publisher":"Approved Software Team","update_state":"installed","agent_build":"2026.09.3"},{"timestamp":"2026-09-14T02:52:12.900Z","computer":"srv-111","event_id":4625,"record_id":103827,"user":"employee-132","source_ip":"10.11.2.20","target":"logon-session","logon_type":10,"change_ticket":"","result":"failure","channel":"Security","provider":"Microsoft-Windows-Security-Auditing","logon_id":"fdfb3e40e045273f","process_id":1052,"image_path":"","run_as":"","publisher":"","update_state":"installed","agent_build":"2026.09.4"},{"timestamp":"2026-09-14T02:52:15.600Z","computer":"srv-050","event_id":4698,"record_id":103828,"user":"employee-198","source_ip":"10.10.3.19","target":"Approved-Maintenance","logon_type":null,"change_ticket":"CHG-DEPLOY-18","result":"success","channel":"Security","provider":"Microsoft-Windows-Security-Auditing","logon_id":"0f5f6cab98249be7","process_id":11237,"image_path":"C:/Program Files/ApprovedAgent/agent.exe","run_as":"svc-agent","publisher":"Approved Software Team","update_state":"installed","agent_build":"2026.09.1"},{"timestamp":"2026-09-14T02:52:18.300Z","computer":"srv-077","event_id":4728,"record_id":103829,"user":"employee-266","source_ip":"10.10.4.26","target":"Project-Readers","logon_type":null,"change_ticket":"CHG-DEPLOY-18","result":"success","channel":"Security","provider":"Microsoft-Windows-Security-Auditing","logon_id":"0f5f6cab98249be7","process_id":10972,"image_path":"","run_as":"","publisher":"","update_state":"installed","agent_build":"2026.09.2"},{"timestamp":"2026-09-14T02:52:21.000Z","computer":"srv-052","event_id":4697,"record_id":103830,"user":"employee-267","source_ip":"10.10.3.21","target":"ApprovedAgent","logon_type":null,"change_ticket":"CHG-DEPLOY-18","result":"success","channel":"Security","provider":"Microsoft-Windows-Security-Auditing","logon_id":"0f5f6cab98249be7","process_id":21373,"image_path":"C:/Program Files/ApprovedAgent/agent.exe","run_as":"svc-agent","publisher":"Approved Software Team","update_state":"installed","agent_build":"2026.09.3"},{"timestamp":"2026-09-14T02:52:23.700Z","computer":"srv-146","event_id":4624,"record_id":103831,"user":"employee-188","source_ip":"10.11.4.15","target":"logon-session","logon_type":2,"change_ticket":"","result":"success","channel":"Security","provider":"Microsoft-Windows-Security-Auditing","logon_id":"0f5f6cab98249be7","process_id":19314,"image_path":"","run_as":"","publisher":"","update_state":"installed","agent_build":"2026.09.4"},{"timestamp":"2026-09-14T02:52:26.400Z","computer":"srv-107","event_id":4624,"record_id":103832,"user":"employee-137","source_ip":"10.11.2.16","target":"logon-session","logon_type":3,"change_ticket":"","result":"success","channel":"Security","provider":"Microsoft-Windows-Security-Auditing","logon_id":"699fc53aff9206bc","process_id":17130,"image_path":"","run_as":"","publisher":"","update_state":"installed","agent_build":"2026.09.1"},{"timestamp":"2026-09-14T02:52:29.100Z","computer":"srv-023","event_id":4634,"record_id":103833,"user":"employee-77","source_ip":"10.10.2.12","target":"logon-session","logon_type":10,"change_ticket":"","result":"success","channel":"Security","provider":"Microsoft-Windows-Security-Auditing","logon_id":"699fc53aff9206bc","process_id":14461,"image_path":"","run_as":"","publisher":"","update_state":"installed","agent_build":"2026.09.2"},{"timestamp":"2026-09-14T02:52:31.800Z","computer":"srv-078","event_id":4688,"record_id":103834,"user":"employee-80","source_ip":"10.10.4.27","target":"logon-session","logon_type":null,"change_ticket":"","result":"success","channel":"Security","provider":"Microsoft-Windows-Security-Auditing","logon_id":"699fc53aff9206bc","process_id":20591,"image_path":"C:/Program Files/ApprovedAgent/agent.exe","run_as":"","publisher":"Approved Software Team","update_state":"installed","agent_build":"2026.09.3"},{"timestamp":"2026-09-14T02:52:34.500Z","computer":"srv-166","event_id":4625,"record_id":103835,"user":"deployment-admin","source_ip":"10.12.1.15","target":"logon-session","logon_type":3,"change_ticket":"","result":"failure","channel":"Security","provider":"Microsoft-Windows-Security-Auditing","logon_id":"699fc53aff9206bc","process_id":25882,"image_path":"","run_as":"","publisher":"","update_state":"no-report","agent_build":"2026.09.4"},{"timestamp":"2026-09-14T02:52:37.200Z","computer":"srv-147","event_id":4698,"record_id":103836,"user":"employee-320","source_ip":"10.11.4.16","target":"Approved-Maintenance","logon_type":null,"change_ticket":"CHG-DEPLOY-18","result":"success","channel":"Security","provider":"Microsoft-Windows-Security-Auditing","logon_id":"b33c9485485265f3","process_id":2179,"image_path":"C:/Program Files/ApprovedAgent/agent.exe","run_as":"svc-agent","publisher":"Approved Software Team","update_state":"installed","agent_build":"2026.09.1"},{"timestamp":"2026-09-14T02:52:39.900Z","computer":"srv-029","event_id":4728,"record_id":103837,"user":"employee-174","source_ip":"10.10.2.18","target":"Project-Readers","logon_type":null,"change_ticket":"CHG-DEPLOY-18","result":"success","channel":"Security","provider":"Microsoft-Windows-Security-Auditing","logon_id":"b33c9485485265f3","process_id":10638,"image_path":"","run_as":"","publisher":"","update_state":"installed","agent_build":"2026.09.2"},{"timestamp":"2026-09-14T02:52:42.600Z","computer":"srv-202","event_id":4697,"record_id":103838,"user":"employee-32","source_ip":"10.12.3.11","target":"ApprovedAgent","logon_type":null,"change_ticket":"CHG-DEPLOY-18","result":"success","channel":"Security","provider":"Microsoft-Windows-Security-Auditing","logon_id":"b33c9485485265f3","process_id":7011,"image_path":"C:/Program Files/ApprovedAgent/agent.exe","run_as":"svc-agent","publisher":"Approved Software Team","update_state":"installed","agent_build":"2026.09.3"},{"timestamp":"2026-09-14T02:52:45.300Z","computer":"srv-203","event_id":4624,"record_id":103839,"user":"employee-325","source_ip":"10.12.3.12","target":"logon-session","logon_type":10,"change_ticket":"","result":"success","channel":"Security","provider":"Microsoft-Windows-Security-Auditing","logon_id":"b33c9485485265f3","process_id":12014,"image_path":"","run_as":"","publisher":"","update_state":"installed","agent_build":"2026.09.4"},{"timestamp":"2026-09-14T02:52:48.000Z","computer":"srv-075","event_id":4624,"record_id":103840,"user":"employee-274","source_ip":"10.10.4.24","target":"logon-session","logon_type":2,"change_ticket":"","result":"success","channel":"Security","provider":"Microsoft-Windows-Security-Auditing","logon_id":"16ec04d12205743c","process_id":3708,"image_path":"","run_as":"","publisher":"","update_state":"installed","agent_build":"2026.09.1"},{"timestamp":"2026-09-14T02:52:50.700Z","computer":"srv-187","event_id":4634,"record_id":103841,"user":"employee-3","source_ip":"10.12.2.16","target":"logon-session","logon_type":3,"change_ticket":"","result":"success","channel":"Security","provider":"Microsoft-Windows-Security-Auditing","logon_id":"16ec04d12205743c","process_id":15719,"image_path":"","run_as":"","publisher":"","update_state":"installed","agent_build":"2026.09.2"},{"timestamp":"2026-09-14T02:52:53.400Z","computer":"srv-103","event_id":4688,"record_id":103842,"user":"employee-435","source_ip":"10.11.2.12","target":"logon-session","logon_type":null,"change_ticket":"","result":"success","channel":"Security","provider":"Microsoft-Windows-Security-Auditing","logon_id":"16ec04d12205743c","process_id":15574,"image_path":"C:/Program Files/ApprovedAgent/agent.exe","run_as":"","publisher":"Approved Software Team","update_state":"installed","agent_build":"2026.09.3"},{"timestamp":"2026-09-14T02:52:56.100Z","computer":"srv-225","event_id":4625,"record_id":103843,"user":"employee-203","source_ip":"10.12.4.14","target":"logon-session","logon_type":2,"change_ticket":"","result":"failure","channel":"Security","provider":"Microsoft-Windows-Security-Auditing","logon_id":"16ec04d12205743c","process_id":20209,"image_path":"","run_as":"","publisher":"","update_state":"installed","agent_build":"2026.09.4"},{"timestamp":"2026-09-14T02:52:58.800Z","computer":"srv-082","event_id":4698,"record_id":103844,"user":"employee-173","source_ip":"10.11.1.11","target":"Approved-Maintenance","logon_type":null,"change_ticket":"CHG-DEPLOY-18","result":"success","channel":"Security","provider":"Microsoft-Windows-Security-Auditing","logon_id":"ba225cc3b794ba8e","process_id":16745,"image_path":"C:/Program Files/ApprovedAgent/agent.exe","run_as":"svc-agent","publisher":"Approved Software Team","update_state":"restart-pending","agent_build":"2026.09.1"},{"timestamp":"2026-09-14T02:53:01.500Z","computer":"srv-183","event_id":4728,"record_id":103845,"user":"employee-11","source_ip":"10.12.2.12","target":"Project-Readers","logon_type":null,"change_ticket":"CHG-DEPLOY-18","result":"success","channel":"Security","provider":"Microsoft-Windows-Security-Auditing","logon_id":"ba225cc3b794ba8e","process_id":18883,"image_path":"","run_as":"","publisher":"","update_state":"installed","agent_build":"2026.09.2"},{"timestamp":"2026-09-14T02:53:04.200Z","computer":"srv-024","event_id":4697,"record_id":103846,"user":"employee-350","source_ip":"10.10.2.13","target":"ApprovedAgent","logon_type":null,"change_ticket":"CHG-DEPLOY-18","result":"success","channel":"Security","provider":"Microsoft-Windows-Security-Auditing","logon_id":"ba225cc3b794ba8e","process_id":20570,"image_path":"C:/Program Files/ApprovedAgent/agent.exe","run_as":"svc-agent","publisher":"Approved Software Team","update_state":"installed","agent_build":"2026.09.3"},{"timestamp":"2026-09-14T02:53:06.900Z","computer":"srv-181","event_id":4624,"record_id":103847,"user":"employee-45","source_ip":"10.12.2.10","target":"logon-session","logon_type":3,"change_ticket":"","result":"success","channel":"Security","provider":"Microsoft-Windows-Security-Auditing","logon_id":"ba225cc3b794ba8e","process_id":17985,"image_path":"","run_as":"","publisher":"","update_state":"installed","agent_build":"2026.09.4"},{"timestamp":"2026-09-14T02:53:09.600Z","computer":"srv-027","event_id":4624,"record_id":103848,"user":"deployment-admin","source_ip":"10.10.2.16","target":"logon-session","logon_type":10,"change_ticket":"","result":"success","channel":"Security","provider":"Microsoft-Windows-Security-Auditing","logon_id":"4bedb9a1833a43d7","process_id":25279,"image_path":"","run_as":"","publisher":"","update_state":"installed","agent_build":"2026.09.1"},{"timestamp":"2026-09-14T02:53:12.300Z","computer":"srv-069","event_id":4634,"record_id":103849,"user":"employee-407","source_ip":"10.10.4.18","target":"logon-session","logon_type":2,"change_ticket":"","result":"success","channel":"Security","provider":"Microsoft-Windows-Security-Auditing","logon_id":"4bedb9a1833a43d7","process_id":10361,"image_path":"","run_as":"","publisher":"","update_state":"installed","agent_build":"2026.09.2"},{"timestamp":"2026-09-14T02:53:15.000Z","computer":"srv-032","event_id":4688,"record_id":103850,"user":"employee-397","source_ip":"10.10.2.21","target":"logon-session","logon_type":null,"change_ticket":"","result":"success","channel":"Security","provider":"Microsoft-Windows-Security-Auditing","logon_id":"4bedb9a1833a43d7","process_id":15699,"image_path":"C:/Program Files/ApprovedAgent/agent.exe","run_as":"","publisher":"Approved Software Team","update_state":"installed","agent_build":"2026.09.3"},{"timestamp":"2026-09-14T02:53:17.700Z","computer":"srv-077","event_id":4625,"record_id":103851,"user":"employee-430","source_ip":"10.10.4.26","target":"logon-session","logon_type":10,"change_ticket":"","result":"failure","channel":"Security","provider":"Microsoft-Windows-Security-Auditing","logon_id":"4bedb9a1833a43d7","process_id":14796,"image_path":"","run_as":"","publisher":"","update_state":"installed","agent_build":"2026.09.4"},{"timestamp":"2026-09-14T02:53:20.400Z","computer":"srv-183","event_id":4698,"record_id":103852,"user":"employee-371","source_ip":"10.12.2.12","target":"Approved-Maintenance","logon_type":null,"change_ticket":"CHG-DEPLOY-18","result":"success","channel":"Security","provider":"Microsoft-Windows-Security-Auditing","logon_id":"2eee02bee318cab9","process_id":23388,"image_path":"C:/Program Files/ApprovedAgent/agent.exe","run_as":"svc-agent","publisher":"Approved Software Team","update_state":"installed","agent_build":"2026.09.1"},{"timestamp":"2026-09-14T02:53:23.100Z","computer":"srv-090","event_id":4728,"record_id":103853,"user":"employee-235","source_ip":"10.11.1.19","target":"Project-Readers","logon_type":null,"change_ticket":"CHG-DEPLOY-18","result":"success","channel":"Security","provider":"Microsoft-Windows-Security-Auditing","logon_id":"2eee02bee318cab9","process_id":11450,"image_path":"","run_as":"","publisher":"","update_state":"installed","agent_build":"2026.09.2"},{"timestamp":"2026-09-14T02:53:25.800Z","computer":"srv-043","event_id":4697,"record_id":103854,"user":"employee-8","source_ip":"10.10.3.12","target":"ApprovedAgent","logon_type":null,"change_ticket":"CHG-DEPLOY-18","result":"success","channel":"Security","provider":"Microsoft-Windows-Security-Auditing","logon_id":"2eee02bee318cab9","process_id":22686,"image_path":"C:/Program Files/ApprovedAgent/agent.exe","run_as":"svc-agent","publisher":"Approved Software Team","update_state":"failed","agent_build":"2026.09.3"},{"timestamp":"2026-09-14T02:53:28.500Z","computer":"srv-154","event_id":4624,"record_id":103855,"user":"employee-169","source_ip":"10.11.4.23","target":"logon-session","logon_type":2,"change_ticket":"","result":"success","channel":"Security","provider":"Microsoft-Windows-Security-Auditing","logon_id":"2eee02bee318cab9","process_id":25236,"image_path":"","run_as":"","publisher":"","update_state":"installed","agent_build":"2026.09.4"},{"timestamp":"2026-09-14T02:53:31.200Z","computer":"srv-091","event_id":4624,"record_id":103856,"user":"employee-352","source_ip":"10.11.1.20","target":"logon-session","logon_type":3,"change_ticket":"","result":"success","channel":"Security","provider":"Microsoft-Windows-Security-Auditing","logon_id":"49bd5107132e66d2","process_id":21324,"image_path":"","run_as":"","publisher":"","update_state":"installed","agent_build":"2026.09.1"},{"timestamp":"2026-09-14T02:53:33.900Z","computer":"srv-050","event_id":4634,"record_id":103857,"user":"employee-478","source_ip":"10.10.3.19","target":"logon-session","logon_type":10,"change_ticket":"","result":"success","channel":"Security","provider":"Microsoft-Windows-Security-Auditing","logon_id":"49bd5107132e66d2","process_id":3132,"image_path":"","run_as":"","publisher":"","update_state":"installed","agent_build":"2026.09.2"},{"timestamp":"2026-09-14T02:53:36.600Z","computer":"srv-191","event_id":4688,"record_id":103858,"user":"employee-244","source_ip":"10.12.2.20","target":"logon-session","logon_type":null,"change_ticket":"","result":"success","channel":"Security","provider":"Microsoft-Windows-Security-Auditing","logon_id":"49bd5107132e66d2","process_id":1087,"image_path":"C:/Program Files/ApprovedAgent/agent.exe","run_as":"","publisher":"Approved Software Team","update_state":"installed","agent_build":"2026.09.3"},{"timestamp":"2026-09-14T02:53:39.300Z","computer":"srv-067","event_id":4625,"record_id":103859,"user":"employee-381","source_ip":"10.10.4.16","target":"logon-session","logon_type":3,"change_ticket":"","result":"failure","channel":"Security","provider":"Microsoft-Windows-Security-Auditing","logon_id":"49bd5107132e66d2","process_id":3879,"image_path":"","run_as":"","publisher":"","update_state":"installed","agent_build":"2026.09.4"},{"timestamp":"2026-09-14T02:53:42.000Z","computer":"srv-077","event_id":4698,"record_id":103860,"user":"employee-190","source_ip":"10.10.4.26","target":"Approved-Maintenance","logon_type":null,"change_ticket":"CHG-DEPLOY-18","result":"success","channel":"Security","provider":"Microsoft-Windows-Security-Auditing","logon_id":"878289539a3ecf79","process_id":3859,"image_path":"C:/Program Files/ApprovedAgent/agent.exe","run_as":"svc-agent","publisher":"Approved Software Team","update_state":"installed","agent_build":"2026.09.1"},{"timestamp":"2026-09-14T02:53:44.700Z","computer":"srv-121","event_id":4728,"record_id":103861,"user":"deployment-admin","source_ip":"10.11.3.10","target":"Project-Readers","logon_type":null,"change_ticket":"CHG-DEPLOY-18","result":"success","channel":"Security","provider":"Microsoft-Windows-Security-Auditing","logon_id":"878289539a3ecf79","process_id":4266,"image_path":"","run_as":"","publisher":"","update_state":"installed","agent_build":"2026.09.2"},{"timestamp":"2026-09-14T02:53:47.400Z","computer":"srv-052","event_id":4697,"record_id":103862,"user":"employee-105","source_ip":"10.10.3.21","target":"ApprovedAgent","logon_type":null,"change_ticket":"CHG-DEPLOY-18","result":"success","channel":"Security","provider":"Microsoft-Windows-Security-Auditing","logon_id":"878289539a3ecf79","process_id":22200,"image_path":"C:/Program Files/ApprovedAgent/agent.exe","run_as":"svc-agent","publisher":"Approved Software Team","update_state":"installed","agent_build":"2026.09.3"},{"timestamp":"2026-09-14T02:53:50.100Z","computer":"srv-077","event_id":4624,"record_id":103863,"user":"employee-30","source_ip":"10.10.4.26","target":"logon-session","logon_type":10,"change_ticket":"","result":"success","channel":"Security","provider":"Microsoft-Windows-Security-Auditing","logon_id":"878289539a3ecf79","process_id":25298,"image_path":"","run_as":"","publisher":"","update_state":"installed","agent_build":"2026.09.4"},{"timestamp":"2026-09-14T02:53:52.800Z","computer":"srv-139","event_id":4624,"record_id":103864,"user":"employee-65","source_ip":"10.11.3.28","target":"logon-session","logon_type":2,"change_ticket":"","result":"success","channel":"Security","provider":"Microsoft-Windows-Security-Auditing","logon_id":"bf00076d69202785","process_id":7423,"image_path":"","run_as":"","publisher":"","update_state":"installed","agent_build":"2026.09.1"},{"timestamp":"2026-09-14T02:53:55.500Z","computer":"srv-010","event_id":4634,"record_id":103865,"user":"employee-452","source_ip":"10.10.1.19","target":"logon-session","logon_type":3,"change_ticket":"","result":"success","channel":"Security","provider":"Microsoft-Windows-Security-Auditing","logon_id":"bf00076d69202785","process_id":4122,"image_path":"","run_as":"","publisher":"","update_state":"installed","agent_build":"2026.09.2"},{"timestamp":"2026-09-14T02:53:58.200Z","computer":"srv-104","event_id":4688,"record_id":103866,"user":"employee-295","source_ip":"10.11.2.13","target":"logon-session","logon_type":null,"change_ticket":"","result":"success","channel":"Security","provider":"Microsoft-Windows-Security-Auditing","logon_id":"bf00076d69202785","process_id":11684,"image_path":"C:/Program Files/ApprovedAgent/agent.exe","run_as":"","publisher":"Approved Software Team","update_state":"installed","agent_build":"2026.09.3"},{"timestamp":"2026-09-14T02:54:00.900Z","computer":"srv-104","event_id":4625,"record_id":103867,"user":"employee-202","source_ip":"10.11.2.13","target":"logon-session","logon_type":2,"change_ticket":"","result":"failure","channel":"Security","provider":"Microsoft-Windows-Security-Auditing","logon_id":"bf00076d69202785","process_id":22596,"image_path":"","run_as":"","publisher":"","update_state":"installed","agent_build":"2026.09.4"},{"timestamp":"2026-09-14T02:54:03.600Z","computer":"srv-022","event_id":4698,"record_id":103868,"user":"employee-87","source_ip":"10.10.2.11","target":"Approved-Maintenance","logon_type":null,"change_ticket":"CHG-DEPLOY-18","result":"success","channel":"Security","provider":"Microsoft-Windows-Security-Auditing","logon_id":"3f27a0bebe6c7725","process_id":14450,"image_path":"C:/Program Files/ApprovedAgent/agent.exe","run_as":"svc-agent","publisher":"Approved Software Team","update_state":"installed","agent_build":"2026.09.1"},{"timestamp":"2026-09-14T02:54:06.300Z","computer":"srv-101","event_id":4728,"record_id":103869,"user":"employee-213","source_ip":"10.11.2.10","target":"Project-Readers","logon_type":null,"change_ticket":"CHG-DEPLOY-18","result":"success","channel":"Security","provider":"Microsoft-Windows-Security-Auditing","logon_id":"3f27a0bebe6c7725","process_id":23103,"image_path":"","run_as":"","publisher":"","update_state":"installed","agent_build":"2026.09.2"},{"timestamp":"2026-09-14T02:54:09.000Z","computer":"srv-234","event_id":4697,"record_id":103870,"user":"employee-350","source_ip":"10.12.4.23","target":"ApprovedAgent","logon_type":null,"change_ticket":"CHG-DEPLOY-18","result":"success","channel":"Security","provider":"Microsoft-Windows-Security-Auditing","logon_id":"3f27a0bebe6c7725","process_id":7654,"image_path":"C:/Program Files/ApprovedAgent/agent.exe","run_as":"svc-agent","publisher":"Approved Software Team","update_state":"installed","agent_build":"2026.09.3"},{"timestamp":"2026-09-14T02:54:11.700Z","computer":"srv-201","event_id":4624,"record_id":103871,"user":"employee-455","source_ip":"10.12.3.10","target":"logon-session","logon_type":3,"change_ticket":"","result":"success","channel":"Security","provider":"Microsoft-Windows-Security-Auditing","logon_id":"3f27a0bebe6c7725","process_id":20323,"image_path":"","run_as":"","publisher":"","update_state":"installed","agent_build":"2026.09.4"},{"timestamp":"2026-09-14T02:54:14.400Z","computer":"srv-110","event_id":4624,"record_id":103872,"user":"employee-402","source_ip":"10.11.2.19","target":"logon-session","logon_type":10,"change_ticket":"","result":"success","channel":"Security","provider":"Microsoft-Windows-Security-Auditing","logon_id":"37edae3b585a2a2f","process_id":20546,"image_path":"","run_as":"","publisher":"","update_state":"installed","agent_build":"2026.09.1"},{"timestamp":"2026-09-14T02:54:17.100Z","computer":"srv-093","event_id":4634,"record_id":103873,"user":"employee-212","source_ip":"10.11.1.22","target":"logon-session","logon_type":2,"change_ticket":"","result":"success","channel":"Security","provider":"Microsoft-Windows-Security-Auditing","logon_id":"37edae3b585a2a2f","process_id":12159,"image_path":"","run_as":"","publisher":"","update_state":"installed","agent_build":"2026.09.2"},{"timestamp":"2026-09-14T02:54:19.800Z","computer":"srv-041","event_id":4688,"record_id":103874,"user":"deployment-admin","source_ip":"10.10.3.10","target":"logon-session","logon_type":null,"change_ticket":"","result":"success","channel":"Security","provider":"Microsoft-Windows-Security-Auditing","logon_id":"37edae3b585a2a2f","process_id":24729,"image_path":"C:/Program Files/ApprovedAgent/agent.exe","run_as":"","publisher":"Approved Software Team","update_state":"installed","agent_build":"2026.09.3"},{"timestamp":"2026-09-14T02:54:22.500Z","computer":"srv-082","event_id":4625,"record_id":103875,"user":"employee-28","source_ip":"10.11.1.11","target":"logon-session","logon_type":10,"change_ticket":"","result":"failure","channel":"Security","provider":"Microsoft-Windows-Security-Auditing","logon_id":"37edae3b585a2a2f","process_id":4298,"image_path":"","run_as":"","publisher":"","update_state":"restart-pending","agent_build":"2026.09.4"},{"timestamp":"2026-09-14T02:54:25.200Z","computer":"srv-172","event_id":4698,"record_id":103876,"user":"employee-426","source_ip":"10.12.1.21","target":"Approved-Maintenance","logon_type":null,"change_ticket":"CHG-DEPLOY-18","result":"success","channel":"Security","provider":"Microsoft-Windows-Security-Auditing","logon_id":"48249ac18b92d252","process_id":5740,"image_path":"C:/Program Files/ApprovedAgent/agent.exe","run_as":"svc-agent","publisher":"Approved Software Team","update_state":"installed","agent_build":"2026.09.1"},{"timestamp":"2026-09-14T02:54:27.900Z","computer":"srv-234","event_id":4728,"record_id":103877,"user":"employee-196","source_ip":"10.12.4.23","target":"Project-Readers","logon_type":null,"change_ticket":"CHG-DEPLOY-18","result":"success","channel":"Security","provider":"Microsoft-Windows-Security-Auditing","logon_id":"48249ac18b92d252","process_id":6151,"image_path":"","run_as":"","publisher":"","update_state":"installed","agent_build":"2026.09.2"},{"timestamp":"2026-09-14T02:54:30.600Z","computer":"srv-015","event_id":4697,"record_id":103878,"user":"employee-270","source_ip":"10.10.1.24","target":"ApprovedAgent","logon_type":null,"change_ticket":"CHG-DEPLOY-18","result":"success","channel":"Security","provider":"Microsoft-Windows-Security-Auditing","logon_id":"48249ac18b92d252","process_id":7042,"image_path":"C:/Program Files/ApprovedAgent/agent.exe","run_as":"svc-agent","publisher":"Approved Software Team","update_state":"installed","agent_build":"2026.09.3"},{"timestamp":"2026-09-14T02:54:33.300Z","computer":"srv-055","event_id":4624,"record_id":103879,"user":"employee-260","source_ip":"10.10.3.24","target":"logon-session","logon_type":2,"change_ticket":"","result":"success","channel":"Security","provider":"Microsoft-Windows-Security-Auditing","logon_id":"48249ac18b92d252","process_id":25897,"image_path":"","run_as":"","publisher":"","update_state":"installed","agent_build":"2026.09.4"},{"timestamp":"2026-09-14T02:54:36.000Z","computer":"srv-149","event_id":4624,"record_id":103880,"user":"employee-214","source_ip":"10.11.4.18","target":"logon-session","logon_type":3,"change_ticket":"","result":"success","channel":"Security","provider":"Microsoft-Windows-Security-Auditing","logon_id":"d8a431059e3a2492","process_id":25323,"image_path":"","run_as":"","publisher":"","update_state":"installed","agent_build":"2026.09.1"},{"timestamp":"2026-09-14T02:54:38.700Z","computer":"srv-127","event_id":4634,"record_id":103881,"user":"employee-351","source_ip":"10.11.3.16","target":"logon-session","logon_type":10,"change_ticket":"","result":"success","channel":"Security","provider":"Microsoft-Windows-Security-Auditing","logon_id":"d8a431059e3a2492","process_id":18533,"image_path":"","run_as":"","publisher":"","update_state":"installed","agent_build":"2026.09.2"},{"timestamp":"2026-09-14T02:54:41.400Z","computer":"srv-233","event_id":4688,"record_id":103882,"user":"employee-173","source_ip":"10.12.4.22","target":"logon-session","logon_type":null,"change_ticket":"","result":"success","channel":"Security","provider":"Microsoft-Windows-Security-Auditing","logon_id":"d8a431059e3a2492","process_id":5128,"image_path":"C:/Program Files/ApprovedAgent/agent.exe","run_as":"","publisher":"Approved Software Team","update_state":"installed","agent_build":"2026.09.3"},{"timestamp":"2026-09-14T02:54:44.100Z","computer":"srv-201","event_id":4625,"record_id":103883,"user":"employee-302","source_ip":"10.12.3.10","target":"logon-session","logon_type":3,"change_ticket":"","result":"failure","channel":"Security","provider":"Microsoft-Windows-Security-Auditing","logon_id":"d8a431059e3a2492","process_id":23763,"image_path":"","run_as":"","publisher":"","update_state":"installed","agent_build":"2026.09.4"},{"timestamp":"2026-09-14T02:54:46.800Z","computer":"srv-041","event_id":4698,"record_id":103884,"user":"employee-339","source_ip":"10.10.3.10","target":"Approved-Maintenance","logon_type":null,"change_ticket":"CHG-DEPLOY-18","result":"success","channel":"Security","provider":"Microsoft-Windows-Security-Auditing","logon_id":"2fa9ba4079ae2b76","process_id":7308,"image_path":"C:/Program Files/ApprovedAgent/agent.exe","run_as":"svc-agent","publisher":"Approved Software Team","update_state":"installed","agent_build":"2026.09.1"},{"timestamp":"2026-09-14T02:54:49.500Z","computer":"srv-086","event_id":4728,"record_id":103885,"user":"employee-124","source_ip":"10.11.1.15","target":"Project-Readers","logon_type":null,"change_ticket":"CHG-DEPLOY-18","result":"success","channel":"Security","provider":"Microsoft-Windows-Security-Auditing","logon_id":"2fa9ba4079ae2b76","process_id":19893,"image_path":"","run_as":"","publisher":"","update_state":"installed","agent_build":"2026.09.2"},{"timestamp":"2026-09-14T02:54:52.200Z","computer":"srv-134","event_id":4697,"record_id":103886,"user":"employee-103","source_ip":"10.11.3.23","target":"ApprovedAgent","logon_type":null,"change_ticket":"CHG-DEPLOY-18","result":"success","channel":"Security","provider":"Microsoft-Windows-Security-Auditing","logon_id":"2fa9ba4079ae2b76","process_id":3311,"image_path":"C:/Program Files/ApprovedAgent/agent.exe","run_as":"svc-agent","publisher":"Approved Software Team","update_state":"installed","agent_build":"2026.09.3"},{"timestamp":"2026-09-14T02:54:54.900Z","computer":"srv-223","event_id":4624,"record_id":103887,"user":"deployment-admin","source_ip":"10.12.4.12","target":"logon-session","logon_type":10,"change_ticket":"","result":"success","channel":"Security","provider":"Microsoft-Windows-Security-Auditing","logon_id":"2fa9ba4079ae2b76","process_id":21462,"image_path":"","run_as":"","publisher":"","update_state":"installed","agent_build":"2026.09.4"},{"timestamp":"2026-09-14T02:54:57.600Z","computer":"srv-105","event_id":4624,"record_id":103888,"user":"employee-182","source_ip":"10.11.2.14","target":"logon-session","logon_type":2,"change_ticket":"","result":"success","channel":"Security","provider":"Microsoft-Windows-Security-Auditing","logon_id":"4f4efd5ef17d659b","process_id":5561,"image_path":"","run_as":"","publisher":"","update_state":"installed","agent_build":"2026.09.1"},{"timestamp":"2026-09-14T02:55:00.300Z","computer":"srv-037","event_id":4634,"record_id":103889,"user":"employee-388","source_ip":"10.10.2.26","target":"logon-session","logon_type":3,"change_ticket":"","result":"success","channel":"Security","provider":"Microsoft-Windows-Security-Auditing","logon_id":"4f4efd5ef17d659b","process_id":25487,"image_path":"","run_as":"","publisher":"","update_state":"installed","agent_build":"2026.09.2"},{"timestamp":"2026-09-14T02:55:03.000Z","computer":"srv-082","event_id":4688,"record_id":103890,"user":"employee-380","source_ip":"10.11.1.11","target":"logon-session","logon_type":null,"change_ticket":"","result":"success","channel":"Security","provider":"Microsoft-Windows-Security-Auditing","logon_id":"4f4efd5ef17d659b","process_id":12344,"image_path":"C:/Program Files/ApprovedAgent/agent.exe","run_as":"","publisher":"Approved Software Team","update_state":"installed","agent_build":"2026.09.3"},{"timestamp":"2026-09-14T02:55:05.700Z","computer":"srv-091","event_id":4625,"record_id":103891,"user":"employee-263","source_ip":"10.11.1.20","target":"logon-session","logon_type":2,"change_ticket":"","result":"failure","channel":"Security","provider":"Microsoft-Windows-Security-Auditing","logon_id":"4f4efd5ef17d659b","process_id":6679,"image_path":"","run_as":"","publisher":"","update_state":"installed","agent_build":"2026.09.4"},{"timestamp":"2026-09-14T02:55:08.400Z","computer":"srv-149","event_id":4698,"record_id":103892,"user":"employee-127","source_ip":"10.11.4.18","target":"Approved-Maintenance","logon_type":null,"change_ticket":"CHG-DEPLOY-18","result":"success","channel":"Security","provider":"Microsoft-Windows-Security-Auditing","logon_id":"04a1067cc74a6f14","process_id":6189,"image_path":"C:/Program Files/ApprovedAgent/agent.exe","run_as":"svc-agent","publisher":"Approved Software Team","update_state":"installed","agent_build":"2026.09.1"},{"timestamp":"2026-09-14T02:55:11.100Z","computer":"srv-160","event_id":4728,"record_id":103893,"user":"employee-346","source_ip":"10.11.4.29","target":"Project-Readers","logon_type":null,"change_ticket":"CHG-DEPLOY-18","result":"success","channel":"Security","provider":"Microsoft-Windows-Security-Auditing","logon_id":"04a1067cc74a6f14","process_id":9423,"image_path":"","run_as":"","publisher":"","update_state":"installed","agent_build":"2026.09.2"},{"timestamp":"2026-09-14T02:55:13.800Z","computer":"srv-072","event_id":4697,"record_id":103894,"user":"employee-435","source_ip":"10.10.4.21","target":"ApprovedAgent","logon_type":null,"change_ticket":"CHG-DEPLOY-18","result":"success","channel":"Security","provider":"Microsoft-Windows-Security-Auditing","logon_id":"04a1067cc74a6f14","process_id":22395,"image_path":"C:/Program Files/ApprovedAgent/agent.exe","run_as":"svc-agent","publisher":"Approved Software Team","update_state":"no-report","agent_build":"2026.09.3"},{"timestamp":"2026-09-14T02:55:16.500Z","computer":"srv-003","event_id":4624,"record_id":103895,"user":"employee-215","source_ip":"10.10.1.12","target":"logon-session","logon_type":3,"change_ticket":"","result":"success","channel":"Security","provider":"Microsoft-Windows-Security-Auditing","logon_id":"04a1067cc74a6f14","process_id":2226,"image_path":"","run_as":"","publisher":"","update_state":"installed","agent_build":"2026.09.4"},{"timestamp":"2026-09-14T02:55:19.200Z","computer":"srv-118","event_id":4624,"record_id":103896,"user":"employee-434","source_ip":"10.11.2.27","target":"logon-session","logon_type":10,"change_ticket":"","result":"success","channel":"Security","provider":"Microsoft-Windows-Security-Auditing","logon_id":"c4e537fd34de97e0","process_id":20164,"image_path":"","run_as":"","publisher":"","update_state":"installed","agent_build":"2026.09.1"},{"timestamp":"2026-09-14T02:55:21.900Z","computer":"srv-055","event_id":4634,"record_id":103897,"user":"employee-380","source_ip":"10.10.3.24","target":"logon-session","logon_type":2,"change_ticket":"","result":"success","channel":"Security","provider":"Microsoft-Windows-Security-Auditing","logon_id":"c4e537fd34de97e0","process_id":19594,"image_path":"","run_as":"","publisher":"","update_state":"installed","agent_build":"2026.09.2"},{"timestamp":"2026-09-14T02:55:24.600Z","computer":"srv-081","event_id":4688,"record_id":103898,"user":"employee-363","source_ip":"10.11.1.10","target":"logon-session","logon_type":null,"change_ticket":"","result":"success","channel":"Security","provider":"Microsoft-Windows-Security-Auditing","logon_id":"c4e537fd34de97e0","process_id":23778,"image_path":"C:/Program Files/ApprovedAgent/agent.exe","run_as":"","publisher":"Approved Software Team","update_state":"installed","agent_build":"2026.09.3"},{"timestamp":"2026-09-14T02:55:27.300Z","computer":"srv-029","event_id":4625,"record_id":103899,"user":"employee-440","source_ip":"10.10.2.18","target":"logon-session","logon_type":10,"change_ticket":"","result":"failure","channel":"Security","provider":"Microsoft-Windows-Security-Auditing","logon_id":"c4e537fd34de97e0","process_id":3298,"image_path":"","run_as":"","publisher":"","update_state":"installed","agent_build":"2026.09.4"},{"timestamp":"2026-09-14T02:55:30.000Z","computer":"srv-125","event_id":4698,"record_id":103900,"user":"deployment-admin","source_ip":"10.11.3.14","target":"Approved-Maintenance","logon_type":null,"change_ticket":"CHG-DEPLOY-18","result":"success","channel":"Security","provider":"Microsoft-Windows-Security-Auditing","logon_id":"4e9ac19a589c5c53","process_id":2752,"image_path":"C:/Program Files/ApprovedAgent/agent.exe","run_as":"svc-agent","publisher":"Approved Software Team","update_state":"installed","agent_build":"2026.09.1"},{"timestamp":"2026-09-14T02:55:32.700Z","computer":"srv-184","event_id":4728,"record_id":103901,"user":"employee-286","source_ip":"10.12.2.13","target":"Project-Readers","logon_type":null,"change_ticket":"CHG-DEPLOY-18","result":"success","channel":"Security","provider":"Microsoft-Windows-Security-Auditing","logon_id":"4e9ac19a589c5c53","process_id":22460,"image_path":"","run_as":"","publisher":"","update_state":"failed","agent_build":"2026.09.2"},{"timestamp":"2026-09-14T02:55:35.400Z","computer":"srv-071","event_id":4697,"record_id":103902,"user":"employee-61","source_ip":"10.10.4.20","target":"ApprovedAgent","logon_type":null,"change_ticket":"CHG-DEPLOY-18","result":"success","channel":"Security","provider":"Microsoft-Windows-Security-Auditing","logon_id":"4e9ac19a589c5c53","process_id":2919,"image_path":"C:/Program Files/ApprovedAgent/agent.exe","run_as":"svc-agent","publisher":"Approved Software Team","update_state":"installed","agent_build":"2026.09.3"},{"timestamp":"2026-09-14T02:55:38.100Z","computer":"srv-206","event_id":4624,"record_id":103903,"user":"employee-53","source_ip":"10.12.3.15","target":"logon-session","logon_type":2,"change_ticket":"","result":"success","channel":"Security","provider":"Microsoft-Windows-Security-Auditing","logon_id":"4e9ac19a589c5c53","process_id":19516,"image_path":"","run_as":"","publisher":"","update_state":"installed","agent_build":"2026.09.4"},{"timestamp":"2026-09-14T02:55:40.800Z","computer":"srv-078","event_id":4624,"record_id":103904,"user":"employee-50","source_ip":"10.10.4.27","target":"logon-session","logon_type":3,"change_ticket":"","result":"success","channel":"Security","provider":"Microsoft-Windows-Security-Auditing","logon_id":"a2a435962d599e7b","process_id":1287,"image_path":"","run_as":"","publisher":"","update_state":"installed","agent_build":"2026.09.1"},{"timestamp":"2026-09-14T02:55:43.500Z","computer":"srv-207","event_id":4634,"record_id":103905,"user":"employee-122","source_ip":"10.12.3.16","target":"logon-session","logon_type":10,"change_ticket":"","result":"success","channel":"Security","provider":"Microsoft-Windows-Security-Auditing","logon_id":"a2a435962d599e7b","process_id":10864,"image_path":"","run_as":"","publisher":"","update_state":"installed","agent_build":"2026.09.2"},{"timestamp":"2026-09-14T02:55:46.200Z","computer":"srv-087","event_id":4688,"record_id":103906,"user":"employee-136","source_ip":"10.11.1.16","target":"logon-session","logon_type":null,"change_ticket":"","result":"success","channel":"Security","provider":"Microsoft-Windows-Security-Auditing","logon_id":"a2a435962d599e7b","process_id":18481,"image_path":"C:/Program Files/ApprovedAgent/agent.exe","run_as":"","publisher":"Approved Software Team","update_state":"restart-pending","agent_build":"2026.09.3"},{"timestamp":"2026-09-14T02:55:48.900Z","computer":"srv-152","event_id":4625,"record_id":103907,"user":"employee-180","source_ip":"10.11.4.21","target":"logon-session","logon_type":3,"change_ticket":"","result":"failure","channel":"Security","provider":"Microsoft-Windows-Security-Auditing","logon_id":"a2a435962d599e7b","process_id":8681,"image_path":"","run_as":"","publisher":"","update_state":"installed","agent_build":"2026.09.4"},{"timestamp":"2026-09-14T02:55:51.600Z","computer":"srv-150","event_id":4698,"record_id":103908,"user":"employee-309","source_ip":"10.11.4.19","target":"Approved-Maintenance","logon_type":null,"change_ticket":"CHG-DEPLOY-18","result":"success","channel":"Security","provider":"Microsoft-Windows-Security-Auditing","logon_id":"2deceea223fe5b9f","process_id":21644,"image_path":"C:/Program Files/ApprovedAgent/agent.exe","run_as":"svc-agent","publisher":"Approved Software Team","update_state":"installed","agent_build":"2026.09.1"},{"timestamp":"2026-09-14T02:55:54.300Z","computer":"srv-053","event_id":4728,"record_id":103909,"user":"employee-376","source_ip":"10.10.3.22","target":"Project-Readers","logon_type":null,"change_ticket":"CHG-DEPLOY-18","result":"success","channel":"Security","provider":"Microsoft-Windows-Security-Auditing","logon_id":"2deceea223fe5b9f","process_id":12996,"image_path":"","run_as":"","publisher":"","update_state":"installed","agent_build":"2026.09.2"},{"timestamp":"2026-09-14T02:55:57.000Z","computer":"srv-144","event_id":4697,"record_id":103910,"user":"employee-180","source_ip":"10.11.4.13","target":"ApprovedAgent","logon_type":null,"change_ticket":"CHG-DEPLOY-18","result":"success","channel":"Security","provider":"Microsoft-Windows-Security-Auditing","logon_id":"2deceea223fe5b9f","process_id":14831,"image_path":"C:/Program Files/ApprovedAgent/agent.exe","run_as":"svc-agent","publisher":"Approved Software Team","update_state":"installed","agent_build":"2026.09.3"},{"timestamp":"2026-09-14T02:55:59.700Z","computer":"srv-176","event_id":4624,"record_id":103911,"user":"employee-58","source_ip":"10.12.1.25","target":"logon-session","logon_type":10,"change_ticket":"","result":"success","channel":"Security","provider":"Microsoft-Windows-Security-Auditing","logon_id":"2deceea223fe5b9f","process_id":1328,"image_path":"","run_as":"","publisher":"","update_state":"installed","agent_build":"2026.09.4"},{"timestamp":"2026-09-14T02:56:02.400Z","computer":"srv-198","event_id":4624,"record_id":103912,"user":"employee-183","source_ip":"10.12.2.27","target":"logon-session","logon_type":2,"change_ticket":"","result":"success","channel":"Security","provider":"Microsoft-Windows-Security-Auditing","logon_id":"39b2475501f39ae9","process_id":3859,"image_path":"","run_as":"","publisher":"","update_state":"installed","agent_build":"2026.09.1"},{"timestamp":"2026-09-14T02:56:05.100Z","computer":"srv-151","event_id":4634,"record_id":103913,"user":"deployment-admin","source_ip":"10.11.4.20","target":"logon-session","logon_type":3,"change_ticket":"","result":"success","channel":"Security","provider":"Microsoft-Windows-Security-Auditing","logon_id":"39b2475501f39ae9","process_id":4029,"image_path":"","run_as":"","publisher":"","update_state":"installed","agent_build":"2026.09.2"},{"timestamp":"2026-09-14T02:56:07.800Z","computer":"srv-062","event_id":4688,"record_id":103914,"user":"employee-425","source_ip":"10.10.4.11","target":"logon-session","logon_type":null,"change_ticket":"","result":"success","channel":"Security","provider":"Microsoft-Windows-Security-Auditing","logon_id":"39b2475501f39ae9","process_id":23517,"image_path":"C:/Program Files/ApprovedAgent/agent.exe","run_as":"","publisher":"Approved Software Team","update_state":"installed","agent_build":"2026.09.3"},{"timestamp":"2026-09-14T02:56:10.500Z","computer":"srv-085","event_id":4625,"record_id":103915,"user":"employee-60","source_ip":"10.11.1.14","target":"logon-session","logon_type":2,"change_ticket":"","result":"failure","channel":"Security","provider":"Microsoft-Windows-Security-Auditing","logon_id":"39b2475501f39ae9","process_id":10542,"image_path":"","run_as":"","publisher":"","update_state":"installed","agent_build":"2026.09.4"},{"timestamp":"2026-09-14T02:56:13.200Z","computer":"srv-068","event_id":4698,"record_id":103916,"user":"employee-320","source_ip":"10.10.4.17","target":"Approved-Maintenance","logon_type":null,"change_ticket":"CHG-DEPLOY-18","result":"success","channel":"Security","provider":"Microsoft-Windows-Security-Auditing","logon_id":"ffc27baad6537651","process_id":8096,"image_path":"C:/Program Files/ApprovedAgent/agent.exe","run_as":"svc-agent","publisher":"Approved Software Team","update_state":"installed","agent_build":"2026.09.1"},{"timestamp":"2026-09-14T02:56:15.900Z","computer":"srv-210","event_id":4728,"record_id":103917,"user":"employee-410","source_ip":"10.12.3.19","target":"Project-Readers","logon_type":null,"change_ticket":"CHG-DEPLOY-18","result":"success","channel":"Security","provider":"Microsoft-Windows-Security-Auditing","logon_id":"ffc27baad6537651","process_id":14483,"image_path":"","run_as":"","publisher":"","update_state":"installed","agent_build":"2026.09.2"},{"timestamp":"2026-09-14T02:56:18.600Z","computer":"srv-109","event_id":4697,"record_id":103918,"user":"employee-472","source_ip":"10.11.2.18","target":"ApprovedAgent","logon_type":null,"change_ticket":"CHG-DEPLOY-18","result":"success","channel":"Security","provider":"Microsoft-Windows-Security-Auditing","logon_id":"ffc27baad6537651","process_id":4678,"image_path":"C:/Program Files/ApprovedAgent/agent.exe","run_as":"svc-agent","publisher":"Approved Software Team","update_state":"installed","agent_build":"2026.09.3"},{"timestamp":"2026-09-14T02:56:21.300Z","computer":"srv-168","event_id":4624,"record_id":103919,"user":"employee-298","source_ip":"10.12.1.17","target":"logon-session","logon_type":3,"change_ticket":"","result":"success","channel":"Security","provider":"Microsoft-Windows-Security-Auditing","logon_id":"ffc27baad6537651","process_id":10900,"image_path":"","run_as":"","publisher":"","update_state":"installed","agent_build":"2026.09.4"},{"timestamp":"2026-09-14T02:56:24.000Z","computer":"srv-111","event_id":4624,"record_id":103920,"user":"employee-381","source_ip":"10.11.2.20","target":"logon-session","logon_type":10,"change_ticket":"","result":"success","channel":"Security","provider":"Microsoft-Windows-Security-Auditing","logon_id":"35f98e100c2fc529","process_id":3981,"image_path":"","run_as":"","publisher":"","update_state":"installed","agent_build":"2026.09.1"},{"timestamp":"2026-09-14T02:56:26.700Z","computer":"srv-040","event_id":4634,"record_id":103921,"user":"employee-82","source_ip":"10.10.2.29","target":"logon-session","logon_type":2,"change_ticket":"","result":"success","channel":"Security","provider":"Microsoft-Windows-Security-Auditing","logon_id":"35f98e100c2fc529","process_id":3563,"image_path":"","run_as":"","publisher":"","update_state":"installed","agent_build":"2026.09.2"},