{"timestamp":"2026-09-14T00:09:32.400Z","computer":"srv-203","event_id":4698,"record_id":100212,"user":"employee-429","source_ip":"10.12.3.12","target":"Approved-Maintenance","logon_type":null,"change_ticket":"CHG-DEPLOY-18","result":"success","channel":"Security","provider":"Microsoft-Windows-Security-Auditing","logon_id":"4eee204badd1b7f8","process_id":13639,"image_path":"C:/Program Files/ApprovedAgent/agent.exe","run_as":"svc-agent","publisher":"Approved Software Team","update_state":"installed","agent_build":"2026.09.1"},{"timestamp":"2026-09-14T00:09:35.100Z","computer":"srv-017","event_id":4728,"record_id":100213,"user":"employee-270","source_ip":"10.10.1.26","target":"Project-Readers","logon_type":null,"change_ticket":"CHG-DEPLOY-18","result":"success","channel":"Security","provider":"Microsoft-Windows-Security-Auditing","logon_id":"4eee204badd1b7f8","process_id":13414,"image_path":"","run_as":"","publisher":"","update_state":"installed","agent_build":"2026.09.2"},{"timestamp":"2026-09-14T00:09:37.800Z","computer":"srv-145","event_id":4697,"record_id":100214,"user":"employee-173","source_ip":"10.11.4.14","target":"ApprovedAgent","logon_type":null,"change_ticket":"CHG-DEPLOY-18","result":"success","channel":"Security","provider":"Microsoft-Windows-Security-Auditing","logon_id":"4eee204badd1b7f8","process_id":1747,"image_path":"C:/Program Files/ApprovedAgent/agent.exe","run_as":"svc-agent","publisher":"Approved Software Team","update_state":"installed","agent_build":"2026.09.3"},{"timestamp":"2026-09-14T00:09:40.500Z","computer":"srv-045","event_id":4624,"record_id":100215,"user":"employee-71","source_ip":"10.10.3.14","target":"logon-session","logon_type":10,"change_ticket":"","result":"success","channel":"Security","provider":"Microsoft-Windows-Security-Auditing","logon_id":"4eee204badd1b7f8","process_id":13748,"image_path":"","run_as":"","publisher":"","update_state":"installed","agent_build":"2026.09.4"},{"timestamp":"2026-09-14T00:09:43.200Z","computer":"srv-137","event_id":4624,"record_id":100216,"user":"employee-7","source_ip":"10.11.3.26","target":"logon-session","logon_type":2,"change_ticket":"","result":"success","channel":"Security","provider":"Microsoft-Windows-Security-Auditing","logon_id":"0945ebe68b15a6c0","process_id":16524,"image_path":"","run_as":"","publisher":"","update_state":"installed","agent_build":"2026.09.1"},{"timestamp":"2026-09-14T00:09:45.900Z","computer":"srv-050","event_id":4634,"record_id":100217,"user":"employee-46","source_ip":"10.10.3.19","target":"logon-session","logon_type":3,"change_ticket":"","result":"success","channel":"Security","provider":"Microsoft-Windows-Security-Auditing","logon_id":"0945ebe68b15a6c0","process_id":5173,"image_path":"","run_as":"","publisher":"","update_state":"restart-pending","agent_build":"2026.09.2"},{"timestamp":"2026-09-14T00:09:48.600Z","computer":"srv-046","event_id":4688,"record_id":100218,"user":"employee-351","source_ip":"10.10.3.15","target":"logon-session","logon_type":null,"change_ticket":"","result":"success","channel":"Security","provider":"Microsoft-Windows-Security-Auditing","logon_id":"0945ebe68b15a6c0","process_id":9195,"image_path":"C:/Program Files/ApprovedAgent/agent.exe","run_as":"","publisher":"Approved Software Team","update_state":"installed","agent_build":"2026.09.3"},{"timestamp":"2026-09-14T00:09:51.300Z","computer":"srv-156","event_id":4625,"record_id":100219,"user":"employee-401","source_ip":"10.11.4.25","target":"logon-session","logon_type":2,"change_ticket":"","result":"failure","channel":"Security","provider":"Microsoft-Windows-Security-Auditing","logon_id":"0945ebe68b15a6c0","process_id":11434,"image_path":"","run_as":"","publisher":"","update_state":"installed","agent_build":"2026.09.4"},{"timestamp":"2026-09-14T00:09:54.000Z","computer":"srv-184","event_id":4698,"record_id":100220,"user":"employee-364","source_ip":"10.12.2.13","target":"Approved-Maintenance","logon_type":null,"change_ticket":"CHG-DEPLOY-18","result":"success","channel":"Security","provider":"Microsoft-Windows-Security-Auditing","logon_id":"13f4dc3372e6e106","process_id":21982,"image_path":"C:/Program Files/ApprovedAgent/agent.exe","run_as":"svc-agent","publisher":"Approved Software Team","update_state":"installed","agent_build":"2026.09.1"},{"timestamp":"2026-09-14T00:09:56.700Z","computer":"srv-058","event_id":4728,"record_id":100221,"user":"deployment-admin","source_ip":"10.10.3.27","target":"Project-Readers","logon_type":null,"change_ticket":"CHG-DEPLOY-18","result":"success","channel":"Security","provider":"Microsoft-Windows-Security-Auditing","logon_id":"13f4dc3372e6e106","process_id":25775,"image_path":"","run_as":"","publisher":"","update_state":"installed","agent_build":"2026.09.2"},{"timestamp":"2026-09-14T00:09:59.400Z","computer":"srv-001","event_id":4697,"record_id":100222,"user":"employee-418","source_ip":"10.10.1.10","target":"ApprovedAgent","logon_type":null,"change_ticket":"CHG-DEPLOY-18","result":"success","channel":"Security","provider":"Microsoft-Windows-Security-Auditing","logon_id":"13f4dc3372e6e106","process_id":23186,"image_path":"C:/Program Files/ApprovedAgent/agent.exe","run_as":"svc-agent","publisher":"Approved Software Team","update_state":"installed","agent_build":"2026.09.3"},{"timestamp":"2026-09-14T00:10:02.100Z","computer":"srv-118","event_id":4624,"record_id":100223,"user":"employee-418","source_ip":"10.11.2.27","target":"logon-session","logon_type":3,"change_ticket":"","result":"success","channel":"Security","provider":"Microsoft-Windows-Security-Auditing","logon_id":"13f4dc3372e6e106","process_id":16092,"image_path":"","run_as":"","publisher":"","update_state":"installed","agent_build":"2026.09.4"},{"timestamp":"2026-09-14T00:10:04.800Z","computer":"srv-178","event_id":4624,"record_id":100224,"user":"employee-444","source_ip":"10.12.1.27","target":"logon-session","logon_type":10,"change_ticket":"","result":"success","channel":"Security","provider":"Microsoft-Windows-Security-Auditing","logon_id":"a06255e62c7f57f8","process_id":8419,"image_path":"","run_as":"","publisher":"","update_state":"installed","agent_build":"2026.09.1"},{"timestamp":"2026-09-14T00:10:07.500Z","computer":"srv-217","event_id":4634,"record_id":100225,"user":"employee-201","source_ip":"10.12.3.26","target":"logon-session","logon_type":2,"change_ticket":"","result":"success","channel":"Security","provider":"Microsoft-Windows-Security-Auditing","logon_id":"a06255e62c7f57f8","process_id":11819,"image_path":"","run_as":"","publisher":"","update_state":"installed","agent_build":"2026.09.2"},{"timestamp":"2026-09-14T00:10:10.200Z","computer":"srv-109","event_id":4688,"record_id":100226,"user":"employee-29","source_ip":"10.11.2.18","target":"logon-session","logon_type":null,"change_ticket":"","result":"success","channel":"Security","provider":"Microsoft-Windows-Security-Auditing","logon_id":"a06255e62c7f57f8","process_id":10582,"image_path":"C:/Program Files/ApprovedAgent/agent.exe","run_as":"","publisher":"Approved Software Team","update_state":"installed","agent_build":"2026.09.3"},{"timestamp":"2026-09-14T00:10:12.900Z","computer":"srv-063","event_id":4625,"record_id":100227,"user":"employee-382","source_ip":"10.10.4.12","target":"logon-session","logon_type":10,"change_ticket":"","result":"failure","channel":"Security","provider":"Microsoft-Windows-Security-Auditing","logon_id":"a06255e62c7f57f8","process_id":2641,"image_path":"","run_as":"","publisher":"","update_state":"installed","agent_build":"2026.09.4"},{"timestamp":"2026-09-14T00:10:15.600Z","computer":"srv-055","event_id":4698,"record_id":100228,"user":"employee-370","source_ip":"10.10.3.24","target":"Approved-Maintenance","logon_type":null,"change_ticket":"CHG-DEPLOY-18","result":"success","channel":"Security","provider":"Microsoft-Windows-Security-Auditing","logon_id":"9f44f52c345f8558","process_id":4171,"image_path":"C:/Program Files/ApprovedAgent/agent.exe","run_as":"svc-agent","publisher":"Approved Software Team","update_state":"installed","agent_build":"2026.09.1"},{"timestamp":"2026-09-14T00:10:18.300Z","computer":"srv-055","event_id":4728,"record_id":100229,"user":"employee-133","source_ip":"10.10.3.24","target":"Project-Readers","logon_type":null,"change_ticket":"CHG-DEPLOY-18","result":"success","channel":"Security","provider":"Microsoft-Windows-Security-Auditing","logon_id":"9f44f52c345f8558","process_id":7292,"image_path":"","run_as":"","publisher":"","update_state":"installed","agent_build":"2026.09.2"},{"timestamp":"2026-09-14T00:10:21.000Z","computer":"srv-131","event_id":4697,"record_id":100230,"user":"employee-321","source_ip":"10.11.3.20","target":"ApprovedAgent","logon_type":null,"change_ticket":"CHG-DEPLOY-18","result":"success","channel":"Security","provider":"Microsoft-Windows-Security-Auditing","logon_id":"9f44f52c345f8558","process_id":25903,"image_path":"C:/Program Files/ApprovedAgent/agent.exe","run_as":"svc-agent","publisher":"Approved Software Team","update_state":"installed","agent_build":"2026.09.3"},{"timestamp":"2026-09-14T00:10:23.700Z","computer":"srv-155","event_id":4624,"record_id":100231,"user":"employee-63","source_ip":"10.11.4.24","target":"logon-session","logon_type":2,"change_ticket":"","result":"success","channel":"Security","provider":"Microsoft-Windows-Security-Auditing","logon_id":"9f44f52c345f8558","process_id":4007,"image_path":"","run_as":"","publisher":"","update_state":"installed","agent_build":"2026.09.4"},{"timestamp":"2026-09-14T00:10:26.400Z","computer":"srv-103","event_id":4624,"record_id":100232,"user":"employee-331","source_ip":"10.11.2.12","target":"logon-session","logon_type":3,"change_ticket":"","result":"success","channel":"Security","provider":"Microsoft-Windows-Security-Auditing","logon_id":"e1d77670719ea380","process_id":22642,"image_path":"","run_as":"","publisher":"","update_state":"installed","agent_build":"2026.09.1"},{"timestamp":"2026-09-14T00:10:29.100Z","computer":"srv-024","event_id":4634,"record_id":100233,"user":"employee-59","source_ip":"10.10.2.13","target":"logon-session","logon_type":10,"change_ticket":"","result":"success","channel":"Security","provider":"Microsoft-Windows-Security-Auditing","logon_id":"e1d77670719ea380","process_id":15449,"image_path":"","run_as":"","publisher":"","update_state":"installed","agent_build":"2026.09.2"},{"timestamp":"2026-09-14T00:10:31.800Z","computer":"srv-183","event_id":4688,"record_id":100234,"user":"deployment-admin","source_ip":"10.12.2.12","target":"logon-session","logon_type":null,"change_ticket":"","result":"success","channel":"Security","provider":"Microsoft-Windows-Security-Auditing","logon_id":"e1d77670719ea380","process_id":6558,"image_path":"C:/Program Files/ApprovedAgent/agent.exe","run_as":"","publisher":"Approved Software Team","update_state":"installed","agent_build":"2026.09.3"},{"timestamp":"2026-09-14T00:10:34.500Z","computer":"srv-054","event_id":4625,"record_id":100235,"user":"employee-114","source_ip":"10.10.3.23","target":"logon-session","logon_type":3,"change_ticket":"","result":"failure","channel":"Security","provider":"Microsoft-Windows-Security-Auditing","logon_id":"e1d77670719ea380","process_id":16240,"image_path":"","run_as":"","publisher":"","update_state":"failed","agent_build":"2026.09.4"},{"timestamp":"2026-09-14T00:10:37.200Z","computer":"srv-125","event_id":4698,"record_id":100236,"user":"employee-474","source_ip":"10.11.3.14","target":"Approved-Maintenance","logon_type":null,"change_ticket":"CHG-DEPLOY-18","result":"success","channel":"Security","provider":"Microsoft-Windows-Security-Auditing","logon_id":"cca284f89dbc9701","process_id":2233,"image_path":"C:/Program Files/ApprovedAgent/agent.exe","run_as":"svc-agent","publisher":"Approved Software Team","update_state":"no-report","agent_build":"2026.09.1"},{"timestamp":"2026-09-14T00:10:39.900Z","computer":"srv-160","event_id":4728,"record_id":100237,"user":"employee-183","source_ip":"10.11.4.29","target":"Project-Readers","logon_type":null,"change_ticket":"CHG-DEPLOY-18","result":"success","channel":"Security","provider":"Microsoft-Windows-Security-Auditing","logon_id":"cca284f89dbc9701","process_id":17684,"image_path":"","run_as":"","publisher":"","update_state":"installed","agent_build":"2026.09.2"},{"timestamp":"2026-09-14T00:10:42.600Z","computer":"srv-044","event_id":4697,"record_id":100238,"user":"employee-370","source_ip":"10.10.3.13","target":"ApprovedAgent","logon_type":null,"change_ticket":"CHG-DEPLOY-18","result":"success","channel":"Security","provider":"Microsoft-Windows-Security-Auditing","logon_id":"cca284f89dbc9701","process_id":15564,"image_path":"C:/Program Files/ApprovedAgent/agent.exe","run_as":"svc-agent","publisher":"Approved Software Team","update_state":"installed","agent_build":"2026.09.3"},{"timestamp":"2026-09-14T00:10:45.300Z","computer":"srv-047","event_id":4624,"record_id":100239,"user":"employee-199","source_ip":"10.10.3.16","target":"logon-session","logon_type":10,"change_ticket":"","result":"success","channel":"Security","provider":"Microsoft-Windows-Security-Auditing","logon_id":"cca284f89dbc9701","process_id":10086,"image_path":"","run_as":"","publisher":"","update_state":"installed","agent_build":"2026.09.4"},{"timestamp":"2026-09-14T00:10:48.000Z","computer":"srv-229","event_id":4624,"record_id":100240,"user":"employee-30","source_ip":"10.12.4.18","target":"logon-session","logon_type":2,"change_ticket":"","result":"success","channel":"Security","provider":"Microsoft-Windows-Security-Auditing","logon_id":"23dc0a97cd568a43","process_id":20449,"image_path":"","run_as":"","publisher":"","update_state":"installed","agent_build":"2026.09.1"},{"timestamp":"2026-09-14T00:10:50.700Z","computer":"srv-211","event_id":4634,"record_id":100241,"user":"employee-141","source_ip":"10.12.3.20","target":"logon-session","logon_type":3,"change_ticket":"","result":"success","channel":"Security","provider":"Microsoft-Windows-Security-Auditing","logon_id":"23dc0a97cd568a43","process_id":19871,"image_path":"","run_as":"","publisher":"","update_state":"installed","agent_build":"2026.09.2"},{"timestamp":"2026-09-14T00:10:53.400Z","computer":"srv-226","event_id":4688,"record_id":100242,"user":"employee-199","source_ip":"10.12.4.15","target":"logon-session","logon_type":null,"change_ticket":"","result":"success","channel":"Security","provider":"Microsoft-Windows-Security-Auditing","logon_id":"23dc0a97cd568a43","process_id":9393,"image_path":"C:/Program Files/ApprovedAgent/agent.exe","run_as":"","publisher":"Approved Software Team","update_state":"installed","agent_build":"2026.09.3"},{"timestamp":"2026-09-14T00:10:56.100Z","computer":"srv-199","event_id":4625,"record_id":100243,"user":"employee-350","source_ip":"10.12.2.28","target":"logon-session","logon_type":2,"change_ticket":"","result":"failure","channel":"Security","provider":"Microsoft-Windows-Security-Auditing","logon_id":"23dc0a97cd568a43","process_id":1402,"image_path":"","run_as":"","publisher":"","update_state":"installed","agent_build":"2026.09.4"},{"timestamp":"2026-09-14T00:10:58.800Z","computer":"srv-155","event_id":4698,"record_id":100244,"user":"employee-319","source_ip":"10.11.4.24","target":"Approved-Maintenance","logon_type":null,"change_ticket":"CHG-DEPLOY-18","result":"success","channel":"Security","provider":"Microsoft-Windows-Security-Auditing","logon_id":"78f3217f69e4f698","process_id":10500,"image_path":"C:/Program Files/ApprovedAgent/agent.exe","run_as":"svc-agent","publisher":"Approved Software Team","update_state":"installed","agent_build":"2026.09.1"},{"timestamp":"2026-09-14T00:11:01.500Z","computer":"srv-192","event_id":4728,"record_id":100245,"user":"employee-223","source_ip":"10.12.2.21","target":"Project-Readers","logon_type":null,"change_ticket":"CHG-DEPLOY-18","result":"success","channel":"Security","provider":"Microsoft-Windows-Security-Auditing","logon_id":"78f3217f69e4f698","process_id":15890,"image_path":"","run_as":"","publisher":"","update_state":"installed","agent_build":"2026.09.2"},{"timestamp":"2026-09-14T00:11:04.200Z","computer":"srv-130","event_id":4697,"record_id":100246,"user":"employee-450","source_ip":"10.11.3.19","target":"ApprovedAgent","logon_type":null,"change_ticket":"CHG-DEPLOY-18","result":"success","channel":"Security","provider":"Microsoft-Windows-Security-Auditing","logon_id":"78f3217f69e4f698","process_id":22909,"image_path":"C:/Program Files/ApprovedAgent/agent.exe","run_as":"svc-agent","publisher":"Approved Software Team","update_state":"installed","agent_build":"2026.09.3"},{"timestamp":"2026-09-14T00:11:06.900Z","computer":"srv-142","event_id":4624,"record_id":100247,"user":"deployment-admin","source_ip":"10.11.4.11","target":"logon-session","logon_type":3,"change_ticket":"","result":"success","channel":"Security","provider":"Microsoft-Windows-Security-Auditing","logon_id":"78f3217f69e4f698","process_id":1894,"image_path":"","run_as":"","publisher":"","update_state":"installed","agent_build":"2026.09.4"},{"timestamp":"2026-09-14T00:11:09.600Z","computer":"srv-074","event_id":4624,"record_id":100248,"user":"employee-112","source_ip":"10.10.4.23","target":"logon-session","logon_type":10,"change_ticket":"","result":"success","channel":"Security","provider":"Microsoft-Windows-Security-Auditing","logon_id":"b9b3e116ac091c54","process_id":24675,"image_path":"","run_as":"","publisher":"","update_state":"restart-pending","agent_build":"2026.09.1"},{"timestamp":"2026-09-14T00:11:12.300Z","computer":"srv-104","event_id":4634,"record_id":100249,"user":"employee-131","source_ip":"10.11.2.13","target":"logon-session","logon_type":2,"change_ticket":"","result":"success","channel":"Security","provider":"Microsoft-Windows-Security-Auditing","logon_id":"b9b3e116ac091c54","process_id":9924,"image_path":"","run_as":"","publisher":"","update_state":"installed","agent_build":"2026.09.2"},{"timestamp":"2026-09-14T00:11:15.000Z","computer":"srv-044","event_id":4688,"record_id":100250,"user":"employee-356","source_ip":"10.10.3.13","target":"logon-session","logon_type":null,"change_ticket":"","result":"success","channel":"Security","provider":"Microsoft-Windows-Security-Auditing","logon_id":"b9b3e116ac091c54","process_id":25379,"image_path":"C:/Program Files/ApprovedAgent/agent.exe","run_as":"","publisher":"Approved Software Team","update_state":"installed","agent_build":"2026.09.3"},{"timestamp":"2026-09-14T00:11:17.700Z","computer":"srv-227","event_id":4625,"record_id":100251,"user":"employee-234","source_ip":"10.12.4.16","target":"logon-session","logon_type":10,"change_ticket":"","result":"failure","channel":"Security","provider":"Microsoft-Windows-Security-Auditing","logon_id":"b9b3e116ac091c54","process_id":23760,"image_path":"","run_as":"","publisher":"","update_state":"installed","agent_build":"2026.09.4"},{"timestamp":"2026-09-14T00:11:20.400Z","computer":"srv-190","event_id":4698,"record_id":100252,"user":"employee-34","source_ip":"10.12.2.19","target":"Approved-Maintenance","logon_type":null,"change_ticket":"CHG-DEPLOY-18","result":"success","channel":"Security","provider":"Microsoft-Windows-Security-Auditing","logon_id":"6510551a794f4449","process_id":18185,"image_path":"C:/Program Files/ApprovedAgent/agent.exe","run_as":"svc-agent","publisher":"Approved Software Team","update_state":"installed","agent_build":"2026.09.1"},{"timestamp":"2026-09-14T00:11:23.100Z","computer":"srv-237","event_id":4728,"record_id":100253,"user":"employee-281","source_ip":"10.12.4.26","target":"Project-Readers","logon_type":null,"change_ticket":"CHG-DEPLOY-18","result":"success","channel":"Security","provider":"Microsoft-Windows-Security-Auditing","logon_id":"6510551a794f4449","process_id":6777,"image_path":"","run_as":"","publisher":"","update_state":"installed","agent_build":"2026.09.2"},{"timestamp":"2026-09-14T00:11:25.800Z","computer":"srv-144","event_id":4697,"record_id":100254,"user":"employee-260","source_ip":"10.11.4.13","target":"ApprovedAgent","logon_type":null,"change_ticket":"CHG-DEPLOY-18","result":"success","channel":"Security","provider":"Microsoft-Windows-Security-Auditing","logon_id":"6510551a794f4449","process_id":6676,"image_path":"C:/Program Files/ApprovedAgent/agent.exe","run_as":"svc-agent","publisher":"Approved Software Team","update_state":"installed","agent_build":"2026.09.3"},{"timestamp":"2026-09-14T00:11:28.500Z","computer":"srv-028","event_id":4624,"record_id":100255,"user":"employee-421","source_ip":"10.10.2.17","target":"logon-session","logon_type":2,"change_ticket":"","result":"success","channel":"Security","provider":"Microsoft-Windows-Security-Auditing","logon_id":"6510551a794f4449","process_id":24690,"image_path":"","run_as":"","publisher":"","update_state":"installed","agent_build":"2026.09.4"},{"timestamp":"2026-09-14T00:11:31.200Z","computer":"srv-099","event_id":4624,"record_id":100256,"user":"employee-280","source_ip":"10.11.1.28","target":"logon-session","logon_type":3,"change_ticket":"","result":"success","channel":"Security","provider":"Microsoft-Windows-Security-Auditing","logon_id":"5a18f2f86f3377d0","process_id":6148,"image_path":"","run_as":"","publisher":"","update_state":"installed","agent_build":"2026.09.1"},{"timestamp":"2026-09-14T00:11:33.900Z","computer":"srv-239","event_id":4634,"record_id":100257,"user":"employee-347","source_ip":"10.12.4.28","target":"logon-session","logon_type":10,"change_ticket":"","result":"success","channel":"Security","provider":"Microsoft-Windows-Security-Auditing","logon_id":"5a18f2f86f3377d0","process_id":15407,"image_path":"","run_as":"","publisher":"","update_state":"installed","agent_build":"2026.09.2"},{"timestamp":"2026-09-14T00:11:36.600Z","computer":"srv-066","event_id":4688,"record_id":100258,"user":"employee-465","source_ip":"10.10.4.15","target":"logon-session","logon_type":null,"change_ticket":"","result":"success","channel":"Security","provider":"Microsoft-Windows-Security-Auditing","logon_id":"5a18f2f86f3377d0","process_id":12143,"image_path":"C:/Program Files/ApprovedAgent/agent.exe","run_as":"","publisher":"Approved Software Team","update_state":"installed","agent_build":"2026.09.3"},{"timestamp":"2026-09-14T00:11:39.300Z","computer":"srv-015","event_id":4625,"record_id":100259,"user":"employee-244","source_ip":"10.10.1.24","target":"logon-session","logon_type":3,"change_ticket":"","result":"failure","channel":"Security","provider":"Microsoft-Windows-Security-Auditing","logon_id":"5a18f2f86f3377d0","process_id":23293,"image_path":"","run_as":"","publisher":"","update_state":"installed","agent_build":"2026.09.4"},{"timestamp":"2026-09-14T00:11:42.000Z","computer":"srv-039","event_id":4698,"record_id":100260,"user":"deployment-admin","source_ip":"10.10.2.28","target":"Approved-Maintenance","logon_type":null,"change_ticket":"CHG-DEPLOY-18","result":"success","channel":"Security","provider":"Microsoft-Windows-Security-Auditing","logon_id":"226841ad53003ee9","process_id":8301,"image_path":"C:/Program Files/ApprovedAgent/agent.exe","run_as":"svc-agent","publisher":"Approved Software Team","update_state":"installed","agent_build":"2026.09.1"},{"timestamp":"2026-09-14T00:11:44.700Z","computer":"srv-193","event_id":4728,"record_id":100261,"user":"employee-457","source_ip":"10.12.2.22","target":"Project-Readers","logon_type":null,"change_ticket":"CHG-DEPLOY-18","result":"success","channel":"Security","provider":"Microsoft-Windows-Security-Auditing","logon_id":"226841ad53003ee9","process_id":25501,"image_path":"","run_as":"","publisher":"","update_state":"installed","agent_build":"2026.09.2"},{"timestamp":"2026-09-14T00:11:47.400Z","computer":"srv-216","event_id":4697,"record_id":100262,"user":"employee-70","source_ip":"10.12.3.25","target":"ApprovedAgent","logon_type":null,"change_ticket":"CHG-DEPLOY-18","result":"success","channel":"Security","provider":"Microsoft-Windows-Security-Auditing","logon_id":"226841ad53003ee9","process_id":11277,"image_path":"C:/Program Files/ApprovedAgent/agent.exe","run_as":"svc-agent","publisher":"Approved Software Team","update_state":"installed","agent_build":"2026.09.3"},{"timestamp":"2026-09-14T00:11:50.100Z","computer":"srv-093","event_id":4624,"record_id":100263,"user":"employee-290","source_ip":"10.11.1.22","target":"logon-session","logon_type":10,"change_ticket":"","result":"success","channel":"Security","provider":"Microsoft-Windows-Security-Auditing","logon_id":"226841ad53003ee9","process_id":14229,"image_path":"","run_as":"","publisher":"","update_state":"installed","agent_build":"2026.09.4"},{"timestamp":"2026-09-14T00:11:52.800Z","computer":"srv-003","event_id":4624,"record_id":100264,"user":"employee-82","source_ip":"10.10.1.12","target":"logon-session","logon_type":2,"change_ticket":"","result":"success","channel":"Security","provider":"Microsoft-Windows-Security-Auditing","logon_id":"36c513e95b36850a","process_id":9965,"image_path":"","run_as":"","publisher":"","update_state":"installed","agent_build":"2026.09.1"},{"timestamp":"2026-09-14T00:11:55.500Z","computer":"srv-029","event_id":4634,"record_id":100265,"user":"employee-238","source_ip":"10.10.2.18","target":"logon-session","logon_type":3,"change_ticket":"","result":"success","channel":"Security","provider":"Microsoft-Windows-Security-Auditing","logon_id":"36c513e95b36850a","process_id":14198,"image_path":"","run_as":"","publisher":"","update_state":"installed","agent_build":"2026.09.2"},{"timestamp":"2026-09-14T00:11:58.200Z","computer":"srv-073","event_id":4688,"record_id":100266,"user":"employee-32","source_ip":"10.10.4.22","target":"logon-session","logon_type":null,"change_ticket":"","result":"success","channel":"Security","provider":"Microsoft-Windows-Security-Auditing","logon_id":"36c513e95b36850a","process_id":13753,"image_path":"C:/Program Files/ApprovedAgent/agent.exe","run_as":"","publisher":"Approved Software Team","update_state":"installed","agent_build":"2026.09.3"},{"timestamp":"2026-09-14T00:12:00.900Z","computer":"srv-008","event_id":4625,"record_id":100267,"user":"employee-290","source_ip":"10.10.1.17","target":"logon-session","logon_type":2,"change_ticket":"","result":"failure","channel":"Security","provider":"Microsoft-Windows-Security-Auditing","logon_id":"36c513e95b36850a","process_id":4627,"image_path":"","run_as":"","publisher":"","update_state":"installed","agent_build":"2026.09.4"},{"timestamp":"2026-09-14T00:12:03.600Z","computer":"srv-024","event_id":4698,"record_id":100268,"user":"employee-15","source_ip":"10.10.2.13","target":"Approved-Maintenance","logon_type":null,"change_ticket":"CHG-DEPLOY-18","result":"success","channel":"Security","provider":"Microsoft-Windows-Security-Auditing","logon_id":"07fabcac8d53f65a","process_id":24748,"image_path":"C:/Program Files/ApprovedAgent/agent.exe","run_as":"svc-agent","publisher":"Approved Software Team","update_state":"installed","agent_build":"2026.09.1"},{"timestamp":"2026-09-14T00:12:06.300Z","computer":"srv-150","event_id":4728,"record_id":100269,"user":"employee-360","source_ip":"10.11.4.19","target":"Project-Readers","logon_type":null,"change_ticket":"CHG-DEPLOY-18","result":"success","channel":"Security","provider":"Microsoft-Windows-Security-Auditing","logon_id":"07fabcac8d53f65a","process_id":10405,"image_path":"","run_as":"","publisher":"","update_state":"installed","agent_build":"2026.09.2"},{"timestamp":"2026-09-14T00:12:09.000Z","computer":"srv-217","event_id":4697,"record_id":100270,"user":"employee-427","source_ip":"10.12.3.26","target":"ApprovedAgent","logon_type":null,"change_ticket":"CHG-DEPLOY-18","result":"success","channel":"Security","provider":"Microsoft-Windows-Security-Auditing","logon_id":"07fabcac8d53f65a","process_id":7488,"image_path":"C:/Program Files/ApprovedAgent/agent.exe","run_as":"svc-agent","publisher":"Approved Software Team","update_state":"installed","agent_build":"2026.09.3"},{"timestamp":"2026-09-14T00:12:11.700Z","computer":"srv-004","event_id":4624,"record_id":100271,"user":"employee-294","source_ip":"10.10.1.13","target":"logon-session","logon_type":3,"change_ticket":"","result":"success","channel":"Security","provider":"Microsoft-Windows-Security-Auditing","logon_id":"07fabcac8d53f65a","process_id":12883,"image_path":"","run_as":"","publisher":"","update_state":"installed","agent_build":"2026.09.4"},{"timestamp":"2026-09-14T00:12:14.400Z","computer":"srv-172","event_id":4624,"record_id":100272,"user":"employee-277","source_ip":"10.12.1.21","target":"logon-session","logon_type":10,"change_ticket":"","result":"success","channel":"Security","provider":"Microsoft-Windows-Security-Auditing","logon_id":"815f29b262a27dcc","process_id":15372,"image_path":"","run_as":"","publisher":"","update_state":"installed","agent_build":"2026.09.1"},{"timestamp":"2026-09-14T00:12:17.100Z","computer":"srv-017","event_id":4634,"record_id":100273,"user":"deployment-admin","source_ip":"10.10.1.26","target":"logon-session","logon_type":2,"change_ticket":"","result":"success","channel":"Security","provider":"Microsoft-Windows-Security-Auditing","logon_id":"815f29b262a27dcc","process_id":8177,"image_path":"","run_as":"","publisher":"","update_state":"installed","agent_build":"2026.09.2"},{"timestamp":"2026-09-14T00:12:19.800Z","computer":"srv-240","event_id":4688,"record_id":100274,"user":"employee-208","source_ip":"10.12.4.29","target":"logon-session","logon_type":null,"change_ticket":"","result":"success","channel":"Security","provider":"Microsoft-Windows-Security-Auditing","logon_id":"815f29b262a27dcc","process_id":15424,"image_path":"C:/Program Files/ApprovedAgent/agent.exe","run_as":"","publisher":"Approved Software Team","update_state":"installed","agent_build":"2026.09.3"},{"timestamp":"2026-09-14T00:12:22.500Z","computer":"srv-209","event_id":4625,"record_id":100275,"user":"employee-178","source_ip":"10.12.3.18","target":"logon-session","logon_type":10,"change_ticket":"","result":"failure","channel":"Security","provider":"Microsoft-Windows-Security-Auditing","logon_id":"815f29b262a27dcc","process_id":20378,"image_path":"","run_as":"","publisher":"","update_state":"installed","agent_build":"2026.09.4"},{"timestamp":"2026-09-14T00:12:25.200Z","computer":"srv-088","event_id":4698,"record_id":100276,"user":"employee-187","source_ip":"10.11.1.17","target":"Approved-Maintenance","logon_type":null,"change_ticket":"CHG-DEPLOY-18","result":"success","channel":"Security","provider":"Microsoft-Windows-Security-Auditing","logon_id":"521b903cea9e3c58","process_id":17238,"image_path":"C:/Program Files/ApprovedAgent/agent.exe","run_as":"svc-agent","publisher":"Approved Software Team","update_state":"installed","agent_build":"2026.09.1"},{"timestamp":"2026-09-14T00:12:27.900Z","computer":"srv-098","event_id":4728,"record_id":100277,"user":"employee-179","source_ip":"10.11.1.27","target":"Project-Readers","logon_type":null,"change_ticket":"CHG-DEPLOY-18","result":"success","channel":"Security","provider":"Microsoft-Windows-Security-Auditing","logon_id":"521b903cea9e3c58","process_id":4312,"image_path":"","run_as":"","publisher":"","update_state":"installed","agent_build":"2026.09.2"},{"timestamp":"2026-09-14T00:12:30.600Z","computer":"srv-048","event_id":4697,"record_id":100278,"user":"employee-99","source_ip":"10.10.3.17","target":"ApprovedAgent","logon_type":null,"change_ticket":"CHG-DEPLOY-18","result":"success","channel":"Security","provider":"Microsoft-Windows-Security-Auditing","logon_id":"521b903cea9e3c58","process_id":25015,"image_path":"C:/Program Files/ApprovedAgent/agent.exe","run_as":"svc-agent","publisher":"Approved Software Team","update_state":"installed","agent_build":"2026.09.3"},{"timestamp":"2026-09-14T00:12:33.300Z","computer":"srv-018","event_id":4624,"record_id":100279,"user":"employee-325","source_ip":"10.10.1.27","target":"logon-session","logon_type":2,"change_ticket":"","result":"success","channel":"Security","provider":"Microsoft-Windows-Security-Auditing","logon_id":"521b903cea9e3c58","process_id":12245,"image_path":"","run_as":"","publisher":"","update_state":"restart-pending","agent_build":"2026.09.4"},{"timestamp":"2026-09-14T00:12:36.000Z","computer":"srv-028","event_id":4624,"record_id":100280,"user":"employee-346","source_ip":"10.10.2.17","target":"logon-session","logon_type":3,"change_ticket":"","result":"success","channel":"Security","provider":"Microsoft-Windows-Security-Auditing","logon_id":"3b9ca9ebc15513cd","process_id":3866,"image_path":"","run_as":"","publisher":"","update_state":"installed","agent_build":"2026.09.1"},{"timestamp":"2026-09-14T00:12:38.700Z","computer":"srv-043","event_id":4634,"record_id":100281,"user":"employee-76","source_ip":"10.10.3.12","target":"logon-session","logon_type":10,"change_ticket":"","result":"success","channel":"Security","provider":"Microsoft-Windows-Security-Auditing","logon_id":"3b9ca9ebc15513cd","process_id":1284,"image_path":"","run_as":"","publisher":"","update_state":"installed","agent_build":"2026.09.2"},{"timestamp":"2026-09-14T00:12:41.400Z","computer":"srv-224","event_id":4688,"record_id":100282,"user":"employee-201","source_ip":"10.12.4.13","target":"logon-session","logon_type":null,"change_ticket":"","result":"success","channel":"Security","provider":"Microsoft-Windows-Security-Auditing","logon_id":"3b9ca9ebc15513cd","process_id":7360,"image_path":"C:/Program Files/ApprovedAgent/agent.exe","run_as":"","publisher":"Approved Software Team","update_state":"failed","agent_build":"2026.09.3"},{"timestamp":"2026-09-14T00:12:44.100Z","computer":"srv-002","event_id":4625,"record_id":100283,"user":"employee-90","source_ip":"10.10.1.11","target":"logon-session","logon_type":3,"change_ticket":"","result":"failure","channel":"Security","provider":"Microsoft-Windows-Security-Auditing","logon_id":"3b9ca9ebc15513cd","process_id":18624,"image_path":"","run_as":"","publisher":"","update_state":"installed","agent_build":"2026.09.4"},{"timestamp":"2026-09-14T00:12:46.800Z","computer":"srv-061","event_id":4698,"record_id":100284,"user":"employee-354","source_ip":"10.10.4.10","target":"Approved-Maintenance","logon_type":null,"change_ticket":"CHG-DEPLOY-18","result":"success","channel":"Security","provider":"Microsoft-Windows-Security-Auditing","logon_id":"0bcf12e781803a88","process_id":3464,"image_path":"C:/Program Files/ApprovedAgent/agent.exe","run_as":"svc-agent","publisher":"Approved Software Team","update_state":"installed","agent_build":"2026.09.1"},{"timestamp":"2026-09-14T00:12:49.500Z","computer":"srv-044","event_id":4728,"record_id":100285,"user":"employee-18","source_ip":"10.10.3.13","target":"Project-Readers","logon_type":null,"change_ticket":"CHG-DEPLOY-18","result":"success","channel":"Security","provider":"Microsoft-Windows-Security-Auditing","logon_id":"0bcf12e781803a88","process_id":4368,"image_path":"","run_as":"","publisher":"","update_state":"installed","agent_build":"2026.09.2"},{"timestamp":"2026-09-14T00:12:52.200Z","computer":"srv-170","event_id":4697,"record_id":100286,"user":"deployment-admin","source_ip":"10.12.1.19","target":"ApprovedAgent","logon_type":null,"change_ticket":"CHG-DEPLOY-18","result":"success","channel":"Security","provider":"Microsoft-Windows-Security-Auditing","logon_id":"0bcf12e781803a88","process_id":3814,"image_path":"C:/Program Files/ApprovedAgent/agent.exe","run_as":"svc-agent","publisher":"Approved Software Team","update_state":"installed","agent_build":"2026.09.3"},{"timestamp":"2026-09-14T00:12:54.900Z","computer":"srv-076","event_id":4624,"record_id":100287,"user":"employee-59","source_ip":"10.10.4.25","target":"logon-session","logon_type":10,"change_ticket":"","result":"success","channel":"Security","provider":"Microsoft-Windows-Security-Auditing","logon_id":"0bcf12e781803a88","process_id":10131,"image_path":"","run_as":"","publisher":"","update_state":"installed","agent_build":"2026.09.4"},{"timestamp":"2026-09-14T00:12:57.600Z","computer":"srv-077","event_id":4624,"record_id":100288,"user":"employee-102","source_ip":"10.10.4.26","target":"logon-session","logon_type":2,"change_ticket":"","result":"success","channel":"Security","provider":"Microsoft-Windows-Security-Auditing","logon_id":"266e3184beb09903","process_id":7659,"image_path":"","run_as":"","publisher":"","update_state":"installed","agent_build":"2026.09.1"},{"timestamp":"2026-09-14T00:13:00.300Z","computer":"srv-226","event_id":4634,"record_id":100289,"user":"employee-40","source_ip":"10.12.4.15","target":"logon-session","logon_type":3,"change_ticket":"","result":"success","channel":"Security","provider":"Microsoft-Windows-Security-Auditing","logon_id":"266e3184beb09903","process_id":19851,"image_path":"","run_as":"","publisher":"","update_state":"installed","agent_build":"2026.09.2"},{"timestamp":"2026-09-14T00:13:03.000Z","computer":"srv-028","event_id":4688,"record_id":100290,"user":"employee-280","source_ip":"10.10.2.17","target":"logon-session","logon_type":null,"change_ticket":"","result":"success","channel":"Security","provider":"Microsoft-Windows-Security-Auditing","logon_id":"266e3184beb09903","process_id":11157,"image_path":"C:/Program Files/ApprovedAgent/agent.exe","run_as":"","publisher":"Approved Software Team","update_state":"installed","agent_build":"2026.09.3"},{"timestamp":"2026-09-14T00:13:05.700Z","computer":"srv-097","event_id":4625,"record_id":100291,"user":"employee-424","source_ip":"10.11.1.26","target":"logon-session","logon_type":2,"change_ticket":"","result":"failure","channel":"Security","provider":"Microsoft-Windows-Security-Auditing","logon_id":"266e3184beb09903","process_id":6307,"image_path":"","run_as":"","publisher":"","update_state":"installed","agent_build":"2026.09.4"},{"timestamp":"2026-09-14T00:13:08.400Z","computer":"srv-102","event_id":4698,"record_id":100292,"user":"employee-24","source_ip":"10.11.2.11","target":"Approved-Maintenance","logon_type":null,"change_ticket":"CHG-DEPLOY-18","result":"success","channel":"Security","provider":"Microsoft-Windows-Security-Auditing","logon_id":"79b329afd5cdea42","process_id":24257,"image_path":"C:/Program Files/ApprovedAgent/agent.exe","run_as":"svc-agent","publisher":"Approved Software Team","update_state":"installed","agent_build":"2026.09.1"},{"timestamp":"2026-09-14T00:13:11.100Z","computer":"srv-102","event_id":4728,"record_id":100293,"user":"employee-347","source_ip":"10.11.2.11","target":"Project-Readers","logon_type":null,"change_ticket":"CHG-DEPLOY-18","result":"success","channel":"Security","provider":"Microsoft-Windows-Security-Auditing","logon_id":"79b329afd5cdea42","process_id":11314,"image_path":"","run_as":"","publisher":"","update_state":"installed","agent_build":"2026.09.2"},{"timestamp":"2026-09-14T00:13:13.800Z","computer":"srv-028","event_id":4697,"record_id":100294,"user":"employee-142","source_ip":"10.10.2.17","target":"ApprovedAgent","logon_type":null,"change_ticket":"CHG-DEPLOY-18","result":"success","channel":"Security","provider":"Microsoft-Windows-Security-Auditing","logon_id":"79b329afd5cdea42","process_id":16731,"image_path":"C:/Program Files/ApprovedAgent/agent.exe","run_as":"svc-agent","publisher":"Approved Software Team","update_state":"installed","agent_build":"2026.09.3"},{"timestamp":"2026-09-14T00:13:16.500Z","computer":"srv-160","event_id":4624,"record_id":100295,"user":"employee-375","source_ip":"10.11.4.29","target":"logon-session","logon_type":3,"change_ticket":"","result":"success","channel":"Security","provider":"Microsoft-Windows-Security-Auditing","logon_id":"79b329afd5cdea42","process_id":12123,"image_path":"","run_as":"","publisher":"","update_state":"no-report","agent_build":"2026.09.4"},{"timestamp":"2026-09-14T00:13:19.200Z","computer":"srv-135","event_id":4624,"record_id":100296,"user":"employee-373","source_ip":"10.11.3.24","target":"logon-session","logon_type":10,"change_ticket":"","result":"success","channel":"Security","provider":"Microsoft-Windows-Security-Auditing","logon_id":"da9e8c2bb9df28da","process_id":21981,"image_path":"","run_as":"","publisher":"","update_state":"installed","agent_build":"2026.09.1"},{"timestamp":"2026-09-14T00:13:21.900Z","computer":"srv-113","event_id":4634,"record_id":100297,"user":"employee-442","source_ip":"10.11.2.22","target":"logon-session","logon_type":2,"change_ticket":"","result":"success","channel":"Security","provider":"Microsoft-Windows-Security-Auditing","logon_id":"da9e8c2bb9df28da","process_id":2464,"image_path":"","run_as":"","publisher":"","update_state":"installed","agent_build":"2026.09.2"},{"timestamp":"2026-09-14T00:13:24.600Z","computer":"srv-220","event_id":4688,"record_id":100298,"user":"employee-255","source_ip":"10.12.3.29","target":"logon-session","logon_type":null,"change_ticket":"","result":"success","channel":"Security","provider":"Microsoft-Windows-Security-Auditing","logon_id":"da9e8c2bb9df28da","process_id":12291,"image_path":"C:/Program Files/ApprovedAgent/agent.exe","run_as":"","publisher":"Approved Software Team","update_state":"installed","agent_build":"2026.09.3"},{"timestamp":"2026-09-14T00:13:27.300Z","computer":"srv-159","event_id":4625,"record_id":100299,"user":"deployment-admin","source_ip":"10.11.4.28","target":"logon-session","logon_type":10,"change_ticket":"","result":"failure","channel":"Security","provider":"Microsoft-Windows-Security-Auditing","logon_id":"da9e8c2bb9df28da","process_id":5649,"image_path":"","run_as":"","publisher":"","update_state":"installed","agent_build":"2026.09.4"},{"timestamp":"2026-09-14T00:13:30.000Z","computer":"srv-235","event_id":4698,"record_id":100300,"user":"employee-338","source_ip":"10.12.4.24","target":"Approved-Maintenance","logon_type":null,"change_ticket":"CHG-DEPLOY-18","result":"success","channel":"Security","provider":"Microsoft-Windows-Security-Auditing","logon_id":"ee3ad100ffb3a39c","process_id":19429,"image_path":"C:/Program Files/ApprovedAgent/agent.exe","run_as":"svc-agent","publisher":"Approved Software Team","update_state":"installed","agent_build":"2026.09.1"},{"timestamp":"2026-09-14T00:13:32.700Z","computer":"srv-076","event_id":4728,"record_id":100301,"user":"employee-422","source_ip":"10.10.4.25","target":"Project-Readers","logon_type":null,"change_ticket":"CHG-DEPLOY-18","result":"success","channel":"Security","provider":"Microsoft-Windows-Security-Auditing","logon_id":"ee3ad100ffb3a39c","process_id":19987,"image_path":"","run_as":"","publisher":"","update_state":"installed","agent_build":"2026.09.2"},{"timestamp":"2026-09-14T00:13:35.400Z","computer":"srv-109","event_id":4697,"record_id":100302,"user":"employee-15","source_ip":"10.11.2.18","target":"ApprovedAgent","logon_type":null,"change_ticket":"CHG-DEPLOY-18","result":"success","channel":"Security","provider":"Microsoft-Windows-Security-Auditing","logon_id":"ee3ad100ffb3a39c","process_id":22692,"image_path":"C:/Program Files/ApprovedAgent/agent.exe","run_as":"svc-agent","publisher":"Approved Software Team","update_state":"installed","agent_build":"2026.09.3"},{"timestamp":"2026-09-14T00:13:38.100Z","computer":"srv-013","event_id":4624,"record_id":100303,"user":"employee-117","source_ip":"10.10.1.22","target":"logon-session","logon_type":2,"change_ticket":"","result":"success","channel":"Security","provider":"Microsoft-Windows-Security-Auditing","logon_id":"ee3ad100ffb3a39c","process_id":18024,"image_path":"","run_as":"","publisher":"","update_state":"installed","agent_build":"2026.09.4"},{"timestamp":"2026-09-14T00:13:40.800Z","computer":"srv-201","event_id":4624,"record_id":100304,"user":"employee-205","source_ip":"10.12.3.10","target":"logon-session","logon_type":3,"change_ticket":"","result":"success","channel":"Security","provider":"Microsoft-Windows-Security-Auditing","logon_id":"081aabc25f503f0d","process_id":22093,"image_path":"","run_as":"","publisher":"","update_state":"installed","agent_build":"2026.09.1"},{"timestamp":"2026-09-14T00:13:43.500Z","computer":"srv-217","event_id":4634,"record_id":100305,"user":"employee-111","source_ip":"10.12.3.26","target":"logon-session","logon_type":10,"change_ticket":"","result":"success","channel":"Security","provider":"Microsoft-Windows-Security-Auditing","logon_id":"081aabc25f503f0d","process_id":23809,"image_path":"","run_as":"","publisher":"","update_state":"installed","agent_build":"2026.09.2"},{"timestamp":"2026-09-14T00:13:46.200Z","computer":"srv-137","event_id":4688,"record_id":100306,"user":"employee-158","source_ip":"10.11.3.26","target":"logon-session","logon_type":null,"change_ticket":"","result":"success","channel":"Security","provider":"Microsoft-Windows-Security-Auditing","logon_id":"081aabc25f503f0d","process_id":12399,"image_path":"C:/Program Files/ApprovedAgent/agent.exe","run_as":"","publisher":"Approved Software Team","update_state":"installed","agent_build":"2026.09.3"},{"timestamp":"2026-09-14T00:13:48.900Z","computer":"srv-052","event_id":4625,"record_id":100307,"user":"employee-80","source_ip":"10.10.3.21","target":"logon-session","logon_type":3,"change_ticket":"","result":"failure","channel":"Security","provider":"Microsoft-Windows-Security-Auditing","logon_id":"081aabc25f503f0d","process_id":4279,"image_path":"","run_as":"","publisher":"","update_state":"installed","agent_build":"2026.09.4"},{"timestamp":"2026-09-14T00:13:51.600Z","computer":"srv-026","event_id":4698,"record_id":100308,"user":"employee-275","source_ip":"10.10.2.15","target":"Approved-Maintenance","logon_type":null,"change_ticket":"CHG-DEPLOY-18","result":"success","channel":"Security","provider":"Microsoft-Windows-Security-Auditing","logon_id":"ad01f239475627b8","process_id":14296,"image_path":"C:/Program Files/ApprovedAgent/agent.exe","run_as":"svc-agent","publisher":"Approved Software Team","update_state":"installed","agent_build":"2026.09.1"},{"timestamp":"2026-09-14T00:13:54.300Z","computer":"srv-201","event_id":4728,"record_id":100309,"user":"employee-203","source_ip":"10.12.3.10","target":"Project-Readers","logon_type":null,"change_ticket":"CHG-DEPLOY-18","result":"success","channel":"Security","provider":"Microsoft-Windows-Security-Auditing","logon_id":"ad01f239475627b8","process_id":15534,"image_path":"","run_as":"","publisher":"","update_state":"installed","agent_build":"2026.09.2"},{"timestamp":"2026-09-14T00:13:57.000Z","computer":"srv-100","event_id":4697,"record_id":100310,"user":"employee-299","source_ip":"10.11.1.29","target":"ApprovedAgent","logon_type":null,"change_ticket":"CHG-DEPLOY-18","result":"success","channel":"Security","provider":"Microsoft-Windows-Security-Auditing","logon_id":"ad01f239475627b8","process_id":3767,"image_path":"C:/Program Files/ApprovedAgent/agent.exe","run_as":"svc-agent","publisher":"Approved Software Team","update_state":"restart-pending","agent_build":"2026.09.3"},{"timestamp":"2026-09-14T00:13:59.700Z","computer":"srv-124","event_id":4624,"record_id":100311,"user":"employee-240","source_ip":"10.11.3.13","target":"logon-session","logon_type":10,"change_ticket":"","result":"success","channel":"Security","provider":"Microsoft-Windows-Security-Auditing","logon_id":"ad01f239475627b8","process_id":18795,"image_path":"","run_as":"","publisher":"","update_state":"installed","agent_build":"2026.09.4"},{"timestamp":"2026-09-14T00:14:02.400Z","computer":"srv-057","event_id":4624,"record_id":100312,"user":"deployment-admin","source_ip":"10.10.3.26","target":"logon-session","logon_type":2,"change_ticket":"","result":"success","channel":"Security","provider":"Microsoft-Windows-Security-Auditing","logon_id":"0c29451d639bc0ff","process_id":7919,"image_path":"","run_as":"","publisher":"","update_state":"installed","agent_build":"2026.09.1"},{"timestamp":"2026-09-14T00:14:05.100Z","computer":"srv-101","event_id":4634,"record_id":100313,"user":"employee-122","source_ip":"10.11.2.10","target":"logon-session","logon_type":3,"change_ticket":"","result":"success","channel":"Security","provider":"Microsoft-Windows-Security-Auditing","logon_id":"0c29451d639bc0ff","process_id":10078,"image_path":"","run_as":"","publisher":"","update_state":"installed","agent_build":"2026.09.2"},{"timestamp":"2026-09-14T00:14:07.800Z","computer":"srv-078","event_id":4688,"record_id":100314,"user":"employee-154","source_ip":"10.10.4.27","target":"logon-session","logon_type":null,"change_ticket":"","result":"success","channel":"Security","provider":"Microsoft-Windows-Security-Auditing","logon_id":"0c29451d639bc0ff","process_id":22854,"image_path":"C:/Program Files/ApprovedAgent/agent.exe","run_as":"","publisher":"Approved Software Team","update_state":"installed","agent_build":"2026.09.3"},{"timestamp":"2026-09-14T00:14:10.500Z","computer":"srv-033","event_id":4625,"record_id":100315,"user":"employee-199","source_ip":"10.10.2.22","target":"logon-session","logon_type":2,"change_ticket":"","result":"failure","channel":"Security","provider":"Microsoft-Windows-Security-Auditing","logon_id":"0c29451d639bc0ff","process_id":21035,"image_path":"","run_as":"","publisher":"","update_state":"installed","agent_build":"2026.09.4"},{"timestamp":"2026-09-14T00:14:13.200Z","computer":"srv-096","event_id":4698,"record_id":100316,"user":"employee-291","source_ip":"10.11.1.25","target":"Approved-Maintenance","logon_type":null,"change_ticket":"CHG-DEPLOY-18","result":"success","channel":"Security","provider":"Microsoft-Windows-Security-Auditing","logon_id":"b690add3f094c5ce","process_id":16348,"image_path":"C:/Program Files/ApprovedAgent/agent.exe","run_as":"svc-agent","publisher":"Approved Software Team","update_state":"installed","agent_build":"2026.09.1"},{"timestamp":"2026-09-14T00:14:15.900Z","computer":"srv-165","event_id":4728,"record_id":100317,"user":"employee-166","source_ip":"10.12.1.14","target":"Project-Readers","logon_type":null,"change_ticket":"CHG-DEPLOY-18","result":"success","channel":"Security","provider":"Microsoft-Windows-Security-Auditing","logon_id":"b690add3f094c5ce","process_id":2636,"image_path":"","run_as":"","publisher":"","update_state":"installed","agent_build":"2026.09.2"},