{"timestamp":"2026-09-14T02:23:06.000Z","computer":"srv-178","event_id":4698,"record_id":103180,"user":"employee-374","source_ip":"10.12.1.27","target":"Approved-Maintenance","logon_type":null,"change_ticket":"CHG-DEPLOY-18","result":"success","channel":"Security","provider":"Microsoft-Windows-Security-Auditing","logon_id":"a6b4f0cab82ca8b8","process_id":14592,"image_path":"C:/Program Files/ApprovedAgent/agent.exe","run_as":"svc-agent","publisher":"Approved Software Team","update_state":"installed","agent_build":"2026.09.1"},{"timestamp":"2026-09-14T02:23:08.700Z","computer":"srv-011","event_id":4728,"record_id":103181,"user":"employee-194","source_ip":"10.10.1.20","target":"Project-Readers","logon_type":null,"change_ticket":"CHG-DEPLOY-18","result":"success","channel":"Security","provider":"Microsoft-Windows-Security-Auditing","logon_id":"a6b4f0cab82ca8b8","process_id":18716,"image_path":"","run_as":"","publisher":"","update_state":"installed","agent_build":"2026.09.2"},{"timestamp":"2026-09-14T02:23:11.400Z","computer":"srv-143","event_id":4697,"record_id":103182,"user":"employee-234","source_ip":"10.11.4.12","target":"ApprovedAgent","logon_type":null,"change_ticket":"CHG-DEPLOY-18","result":"success","channel":"Security","provider":"Microsoft-Windows-Security-Auditing","logon_id":"a6b4f0cab82ca8b8","process_id":18079,"image_path":"C:/Program Files/ApprovedAgent/agent.exe","run_as":"svc-agent","publisher":"Approved Software Team","update_state":"installed","agent_build":"2026.09.3"},{"timestamp":"2026-09-14T02:23:14.100Z","computer":"srv-205","event_id":4624,"record_id":103183,"user":"employee-27","source_ip":"10.12.3.14","target":"logon-session","logon_type":2,"change_ticket":"","result":"success","channel":"Security","provider":"Microsoft-Windows-Security-Auditing","logon_id":"a6b4f0cab82ca8b8","process_id":25015,"image_path":"","run_as":"","publisher":"","update_state":"installed","agent_build":"2026.09.4"},{"timestamp":"2026-09-14T02:23:16.800Z","computer":"srv-210","event_id":4624,"record_id":103184,"user":"employee-90","source_ip":"10.12.3.19","target":"logon-session","logon_type":3,"change_ticket":"","result":"success","channel":"Security","provider":"Microsoft-Windows-Security-Auditing","logon_id":"baeb9b05d1df9df6","process_id":12960,"image_path":"","run_as":"","publisher":"","update_state":"installed","agent_build":"2026.09.1"},{"timestamp":"2026-09-14T02:23:19.500Z","computer":"srv-051","event_id":4634,"record_id":103185,"user":"deployment-admin","source_ip":"10.10.3.20","target":"logon-session","logon_type":10,"change_ticket":"","result":"success","channel":"Security","provider":"Microsoft-Windows-Security-Auditing","logon_id":"baeb9b05d1df9df6","process_id":8000,"image_path":"","run_as":"","publisher":"","update_state":"installed","agent_build":"2026.09.2"},{"timestamp":"2026-09-14T02:23:22.200Z","computer":"srv-137","event_id":4688,"record_id":103186,"user":"employee-440","source_ip":"10.11.3.26","target":"logon-session","logon_type":null,"change_ticket":"","result":"success","channel":"Security","provider":"Microsoft-Windows-Security-Auditing","logon_id":"baeb9b05d1df9df6","process_id":4066,"image_path":"C:/Program Files/ApprovedAgent/agent.exe","run_as":"","publisher":"Approved Software Team","update_state":"no-report","agent_build":"2026.09.3"},{"timestamp":"2026-09-14T02:23:24.900Z","computer":"srv-095","event_id":4625,"record_id":103187,"user":"employee-33","source_ip":"10.11.1.24","target":"logon-session","logon_type":3,"change_ticket":"","result":"failure","channel":"Security","provider":"Microsoft-Windows-Security-Auditing","logon_id":"baeb9b05d1df9df6","process_id":20578,"image_path":"","run_as":"","publisher":"","update_state":"installed","agent_build":"2026.09.4"},{"timestamp":"2026-09-14T02:23:27.600Z","computer":"srv-041","event_id":4698,"record_id":103188,"user":"employee-272","source_ip":"10.10.3.10","target":"Approved-Maintenance","logon_type":null,"change_ticket":"CHG-DEPLOY-18","result":"success","channel":"Security","provider":"Microsoft-Windows-Security-Auditing","logon_id":"24f2dfe37fbf23b2","process_id":25158,"image_path":"C:/Program Files/ApprovedAgent/agent.exe","run_as":"svc-agent","publisher":"Approved Software Team","update_state":"installed","agent_build":"2026.09.1"},{"timestamp":"2026-09-14T02:23:30.300Z","computer":"srv-135","event_id":4728,"record_id":103189,"user":"employee-426","source_ip":"10.11.3.24","target":"Project-Readers","logon_type":null,"change_ticket":"CHG-DEPLOY-18","result":"success","channel":"Security","provider":"Microsoft-Windows-Security-Auditing","logon_id":"24f2dfe37fbf23b2","process_id":15956,"image_path":"","run_as":"","publisher":"","update_state":"installed","agent_build":"2026.09.2"},{"timestamp":"2026-09-14T02:23:33.000Z","computer":"srv-195","event_id":4697,"record_id":103190,"user":"employee-397","source_ip":"10.12.2.24","target":"ApprovedAgent","logon_type":null,"change_ticket":"CHG-DEPLOY-18","result":"success","channel":"Security","provider":"Microsoft-Windows-Security-Auditing","logon_id":"24f2dfe37fbf23b2","process_id":7693,"image_path":"C:/Program Files/ApprovedAgent/agent.exe","run_as":"svc-agent","publisher":"Approved Software Team","update_state":"installed","agent_build":"2026.09.3"},{"timestamp":"2026-09-14T02:23:35.700Z","computer":"srv-155","event_id":4624,"record_id":103191,"user":"employee-326","source_ip":"10.11.4.24","target":"logon-session","logon_type":10,"change_ticket":"","result":"success","channel":"Security","provider":"Microsoft-Windows-Security-Auditing","logon_id":"24f2dfe37fbf23b2","process_id":11126,"image_path":"","run_as":"","publisher":"","update_state":"installed","agent_build":"2026.09.4"},{"timestamp":"2026-09-14T02:23:38.400Z","computer":"srv-084","event_id":4624,"record_id":103192,"user":"employee-269","source_ip":"10.11.1.13","target":"logon-session","logon_type":2,"change_ticket":"","result":"success","channel":"Security","provider":"Microsoft-Windows-Security-Auditing","logon_id":"0baf8326179e5e6b","process_id":2818,"image_path":"","run_as":"","publisher":"","update_state":"installed","agent_build":"2026.09.1"},{"timestamp":"2026-09-14T02:23:41.100Z","computer":"srv-118","event_id":4634,"record_id":103193,"user":"employee-377","source_ip":"10.11.2.27","target":"logon-session","logon_type":3,"change_ticket":"","result":"success","channel":"Security","provider":"Microsoft-Windows-Security-Auditing","logon_id":"0baf8326179e5e6b","process_id":21914,"image_path":"","run_as":"","publisher":"","update_state":"restart-pending","agent_build":"2026.09.2"},{"timestamp":"2026-09-14T02:23:43.800Z","computer":"srv-196","event_id":4688,"record_id":103194,"user":"employee-400","source_ip":"10.12.2.25","target":"logon-session","logon_type":null,"change_ticket":"","result":"success","channel":"Security","provider":"Microsoft-Windows-Security-Auditing","logon_id":"0baf8326179e5e6b","process_id":18308,"image_path":"C:/Program Files/ApprovedAgent/agent.exe","run_as":"","publisher":"Approved Software Team","update_state":"installed","agent_build":"2026.09.3"},{"timestamp":"2026-09-14T02:23:46.500Z","computer":"srv-046","event_id":4625,"record_id":103195,"user":"employee-365","source_ip":"10.10.3.15","target":"logon-session","logon_type":2,"change_ticket":"","result":"failure","channel":"Security","provider":"Microsoft-Windows-Security-Auditing","logon_id":"0baf8326179e5e6b","process_id":24735,"image_path":"","run_as":"","publisher":"","update_state":"installed","agent_build":"2026.09.4"},{"timestamp":"2026-09-14T02:23:49.200Z","computer":"srv-198","event_id":4698,"record_id":103196,"user":"employee-420","source_ip":"10.12.2.27","target":"Approved-Maintenance","logon_type":null,"change_ticket":"CHG-DEPLOY-18","result":"success","channel":"Security","provider":"Microsoft-Windows-Security-Auditing","logon_id":"6676f5a662cb9e7e","process_id":8655,"image_path":"C:/Program Files/ApprovedAgent/agent.exe","run_as":"svc-agent","publisher":"Approved Software Team","update_state":"failed","agent_build":"2026.09.1"},{"timestamp":"2026-09-14T02:23:51.900Z","computer":"srv-127","event_id":4728,"record_id":103197,"user":"employee-35","source_ip":"10.11.3.16","target":"Project-Readers","logon_type":null,"change_ticket":"CHG-DEPLOY-18","result":"success","channel":"Security","provider":"Microsoft-Windows-Security-Auditing","logon_id":"6676f5a662cb9e7e","process_id":12441,"image_path":"","run_as":"","publisher":"","update_state":"installed","agent_build":"2026.09.2"},{"timestamp":"2026-09-14T02:23:54.600Z","computer":"srv-186","event_id":4697,"record_id":103198,"user":"deployment-admin","source_ip":"10.12.2.15","target":"ApprovedAgent","logon_type":null,"change_ticket":"CHG-DEPLOY-18","result":"success","channel":"Security","provider":"Microsoft-Windows-Security-Auditing","logon_id":"6676f5a662cb9e7e","process_id":22671,"image_path":"C:/Program Files/ApprovedAgent/agent.exe","run_as":"svc-agent","publisher":"Approved Software Team","update_state":"installed","agent_build":"2026.09.3"},{"timestamp":"2026-09-14T02:23:57.300Z","computer":"srv-217","event_id":4624,"record_id":103199,"user":"employee-75","source_ip":"10.12.3.26","target":"logon-session","logon_type":3,"change_ticket":"","result":"success","channel":"Security","provider":"Microsoft-Windows-Security-Auditing","logon_id":"6676f5a662cb9e7e","process_id":8298,"image_path":"","run_as":"","publisher":"","update_state":"installed","agent_build":"2026.09.4"},{"timestamp":"2026-09-14T02:24:00.000Z","computer":"win-admin-21","event_id":4625,"record_id":103200,"user":"ops-review","source_ip":"198.51.100.77","target":"logon-session","logon_type":10,"change_ticket":"","result":"failure","channel":"Security","provider":"Microsoft-Windows-Security-Auditing","logon_id":"5b4a3330b9c80395","process_id":4340,"image_path":"","run_as":"","publisher":"","update_state":"installed","agent_build":"2026.09.1"},{"timestamp":"2026-09-14T02:24:02.700Z","computer":"win-admin-21","event_id":4625,"record_id":103201,"user":"ops-review","source_ip":"198.51.100.77","target":"logon-session","logon_type":10,"change_ticket":"","result":"failure","channel":"Security","provider":"Microsoft-Windows-Security-Auditing","logon_id":"5b4a3330b9c80395","process_id":3021,"image_path":"","run_as":"","publisher":"","update_state":"installed","agent_build":"2026.09.2"},{"timestamp":"2026-09-14T02:24:05.400Z","computer":"win-admin-21","event_id":4625,"record_id":103202,"user":"ops-review","source_ip":"198.51.100.77","target":"logon-session","logon_type":10,"change_ticket":"","result":"failure","channel":"Security","provider":"Microsoft-Windows-Security-Auditing","logon_id":"5b4a3330b9c80395","process_id":22039,"image_path":"","run_as":"","publisher":"","update_state":"installed","agent_build":"2026.09.3"},{"timestamp":"2026-09-14T02:24:08.100Z","computer":"win-admin-21","event_id":4624,"record_id":103203,"user":"ops-review","source_ip":"198.51.100.77","target":"logon-session","logon_type":10,"change_ticket":"","result":"success","channel":"Security","provider":"Microsoft-Windows-Security-Auditing","logon_id":"5b4a3330b9c80395","process_id":7359,"image_path":"","run_as":"","publisher":"","update_state":"installed","agent_build":"2026.09.4"},{"timestamp":"2026-09-14T02:24:10.800Z","computer":"win-admin-21","event_id":4728,"record_id":103204,"user":"ops-review","source_ip":"198.51.100.77","target":"Domain Admins","logon_type":null,"change_ticket":"","result":"success","channel":"Security","provider":"Microsoft-Windows-Security-Auditing","logon_id":"5b4a3330b9c80395","process_id":12601,"image_path":"","run_as":"","publisher":"","update_state":"installed","agent_build":"2026.09.1"},{"timestamp":"2026-09-14T02:24:13.500Z","computer":"win-admin-21","event_id":4698,"record_id":103205,"user":"ops-review","source_ip":"198.51.100.77","target":"UserCache-Maintenance","logon_type":null,"change_ticket":"","result":"success","channel":"Security","provider":"Microsoft-Windows-Security-Auditing","logon_id":"5b4a3330b9c80395","process_id":12556,"image_path":"C:/Users/ops-review/AppData/Local/Cache/worker.exe","run_as":"LocalSystem","publisher":"unverified","update_state":"installed","agent_build":"2026.09.2"},{"timestamp":"2026-09-14T02:24:16.200Z","computer":"win-admin-21","event_id":4697,"record_id":103206,"user":"ops-review","source_ip":"198.51.100.77","target":"DocumentCacheSvc","logon_type":null,"change_ticket":"","result":"success","channel":"Security","provider":"Microsoft-Windows-Security-Auditing","logon_id":"5b4a3330b9c80395","process_id":5573,"image_path":"C:/Users/ops-review/AppData/Local/Cache/worker.exe","run_as":"LocalSystem","publisher":"unverified","update_state":"installed","agent_build":"2026.09.3"},{"timestamp":"2026-09-14T02:24:18.900Z","computer":"win-admin-21","event_id":1102,"record_id":103207,"user":"ops-review","source_ip":"198.51.100.77","target":"Security log","logon_type":null,"change_ticket":"","result":"success","channel":"Security","provider":"Microsoft-Windows-Eventlog","logon_id":"5b4a3330b9c80395","process_id":17351,"image_path":"","run_as":"","publisher":"","update_state":"installed","agent_build":"2026.09.4"},{"timestamp":"2026-09-14T02:24:21.600Z","computer":"win-admin-21","event_id":4634,"record_id":103208,"user":"ops-review","source_ip":"198.51.100.77","target":"logon-session","logon_type":10,"change_ticket":"","result":"success","channel":"Security","provider":"Microsoft-Windows-Security-Auditing","logon_id":"5b4a3330b9c80395","process_id":8939,"image_path":"","run_as":"","publisher":"","update_state":"installed","agent_build":"2026.09.1"},{"timestamp":"2026-09-14T02:24:24.300Z","computer":"srv-228","event_id":4634,"record_id":103209,"user":"employee-269","source_ip":"10.12.4.17","target":"logon-session","logon_type":10,"change_ticket":"","result":"success","channel":"Security","provider":"Microsoft-Windows-Security-Auditing","logon_id":"58f7d7e0f8f220f6","process_id":3055,"image_path":"","run_as":"","publisher":"","update_state":"installed","agent_build":"2026.09.2"},{"timestamp":"2026-09-14T02:24:27.000Z","computer":"srv-113","event_id":4688,"record_id":103210,"user":"employee-356","source_ip":"10.11.2.22","target":"logon-session","logon_type":null,"change_ticket":"","result":"success","channel":"Security","provider":"Microsoft-Windows-Security-Auditing","logon_id":"58f7d7e0f8f220f6","process_id":2837,"image_path":"C:/Program Files/ApprovedAgent/agent.exe","run_as":"","publisher":"Approved Software Team","update_state":"installed","agent_build":"2026.09.3"},{"timestamp":"2026-09-14T02:24:29.700Z","computer":"srv-192","event_id":4625,"record_id":103211,"user":"deployment-admin","source_ip":"10.12.2.21","target":"logon-session","logon_type":3,"change_ticket":"","result":"failure","channel":"Security","provider":"Microsoft-Windows-Security-Auditing","logon_id":"58f7d7e0f8f220f6","process_id":7309,"image_path":"","run_as":"","publisher":"","update_state":"installed","agent_build":"2026.09.4"},{"timestamp":"2026-09-14T02:24:32.400Z","computer":"srv-014","event_id":4698,"record_id":103212,"user":"employee-421","source_ip":"10.10.1.23","target":"Approved-Maintenance","logon_type":null,"change_ticket":"CHG-DEPLOY-18","result":"success","channel":"Security","provider":"Microsoft-Windows-Security-Auditing","logon_id":"856dbf57a0f09f8b","process_id":4578,"image_path":"C:/Program Files/ApprovedAgent/agent.exe","run_as":"svc-agent","publisher":"Approved Software Team","update_state":"installed","agent_build":"2026.09.1"},{"timestamp":"2026-09-14T02:24:35.100Z","computer":"srv-185","event_id":4728,"record_id":103213,"user":"employee-83","source_ip":"10.12.2.14","target":"Project-Readers","logon_type":null,"change_ticket":"CHG-DEPLOY-18","result":"success","channel":"Security","provider":"Microsoft-Windows-Security-Auditing","logon_id":"856dbf57a0f09f8b","process_id":21737,"image_path":"","run_as":"","publisher":"","update_state":"installed","agent_build":"2026.09.2"},{"timestamp":"2026-09-14T02:24:37.800Z","computer":"srv-128","event_id":4697,"record_id":103214,"user":"employee-200","source_ip":"10.11.3.17","target":"ApprovedAgent","logon_type":null,"change_ticket":"CHG-DEPLOY-18","result":"success","channel":"Security","provider":"Microsoft-Windows-Security-Auditing","logon_id":"856dbf57a0f09f8b","process_id":25047,"image_path":"C:/Program Files/ApprovedAgent/agent.exe","run_as":"svc-agent","publisher":"Approved Software Team","update_state":"installed","agent_build":"2026.09.3"},{"timestamp":"2026-09-14T02:24:40.500Z","computer":"srv-003","event_id":4624,"record_id":103215,"user":"employee-352","source_ip":"10.10.1.12","target":"logon-session","logon_type":10,"change_ticket":"","result":"success","channel":"Security","provider":"Microsoft-Windows-Security-Auditing","logon_id":"856dbf57a0f09f8b","process_id":11823,"image_path":"","run_as":"","publisher":"","update_state":"installed","agent_build":"2026.09.4"},{"timestamp":"2026-09-14T02:24:43.200Z","computer":"srv-212","event_id":4624,"record_id":103216,"user":"employee-446","source_ip":"10.12.3.21","target":"logon-session","logon_type":2,"change_ticket":"","result":"success","channel":"Security","provider":"Microsoft-Windows-Security-Auditing","logon_id":"543cb22daacbdb6f","process_id":16668,"image_path":"","run_as":"","publisher":"","update_state":"installed","agent_build":"2026.09.1"},{"timestamp":"2026-09-14T02:24:45.900Z","computer":"srv-111","event_id":4634,"record_id":103217,"user":"employee-260","source_ip":"10.11.2.20","target":"logon-session","logon_type":3,"change_ticket":"","result":"success","channel":"Security","provider":"Microsoft-Windows-Security-Auditing","logon_id":"543cb22daacbdb6f","process_id":17390,"image_path":"","run_as":"","publisher":"","update_state":"installed","agent_build":"2026.09.2"},{"timestamp":"2026-09-14T02:24:48.600Z","computer":"srv-026","event_id":4688,"record_id":103218,"user":"employee-393","source_ip":"10.10.2.15","target":"logon-session","logon_type":null,"change_ticket":"","result":"success","channel":"Security","provider":"Microsoft-Windows-Security-Auditing","logon_id":"543cb22daacbdb6f","process_id":8010,"image_path":"C:/Program Files/ApprovedAgent/agent.exe","run_as":"","publisher":"Approved Software Team","update_state":"installed","agent_build":"2026.09.3"},{"timestamp":"2026-09-14T02:24:51.300Z","computer":"srv-097","event_id":4625,"record_id":103219,"user":"employee-307","source_ip":"10.11.1.26","target":"logon-session","logon_type":2,"change_ticket":"","result":"failure","channel":"Security","provider":"Microsoft-Windows-Security-Auditing","logon_id":"543cb22daacbdb6f","process_id":1699,"image_path":"","run_as":"","publisher":"","update_state":"installed","agent_build":"2026.09.4"},{"timestamp":"2026-09-14T02:24:54.000Z","computer":"srv-117","event_id":4698,"record_id":103220,"user":"employee-274","source_ip":"10.11.2.26","target":"Approved-Maintenance","logon_type":null,"change_ticket":"CHG-DEPLOY-18","result":"success","channel":"Security","provider":"Microsoft-Windows-Security-Auditing","logon_id":"90d299166419244b","process_id":7780,"image_path":"C:/Program Files/ApprovedAgent/agent.exe","run_as":"svc-agent","publisher":"Approved Software Team","update_state":"installed","agent_build":"2026.09.1"},{"timestamp":"2026-09-14T02:24:56.700Z","computer":"srv-133","event_id":4728,"record_id":103221,"user":"employee-427","source_ip":"10.11.3.22","target":"Project-Readers","logon_type":null,"change_ticket":"CHG-DEPLOY-18","result":"success","channel":"Security","provider":"Microsoft-Windows-Security-Auditing","logon_id":"90d299166419244b","process_id":20912,"image_path":"","run_as":"","publisher":"","update_state":"installed","agent_build":"2026.09.2"},{"timestamp":"2026-09-14T02:24:59.400Z","computer":"srv-231","event_id":4697,"record_id":103222,"user":"employee-309","source_ip":"10.12.4.20","target":"ApprovedAgent","logon_type":null,"change_ticket":"CHG-DEPLOY-18","result":"success","channel":"Security","provider":"Microsoft-Windows-Security-Auditing","logon_id":"90d299166419244b","process_id":18127,"image_path":"C:/Program Files/ApprovedAgent/agent.exe","run_as":"svc-agent","publisher":"Approved Software Team","update_state":"installed","agent_build":"2026.09.3"},{"timestamp":"2026-09-14T02:25:02.100Z","computer":"srv-009","event_id":4624,"record_id":103223,"user":"employee-245","source_ip":"10.10.1.18","target":"logon-session","logon_type":3,"change_ticket":"","result":"success","channel":"Security","provider":"Microsoft-Windows-Security-Auditing","logon_id":"90d299166419244b","process_id":22137,"image_path":"","run_as":"","publisher":"","update_state":"installed","agent_build":"2026.09.4"},{"timestamp":"2026-09-14T02:25:04.800Z","computer":"srv-022","event_id":4624,"record_id":103224,"user":"deployment-admin","source_ip":"10.10.2.11","target":"logon-session","logon_type":10,"change_ticket":"","result":"success","channel":"Security","provider":"Microsoft-Windows-Security-Auditing","logon_id":"aa5e71d11d566274","process_id":11352,"image_path":"","run_as":"","publisher":"","update_state":"restart-pending","agent_build":"2026.09.1"},{"timestamp":"2026-09-14T02:25:07.500Z","computer":"srv-007","event_id":4634,"record_id":103225,"user":"employee-253","source_ip":"10.10.1.16","target":"logon-session","logon_type":2,"change_ticket":"","result":"success","channel":"Security","provider":"Microsoft-Windows-Security-Auditing","logon_id":"aa5e71d11d566274","process_id":1567,"image_path":"","run_as":"","publisher":"","update_state":"installed","agent_build":"2026.09.2"},{"timestamp":"2026-09-14T02:25:10.200Z","computer":"srv-159","event_id":4688,"record_id":103226,"user":"employee-86","source_ip":"10.11.4.28","target":"logon-session","logon_type":null,"change_ticket":"","result":"success","channel":"Security","provider":"Microsoft-Windows-Security-Auditing","logon_id":"aa5e71d11d566274","process_id":13537,"image_path":"C:/Program Files/ApprovedAgent/agent.exe","run_as":"","publisher":"Approved Software Team","update_state":"installed","agent_build":"2026.09.3"},{"timestamp":"2026-09-14T02:25:12.900Z","computer":"srv-008","event_id":4625,"record_id":103227,"user":"employee-33","source_ip":"10.10.1.17","target":"logon-session","logon_type":10,"change_ticket":"","result":"failure","channel":"Security","provider":"Microsoft-Windows-Security-Auditing","logon_id":"aa5e71d11d566274","process_id":3177,"image_path":"","run_as":"","publisher":"","update_state":"installed","agent_build":"2026.09.4"},{"timestamp":"2026-09-14T02:25:15.600Z","computer":"srv-012","event_id":4698,"record_id":103228,"user":"employee-187","source_ip":"10.10.1.21","target":"Approved-Maintenance","logon_type":null,"change_ticket":"CHG-DEPLOY-18","result":"success","channel":"Security","provider":"Microsoft-Windows-Security-Auditing","logon_id":"185bf39123190571","process_id":10012,"image_path":"C:/Program Files/ApprovedAgent/agent.exe","run_as":"svc-agent","publisher":"Approved Software Team","update_state":"installed","agent_build":"2026.09.1"},{"timestamp":"2026-09-14T02:25:18.300Z","computer":"srv-057","event_id":4728,"record_id":103229,"user":"employee-264","source_ip":"10.10.3.26","target":"Project-Readers","logon_type":null,"change_ticket":"CHG-DEPLOY-18","result":"success","channel":"Security","provider":"Microsoft-Windows-Security-Auditing","logon_id":"185bf39123190571","process_id":8168,"image_path":"","run_as":"","publisher":"","update_state":"installed","agent_build":"2026.09.2"},{"timestamp":"2026-09-14T02:25:21.000Z","computer":"srv-209","event_id":4697,"record_id":103230,"user":"employee-449","source_ip":"10.12.3.18","target":"ApprovedAgent","logon_type":null,"change_ticket":"CHG-DEPLOY-18","result":"success","channel":"Security","provider":"Microsoft-Windows-Security-Auditing","logon_id":"185bf39123190571","process_id":16760,"image_path":"C:/Program Files/ApprovedAgent/agent.exe","run_as":"svc-agent","publisher":"Approved Software Team","update_state":"installed","agent_build":"2026.09.3"},{"timestamp":"2026-09-14T02:25:23.700Z","computer":"srv-102","event_id":4624,"record_id":103231,"user":"employee-345","source_ip":"10.11.2.11","target":"logon-session","logon_type":2,"change_ticket":"","result":"success","channel":"Security","provider":"Microsoft-Windows-Security-Auditing","logon_id":"185bf39123190571","process_id":4087,"image_path":"","run_as":"","publisher":"","update_state":"installed","agent_build":"2026.09.4"},{"timestamp":"2026-09-14T02:25:26.400Z","computer":"srv-126","event_id":4624,"record_id":103232,"user":"employee-319","source_ip":"10.11.3.15","target":"logon-session","logon_type":3,"change_ticket":"","result":"success","channel":"Security","provider":"Microsoft-Windows-Security-Auditing","logon_id":"061e5a0e7f73278a","process_id":23149,"image_path":"","run_as":"","publisher":"","update_state":"installed","agent_build":"2026.09.1"},{"timestamp":"2026-09-14T02:25:29.100Z","computer":"srv-179","event_id":4634,"record_id":103233,"user":"employee-52","source_ip":"10.12.1.28","target":"logon-session","logon_type":10,"change_ticket":"","result":"success","channel":"Security","provider":"Microsoft-Windows-Security-Auditing","logon_id":"061e5a0e7f73278a","process_id":20142,"image_path":"","run_as":"","publisher":"","update_state":"installed","agent_build":"2026.09.2"},{"timestamp":"2026-09-14T02:25:31.800Z","computer":"srv-008","event_id":4688,"record_id":103234,"user":"employee-68","source_ip":"10.10.1.17","target":"logon-session","logon_type":null,"change_ticket":"","result":"success","channel":"Security","provider":"Microsoft-Windows-Security-Auditing","logon_id":"061e5a0e7f73278a","process_id":14321,"image_path":"C:/Program Files/ApprovedAgent/agent.exe","run_as":"","publisher":"Approved Software Team","update_state":"installed","agent_build":"2026.09.3"},{"timestamp":"2026-09-14T02:25:34.500Z","computer":"srv-043","event_id":4625,"record_id":103235,"user":"employee-6","source_ip":"10.10.3.12","target":"logon-session","logon_type":3,"change_ticket":"","result":"failure","channel":"Security","provider":"Microsoft-Windows-Security-Auditing","logon_id":"061e5a0e7f73278a","process_id":13533,"image_path":"","run_as":"","publisher":"","update_state":"installed","agent_build":"2026.09.4"},{"timestamp":"2026-09-14T02:25:37.200Z","computer":"srv-008","event_id":4698,"record_id":103236,"user":"employee-276","source_ip":"10.10.1.17","target":"Approved-Maintenance","logon_type":null,"change_ticket":"CHG-DEPLOY-18","result":"success","channel":"Security","provider":"Microsoft-Windows-Security-Auditing","logon_id":"3348dc8030408d21","process_id":21651,"image_path":"C:/Program Files/ApprovedAgent/agent.exe","run_as":"svc-agent","publisher":"Approved Software Team","update_state":"installed","agent_build":"2026.09.1"},{"timestamp":"2026-09-14T02:25:39.900Z","computer":"srv-147","event_id":4728,"record_id":103237,"user":"deployment-admin","source_ip":"10.11.4.16","target":"Project-Readers","logon_type":null,"change_ticket":"CHG-DEPLOY-18","result":"success","channel":"Security","provider":"Microsoft-Windows-Security-Auditing","logon_id":"3348dc8030408d21","process_id":9686,"image_path":"","run_as":"","publisher":"","update_state":"installed","agent_build":"2026.09.2"},{"timestamp":"2026-09-14T02:25:42.600Z","computer":"srv-113","event_id":4697,"record_id":103238,"user":"employee-288","source_ip":"10.11.2.22","target":"ApprovedAgent","logon_type":null,"change_ticket":"CHG-DEPLOY-18","result":"success","channel":"Security","provider":"Microsoft-Windows-Security-Auditing","logon_id":"3348dc8030408d21","process_id":18402,"image_path":"C:/Program Files/ApprovedAgent/agent.exe","run_as":"svc-agent","publisher":"Approved Software Team","update_state":"installed","agent_build":"2026.09.3"},{"timestamp":"2026-09-14T02:25:45.300Z","computer":"srv-217","event_id":4624,"record_id":103239,"user":"employee-26","source_ip":"10.12.3.26","target":"logon-session","logon_type":10,"change_ticket":"","result":"success","channel":"Security","provider":"Microsoft-Windows-Security-Auditing","logon_id":"3348dc8030408d21","process_id":8510,"image_path":"","run_as":"","publisher":"","update_state":"installed","agent_build":"2026.09.4"},{"timestamp":"2026-09-14T02:25:48.000Z","computer":"srv-134","event_id":4624,"record_id":103240,"user":"employee-124","source_ip":"10.11.3.23","target":"logon-session","logon_type":2,"change_ticket":"","result":"success","channel":"Security","provider":"Microsoft-Windows-Security-Auditing","logon_id":"4a62a769c078d67e","process_id":7647,"image_path":"","run_as":"","publisher":"","update_state":"installed","agent_build":"2026.09.1"},{"timestamp":"2026-09-14T02:25:50.700Z","computer":"srv-141","event_id":4634,"record_id":103241,"user":"employee-202","source_ip":"10.11.4.10","target":"logon-session","logon_type":3,"change_ticket":"","result":"success","channel":"Security","provider":"Microsoft-Windows-Security-Auditing","logon_id":"4a62a769c078d67e","process_id":3631,"image_path":"","run_as":"","publisher":"","update_state":"installed","agent_build":"2026.09.2"},{"timestamp":"2026-09-14T02:25:53.400Z","computer":"srv-067","event_id":4688,"record_id":103242,"user":"employee-398","source_ip":"10.10.4.16","target":"logon-session","logon_type":null,"change_ticket":"","result":"success","channel":"Security","provider":"Microsoft-Windows-Security-Auditing","logon_id":"4a62a769c078d67e","process_id":21499,"image_path":"C:/Program Files/ApprovedAgent/agent.exe","run_as":"","publisher":"Approved Software Team","update_state":"installed","agent_build":"2026.09.3"},{"timestamp":"2026-09-14T02:25:56.100Z","computer":"srv-126","event_id":4625,"record_id":103243,"user":"employee-255","source_ip":"10.11.3.15","target":"logon-session","logon_type":2,"change_ticket":"","result":"failure","channel":"Security","provider":"Microsoft-Windows-Security-Auditing","logon_id":"4a62a769c078d67e","process_id":18383,"image_path":"","run_as":"","publisher":"","update_state":"failed","agent_build":"2026.09.4"},{"timestamp":"2026-09-14T02:25:58.800Z","computer":"srv-218","event_id":4698,"record_id":103244,"user":"employee-111","source_ip":"10.12.3.27","target":"Approved-Maintenance","logon_type":null,"change_ticket":"CHG-DEPLOY-18","result":"success","channel":"Security","provider":"Microsoft-Windows-Security-Auditing","logon_id":"e59853d584b4b1cc","process_id":7889,"image_path":"C:/Program Files/ApprovedAgent/agent.exe","run_as":"svc-agent","publisher":"Approved Software Team","update_state":"installed","agent_build":"2026.09.1"},{"timestamp":"2026-09-14T02:26:01.500Z","computer":"srv-104","event_id":4728,"record_id":103245,"user":"employee-312","source_ip":"10.11.2.13","target":"Project-Readers","logon_type":null,"change_ticket":"CHG-DEPLOY-18","result":"success","channel":"Security","provider":"Microsoft-Windows-Security-Auditing","logon_id":"e59853d584b4b1cc","process_id":18158,"image_path":"","run_as":"","publisher":"","update_state":"no-report","agent_build":"2026.09.2"},{"timestamp":"2026-09-14T02:26:04.200Z","computer":"srv-189","event_id":4697,"record_id":103246,"user":"employee-136","source_ip":"10.12.2.18","target":"ApprovedAgent","logon_type":null,"change_ticket":"CHG-DEPLOY-18","result":"success","channel":"Security","provider":"Microsoft-Windows-Security-Auditing","logon_id":"e59853d584b4b1cc","process_id":2808,"image_path":"C:/Program Files/ApprovedAgent/agent.exe","run_as":"svc-agent","publisher":"Approved Software Team","update_state":"installed","agent_build":"2026.09.3"},{"timestamp":"2026-09-14T02:26:06.900Z","computer":"srv-124","event_id":4624,"record_id":103247,"user":"employee-140","source_ip":"10.11.3.13","target":"logon-session","logon_type":3,"change_ticket":"","result":"success","channel":"Security","provider":"Microsoft-Windows-Security-Auditing","logon_id":"e59853d584b4b1cc","process_id":5709,"image_path":"","run_as":"","publisher":"","update_state":"installed","agent_build":"2026.09.4"},{"timestamp":"2026-09-14T02:26:09.600Z","computer":"srv-197","event_id":4624,"record_id":103248,"user":"employee-431","source_ip":"10.12.2.26","target":"logon-session","logon_type":10,"change_ticket":"","result":"success","channel":"Security","provider":"Microsoft-Windows-Security-Auditing","logon_id":"7ab24d60ce0b0e67","process_id":7209,"image_path":"","run_as":"","publisher":"","update_state":"installed","agent_build":"2026.09.1"},{"timestamp":"2026-09-14T02:26:12.300Z","computer":"srv-225","event_id":4634,"record_id":103249,"user":"employee-467","source_ip":"10.12.4.14","target":"logon-session","logon_type":2,"change_ticket":"","result":"success","channel":"Security","provider":"Microsoft-Windows-Security-Auditing","logon_id":"7ab24d60ce0b0e67","process_id":3939,"image_path":"","run_as":"","publisher":"","update_state":"installed","agent_build":"2026.09.2"},{"timestamp":"2026-09-14T02:26:15.000Z","computer":"srv-224","event_id":4688,"record_id":103250,"user":"deployment-admin","source_ip":"10.12.4.13","target":"logon-session","logon_type":null,"change_ticket":"","result":"success","channel":"Security","provider":"Microsoft-Windows-Security-Auditing","logon_id":"7ab24d60ce0b0e67","process_id":12215,"image_path":"C:/Program Files/ApprovedAgent/agent.exe","run_as":"","publisher":"Approved Software Team","update_state":"installed","agent_build":"2026.09.3"},{"timestamp":"2026-09-14T02:26:17.700Z","computer":"srv-043","event_id":4625,"record_id":103251,"user":"employee-276","source_ip":"10.10.3.12","target":"logon-session","logon_type":10,"change_ticket":"","result":"failure","channel":"Security","provider":"Microsoft-Windows-Security-Auditing","logon_id":"7ab24d60ce0b0e67","process_id":8120,"image_path":"","run_as":"","publisher":"","update_state":"installed","agent_build":"2026.09.4"},{"timestamp":"2026-09-14T02:26:20.400Z","computer":"srv-020","event_id":4698,"record_id":103252,"user":"employee-182","source_ip":"10.10.1.29","target":"Approved-Maintenance","logon_type":null,"change_ticket":"CHG-DEPLOY-18","result":"success","channel":"Security","provider":"Microsoft-Windows-Security-Auditing","logon_id":"837603d587ed6455","process_id":8331,"image_path":"C:/Program Files/ApprovedAgent/agent.exe","run_as":"svc-agent","publisher":"Approved Software Team","update_state":"installed","agent_build":"2026.09.1"},{"timestamp":"2026-09-14T02:26:23.100Z","computer":"srv-194","event_id":4728,"record_id":103253,"user":"employee-14","source_ip":"10.12.2.23","target":"Project-Readers","logon_type":null,"change_ticket":"CHG-DEPLOY-18","result":"success","channel":"Security","provider":"Microsoft-Windows-Security-Auditing","logon_id":"837603d587ed6455","process_id":23108,"image_path":"","run_as":"","publisher":"","update_state":"installed","agent_build":"2026.09.2"},{"timestamp":"2026-09-14T02:26:25.800Z","computer":"srv-185","event_id":4697,"record_id":103254,"user":"employee-270","source_ip":"10.12.2.14","target":"ApprovedAgent","logon_type":null,"change_ticket":"CHG-DEPLOY-18","result":"success","channel":"Security","provider":"Microsoft-Windows-Security-Auditing","logon_id":"837603d587ed6455","process_id":3685,"image_path":"C:/Program Files/ApprovedAgent/agent.exe","run_as":"svc-agent","publisher":"Approved Software Team","update_state":"installed","agent_build":"2026.09.3"},{"timestamp":"2026-09-14T02:26:28.500Z","computer":"srv-014","event_id":4624,"record_id":103255,"user":"employee-410","source_ip":"10.10.1.23","target":"logon-session","logon_type":2,"change_ticket":"","result":"success","channel":"Security","provider":"Microsoft-Windows-Security-Auditing","logon_id":"837603d587ed6455","process_id":19264,"image_path":"","run_as":"","publisher":"","update_state":"restart-pending","agent_build":"2026.09.4"},{"timestamp":"2026-09-14T02:26:31.200Z","computer":"srv-148","event_id":4624,"record_id":103256,"user":"employee-69","source_ip":"10.11.4.17","target":"logon-session","logon_type":3,"change_ticket":"","result":"success","channel":"Security","provider":"Microsoft-Windows-Security-Auditing","logon_id":"9120080cb772a4e2","process_id":14683,"image_path":"","run_as":"","publisher":"","update_state":"installed","agent_build":"2026.09.1"},{"timestamp":"2026-09-14T02:26:33.900Z","computer":"srv-169","event_id":4634,"record_id":103257,"user":"employee-343","source_ip":"10.12.1.18","target":"logon-session","logon_type":10,"change_ticket":"","result":"success","channel":"Security","provider":"Microsoft-Windows-Security-Auditing","logon_id":"9120080cb772a4e2","process_id":5506,"image_path":"","run_as":"","publisher":"","update_state":"installed","agent_build":"2026.09.2"},{"timestamp":"2026-09-14T02:26:36.600Z","computer":"srv-208","event_id":4688,"record_id":103258,"user":"employee-306","source_ip":"10.12.3.17","target":"logon-session","logon_type":null,"change_ticket":"","result":"success","channel":"Security","provider":"Microsoft-Windows-Security-Auditing","logon_id":"9120080cb772a4e2","process_id":19431,"image_path":"C:/Program Files/ApprovedAgent/agent.exe","run_as":"","publisher":"Approved Software Team","update_state":"installed","agent_build":"2026.09.3"},{"timestamp":"2026-09-14T02:26:39.300Z","computer":"srv-089","event_id":4625,"record_id":103259,"user":"employee-245","source_ip":"10.11.1.18","target":"logon-session","logon_type":3,"change_ticket":"","result":"failure","channel":"Security","provider":"Microsoft-Windows-Security-Auditing","logon_id":"9120080cb772a4e2","process_id":23110,"image_path":"","run_as":"","publisher":"","update_state":"installed","agent_build":"2026.09.4"},{"timestamp":"2026-09-14T02:26:42.000Z","computer":"srv-185","event_id":4698,"record_id":103260,"user":"employee-149","source_ip":"10.12.2.14","target":"Approved-Maintenance","logon_type":null,"change_ticket":"CHG-DEPLOY-18","result":"success","channel":"Security","provider":"Microsoft-Windows-Security-Auditing","logon_id":"6fa4bacbf202e8f5","process_id":10341,"image_path":"C:/Program Files/ApprovedAgent/agent.exe","run_as":"svc-agent","publisher":"Approved Software Team","update_state":"installed","agent_build":"2026.09.1"},{"timestamp":"2026-09-14T02:26:44.700Z","computer":"srv-186","event_id":4728,"record_id":103261,"user":"employee-315","source_ip":"10.12.2.15","target":"Project-Readers","logon_type":null,"change_ticket":"CHG-DEPLOY-18","result":"success","channel":"Security","provider":"Microsoft-Windows-Security-Auditing","logon_id":"6fa4bacbf202e8f5","process_id":3672,"image_path":"","run_as":"","publisher":"","update_state":"installed","agent_build":"2026.09.2"},{"timestamp":"2026-09-14T02:26:47.400Z","computer":"srv-223","event_id":4697,"record_id":103262,"user":"employee-308","source_ip":"10.12.4.12","target":"ApprovedAgent","logon_type":null,"change_ticket":"CHG-DEPLOY-18","result":"success","channel":"Security","provider":"Microsoft-Windows-Security-Auditing","logon_id":"6fa4bacbf202e8f5","process_id":16678,"image_path":"C:/Program Files/ApprovedAgent/agent.exe","run_as":"svc-agent","publisher":"Approved Software Team","update_state":"installed","agent_build":"2026.09.3"},{"timestamp":"2026-09-14T02:26:50.100Z","computer":"srv-211","event_id":4624,"record_id":103263,"user":"deployment-admin","source_ip":"10.12.3.20","target":"logon-session","logon_type":10,"change_ticket":"","result":"success","channel":"Security","provider":"Microsoft-Windows-Security-Auditing","logon_id":"6fa4bacbf202e8f5","process_id":23942,"image_path":"","run_as":"","publisher":"","update_state":"installed","agent_build":"2026.09.4"},{"timestamp":"2026-09-14T02:26:52.800Z","computer":"srv-184","event_id":4624,"record_id":103264,"user":"employee-297","source_ip":"10.12.2.13","target":"logon-session","logon_type":2,"change_ticket":"","result":"success","channel":"Security","provider":"Microsoft-Windows-Security-Auditing","logon_id":"0fca7d76ef5274ed","process_id":4674,"image_path":"","run_as":"","publisher":"","update_state":"installed","agent_build":"2026.09.1"},{"timestamp":"2026-09-14T02:26:55.500Z","computer":"srv-155","event_id":4634,"record_id":103265,"user":"employee-162","source_ip":"10.11.4.24","target":"logon-session","logon_type":3,"change_ticket":"","result":"success","channel":"Security","provider":"Microsoft-Windows-Security-Auditing","logon_id":"0fca7d76ef5274ed","process_id":1156,"image_path":"","run_as":"","publisher":"","update_state":"installed","agent_build":"2026.09.2"},{"timestamp":"2026-09-14T02:26:58.200Z","computer":"srv-101","event_id":4688,"record_id":103266,"user":"employee-173","source_ip":"10.11.2.10","target":"logon-session","logon_type":null,"change_ticket":"","result":"success","channel":"Security","provider":"Microsoft-Windows-Security-Auditing","logon_id":"0fca7d76ef5274ed","process_id":7941,"image_path":"C:/Program Files/ApprovedAgent/agent.exe","run_as":"","publisher":"Approved Software Team","update_state":"installed","agent_build":"2026.09.3"},{"timestamp":"2026-09-14T02:27:00.900Z","computer":"srv-130","event_id":4625,"record_id":103267,"user":"employee-206","source_ip":"10.11.3.19","target":"logon-session","logon_type":2,"change_ticket":"","result":"failure","channel":"Security","provider":"Microsoft-Windows-Security-Auditing","logon_id":"0fca7d76ef5274ed","process_id":1846,"image_path":"","run_as":"","publisher":"","update_state":"installed","agent_build":"2026.09.4"},{"timestamp":"2026-09-14T02:27:03.600Z","computer":"srv-172","event_id":4698,"record_id":103268,"user":"employee-27","source_ip":"10.12.1.21","target":"Approved-Maintenance","logon_type":null,"change_ticket":"CHG-DEPLOY-18","result":"success","channel":"Security","provider":"Microsoft-Windows-Security-Auditing","logon_id":"51b787042885b06b","process_id":3829,"image_path":"C:/Program Files/ApprovedAgent/agent.exe","run_as":"svc-agent","publisher":"Approved Software Team","update_state":"installed","agent_build":"2026.09.1"},{"timestamp":"2026-09-14T02:27:06.300Z","computer":"srv-133","event_id":4728,"record_id":103269,"user":"employee-47","source_ip":"10.11.3.22","target":"Project-Readers","logon_type":null,"change_ticket":"CHG-DEPLOY-18","result":"success","channel":"Security","provider":"Microsoft-Windows-Security-Auditing","logon_id":"51b787042885b06b","process_id":19746,"image_path":"","run_as":"","publisher":"","update_state":"installed","agent_build":"2026.09.2"},{"timestamp":"2026-09-14T02:27:09.000Z","computer":"srv-112","event_id":4697,"record_id":103270,"user":"employee-384","source_ip":"10.11.2.21","target":"ApprovedAgent","logon_type":null,"change_ticket":"CHG-DEPLOY-18","result":"success","channel":"Security","provider":"Microsoft-Windows-Security-Auditing","logon_id":"51b787042885b06b","process_id":6584,"image_path":"C:/Program Files/ApprovedAgent/agent.exe","run_as":"svc-agent","publisher":"Approved Software Team","update_state":"installed","agent_build":"2026.09.3"},{"timestamp":"2026-09-14T02:27:11.700Z","computer":"srv-199","event_id":4624,"record_id":103271,"user":"employee-160","source_ip":"10.12.2.28","target":"logon-session","logon_type":3,"change_ticket":"","result":"success","channel":"Security","provider":"Microsoft-Windows-Security-Auditing","logon_id":"51b787042885b06b","process_id":14280,"image_path":"","run_as":"","publisher":"","update_state":"installed","agent_build":"2026.09.4"},{"timestamp":"2026-09-14T02:27:14.400Z","computer":"srv-017","event_id":4624,"record_id":103272,"user":"employee-425","source_ip":"10.10.1.26","target":"logon-session","logon_type":10,"change_ticket":"","result":"success","channel":"Security","provider":"Microsoft-Windows-Security-Auditing","logon_id":"3299d37272242511","process_id":11135,"image_path":"","run_as":"","publisher":"","update_state":"installed","agent_build":"2026.09.1"},{"timestamp":"2026-09-14T02:27:17.100Z","computer":"srv-070","event_id":4634,"record_id":103273,"user":"employee-186","source_ip":"10.10.4.19","target":"logon-session","logon_type":2,"change_ticket":"","result":"success","channel":"Security","provider":"Microsoft-Windows-Security-Auditing","logon_id":"3299d37272242511","process_id":3319,"image_path":"","run_as":"","publisher":"","update_state":"installed","agent_build":"2026.09.2"},{"timestamp":"2026-09-14T02:27:19.800Z","computer":"srv-031","event_id":4688,"record_id":103274,"user":"employee-285","source_ip":"10.10.2.20","target":"logon-session","logon_type":null,"change_ticket":"","result":"success","channel":"Security","provider":"Microsoft-Windows-Security-Auditing","logon_id":"3299d37272242511","process_id":1983,"image_path":"C:/Program Files/ApprovedAgent/agent.exe","run_as":"","publisher":"Approved Software Team","update_state":"installed","agent_build":"2026.09.3"},{"timestamp":"2026-09-14T02:27:22.500Z","computer":"srv-099","event_id":4625,"record_id":103275,"user":"employee-20","source_ip":"10.11.1.28","target":"logon-session","logon_type":10,"change_ticket":"","result":"failure","channel":"Security","provider":"Microsoft-Windows-Security-Auditing","logon_id":"3299d37272242511","process_id":17140,"image_path":"","run_as":"","publisher":"","update_state":"installed","agent_build":"2026.09.4"},{"timestamp":"2026-09-14T02:27:25.200Z","computer":"srv-072","event_id":4698,"record_id":103276,"user":"deployment-admin","source_ip":"10.10.4.21","target":"Approved-Maintenance","logon_type":null,"change_ticket":"CHG-DEPLOY-18","result":"success","channel":"Security","provider":"Microsoft-Windows-Security-Auditing","logon_id":"d05f868f6bb287c6","process_id":24712,"image_path":"C:/Program Files/ApprovedAgent/agent.exe","run_as":"svc-agent","publisher":"Approved Software Team","update_state":"installed","agent_build":"2026.09.1"},{"timestamp":"2026-09-14T02:27:27.900Z","computer":"srv-224","event_id":4728,"record_id":103277,"user":"employee-467","source_ip":"10.12.4.13","target":"Project-Readers","logon_type":null,"change_ticket":"CHG-DEPLOY-18","result":"success","channel":"Security","provider":"Microsoft-Windows-Security-Auditing","logon_id":"d05f868f6bb287c6","process_id":19393,"image_path":"","run_as":"","publisher":"","update_state":"installed","agent_build":"2026.09.2"},{"timestamp":"2026-09-14T02:27:30.600Z","computer":"srv-153","event_id":4697,"record_id":103278,"user":"employee-270","source_ip":"10.11.4.22","target":"ApprovedAgent","logon_type":null,"change_ticket":"CHG-DEPLOY-18","result":"success","channel":"Security","provider":"Microsoft-Windows-Security-Auditing","logon_id":"d05f868f6bb287c6","process_id":21048,"image_path":"C:/Program Files/ApprovedAgent/agent.exe","run_as":"svc-agent","publisher":"Approved Software Team","update_state":"installed","agent_build":"2026.09.3"},{"timestamp":"2026-09-14T02:27:33.300Z","computer":"srv-081","event_id":4624,"record_id":103279,"user":"employee-3","source_ip":"10.11.1.10","target":"logon-session","logon_type":2,"change_ticket":"","result":"success","channel":"Security","provider":"Microsoft-Windows-Security-Auditing","logon_id":"d05f868f6bb287c6","process_id":15733,"image_path":"","run_as":"","publisher":"","update_state":"installed","agent_build":"2026.09.4"},{"timestamp":"2026-09-14T02:27:36.000Z","computer":"srv-159","event_id":4624,"record_id":103280,"user":"employee-290","source_ip":"10.11.4.28","target":"logon-session","logon_type":3,"change_ticket":"","result":"success","channel":"Security","provider":"Microsoft-Windows-Security-Auditing","logon_id":"a778390b2b8112bf","process_id":18105,"image_path":"","run_as":"","publisher":"","update_state":"installed","agent_build":"2026.09.1"},{"timestamp":"2026-09-14T02:27:38.700Z","computer":"srv-170","event_id":4634,"record_id":103281,"user":"employee-437","source_ip":"10.12.1.19","target":"logon-session","logon_type":10,"change_ticket":"","result":"success","channel":"Security","provider":"Microsoft-Windows-Security-Auditing","logon_id":"a778390b2b8112bf","process_id":16851,"image_path":"","run_as":"","publisher":"","update_state":"installed","agent_build":"2026.09.2"},{"timestamp":"2026-09-14T02:27:41.400Z","computer":"srv-192","event_id":4688,"record_id":103282,"user":"employee-204","source_ip":"10.12.2.21","target":"logon-session","logon_type":null,"change_ticket":"","result":"success","channel":"Security","provider":"Microsoft-Windows-Security-Auditing","logon_id":"a778390b2b8112bf","process_id":17507,"image_path":"C:/Program Files/ApprovedAgent/agent.exe","run_as":"","publisher":"Approved Software Team","update_state":"installed","agent_build":"2026.09.3"},{"timestamp":"2026-09-14T02:27:44.100Z","computer":"srv-087","event_id":4625,"record_id":103283,"user":"employee-95","source_ip":"10.11.1.16","target":"logon-session","logon_type":3,"change_ticket":"","result":"failure","channel":"Security","provider":"Microsoft-Windows-Security-Auditing","logon_id":"a778390b2b8112bf","process_id":8684,"image_path":"","run_as":"","publisher":"","update_state":"installed","agent_build":"2026.09.4"},{"timestamp":"2026-09-14T02:27:46.800Z","computer":"srv-198","event_id":4698,"record_id":103284,"user":"employee-239","source_ip":"10.12.2.27","target":"Approved-Maintenance","logon_type":null,"change_ticket":"CHG-DEPLOY-18","result":"success","channel":"Security","provider":"Microsoft-Windows-Security-Auditing","logon_id":"f47c55481458ab2b","process_id":21814,"image_path":"C:/Program Files/ApprovedAgent/agent.exe","run_as":"svc-agent","publisher":"Approved Software Team","update_state":"installed","agent_build":"2026.09.1"},{"timestamp":"2026-09-14T02:27:49.500Z","computer":"srv-187","event_id":4728,"record_id":103285,"user":"employee-229","source_ip":"10.12.2.16","target":"Project-Readers","logon_type":null,"change_ticket":"CHG-DEPLOY-18","result":"success","channel":"Security","provider":"Microsoft-Windows-Security-Auditing","logon_id":"f47c55481458ab2b","process_id":23235,"image_path":"","run_as":"","publisher":"","update_state":"installed","agent_build":"2026.09.2"},