{"timestamp":"2026-09-14T01:21:05.400Z","computer":"srv-176","event_id":4688,"record_id":101802,"user":"employee-120","source_ip":"10.12.1.25","target":"logon-session","logon_type":null,"change_ticket":"","result":"success","channel":"Security","provider":"Microsoft-Windows-Security-Auditing","logon_id":"f08666a9791c8177","process_id":5624,"image_path":"C:/Program Files/ApprovedAgent/agent.exe","run_as":"","publisher":"Approved Software Team","update_state":"installed","agent_build":"2026.09.3"},{"timestamp":"2026-09-14T01:21:08.100Z","computer":"srv-164","event_id":4625,"record_id":101803,"user":"employee-31","source_ip":"10.12.1.13","target":"logon-session","logon_type":2,"change_ticket":"","result":"failure","channel":"Security","provider":"Microsoft-Windows-Security-Auditing","logon_id":"f08666a9791c8177","process_id":15494,"image_path":"","run_as":"","publisher":"","update_state":"installed","agent_build":"2026.09.4"},{"timestamp":"2026-09-14T01:21:10.800Z","computer":"srv-137","event_id":4698,"record_id":101804,"user":"employee-142","source_ip":"10.11.3.26","target":"Approved-Maintenance","logon_type":null,"change_ticket":"CHG-DEPLOY-18","result":"success","channel":"Security","provider":"Microsoft-Windows-Security-Auditing","logon_id":"6ec0bb83389704fb","process_id":13834,"image_path":"C:/Program Files/ApprovedAgent/agent.exe","run_as":"svc-agent","publisher":"Approved Software Team","update_state":"installed","agent_build":"2026.09.1"},{"timestamp":"2026-09-14T01:21:13.500Z","computer":"srv-130","event_id":4728,"record_id":101805,"user":"employee-316","source_ip":"10.11.3.19","target":"Project-Readers","logon_type":null,"change_ticket":"CHG-DEPLOY-18","result":"success","channel":"Security","provider":"Microsoft-Windows-Security-Auditing","logon_id":"6ec0bb83389704fb","process_id":2332,"image_path":"","run_as":"","publisher":"","update_state":"installed","agent_build":"2026.09.2"},{"timestamp":"2026-09-14T01:21:16.200Z","computer":"srv-054","event_id":4697,"record_id":101806,"user":"employee-305","source_ip":"10.10.3.23","target":"ApprovedAgent","logon_type":null,"change_ticket":"CHG-DEPLOY-18","result":"success","channel":"Security","provider":"Microsoft-Windows-Security-Auditing","logon_id":"6ec0bb83389704fb","process_id":7613,"image_path":"C:/Program Files/ApprovedAgent/agent.exe","run_as":"svc-agent","publisher":"Approved Software Team","update_state":"installed","agent_build":"2026.09.3"},{"timestamp":"2026-09-14T01:21:18.900Z","computer":"srv-153","event_id":4624,"record_id":101807,"user":"deployment-admin","source_ip":"10.11.4.22","target":"logon-session","logon_type":3,"change_ticket":"","result":"success","channel":"Security","provider":"Microsoft-Windows-Security-Auditing","logon_id":"6ec0bb83389704fb","process_id":23002,"image_path":"","run_as":"","publisher":"","update_state":"installed","agent_build":"2026.09.4"},{"timestamp":"2026-09-14T01:21:21.600Z","computer":"srv-106","event_id":4624,"record_id":101808,"user":"employee-46","source_ip":"10.11.2.15","target":"logon-session","logon_type":10,"change_ticket":"","result":"success","channel":"Security","provider":"Microsoft-Windows-Security-Auditing","logon_id":"40c973e8c80aa23d","process_id":4413,"image_path":"","run_as":"","publisher":"","update_state":"installed","agent_build":"2026.09.1"},{"timestamp":"2026-09-14T01:21:24.300Z","computer":"srv-080","event_id":4634,"record_id":101809,"user":"employee-451","source_ip":"10.10.4.29","target":"logon-session","logon_type":2,"change_ticket":"","result":"success","channel":"Security","provider":"Microsoft-Windows-Security-Auditing","logon_id":"40c973e8c80aa23d","process_id":16347,"image_path":"","run_as":"","publisher":"","update_state":"installed","agent_build":"2026.09.2"},{"timestamp":"2026-09-14T01:21:27.000Z","computer":"srv-134","event_id":4688,"record_id":101810,"user":"employee-247","source_ip":"10.11.3.23","target":"logon-session","logon_type":null,"change_ticket":"","result":"success","channel":"Security","provider":"Microsoft-Windows-Security-Auditing","logon_id":"40c973e8c80aa23d","process_id":15437,"image_path":"C:/Program Files/ApprovedAgent/agent.exe","run_as":"","publisher":"Approved Software Team","update_state":"installed","agent_build":"2026.09.3"},{"timestamp":"2026-09-14T01:21:29.700Z","computer":"srv-188","event_id":4625,"record_id":101811,"user":"employee-292","source_ip":"10.12.2.17","target":"logon-session","logon_type":10,"change_ticket":"","result":"failure","channel":"Security","provider":"Microsoft-Windows-Security-Auditing","logon_id":"40c973e8c80aa23d","process_id":1279,"image_path":"","run_as":"","publisher":"","update_state":"installed","agent_build":"2026.09.4"},{"timestamp":"2026-09-14T01:21:32.400Z","computer":"srv-031","event_id":4698,"record_id":101812,"user":"employee-80","source_ip":"10.10.2.20","target":"Approved-Maintenance","logon_type":null,"change_ticket":"CHG-DEPLOY-18","result":"success","channel":"Security","provider":"Microsoft-Windows-Security-Auditing","logon_id":"ddb95ad9f87b45c4","process_id":14325,"image_path":"C:/Program Files/ApprovedAgent/agent.exe","run_as":"svc-agent","publisher":"Approved Software Team","update_state":"installed","agent_build":"2026.09.1"},{"timestamp":"2026-09-14T01:21:35.100Z","computer":"srv-088","event_id":4728,"record_id":101813,"user":"employee-6","source_ip":"10.11.1.17","target":"Project-Readers","logon_type":null,"change_ticket":"CHG-DEPLOY-18","result":"success","channel":"Security","provider":"Microsoft-Windows-Security-Auditing","logon_id":"ddb95ad9f87b45c4","process_id":7475,"image_path":"","run_as":"","publisher":"","update_state":"installed","agent_build":"2026.09.2"},{"timestamp":"2026-09-14T01:21:37.800Z","computer":"srv-135","event_id":4697,"record_id":101814,"user":"employee-299","source_ip":"10.11.3.24","target":"ApprovedAgent","logon_type":null,"change_ticket":"CHG-DEPLOY-18","result":"success","channel":"Security","provider":"Microsoft-Windows-Security-Auditing","logon_id":"ddb95ad9f87b45c4","process_id":15795,"image_path":"C:/Program Files/ApprovedAgent/agent.exe","run_as":"svc-agent","publisher":"Approved Software Team","update_state":"installed","agent_build":"2026.09.3"},{"timestamp":"2026-09-14T01:21:40.500Z","computer":"srv-103","event_id":4624,"record_id":101815,"user":"employee-427","source_ip":"10.11.2.12","target":"logon-session","logon_type":2,"change_ticket":"","result":"success","channel":"Security","provider":"Microsoft-Windows-Security-Auditing","logon_id":"ddb95ad9f87b45c4","process_id":2772,"image_path":"","run_as":"","publisher":"","update_state":"installed","agent_build":"2026.09.4"},{"timestamp":"2026-09-14T01:21:43.200Z","computer":"srv-002","event_id":4624,"record_id":101816,"user":"employee-120","source_ip":"10.10.1.11","target":"logon-session","logon_type":3,"change_ticket":"","result":"success","channel":"Security","provider":"Microsoft-Windows-Security-Auditing","logon_id":"aa5ec5f2bfda030d","process_id":3504,"image_path":"","run_as":"","publisher":"","update_state":"installed","agent_build":"2026.09.1"},{"timestamp":"2026-09-14T01:21:45.900Z","computer":"srv-069","event_id":4634,"record_id":101817,"user":"employee-26","source_ip":"10.10.4.18","target":"logon-session","logon_type":10,"change_ticket":"","result":"success","channel":"Security","provider":"Microsoft-Windows-Security-Auditing","logon_id":"aa5ec5f2bfda030d","process_id":19188,"image_path":"","run_as":"","publisher":"","update_state":"installed","agent_build":"2026.09.2"},{"timestamp":"2026-09-14T01:21:48.600Z","computer":"srv-057","event_id":4688,"record_id":101818,"user":"employee-224","source_ip":"10.10.3.26","target":"logon-session","logon_type":null,"change_ticket":"","result":"success","channel":"Security","provider":"Microsoft-Windows-Security-Auditing","logon_id":"aa5ec5f2bfda030d","process_id":18343,"image_path":"C:/Program Files/ApprovedAgent/agent.exe","run_as":"","publisher":"Approved Software Team","update_state":"installed","agent_build":"2026.09.3"},{"timestamp":"2026-09-14T01:21:51.300Z","computer":"srv-202","event_id":4625,"record_id":101819,"user":"employee-185","source_ip":"10.12.3.11","target":"logon-session","logon_type":3,"change_ticket":"","result":"failure","channel":"Security","provider":"Microsoft-Windows-Security-Auditing","logon_id":"aa5ec5f2bfda030d","process_id":14893,"image_path":"","run_as":"","publisher":"","update_state":"installed","agent_build":"2026.09.4"},{"timestamp":"2026-09-14T01:21:54.000Z","computer":"srv-125","event_id":4698,"record_id":101820,"user":"deployment-admin","source_ip":"10.11.3.14","target":"Approved-Maintenance","logon_type":null,"change_ticket":"CHG-DEPLOY-18","result":"success","channel":"Security","provider":"Microsoft-Windows-Security-Auditing","logon_id":"896bea65d790ccf6","process_id":15944,"image_path":"C:/Program Files/ApprovedAgent/agent.exe","run_as":"svc-agent","publisher":"Approved Software Team","update_state":"installed","agent_build":"2026.09.1"},{"timestamp":"2026-09-14T01:21:56.700Z","computer":"srv-048","event_id":4728,"record_id":101821,"user":"employee-412","source_ip":"10.10.3.17","target":"Project-Readers","logon_type":null,"change_ticket":"CHG-DEPLOY-18","result":"success","channel":"Security","provider":"Microsoft-Windows-Security-Auditing","logon_id":"896bea65d790ccf6","process_id":14147,"image_path":"","run_as":"","publisher":"","update_state":"installed","agent_build":"2026.09.2"},{"timestamp":"2026-09-14T01:21:59.400Z","computer":"srv-039","event_id":4697,"record_id":101822,"user":"employee-477","source_ip":"10.10.2.28","target":"ApprovedAgent","logon_type":null,"change_ticket":"CHG-DEPLOY-18","result":"success","channel":"Security","provider":"Microsoft-Windows-Security-Auditing","logon_id":"896bea65d790ccf6","process_id":6637,"image_path":"C:/Program Files/ApprovedAgent/agent.exe","run_as":"svc-agent","publisher":"Approved Software Team","update_state":"installed","agent_build":"2026.09.3"},{"timestamp":"2026-09-14T01:22:02.100Z","computer":"srv-128","event_id":4624,"record_id":101823,"user":"employee-116","source_ip":"10.11.3.17","target":"logon-session","logon_type":10,"change_ticket":"","result":"success","channel":"Security","provider":"Microsoft-Windows-Security-Auditing","logon_id":"896bea65d790ccf6","process_id":2115,"image_path":"","run_as":"","publisher":"","update_state":"installed","agent_build":"2026.09.4"},{"timestamp":"2026-09-14T01:22:04.800Z","computer":"srv-228","event_id":4624,"record_id":101824,"user":"employee-240","source_ip":"10.12.4.17","target":"logon-session","logon_type":2,"change_ticket":"","result":"success","channel":"Security","provider":"Microsoft-Windows-Security-Auditing","logon_id":"981463ed935a0d4b","process_id":9969,"image_path":"","run_as":"","publisher":"","update_state":"installed","agent_build":"2026.09.1"},{"timestamp":"2026-09-14T01:22:07.500Z","computer":"srv-073","event_id":4634,"record_id":101825,"user":"employee-255","source_ip":"10.10.4.22","target":"logon-session","logon_type":3,"change_ticket":"","result":"success","channel":"Security","provider":"Microsoft-Windows-Security-Auditing","logon_id":"981463ed935a0d4b","process_id":1235,"image_path":"","run_as":"","publisher":"","update_state":"installed","agent_build":"2026.09.2"},{"timestamp":"2026-09-14T01:22:10.200Z","computer":"srv-151","event_id":4688,"record_id":101826,"user":"employee-216","source_ip":"10.11.4.20","target":"logon-session","logon_type":null,"change_ticket":"","result":"success","channel":"Security","provider":"Microsoft-Windows-Security-Auditing","logon_id":"981463ed935a0d4b","process_id":19451,"image_path":"C:/Program Files/ApprovedAgent/agent.exe","run_as":"","publisher":"Approved Software Team","update_state":"installed","agent_build":"2026.09.3"},{"timestamp":"2026-09-14T01:22:12.900Z","computer":"srv-024","event_id":4625,"record_id":101827,"user":"employee-127","source_ip":"10.10.2.13","target":"logon-session","logon_type":2,"change_ticket":"","result":"failure","channel":"Security","provider":"Microsoft-Windows-Security-Auditing","logon_id":"981463ed935a0d4b","process_id":25070,"image_path":"","run_as":"","publisher":"","update_state":"installed","agent_build":"2026.09.4"},{"timestamp":"2026-09-14T01:22:15.600Z","computer":"srv-137","event_id":4698,"record_id":101828,"user":"employee-326","source_ip":"10.11.3.26","target":"Approved-Maintenance","logon_type":null,"change_ticket":"CHG-DEPLOY-18","result":"success","channel":"Security","provider":"Microsoft-Windows-Security-Auditing","logon_id":"12af595516ba3604","process_id":21090,"image_path":"C:/Program Files/ApprovedAgent/agent.exe","run_as":"svc-agent","publisher":"Approved Software Team","update_state":"installed","agent_build":"2026.09.1"},{"timestamp":"2026-09-14T01:22:18.300Z","computer":"srv-137","event_id":4728,"record_id":101829,"user":"employee-352","source_ip":"10.11.3.26","target":"Project-Readers","logon_type":null,"change_ticket":"CHG-DEPLOY-18","result":"success","channel":"Security","provider":"Microsoft-Windows-Security-Auditing","logon_id":"12af595516ba3604","process_id":20276,"image_path":"","run_as":"","publisher":"","update_state":"restart-pending","agent_build":"2026.09.2"},{"timestamp":"2026-09-14T01:22:21.000Z","computer":"srv-239","event_id":4697,"record_id":101830,"user":"employee-72","source_ip":"10.12.4.28","target":"ApprovedAgent","logon_type":null,"change_ticket":"CHG-DEPLOY-18","result":"success","channel":"Security","provider":"Microsoft-Windows-Security-Auditing","logon_id":"12af595516ba3604","process_id":3851,"image_path":"C:/Program Files/ApprovedAgent/agent.exe","run_as":"svc-agent","publisher":"Approved Software Team","update_state":"installed","agent_build":"2026.09.3"},{"timestamp":"2026-09-14T01:22:23.700Z","computer":"srv-143","event_id":4624,"record_id":101831,"user":"employee-41","source_ip":"10.11.4.12","target":"logon-session","logon_type":3,"change_ticket":"","result":"success","channel":"Security","provider":"Microsoft-Windows-Security-Auditing","logon_id":"12af595516ba3604","process_id":23282,"image_path":"","run_as":"","publisher":"","update_state":"installed","agent_build":"2026.09.4"},{"timestamp":"2026-09-14T01:22:26.400Z","computer":"srv-181","event_id":4624,"record_id":101832,"user":"employee-259","source_ip":"10.12.2.10","target":"logon-session","logon_type":10,"change_ticket":"","result":"success","channel":"Security","provider":"Microsoft-Windows-Security-Auditing","logon_id":"dfb40ffc852d35a1","process_id":5496,"image_path":"","run_as":"","publisher":"","update_state":"installed","agent_build":"2026.09.1"},{"timestamp":"2026-09-14T01:22:29.100Z","computer":"srv-029","event_id":4634,"record_id":101833,"user":"deployment-admin","source_ip":"10.10.2.18","target":"logon-session","logon_type":2,"change_ticket":"","result":"success","channel":"Security","provider":"Microsoft-Windows-Security-Auditing","logon_id":"dfb40ffc852d35a1","process_id":19835,"image_path":"","run_as":"","publisher":"","update_state":"failed","agent_build":"2026.09.2"},{"timestamp":"2026-09-14T01:22:31.800Z","computer":"srv-001","event_id":4688,"record_id":101834,"user":"employee-126","source_ip":"10.10.1.10","target":"logon-session","logon_type":null,"change_ticket":"","result":"success","channel":"Security","provider":"Microsoft-Windows-Security-Auditing","logon_id":"dfb40ffc852d35a1","process_id":21685,"image_path":"C:/Program Files/ApprovedAgent/agent.exe","run_as":"","publisher":"Approved Software Team","update_state":"installed","agent_build":"2026.09.3"},{"timestamp":"2026-09-14T01:22:34.500Z","computer":"srv-233","event_id":4625,"record_id":101835,"user":"employee-222","source_ip":"10.12.4.22","target":"logon-session","logon_type":10,"change_ticket":"","result":"failure","channel":"Security","provider":"Microsoft-Windows-Security-Auditing","logon_id":"dfb40ffc852d35a1","process_id":17119,"image_path":"","run_as":"","publisher":"","update_state":"installed","agent_build":"2026.09.4"},{"timestamp":"2026-09-14T01:22:37.200Z","computer":"srv-167","event_id":4698,"record_id":101836,"user":"employee-39","source_ip":"10.12.1.16","target":"Approved-Maintenance","logon_type":null,"change_ticket":"CHG-DEPLOY-18","result":"success","channel":"Security","provider":"Microsoft-Windows-Security-Auditing","logon_id":"d9e8c6be34e4e887","process_id":9023,"image_path":"C:/Program Files/ApprovedAgent/agent.exe","run_as":"svc-agent","publisher":"Approved Software Team","update_state":"installed","agent_build":"2026.09.1"},{"timestamp":"2026-09-14T01:22:39.900Z","computer":"srv-004","event_id":4728,"record_id":101837,"user":"employee-27","source_ip":"10.10.1.13","target":"Project-Readers","logon_type":null,"change_ticket":"CHG-DEPLOY-18","result":"success","channel":"Security","provider":"Microsoft-Windows-Security-Auditing","logon_id":"d9e8c6be34e4e887","process_id":6954,"image_path":"","run_as":"","publisher":"","update_state":"installed","agent_build":"2026.09.2"},{"timestamp":"2026-09-14T01:22:42.600Z","computer":"srv-070","event_id":4697,"record_id":101838,"user":"employee-464","source_ip":"10.10.4.19","target":"ApprovedAgent","logon_type":null,"change_ticket":"CHG-DEPLOY-18","result":"success","channel":"Security","provider":"Microsoft-Windows-Security-Auditing","logon_id":"d9e8c6be34e4e887","process_id":17528,"image_path":"C:/Program Files/ApprovedAgent/agent.exe","run_as":"svc-agent","publisher":"Approved Software Team","update_state":"installed","agent_build":"2026.09.3"},{"timestamp":"2026-09-14T01:22:45.300Z","computer":"srv-074","event_id":4624,"record_id":101839,"user":"employee-312","source_ip":"10.10.4.23","target":"logon-session","logon_type":2,"change_ticket":"","result":"success","channel":"Security","provider":"Microsoft-Windows-Security-Auditing","logon_id":"d9e8c6be34e4e887","process_id":5641,"image_path":"","run_as":"","publisher":"","update_state":"installed","agent_build":"2026.09.4"},{"timestamp":"2026-09-14T01:22:48.000Z","computer":"srv-110","event_id":4624,"record_id":101840,"user":"employee-201","source_ip":"10.11.2.19","target":"logon-session","logon_type":3,"change_ticket":"","result":"success","channel":"Security","provider":"Microsoft-Windows-Security-Auditing","logon_id":"3727ba80961f0810","process_id":2720,"image_path":"","run_as":"","publisher":"","update_state":"installed","agent_build":"2026.09.1"},{"timestamp":"2026-09-14T01:22:50.700Z","computer":"srv-206","event_id":4634,"record_id":101841,"user":"employee-87","source_ip":"10.12.3.15","target":"logon-session","logon_type":10,"change_ticket":"","result":"success","channel":"Security","provider":"Microsoft-Windows-Security-Auditing","logon_id":"3727ba80961f0810","process_id":17651,"image_path":"","run_as":"","publisher":"","update_state":"installed","agent_build":"2026.09.2"},{"timestamp":"2026-09-14T01:22:53.400Z","computer":"srv-079","event_id":4688,"record_id":101842,"user":"employee-118","source_ip":"10.10.4.28","target":"logon-session","logon_type":null,"change_ticket":"","result":"success","channel":"Security","provider":"Microsoft-Windows-Security-Auditing","logon_id":"3727ba80961f0810","process_id":6983,"image_path":"C:/Program Files/ApprovedAgent/agent.exe","run_as":"","publisher":"Approved Software Team","update_state":"installed","agent_build":"2026.09.3"},{"timestamp":"2026-09-14T01:22:56.100Z","computer":"srv-154","event_id":4625,"record_id":101843,"user":"employee-161","source_ip":"10.11.4.23","target":"logon-session","logon_type":3,"change_ticket":"","result":"failure","channel":"Security","provider":"Microsoft-Windows-Security-Auditing","logon_id":"3727ba80961f0810","process_id":2019,"image_path":"","run_as":"","publisher":"","update_state":"installed","agent_build":"2026.09.4"},{"timestamp":"2026-09-14T01:22:58.800Z","computer":"srv-216","event_id":4698,"record_id":101844,"user":"employee-64","source_ip":"10.12.3.25","target":"Approved-Maintenance","logon_type":null,"change_ticket":"CHG-DEPLOY-18","result":"success","channel":"Security","provider":"Microsoft-Windows-Security-Auditing","logon_id":"db629dee35bc8f6a","process_id":8797,"image_path":"C:/Program Files/ApprovedAgent/agent.exe","run_as":"svc-agent","publisher":"Approved Software Team","update_state":"installed","agent_build":"2026.09.1"},{"timestamp":"2026-09-14T01:23:01.500Z","computer":"srv-082","event_id":4728,"record_id":101845,"user":"employee-111","source_ip":"10.11.1.11","target":"Project-Readers","logon_type":null,"change_ticket":"CHG-DEPLOY-18","result":"success","channel":"Security","provider":"Microsoft-Windows-Security-Auditing","logon_id":"db629dee35bc8f6a","process_id":4940,"image_path":"","run_as":"","publisher":"","update_state":"installed","agent_build":"2026.09.2"},{"timestamp":"2026-09-14T01:23:04.200Z","computer":"srv-191","event_id":4697,"record_id":101846,"user":"deployment-admin","source_ip":"10.12.2.20","target":"ApprovedAgent","logon_type":null,"change_ticket":"CHG-DEPLOY-18","result":"success","channel":"Security","provider":"Microsoft-Windows-Security-Auditing","logon_id":"db629dee35bc8f6a","process_id":20412,"image_path":"C:/Program Files/ApprovedAgent/agent.exe","run_as":"svc-agent","publisher":"Approved Software Team","update_state":"installed","agent_build":"2026.09.3"},{"timestamp":"2026-09-14T01:23:06.900Z","computer":"srv-114","event_id":4624,"record_id":101847,"user":"employee-417","source_ip":"10.11.2.23","target":"logon-session","logon_type":10,"change_ticket":"","result":"success","channel":"Security","provider":"Microsoft-Windows-Security-Auditing","logon_id":"db629dee35bc8f6a","process_id":8987,"image_path":"","run_as":"","publisher":"","update_state":"installed","agent_build":"2026.09.4"},{"timestamp":"2026-09-14T01:23:09.600Z","computer":"srv-001","event_id":4624,"record_id":101848,"user":"employee-189","source_ip":"10.10.1.10","target":"logon-session","logon_type":2,"change_ticket":"","result":"success","channel":"Security","provider":"Microsoft-Windows-Security-Auditing","logon_id":"bdc9c7e657d026c9","process_id":25879,"image_path":"","run_as":"","publisher":"","update_state":"installed","agent_build":"2026.09.1"},{"timestamp":"2026-09-14T01:23:12.300Z","computer":"srv-149","event_id":4634,"record_id":101849,"user":"employee-283","source_ip":"10.11.4.18","target":"logon-session","logon_type":3,"change_ticket":"","result":"success","channel":"Security","provider":"Microsoft-Windows-Security-Auditing","logon_id":"bdc9c7e657d026c9","process_id":11345,"image_path":"","run_as":"","publisher":"","update_state":"installed","agent_build":"2026.09.2"},{"timestamp":"2026-09-14T01:23:15.000Z","computer":"srv-191","event_id":4688,"record_id":101850,"user":"employee-446","source_ip":"10.12.2.20","target":"logon-session","logon_type":null,"change_ticket":"","result":"success","channel":"Security","provider":"Microsoft-Windows-Security-Auditing","logon_id":"bdc9c7e657d026c9","process_id":16686,"image_path":"C:/Program Files/ApprovedAgent/agent.exe","run_as":"","publisher":"Approved Software Team","update_state":"installed","agent_build":"2026.09.3"},{"timestamp":"2026-09-14T01:23:17.700Z","computer":"srv-210","event_id":4625,"record_id":101851,"user":"employee-323","source_ip":"10.12.3.19","target":"logon-session","logon_type":2,"change_ticket":"","result":"failure","channel":"Security","provider":"Microsoft-Windows-Security-Auditing","logon_id":"bdc9c7e657d026c9","process_id":24640,"image_path":"","run_as":"","publisher":"","update_state":"installed","agent_build":"2026.09.4"},{"timestamp":"2026-09-14T01:23:20.400Z","computer":"srv-064","event_id":4698,"record_id":101852,"user":"employee-460","source_ip":"10.10.4.13","target":"Approved-Maintenance","logon_type":null,"change_ticket":"CHG-DEPLOY-18","result":"success","channel":"Security","provider":"Microsoft-Windows-Security-Auditing","logon_id":"c38c772b0cc40005","process_id":1484,"image_path":"C:/Program Files/ApprovedAgent/agent.exe","run_as":"svc-agent","publisher":"Approved Software Team","update_state":"installed","agent_build":"2026.09.1"},{"timestamp":"2026-09-14T01:23:23.100Z","computer":"srv-101","event_id":4728,"record_id":101853,"user":"employee-116","source_ip":"10.11.2.10","target":"Project-Readers","logon_type":null,"change_ticket":"CHG-DEPLOY-18","result":"success","channel":"Security","provider":"Microsoft-Windows-Security-Auditing","logon_id":"c38c772b0cc40005","process_id":11811,"image_path":"","run_as":"","publisher":"","update_state":"installed","agent_build":"2026.09.2"},{"timestamp":"2026-09-14T01:23:25.800Z","computer":"srv-087","event_id":4697,"record_id":101854,"user":"employee-272","source_ip":"10.11.1.16","target":"ApprovedAgent","logon_type":null,"change_ticket":"CHG-DEPLOY-18","result":"success","channel":"Security","provider":"Microsoft-Windows-Security-Auditing","logon_id":"c38c772b0cc40005","process_id":23952,"image_path":"C:/Program Files/ApprovedAgent/agent.exe","run_as":"svc-agent","publisher":"Approved Software Team","update_state":"installed","agent_build":"2026.09.3"},{"timestamp":"2026-09-14T01:23:28.500Z","computer":"srv-186","event_id":4624,"record_id":101855,"user":"employee-140","source_ip":"10.12.2.15","target":"logon-session","logon_type":3,"change_ticket":"","result":"success","channel":"Security","provider":"Microsoft-Windows-Security-Auditing","logon_id":"c38c772b0cc40005","process_id":23193,"image_path":"","run_as":"","publisher":"","update_state":"installed","agent_build":"2026.09.4"},{"timestamp":"2026-09-14T01:23:31.200Z","computer":"srv-026","event_id":4624,"record_id":101856,"user":"employee-52","source_ip":"10.10.2.15","target":"logon-session","logon_type":10,"change_ticket":"","result":"success","channel":"Security","provider":"Microsoft-Windows-Security-Auditing","logon_id":"0e4fa8d4f2675962","process_id":17771,"image_path":"","run_as":"","publisher":"","update_state":"installed","agent_build":"2026.09.1"},{"timestamp":"2026-09-14T01:23:33.900Z","computer":"srv-069","event_id":4634,"record_id":101857,"user":"employee-284","source_ip":"10.10.4.18","target":"logon-session","logon_type":2,"change_ticket":"","result":"success","channel":"Security","provider":"Microsoft-Windows-Security-Auditing","logon_id":"0e4fa8d4f2675962","process_id":1874,"image_path":"","run_as":"","publisher":"","update_state":"installed","agent_build":"2026.09.2"},{"timestamp":"2026-09-14T01:23:36.600Z","computer":"srv-175","event_id":4688,"record_id":101858,"user":"employee-267","source_ip":"10.12.1.24","target":"logon-session","logon_type":null,"change_ticket":"","result":"success","channel":"Security","provider":"Microsoft-Windows-Security-Auditing","logon_id":"0e4fa8d4f2675962","process_id":20524,"image_path":"C:/Program Files/ApprovedAgent/agent.exe","run_as":"","publisher":"Approved Software Team","update_state":"installed","agent_build":"2026.09.3"},{"timestamp":"2026-09-14T01:23:39.300Z","computer":"srv-096","event_id":4625,"record_id":101859,"user":"deployment-admin","source_ip":"10.11.1.25","target":"logon-session","logon_type":10,"change_ticket":"","result":"failure","channel":"Security","provider":"Microsoft-Windows-Security-Auditing","logon_id":"0e4fa8d4f2675962","process_id":23461,"image_path":"","run_as":"","publisher":"","update_state":"installed","agent_build":"2026.09.4"},{"timestamp":"2026-09-14T01:23:42.000Z","computer":"srv-222","event_id":4698,"record_id":101860,"user":"employee-220","source_ip":"10.12.4.11","target":"Approved-Maintenance","logon_type":null,"change_ticket":"CHG-DEPLOY-18","result":"success","channel":"Security","provider":"Microsoft-Windows-Security-Auditing","logon_id":"b26c60eb4577baab","process_id":17457,"image_path":"C:/Program Files/ApprovedAgent/agent.exe","run_as":"svc-agent","publisher":"Approved Software Team","update_state":"restart-pending","agent_build":"2026.09.1"},{"timestamp":"2026-09-14T01:23:44.700Z","computer":"srv-169","event_id":4728,"record_id":101861,"user":"employee-450","source_ip":"10.12.1.18","target":"Project-Readers","logon_type":null,"change_ticket":"CHG-DEPLOY-18","result":"success","channel":"Security","provider":"Microsoft-Windows-Security-Auditing","logon_id":"b26c60eb4577baab","process_id":25262,"image_path":"","run_as":"","publisher":"","update_state":"installed","agent_build":"2026.09.2"},{"timestamp":"2026-09-14T01:23:47.400Z","computer":"srv-028","event_id":4697,"record_id":101862,"user":"employee-342","source_ip":"10.10.2.17","target":"ApprovedAgent","logon_type":null,"change_ticket":"CHG-DEPLOY-18","result":"success","channel":"Security","provider":"Microsoft-Windows-Security-Auditing","logon_id":"b26c60eb4577baab","process_id":1026,"image_path":"C:/Program Files/ApprovedAgent/agent.exe","run_as":"svc-agent","publisher":"Approved Software Team","update_state":"installed","agent_build":"2026.09.3"},{"timestamp":"2026-09-14T01:23:50.100Z","computer":"srv-227","event_id":4624,"record_id":101863,"user":"employee-251","source_ip":"10.12.4.16","target":"logon-session","logon_type":2,"change_ticket":"","result":"success","channel":"Security","provider":"Microsoft-Windows-Security-Auditing","logon_id":"b26c60eb4577baab","process_id":8045,"image_path":"","run_as":"","publisher":"","update_state":"installed","agent_build":"2026.09.4"},{"timestamp":"2026-09-14T01:23:52.800Z","computer":"srv-089","event_id":4624,"record_id":101864,"user":"employee-171","source_ip":"10.11.1.18","target":"logon-session","logon_type":3,"change_ticket":"","result":"success","channel":"Security","provider":"Microsoft-Windows-Security-Auditing","logon_id":"d27875aefaefc738","process_id":3765,"image_path":"","run_as":"","publisher":"","update_state":"installed","agent_build":"2026.09.1"},{"timestamp":"2026-09-14T01:23:55.500Z","computer":"srv-215","event_id":4634,"record_id":101865,"user":"employee-273","source_ip":"10.12.3.24","target":"logon-session","logon_type":10,"change_ticket":"","result":"success","channel":"Security","provider":"Microsoft-Windows-Security-Auditing","logon_id":"d27875aefaefc738","process_id":24452,"image_path":"","run_as":"","publisher":"","update_state":"installed","agent_build":"2026.09.2"},{"timestamp":"2026-09-14T01:23:58.200Z","computer":"srv-133","event_id":4688,"record_id":101866,"user":"employee-180","source_ip":"10.11.3.22","target":"logon-session","logon_type":null,"change_ticket":"","result":"success","channel":"Security","provider":"Microsoft-Windows-Security-Auditing","logon_id":"d27875aefaefc738","process_id":3254,"image_path":"C:/Program Files/ApprovedAgent/agent.exe","run_as":"","publisher":"Approved Software Team","update_state":"installed","agent_build":"2026.09.3"},{"timestamp":"2026-09-14T01:24:00.900Z","computer":"srv-214","event_id":4625,"record_id":101867,"user":"employee-186","source_ip":"10.12.3.23","target":"logon-session","logon_type":3,"change_ticket":"","result":"failure","channel":"Security","provider":"Microsoft-Windows-Security-Auditing","logon_id":"d27875aefaefc738","process_id":6568,"image_path":"","run_as":"","publisher":"","update_state":"installed","agent_build":"2026.09.4"},{"timestamp":"2026-09-14T01:24:03.600Z","computer":"srv-106","event_id":4698,"record_id":101868,"user":"employee-289","source_ip":"10.11.2.15","target":"Approved-Maintenance","logon_type":null,"change_ticket":"CHG-DEPLOY-18","result":"success","channel":"Security","provider":"Microsoft-Windows-Security-Auditing","logon_id":"549cd83c14c3ba7b","process_id":19315,"image_path":"C:/Program Files/ApprovedAgent/agent.exe","run_as":"svc-agent","publisher":"Approved Software Team","update_state":"installed","agent_build":"2026.09.1"},{"timestamp":"2026-09-14T01:24:06.300Z","computer":"srv-030","event_id":4728,"record_id":101869,"user":"employee-280","source_ip":"10.10.2.19","target":"Project-Readers","logon_type":null,"change_ticket":"CHG-DEPLOY-18","result":"success","channel":"Security","provider":"Microsoft-Windows-Security-Auditing","logon_id":"549cd83c14c3ba7b","process_id":12809,"image_path":"","run_as":"","publisher":"","update_state":"installed","agent_build":"2026.09.2"},{"timestamp":"2026-09-14T01:24:09.000Z","computer":"srv-133","event_id":4697,"record_id":101870,"user":"employee-396","source_ip":"10.11.3.22","target":"ApprovedAgent","logon_type":null,"change_ticket":"CHG-DEPLOY-18","result":"success","channel":"Security","provider":"Microsoft-Windows-Security-Auditing","logon_id":"549cd83c14c3ba7b","process_id":1575,"image_path":"C:/Program Files/ApprovedAgent/agent.exe","run_as":"svc-agent","publisher":"Approved Software Team","update_state":"installed","agent_build":"2026.09.3"},{"timestamp":"2026-09-14T01:24:11.700Z","computer":"srv-232","event_id":4624,"record_id":101871,"user":"employee-356","source_ip":"10.12.4.21","target":"logon-session","logon_type":10,"change_ticket":"","result":"success","channel":"Security","provider":"Microsoft-Windows-Security-Auditing","logon_id":"549cd83c14c3ba7b","process_id":5105,"image_path":"","run_as":"","publisher":"","update_state":"installed","agent_build":"2026.09.4"},{"timestamp":"2026-09-14T01:24:14.400Z","computer":"srv-236","event_id":4624,"record_id":101872,"user":"deployment-admin","source_ip":"10.12.4.25","target":"logon-session","logon_type":2,"change_ticket":"","result":"success","channel":"Security","provider":"Microsoft-Windows-Security-Auditing","logon_id":"42b1d35b694ff2c4","process_id":3504,"image_path":"","run_as":"","publisher":"","update_state":"installed","agent_build":"2026.09.1"},{"timestamp":"2026-09-14T01:24:17.100Z","computer":"srv-034","event_id":4634,"record_id":101873,"user":"employee-212","source_ip":"10.10.2.23","target":"logon-session","logon_type":3,"change_ticket":"","result":"success","channel":"Security","provider":"Microsoft-Windows-Security-Auditing","logon_id":"42b1d35b694ff2c4","process_id":18482,"image_path":"","run_as":"","publisher":"","update_state":"installed","agent_build":"2026.09.2"},{"timestamp":"2026-09-14T01:24:19.800Z","computer":"srv-134","event_id":4688,"record_id":101874,"user":"employee-173","source_ip":"10.11.3.23","target":"logon-session","logon_type":null,"change_ticket":"","result":"success","channel":"Security","provider":"Microsoft-Windows-Security-Auditing","logon_id":"42b1d35b694ff2c4","process_id":24090,"image_path":"C:/Program Files/ApprovedAgent/agent.exe","run_as":"","publisher":"Approved Software Team","update_state":"installed","agent_build":"2026.09.3"},{"timestamp":"2026-09-14T01:24:22.500Z","computer":"srv-050","event_id":4625,"record_id":101875,"user":"employee-391","source_ip":"10.10.3.19","target":"logon-session","logon_type":2,"change_ticket":"","result":"failure","channel":"Security","provider":"Microsoft-Windows-Security-Auditing","logon_id":"42b1d35b694ff2c4","process_id":5572,"image_path":"","run_as":"","publisher":"","update_state":"installed","agent_build":"2026.09.4"},{"timestamp":"2026-09-14T01:24:25.200Z","computer":"srv-087","event_id":4698,"record_id":101876,"user":"employee-25","source_ip":"10.11.1.16","target":"Approved-Maintenance","logon_type":null,"change_ticket":"CHG-DEPLOY-18","result":"success","channel":"Security","provider":"Microsoft-Windows-Security-Auditing","logon_id":"2b21e7bc5272c3c1","process_id":17955,"image_path":"C:/Program Files/ApprovedAgent/agent.exe","run_as":"svc-agent","publisher":"Approved Software Team","update_state":"installed","agent_build":"2026.09.1"},{"timestamp":"2026-09-14T01:24:27.900Z","computer":"srv-105","event_id":4728,"record_id":101877,"user":"employee-28","source_ip":"10.11.2.14","target":"Project-Readers","logon_type":null,"change_ticket":"CHG-DEPLOY-18","result":"success","channel":"Security","provider":"Microsoft-Windows-Security-Auditing","logon_id":"2b21e7bc5272c3c1","process_id":4331,"image_path":"","run_as":"","publisher":"","update_state":"installed","agent_build":"2026.09.2"},{"timestamp":"2026-09-14T01:24:30.600Z","computer":"srv-112","event_id":4697,"record_id":101878,"user":"employee-365","source_ip":"10.11.2.21","target":"ApprovedAgent","logon_type":null,"change_ticket":"CHG-DEPLOY-18","result":"success","channel":"Security","provider":"Microsoft-Windows-Security-Auditing","logon_id":"2b21e7bc5272c3c1","process_id":1239,"image_path":"C:/Program Files/ApprovedAgent/agent.exe","run_as":"svc-agent","publisher":"Approved Software Team","update_state":"installed","agent_build":"2026.09.3"},{"timestamp":"2026-09-14T01:24:33.300Z","computer":"srv-093","event_id":4624,"record_id":101879,"user":"employee-429","source_ip":"10.11.1.22","target":"logon-session","logon_type":3,"change_ticket":"","result":"success","channel":"Security","provider":"Microsoft-Windows-Security-Auditing","logon_id":"2b21e7bc5272c3c1","process_id":14181,"image_path":"","run_as":"","publisher":"","update_state":"installed","agent_build":"2026.09.4"},{"timestamp":"2026-09-14T01:24:36.000Z","computer":"srv-094","event_id":4624,"record_id":101880,"user":"employee-78","source_ip":"10.11.1.23","target":"logon-session","logon_type":10,"change_ticket":"","result":"success","channel":"Security","provider":"Microsoft-Windows-Security-Auditing","logon_id":"1c73ebe4089885bd","process_id":23547,"image_path":"","run_as":"","publisher":"","update_state":"failed","agent_build":"2026.09.1"},{"timestamp":"2026-09-14T01:24:38.700Z","computer":"srv-086","event_id":4634,"record_id":101881,"user":"employee-289","source_ip":"10.11.1.15","target":"logon-session","logon_type":2,"change_ticket":"","result":"success","channel":"Security","provider":"Microsoft-Windows-Security-Auditing","logon_id":"1c73ebe4089885bd","process_id":17677,"image_path":"","run_as":"","publisher":"","update_state":"installed","agent_build":"2026.09.2"},{"timestamp":"2026-09-14T01:24:41.400Z","computer":"srv-062","event_id":4688,"record_id":101882,"user":"employee-13","source_ip":"10.10.4.11","target":"logon-session","logon_type":null,"change_ticket":"","result":"success","channel":"Security","provider":"Microsoft-Windows-Security-Auditing","logon_id":"1c73ebe4089885bd","process_id":10053,"image_path":"C:/Program Files/ApprovedAgent/agent.exe","run_as":"","publisher":"Approved Software Team","update_state":"installed","agent_build":"2026.09.3"},{"timestamp":"2026-09-14T01:24:44.100Z","computer":"srv-071","event_id":4625,"record_id":101883,"user":"employee-273","source_ip":"10.10.4.20","target":"logon-session","logon_type":10,"change_ticket":"","result":"failure","channel":"Security","provider":"Microsoft-Windows-Security-Auditing","logon_id":"1c73ebe4089885bd","process_id":13837,"image_path":"","run_as":"","publisher":"","update_state":"installed","agent_build":"2026.09.4"},{"timestamp":"2026-09-14T01:24:46.800Z","computer":"srv-060","event_id":4698,"record_id":101884,"user":"employee-437","source_ip":"10.10.3.29","target":"Approved-Maintenance","logon_type":null,"change_ticket":"CHG-DEPLOY-18","result":"success","channel":"Security","provider":"Microsoft-Windows-Security-Auditing","logon_id":"cab9b2fe9c671c9d","process_id":11075,"image_path":"C:/Program Files/ApprovedAgent/agent.exe","run_as":"svc-agent","publisher":"Approved Software Team","update_state":"installed","agent_build":"2026.09.1"},{"timestamp":"2026-09-14T01:24:49.500Z","computer":"srv-170","event_id":4728,"record_id":101885,"user":"deployment-admin","source_ip":"10.12.1.19","target":"Project-Readers","logon_type":null,"change_ticket":"CHG-DEPLOY-18","result":"success","channel":"Security","provider":"Microsoft-Windows-Security-Auditing","logon_id":"cab9b2fe9c671c9d","process_id":2341,"image_path":"","run_as":"","publisher":"","update_state":"installed","agent_build":"2026.09.2"},{"timestamp":"2026-09-14T01:24:52.200Z","computer":"srv-073","event_id":4697,"record_id":101886,"user":"employee-457","source_ip":"10.10.4.22","target":"ApprovedAgent","logon_type":null,"change_ticket":"CHG-DEPLOY-18","result":"success","channel":"Security","provider":"Microsoft-Windows-Security-Auditing","logon_id":"cab9b2fe9c671c9d","process_id":11335,"image_path":"C:/Program Files/ApprovedAgent/agent.exe","run_as":"svc-agent","publisher":"Approved Software Team","update_state":"installed","agent_build":"2026.09.3"},{"timestamp":"2026-09-14T01:24:54.900Z","computer":"srv-109","event_id":4624,"record_id":101887,"user":"employee-176","source_ip":"10.11.2.18","target":"logon-session","logon_type":2,"change_ticket":"","result":"success","channel":"Security","provider":"Microsoft-Windows-Security-Auditing","logon_id":"cab9b2fe9c671c9d","process_id":22078,"image_path":"","run_as":"","publisher":"","update_state":"installed","agent_build":"2026.09.4"},{"timestamp":"2026-09-14T01:24:57.600Z","computer":"srv-093","event_id":4624,"record_id":101888,"user":"employee-336","source_ip":"10.11.1.22","target":"logon-session","logon_type":3,"change_ticket":"","result":"success","channel":"Security","provider":"Microsoft-Windows-Security-Auditing","logon_id":"911898577e5a1a52","process_id":3701,"image_path":"","run_as":"","publisher":"","update_state":"no-report","agent_build":"2026.09.1"},{"timestamp":"2026-09-14T01:25:00.300Z","computer":"srv-061","event_id":4634,"record_id":101889,"user":"employee-416","source_ip":"10.10.4.10","target":"logon-session","logon_type":10,"change_ticket":"","result":"success","channel":"Security","provider":"Microsoft-Windows-Security-Auditing","logon_id":"911898577e5a1a52","process_id":25239,"image_path":"","run_as":"","publisher":"","update_state":"installed","agent_build":"2026.09.2"},{"timestamp":"2026-09-14T01:25:03.000Z","computer":"srv-166","event_id":4688,"record_id":101890,"user":"employee-269","source_ip":"10.12.1.15","target":"logon-session","logon_type":null,"change_ticket":"","result":"success","channel":"Security","provider":"Microsoft-Windows-Security-Auditing","logon_id":"911898577e5a1a52","process_id":5492,"image_path":"C:/Program Files/ApprovedAgent/agent.exe","run_as":"","publisher":"Approved Software Team","update_state":"installed","agent_build":"2026.09.3"},{"timestamp":"2026-09-14T01:25:05.700Z","computer":"srv-041","event_id":4625,"record_id":101891,"user":"employee-248","source_ip":"10.10.3.10","target":"logon-session","logon_type":3,"change_ticket":"","result":"failure","channel":"Security","provider":"Microsoft-Windows-Security-Auditing","logon_id":"911898577e5a1a52","process_id":7664,"image_path":"","run_as":"","publisher":"","update_state":"restart-pending","agent_build":"2026.09.4"},{"timestamp":"2026-09-14T01:25:08.400Z","computer":"srv-055","event_id":4698,"record_id":101892,"user":"employee-413","source_ip":"10.10.3.24","target":"Approved-Maintenance","logon_type":null,"change_ticket":"CHG-DEPLOY-18","result":"success","channel":"Security","provider":"Microsoft-Windows-Security-Auditing","logon_id":"81c1a52fe729bee0","process_id":5748,"image_path":"C:/Program Files/ApprovedAgent/agent.exe","run_as":"svc-agent","publisher":"Approved Software Team","update_state":"installed","agent_build":"2026.09.1"},{"timestamp":"2026-09-14T01:25:11.100Z","computer":"srv-186","event_id":4728,"record_id":101893,"user":"employee-291","source_ip":"10.12.2.15","target":"Project-Readers","logon_type":null,"change_ticket":"CHG-DEPLOY-18","result":"success","channel":"Security","provider":"Microsoft-Windows-Security-Auditing","logon_id":"81c1a52fe729bee0","process_id":19096,"image_path":"","run_as":"","publisher":"","update_state":"installed","agent_build":"2026.09.2"},{"timestamp":"2026-09-14T01:25:13.800Z","computer":"srv-162","event_id":4697,"record_id":101894,"user":"employee-182","source_ip":"10.12.1.11","target":"ApprovedAgent","logon_type":null,"change_ticket":"CHG-DEPLOY-18","result":"success","channel":"Security","provider":"Microsoft-Windows-Security-Auditing","logon_id":"81c1a52fe729bee0","process_id":12754,"image_path":"C:/Program Files/ApprovedAgent/agent.exe","run_as":"svc-agent","publisher":"Approved Software Team","update_state":"installed","agent_build":"2026.09.3"},{"timestamp":"2026-09-14T01:25:16.500Z","computer":"srv-102","event_id":4624,"record_id":101895,"user":"employee-219","source_ip":"10.11.2.11","target":"logon-session","logon_type":10,"change_ticket":"","result":"success","channel":"Security","provider":"Microsoft-Windows-Security-Auditing","logon_id":"81c1a52fe729bee0","process_id":8364,"image_path":"","run_as":"","publisher":"","update_state":"installed","agent_build":"2026.09.4"},{"timestamp":"2026-09-14T01:25:19.200Z","computer":"srv-062","event_id":4624,"record_id":101896,"user":"employee-432","source_ip":"10.10.4.11","target":"logon-session","logon_type":2,"change_ticket":"","result":"success","channel":"Security","provider":"Microsoft-Windows-Security-Auditing","logon_id":"549f5d88c1da479f","process_id":23883,"image_path":"","run_as":"","publisher":"","update_state":"installed","agent_build":"2026.09.1"},{"timestamp":"2026-09-14T01:25:21.900Z","computer":"srv-091","event_id":4634,"record_id":101897,"user":"employee-26","source_ip":"10.11.1.20","target":"logon-session","logon_type":3,"change_ticket":"","result":"success","channel":"Security","provider":"Microsoft-Windows-Security-Auditing","logon_id":"549f5d88c1da479f","process_id":11789,"image_path":"","run_as":"","publisher":"","update_state":"installed","agent_build":"2026.09.2"},{"timestamp":"2026-09-14T01:25:24.600Z","computer":"srv-026","event_id":4688,"record_id":101898,"user":"deployment-admin","source_ip":"10.10.2.15","target":"logon-session","logon_type":null,"change_ticket":"","result":"success","channel":"Security","provider":"Microsoft-Windows-Security-Auditing","logon_id":"549f5d88c1da479f","process_id":16945,"image_path":"C:/Program Files/ApprovedAgent/agent.exe","run_as":"","publisher":"Approved Software Team","update_state":"installed","agent_build":"2026.09.3"},{"timestamp":"2026-09-14T01:25:27.300Z","computer":"srv-040","event_id":4625,"record_id":101899,"user":"employee-391","source_ip":"10.10.2.29","target":"logon-session","logon_type":2,"change_ticket":"","result":"failure","channel":"Security","provider":"Microsoft-Windows-Security-Auditing","logon_id":"549f5d88c1da479f","process_id":12391,"image_path":"","run_as":"","publisher":"","update_state":"installed","agent_build":"2026.09.4"},{"timestamp":"2026-09-14T01:25:30.000Z","computer":"srv-072","event_id":4698,"record_id":101900,"user":"employee-362","source_ip":"10.10.4.21","target":"Approved-Maintenance","logon_type":null,"change_ticket":"CHG-DEPLOY-18","result":"success","channel":"Security","provider":"Microsoft-Windows-Security-Auditing","logon_id":"29fc318be18a52aa","process_id":11539,"image_path":"C:/Program Files/ApprovedAgent/agent.exe","run_as":"svc-agent","publisher":"Approved Software Team","update_state":"installed","agent_build":"2026.09.1"},{"timestamp":"2026-09-14T01:25:32.700Z","computer":"srv-091","event_id":4728,"record_id":101901,"user":"employee-312","source_ip":"10.11.1.20","target":"Project-Readers","logon_type":null,"change_ticket":"CHG-DEPLOY-18","result":"success","channel":"Security","provider":"Microsoft-Windows-Security-Auditing","logon_id":"29fc318be18a52aa","process_id":10620,"image_path":"","run_as":"","publisher":"","update_state":"installed","agent_build":"2026.09.2"},{"timestamp":"2026-09-14T01:25:35.400Z","computer":"srv-214","event_id":4697,"record_id":101902,"user":"employee-461","source_ip":"10.12.3.23","target":"ApprovedAgent","logon_type":null,"change_ticket":"CHG-DEPLOY-18","result":"success","channel":"Security","provider":"Microsoft-Windows-Security-Auditing","logon_id":"29fc318be18a52aa","process_id":24253,"image_path":"C:/Program Files/ApprovedAgent/agent.exe","run_as":"svc-agent","publisher":"Approved Software Team","update_state":"installed","agent_build":"2026.09.3"},{"timestamp":"2026-09-14T01:25:38.100Z","computer":"srv-096","event_id":4624,"record_id":101903,"user":"employee-447","source_ip":"10.11.1.25","target":"logon-session","logon_type":3,"change_ticket":"","result":"success","channel":"Security","provider":"Microsoft-Windows-Security-Auditing","logon_id":"29fc318be18a52aa","process_id":2438,"image_path":"","run_as":"","publisher":"","update_state":"installed","agent_build":"2026.09.4"},{"timestamp":"2026-09-14T01:25:40.800Z","computer":"srv-198","event_id":4624,"record_id":101904,"user":"employee-220","source_ip":"10.12.2.27","target":"logon-session","logon_type":10,"change_ticket":"","result":"success","channel":"Security","provider":"Microsoft-Windows-Security-Auditing","logon_id":"603555a9d24820b6","process_id":10561,"image_path":"","run_as":"","publisher":"","update_state":"installed","agent_build":"2026.09.1"},{"timestamp":"2026-09-14T01:25:43.500Z","computer":"srv-176","event_id":4634,"record_id":101905,"user":"employee-130","source_ip":"10.12.1.25","target":"logon-session","logon_type":2,"change_ticket":"","result":"success","channel":"Security","provider":"Microsoft-Windows-Security-Auditing","logon_id":"603555a9d24820b6","process_id":8547,"image_path":"","run_as":"","publisher":"","update_state":"installed","agent_build":"2026.09.2"},{"timestamp":"2026-09-14T01:25:46.200Z","computer":"srv-169","event_id":4688,"record_id":101906,"user":"employee-192","source_ip":"10.12.1.18","target":"logon-session","logon_type":null,"change_ticket":"","result":"success","channel":"Security","provider":"Microsoft-Windows-Security-Auditing","logon_id":"603555a9d24820b6","process_id":18848,"image_path":"C:/Program Files/ApprovedAgent/agent.exe","run_as":"","publisher":"Approved Software Team","update_state":"installed","agent_build":"2026.09.3"},{"timestamp":"2026-09-14T01:25:48.900Z","computer":"srv-011","event_id":4625,"record_id":101907,"user":"employee-341","source_ip":"10.10.1.20","target":"logon-session","logon_type":10,"change_ticket":"","result":"failure","channel":"Security","provider":"Microsoft-Windows-Security-Auditing","logon_id":"603555a9d24820b6","process_id":4013,"image_path":"","run_as":"","publisher":"","update_state":"installed","agent_build":"2026.09.4"},