{"timestamp":"2026-09-14T00:28:37.200Z","computer":"srv-144","event_id":4698,"record_id":100636,"user":"employee-426","source_ip":"10.11.4.13","target":"Approved-Maintenance","logon_type":null,"change_ticket":"CHG-DEPLOY-18","result":"success","channel":"Security","provider":"Microsoft-Windows-Security-Auditing","logon_id":"a97b36d02de9dd92","process_id":6577,"image_path":"C:/Program Files/ApprovedAgent/agent.exe","run_as":"svc-agent","publisher":"Approved Software Team","update_state":"installed","agent_build":"2026.09.1"},{"timestamp":"2026-09-14T00:28:39.900Z","computer":"srv-148","event_id":4728,"record_id":100637,"user":"deployment-admin","source_ip":"10.11.4.17","target":"Project-Readers","logon_type":null,"change_ticket":"CHG-DEPLOY-18","result":"success","channel":"Security","provider":"Microsoft-Windows-Security-Auditing","logon_id":"a97b36d02de9dd92","process_id":8298,"image_path":"","run_as":"","publisher":"","update_state":"installed","agent_build":"2026.09.2"},{"timestamp":"2026-09-14T00:28:42.600Z","computer":"srv-144","event_id":4697,"record_id":100638,"user":"employee-219","source_ip":"10.11.4.13","target":"ApprovedAgent","logon_type":null,"change_ticket":"CHG-DEPLOY-18","result":"success","channel":"Security","provider":"Microsoft-Windows-Security-Auditing","logon_id":"a97b36d02de9dd92","process_id":5537,"image_path":"C:/Program Files/ApprovedAgent/agent.exe","run_as":"svc-agent","publisher":"Approved Software Team","update_state":"installed","agent_build":"2026.09.3"},{"timestamp":"2026-09-14T00:28:45.300Z","computer":"srv-130","event_id":4624,"record_id":100639,"user":"employee-106","source_ip":"10.11.3.19","target":"logon-session","logon_type":2,"change_ticket":"","result":"success","channel":"Security","provider":"Microsoft-Windows-Security-Auditing","logon_id":"a97b36d02de9dd92","process_id":7286,"image_path":"","run_as":"","publisher":"","update_state":"installed","agent_build":"2026.09.4"},{"timestamp":"2026-09-14T00:28:48.000Z","computer":"srv-048","event_id":4624,"record_id":100640,"user":"employee-162","source_ip":"10.10.3.17","target":"logon-session","logon_type":3,"change_ticket":"","result":"success","channel":"Security","provider":"Microsoft-Windows-Security-Auditing","logon_id":"c1535236256968d2","process_id":22314,"image_path":"","run_as":"","publisher":"","update_state":"installed","agent_build":"2026.09.1"},{"timestamp":"2026-09-14T00:28:50.700Z","computer":"srv-044","event_id":4634,"record_id":100641,"user":"employee-429","source_ip":"10.10.3.13","target":"logon-session","logon_type":10,"change_ticket":"","result":"success","channel":"Security","provider":"Microsoft-Windows-Security-Auditing","logon_id":"c1535236256968d2","process_id":25618,"image_path":"","run_as":"","publisher":"","update_state":"installed","agent_build":"2026.09.2"},{"timestamp":"2026-09-14T00:28:53.400Z","computer":"srv-045","event_id":4688,"record_id":100642,"user":"employee-288","source_ip":"10.10.3.14","target":"logon-session","logon_type":null,"change_ticket":"","result":"success","channel":"Security","provider":"Microsoft-Windows-Security-Auditing","logon_id":"c1535236256968d2","process_id":21791,"image_path":"C:/Program Files/ApprovedAgent/agent.exe","run_as":"","publisher":"Approved Software Team","update_state":"installed","agent_build":"2026.09.3"},{"timestamp":"2026-09-14T00:28:56.100Z","computer":"srv-080","event_id":4625,"record_id":100643,"user":"employee-128","source_ip":"10.10.4.29","target":"logon-session","logon_type":3,"change_ticket":"","result":"failure","channel":"Security","provider":"Microsoft-Windows-Security-Auditing","logon_id":"c1535236256968d2","process_id":19736,"image_path":"","run_as":"","publisher":"","update_state":"installed","agent_build":"2026.09.4"},{"timestamp":"2026-09-14T00:28:58.800Z","computer":"srv-083","event_id":4698,"record_id":100644,"user":"employee-229","source_ip":"10.11.1.12","target":"Approved-Maintenance","logon_type":null,"change_ticket":"CHG-DEPLOY-18","result":"success","channel":"Security","provider":"Microsoft-Windows-Security-Auditing","logon_id":"cd1f4e646c0afd2c","process_id":13376,"image_path":"C:/Program Files/ApprovedAgent/agent.exe","run_as":"svc-agent","publisher":"Approved Software Team","update_state":"installed","agent_build":"2026.09.1"},{"timestamp":"2026-09-14T00:29:01.500Z","computer":"srv-185","event_id":4728,"record_id":100645,"user":"employee-238","source_ip":"10.12.2.14","target":"Project-Readers","logon_type":null,"change_ticket":"CHG-DEPLOY-18","result":"success","channel":"Security","provider":"Microsoft-Windows-Security-Auditing","logon_id":"cd1f4e646c0afd2c","process_id":11701,"image_path":"","run_as":"","publisher":"","update_state":"installed","agent_build":"2026.09.2"},{"timestamp":"2026-09-14T00:29:04.200Z","computer":"srv-229","event_id":4697,"record_id":100646,"user":"employee-90","source_ip":"10.12.4.18","target":"ApprovedAgent","logon_type":null,"change_ticket":"CHG-DEPLOY-18","result":"success","channel":"Security","provider":"Microsoft-Windows-Security-Auditing","logon_id":"cd1f4e646c0afd2c","process_id":22696,"image_path":"C:/Program Files/ApprovedAgent/agent.exe","run_as":"svc-agent","publisher":"Approved Software Team","update_state":"installed","agent_build":"2026.09.3"},{"timestamp":"2026-09-14T00:29:06.900Z","computer":"srv-224","event_id":4624,"record_id":100647,"user":"employee-425","source_ip":"10.12.4.13","target":"logon-session","logon_type":10,"change_ticket":"","result":"success","channel":"Security","provider":"Microsoft-Windows-Security-Auditing","logon_id":"cd1f4e646c0afd2c","process_id":20556,"image_path":"","run_as":"","publisher":"","update_state":"installed","agent_build":"2026.09.4"},{"timestamp":"2026-09-14T00:29:09.600Z","computer":"srv-223","event_id":4624,"record_id":100648,"user":"employee-440","source_ip":"10.12.4.12","target":"logon-session","logon_type":2,"change_ticket":"","result":"success","channel":"Security","provider":"Microsoft-Windows-Security-Auditing","logon_id":"85bd6fc1f488004d","process_id":13477,"image_path":"","run_as":"","publisher":"","update_state":"installed","agent_build":"2026.09.1"},{"timestamp":"2026-09-14T00:29:12.300Z","computer":"srv-149","event_id":4634,"record_id":100649,"user":"employee-59","source_ip":"10.11.4.18","target":"logon-session","logon_type":3,"change_ticket":"","result":"success","channel":"Security","provider":"Microsoft-Windows-Security-Auditing","logon_id":"85bd6fc1f488004d","process_id":24264,"image_path":"","run_as":"","publisher":"","update_state":"no-report","agent_build":"2026.09.2"},{"timestamp":"2026-09-14T00:29:15.000Z","computer":"srv-026","event_id":4688,"record_id":100650,"user":"deployment-admin","source_ip":"10.10.2.15","target":"logon-session","logon_type":null,"change_ticket":"","result":"success","channel":"Security","provider":"Microsoft-Windows-Security-Auditing","logon_id":"85bd6fc1f488004d","process_id":13658,"image_path":"C:/Program Files/ApprovedAgent/agent.exe","run_as":"","publisher":"Approved Software Team","update_state":"installed","agent_build":"2026.09.3"},{"timestamp":"2026-09-14T00:29:17.700Z","computer":"srv-228","event_id":4625,"record_id":100651,"user":"employee-327","source_ip":"10.12.4.17","target":"logon-session","logon_type":2,"change_ticket":"","result":"failure","channel":"Security","provider":"Microsoft-Windows-Security-Auditing","logon_id":"85bd6fc1f488004d","process_id":16023,"image_path":"","run_as":"","publisher":"","update_state":"restart-pending","agent_build":"2026.09.4"},{"timestamp":"2026-09-14T00:29:20.400Z","computer":"srv-187","event_id":4698,"record_id":100652,"user":"employee-305","source_ip":"10.12.2.16","target":"Approved-Maintenance","logon_type":null,"change_ticket":"CHG-DEPLOY-18","result":"success","channel":"Security","provider":"Microsoft-Windows-Security-Auditing","logon_id":"7635d0630df3dfba","process_id":16363,"image_path":"C:/Program Files/ApprovedAgent/agent.exe","run_as":"svc-agent","publisher":"Approved Software Team","update_state":"installed","agent_build":"2026.09.1"},{"timestamp":"2026-09-14T00:29:23.100Z","computer":"srv-198","event_id":4728,"record_id":100653,"user":"employee-12","source_ip":"10.12.2.27","target":"Project-Readers","logon_type":null,"change_ticket":"CHG-DEPLOY-18","result":"success","channel":"Security","provider":"Microsoft-Windows-Security-Auditing","logon_id":"7635d0630df3dfba","process_id":18882,"image_path":"","run_as":"","publisher":"","update_state":"installed","agent_build":"2026.09.2"},{"timestamp":"2026-09-14T00:29:25.800Z","computer":"srv-236","event_id":4697,"record_id":100654,"user":"employee-72","source_ip":"10.12.4.25","target":"ApprovedAgent","logon_type":null,"change_ticket":"CHG-DEPLOY-18","result":"success","channel":"Security","provider":"Microsoft-Windows-Security-Auditing","logon_id":"7635d0630df3dfba","process_id":4589,"image_path":"C:/Program Files/ApprovedAgent/agent.exe","run_as":"svc-agent","publisher":"Approved Software Team","update_state":"installed","agent_build":"2026.09.3"},{"timestamp":"2026-09-14T00:29:28.500Z","computer":"srv-063","event_id":4624,"record_id":100655,"user":"employee-347","source_ip":"10.10.4.12","target":"logon-session","logon_type":3,"change_ticket":"","result":"success","channel":"Security","provider":"Microsoft-Windows-Security-Auditing","logon_id":"7635d0630df3dfba","process_id":12140,"image_path":"","run_as":"","publisher":"","update_state":"installed","agent_build":"2026.09.4"},{"timestamp":"2026-09-14T00:29:31.200Z","computer":"srv-065","event_id":4624,"record_id":100656,"user":"employee-130","source_ip":"10.10.4.14","target":"logon-session","logon_type":10,"change_ticket":"","result":"success","channel":"Security","provider":"Microsoft-Windows-Security-Auditing","logon_id":"d56024fe28e04d0e","process_id":13014,"image_path":"","run_as":"","publisher":"","update_state":"installed","agent_build":"2026.09.1"},{"timestamp":"2026-09-14T00:29:33.900Z","computer":"srv-229","event_id":4634,"record_id":100657,"user":"employee-43","source_ip":"10.12.4.18","target":"logon-session","logon_type":2,"change_ticket":"","result":"success","channel":"Security","provider":"Microsoft-Windows-Security-Auditing","logon_id":"d56024fe28e04d0e","process_id":13908,"image_path":"","run_as":"","publisher":"","update_state":"installed","agent_build":"2026.09.2"},{"timestamp":"2026-09-14T00:29:36.600Z","computer":"srv-081","event_id":4688,"record_id":100658,"user":"employee-260","source_ip":"10.11.1.10","target":"logon-session","logon_type":null,"change_ticket":"","result":"success","channel":"Security","provider":"Microsoft-Windows-Security-Auditing","logon_id":"d56024fe28e04d0e","process_id":12740,"image_path":"C:/Program Files/ApprovedAgent/agent.exe","run_as":"","publisher":"Approved Software Team","update_state":"failed","agent_build":"2026.09.3"},{"timestamp":"2026-09-14T00:29:39.300Z","computer":"srv-171","event_id":4625,"record_id":100659,"user":"employee-26","source_ip":"10.12.1.20","target":"logon-session","logon_type":10,"change_ticket":"","result":"failure","channel":"Security","provider":"Microsoft-Windows-Security-Auditing","logon_id":"d56024fe28e04d0e","process_id":10384,"image_path":"","run_as":"","publisher":"","update_state":"installed","agent_build":"2026.09.4"},{"timestamp":"2026-09-14T00:29:42.000Z","computer":"srv-232","event_id":4698,"record_id":100660,"user":"employee-278","source_ip":"10.12.4.21","target":"Approved-Maintenance","logon_type":null,"change_ticket":"CHG-DEPLOY-18","result":"success","channel":"Security","provider":"Microsoft-Windows-Security-Auditing","logon_id":"0d3186b0e65a7968","process_id":8043,"image_path":"C:/Program Files/ApprovedAgent/agent.exe","run_as":"svc-agent","publisher":"Approved Software Team","update_state":"installed","agent_build":"2026.09.1"},{"timestamp":"2026-09-14T00:29:44.700Z","computer":"srv-184","event_id":4728,"record_id":100661,"user":"employee-377","source_ip":"10.12.2.13","target":"Project-Readers","logon_type":null,"change_ticket":"CHG-DEPLOY-18","result":"success","channel":"Security","provider":"Microsoft-Windows-Security-Auditing","logon_id":"0d3186b0e65a7968","process_id":21341,"image_path":"","run_as":"","publisher":"","update_state":"installed","agent_build":"2026.09.2"},{"timestamp":"2026-09-14T00:29:47.400Z","computer":"srv-051","event_id":4697,"record_id":100662,"user":"employee-87","source_ip":"10.10.3.20","target":"ApprovedAgent","logon_type":null,"change_ticket":"CHG-DEPLOY-18","result":"success","channel":"Security","provider":"Microsoft-Windows-Security-Auditing","logon_id":"0d3186b0e65a7968","process_id":19132,"image_path":"C:/Program Files/ApprovedAgent/agent.exe","run_as":"svc-agent","publisher":"Approved Software Team","update_state":"installed","agent_build":"2026.09.3"},{"timestamp":"2026-09-14T00:29:50.100Z","computer":"srv-168","event_id":4624,"record_id":100663,"user":"deployment-admin","source_ip":"10.12.1.17","target":"logon-session","logon_type":2,"change_ticket":"","result":"success","channel":"Security","provider":"Microsoft-Windows-Security-Auditing","logon_id":"0d3186b0e65a7968","process_id":15888,"image_path":"","run_as":"","publisher":"","update_state":"installed","agent_build":"2026.09.4"},{"timestamp":"2026-09-14T00:29:52.800Z","computer":"srv-096","event_id":4624,"record_id":100664,"user":"employee-147","source_ip":"10.11.1.25","target":"logon-session","logon_type":3,"change_ticket":"","result":"success","channel":"Security","provider":"Microsoft-Windows-Security-Auditing","logon_id":"378010b29cf4501f","process_id":16007,"image_path":"","run_as":"","publisher":"","update_state":"installed","agent_build":"2026.09.1"},{"timestamp":"2026-09-14T00:29:55.500Z","computer":"srv-136","event_id":4634,"record_id":100665,"user":"employee-322","source_ip":"10.11.3.25","target":"logon-session","logon_type":10,"change_ticket":"","result":"success","channel":"Security","provider":"Microsoft-Windows-Security-Auditing","logon_id":"378010b29cf4501f","process_id":4122,"image_path":"","run_as":"","publisher":"","update_state":"installed","agent_build":"2026.09.2"},{"timestamp":"2026-09-14T00:29:58.200Z","computer":"srv-167","event_id":4688,"record_id":100666,"user":"employee-96","source_ip":"10.12.1.16","target":"logon-session","logon_type":null,"change_ticket":"","result":"success","channel":"Security","provider":"Microsoft-Windows-Security-Auditing","logon_id":"378010b29cf4501f","process_id":16735,"image_path":"C:/Program Files/ApprovedAgent/agent.exe","run_as":"","publisher":"Approved Software Team","update_state":"installed","agent_build":"2026.09.3"},{"timestamp":"2026-09-14T00:30:00.900Z","computer":"srv-069","event_id":4625,"record_id":100667,"user":"employee-284","source_ip":"10.10.4.18","target":"logon-session","logon_type":3,"change_ticket":"","result":"failure","channel":"Security","provider":"Microsoft-Windows-Security-Auditing","logon_id":"378010b29cf4501f","process_id":8069,"image_path":"","run_as":"","publisher":"","update_state":"installed","agent_build":"2026.09.4"},{"timestamp":"2026-09-14T00:30:03.600Z","computer":"srv-185","event_id":4698,"record_id":100668,"user":"employee-160","source_ip":"10.12.2.14","target":"Approved-Maintenance","logon_type":null,"change_ticket":"CHG-DEPLOY-18","result":"success","channel":"Security","provider":"Microsoft-Windows-Security-Auditing","logon_id":"4ea882930da42e11","process_id":22176,"image_path":"C:/Program Files/ApprovedAgent/agent.exe","run_as":"svc-agent","publisher":"Approved Software Team","update_state":"installed","agent_build":"2026.09.1"},{"timestamp":"2026-09-14T00:30:06.300Z","computer":"srv-008","event_id":4728,"record_id":100669,"user":"employee-345","source_ip":"10.10.1.17","target":"Project-Readers","logon_type":null,"change_ticket":"CHG-DEPLOY-18","result":"success","channel":"Security","provider":"Microsoft-Windows-Security-Auditing","logon_id":"4ea882930da42e11","process_id":22528,"image_path":"","run_as":"","publisher":"","update_state":"installed","agent_build":"2026.09.2"},{"timestamp":"2026-09-14T00:30:09.000Z","computer":"srv-064","event_id":4697,"record_id":100670,"user":"employee-408","source_ip":"10.10.4.13","target":"ApprovedAgent","logon_type":null,"change_ticket":"CHG-DEPLOY-18","result":"success","channel":"Security","provider":"Microsoft-Windows-Security-Auditing","logon_id":"4ea882930da42e11","process_id":24897,"image_path":"C:/Program Files/ApprovedAgent/agent.exe","run_as":"svc-agent","publisher":"Approved Software Team","update_state":"installed","agent_build":"2026.09.3"},{"timestamp":"2026-09-14T00:30:11.700Z","computer":"srv-046","event_id":4624,"record_id":100671,"user":"employee-75","source_ip":"10.10.3.15","target":"logon-session","logon_type":10,"change_ticket":"","result":"success","channel":"Security","provider":"Microsoft-Windows-Security-Auditing","logon_id":"4ea882930da42e11","process_id":8073,"image_path":"","run_as":"","publisher":"","update_state":"installed","agent_build":"2026.09.4"},{"timestamp":"2026-09-14T00:30:14.400Z","computer":"srv-023","event_id":4624,"record_id":100672,"user":"employee-183","source_ip":"10.10.2.12","target":"logon-session","logon_type":2,"change_ticket":"","result":"success","channel":"Security","provider":"Microsoft-Windows-Security-Auditing","logon_id":"9f639ceca37e7667","process_id":2019,"image_path":"","run_as":"","publisher":"","update_state":"installed","agent_build":"2026.09.1"},{"timestamp":"2026-09-14T00:30:17.100Z","computer":"srv-151","event_id":4634,"record_id":100673,"user":"employee-70","source_ip":"10.11.4.20","target":"logon-session","logon_type":3,"change_ticket":"","result":"success","channel":"Security","provider":"Microsoft-Windows-Security-Auditing","logon_id":"9f639ceca37e7667","process_id":22992,"image_path":"","run_as":"","publisher":"","update_state":"installed","agent_build":"2026.09.2"},{"timestamp":"2026-09-14T00:30:19.800Z","computer":"srv-002","event_id":4688,"record_id":100674,"user":"employee-260","source_ip":"10.10.1.11","target":"logon-session","logon_type":null,"change_ticket":"","result":"success","channel":"Security","provider":"Microsoft-Windows-Security-Auditing","logon_id":"9f639ceca37e7667","process_id":4190,"image_path":"C:/Program Files/ApprovedAgent/agent.exe","run_as":"","publisher":"Approved Software Team","update_state":"installed","agent_build":"2026.09.3"},{"timestamp":"2026-09-14T00:30:22.500Z","computer":"srv-112","event_id":4625,"record_id":100675,"user":"employee-206","source_ip":"10.11.2.21","target":"logon-session","logon_type":2,"change_ticket":"","result":"failure","channel":"Security","provider":"Microsoft-Windows-Security-Auditing","logon_id":"9f639ceca37e7667","process_id":24781,"image_path":"","run_as":"","publisher":"","update_state":"installed","agent_build":"2026.09.4"},{"timestamp":"2026-09-14T00:30:25.200Z","computer":"srv-132","event_id":4698,"record_id":100676,"user":"deployment-admin","source_ip":"10.11.3.21","target":"Approved-Maintenance","logon_type":null,"change_ticket":"CHG-DEPLOY-18","result":"success","channel":"Security","provider":"Microsoft-Windows-Security-Auditing","logon_id":"9a7c0115d306b73d","process_id":20825,"image_path":"C:/Program Files/ApprovedAgent/agent.exe","run_as":"svc-agent","publisher":"Approved Software Team","update_state":"installed","agent_build":"2026.09.1"},{"timestamp":"2026-09-14T00:30:27.900Z","computer":"srv-226","event_id":4728,"record_id":100677,"user":"employee-272","source_ip":"10.12.4.15","target":"Project-Readers","logon_type":null,"change_ticket":"CHG-DEPLOY-18","result":"success","channel":"Security","provider":"Microsoft-Windows-Security-Auditing","logon_id":"9a7c0115d306b73d","process_id":24442,"image_path":"","run_as":"","publisher":"","update_state":"installed","agent_build":"2026.09.2"},{"timestamp":"2026-09-14T00:30:30.600Z","computer":"srv-219","event_id":4697,"record_id":100678,"user":"employee-302","source_ip":"10.12.3.28","target":"ApprovedAgent","logon_type":null,"change_ticket":"CHG-DEPLOY-18","result":"success","channel":"Security","provider":"Microsoft-Windows-Security-Auditing","logon_id":"9a7c0115d306b73d","process_id":23832,"image_path":"C:/Program Files/ApprovedAgent/agent.exe","run_as":"svc-agent","publisher":"Approved Software Team","update_state":"installed","agent_build":"2026.09.3"},{"timestamp":"2026-09-14T00:30:33.300Z","computer":"srv-069","event_id":4624,"record_id":100679,"user":"employee-80","source_ip":"10.10.4.18","target":"logon-session","logon_type":3,"change_ticket":"","result":"success","channel":"Security","provider":"Microsoft-Windows-Security-Auditing","logon_id":"9a7c0115d306b73d","process_id":17095,"image_path":"","run_as":"","publisher":"","update_state":"installed","agent_build":"2026.09.4"},{"timestamp":"2026-09-14T00:30:36.000Z","computer":"srv-008","event_id":4624,"record_id":100680,"user":"employee-388","source_ip":"10.10.1.17","target":"logon-session","logon_type":10,"change_ticket":"","result":"success","channel":"Security","provider":"Microsoft-Windows-Security-Auditing","logon_id":"d2e04564c9e9df70","process_id":8452,"image_path":"","run_as":"","publisher":"","update_state":"installed","agent_build":"2026.09.1"},{"timestamp":"2026-09-14T00:30:38.700Z","computer":"srv-136","event_id":4634,"record_id":100681,"user":"employee-297","source_ip":"10.11.3.25","target":"logon-session","logon_type":2,"change_ticket":"","result":"success","channel":"Security","provider":"Microsoft-Windows-Security-Auditing","logon_id":"d2e04564c9e9df70","process_id":4917,"image_path":"","run_as":"","publisher":"","update_state":"installed","agent_build":"2026.09.2"},{"timestamp":"2026-09-14T00:30:41.400Z","computer":"srv-136","event_id":4688,"record_id":100682,"user":"employee-133","source_ip":"10.11.3.25","target":"logon-session","logon_type":null,"change_ticket":"","result":"success","channel":"Security","provider":"Microsoft-Windows-Security-Auditing","logon_id":"d2e04564c9e9df70","process_id":15774,"image_path":"C:/Program Files/ApprovedAgent/agent.exe","run_as":"","publisher":"Approved Software Team","update_state":"restart-pending","agent_build":"2026.09.3"},{"timestamp":"2026-09-14T00:30:44.100Z","computer":"srv-107","event_id":4625,"record_id":100683,"user":"employee-325","source_ip":"10.11.2.16","target":"logon-session","logon_type":10,"change_ticket":"","result":"failure","channel":"Security","provider":"Microsoft-Windows-Security-Auditing","logon_id":"d2e04564c9e9df70","process_id":21627,"image_path":"","run_as":"","publisher":"","update_state":"installed","agent_build":"2026.09.4"},{"timestamp":"2026-09-14T00:30:46.800Z","computer":"srv-238","event_id":4698,"record_id":100684,"user":"employee-365","source_ip":"10.12.4.27","target":"Approved-Maintenance","logon_type":null,"change_ticket":"CHG-DEPLOY-18","result":"success","channel":"Security","provider":"Microsoft-Windows-Security-Auditing","logon_id":"d89052a63d0866d1","process_id":6880,"image_path":"C:/Program Files/ApprovedAgent/agent.exe","run_as":"svc-agent","publisher":"Approved Software Team","update_state":"installed","agent_build":"2026.09.1"},{"timestamp":"2026-09-14T00:30:49.500Z","computer":"srv-026","event_id":4728,"record_id":100685,"user":"employee-110","source_ip":"10.10.2.15","target":"Project-Readers","logon_type":null,"change_ticket":"CHG-DEPLOY-18","result":"success","channel":"Security","provider":"Microsoft-Windows-Security-Auditing","logon_id":"d89052a63d0866d1","process_id":22148,"image_path":"","run_as":"","publisher":"","update_state":"installed","agent_build":"2026.09.2"},{"timestamp":"2026-09-14T00:30:52.200Z","computer":"srv-145","event_id":4697,"record_id":100686,"user":"employee-385","source_ip":"10.11.4.14","target":"ApprovedAgent","logon_type":null,"change_ticket":"CHG-DEPLOY-18","result":"success","channel":"Security","provider":"Microsoft-Windows-Security-Auditing","logon_id":"d89052a63d0866d1","process_id":8970,"image_path":"C:/Program Files/ApprovedAgent/agent.exe","run_as":"svc-agent","publisher":"Approved Software Team","update_state":"installed","agent_build":"2026.09.3"},{"timestamp":"2026-09-14T00:30:54.900Z","computer":"srv-190","event_id":4624,"record_id":100687,"user":"employee-45","source_ip":"10.12.2.19","target":"logon-session","logon_type":2,"change_ticket":"","result":"success","channel":"Security","provider":"Microsoft-Windows-Security-Auditing","logon_id":"d89052a63d0866d1","process_id":4422,"image_path":"","run_as":"","publisher":"","update_state":"installed","agent_build":"2026.09.4"},{"timestamp":"2026-09-14T00:30:57.600Z","computer":"srv-125","event_id":4624,"record_id":100688,"user":"employee-230","source_ip":"10.11.3.14","target":"logon-session","logon_type":3,"change_ticket":"","result":"success","channel":"Security","provider":"Microsoft-Windows-Security-Auditing","logon_id":"1bb2a0b32fff0ce5","process_id":17357,"image_path":"","run_as":"","publisher":"","update_state":"installed","agent_build":"2026.09.1"},{"timestamp":"2026-09-14T00:31:00.300Z","computer":"srv-150","event_id":4634,"record_id":100689,"user":"deployment-admin","source_ip":"10.11.4.19","target":"logon-session","logon_type":10,"change_ticket":"","result":"success","channel":"Security","provider":"Microsoft-Windows-Security-Auditing","logon_id":"1bb2a0b32fff0ce5","process_id":4186,"image_path":"","run_as":"","publisher":"","update_state":"installed","agent_build":"2026.09.2"},{"timestamp":"2026-09-14T00:31:03.000Z","computer":"srv-099","event_id":4688,"record_id":100690,"user":"employee-163","source_ip":"10.11.1.28","target":"logon-session","logon_type":null,"change_ticket":"","result":"success","channel":"Security","provider":"Microsoft-Windows-Security-Auditing","logon_id":"1bb2a0b32fff0ce5","process_id":20883,"image_path":"C:/Program Files/ApprovedAgent/agent.exe","run_as":"","publisher":"Approved Software Team","update_state":"installed","agent_build":"2026.09.3"},{"timestamp":"2026-09-14T00:31:05.700Z","computer":"srv-017","event_id":4625,"record_id":100691,"user":"employee-197","source_ip":"10.10.1.26","target":"logon-session","logon_type":3,"change_ticket":"","result":"failure","channel":"Security","provider":"Microsoft-Windows-Security-Auditing","logon_id":"1bb2a0b32fff0ce5","process_id":19765,"image_path":"","run_as":"","publisher":"","update_state":"installed","agent_build":"2026.09.4"},{"timestamp":"2026-09-14T00:31:08.400Z","computer":"srv-006","event_id":4698,"record_id":100692,"user":"employee-423","source_ip":"10.10.1.15","target":"Approved-Maintenance","logon_type":null,"change_ticket":"CHG-DEPLOY-18","result":"success","channel":"Security","provider":"Microsoft-Windows-Security-Auditing","logon_id":"6f51101cfde87863","process_id":24434,"image_path":"C:/Program Files/ApprovedAgent/agent.exe","run_as":"svc-agent","publisher":"Approved Software Team","update_state":"installed","agent_build":"2026.09.1"},{"timestamp":"2026-09-14T00:31:11.100Z","computer":"srv-020","event_id":4728,"record_id":100693,"user":"employee-408","source_ip":"10.10.1.29","target":"Project-Readers","logon_type":null,"change_ticket":"CHG-DEPLOY-18","result":"success","channel":"Security","provider":"Microsoft-Windows-Security-Auditing","logon_id":"6f51101cfde87863","process_id":25093,"image_path":"","run_as":"","publisher":"","update_state":"installed","agent_build":"2026.09.2"},{"timestamp":"2026-09-14T00:31:13.800Z","computer":"srv-140","event_id":4697,"record_id":100694,"user":"employee-141","source_ip":"10.11.3.29","target":"ApprovedAgent","logon_type":null,"change_ticket":"CHG-DEPLOY-18","result":"success","channel":"Security","provider":"Microsoft-Windows-Security-Auditing","logon_id":"6f51101cfde87863","process_id":4508,"image_path":"C:/Program Files/ApprovedAgent/agent.exe","run_as":"svc-agent","publisher":"Approved Software Team","update_state":"installed","agent_build":"2026.09.3"},{"timestamp":"2026-09-14T00:31:16.500Z","computer":"srv-120","event_id":4624,"record_id":100695,"user":"employee-456","source_ip":"10.11.2.29","target":"logon-session","logon_type":10,"change_ticket":"","result":"success","channel":"Security","provider":"Microsoft-Windows-Security-Auditing","logon_id":"6f51101cfde87863","process_id":18171,"image_path":"","run_as":"","publisher":"","update_state":"installed","agent_build":"2026.09.4"},{"timestamp":"2026-09-14T00:31:19.200Z","computer":"srv-195","event_id":4624,"record_id":100696,"user":"employee-142","source_ip":"10.12.2.24","target":"logon-session","logon_type":2,"change_ticket":"","result":"success","channel":"Security","provider":"Microsoft-Windows-Security-Auditing","logon_id":"c39b7313910c9f06","process_id":6907,"image_path":"","run_as":"","publisher":"","update_state":"installed","agent_build":"2026.09.1"},{"timestamp":"2026-09-14T00:31:21.900Z","computer":"srv-065","event_id":4634,"record_id":100697,"user":"employee-60","source_ip":"10.10.4.14","target":"logon-session","logon_type":3,"change_ticket":"","result":"success","channel":"Security","provider":"Microsoft-Windows-Security-Auditing","logon_id":"c39b7313910c9f06","process_id":16957,"image_path":"","run_as":"","publisher":"","update_state":"installed","agent_build":"2026.09.2"},{"timestamp":"2026-09-14T00:31:24.600Z","computer":"srv-008","event_id":4688,"record_id":100698,"user":"employee-417","source_ip":"10.10.1.17","target":"logon-session","logon_type":null,"change_ticket":"","result":"success","channel":"Security","provider":"Microsoft-Windows-Security-Auditing","logon_id":"c39b7313910c9f06","process_id":4172,"image_path":"C:/Program Files/ApprovedAgent/agent.exe","run_as":"","publisher":"Approved Software Team","update_state":"installed","agent_build":"2026.09.3"},{"timestamp":"2026-09-14T00:31:27.300Z","computer":"srv-094","event_id":4625,"record_id":100699,"user":"employee-387","source_ip":"10.11.1.23","target":"logon-session","logon_type":2,"change_ticket":"","result":"failure","channel":"Security","provider":"Microsoft-Windows-Security-Auditing","logon_id":"c39b7313910c9f06","process_id":18275,"image_path":"","run_as":"","publisher":"","update_state":"installed","agent_build":"2026.09.4"},{"timestamp":"2026-09-14T00:31:30.000Z","computer":"srv-077","event_id":4698,"record_id":100700,"user":"employee-62","source_ip":"10.10.4.26","target":"Approved-Maintenance","logon_type":null,"change_ticket":"CHG-DEPLOY-18","result":"success","channel":"Security","provider":"Microsoft-Windows-Security-Auditing","logon_id":"23d43f84e0eea743","process_id":10368,"image_path":"C:/Program Files/ApprovedAgent/agent.exe","run_as":"svc-agent","publisher":"Approved Software Team","update_state":"installed","agent_build":"2026.09.1"},{"timestamp":"2026-09-14T00:31:32.700Z","computer":"srv-029","event_id":4728,"record_id":100701,"user":"employee-425","source_ip":"10.10.2.18","target":"Project-Readers","logon_type":null,"change_ticket":"CHG-DEPLOY-18","result":"success","channel":"Security","provider":"Microsoft-Windows-Security-Auditing","logon_id":"23d43f84e0eea743","process_id":8171,"image_path":"","run_as":"","publisher":"","update_state":"installed","agent_build":"2026.09.2"},{"timestamp":"2026-09-14T00:31:35.400Z","computer":"srv-082","event_id":4697,"record_id":100702,"user":"deployment-admin","source_ip":"10.11.1.11","target":"ApprovedAgent","logon_type":null,"change_ticket":"CHG-DEPLOY-18","result":"success","channel":"Security","provider":"Microsoft-Windows-Security-Auditing","logon_id":"23d43f84e0eea743","process_id":19511,"image_path":"C:/Program Files/ApprovedAgent/agent.exe","run_as":"svc-agent","publisher":"Approved Software Team","update_state":"installed","agent_build":"2026.09.3"},{"timestamp":"2026-09-14T00:31:38.100Z","computer":"srv-042","event_id":4624,"record_id":100703,"user":"employee-259","source_ip":"10.10.3.11","target":"logon-session","logon_type":3,"change_ticket":"","result":"success","channel":"Security","provider":"Microsoft-Windows-Security-Auditing","logon_id":"23d43f84e0eea743","process_id":16459,"image_path":"","run_as":"","publisher":"","update_state":"installed","agent_build":"2026.09.4"},{"timestamp":"2026-09-14T00:31:40.800Z","computer":"srv-185","event_id":4624,"record_id":100704,"user":"employee-256","source_ip":"10.12.2.14","target":"logon-session","logon_type":10,"change_ticket":"","result":"success","channel":"Security","provider":"Microsoft-Windows-Security-Auditing","logon_id":"be11ef05203efea5","process_id":20857,"image_path":"","run_as":"","publisher":"","update_state":"installed","agent_build":"2026.09.1"},{"timestamp":"2026-09-14T00:31:43.500Z","computer":"srv-095","event_id":4634,"record_id":100705,"user":"employee-193","source_ip":"10.11.1.24","target":"logon-session","logon_type":2,"change_ticket":"","result":"success","channel":"Security","provider":"Microsoft-Windows-Security-Auditing","logon_id":"be11ef05203efea5","process_id":21681,"image_path":"","run_as":"","publisher":"","update_state":"failed","agent_build":"2026.09.2"},{"timestamp":"2026-09-14T00:31:46.200Z","computer":"srv-002","event_id":4688,"record_id":100706,"user":"employee-101","source_ip":"10.10.1.11","target":"logon-session","logon_type":null,"change_ticket":"","result":"success","channel":"Security","provider":"Microsoft-Windows-Security-Auditing","logon_id":"be11ef05203efea5","process_id":12611,"image_path":"C:/Program Files/ApprovedAgent/agent.exe","run_as":"","publisher":"Approved Software Team","update_state":"installed","agent_build":"2026.09.3"},{"timestamp":"2026-09-14T00:31:48.900Z","computer":"srv-115","event_id":4625,"record_id":100707,"user":"employee-382","source_ip":"10.11.2.24","target":"logon-session","logon_type":10,"change_ticket":"","result":"failure","channel":"Security","provider":"Microsoft-Windows-Security-Auditing","logon_id":"be11ef05203efea5","process_id":13032,"image_path":"","run_as":"","publisher":"","update_state":"installed","agent_build":"2026.09.4"},{"timestamp":"2026-09-14T00:31:51.600Z","computer":"srv-205","event_id":4698,"record_id":100708,"user":"employee-366","source_ip":"10.12.3.14","target":"Approved-Maintenance","logon_type":null,"change_ticket":"CHG-DEPLOY-18","result":"success","channel":"Security","provider":"Microsoft-Windows-Security-Auditing","logon_id":"d8ebff08726bcf14","process_id":3259,"image_path":"C:/Program Files/ApprovedAgent/agent.exe","run_as":"svc-agent","publisher":"Approved Software Team","update_state":"no-report","agent_build":"2026.09.1"},{"timestamp":"2026-09-14T00:31:54.300Z","computer":"srv-085","event_id":4728,"record_id":100709,"user":"employee-422","source_ip":"10.11.1.14","target":"Project-Readers","logon_type":null,"change_ticket":"CHG-DEPLOY-18","result":"success","channel":"Security","provider":"Microsoft-Windows-Security-Auditing","logon_id":"d8ebff08726bcf14","process_id":21315,"image_path":"","run_as":"","publisher":"","update_state":"installed","agent_build":"2026.09.2"},{"timestamp":"2026-09-14T00:31:57.000Z","computer":"srv-014","event_id":4697,"record_id":100710,"user":"employee-445","source_ip":"10.10.1.23","target":"ApprovedAgent","logon_type":null,"change_ticket":"CHG-DEPLOY-18","result":"success","channel":"Security","provider":"Microsoft-Windows-Security-Auditing","logon_id":"d8ebff08726bcf14","process_id":24571,"image_path":"C:/Program Files/ApprovedAgent/agent.exe","run_as":"svc-agent","publisher":"Approved Software Team","update_state":"installed","agent_build":"2026.09.3"},{"timestamp":"2026-09-14T00:31:59.700Z","computer":"srv-153","event_id":4624,"record_id":100711,"user":"employee-129","source_ip":"10.11.4.22","target":"logon-session","logon_type":2,"change_ticket":"","result":"success","channel":"Security","provider":"Microsoft-Windows-Security-Auditing","logon_id":"d8ebff08726bcf14","process_id":17305,"image_path":"","run_as":"","publisher":"","update_state":"installed","agent_build":"2026.09.4"},{"timestamp":"2026-09-14T00:32:02.400Z","computer":"srv-067","event_id":4624,"record_id":100712,"user":"employee-339","source_ip":"10.10.4.16","target":"logon-session","logon_type":3,"change_ticket":"","result":"success","channel":"Security","provider":"Microsoft-Windows-Security-Auditing","logon_id":"25eee116c5db84ca","process_id":13226,"image_path":"","run_as":"","publisher":"","update_state":"installed","agent_build":"2026.09.1"},{"timestamp":"2026-09-14T00:32:05.100Z","computer":"srv-139","event_id":4634,"record_id":100713,"user":"employee-439","source_ip":"10.11.3.28","target":"logon-session","logon_type":10,"change_ticket":"","result":"success","channel":"Security","provider":"Microsoft-Windows-Security-Auditing","logon_id":"25eee116c5db84ca","process_id":1878,"image_path":"","run_as":"","publisher":"","update_state":"restart-pending","agent_build":"2026.09.2"},{"timestamp":"2026-09-14T00:32:07.800Z","computer":"srv-157","event_id":4688,"record_id":100714,"user":"employee-420","source_ip":"10.11.4.26","target":"logon-session","logon_type":null,"change_ticket":"","result":"success","channel":"Security","provider":"Microsoft-Windows-Security-Auditing","logon_id":"25eee116c5db84ca","process_id":8365,"image_path":"C:/Program Files/ApprovedAgent/agent.exe","run_as":"","publisher":"Approved Software Team","update_state":"installed","agent_build":"2026.09.3"},{"timestamp":"2026-09-14T00:32:10.500Z","computer":"srv-086","event_id":4625,"record_id":100715,"user":"deployment-admin","source_ip":"10.11.1.15","target":"logon-session","logon_type":3,"change_ticket":"","result":"failure","channel":"Security","provider":"Microsoft-Windows-Security-Auditing","logon_id":"25eee116c5db84ca","process_id":22058,"image_path":"","run_as":"","publisher":"","update_state":"installed","agent_build":"2026.09.4"},{"timestamp":"2026-09-14T00:32:13.200Z","computer":"srv-191","event_id":4698,"record_id":100716,"user":"employee-369","source_ip":"10.12.2.20","target":"Approved-Maintenance","logon_type":null,"change_ticket":"CHG-DEPLOY-18","result":"success","channel":"Security","provider":"Microsoft-Windows-Security-Auditing","logon_id":"d7ec5af99de3cf99","process_id":22318,"image_path":"C:/Program Files/ApprovedAgent/agent.exe","run_as":"svc-agent","publisher":"Approved Software Team","update_state":"installed","agent_build":"2026.09.1"},{"timestamp":"2026-09-14T00:32:15.900Z","computer":"srv-076","event_id":4728,"record_id":100717,"user":"employee-331","source_ip":"10.10.4.25","target":"Project-Readers","logon_type":null,"change_ticket":"CHG-DEPLOY-18","result":"success","channel":"Security","provider":"Microsoft-Windows-Security-Auditing","logon_id":"d7ec5af99de3cf99","process_id":7176,"image_path":"","run_as":"","publisher":"","update_state":"installed","agent_build":"2026.09.2"},{"timestamp":"2026-09-14T00:32:18.600Z","computer":"srv-093","event_id":4697,"record_id":100718,"user":"employee-218","source_ip":"10.11.1.22","target":"ApprovedAgent","logon_type":null,"change_ticket":"CHG-DEPLOY-18","result":"success","channel":"Security","provider":"Microsoft-Windows-Security-Auditing","logon_id":"d7ec5af99de3cf99","process_id":3506,"image_path":"C:/Program Files/ApprovedAgent/agent.exe","run_as":"svc-agent","publisher":"Approved Software Team","update_state":"installed","agent_build":"2026.09.3"},{"timestamp":"2026-09-14T00:32:21.300Z","computer":"srv-137","event_id":4624,"record_id":100719,"user":"employee-441","source_ip":"10.11.3.26","target":"logon-session","logon_type":10,"change_ticket":"","result":"success","channel":"Security","provider":"Microsoft-Windows-Security-Auditing","logon_id":"d7ec5af99de3cf99","process_id":15222,"image_path":"","run_as":"","publisher":"","update_state":"installed","agent_build":"2026.09.4"},{"timestamp":"2026-09-14T00:32:24.000Z","computer":"srv-201","event_id":4624,"record_id":100720,"user":"employee-128","source_ip":"10.12.3.10","target":"logon-session","logon_type":2,"change_ticket":"","result":"success","channel":"Security","provider":"Microsoft-Windows-Security-Auditing","logon_id":"4bc0552c198da0ce","process_id":17415,"image_path":"","run_as":"","publisher":"","update_state":"installed","agent_build":"2026.09.1"},{"timestamp":"2026-09-14T00:32:26.700Z","computer":"srv-141","event_id":4634,"record_id":100721,"user":"employee-393","source_ip":"10.11.4.10","target":"logon-session","logon_type":3,"change_ticket":"","result":"success","channel":"Security","provider":"Microsoft-Windows-Security-Auditing","logon_id":"4bc0552c198da0ce","process_id":7632,"image_path":"","run_as":"","publisher":"","update_state":"installed","agent_build":"2026.09.2"},{"timestamp":"2026-09-14T00:32:29.400Z","computer":"srv-221","event_id":4688,"record_id":100722,"user":"employee-47","source_ip":"10.12.4.10","target":"logon-session","logon_type":null,"change_ticket":"","result":"success","channel":"Security","provider":"Microsoft-Windows-Security-Auditing","logon_id":"4bc0552c198da0ce","process_id":1832,"image_path":"C:/Program Files/ApprovedAgent/agent.exe","run_as":"","publisher":"Approved Software Team","update_state":"installed","agent_build":"2026.09.3"},{"timestamp":"2026-09-14T00:32:32.100Z","computer":"srv-126","event_id":4625,"record_id":100723,"user":"employee-205","source_ip":"10.11.3.15","target":"logon-session","logon_type":2,"change_ticket":"","result":"failure","channel":"Security","provider":"Microsoft-Windows-Security-Auditing","logon_id":"4bc0552c198da0ce","process_id":25249,"image_path":"","run_as":"","publisher":"","update_state":"installed","agent_build":"2026.09.4"},{"timestamp":"2026-09-14T00:32:34.800Z","computer":"srv-140","event_id":4698,"record_id":100724,"user":"employee-48","source_ip":"10.11.3.29","target":"Approved-Maintenance","logon_type":null,"change_ticket":"CHG-DEPLOY-18","result":"success","channel":"Security","provider":"Microsoft-Windows-Security-Auditing","logon_id":"7e14b49df57060d0","process_id":22155,"image_path":"C:/Program Files/ApprovedAgent/agent.exe","run_as":"svc-agent","publisher":"Approved Software Team","update_state":"installed","agent_build":"2026.09.1"},{"timestamp":"2026-09-14T00:32:37.500Z","computer":"srv-179","event_id":4728,"record_id":100725,"user":"employee-360","source_ip":"10.12.1.28","target":"Project-Readers","logon_type":null,"change_ticket":"CHG-DEPLOY-18","result":"success","channel":"Security","provider":"Microsoft-Windows-Security-Auditing","logon_id":"7e14b49df57060d0","process_id":20723,"image_path":"","run_as":"","publisher":"","update_state":"installed","agent_build":"2026.09.2"},{"timestamp":"2026-09-14T00:32:40.200Z","computer":"srv-088","event_id":4697,"record_id":100726,"user":"employee-51","source_ip":"10.11.1.17","target":"ApprovedAgent","logon_type":null,"change_ticket":"CHG-DEPLOY-18","result":"success","channel":"Security","provider":"Microsoft-Windows-Security-Auditing","logon_id":"7e14b49df57060d0","process_id":20318,"image_path":"C:/Program Files/ApprovedAgent/agent.exe","run_as":"svc-agent","publisher":"Approved Software Team","update_state":"installed","agent_build":"2026.09.3"},{"timestamp":"2026-09-14T00:32:42.900Z","computer":"srv-143","event_id":4624,"record_id":100727,"user":"employee-77","source_ip":"10.11.4.12","target":"logon-session","logon_type":3,"change_ticket":"","result":"success","channel":"Security","provider":"Microsoft-Windows-Security-Auditing","logon_id":"7e14b49df57060d0","process_id":22284,"image_path":"","run_as":"","publisher":"","update_state":"installed","agent_build":"2026.09.4"},{"timestamp":"2026-09-14T00:32:45.600Z","computer":"srv-068","event_id":4624,"record_id":100728,"user":"deployment-admin","source_ip":"10.10.4.17","target":"logon-session","logon_type":10,"change_ticket":"","result":"success","channel":"Security","provider":"Microsoft-Windows-Security-Auditing","logon_id":"fe8e70425221b891","process_id":12205,"image_path":"","run_as":"","publisher":"","update_state":"installed","agent_build":"2026.09.1"},{"timestamp":"2026-09-14T00:32:48.300Z","computer":"srv-202","event_id":4634,"record_id":100729,"user":"employee-54","source_ip":"10.12.3.11","target":"logon-session","logon_type":2,"change_ticket":"","result":"success","channel":"Security","provider":"Microsoft-Windows-Security-Auditing","logon_id":"fe8e70425221b891","process_id":14882,"image_path":"","run_as":"","publisher":"","update_state":"installed","agent_build":"2026.09.2"},{"timestamp":"2026-09-14T00:32:51.000Z","computer":"srv-041","event_id":4688,"record_id":100730,"user":"employee-450","source_ip":"10.10.3.10","target":"logon-session","logon_type":null,"change_ticket":"","result":"success","channel":"Security","provider":"Microsoft-Windows-Security-Auditing","logon_id":"fe8e70425221b891","process_id":14309,"image_path":"C:/Program Files/ApprovedAgent/agent.exe","run_as":"","publisher":"Approved Software Team","update_state":"installed","agent_build":"2026.09.3"},{"timestamp":"2026-09-14T00:32:53.700Z","computer":"srv-199","event_id":4625,"record_id":100731,"user":"employee-298","source_ip":"10.12.2.28","target":"logon-session","logon_type":10,"change_ticket":"","result":"failure","channel":"Security","provider":"Microsoft-Windows-Security-Auditing","logon_id":"fe8e70425221b891","process_id":24488,"image_path":"","run_as":"","publisher":"","update_state":"installed","agent_build":"2026.09.4"},{"timestamp":"2026-09-14T00:32:56.400Z","computer":"srv-046","event_id":4698,"record_id":100732,"user":"employee-135","source_ip":"10.10.3.15","target":"Approved-Maintenance","logon_type":null,"change_ticket":"CHG-DEPLOY-18","result":"success","channel":"Security","provider":"Microsoft-Windows-Security-Auditing","logon_id":"1fcc37c3307adb9b","process_id":13937,"image_path":"C:/Program Files/ApprovedAgent/agent.exe","run_as":"svc-agent","publisher":"Approved Software Team","update_state":"installed","agent_build":"2026.09.1"},{"timestamp":"2026-09-14T00:32:59.100Z","computer":"srv-188","event_id":4728,"record_id":100733,"user":"employee-341","source_ip":"10.12.2.17","target":"Project-Readers","logon_type":null,"change_ticket":"CHG-DEPLOY-18","result":"success","channel":"Security","provider":"Microsoft-Windows-Security-Auditing","logon_id":"1fcc37c3307adb9b","process_id":17275,"image_path":"","run_as":"","publisher":"","update_state":"installed","agent_build":"2026.09.2"},{"timestamp":"2026-09-14T00:33:01.800Z","computer":"srv-057","event_id":4697,"record_id":100734,"user":"employee-157","source_ip":"10.10.3.26","target":"ApprovedAgent","logon_type":null,"change_ticket":"CHG-DEPLOY-18","result":"success","channel":"Security","provider":"Microsoft-Windows-Security-Auditing","logon_id":"1fcc37c3307adb9b","process_id":13400,"image_path":"C:/Program Files/ApprovedAgent/agent.exe","run_as":"svc-agent","publisher":"Approved Software Team","update_state":"installed","agent_build":"2026.09.3"},{"timestamp":"2026-09-14T00:33:04.500Z","computer":"srv-142","event_id":4624,"record_id":100735,"user":"employee-342","source_ip":"10.11.4.11","target":"logon-session","logon_type":2,"change_ticket":"","result":"success","channel":"Security","provider":"Microsoft-Windows-Security-Auditing","logon_id":"1fcc37c3307adb9b","process_id":15596,"image_path":"","run_as":"","publisher":"","update_state":"installed","agent_build":"2026.09.4"},{"timestamp":"2026-09-14T00:33:07.200Z","computer":"srv-179","event_id":4624,"record_id":100736,"user":"employee-98","source_ip":"10.12.1.28","target":"logon-session","logon_type":3,"change_ticket":"","result":"success","channel":"Security","provider":"Microsoft-Windows-Security-Auditing","logon_id":"3bbee0dc2ab2a559","process_id":14044,"image_path":"","run_as":"","publisher":"","update_state":"installed","agent_build":"2026.09.1"},{"timestamp":"2026-09-14T00:33:09.900Z","computer":"srv-052","event_id":4634,"record_id":100737,"user":"employee-88","source_ip":"10.10.3.21","target":"logon-session","logon_type":10,"change_ticket":"","result":"success","channel":"Security","provider":"Microsoft-Windows-Security-Auditing","logon_id":"3bbee0dc2ab2a559","process_id":18039,"image_path":"","run_as":"","publisher":"","update_state":"installed","agent_build":"2026.09.2"},{"timestamp":"2026-09-14T00:33:12.600Z","computer":"srv-106","event_id":4688,"record_id":100738,"user":"employee-168","source_ip":"10.11.2.15","target":"logon-session","logon_type":null,"change_ticket":"","result":"success","channel":"Security","provider":"Microsoft-Windows-Security-Auditing","logon_id":"3bbee0dc2ab2a559","process_id":21906,"image_path":"C:/Program Files/ApprovedAgent/agent.exe","run_as":"","publisher":"Approved Software Team","update_state":"installed","agent_build":"2026.09.3"},{"timestamp":"2026-09-14T00:33:15.300Z","computer":"srv-049","event_id":4625,"record_id":100739,"user":"employee-320","source_ip":"10.10.3.18","target":"logon-session","logon_type":3,"change_ticket":"","result":"failure","channel":"Security","provider":"Microsoft-Windows-Security-Auditing","logon_id":"3bbee0dc2ab2a559","process_id":16015,"image_path":"","run_as":"","publisher":"","update_state":"installed","agent_build":"2026.09.4"},{"timestamp":"2026-09-14T00:33:18.000Z","computer":"srv-162","event_id":4698,"record_id":100740,"user":"employee-98","source_ip":"10.12.1.11","target":"Approved-Maintenance","logon_type":null,"change_ticket":"CHG-DEPLOY-18","result":"success","channel":"Security","provider":"Microsoft-Windows-Security-Auditing","logon_id":"952c9da833cf3306","process_id":3747,"image_path":"C:/Program Files/ApprovedAgent/agent.exe","run_as":"svc-agent","publisher":"Approved Software Team","update_state":"installed","agent_build":"2026.09.1"},{"timestamp":"2026-09-14T00:33:20.700Z","computer":"srv-041","event_id":4728,"record_id":100741,"user":"deployment-admin","source_ip":"10.10.3.10","target":"Project-Readers","logon_type":null,"change_ticket":"CHG-DEPLOY-18","result":"success","channel":"Security","provider":"Microsoft-Windows-Security-Auditing","logon_id":"952c9da833cf3306","process_id":1920,"image_path":"","run_as":"","publisher":"","update_state":"installed","agent_build":"2026.09.2"},