{"timestamp":"2026-09-14T02:18:19.800Z","computer":"srv-186","event_id":4688,"record_id":103074,"user":"employee-362","source_ip":"10.12.2.15","target":"logon-session","logon_type":null,"change_ticket":"","result":"success","channel":"Security","provider":"Microsoft-Windows-Security-Auditing","logon_id":"6a121ed5f5d48e69","process_id":12056,"image_path":"C:/Program Files/ApprovedAgent/agent.exe","run_as":"","publisher":"Approved Software Team","update_state":"installed","agent_build":"2026.09.3"},{"timestamp":"2026-09-14T02:18:22.500Z","computer":"srv-216","event_id":4625,"record_id":103075,"user":"employee-324","source_ip":"10.12.3.25","target":"logon-session","logon_type":2,"change_ticket":"","result":"failure","channel":"Security","provider":"Microsoft-Windows-Security-Auditing","logon_id":"6a121ed5f5d48e69","process_id":6091,"image_path":"","run_as":"","publisher":"","update_state":"installed","agent_build":"2026.09.4"},{"timestamp":"2026-09-14T02:18:25.200Z","computer":"srv-013","event_id":4698,"record_id":103076,"user":"employee-352","source_ip":"10.10.1.22","target":"Approved-Maintenance","logon_type":null,"change_ticket":"CHG-DEPLOY-18","result":"success","channel":"Security","provider":"Microsoft-Windows-Security-Auditing","logon_id":"4f1e4314ad577ea1","process_id":12480,"image_path":"C:/Program Files/ApprovedAgent/agent.exe","run_as":"svc-agent","publisher":"Approved Software Team","update_state":"installed","agent_build":"2026.09.1"},{"timestamp":"2026-09-14T02:18:27.900Z","computer":"srv-206","event_id":4728,"record_id":103077,"user":"employee-77","source_ip":"10.12.3.15","target":"Project-Readers","logon_type":null,"change_ticket":"CHG-DEPLOY-18","result":"success","channel":"Security","provider":"Microsoft-Windows-Security-Auditing","logon_id":"4f1e4314ad577ea1","process_id":5715,"image_path":"","run_as":"","publisher":"","update_state":"installed","agent_build":"2026.09.2"},{"timestamp":"2026-09-14T02:18:30.600Z","computer":"srv-237","event_id":4697,"record_id":103078,"user":"employee-353","source_ip":"10.12.4.26","target":"ApprovedAgent","logon_type":null,"change_ticket":"CHG-DEPLOY-18","result":"success","channel":"Security","provider":"Microsoft-Windows-Security-Auditing","logon_id":"4f1e4314ad577ea1","process_id":22607,"image_path":"C:/Program Files/ApprovedAgent/agent.exe","run_as":"svc-agent","publisher":"Approved Software Team","update_state":"installed","agent_build":"2026.09.3"},{"timestamp":"2026-09-14T02:18:33.300Z","computer":"srv-164","event_id":4624,"record_id":103079,"user":"employee-79","source_ip":"10.12.1.13","target":"logon-session","logon_type":3,"change_ticket":"","result":"success","channel":"Security","provider":"Microsoft-Windows-Security-Auditing","logon_id":"4f1e4314ad577ea1","process_id":13050,"image_path":"","run_as":"","publisher":"","update_state":"installed","agent_build":"2026.09.4"},{"timestamp":"2026-09-14T02:18:36.000Z","computer":"srv-150","event_id":4624,"record_id":103080,"user":"employee-81","source_ip":"10.11.4.19","target":"logon-session","logon_type":10,"change_ticket":"","result":"success","channel":"Security","provider":"Microsoft-Windows-Security-Auditing","logon_id":"a67661dc9d4b6dec","process_id":13639,"image_path":"","run_as":"","publisher":"","update_state":"installed","agent_build":"2026.09.1"},{"timestamp":"2026-09-14T02:18:38.700Z","computer":"srv-054","event_id":4634,"record_id":103081,"user":"deployment-admin","source_ip":"10.10.3.23","target":"logon-session","logon_type":2,"change_ticket":"","result":"success","channel":"Security","provider":"Microsoft-Windows-Security-Auditing","logon_id":"a67661dc9d4b6dec","process_id":9910,"image_path":"","run_as":"","publisher":"","update_state":"installed","agent_build":"2026.09.2"},{"timestamp":"2026-09-14T02:18:41.400Z","computer":"srv-017","event_id":4688,"record_id":103082,"user":"employee-84","source_ip":"10.10.1.26","target":"logon-session","logon_type":null,"change_ticket":"","result":"success","channel":"Security","provider":"Microsoft-Windows-Security-Auditing","logon_id":"a67661dc9d4b6dec","process_id":15505,"image_path":"C:/Program Files/ApprovedAgent/agent.exe","run_as":"","publisher":"Approved Software Team","update_state":"installed","agent_build":"2026.09.3"},{"timestamp":"2026-09-14T02:18:44.100Z","computer":"srv-138","event_id":4625,"record_id":103083,"user":"employee-345","source_ip":"10.11.3.27","target":"logon-session","logon_type":10,"change_ticket":"","result":"failure","channel":"Security","provider":"Microsoft-Windows-Security-Auditing","logon_id":"a67661dc9d4b6dec","process_id":23920,"image_path":"","run_as":"","publisher":"","update_state":"installed","agent_build":"2026.09.4"},{"timestamp":"2026-09-14T02:18:46.800Z","computer":"srv-023","event_id":4698,"record_id":103084,"user":"employee-288","source_ip":"10.10.2.12","target":"Approved-Maintenance","logon_type":null,"change_ticket":"CHG-DEPLOY-18","result":"success","channel":"Security","provider":"Microsoft-Windows-Security-Auditing","logon_id":"ca3cc1b9d5f7e8ff","process_id":25032,"image_path":"C:/Program Files/ApprovedAgent/agent.exe","run_as":"svc-agent","publisher":"Approved Software Team","update_state":"installed","agent_build":"2026.09.1"},{"timestamp":"2026-09-14T02:18:49.500Z","computer":"srv-114","event_id":4728,"record_id":103085,"user":"employee-431","source_ip":"10.11.2.23","target":"Project-Readers","logon_type":null,"change_ticket":"CHG-DEPLOY-18","result":"success","channel":"Security","provider":"Microsoft-Windows-Security-Auditing","logon_id":"ca3cc1b9d5f7e8ff","process_id":2155,"image_path":"","run_as":"","publisher":"","update_state":"installed","agent_build":"2026.09.2"},{"timestamp":"2026-09-14T02:18:52.200Z","computer":"srv-207","event_id":4697,"record_id":103086,"user":"employee-468","source_ip":"10.12.3.16","target":"ApprovedAgent","logon_type":null,"change_ticket":"CHG-DEPLOY-18","result":"success","channel":"Security","provider":"Microsoft-Windows-Security-Auditing","logon_id":"ca3cc1b9d5f7e8ff","process_id":23829,"image_path":"C:/Program Files/ApprovedAgent/agent.exe","run_as":"svc-agent","publisher":"Approved Software Team","update_state":"installed","agent_build":"2026.09.3"},{"timestamp":"2026-09-14T02:18:54.900Z","computer":"srv-211","event_id":4624,"record_id":103087,"user":"employee-226","source_ip":"10.12.3.20","target":"logon-session","logon_type":2,"change_ticket":"","result":"success","channel":"Security","provider":"Microsoft-Windows-Security-Auditing","logon_id":"ca3cc1b9d5f7e8ff","process_id":9453,"image_path":"","run_as":"","publisher":"","update_state":"installed","agent_build":"2026.09.4"},{"timestamp":"2026-09-14T02:18:57.600Z","computer":"srv-073","event_id":4624,"record_id":103088,"user":"employee-474","source_ip":"10.10.4.22","target":"logon-session","logon_type":3,"change_ticket":"","result":"success","channel":"Security","provider":"Microsoft-Windows-Security-Auditing","logon_id":"6b2c9be14580a258","process_id":3990,"image_path":"","run_as":"","publisher":"","update_state":"installed","agent_build":"2026.09.1"},{"timestamp":"2026-09-14T02:19:00.300Z","computer":"srv-236","event_id":4634,"record_id":103089,"user":"employee-270","source_ip":"10.12.4.25","target":"logon-session","logon_type":10,"change_ticket":"","result":"success","channel":"Security","provider":"Microsoft-Windows-Security-Auditing","logon_id":"6b2c9be14580a258","process_id":18364,"image_path":"","run_as":"","publisher":"","update_state":"installed","agent_build":"2026.09.2"},{"timestamp":"2026-09-14T02:19:03.000Z","computer":"srv-222","event_id":4688,"record_id":103090,"user":"employee-340","source_ip":"10.12.4.11","target":"logon-session","logon_type":null,"change_ticket":"","result":"success","channel":"Security","provider":"Microsoft-Windows-Security-Auditing","logon_id":"6b2c9be14580a258","process_id":21075,"image_path":"C:/Program Files/ApprovedAgent/agent.exe","run_as":"","publisher":"Approved Software Team","update_state":"installed","agent_build":"2026.09.3"},{"timestamp":"2026-09-14T02:19:05.700Z","computer":"srv-003","event_id":4625,"record_id":103091,"user":"employee-13","source_ip":"10.10.1.12","target":"logon-session","logon_type":3,"change_ticket":"","result":"failure","channel":"Security","provider":"Microsoft-Windows-Security-Auditing","logon_id":"6b2c9be14580a258","process_id":15678,"image_path":"","run_as":"","publisher":"","update_state":"installed","agent_build":"2026.09.4"},{"timestamp":"2026-09-14T02:19:08.400Z","computer":"srv-105","event_id":4698,"record_id":103092,"user":"employee-476","source_ip":"10.11.2.14","target":"Approved-Maintenance","logon_type":null,"change_ticket":"CHG-DEPLOY-18","result":"success","channel":"Security","provider":"Microsoft-Windows-Security-Auditing","logon_id":"b0acac985133e541","process_id":16233,"image_path":"C:/Program Files/ApprovedAgent/agent.exe","run_as":"svc-agent","publisher":"Approved Software Team","update_state":"installed","agent_build":"2026.09.1"},{"timestamp":"2026-09-14T02:19:11.100Z","computer":"srv-017","event_id":4728,"record_id":103093,"user":"employee-108","source_ip":"10.10.1.26","target":"Project-Readers","logon_type":null,"change_ticket":"CHG-DEPLOY-18","result":"success","channel":"Security","provider":"Microsoft-Windows-Security-Auditing","logon_id":"b0acac985133e541","process_id":9210,"image_path":"","run_as":"","publisher":"","update_state":"installed","agent_build":"2026.09.2"},{"timestamp":"2026-09-14T02:19:13.800Z","computer":"srv-089","event_id":4697,"record_id":103094,"user":"deployment-admin","source_ip":"10.11.1.18","target":"ApprovedAgent","logon_type":null,"change_ticket":"CHG-DEPLOY-18","result":"success","channel":"Security","provider":"Microsoft-Windows-Security-Auditing","logon_id":"b0acac985133e541","process_id":23317,"image_path":"C:/Program Files/ApprovedAgent/agent.exe","run_as":"svc-agent","publisher":"Approved Software Team","update_state":"installed","agent_build":"2026.09.3"},{"timestamp":"2026-09-14T02:19:16.500Z","computer":"srv-053","event_id":4624,"record_id":103095,"user":"employee-449","source_ip":"10.10.3.22","target":"logon-session","logon_type":10,"change_ticket":"","result":"success","channel":"Security","provider":"Microsoft-Windows-Security-Auditing","logon_id":"b0acac985133e541","process_id":4009,"image_path":"","run_as":"","publisher":"","update_state":"installed","agent_build":"2026.09.4"},{"timestamp":"2026-09-14T02:19:19.200Z","computer":"srv-218","event_id":4624,"record_id":103096,"user":"employee-68","source_ip":"10.12.3.27","target":"logon-session","logon_type":2,"change_ticket":"","result":"success","channel":"Security","provider":"Microsoft-Windows-Security-Auditing","logon_id":"25475bb102590bbd","process_id":12728,"image_path":"","run_as":"","publisher":"","update_state":"installed","agent_build":"2026.09.1"},{"timestamp":"2026-09-14T02:19:21.900Z","computer":"srv-033","event_id":4634,"record_id":103097,"user":"employee-305","source_ip":"10.10.2.22","target":"logon-session","logon_type":3,"change_ticket":"","result":"success","channel":"Security","provider":"Microsoft-Windows-Security-Auditing","logon_id":"25475bb102590bbd","process_id":24646,"image_path":"","run_as":"","publisher":"","update_state":"installed","agent_build":"2026.09.2"},{"timestamp":"2026-09-14T02:19:24.600Z","computer":"srv-107","event_id":4688,"record_id":103098,"user":"employee-393","source_ip":"10.11.2.16","target":"logon-session","logon_type":null,"change_ticket":"","result":"success","channel":"Security","provider":"Microsoft-Windows-Security-Auditing","logon_id":"25475bb102590bbd","process_id":13360,"image_path":"C:/Program Files/ApprovedAgent/agent.exe","run_as":"","publisher":"Approved Software Team","update_state":"installed","agent_build":"2026.09.3"},{"timestamp":"2026-09-14T02:19:27.300Z","computer":"srv-174","event_id":4625,"record_id":103099,"user":"employee-438","source_ip":"10.12.1.23","target":"logon-session","logon_type":2,"change_ticket":"","result":"failure","channel":"Security","provider":"Microsoft-Windows-Security-Auditing","logon_id":"25475bb102590bbd","process_id":22403,"image_path":"","run_as":"","publisher":"","update_state":"installed","agent_build":"2026.09.4"},{"timestamp":"2026-09-14T02:19:30.000Z","computer":"srv-149","event_id":4698,"record_id":103100,"user":"employee-317","source_ip":"10.11.4.18","target":"Approved-Maintenance","logon_type":null,"change_ticket":"CHG-DEPLOY-18","result":"success","channel":"Security","provider":"Microsoft-Windows-Security-Auditing","logon_id":"a98f8b05c1cad3d4","process_id":8625,"image_path":"C:/Program Files/ApprovedAgent/agent.exe","run_as":"svc-agent","publisher":"Approved Software Team","update_state":"restart-pending","agent_build":"2026.09.1"},{"timestamp":"2026-09-14T02:19:32.700Z","computer":"srv-060","event_id":4728,"record_id":103101,"user":"employee-328","source_ip":"10.10.3.29","target":"Project-Readers","logon_type":null,"change_ticket":"CHG-DEPLOY-18","result":"success","channel":"Security","provider":"Microsoft-Windows-Security-Auditing","logon_id":"a98f8b05c1cad3d4","process_id":15228,"image_path":"","run_as":"","publisher":"","update_state":"installed","agent_build":"2026.09.2"},{"timestamp":"2026-09-14T02:19:35.400Z","computer":"srv-229","event_id":4697,"record_id":103102,"user":"employee-342","source_ip":"10.12.4.18","target":"ApprovedAgent","logon_type":null,"change_ticket":"CHG-DEPLOY-18","result":"success","channel":"Security","provider":"Microsoft-Windows-Security-Auditing","logon_id":"a98f8b05c1cad3d4","process_id":16721,"image_path":"C:/Program Files/ApprovedAgent/agent.exe","run_as":"svc-agent","publisher":"Approved Software Team","update_state":"failed","agent_build":"2026.09.3"},{"timestamp":"2026-09-14T02:19:38.100Z","computer":"srv-203","event_id":4624,"record_id":103103,"user":"employee-51","source_ip":"10.12.3.12","target":"logon-session","logon_type":3,"change_ticket":"","result":"success","channel":"Security","provider":"Microsoft-Windows-Security-Auditing","logon_id":"a98f8b05c1cad3d4","process_id":4247,"image_path":"","run_as":"","publisher":"","update_state":"installed","agent_build":"2026.09.4"},{"timestamp":"2026-09-14T02:19:40.800Z","computer":"srv-107","event_id":4624,"record_id":103104,"user":"employee-190","source_ip":"10.11.2.16","target":"logon-session","logon_type":10,"change_ticket":"","result":"success","channel":"Security","provider":"Microsoft-Windows-Security-Auditing","logon_id":"e1bf8f15423c6dfc","process_id":17671,"image_path":"","run_as":"","publisher":"","update_state":"installed","agent_build":"2026.09.1"},{"timestamp":"2026-09-14T02:19:43.500Z","computer":"srv-127","event_id":4634,"record_id":103105,"user":"employee-281","source_ip":"10.11.3.16","target":"logon-session","logon_type":2,"change_ticket":"","result":"success","channel":"Security","provider":"Microsoft-Windows-Security-Auditing","logon_id":"e1bf8f15423c6dfc","process_id":4420,"image_path":"","run_as":"","publisher":"","update_state":"installed","agent_build":"2026.09.2"},{"timestamp":"2026-09-14T02:19:46.200Z","computer":"srv-082","event_id":4688,"record_id":103106,"user":"employee-50","source_ip":"10.11.1.11","target":"logon-session","logon_type":null,"change_ticket":"","result":"success","channel":"Security","provider":"Microsoft-Windows-Security-Auditing","logon_id":"e1bf8f15423c6dfc","process_id":19202,"image_path":"C:/Program Files/ApprovedAgent/agent.exe","run_as":"","publisher":"Approved Software Team","update_state":"installed","agent_build":"2026.09.3"},{"timestamp":"2026-09-14T02:19:48.900Z","computer":"srv-195","event_id":4625,"record_id":103107,"user":"deployment-admin","source_ip":"10.12.2.24","target":"logon-session","logon_type":10,"change_ticket":"","result":"failure","channel":"Security","provider":"Microsoft-Windows-Security-Auditing","logon_id":"e1bf8f15423c6dfc","process_id":19731,"image_path":"","run_as":"","publisher":"","update_state":"installed","agent_build":"2026.09.4"},{"timestamp":"2026-09-14T02:19:51.600Z","computer":"srv-222","event_id":4698,"record_id":103108,"user":"employee-465","source_ip":"10.12.4.11","target":"Approved-Maintenance","logon_type":null,"change_ticket":"CHG-DEPLOY-18","result":"success","channel":"Security","provider":"Microsoft-Windows-Security-Auditing","logon_id":"1f32896babd2969d","process_id":11893,"image_path":"C:/Program Files/ApprovedAgent/agent.exe","run_as":"svc-agent","publisher":"Approved Software Team","update_state":"installed","agent_build":"2026.09.1"},{"timestamp":"2026-09-14T02:19:54.300Z","computer":"srv-032","event_id":4728,"record_id":103109,"user":"employee-286","source_ip":"10.10.2.21","target":"Project-Readers","logon_type":null,"change_ticket":"CHG-DEPLOY-18","result":"success","channel":"Security","provider":"Microsoft-Windows-Security-Auditing","logon_id":"1f32896babd2969d","process_id":23000,"image_path":"","run_as":"","publisher":"","update_state":"installed","agent_build":"2026.09.2"},{"timestamp":"2026-09-14T02:19:57.000Z","computer":"srv-004","event_id":4697,"record_id":103110,"user":"employee-11","source_ip":"10.10.1.13","target":"ApprovedAgent","logon_type":null,"change_ticket":"CHG-DEPLOY-18","result":"success","channel":"Security","provider":"Microsoft-Windows-Security-Auditing","logon_id":"1f32896babd2969d","process_id":4938,"image_path":"C:/Program Files/ApprovedAgent/agent.exe","run_as":"svc-agent","publisher":"Approved Software Team","update_state":"installed","agent_build":"2026.09.3"},{"timestamp":"2026-09-14T02:19:59.700Z","computer":"srv-080","event_id":4624,"record_id":103111,"user":"employee-239","source_ip":"10.10.4.29","target":"logon-session","logon_type":2,"change_ticket":"","result":"success","channel":"Security","provider":"Microsoft-Windows-Security-Auditing","logon_id":"1f32896babd2969d","process_id":12908,"image_path":"","run_as":"","publisher":"","update_state":"installed","agent_build":"2026.09.4"},{"timestamp":"2026-09-14T02:20:02.400Z","computer":"srv-105","event_id":4624,"record_id":103112,"user":"employee-458","source_ip":"10.11.2.14","target":"logon-session","logon_type":3,"change_ticket":"","result":"success","channel":"Security","provider":"Microsoft-Windows-Security-Auditing","logon_id":"cf68767e2c5de699","process_id":16827,"image_path":"","run_as":"","publisher":"","update_state":"installed","agent_build":"2026.09.1"},{"timestamp":"2026-09-14T02:20:05.100Z","computer":"srv-227","event_id":4634,"record_id":103113,"user":"employee-111","source_ip":"10.12.4.16","target":"logon-session","logon_type":10,"change_ticket":"","result":"success","channel":"Security","provider":"Microsoft-Windows-Security-Auditing","logon_id":"cf68767e2c5de699","process_id":13128,"image_path":"","run_as":"","publisher":"","update_state":"installed","agent_build":"2026.09.2"},{"timestamp":"2026-09-14T02:20:07.800Z","computer":"srv-100","event_id":4688,"record_id":103114,"user":"employee-65","source_ip":"10.11.1.29","target":"logon-session","logon_type":null,"change_ticket":"","result":"success","channel":"Security","provider":"Microsoft-Windows-Security-Auditing","logon_id":"cf68767e2c5de699","process_id":5391,"image_path":"C:/Program Files/ApprovedAgent/agent.exe","run_as":"","publisher":"Approved Software Team","update_state":"installed","agent_build":"2026.09.3"},{"timestamp":"2026-09-14T02:20:10.500Z","computer":"srv-066","event_id":4625,"record_id":103115,"user":"employee-104","source_ip":"10.10.4.15","target":"logon-session","logon_type":3,"change_ticket":"","result":"failure","channel":"Security","provider":"Microsoft-Windows-Security-Auditing","logon_id":"cf68767e2c5de699","process_id":1212,"image_path":"","run_as":"","publisher":"","update_state":"installed","agent_build":"2026.09.4"},{"timestamp":"2026-09-14T02:20:13.200Z","computer":"srv-234","event_id":4698,"record_id":103116,"user":"employee-159","source_ip":"10.12.4.23","target":"Approved-Maintenance","logon_type":null,"change_ticket":"CHG-DEPLOY-18","result":"success","channel":"Security","provider":"Microsoft-Windows-Security-Auditing","logon_id":"9b2056479d41b238","process_id":14095,"image_path":"C:/Program Files/ApprovedAgent/agent.exe","run_as":"svc-agent","publisher":"Approved Software Team","update_state":"installed","agent_build":"2026.09.1"},{"timestamp":"2026-09-14T02:20:15.900Z","computer":"srv-084","event_id":4728,"record_id":103117,"user":"employee-169","source_ip":"10.11.1.13","target":"Project-Readers","logon_type":null,"change_ticket":"CHG-DEPLOY-18","result":"success","channel":"Security","provider":"Microsoft-Windows-Security-Auditing","logon_id":"9b2056479d41b238","process_id":3302,"image_path":"","run_as":"","publisher":"","update_state":"installed","agent_build":"2026.09.2"},{"timestamp":"2026-09-14T02:20:18.600Z","computer":"srv-204","event_id":4697,"record_id":103118,"user":"employee-170","source_ip":"10.12.3.13","target":"ApprovedAgent","logon_type":null,"change_ticket":"CHG-DEPLOY-18","result":"success","channel":"Security","provider":"Microsoft-Windows-Security-Auditing","logon_id":"9b2056479d41b238","process_id":7397,"image_path":"C:/Program Files/ApprovedAgent/agent.exe","run_as":"svc-agent","publisher":"Approved Software Team","update_state":"installed","agent_build":"2026.09.3"},{"timestamp":"2026-09-14T02:20:21.300Z","computer":"srv-035","event_id":4624,"record_id":103119,"user":"employee-425","source_ip":"10.10.2.24","target":"logon-session","logon_type":10,"change_ticket":"","result":"success","channel":"Security","provider":"Microsoft-Windows-Security-Auditing","logon_id":"9b2056479d41b238","process_id":20639,"image_path":"","run_as":"","publisher":"","update_state":"installed","agent_build":"2026.09.4"},{"timestamp":"2026-09-14T02:20:24.000Z","computer":"srv-085","event_id":4624,"record_id":103120,"user":"deployment-admin","source_ip":"10.11.1.14","target":"logon-session","logon_type":2,"change_ticket":"","result":"success","channel":"Security","provider":"Microsoft-Windows-Security-Auditing","logon_id":"b9e9f9d7a574f2a3","process_id":17467,"image_path":"","run_as":"","publisher":"","update_state":"installed","agent_build":"2026.09.1"},{"timestamp":"2026-09-14T02:20:26.700Z","computer":"srv-177","event_id":4634,"record_id":103121,"user":"employee-121","source_ip":"10.12.1.26","target":"logon-session","logon_type":3,"change_ticket":"","result":"success","channel":"Security","provider":"Microsoft-Windows-Security-Auditing","logon_id":"b9e9f9d7a574f2a3","process_id":20198,"image_path":"","run_as":"","publisher":"","update_state":"installed","agent_build":"2026.09.2"},{"timestamp":"2026-09-14T02:20:29.400Z","computer":"srv-019","event_id":4688,"record_id":103122,"user":"employee-409","source_ip":"10.10.1.28","target":"logon-session","logon_type":null,"change_ticket":"","result":"success","channel":"Security","provider":"Microsoft-Windows-Security-Auditing","logon_id":"b9e9f9d7a574f2a3","process_id":9923,"image_path":"C:/Program Files/ApprovedAgent/agent.exe","run_as":"","publisher":"Approved Software Team","update_state":"installed","agent_build":"2026.09.3"},{"timestamp":"2026-09-14T02:20:32.100Z","computer":"srv-030","event_id":4625,"record_id":103123,"user":"employee-65","source_ip":"10.10.2.19","target":"logon-session","logon_type":2,"change_ticket":"","result":"failure","channel":"Security","provider":"Microsoft-Windows-Security-Auditing","logon_id":"b9e9f9d7a574f2a3","process_id":23855,"image_path":"","run_as":"","publisher":"","update_state":"installed","agent_build":"2026.09.4"},{"timestamp":"2026-09-14T02:20:34.800Z","computer":"srv-132","event_id":4698,"record_id":103124,"user":"employee-80","source_ip":"10.11.3.21","target":"Approved-Maintenance","logon_type":null,"change_ticket":"CHG-DEPLOY-18","result":"success","channel":"Security","provider":"Microsoft-Windows-Security-Auditing","logon_id":"a3f7c69e1c26c6fb","process_id":16559,"image_path":"C:/Program Files/ApprovedAgent/agent.exe","run_as":"svc-agent","publisher":"Approved Software Team","update_state":"installed","agent_build":"2026.09.1"},{"timestamp":"2026-09-14T02:20:37.500Z","computer":"srv-239","event_id":4728,"record_id":103125,"user":"employee-470","source_ip":"10.12.4.28","target":"Project-Readers","logon_type":null,"change_ticket":"CHG-DEPLOY-18","result":"success","channel":"Security","provider":"Microsoft-Windows-Security-Auditing","logon_id":"a3f7c69e1c26c6fb","process_id":4582,"image_path":"","run_as":"","publisher":"","update_state":"installed","agent_build":"2026.09.2"},{"timestamp":"2026-09-14T02:20:40.200Z","computer":"srv-191","event_id":4697,"record_id":103126,"user":"employee-167","source_ip":"10.12.2.20","target":"ApprovedAgent","logon_type":null,"change_ticket":"CHG-DEPLOY-18","result":"success","channel":"Security","provider":"Microsoft-Windows-Security-Auditing","logon_id":"a3f7c69e1c26c6fb","process_id":4870,"image_path":"C:/Program Files/ApprovedAgent/agent.exe","run_as":"svc-agent","publisher":"Approved Software Team","update_state":"installed","agent_build":"2026.09.3"},{"timestamp":"2026-09-14T02:20:42.900Z","computer":"srv-013","event_id":4624,"record_id":103127,"user":"employee-321","source_ip":"10.10.1.22","target":"logon-session","logon_type":3,"change_ticket":"","result":"success","channel":"Security","provider":"Microsoft-Windows-Security-Auditing","logon_id":"a3f7c69e1c26c6fb","process_id":21411,"image_path":"","run_as":"","publisher":"","update_state":"no-report","agent_build":"2026.09.4"},{"timestamp":"2026-09-14T02:20:45.600Z","computer":"srv-106","event_id":4624,"record_id":103128,"user":"employee-173","source_ip":"10.11.2.15","target":"logon-session","logon_type":10,"change_ticket":"","result":"success","channel":"Security","provider":"Microsoft-Windows-Security-Auditing","logon_id":"4d23df3dee9d7c21","process_id":20549,"image_path":"","run_as":"","publisher":"","update_state":"installed","agent_build":"2026.09.1"},{"timestamp":"2026-09-14T02:20:48.300Z","computer":"srv-115","event_id":4634,"record_id":103129,"user":"employee-231","source_ip":"10.11.2.24","target":"logon-session","logon_type":2,"change_ticket":"","result":"success","channel":"Security","provider":"Microsoft-Windows-Security-Auditing","logon_id":"4d23df3dee9d7c21","process_id":18063,"image_path":"","run_as":"","publisher":"","update_state":"installed","agent_build":"2026.09.2"},{"timestamp":"2026-09-14T02:20:51.000Z","computer":"srv-204","event_id":4688,"record_id":103130,"user":"employee-209","source_ip":"10.12.3.13","target":"logon-session","logon_type":null,"change_ticket":"","result":"success","channel":"Security","provider":"Microsoft-Windows-Security-Auditing","logon_id":"4d23df3dee9d7c21","process_id":11653,"image_path":"C:/Program Files/ApprovedAgent/agent.exe","run_as":"","publisher":"Approved Software Team","update_state":"installed","agent_build":"2026.09.3"},{"timestamp":"2026-09-14T02:20:53.700Z","computer":"srv-054","event_id":4625,"record_id":103131,"user":"employee-420","source_ip":"10.10.3.23","target":"logon-session","logon_type":10,"change_ticket":"","result":"failure","channel":"Security","provider":"Microsoft-Windows-Security-Auditing","logon_id":"4d23df3dee9d7c21","process_id":9318,"image_path":"","run_as":"","publisher":"","update_state":"restart-pending","agent_build":"2026.09.4"},{"timestamp":"2026-09-14T02:20:56.400Z","computer":"srv-110","event_id":4698,"record_id":103132,"user":"employee-102","source_ip":"10.11.2.19","target":"Approved-Maintenance","logon_type":null,"change_ticket":"CHG-DEPLOY-18","result":"success","channel":"Security","provider":"Microsoft-Windows-Security-Auditing","logon_id":"bb75791775040edb","process_id":17860,"image_path":"C:/Program Files/ApprovedAgent/agent.exe","run_as":"svc-agent","publisher":"Approved Software Team","update_state":"installed","agent_build":"2026.09.1"},{"timestamp":"2026-09-14T02:20:59.100Z","computer":"srv-235","event_id":4728,"record_id":103133,"user":"deployment-admin","source_ip":"10.12.4.24","target":"Project-Readers","logon_type":null,"change_ticket":"CHG-DEPLOY-18","result":"success","channel":"Security","provider":"Microsoft-Windows-Security-Auditing","logon_id":"bb75791775040edb","process_id":22379,"image_path":"","run_as":"","publisher":"","update_state":"installed","agent_build":"2026.09.2"},{"timestamp":"2026-09-14T02:21:01.800Z","computer":"srv-035","event_id":4697,"record_id":103134,"user":"employee-31","source_ip":"10.10.2.24","target":"ApprovedAgent","logon_type":null,"change_ticket":"CHG-DEPLOY-18","result":"success","channel":"Security","provider":"Microsoft-Windows-Security-Auditing","logon_id":"bb75791775040edb","process_id":8721,"image_path":"C:/Program Files/ApprovedAgent/agent.exe","run_as":"svc-agent","publisher":"Approved Software Team","update_state":"installed","agent_build":"2026.09.3"},{"timestamp":"2026-09-14T02:21:04.500Z","computer":"srv-035","event_id":4624,"record_id":103135,"user":"employee-430","source_ip":"10.10.2.24","target":"logon-session","logon_type":2,"change_ticket":"","result":"success","channel":"Security","provider":"Microsoft-Windows-Security-Auditing","logon_id":"bb75791775040edb","process_id":19814,"image_path":"","run_as":"","publisher":"","update_state":"installed","agent_build":"2026.09.4"},{"timestamp":"2026-09-14T02:21:07.200Z","computer":"srv-160","event_id":4624,"record_id":103136,"user":"employee-115","source_ip":"10.11.4.29","target":"logon-session","logon_type":3,"change_ticket":"","result":"success","channel":"Security","provider":"Microsoft-Windows-Security-Auditing","logon_id":"7addc97df8943f69","process_id":23404,"image_path":"","run_as":"","publisher":"","update_state":"installed","agent_build":"2026.09.1"},{"timestamp":"2026-09-14T02:21:09.900Z","computer":"srv-062","event_id":4634,"record_id":103137,"user":"employee-256","source_ip":"10.10.4.11","target":"logon-session","logon_type":10,"change_ticket":"","result":"success","channel":"Security","provider":"Microsoft-Windows-Security-Auditing","logon_id":"7addc97df8943f69","process_id":18019,"image_path":"","run_as":"","publisher":"","update_state":"installed","agent_build":"2026.09.2"},{"timestamp":"2026-09-14T02:21:12.600Z","computer":"srv-216","event_id":4688,"record_id":103138,"user":"employee-139","source_ip":"10.12.3.25","target":"logon-session","logon_type":null,"change_ticket":"","result":"success","channel":"Security","provider":"Microsoft-Windows-Security-Auditing","logon_id":"7addc97df8943f69","process_id":5940,"image_path":"C:/Program Files/ApprovedAgent/agent.exe","run_as":"","publisher":"Approved Software Team","update_state":"installed","agent_build":"2026.09.3"},{"timestamp":"2026-09-14T02:21:15.300Z","computer":"srv-172","event_id":4625,"record_id":103139,"user":"employee-97","source_ip":"10.12.1.21","target":"logon-session","logon_type":3,"change_ticket":"","result":"failure","channel":"Security","provider":"Microsoft-Windows-Security-Auditing","logon_id":"7addc97df8943f69","process_id":16008,"image_path":"","run_as":"","publisher":"","update_state":"installed","agent_build":"2026.09.4"},{"timestamp":"2026-09-14T02:21:18.000Z","computer":"srv-099","event_id":4698,"record_id":103140,"user":"employee-158","source_ip":"10.11.1.28","target":"Approved-Maintenance","logon_type":null,"change_ticket":"CHG-DEPLOY-18","result":"success","channel":"Security","provider":"Microsoft-Windows-Security-Auditing","logon_id":"eeef8a8d97df2869","process_id":22676,"image_path":"C:/Program Files/ApprovedAgent/agent.exe","run_as":"svc-agent","publisher":"Approved Software Team","update_state":"installed","agent_build":"2026.09.1"},{"timestamp":"2026-09-14T02:21:20.700Z","computer":"srv-097","event_id":4728,"record_id":103141,"user":"employee-235","source_ip":"10.11.1.26","target":"Project-Readers","logon_type":null,"change_ticket":"CHG-DEPLOY-18","result":"success","channel":"Security","provider":"Microsoft-Windows-Security-Auditing","logon_id":"eeef8a8d97df2869","process_id":7728,"image_path":"","run_as":"","publisher":"","update_state":"installed","agent_build":"2026.09.2"},{"timestamp":"2026-09-14T02:21:23.400Z","computer":"srv-001","event_id":4697,"record_id":103142,"user":"employee-235","source_ip":"10.10.1.10","target":"ApprovedAgent","logon_type":null,"change_ticket":"CHG-DEPLOY-18","result":"success","channel":"Security","provider":"Microsoft-Windows-Security-Auditing","logon_id":"eeef8a8d97df2869","process_id":18878,"image_path":"C:/Program Files/ApprovedAgent/agent.exe","run_as":"svc-agent","publisher":"Approved Software Team","update_state":"installed","agent_build":"2026.09.3"},{"timestamp":"2026-09-14T02:21:26.100Z","computer":"srv-223","event_id":4624,"record_id":103143,"user":"employee-436","source_ip":"10.12.4.12","target":"logon-session","logon_type":10,"change_ticket":"","result":"success","channel":"Security","provider":"Microsoft-Windows-Security-Auditing","logon_id":"eeef8a8d97df2869","process_id":17416,"image_path":"","run_as":"","publisher":"","update_state":"installed","agent_build":"2026.09.4"},{"timestamp":"2026-09-14T02:21:28.800Z","computer":"srv-189","event_id":4624,"record_id":103144,"user":"employee-277","source_ip":"10.12.2.18","target":"logon-session","logon_type":2,"change_ticket":"","result":"success","channel":"Security","provider":"Microsoft-Windows-Security-Auditing","logon_id":"cad9d75afff41581","process_id":12612,"image_path":"","run_as":"","publisher":"","update_state":"installed","agent_build":"2026.09.1"},{"timestamp":"2026-09-14T02:21:31.500Z","computer":"srv-138","event_id":4634,"record_id":103145,"user":"employee-118","source_ip":"10.11.3.27","target":"logon-session","logon_type":3,"change_ticket":"","result":"success","channel":"Security","provider":"Microsoft-Windows-Security-Auditing","logon_id":"cad9d75afff41581","process_id":5052,"image_path":"","run_as":"","publisher":"","update_state":"installed","agent_build":"2026.09.2"},{"timestamp":"2026-09-14T02:21:34.200Z","computer":"srv-184","event_id":4688,"record_id":103146,"user":"deployment-admin","source_ip":"10.12.2.13","target":"logon-session","logon_type":null,"change_ticket":"","result":"success","channel":"Security","provider":"Microsoft-Windows-Security-Auditing","logon_id":"cad9d75afff41581","process_id":12126,"image_path":"C:/Program Files/ApprovedAgent/agent.exe","run_as":"","publisher":"Approved Software Team","update_state":"installed","agent_build":"2026.09.3"},{"timestamp":"2026-09-14T02:21:36.900Z","computer":"srv-046","event_id":4625,"record_id":103147,"user":"employee-108","source_ip":"10.10.3.15","target":"logon-session","logon_type":2,"change_ticket":"","result":"failure","channel":"Security","provider":"Microsoft-Windows-Security-Auditing","logon_id":"cad9d75afff41581","process_id":3835,"image_path":"","run_as":"","publisher":"","update_state":"installed","agent_build":"2026.09.4"},{"timestamp":"2026-09-14T02:21:39.600Z","computer":"srv-132","event_id":4698,"record_id":103148,"user":"employee-6","source_ip":"10.11.3.21","target":"Approved-Maintenance","logon_type":null,"change_ticket":"CHG-DEPLOY-18","result":"success","channel":"Security","provider":"Microsoft-Windows-Security-Auditing","logon_id":"0223d4cf91b03782","process_id":3300,"image_path":"C:/Program Files/ApprovedAgent/agent.exe","run_as":"svc-agent","publisher":"Approved Software Team","update_state":"installed","agent_build":"2026.09.1"},{"timestamp":"2026-09-14T02:21:42.300Z","computer":"srv-169","event_id":4728,"record_id":103149,"user":"employee-321","source_ip":"10.12.1.18","target":"Project-Readers","logon_type":null,"change_ticket":"CHG-DEPLOY-18","result":"success","channel":"Security","provider":"Microsoft-Windows-Security-Auditing","logon_id":"0223d4cf91b03782","process_id":9235,"image_path":"","run_as":"","publisher":"","update_state":"failed","agent_build":"2026.09.2"},{"timestamp":"2026-09-14T02:21:45.000Z","computer":"srv-021","event_id":4697,"record_id":103150,"user":"employee-386","source_ip":"10.10.2.10","target":"ApprovedAgent","logon_type":null,"change_ticket":"CHG-DEPLOY-18","result":"success","channel":"Security","provider":"Microsoft-Windows-Security-Auditing","logon_id":"0223d4cf91b03782","process_id":5771,"image_path":"C:/Program Files/ApprovedAgent/agent.exe","run_as":"svc-agent","publisher":"Approved Software Team","update_state":"installed","agent_build":"2026.09.3"},{"timestamp":"2026-09-14T02:21:47.700Z","computer":"srv-115","event_id":4624,"record_id":103151,"user":"employee-253","source_ip":"10.11.2.24","target":"logon-session","logon_type":3,"change_ticket":"","result":"success","channel":"Security","provider":"Microsoft-Windows-Security-Auditing","logon_id":"0223d4cf91b03782","process_id":15867,"image_path":"","run_as":"","publisher":"","update_state":"installed","agent_build":"2026.09.4"},{"timestamp":"2026-09-14T02:21:50.400Z","computer":"srv-099","event_id":4624,"record_id":103152,"user":"employee-439","source_ip":"10.11.1.28","target":"logon-session","logon_type":10,"change_ticket":"","result":"success","channel":"Security","provider":"Microsoft-Windows-Security-Auditing","logon_id":"ad63c359a6487c86","process_id":12430,"image_path":"","run_as":"","publisher":"","update_state":"installed","agent_build":"2026.09.1"},{"timestamp":"2026-09-14T02:21:53.100Z","computer":"srv-026","event_id":4634,"record_id":103153,"user":"employee-266","source_ip":"10.10.2.15","target":"logon-session","logon_type":2,"change_ticket":"","result":"success","channel":"Security","provider":"Microsoft-Windows-Security-Auditing","logon_id":"ad63c359a6487c86","process_id":25253,"image_path":"","run_as":"","publisher":"","update_state":"installed","agent_build":"2026.09.2"},{"timestamp":"2026-09-14T02:21:55.800Z","computer":"srv-201","event_id":4688,"record_id":103154,"user":"employee-469","source_ip":"10.12.3.10","target":"logon-session","logon_type":null,"change_ticket":"","result":"success","channel":"Security","provider":"Microsoft-Windows-Security-Auditing","logon_id":"ad63c359a6487c86","process_id":25810,"image_path":"C:/Program Files/ApprovedAgent/agent.exe","run_as":"","publisher":"Approved Software Team","update_state":"installed","agent_build":"2026.09.3"},{"timestamp":"2026-09-14T02:21:58.500Z","computer":"srv-033","event_id":4625,"record_id":103155,"user":"employee-462","source_ip":"10.10.2.22","target":"logon-session","logon_type":10,"change_ticket":"","result":"failure","channel":"Security","provider":"Microsoft-Windows-Security-Auditing","logon_id":"ad63c359a6487c86","process_id":14625,"image_path":"","run_as":"","publisher":"","update_state":"installed","agent_build":"2026.09.4"},{"timestamp":"2026-09-14T02:22:01.200Z","computer":"srv-204","event_id":4698,"record_id":103156,"user":"employee-406","source_ip":"10.12.3.13","target":"Approved-Maintenance","logon_type":null,"change_ticket":"CHG-DEPLOY-18","result":"success","channel":"Security","provider":"Microsoft-Windows-Security-Auditing","logon_id":"fb64045deff6afce","process_id":4262,"image_path":"C:/Program Files/ApprovedAgent/agent.exe","run_as":"svc-agent","publisher":"Approved Software Team","update_state":"installed","agent_build":"2026.09.1"},{"timestamp":"2026-09-14T02:22:03.900Z","computer":"srv-103","event_id":4728,"record_id":103157,"user":"employee-308","source_ip":"10.11.2.12","target":"Project-Readers","logon_type":null,"change_ticket":"CHG-DEPLOY-18","result":"success","channel":"Security","provider":"Microsoft-Windows-Security-Auditing","logon_id":"fb64045deff6afce","process_id":5555,"image_path":"","run_as":"","publisher":"","update_state":"installed","agent_build":"2026.09.2"},{"timestamp":"2026-09-14T02:22:06.600Z","computer":"srv-024","event_id":4697,"record_id":103158,"user":"employee-34","source_ip":"10.10.2.13","target":"ApprovedAgent","logon_type":null,"change_ticket":"CHG-DEPLOY-18","result":"success","channel":"Security","provider":"Microsoft-Windows-Security-Auditing","logon_id":"fb64045deff6afce","process_id":7449,"image_path":"C:/Program Files/ApprovedAgent/agent.exe","run_as":"svc-agent","publisher":"Approved Software Team","update_state":"installed","agent_build":"2026.09.3"},{"timestamp":"2026-09-14T02:22:09.300Z","computer":"srv-212","event_id":4624,"record_id":103159,"user":"deployment-admin","source_ip":"10.12.3.21","target":"logon-session","logon_type":2,"change_ticket":"","result":"success","channel":"Security","provider":"Microsoft-Windows-Security-Auditing","logon_id":"fb64045deff6afce","process_id":11922,"image_path":"","run_as":"","publisher":"","update_state":"installed","agent_build":"2026.09.4"},{"timestamp":"2026-09-14T02:22:12.000Z","computer":"srv-201","event_id":4624,"record_id":103160,"user":"employee-309","source_ip":"10.12.3.10","target":"logon-session","logon_type":3,"change_ticket":"","result":"success","channel":"Security","provider":"Microsoft-Windows-Security-Auditing","logon_id":"c1f4da6bfd2e8401","process_id":25316,"image_path":"","run_as":"","publisher":"","update_state":"installed","agent_build":"2026.09.1"},{"timestamp":"2026-09-14T02:22:14.700Z","computer":"srv-099","event_id":4634,"record_id":103161,"user":"employee-231","source_ip":"10.11.1.28","target":"logon-session","logon_type":10,"change_ticket":"","result":"success","channel":"Security","provider":"Microsoft-Windows-Security-Auditing","logon_id":"c1f4da6bfd2e8401","process_id":19713,"image_path":"","run_as":"","publisher":"","update_state":"installed","agent_build":"2026.09.2"},{"timestamp":"2026-09-14T02:22:17.400Z","computer":"srv-135","event_id":4688,"record_id":103162,"user":"employee-64","source_ip":"10.11.3.24","target":"logon-session","logon_type":null,"change_ticket":"","result":"success","channel":"Security","provider":"Microsoft-Windows-Security-Auditing","logon_id":"c1f4da6bfd2e8401","process_id":16336,"image_path":"C:/Program Files/ApprovedAgent/agent.exe","run_as":"","publisher":"Approved Software Team","update_state":"restart-pending","agent_build":"2026.09.3"},{"timestamp":"2026-09-14T02:22:20.100Z","computer":"srv-070","event_id":4625,"record_id":103163,"user":"employee-341","source_ip":"10.10.4.19","target":"logon-session","logon_type":3,"change_ticket":"","result":"failure","channel":"Security","provider":"Microsoft-Windows-Security-Auditing","logon_id":"c1f4da6bfd2e8401","process_id":13108,"image_path":"","run_as":"","publisher":"","update_state":"installed","agent_build":"2026.09.4"},{"timestamp":"2026-09-14T02:22:22.800Z","computer":"srv-067","event_id":4698,"record_id":103164,"user":"employee-223","source_ip":"10.10.4.16","target":"Approved-Maintenance","logon_type":null,"change_ticket":"CHG-DEPLOY-18","result":"success","channel":"Security","provider":"Microsoft-Windows-Security-Auditing","logon_id":"dec2a3428e4957bf","process_id":20506,"image_path":"C:/Program Files/ApprovedAgent/agent.exe","run_as":"svc-agent","publisher":"Approved Software Team","update_state":"installed","agent_build":"2026.09.1"},{"timestamp":"2026-09-14T02:22:25.500Z","computer":"srv-228","event_id":4728,"record_id":103165,"user":"employee-335","source_ip":"10.12.4.17","target":"Project-Readers","logon_type":null,"change_ticket":"CHG-DEPLOY-18","result":"success","channel":"Security","provider":"Microsoft-Windows-Security-Auditing","logon_id":"dec2a3428e4957bf","process_id":23354,"image_path":"","run_as":"","publisher":"","update_state":"installed","agent_build":"2026.09.2"},{"timestamp":"2026-09-14T02:22:28.200Z","computer":"srv-090","event_id":4697,"record_id":103166,"user":"employee-402","source_ip":"10.11.1.19","target":"ApprovedAgent","logon_type":null,"change_ticket":"CHG-DEPLOY-18","result":"success","channel":"Security","provider":"Microsoft-Windows-Security-Auditing","logon_id":"dec2a3428e4957bf","process_id":9200,"image_path":"C:/Program Files/ApprovedAgent/agent.exe","run_as":"svc-agent","publisher":"Approved Software Team","update_state":"installed","agent_build":"2026.09.3"},{"timestamp":"2026-09-14T02:22:30.900Z","computer":"srv-132","event_id":4624,"record_id":103167,"user":"employee-412","source_ip":"10.11.3.21","target":"logon-session","logon_type":10,"change_ticket":"","result":"success","channel":"Security","provider":"Microsoft-Windows-Security-Auditing","logon_id":"dec2a3428e4957bf","process_id":19943,"image_path":"","run_as":"","publisher":"","update_state":"installed","agent_build":"2026.09.4"},{"timestamp":"2026-09-14T02:22:33.600Z","computer":"srv-034","event_id":4624,"record_id":103168,"user":"employee-53","source_ip":"10.10.2.23","target":"logon-session","logon_type":2,"change_ticket":"","result":"success","channel":"Security","provider":"Microsoft-Windows-Security-Auditing","logon_id":"43367eb3b6b3c7b6","process_id":25613,"image_path":"","run_as":"","publisher":"","update_state":"installed","agent_build":"2026.09.1"},{"timestamp":"2026-09-14T02:22:36.300Z","computer":"srv-232","event_id":4634,"record_id":103169,"user":"employee-296","source_ip":"10.12.4.21","target":"logon-session","logon_type":3,"change_ticket":"","result":"success","channel":"Security","provider":"Microsoft-Windows-Security-Auditing","logon_id":"43367eb3b6b3c7b6","process_id":6575,"image_path":"","run_as":"","publisher":"","update_state":"installed","agent_build":"2026.09.2"},{"timestamp":"2026-09-14T02:22:39.000Z","computer":"srv-034","event_id":4688,"record_id":103170,"user":"employee-308","source_ip":"10.10.2.23","target":"logon-session","logon_type":null,"change_ticket":"","result":"success","channel":"Security","provider":"Microsoft-Windows-Security-Auditing","logon_id":"43367eb3b6b3c7b6","process_id":3339,"image_path":"C:/Program Files/ApprovedAgent/agent.exe","run_as":"","publisher":"Approved Software Team","update_state":"installed","agent_build":"2026.09.3"},{"timestamp":"2026-09-14T02:22:41.700Z","computer":"srv-075","event_id":4625,"record_id":103171,"user":"employee-475","source_ip":"10.10.4.24","target":"logon-session","logon_type":2,"change_ticket":"","result":"failure","channel":"Security","provider":"Microsoft-Windows-Security-Auditing","logon_id":"43367eb3b6b3c7b6","process_id":4352,"image_path":"","run_as":"","publisher":"","update_state":"installed","agent_build":"2026.09.4"},{"timestamp":"2026-09-14T02:22:44.400Z","computer":"srv-135","event_id":4698,"record_id":103172,"user":"deployment-admin","source_ip":"10.11.3.24","target":"Approved-Maintenance","logon_type":null,"change_ticket":"CHG-DEPLOY-18","result":"success","channel":"Security","provider":"Microsoft-Windows-Security-Auditing","logon_id":"18b95c52726941cd","process_id":13562,"image_path":"C:/Program Files/ApprovedAgent/agent.exe","run_as":"svc-agent","publisher":"Approved Software Team","update_state":"installed","agent_build":"2026.09.1"},{"timestamp":"2026-09-14T02:22:47.100Z","computer":"srv-101","event_id":4728,"record_id":103173,"user":"employee-296","source_ip":"10.11.2.10","target":"Project-Readers","logon_type":null,"change_ticket":"CHG-DEPLOY-18","result":"success","channel":"Security","provider":"Microsoft-Windows-Security-Auditing","logon_id":"18b95c52726941cd","process_id":4426,"image_path":"","run_as":"","publisher":"","update_state":"installed","agent_build":"2026.09.2"},{"timestamp":"2026-09-14T02:22:49.800Z","computer":"srv-147","event_id":4697,"record_id":103174,"user":"employee-268","source_ip":"10.11.4.16","target":"ApprovedAgent","logon_type":null,"change_ticket":"CHG-DEPLOY-18","result":"success","channel":"Security","provider":"Microsoft-Windows-Security-Auditing","logon_id":"18b95c52726941cd","process_id":11574,"image_path":"C:/Program Files/ApprovedAgent/agent.exe","run_as":"svc-agent","publisher":"Approved Software Team","update_state":"installed","agent_build":"2026.09.3"},{"timestamp":"2026-09-14T02:22:52.500Z","computer":"srv-063","event_id":4624,"record_id":103175,"user":"employee-190","source_ip":"10.10.4.12","target":"logon-session","logon_type":3,"change_ticket":"","result":"success","channel":"Security","provider":"Microsoft-Windows-Security-Auditing","logon_id":"18b95c52726941cd","process_id":5333,"image_path":"","run_as":"","publisher":"","update_state":"installed","agent_build":"2026.09.4"},{"timestamp":"2026-09-14T02:22:55.200Z","computer":"srv-171","event_id":4624,"record_id":103176,"user":"employee-232","source_ip":"10.12.1.20","target":"logon-session","logon_type":10,"change_ticket":"","result":"success","channel":"Security","provider":"Microsoft-Windows-Security-Auditing","logon_id":"5035934e06cbdc58","process_id":5066,"image_path":"","run_as":"","publisher":"","update_state":"installed","agent_build":"2026.09.1"},{"timestamp":"2026-09-14T02:22:57.900Z","computer":"srv-058","event_id":4634,"record_id":103177,"user":"employee-360","source_ip":"10.10.3.27","target":"logon-session","logon_type":2,"change_ticket":"","result":"success","channel":"Security","provider":"Microsoft-Windows-Security-Auditing","logon_id":"5035934e06cbdc58","process_id":9601,"image_path":"","run_as":"","publisher":"","update_state":"installed","agent_build":"2026.09.2"},{"timestamp":"2026-09-14T02:23:00.600Z","computer":"srv-044","event_id":4688,"record_id":103178,"user":"employee-146","source_ip":"10.10.3.13","target":"logon-session","logon_type":null,"change_ticket":"","result":"success","channel":"Security","provider":"Microsoft-Windows-Security-Auditing","logon_id":"5035934e06cbdc58","process_id":21638,"image_path":"C:/Program Files/ApprovedAgent/agent.exe","run_as":"","publisher":"Approved Software Team","update_state":"installed","agent_build":"2026.09.3"},{"timestamp":"2026-09-14T02:23:03.300Z","computer":"srv-006","event_id":4625,"record_id":103179,"user":"employee-108","source_ip":"10.10.1.15","target":"logon-session","logon_type":10,"change_ticket":"","result":"failure","channel":"Security","provider":"Microsoft-Windows-Security-Auditing","logon_id":"5035934e06cbdc58","process_id":18556,"image_path":"","run_as":"","publisher":"","update_state":"installed","agent_build":"2026.09.4"},