{"timestamp":"2026-09-14T02:32:38.400Z","computer":"srv-220","event_id":4624,"record_id":103392,"user":"employee-28","source_ip":"10.12.3.29","target":"logon-session","logon_type":10,"change_ticket":"","result":"success","channel":"Security","provider":"Microsoft-Windows-Security-Auditing","logon_id":"555f7ce83e68f858","process_id":3167,"image_path":"","run_as":"","publisher":"","update_state":"installed","agent_build":"2026.09.1"},{"timestamp":"2026-09-14T02:32:41.100Z","computer":"srv-074","event_id":4634,"record_id":103393,"user":"deployment-admin","source_ip":"10.10.4.23","target":"logon-session","logon_type":2,"change_ticket":"","result":"success","channel":"Security","provider":"Microsoft-Windows-Security-Auditing","logon_id":"555f7ce83e68f858","process_id":11125,"image_path":"","run_as":"","publisher":"","update_state":"installed","agent_build":"2026.09.2"},{"timestamp":"2026-09-14T02:32:43.800Z","computer":"srv-230","event_id":4688,"record_id":103394,"user":"employee-8","source_ip":"10.12.4.19","target":"logon-session","logon_type":null,"change_ticket":"","result":"success","channel":"Security","provider":"Microsoft-Windows-Security-Auditing","logon_id":"555f7ce83e68f858","process_id":13977,"image_path":"C:/Program Files/ApprovedAgent/agent.exe","run_as":"","publisher":"Approved Software Team","update_state":"installed","agent_build":"2026.09.3"},{"timestamp":"2026-09-14T02:32:46.500Z","computer":"srv-230","event_id":4625,"record_id":103395,"user":"employee-292","source_ip":"10.12.4.19","target":"logon-session","logon_type":10,"change_ticket":"","result":"failure","channel":"Security","provider":"Microsoft-Windows-Security-Auditing","logon_id":"555f7ce83e68f858","process_id":23248,"image_path":"","run_as":"","publisher":"","update_state":"installed","agent_build":"2026.09.4"},{"timestamp":"2026-09-14T02:32:49.200Z","computer":"srv-189","event_id":4698,"record_id":103396,"user":"employee-297","source_ip":"10.12.2.18","target":"Approved-Maintenance","logon_type":null,"change_ticket":"CHG-DEPLOY-18","result":"success","channel":"Security","provider":"Microsoft-Windows-Security-Auditing","logon_id":"68ca66fb6b2bab81","process_id":2315,"image_path":"C:/Program Files/ApprovedAgent/agent.exe","run_as":"svc-agent","publisher":"Approved Software Team","update_state":"installed","agent_build":"2026.09.1"},{"timestamp":"2026-09-14T02:32:51.900Z","computer":"srv-104","event_id":4728,"record_id":103397,"user":"employee-378","source_ip":"10.11.2.13","target":"Project-Readers","logon_type":null,"change_ticket":"CHG-DEPLOY-18","result":"success","channel":"Security","provider":"Microsoft-Windows-Security-Auditing","logon_id":"68ca66fb6b2bab81","process_id":3830,"image_path":"","run_as":"","publisher":"","update_state":"installed","agent_build":"2026.09.2"},{"timestamp":"2026-09-14T02:32:54.600Z","computer":"srv-192","event_id":4697,"record_id":103398,"user":"employee-392","source_ip":"10.12.2.21","target":"ApprovedAgent","logon_type":null,"change_ticket":"CHG-DEPLOY-18","result":"success","channel":"Security","provider":"Microsoft-Windows-Security-Auditing","logon_id":"68ca66fb6b2bab81","process_id":11577,"image_path":"C:/Program Files/ApprovedAgent/agent.exe","run_as":"svc-agent","publisher":"Approved Software Team","update_state":"installed","agent_build":"2026.09.3"},{"timestamp":"2026-09-14T02:32:57.300Z","computer":"srv-186","event_id":4624,"record_id":103399,"user":"employee-98","source_ip":"10.12.2.15","target":"logon-session","logon_type":2,"change_ticket":"","result":"success","channel":"Security","provider":"Microsoft-Windows-Security-Auditing","logon_id":"68ca66fb6b2bab81","process_id":6122,"image_path":"","run_as":"","publisher":"","update_state":"installed","agent_build":"2026.09.4"},{"timestamp":"2026-09-14T02:33:00.000Z","computer":"srv-014","event_id":4624,"record_id":103400,"user":"employee-275","source_ip":"10.10.1.23","target":"logon-session","logon_type":3,"change_ticket":"","result":"success","channel":"Security","provider":"Microsoft-Windows-Security-Auditing","logon_id":"4aa65e68d22fe180","process_id":22789,"image_path":"","run_as":"","publisher":"","update_state":"installed","agent_build":"2026.09.1"},{"timestamp":"2026-09-14T02:33:02.700Z","computer":"srv-237","event_id":4634,"record_id":103401,"user":"employee-178","source_ip":"10.12.4.26","target":"logon-session","logon_type":10,"change_ticket":"","result":"success","channel":"Security","provider":"Microsoft-Windows-Security-Auditing","logon_id":"4aa65e68d22fe180","process_id":23763,"image_path":"","run_as":"","publisher":"","update_state":"installed","agent_build":"2026.09.2"},{"timestamp":"2026-09-14T02:33:05.400Z","computer":"srv-229","event_id":4688,"record_id":103402,"user":"employee-419","source_ip":"10.12.4.18","target":"logon-session","logon_type":null,"change_ticket":"","result":"success","channel":"Security","provider":"Microsoft-Windows-Security-Auditing","logon_id":"4aa65e68d22fe180","process_id":10631,"image_path":"C:/Program Files/ApprovedAgent/agent.exe","run_as":"","publisher":"Approved Software Team","update_state":"installed","agent_build":"2026.09.3"},{"timestamp":"2026-09-14T02:33:08.100Z","computer":"srv-201","event_id":4625,"record_id":103403,"user":"employee-122","source_ip":"10.12.3.10","target":"logon-session","logon_type":3,"change_ticket":"","result":"failure","channel":"Security","provider":"Microsoft-Windows-Security-Auditing","logon_id":"4aa65e68d22fe180","process_id":8513,"image_path":"","run_as":"","publisher":"","update_state":"installed","agent_build":"2026.09.4"},{"timestamp":"2026-09-14T02:33:10.800Z","computer":"srv-072","event_id":4698,"record_id":103404,"user":"employee-2","source_ip":"10.10.4.21","target":"Approved-Maintenance","logon_type":null,"change_ticket":"CHG-DEPLOY-18","result":"success","channel":"Security","provider":"Microsoft-Windows-Security-Auditing","logon_id":"d665d58f33fae7de","process_id":22026,"image_path":"C:/Program Files/ApprovedAgent/agent.exe","run_as":"svc-agent","publisher":"Approved Software Team","update_state":"installed","agent_build":"2026.09.1"},{"timestamp":"2026-09-14T02:33:13.500Z","computer":"srv-186","event_id":4728,"record_id":103405,"user":"employee-183","source_ip":"10.12.2.15","target":"Project-Readers","logon_type":null,"change_ticket":"CHG-DEPLOY-18","result":"success","channel":"Security","provider":"Microsoft-Windows-Security-Auditing","logon_id":"d665d58f33fae7de","process_id":7821,"image_path":"","run_as":"","publisher":"","update_state":"installed","agent_build":"2026.09.2"},{"timestamp":"2026-09-14T02:33:16.200Z","computer":"srv-011","event_id":4697,"record_id":103406,"user":"deployment-admin","source_ip":"10.10.1.20","target":"ApprovedAgent","logon_type":null,"change_ticket":"CHG-DEPLOY-18","result":"success","channel":"Security","provider":"Microsoft-Windows-Security-Auditing","logon_id":"d665d58f33fae7de","process_id":19419,"image_path":"C:/Program Files/ApprovedAgent/agent.exe","run_as":"svc-agent","publisher":"Approved Software Team","update_state":"installed","agent_build":"2026.09.3"},{"timestamp":"2026-09-14T02:33:18.900Z","computer":"srv-098","event_id":4624,"record_id":103407,"user":"employee-188","source_ip":"10.11.1.27","target":"logon-session","logon_type":10,"change_ticket":"","result":"success","channel":"Security","provider":"Microsoft-Windows-Security-Auditing","logon_id":"d665d58f33fae7de","process_id":3463,"image_path":"","run_as":"","publisher":"","update_state":"installed","agent_build":"2026.09.4"},{"timestamp":"2026-09-14T02:33:21.600Z","computer":"srv-189","event_id":4624,"record_id":103408,"user":"employee-379","source_ip":"10.12.2.18","target":"logon-session","logon_type":2,"change_ticket":"","result":"success","channel":"Security","provider":"Microsoft-Windows-Security-Auditing","logon_id":"cfc17137dd6621d1","process_id":19728,"image_path":"","run_as":"","publisher":"","update_state":"installed","agent_build":"2026.09.1"},{"timestamp":"2026-09-14T02:33:24.300Z","computer":"srv-006","event_id":4634,"record_id":103409,"user":"employee-319","source_ip":"10.10.1.15","target":"logon-session","logon_type":3,"change_ticket":"","result":"success","channel":"Security","provider":"Microsoft-Windows-Security-Auditing","logon_id":"cfc17137dd6621d1","process_id":16094,"image_path":"","run_as":"","publisher":"","update_state":"installed","agent_build":"2026.09.2"},{"timestamp":"2026-09-14T02:33:27.000Z","computer":"srv-070","event_id":4688,"record_id":103410,"user":"employee-408","source_ip":"10.10.4.19","target":"logon-session","logon_type":null,"change_ticket":"","result":"success","channel":"Security","provider":"Microsoft-Windows-Security-Auditing","logon_id":"cfc17137dd6621d1","process_id":22526,"image_path":"C:/Program Files/ApprovedAgent/agent.exe","run_as":"","publisher":"Approved Software Team","update_state":"restart-pending","agent_build":"2026.09.3"},{"timestamp":"2026-09-14T02:33:29.700Z","computer":"srv-077","event_id":4625,"record_id":103411,"user":"employee-83","source_ip":"10.10.4.26","target":"logon-session","logon_type":2,"change_ticket":"","result":"failure","channel":"Security","provider":"Microsoft-Windows-Security-Auditing","logon_id":"cfc17137dd6621d1","process_id":20482,"image_path":"","run_as":"","publisher":"","update_state":"installed","agent_build":"2026.09.4"},{"timestamp":"2026-09-14T02:33:32.400Z","computer":"srv-232","event_id":4698,"record_id":103412,"user":"employee-75","source_ip":"10.12.4.21","target":"Approved-Maintenance","logon_type":null,"change_ticket":"CHG-DEPLOY-18","result":"success","channel":"Security","provider":"Microsoft-Windows-Security-Auditing","logon_id":"6f43fba2bbeba07d","process_id":18766,"image_path":"C:/Program Files/ApprovedAgent/agent.exe","run_as":"svc-agent","publisher":"Approved Software Team","update_state":"installed","agent_build":"2026.09.1"},{"timestamp":"2026-09-14T02:33:35.100Z","computer":"srv-030","event_id":4728,"record_id":103413,"user":"employee-391","source_ip":"10.10.2.19","target":"Project-Readers","logon_type":null,"change_ticket":"CHG-DEPLOY-18","result":"success","channel":"Security","provider":"Microsoft-Windows-Security-Auditing","logon_id":"6f43fba2bbeba07d","process_id":16931,"image_path":"","run_as":"","publisher":"","update_state":"installed","agent_build":"2026.09.2"},{"timestamp":"2026-09-14T02:33:37.800Z","computer":"srv-027","event_id":4697,"record_id":103414,"user":"employee-11","source_ip":"10.10.2.16","target":"ApprovedAgent","logon_type":null,"change_ticket":"CHG-DEPLOY-18","result":"success","channel":"Security","provider":"Microsoft-Windows-Security-Auditing","logon_id":"6f43fba2bbeba07d","process_id":14550,"image_path":"C:/Program Files/ApprovedAgent/agent.exe","run_as":"svc-agent","publisher":"Approved Software Team","update_state":"installed","agent_build":"2026.09.3"},{"timestamp":"2026-09-14T02:33:40.500Z","computer":"srv-208","event_id":4624,"record_id":103415,"user":"employee-169","source_ip":"10.12.3.17","target":"logon-session","logon_type":3,"change_ticket":"","result":"success","channel":"Security","provider":"Microsoft-Windows-Security-Auditing","logon_id":"6f43fba2bbeba07d","process_id":12345,"image_path":"","run_as":"","publisher":"","update_state":"installed","agent_build":"2026.09.4"},{"timestamp":"2026-09-14T02:33:43.200Z","computer":"srv-036","event_id":4624,"record_id":103416,"user":"employee-268","source_ip":"10.10.2.25","target":"logon-session","logon_type":10,"change_ticket":"","result":"success","channel":"Security","provider":"Microsoft-Windows-Security-Auditing","logon_id":"65e18859263ea597","process_id":16010,"image_path":"","run_as":"","publisher":"","update_state":"installed","agent_build":"2026.09.1"},{"timestamp":"2026-09-14T02:33:45.900Z","computer":"srv-161","event_id":4634,"record_id":103417,"user":"employee-386","source_ip":"10.12.1.10","target":"logon-session","logon_type":2,"change_ticket":"","result":"success","channel":"Security","provider":"Microsoft-Windows-Security-Auditing","logon_id":"65e18859263ea597","process_id":21496,"image_path":"","run_as":"","publisher":"","update_state":"installed","agent_build":"2026.09.2"},{"timestamp":"2026-09-14T02:33:48.600Z","computer":"srv-184","event_id":4688,"record_id":103418,"user":"employee-177","source_ip":"10.12.2.13","target":"logon-session","logon_type":null,"change_ticket":"","result":"success","channel":"Security","provider":"Microsoft-Windows-Security-Auditing","logon_id":"65e18859263ea597","process_id":13900,"image_path":"C:/Program Files/ApprovedAgent/agent.exe","run_as":"","publisher":"Approved Software Team","update_state":"installed","agent_build":"2026.09.3"},{"timestamp":"2026-09-14T02:33:51.300Z","computer":"srv-014","event_id":4625,"record_id":103419,"user":"deployment-admin","source_ip":"10.10.1.23","target":"logon-session","logon_type":10,"change_ticket":"","result":"failure","channel":"Security","provider":"Microsoft-Windows-Security-Auditing","logon_id":"65e18859263ea597","process_id":12779,"image_path":"","run_as":"","publisher":"","update_state":"installed","agent_build":"2026.09.4"},{"timestamp":"2026-09-14T02:33:54.000Z","computer":"srv-213","event_id":4698,"record_id":103420,"user":"employee-449","source_ip":"10.12.3.22","target":"Approved-Maintenance","logon_type":null,"change_ticket":"CHG-DEPLOY-18","result":"success","channel":"Security","provider":"Microsoft-Windows-Security-Auditing","logon_id":"78f45eb2a82fa67b","process_id":20413,"image_path":"C:/Program Files/ApprovedAgent/agent.exe","run_as":"svc-agent","publisher":"Approved Software Team","update_state":"installed","agent_build":"2026.09.1"},{"timestamp":"2026-09-14T02:33:56.700Z","computer":"srv-126","event_id":4728,"record_id":103421,"user":"employee-280","source_ip":"10.11.3.15","target":"Project-Readers","logon_type":null,"change_ticket":"CHG-DEPLOY-18","result":"success","channel":"Security","provider":"Microsoft-Windows-Security-Auditing","logon_id":"78f45eb2a82fa67b","process_id":14482,"image_path":"","run_as":"","publisher":"","update_state":"installed","agent_build":"2026.09.2"},{"timestamp":"2026-09-14T02:33:59.400Z","computer":"srv-094","event_id":4697,"record_id":103422,"user":"employee-121","source_ip":"10.11.1.23","target":"ApprovedAgent","logon_type":null,"change_ticket":"CHG-DEPLOY-18","result":"success","channel":"Security","provider":"Microsoft-Windows-Security-Auditing","logon_id":"78f45eb2a82fa67b","process_id":24660,"image_path":"C:/Program Files/ApprovedAgent/agent.exe","run_as":"svc-agent","publisher":"Approved Software Team","update_state":"no-report","agent_build":"2026.09.3"},{"timestamp":"2026-09-14T02:34:02.100Z","computer":"srv-207","event_id":4624,"record_id":103423,"user":"employee-5","source_ip":"10.12.3.16","target":"logon-session","logon_type":2,"change_ticket":"","result":"success","channel":"Security","provider":"Microsoft-Windows-Security-Auditing","logon_id":"78f45eb2a82fa67b","process_id":8366,"image_path":"","run_as":"","publisher":"","update_state":"installed","agent_build":"2026.09.4"},{"timestamp":"2026-09-14T02:34:04.800Z","computer":"srv-177","event_id":4624,"record_id":103424,"user":"employee-334","source_ip":"10.12.1.26","target":"logon-session","logon_type":3,"change_ticket":"","result":"success","channel":"Security","provider":"Microsoft-Windows-Security-Auditing","logon_id":"a7c9ab66d5039e37","process_id":19779,"image_path":"","run_as":"","publisher":"","update_state":"installed","agent_build":"2026.09.1"},{"timestamp":"2026-09-14T02:34:07.500Z","computer":"srv-188","event_id":4634,"record_id":103425,"user":"employee-108","source_ip":"10.12.2.17","target":"logon-session","logon_type":10,"change_ticket":"","result":"success","channel":"Security","provider":"Microsoft-Windows-Security-Auditing","logon_id":"a7c9ab66d5039e37","process_id":2195,"image_path":"","run_as":"","publisher":"","update_state":"installed","agent_build":"2026.09.2"},{"timestamp":"2026-09-14T02:34:10.200Z","computer":"srv-106","event_id":4688,"record_id":103426,"user":"employee-1","source_ip":"10.11.2.15","target":"logon-session","logon_type":null,"change_ticket":"","result":"success","channel":"Security","provider":"Microsoft-Windows-Security-Auditing","logon_id":"a7c9ab66d5039e37","process_id":6904,"image_path":"C:/Program Files/ApprovedAgent/agent.exe","run_as":"","publisher":"Approved Software Team","update_state":"installed","agent_build":"2026.09.3"},{"timestamp":"2026-09-14T02:34:12.900Z","computer":"srv-161","event_id":4625,"record_id":103427,"user":"employee-390","source_ip":"10.12.1.10","target":"logon-session","logon_type":3,"change_ticket":"","result":"failure","channel":"Security","provider":"Microsoft-Windows-Security-Auditing","logon_id":"a7c9ab66d5039e37","process_id":25189,"image_path":"","run_as":"","publisher":"","update_state":"installed","agent_build":"2026.09.4"},{"timestamp":"2026-09-14T02:34:15.600Z","computer":"srv-010","event_id":4698,"record_id":103428,"user":"employee-8","source_ip":"10.10.1.19","target":"Approved-Maintenance","logon_type":null,"change_ticket":"CHG-DEPLOY-18","result":"success","channel":"Security","provider":"Microsoft-Windows-Security-Auditing","logon_id":"9a3a00189fb37d26","process_id":9912,"image_path":"C:/Program Files/ApprovedAgent/agent.exe","run_as":"svc-agent","publisher":"Approved Software Team","update_state":"installed","agent_build":"2026.09.1"},{"timestamp":"2026-09-14T02:34:18.300Z","computer":"srv-013","event_id":4728,"record_id":103429,"user":"employee-89","source_ip":"10.10.1.22","target":"Project-Readers","logon_type":null,"change_ticket":"CHG-DEPLOY-18","result":"success","channel":"Security","provider":"Microsoft-Windows-Security-Auditing","logon_id":"9a3a00189fb37d26","process_id":23283,"image_path":"","run_as":"","publisher":"","update_state":"installed","agent_build":"2026.09.2"},{"timestamp":"2026-09-14T02:34:21.000Z","computer":"srv-046","event_id":4697,"record_id":103430,"user":"employee-19","source_ip":"10.10.3.15","target":"ApprovedAgent","logon_type":null,"change_ticket":"CHG-DEPLOY-18","result":"success","channel":"Security","provider":"Microsoft-Windows-Security-Auditing","logon_id":"9a3a00189fb37d26","process_id":18141,"image_path":"C:/Program Files/ApprovedAgent/agent.exe","run_as":"svc-agent","publisher":"Approved Software Team","update_state":"installed","agent_build":"2026.09.3"},{"timestamp":"2026-09-14T02:34:23.700Z","computer":"srv-177","event_id":4624,"record_id":103431,"user":"employee-384","source_ip":"10.12.1.26","target":"logon-session","logon_type":10,"change_ticket":"","result":"success","channel":"Security","provider":"Microsoft-Windows-Security-Auditing","logon_id":"9a3a00189fb37d26","process_id":9720,"image_path":"","run_as":"","publisher":"","update_state":"failed","agent_build":"2026.09.4"},{"timestamp":"2026-09-14T02:34:26.400Z","computer":"srv-194","event_id":4624,"record_id":103432,"user":"deployment-admin","source_ip":"10.12.2.23","target":"logon-session","logon_type":2,"change_ticket":"","result":"success","channel":"Security","provider":"Microsoft-Windows-Security-Auditing","logon_id":"493ebf3edcabb6c8","process_id":15529,"image_path":"","run_as":"","publisher":"","update_state":"installed","agent_build":"2026.09.1"},{"timestamp":"2026-09-14T02:34:29.100Z","computer":"srv-146","event_id":4634,"record_id":103433,"user":"employee-58","source_ip":"10.11.4.15","target":"logon-session","logon_type":3,"change_ticket":"","result":"success","channel":"Security","provider":"Microsoft-Windows-Security-Auditing","logon_id":"493ebf3edcabb6c8","process_id":10796,"image_path":"","run_as":"","publisher":"","update_state":"installed","agent_build":"2026.09.2"},{"timestamp":"2026-09-14T02:34:31.800Z","computer":"srv-203","event_id":4688,"record_id":103434,"user":"employee-154","source_ip":"10.12.3.12","target":"logon-session","logon_type":null,"change_ticket":"","result":"success","channel":"Security","provider":"Microsoft-Windows-Security-Auditing","logon_id":"493ebf3edcabb6c8","process_id":15139,"image_path":"C:/Program Files/ApprovedAgent/agent.exe","run_as":"","publisher":"Approved Software Team","update_state":"installed","agent_build":"2026.09.3"},{"timestamp":"2026-09-14T02:34:34.500Z","computer":"srv-165","event_id":4625,"record_id":103435,"user":"employee-394","source_ip":"10.12.1.14","target":"logon-session","logon_type":2,"change_ticket":"","result":"failure","channel":"Security","provider":"Microsoft-Windows-Security-Auditing","logon_id":"493ebf3edcabb6c8","process_id":7013,"image_path":"","run_as":"","publisher":"","update_state":"installed","agent_build":"2026.09.4"},{"timestamp":"2026-09-14T02:34:37.200Z","computer":"srv-152","event_id":4698,"record_id":103436,"user":"employee-82","source_ip":"10.11.4.21","target":"Approved-Maintenance","logon_type":null,"change_ticket":"CHG-DEPLOY-18","result":"success","channel":"Security","provider":"Microsoft-Windows-Security-Auditing","logon_id":"9c508fb892bebec1","process_id":11151,"image_path":"C:/Program Files/ApprovedAgent/agent.exe","run_as":"svc-agent","publisher":"Approved Software Team","update_state":"installed","agent_build":"2026.09.1"},{"timestamp":"2026-09-14T02:34:39.900Z","computer":"srv-010","event_id":4728,"record_id":103437,"user":"employee-157","source_ip":"10.10.1.19","target":"Project-Readers","logon_type":null,"change_ticket":"CHG-DEPLOY-18","result":"success","channel":"Security","provider":"Microsoft-Windows-Security-Auditing","logon_id":"9c508fb892bebec1","process_id":6491,"image_path":"","run_as":"","publisher":"","update_state":"installed","agent_build":"2026.09.2"},{"timestamp":"2026-09-14T02:34:42.600Z","computer":"srv-232","event_id":4697,"record_id":103438,"user":"employee-131","source_ip":"10.12.4.21","target":"ApprovedAgent","logon_type":null,"change_ticket":"CHG-DEPLOY-18","result":"success","channel":"Security","provider":"Microsoft-Windows-Security-Auditing","logon_id":"9c508fb892bebec1","process_id":18627,"image_path":"C:/Program Files/ApprovedAgent/agent.exe","run_as":"svc-agent","publisher":"Approved Software Team","update_state":"installed","agent_build":"2026.09.3"},{"timestamp":"2026-09-14T02:34:45.300Z","computer":"srv-066","event_id":4624,"record_id":103439,"user":"employee-222","source_ip":"10.10.4.15","target":"logon-session","logon_type":3,"change_ticket":"","result":"success","channel":"Security","provider":"Microsoft-Windows-Security-Auditing","logon_id":"9c508fb892bebec1","process_id":23703,"image_path":"","run_as":"","publisher":"","update_state":"installed","agent_build":"2026.09.4"},{"timestamp":"2026-09-14T02:34:48.000Z","computer":"srv-145","event_id":4624,"record_id":103440,"user":"employee-242","source_ip":"10.11.4.14","target":"logon-session","logon_type":10,"change_ticket":"","result":"success","channel":"Security","provider":"Microsoft-Windows-Security-Auditing","logon_id":"438d15bce706832f","process_id":22704,"image_path":"","run_as":"","publisher":"","update_state":"installed","agent_build":"2026.09.1"},{"timestamp":"2026-09-14T02:34:50.700Z","computer":"srv-053","event_id":4634,"record_id":103441,"user":"employee-340","source_ip":"10.10.3.22","target":"logon-session","logon_type":2,"change_ticket":"","result":"success","channel":"Security","provider":"Microsoft-Windows-Security-Auditing","logon_id":"438d15bce706832f","process_id":6970,"image_path":"","run_as":"","publisher":"","update_state":"restart-pending","agent_build":"2026.09.2"},{"timestamp":"2026-09-14T02:34:53.400Z","computer":"srv-150","event_id":4688,"record_id":103442,"user":"employee-160","source_ip":"10.11.4.19","target":"logon-session","logon_type":null,"change_ticket":"","result":"success","channel":"Security","provider":"Microsoft-Windows-Security-Auditing","logon_id":"438d15bce706832f","process_id":21300,"image_path":"C:/Program Files/ApprovedAgent/agent.exe","run_as":"","publisher":"Approved Software Team","update_state":"installed","agent_build":"2026.09.3"},{"timestamp":"2026-09-14T02:34:56.100Z","computer":"srv-215","event_id":4625,"record_id":103443,"user":"employee-467","source_ip":"10.12.3.24","target":"logon-session","logon_type":10,"change_ticket":"","result":"failure","channel":"Security","provider":"Microsoft-Windows-Security-Auditing","logon_id":"438d15bce706832f","process_id":18654,"image_path":"","run_as":"","publisher":"","update_state":"installed","agent_build":"2026.09.4"},{"timestamp":"2026-09-14T02:34:58.800Z","computer":"srv-015","event_id":4698,"record_id":103444,"user":"employee-453","source_ip":"10.10.1.24","target":"Approved-Maintenance","logon_type":null,"change_ticket":"CHG-DEPLOY-18","result":"success","channel":"Security","provider":"Microsoft-Windows-Security-Auditing","logon_id":"b7c40f15a940e717","process_id":1956,"image_path":"C:/Program Files/ApprovedAgent/agent.exe","run_as":"svc-agent","publisher":"Approved Software Team","update_state":"installed","agent_build":"2026.09.1"},{"timestamp":"2026-09-14T02:35:01.500Z","computer":"srv-063","event_id":4728,"record_id":103445,"user":"deployment-admin","source_ip":"10.10.4.12","target":"Project-Readers","logon_type":null,"change_ticket":"CHG-DEPLOY-18","result":"success","channel":"Security","provider":"Microsoft-Windows-Security-Auditing","logon_id":"b7c40f15a940e717","process_id":11809,"image_path":"","run_as":"","publisher":"","update_state":"installed","agent_build":"2026.09.2"},{"timestamp":"2026-09-14T02:35:04.200Z","computer":"srv-046","event_id":4697,"record_id":103446,"user":"employee-474","source_ip":"10.10.3.15","target":"ApprovedAgent","logon_type":null,"change_ticket":"CHG-DEPLOY-18","result":"success","channel":"Security","provider":"Microsoft-Windows-Security-Auditing","logon_id":"b7c40f15a940e717","process_id":1587,"image_path":"C:/Program Files/ApprovedAgent/agent.exe","run_as":"svc-agent","publisher":"Approved Software Team","update_state":"installed","agent_build":"2026.09.3"},{"timestamp":"2026-09-14T02:35:06.900Z","computer":"srv-192","event_id":4624,"record_id":103447,"user":"employee-68","source_ip":"10.12.2.21","target":"logon-session","logon_type":2,"change_ticket":"","result":"success","channel":"Security","provider":"Microsoft-Windows-Security-Auditing","logon_id":"b7c40f15a940e717","process_id":21267,"image_path":"","run_as":"","publisher":"","update_state":"installed","agent_build":"2026.09.4"},{"timestamp":"2026-09-14T02:35:09.600Z","computer":"srv-024","event_id":4624,"record_id":103448,"user":"employee-19","source_ip":"10.10.2.13","target":"logon-session","logon_type":3,"change_ticket":"","result":"success","channel":"Security","provider":"Microsoft-Windows-Security-Auditing","logon_id":"f5d96b6679987555","process_id":4245,"image_path":"","run_as":"","publisher":"","update_state":"installed","agent_build":"2026.09.1"},{"timestamp":"2026-09-14T02:35:12.300Z","computer":"srv-240","event_id":4634,"record_id":103449,"user":"employee-142","source_ip":"10.12.4.29","target":"logon-session","logon_type":10,"change_ticket":"","result":"success","channel":"Security","provider":"Microsoft-Windows-Security-Auditing","logon_id":"f5d96b6679987555","process_id":13799,"image_path":"","run_as":"","publisher":"","update_state":"installed","agent_build":"2026.09.2"},{"timestamp":"2026-09-14T02:35:15.000Z","computer":"srv-144","event_id":4688,"record_id":103450,"user":"employee-260","source_ip":"10.11.4.13","target":"logon-session","logon_type":null,"change_ticket":"","result":"success","channel":"Security","provider":"Microsoft-Windows-Security-Auditing","logon_id":"f5d96b6679987555","process_id":1200,"image_path":"C:/Program Files/ApprovedAgent/agent.exe","run_as":"","publisher":"Approved Software Team","update_state":"installed","agent_build":"2026.09.3"},{"timestamp":"2026-09-14T02:35:17.700Z","computer":"srv-107","event_id":4625,"record_id":103451,"user":"employee-95","source_ip":"10.11.2.16","target":"logon-session","logon_type":3,"change_ticket":"","result":"failure","channel":"Security","provider":"Microsoft-Windows-Security-Auditing","logon_id":"f5d96b6679987555","process_id":22637,"image_path":"","run_as":"","publisher":"","update_state":"installed","agent_build":"2026.09.4"},{"timestamp":"2026-09-14T02:35:20.400Z","computer":"srv-107","event_id":4698,"record_id":103452,"user":"employee-288","source_ip":"10.11.2.16","target":"Approved-Maintenance","logon_type":null,"change_ticket":"CHG-DEPLOY-18","result":"success","channel":"Security","provider":"Microsoft-Windows-Security-Auditing","logon_id":"8dc9f9e9dedaba0f","process_id":20712,"image_path":"C:/Program Files/ApprovedAgent/agent.exe","run_as":"svc-agent","publisher":"Approved Software Team","update_state":"installed","agent_build":"2026.09.1"},{"timestamp":"2026-09-14T02:35:23.100Z","computer":"srv-116","event_id":4728,"record_id":103453,"user":"employee-457","source_ip":"10.11.2.25","target":"Project-Readers","logon_type":null,"change_ticket":"CHG-DEPLOY-18","result":"success","channel":"Security","provider":"Microsoft-Windows-Security-Auditing","logon_id":"8dc9f9e9dedaba0f","process_id":2702,"image_path":"","run_as":"","publisher":"","update_state":"installed","agent_build":"2026.09.2"},{"timestamp":"2026-09-14T02:35:25.800Z","computer":"srv-110","event_id":4697,"record_id":103454,"user":"employee-186","source_ip":"10.11.2.19","target":"ApprovedAgent","logon_type":null,"change_ticket":"CHG-DEPLOY-18","result":"success","channel":"Security","provider":"Microsoft-Windows-Security-Auditing","logon_id":"8dc9f9e9dedaba0f","process_id":24503,"image_path":"C:/Program Files/ApprovedAgent/agent.exe","run_as":"svc-agent","publisher":"Approved Software Team","update_state":"installed","agent_build":"2026.09.3"},{"timestamp":"2026-09-14T02:35:28.500Z","computer":"srv-223","event_id":4624,"record_id":103455,"user":"employee-157","source_ip":"10.12.4.12","target":"logon-session","logon_type":10,"change_ticket":"","result":"success","channel":"Security","provider":"Microsoft-Windows-Security-Auditing","logon_id":"8dc9f9e9dedaba0f","process_id":7871,"image_path":"","run_as":"","publisher":"","update_state":"installed","agent_build":"2026.09.4"},{"timestamp":"2026-09-14T02:35:31.200Z","computer":"srv-240","event_id":4624,"record_id":103456,"user":"employee-299","source_ip":"10.12.4.29","target":"logon-session","logon_type":2,"change_ticket":"","result":"success","channel":"Security","provider":"Microsoft-Windows-Security-Auditing","logon_id":"b4bc45cf621f3a2b","process_id":1396,"image_path":"","run_as":"","publisher":"","update_state":"installed","agent_build":"2026.09.1"},{"timestamp":"2026-09-14T02:35:33.900Z","computer":"srv-133","event_id":4634,"record_id":103457,"user":"employee-105","source_ip":"10.11.3.22","target":"logon-session","logon_type":3,"change_ticket":"","result":"success","channel":"Security","provider":"Microsoft-Windows-Security-Auditing","logon_id":"b4bc45cf621f3a2b","process_id":9760,"image_path":"","run_as":"","publisher":"","update_state":"installed","agent_build":"2026.09.2"},{"timestamp":"2026-09-14T02:35:36.600Z","computer":"srv-010","event_id":4688,"record_id":103458,"user":"deployment-admin","source_ip":"10.10.1.19","target":"logon-session","logon_type":null,"change_ticket":"","result":"success","channel":"Security","provider":"Microsoft-Windows-Security-Auditing","logon_id":"b4bc45cf621f3a2b","process_id":24582,"image_path":"C:/Program Files/ApprovedAgent/agent.exe","run_as":"","publisher":"Approved Software Team","update_state":"installed","agent_build":"2026.09.3"},{"timestamp":"2026-09-14T02:35:39.300Z","computer":"srv-027","event_id":4625,"record_id":103459,"user":"employee-54","source_ip":"10.10.2.16","target":"logon-session","logon_type":2,"change_ticket":"","result":"failure","channel":"Security","provider":"Microsoft-Windows-Security-Auditing","logon_id":"b4bc45cf621f3a2b","process_id":17861,"image_path":"","run_as":"","publisher":"","update_state":"installed","agent_build":"2026.09.4"},{"timestamp":"2026-09-14T02:35:42.000Z","computer":"srv-074","event_id":4698,"record_id":103460,"user":"employee-257","source_ip":"10.10.4.23","target":"Approved-Maintenance","logon_type":null,"change_ticket":"CHG-DEPLOY-18","result":"success","channel":"Security","provider":"Microsoft-Windows-Security-Auditing","logon_id":"5dc699b83a244733","process_id":3270,"image_path":"C:/Program Files/ApprovedAgent/agent.exe","run_as":"svc-agent","publisher":"Approved Software Team","update_state":"installed","agent_build":"2026.09.1"},{"timestamp":"2026-09-14T02:35:44.700Z","computer":"srv-110","event_id":4728,"record_id":103461,"user":"employee-164","source_ip":"10.11.2.19","target":"Project-Readers","logon_type":null,"change_ticket":"CHG-DEPLOY-18","result":"success","channel":"Security","provider":"Microsoft-Windows-Security-Auditing","logon_id":"5dc699b83a244733","process_id":18599,"image_path":"","run_as":"","publisher":"","update_state":"installed","agent_build":"2026.09.2"},{"timestamp":"2026-09-14T02:35:47.400Z","computer":"srv-214","event_id":4697,"record_id":103462,"user":"employee-314","source_ip":"10.12.3.23","target":"ApprovedAgent","logon_type":null,"change_ticket":"CHG-DEPLOY-18","result":"success","channel":"Security","provider":"Microsoft-Windows-Security-Auditing","logon_id":"5dc699b83a244733","process_id":3495,"image_path":"C:/Program Files/ApprovedAgent/agent.exe","run_as":"svc-agent","publisher":"Approved Software Team","update_state":"installed","agent_build":"2026.09.3"},{"timestamp":"2026-09-14T02:35:50.100Z","computer":"srv-194","event_id":4624,"record_id":103463,"user":"employee-460","source_ip":"10.12.2.23","target":"logon-session","logon_type":3,"change_ticket":"","result":"success","channel":"Security","provider":"Microsoft-Windows-Security-Auditing","logon_id":"5dc699b83a244733","process_id":9453,"image_path":"","run_as":"","publisher":"","update_state":"installed","agent_build":"2026.09.4"},{"timestamp":"2026-09-14T02:35:52.800Z","computer":"srv-161","event_id":4624,"record_id":103464,"user":"employee-471","source_ip":"10.12.1.10","target":"logon-session","logon_type":10,"change_ticket":"","result":"success","channel":"Security","provider":"Microsoft-Windows-Security-Auditing","logon_id":"c996b1218ed7e6ce","process_id":17990,"image_path":"","run_as":"","publisher":"","update_state":"installed","agent_build":"2026.09.1"},{"timestamp":"2026-09-14T02:35:55.500Z","computer":"srv-073","event_id":4634,"record_id":103465,"user":"employee-5","source_ip":"10.10.4.22","target":"logon-session","logon_type":2,"change_ticket":"","result":"success","channel":"Security","provider":"Microsoft-Windows-Security-Auditing","logon_id":"c996b1218ed7e6ce","process_id":22045,"image_path":"","run_as":"","publisher":"","update_state":"installed","agent_build":"2026.09.2"},{"timestamp":"2026-09-14T02:35:58.200Z","computer":"srv-208","event_id":4688,"record_id":103466,"user":"employee-428","source_ip":"10.12.3.17","target":"logon-session","logon_type":null,"change_ticket":"","result":"success","channel":"Security","provider":"Microsoft-Windows-Security-Auditing","logon_id":"c996b1218ed7e6ce","process_id":25363,"image_path":"C:/Program Files/ApprovedAgent/agent.exe","run_as":"","publisher":"Approved Software Team","update_state":"installed","agent_build":"2026.09.3"},{"timestamp":"2026-09-14T02:36:00.900Z","computer":"srv-133","event_id":4625,"record_id":103467,"user":"employee-437","source_ip":"10.11.3.22","target":"logon-session","logon_type":10,"change_ticket":"","result":"failure","channel":"Security","provider":"Microsoft-Windows-Security-Auditing","logon_id":"c996b1218ed7e6ce","process_id":17661,"image_path":"","run_as":"","publisher":"","update_state":"installed","agent_build":"2026.09.4"},{"timestamp":"2026-09-14T02:36:03.600Z","computer":"srv-077","event_id":4698,"record_id":103468,"user":"employee-436","source_ip":"10.10.4.26","target":"Approved-Maintenance","logon_type":null,"change_ticket":"CHG-DEPLOY-18","result":"success","channel":"Security","provider":"Microsoft-Windows-Security-Auditing","logon_id":"7651f6c50b1ff705","process_id":16535,"image_path":"C:/Program Files/ApprovedAgent/agent.exe","run_as":"svc-agent","publisher":"Approved Software Team","update_state":"installed","agent_build":"2026.09.1"},{"timestamp":"2026-09-14T02:36:06.300Z","computer":"srv-181","event_id":4728,"record_id":103469,"user":"employee-233","source_ip":"10.12.2.10","target":"Project-Readers","logon_type":null,"change_ticket":"CHG-DEPLOY-18","result":"success","channel":"Security","provider":"Microsoft-Windows-Security-Auditing","logon_id":"7651f6c50b1ff705","process_id":4167,"image_path":"","run_as":"","publisher":"","update_state":"installed","agent_build":"2026.09.2"},{"timestamp":"2026-09-14T02:36:09.000Z","computer":"srv-133","event_id":4697,"record_id":103470,"user":"employee-308","source_ip":"10.11.3.22","target":"ApprovedAgent","logon_type":null,"change_ticket":"CHG-DEPLOY-18","result":"success","channel":"Security","provider":"Microsoft-Windows-Security-Auditing","logon_id":"7651f6c50b1ff705","process_id":9413,"image_path":"C:/Program Files/ApprovedAgent/agent.exe","run_as":"svc-agent","publisher":"Approved Software Team","update_state":"installed","agent_build":"2026.09.3"},{"timestamp":"2026-09-14T02:36:11.700Z","computer":"srv-138","event_id":4624,"record_id":103471,"user":"deployment-admin","source_ip":"10.11.3.27","target":"logon-session","logon_type":2,"change_ticket":"","result":"success","channel":"Security","provider":"Microsoft-Windows-Security-Auditing","logon_id":"7651f6c50b1ff705","process_id":22368,"image_path":"","run_as":"","publisher":"","update_state":"installed","agent_build":"2026.09.4"},{"timestamp":"2026-09-14T02:36:14.400Z","computer":"srv-029","event_id":4624,"record_id":103472,"user":"employee-273","source_ip":"10.10.2.18","target":"logon-session","logon_type":3,"change_ticket":"","result":"success","channel":"Security","provider":"Microsoft-Windows-Security-Auditing","logon_id":"592c4b166378169f","process_id":19013,"image_path":"","run_as":"","publisher":"","update_state":"restart-pending","agent_build":"2026.09.1"},{"timestamp":"2026-09-14T02:36:17.100Z","computer":"srv-220","event_id":4634,"record_id":103473,"user":"employee-56","source_ip":"10.12.3.29","target":"logon-session","logon_type":10,"change_ticket":"","result":"success","channel":"Security","provider":"Microsoft-Windows-Security-Auditing","logon_id":"592c4b166378169f","process_id":12682,"image_path":"","run_as":"","publisher":"","update_state":"installed","agent_build":"2026.09.2"},{"timestamp":"2026-09-14T02:36:19.800Z","computer":"srv-112","event_id":4688,"record_id":103474,"user":"employee-24","source_ip":"10.11.2.21","target":"logon-session","logon_type":null,"change_ticket":"","result":"success","channel":"Security","provider":"Microsoft-Windows-Security-Auditing","logon_id":"592c4b166378169f","process_id":2658,"image_path":"C:/Program Files/ApprovedAgent/agent.exe","run_as":"","publisher":"Approved Software Team","update_state":"installed","agent_build":"2026.09.3"},{"timestamp":"2026-09-14T02:36:22.500Z","computer":"srv-133","event_id":4625,"record_id":103475,"user":"employee-47","source_ip":"10.11.3.22","target":"logon-session","logon_type":3,"change_ticket":"","result":"failure","channel":"Security","provider":"Microsoft-Windows-Security-Auditing","logon_id":"592c4b166378169f","process_id":14476,"image_path":"","run_as":"","publisher":"","update_state":"installed","agent_build":"2026.09.4"},{"timestamp":"2026-09-14T02:36:25.200Z","computer":"srv-068","event_id":4698,"record_id":103476,"user":"employee-37","source_ip":"10.10.4.17","target":"Approved-Maintenance","logon_type":null,"change_ticket":"CHG-DEPLOY-18","result":"success","channel":"Security","provider":"Microsoft-Windows-Security-Auditing","logon_id":"010228e9c20d5e79","process_id":6491,"image_path":"C:/Program Files/ApprovedAgent/agent.exe","run_as":"svc-agent","publisher":"Approved Software Team","update_state":"installed","agent_build":"2026.09.1"},{"timestamp":"2026-09-14T02:36:27.900Z","computer":"srv-015","event_id":4728,"record_id":103477,"user":"employee-19","source_ip":"10.10.1.24","target":"Project-Readers","logon_type":null,"change_ticket":"CHG-DEPLOY-18","result":"success","channel":"Security","provider":"Microsoft-Windows-Security-Auditing","logon_id":"010228e9c20d5e79","process_id":13499,"image_path":"","run_as":"","publisher":"","update_state":"installed","agent_build":"2026.09.2"},{"timestamp":"2026-09-14T02:36:30.600Z","computer":"srv-015","event_id":4697,"record_id":103478,"user":"employee-238","source_ip":"10.10.1.24","target":"ApprovedAgent","logon_type":null,"change_ticket":"CHG-DEPLOY-18","result":"success","channel":"Security","provider":"Microsoft-Windows-Security-Auditing","logon_id":"010228e9c20d5e79","process_id":23605,"image_path":"C:/Program Files/ApprovedAgent/agent.exe","run_as":"svc-agent","publisher":"Approved Software Team","update_state":"failed","agent_build":"2026.09.3"},{"timestamp":"2026-09-14T02:36:33.300Z","computer":"srv-238","event_id":4624,"record_id":103479,"user":"employee-439","source_ip":"10.12.4.27","target":"logon-session","logon_type":10,"change_ticket":"","result":"success","channel":"Security","provider":"Microsoft-Windows-Security-Auditing","logon_id":"010228e9c20d5e79","process_id":7908,"image_path":"","run_as":"","publisher":"","update_state":"installed","agent_build":"2026.09.4"},{"timestamp":"2026-09-14T02:36:36.000Z","computer":"srv-109","event_id":4624,"record_id":103480,"user":"employee-295","source_ip":"10.11.2.18","target":"logon-session","logon_type":2,"change_ticket":"","result":"success","channel":"Security","provider":"Microsoft-Windows-Security-Auditing","logon_id":"c9f165acc058a545","process_id":11240,"image_path":"","run_as":"","publisher":"","update_state":"installed","agent_build":"2026.09.1"},{"timestamp":"2026-09-14T02:36:38.700Z","computer":"srv-050","event_id":4634,"record_id":103481,"user":"employee-335","source_ip":"10.10.3.19","target":"logon-session","logon_type":3,"change_ticket":"","result":"success","channel":"Security","provider":"Microsoft-Windows-Security-Auditing","logon_id":"c9f165acc058a545","process_id":1140,"image_path":"","run_as":"","publisher":"","update_state":"no-report","agent_build":"2026.09.2"},{"timestamp":"2026-09-14T02:36:41.400Z","computer":"srv-115","event_id":4688,"record_id":103482,"user":"employee-137","source_ip":"10.11.2.24","target":"logon-session","logon_type":null,"change_ticket":"","result":"success","channel":"Security","provider":"Microsoft-Windows-Security-Auditing","logon_id":"c9f165acc058a545","process_id":22450,"image_path":"C:/Program Files/ApprovedAgent/agent.exe","run_as":"","publisher":"Approved Software Team","update_state":"installed","agent_build":"2026.09.3"},{"timestamp":"2026-09-14T02:36:44.100Z","computer":"srv-217","event_id":4625,"record_id":103483,"user":"employee-86","source_ip":"10.12.3.26","target":"logon-session","logon_type":2,"change_ticket":"","result":"failure","channel":"Security","provider":"Microsoft-Windows-Security-Auditing","logon_id":"c9f165acc058a545","process_id":16615,"image_path":"","run_as":"","publisher":"","update_state":"installed","agent_build":"2026.09.4"},{"timestamp":"2026-09-14T02:36:46.800Z","computer":"srv-116","event_id":4698,"record_id":103484,"user":"deployment-admin","source_ip":"10.11.2.25","target":"Approved-Maintenance","logon_type":null,"change_ticket":"CHG-DEPLOY-18","result":"success","channel":"Security","provider":"Microsoft-Windows-Security-Auditing","logon_id":"3eda383a672a34ed","process_id":20605,"image_path":"C:/Program Files/ApprovedAgent/agent.exe","run_as":"svc-agent","publisher":"Approved Software Team","update_state":"installed","agent_build":"2026.09.1"},{"timestamp":"2026-09-14T02:36:49.500Z","computer":"srv-166","event_id":4728,"record_id":103485,"user":"employee-392","source_ip":"10.12.1.15","target":"Project-Readers","logon_type":null,"change_ticket":"CHG-DEPLOY-18","result":"success","channel":"Security","provider":"Microsoft-Windows-Security-Auditing","logon_id":"3eda383a672a34ed","process_id":5789,"image_path":"","run_as":"","publisher":"","update_state":"installed","agent_build":"2026.09.2"},{"timestamp":"2026-09-14T02:36:52.200Z","computer":"srv-078","event_id":4697,"record_id":103486,"user":"employee-387","source_ip":"10.10.4.27","target":"ApprovedAgent","logon_type":null,"change_ticket":"CHG-DEPLOY-18","result":"success","channel":"Security","provider":"Microsoft-Windows-Security-Auditing","logon_id":"3eda383a672a34ed","process_id":12774,"image_path":"C:/Program Files/ApprovedAgent/agent.exe","run_as":"svc-agent","publisher":"Approved Software Team","update_state":"installed","agent_build":"2026.09.3"},{"timestamp":"2026-09-14T02:36:54.900Z","computer":"srv-038","event_id":4624,"record_id":103487,"user":"employee-86","source_ip":"10.10.2.27","target":"logon-session","logon_type":3,"change_ticket":"","result":"success","channel":"Security","provider":"Microsoft-Windows-Security-Auditing","logon_id":"3eda383a672a34ed","process_id":22408,"image_path":"","run_as":"","publisher":"","update_state":"installed","agent_build":"2026.09.4"},{"timestamp":"2026-09-14T02:36:57.600Z","computer":"srv-115","event_id":4624,"record_id":103488,"user":"employee-253","source_ip":"10.11.2.24","target":"logon-session","logon_type":10,"change_ticket":"","result":"success","channel":"Security","provider":"Microsoft-Windows-Security-Auditing","logon_id":"a2b69acd93f4e035","process_id":1076,"image_path":"","run_as":"","publisher":"","update_state":"installed","agent_build":"2026.09.1"},{"timestamp":"2026-09-14T02:37:00.300Z","computer":"srv-227","event_id":4634,"record_id":103489,"user":"employee-90","source_ip":"10.12.4.16","target":"logon-session","logon_type":2,"change_ticket":"","result":"success","channel":"Security","provider":"Microsoft-Windows-Security-Auditing","logon_id":"a2b69acd93f4e035","process_id":24212,"image_path":"","run_as":"","publisher":"","update_state":"installed","agent_build":"2026.09.2"},{"timestamp":"2026-09-14T02:37:03.000Z","computer":"srv-059","event_id":4688,"record_id":103490,"user":"employee-318","source_ip":"10.10.3.28","target":"logon-session","logon_type":null,"change_ticket":"","result":"success","channel":"Security","provider":"Microsoft-Windows-Security-Auditing","logon_id":"a2b69acd93f4e035","process_id":25203,"image_path":"C:/Program Files/ApprovedAgent/agent.exe","run_as":"","publisher":"Approved Software Team","update_state":"installed","agent_build":"2026.09.3"},{"timestamp":"2026-09-14T02:37:05.700Z","computer":"srv-222","event_id":4625,"record_id":103491,"user":"employee-142","source_ip":"10.12.4.11","target":"logon-session","logon_type":10,"change_ticket":"","result":"failure","channel":"Security","provider":"Microsoft-Windows-Security-Auditing","logon_id":"a2b69acd93f4e035","process_id":24433,"image_path":"","run_as":"","publisher":"","update_state":"installed","agent_build":"2026.09.4"},{"timestamp":"2026-09-14T02:37:08.400Z","computer":"srv-140","event_id":4698,"record_id":103492,"user":"employee-422","source_ip":"10.11.3.29","target":"Approved-Maintenance","logon_type":null,"change_ticket":"CHG-DEPLOY-18","result":"success","channel":"Security","provider":"Microsoft-Windows-Security-Auditing","logon_id":"e6123c11870ec517","process_id":20733,"image_path":"C:/Program Files/ApprovedAgent/agent.exe","run_as":"svc-agent","publisher":"Approved Software Team","update_state":"installed","agent_build":"2026.09.1"},{"timestamp":"2026-09-14T02:37:11.100Z","computer":"srv-024","event_id":4728,"record_id":103493,"user":"employee-155","source_ip":"10.10.2.13","target":"Project-Readers","logon_type":null,"change_ticket":"CHG-DEPLOY-18","result":"success","channel":"Security","provider":"Microsoft-Windows-Security-Auditing","logon_id":"e6123c11870ec517","process_id":4361,"image_path":"","run_as":"","publisher":"","update_state":"installed","agent_build":"2026.09.2"},{"timestamp":"2026-09-14T02:37:13.800Z","computer":"srv-188","event_id":4697,"record_id":103494,"user":"employee-400","source_ip":"10.12.2.17","target":"ApprovedAgent","logon_type":null,"change_ticket":"CHG-DEPLOY-18","result":"success","channel":"Security","provider":"Microsoft-Windows-Security-Auditing","logon_id":"e6123c11870ec517","process_id":8396,"image_path":"C:/Program Files/ApprovedAgent/agent.exe","run_as":"svc-agent","publisher":"Approved Software Team","update_state":"installed","agent_build":"2026.09.3"},{"timestamp":"2026-09-14T02:37:16.500Z","computer":"srv-068","event_id":4624,"record_id":103495,"user":"employee-66","source_ip":"10.10.4.17","target":"logon-session","logon_type":2,"change_ticket":"","result":"success","channel":"Security","provider":"Microsoft-Windows-Security-Auditing","logon_id":"e6123c11870ec517","process_id":9125,"image_path":"","run_as":"","publisher":"","update_state":"installed","agent_build":"2026.09.4"},{"timestamp":"2026-09-14T02:37:19.200Z","computer":"srv-031","event_id":4624,"record_id":103496,"user":"employee-449","source_ip":"10.10.2.20","target":"logon-session","logon_type":3,"change_ticket":"","result":"success","channel":"Security","provider":"Microsoft-Windows-Security-Auditing","logon_id":"3839d0084013da3b","process_id":18254,"image_path":"","run_as":"","publisher":"","update_state":"installed","agent_build":"2026.09.1"},{"timestamp":"2026-09-14T02:37:21.900Z","computer":"srv-058","event_id":4634,"record_id":103497,"user":"deployment-admin","source_ip":"10.10.3.27","target":"logon-session","logon_type":10,"change_ticket":"","result":"success","channel":"Security","provider":"Microsoft-Windows-Security-Auditing","logon_id":"3839d0084013da3b","process_id":1894,"image_path":"","run_as":"","publisher":"","update_state":"installed","agent_build":"2026.09.2"},