{"timestamp":"2026-09-14T00:52:28.200Z","computer":"srv-213","event_id":4697,"record_id":101166,"user":"employee-452","source_ip":"10.12.3.22","target":"ApprovedAgent","logon_type":null,"change_ticket":"CHG-DEPLOY-18","result":"success","channel":"Security","provider":"Microsoft-Windows-Security-Auditing","logon_id":"d68d6e5c889e40d7","process_id":3173,"image_path":"C:/Program Files/ApprovedAgent/agent.exe","run_as":"svc-agent","publisher":"Approved Software Team","update_state":"installed","agent_build":"2026.09.3"},{"timestamp":"2026-09-14T00:52:30.900Z","computer":"srv-240","event_id":4624,"record_id":101167,"user":"employee-259","source_ip":"10.12.4.29","target":"logon-session","logon_type":2,"change_ticket":"","result":"success","channel":"Security","provider":"Microsoft-Windows-Security-Auditing","logon_id":"d68d6e5c889e40d7","process_id":15930,"image_path":"","run_as":"","publisher":"","update_state":"installed","agent_build":"2026.09.4"},{"timestamp":"2026-09-14T00:52:33.600Z","computer":"srv-196","event_id":4624,"record_id":101168,"user":"employee-219","source_ip":"10.12.2.25","target":"logon-session","logon_type":3,"change_ticket":"","result":"success","channel":"Security","provider":"Microsoft-Windows-Security-Auditing","logon_id":"6549578a83d1fc52","process_id":6774,"image_path":"","run_as":"","publisher":"","update_state":"installed","agent_build":"2026.09.1"},{"timestamp":"2026-09-14T00:52:36.300Z","computer":"srv-197","event_id":4634,"record_id":101169,"user":"employee-430","source_ip":"10.12.2.26","target":"logon-session","logon_type":10,"change_ticket":"","result":"success","channel":"Security","provider":"Microsoft-Windows-Security-Auditing","logon_id":"6549578a83d1fc52","process_id":20468,"image_path":"","run_as":"","publisher":"","update_state":"installed","agent_build":"2026.09.2"},{"timestamp":"2026-09-14T00:52:39.000Z","computer":"srv-157","event_id":4688,"record_id":101170,"user":"deployment-admin","source_ip":"10.11.4.26","target":"logon-session","logon_type":null,"change_ticket":"","result":"success","channel":"Security","provider":"Microsoft-Windows-Security-Auditing","logon_id":"6549578a83d1fc52","process_id":4830,"image_path":"C:/Program Files/ApprovedAgent/agent.exe","run_as":"","publisher":"Approved Software Team","update_state":"installed","agent_build":"2026.09.3"},{"timestamp":"2026-09-14T00:52:41.700Z","computer":"srv-200","event_id":4625,"record_id":101171,"user":"employee-141","source_ip":"10.12.2.29","target":"logon-session","logon_type":3,"change_ticket":"","result":"failure","channel":"Security","provider":"Microsoft-Windows-Security-Auditing","logon_id":"6549578a83d1fc52","process_id":22575,"image_path":"","run_as":"","publisher":"","update_state":"installed","agent_build":"2026.09.4"},{"timestamp":"2026-09-14T00:52:44.400Z","computer":"srv-217","event_id":4698,"record_id":101172,"user":"employee-79","source_ip":"10.12.3.26","target":"Approved-Maintenance","logon_type":null,"change_ticket":"CHG-DEPLOY-18","result":"success","channel":"Security","provider":"Microsoft-Windows-Security-Auditing","logon_id":"bd2ee2157712922b","process_id":12925,"image_path":"C:/Program Files/ApprovedAgent/agent.exe","run_as":"svc-agent","publisher":"Approved Software Team","update_state":"installed","agent_build":"2026.09.1"},{"timestamp":"2026-09-14T00:52:47.100Z","computer":"srv-056","event_id":4728,"record_id":101173,"user":"employee-329","source_ip":"10.10.3.25","target":"Project-Readers","logon_type":null,"change_ticket":"CHG-DEPLOY-18","result":"success","channel":"Security","provider":"Microsoft-Windows-Security-Auditing","logon_id":"bd2ee2157712922b","process_id":14726,"image_path":"","run_as":"","publisher":"","update_state":"installed","agent_build":"2026.09.2"},{"timestamp":"2026-09-14T00:52:49.800Z","computer":"srv-046","event_id":4697,"record_id":101174,"user":"employee-383","source_ip":"10.10.3.15","target":"ApprovedAgent","logon_type":null,"change_ticket":"CHG-DEPLOY-18","result":"success","channel":"Security","provider":"Microsoft-Windows-Security-Auditing","logon_id":"bd2ee2157712922b","process_id":20337,"image_path":"C:/Program Files/ApprovedAgent/agent.exe","run_as":"svc-agent","publisher":"Approved Software Team","update_state":"installed","agent_build":"2026.09.3"},{"timestamp":"2026-09-14T00:52:52.500Z","computer":"srv-173","event_id":4624,"record_id":101175,"user":"employee-31","source_ip":"10.12.1.22","target":"logon-session","logon_type":10,"change_ticket":"","result":"success","channel":"Security","provider":"Microsoft-Windows-Security-Auditing","logon_id":"bd2ee2157712922b","process_id":7917,"image_path":"","run_as":"","publisher":"","update_state":"failed","agent_build":"2026.09.4"},{"timestamp":"2026-09-14T00:52:55.200Z","computer":"srv-206","event_id":4624,"record_id":101176,"user":"employee-27","source_ip":"10.12.3.15","target":"logon-session","logon_type":2,"change_ticket":"","result":"success","channel":"Security","provider":"Microsoft-Windows-Security-Auditing","logon_id":"fd599a2ecb4300a9","process_id":21056,"image_path":"","run_as":"","publisher":"","update_state":"installed","agent_build":"2026.09.1"},{"timestamp":"2026-09-14T00:52:57.900Z","computer":"srv-045","event_id":4634,"record_id":101177,"user":"employee-302","source_ip":"10.10.3.14","target":"logon-session","logon_type":3,"change_ticket":"","result":"success","channel":"Security","provider":"Microsoft-Windows-Security-Auditing","logon_id":"fd599a2ecb4300a9","process_id":22729,"image_path":"","run_as":"","publisher":"","update_state":"installed","agent_build":"2026.09.2"},{"timestamp":"2026-09-14T00:53:00.600Z","computer":"srv-236","event_id":4688,"record_id":101178,"user":"employee-271","source_ip":"10.12.4.25","target":"logon-session","logon_type":null,"change_ticket":"","result":"success","channel":"Security","provider":"Microsoft-Windows-Security-Auditing","logon_id":"fd599a2ecb4300a9","process_id":6059,"image_path":"C:/Program Files/ApprovedAgent/agent.exe","run_as":"","publisher":"Approved Software Team","update_state":"restart-pending","agent_build":"2026.09.3"},{"timestamp":"2026-09-14T00:53:03.300Z","computer":"srv-237","event_id":4625,"record_id":101179,"user":"employee-462","source_ip":"10.12.4.26","target":"logon-session","logon_type":2,"change_ticket":"","result":"failure","channel":"Security","provider":"Microsoft-Windows-Security-Auditing","logon_id":"fd599a2ecb4300a9","process_id":23065,"image_path":"","run_as":"","publisher":"","update_state":"installed","agent_build":"2026.09.4"},{"timestamp":"2026-09-14T00:53:06.000Z","computer":"srv-182","event_id":4698,"record_id":101180,"user":"employee-293","source_ip":"10.12.2.11","target":"Approved-Maintenance","logon_type":null,"change_ticket":"CHG-DEPLOY-18","result":"success","channel":"Security","provider":"Microsoft-Windows-Security-Auditing","logon_id":"727ebdd45104842d","process_id":4000,"image_path":"C:/Program Files/ApprovedAgent/agent.exe","run_as":"svc-agent","publisher":"Approved Software Team","update_state":"no-report","agent_build":"2026.09.1"},{"timestamp":"2026-09-14T00:53:08.700Z","computer":"srv-135","event_id":4728,"record_id":101181,"user":"employee-381","source_ip":"10.11.3.24","target":"Project-Readers","logon_type":null,"change_ticket":"CHG-DEPLOY-18","result":"success","channel":"Security","provider":"Microsoft-Windows-Security-Auditing","logon_id":"727ebdd45104842d","process_id":25374,"image_path":"","run_as":"","publisher":"","update_state":"installed","agent_build":"2026.09.2"},{"timestamp":"2026-09-14T00:53:11.400Z","computer":"srv-025","event_id":4697,"record_id":101182,"user":"employee-369","source_ip":"10.10.2.14","target":"ApprovedAgent","logon_type":null,"change_ticket":"CHG-DEPLOY-18","result":"success","channel":"Security","provider":"Microsoft-Windows-Security-Auditing","logon_id":"727ebdd45104842d","process_id":24222,"image_path":"C:/Program Files/ApprovedAgent/agent.exe","run_as":"svc-agent","publisher":"Approved Software Team","update_state":"installed","agent_build":"2026.09.3"},{"timestamp":"2026-09-14T00:53:14.100Z","computer":"srv-009","event_id":4624,"record_id":101183,"user":"deployment-admin","source_ip":"10.10.1.18","target":"logon-session","logon_type":3,"change_ticket":"","result":"success","channel":"Security","provider":"Microsoft-Windows-Security-Auditing","logon_id":"727ebdd45104842d","process_id":4456,"image_path":"","run_as":"","publisher":"","update_state":"installed","agent_build":"2026.09.4"},{"timestamp":"2026-09-14T00:53:16.800Z","computer":"srv-131","event_id":4624,"record_id":101184,"user":"employee-177","source_ip":"10.11.3.20","target":"logon-session","logon_type":10,"change_ticket":"","result":"success","channel":"Security","provider":"Microsoft-Windows-Security-Auditing","logon_id":"aff34292e8ddab36","process_id":12883,"image_path":"","run_as":"","publisher":"","update_state":"installed","agent_build":"2026.09.1"},{"timestamp":"2026-09-14T00:53:19.500Z","computer":"srv-014","event_id":4634,"record_id":101185,"user":"employee-244","source_ip":"10.10.1.23","target":"logon-session","logon_type":2,"change_ticket":"","result":"success","channel":"Security","provider":"Microsoft-Windows-Security-Auditing","logon_id":"aff34292e8ddab36","process_id":20172,"image_path":"","run_as":"","publisher":"","update_state":"installed","agent_build":"2026.09.2"},{"timestamp":"2026-09-14T00:53:22.200Z","computer":"srv-052","event_id":4688,"record_id":101186,"user":"employee-377","source_ip":"10.10.3.21","target":"logon-session","logon_type":null,"change_ticket":"","result":"success","channel":"Security","provider":"Microsoft-Windows-Security-Auditing","logon_id":"aff34292e8ddab36","process_id":20295,"image_path":"C:/Program Files/ApprovedAgent/agent.exe","run_as":"","publisher":"Approved Software Team","update_state":"installed","agent_build":"2026.09.3"},{"timestamp":"2026-09-14T00:53:24.900Z","computer":"srv-093","event_id":4625,"record_id":101187,"user":"employee-454","source_ip":"10.11.1.22","target":"logon-session","logon_type":10,"change_ticket":"","result":"failure","channel":"Security","provider":"Microsoft-Windows-Security-Auditing","logon_id":"aff34292e8ddab36","process_id":6204,"image_path":"","run_as":"","publisher":"","update_state":"installed","agent_build":"2026.09.4"},{"timestamp":"2026-09-14T00:53:27.600Z","computer":"srv-056","event_id":4698,"record_id":101188,"user":"employee-230","source_ip":"10.10.3.25","target":"Approved-Maintenance","logon_type":null,"change_ticket":"CHG-DEPLOY-18","result":"success","channel":"Security","provider":"Microsoft-Windows-Security-Auditing","logon_id":"f87fb8847b9b63e3","process_id":6082,"image_path":"C:/Program Files/ApprovedAgent/agent.exe","run_as":"svc-agent","publisher":"Approved Software Team","update_state":"installed","agent_build":"2026.09.1"},{"timestamp":"2026-09-14T00:53:30.300Z","computer":"srv-154","event_id":4728,"record_id":101189,"user":"employee-328","source_ip":"10.11.4.23","target":"Project-Readers","logon_type":null,"change_ticket":"CHG-DEPLOY-18","result":"success","channel":"Security","provider":"Microsoft-Windows-Security-Auditing","logon_id":"f87fb8847b9b63e3","process_id":16205,"image_path":"","run_as":"","publisher":"","update_state":"installed","agent_build":"2026.09.2"},{"timestamp":"2026-09-14T00:53:33.000Z","computer":"srv-210","event_id":4697,"record_id":101190,"user":"employee-90","source_ip":"10.12.3.19","target":"ApprovedAgent","logon_type":null,"change_ticket":"CHG-DEPLOY-18","result":"success","channel":"Security","provider":"Microsoft-Windows-Security-Auditing","logon_id":"f87fb8847b9b63e3","process_id":5723,"image_path":"C:/Program Files/ApprovedAgent/agent.exe","run_as":"svc-agent","publisher":"Approved Software Team","update_state":"installed","agent_build":"2026.09.3"},{"timestamp":"2026-09-14T00:53:35.700Z","computer":"srv-239","event_id":4624,"record_id":101191,"user":"employee-322","source_ip":"10.12.4.28","target":"logon-session","logon_type":2,"change_ticket":"","result":"success","channel":"Security","provider":"Microsoft-Windows-Security-Auditing","logon_id":"f87fb8847b9b63e3","process_id":12766,"image_path":"","run_as":"","publisher":"","update_state":"installed","agent_build":"2026.09.4"},{"timestamp":"2026-09-14T00:53:38.400Z","computer":"srv-171","event_id":4624,"record_id":101192,"user":"employee-258","source_ip":"10.12.1.20","target":"logon-session","logon_type":3,"change_ticket":"","result":"success","channel":"Security","provider":"Microsoft-Windows-Security-Auditing","logon_id":"8432713faa3624da","process_id":8351,"image_path":"","run_as":"","publisher":"","update_state":"installed","agent_build":"2026.09.1"},{"timestamp":"2026-09-14T00:53:41.100Z","computer":"srv-029","event_id":4634,"record_id":101193,"user":"employee-243","source_ip":"10.10.2.18","target":"logon-session","logon_type":10,"change_ticket":"","result":"success","channel":"Security","provider":"Microsoft-Windows-Security-Auditing","logon_id":"8432713faa3624da","process_id":23051,"image_path":"","run_as":"","publisher":"","update_state":"installed","agent_build":"2026.09.2"},{"timestamp":"2026-09-14T00:53:43.800Z","computer":"srv-043","event_id":4688,"record_id":101194,"user":"employee-294","source_ip":"10.10.3.12","target":"logon-session","logon_type":null,"change_ticket":"","result":"success","channel":"Security","provider":"Microsoft-Windows-Security-Auditing","logon_id":"8432713faa3624da","process_id":13542,"image_path":"C:/Program Files/ApprovedAgent/agent.exe","run_as":"","publisher":"Approved Software Team","update_state":"installed","agent_build":"2026.09.3"},{"timestamp":"2026-09-14T00:53:46.500Z","computer":"srv-072","event_id":4625,"record_id":101195,"user":"employee-98","source_ip":"10.10.4.21","target":"logon-session","logon_type":3,"change_ticket":"","result":"failure","channel":"Security","provider":"Microsoft-Windows-Security-Auditing","logon_id":"8432713faa3624da","process_id":23906,"image_path":"","run_as":"","publisher":"","update_state":"installed","agent_build":"2026.09.4"},{"timestamp":"2026-09-14T00:53:49.200Z","computer":"srv-146","event_id":4698,"record_id":101196,"user":"deployment-admin","source_ip":"10.11.4.15","target":"Approved-Maintenance","logon_type":null,"change_ticket":"CHG-DEPLOY-18","result":"success","channel":"Security","provider":"Microsoft-Windows-Security-Auditing","logon_id":"9d9f82a5e4651515","process_id":24387,"image_path":"C:/Program Files/ApprovedAgent/agent.exe","run_as":"svc-agent","publisher":"Approved Software Team","update_state":"installed","agent_build":"2026.09.1"},{"timestamp":"2026-09-14T00:53:51.900Z","computer":"srv-215","event_id":4728,"record_id":101197,"user":"employee-64","source_ip":"10.12.3.24","target":"Project-Readers","logon_type":null,"change_ticket":"CHG-DEPLOY-18","result":"success","channel":"Security","provider":"Microsoft-Windows-Security-Auditing","logon_id":"9d9f82a5e4651515","process_id":13092,"image_path":"","run_as":"","publisher":"","update_state":"installed","agent_build":"2026.09.2"},{"timestamp":"2026-09-14T00:53:54.600Z","computer":"srv-081","event_id":4697,"record_id":101198,"user":"employee-139","source_ip":"10.11.1.10","target":"ApprovedAgent","logon_type":null,"change_ticket":"CHG-DEPLOY-18","result":"success","channel":"Security","provider":"Microsoft-Windows-Security-Auditing","logon_id":"9d9f82a5e4651515","process_id":15972,"image_path":"C:/Program Files/ApprovedAgent/agent.exe","run_as":"svc-agent","publisher":"Approved Software Team","update_state":"installed","agent_build":"2026.09.3"},{"timestamp":"2026-09-14T00:53:57.300Z","computer":"srv-135","event_id":4624,"record_id":101199,"user":"employee-37","source_ip":"10.11.3.24","target":"logon-session","logon_type":10,"change_ticket":"","result":"success","channel":"Security","provider":"Microsoft-Windows-Security-Auditing","logon_id":"9d9f82a5e4651515","process_id":21137,"image_path":"","run_as":"","publisher":"","update_state":"installed","agent_build":"2026.09.4"},{"timestamp":"2026-09-14T00:54:00.000Z","computer":"srv-040","event_id":4624,"record_id":101200,"user":"employee-159","source_ip":"10.10.2.29","target":"logon-session","logon_type":2,"change_ticket":"","result":"success","channel":"Security","provider":"Microsoft-Windows-Security-Auditing","logon_id":"e6a521cd503cf57f","process_id":7568,"image_path":"","run_as":"","publisher":"","update_state":"installed","agent_build":"2026.09.1"},{"timestamp":"2026-09-14T00:54:02.700Z","computer":"srv-088","event_id":4634,"record_id":101201,"user":"employee-316","source_ip":"10.11.1.17","target":"logon-session","logon_type":3,"change_ticket":"","result":"success","channel":"Security","provider":"Microsoft-Windows-Security-Auditing","logon_id":"e6a521cd503cf57f","process_id":8154,"image_path":"","run_as":"","publisher":"","update_state":"installed","agent_build":"2026.09.2"},{"timestamp":"2026-09-14T00:54:05.400Z","computer":"srv-197","event_id":4688,"record_id":101202,"user":"employee-146","source_ip":"10.12.2.26","target":"logon-session","logon_type":null,"change_ticket":"","result":"success","channel":"Security","provider":"Microsoft-Windows-Security-Auditing","logon_id":"e6a521cd503cf57f","process_id":16186,"image_path":"C:/Program Files/ApprovedAgent/agent.exe","run_as":"","publisher":"Approved Software Team","update_state":"installed","agent_build":"2026.09.3"},{"timestamp":"2026-09-14T00:54:08.100Z","computer":"srv-171","event_id":4625,"record_id":101203,"user":"employee-124","source_ip":"10.12.1.20","target":"logon-session","logon_type":2,"change_ticket":"","result":"failure","channel":"Security","provider":"Microsoft-Windows-Security-Auditing","logon_id":"e6a521cd503cf57f","process_id":9023,"image_path":"","run_as":"","publisher":"","update_state":"installed","agent_build":"2026.09.4"},{"timestamp":"2026-09-14T00:54:10.800Z","computer":"srv-227","event_id":4698,"record_id":101204,"user":"employee-355","source_ip":"10.12.4.16","target":"Approved-Maintenance","logon_type":null,"change_ticket":"CHG-DEPLOY-18","result":"success","channel":"Security","provider":"Microsoft-Windows-Security-Auditing","logon_id":"5d1a7799d40c9396","process_id":20018,"image_path":"C:/Program Files/ApprovedAgent/agent.exe","run_as":"svc-agent","publisher":"Approved Software Team","update_state":"installed","agent_build":"2026.09.1"},{"timestamp":"2026-09-14T00:54:13.500Z","computer":"srv-068","event_id":4728,"record_id":101205,"user":"employee-152","source_ip":"10.10.4.17","target":"Project-Readers","logon_type":null,"change_ticket":"CHG-DEPLOY-18","result":"success","channel":"Security","provider":"Microsoft-Windows-Security-Auditing","logon_id":"5d1a7799d40c9396","process_id":7476,"image_path":"","run_as":"","publisher":"","update_state":"installed","agent_build":"2026.09.2"},{"timestamp":"2026-09-14T00:54:16.200Z","computer":"srv-097","event_id":4697,"record_id":101206,"user":"employee-98","source_ip":"10.11.1.26","target":"ApprovedAgent","logon_type":null,"change_ticket":"CHG-DEPLOY-18","result":"success","channel":"Security","provider":"Microsoft-Windows-Security-Auditing","logon_id":"5d1a7799d40c9396","process_id":23924,"image_path":"C:/Program Files/ApprovedAgent/agent.exe","run_as":"svc-agent","publisher":"Approved Software Team","update_state":"installed","agent_build":"2026.09.3"},{"timestamp":"2026-09-14T00:54:18.900Z","computer":"srv-086","event_id":4624,"record_id":101207,"user":"employee-179","source_ip":"10.11.1.15","target":"logon-session","logon_type":3,"change_ticket":"","result":"success","channel":"Security","provider":"Microsoft-Windows-Security-Auditing","logon_id":"5d1a7799d40c9396","process_id":14335,"image_path":"","run_as":"","publisher":"","update_state":"installed","agent_build":"2026.09.4"},{"timestamp":"2026-09-14T00:54:21.600Z","computer":"srv-095","event_id":4624,"record_id":101208,"user":"employee-17","source_ip":"10.11.1.24","target":"logon-session","logon_type":10,"change_ticket":"","result":"success","channel":"Security","provider":"Microsoft-Windows-Security-Auditing","logon_id":"fe5f2f339fbac05e","process_id":16566,"image_path":"","run_as":"","publisher":"","update_state":"installed","agent_build":"2026.09.1"},{"timestamp":"2026-09-14T00:54:24.300Z","computer":"srv-121","event_id":4634,"record_id":101209,"user":"deployment-admin","source_ip":"10.11.3.10","target":"logon-session","logon_type":2,"change_ticket":"","result":"success","channel":"Security","provider":"Microsoft-Windows-Security-Auditing","logon_id":"fe5f2f339fbac05e","process_id":24346,"image_path":"","run_as":"","publisher":"","update_state":"restart-pending","agent_build":"2026.09.2"},{"timestamp":"2026-09-14T00:54:27.000Z","computer":"srv-179","event_id":4688,"record_id":101210,"user":"employee-120","source_ip":"10.12.1.28","target":"logon-session","logon_type":null,"change_ticket":"","result":"success","channel":"Security","provider":"Microsoft-Windows-Security-Auditing","logon_id":"fe5f2f339fbac05e","process_id":10583,"image_path":"C:/Program Files/ApprovedAgent/agent.exe","run_as":"","publisher":"Approved Software Team","update_state":"installed","agent_build":"2026.09.3"},{"timestamp":"2026-09-14T00:54:29.700Z","computer":"srv-157","event_id":4625,"record_id":101211,"user":"employee-11","source_ip":"10.11.4.26","target":"logon-session","logon_type":10,"change_ticket":"","result":"failure","channel":"Security","provider":"Microsoft-Windows-Security-Auditing","logon_id":"fe5f2f339fbac05e","process_id":2851,"image_path":"","run_as":"","publisher":"","update_state":"installed","agent_build":"2026.09.4"},{"timestamp":"2026-09-14T00:54:32.400Z","computer":"srv-218","event_id":4698,"record_id":101212,"user":"employee-54","source_ip":"10.12.3.27","target":"Approved-Maintenance","logon_type":null,"change_ticket":"CHG-DEPLOY-18","result":"success","channel":"Security","provider":"Microsoft-Windows-Security-Auditing","logon_id":"30d41a0d3145ec26","process_id":22343,"image_path":"C:/Program Files/ApprovedAgent/agent.exe","run_as":"svc-agent","publisher":"Approved Software Team","update_state":"installed","agent_build":"2026.09.1"},{"timestamp":"2026-09-14T00:54:35.100Z","computer":"srv-036","event_id":4728,"record_id":101213,"user":"employee-18","source_ip":"10.10.2.25","target":"Project-Readers","logon_type":null,"change_ticket":"CHG-DEPLOY-18","result":"success","channel":"Security","provider":"Microsoft-Windows-Security-Auditing","logon_id":"30d41a0d3145ec26","process_id":15711,"image_path":"","run_as":"","publisher":"","update_state":"installed","agent_build":"2026.09.2"},{"timestamp":"2026-09-14T00:54:37.800Z","computer":"srv-034","event_id":4697,"record_id":101214,"user":"employee-132","source_ip":"10.10.2.23","target":"ApprovedAgent","logon_type":null,"change_ticket":"CHG-DEPLOY-18","result":"success","channel":"Security","provider":"Microsoft-Windows-Security-Auditing","logon_id":"30d41a0d3145ec26","process_id":10533,"image_path":"C:/Program Files/ApprovedAgent/agent.exe","run_as":"svc-agent","publisher":"Approved Software Team","update_state":"installed","agent_build":"2026.09.3"},{"timestamp":"2026-09-14T00:54:40.500Z","computer":"srv-166","event_id":4624,"record_id":101215,"user":"employee-311","source_ip":"10.12.1.15","target":"logon-session","logon_type":2,"change_ticket":"","result":"success","channel":"Security","provider":"Microsoft-Windows-Security-Auditing","logon_id":"30d41a0d3145ec26","process_id":17706,"image_path":"","run_as":"","publisher":"","update_state":"installed","agent_build":"2026.09.4"},{"timestamp":"2026-09-14T00:54:43.200Z","computer":"srv-133","event_id":4624,"record_id":101216,"user":"employee-64","source_ip":"10.11.3.22","target":"logon-session","logon_type":3,"change_ticket":"","result":"success","channel":"Security","provider":"Microsoft-Windows-Security-Auditing","logon_id":"f785ebeea3fbb098","process_id":11677,"image_path":"","run_as":"","publisher":"","update_state":"installed","agent_build":"2026.09.1"},{"timestamp":"2026-09-14T00:54:45.900Z","computer":"srv-186","event_id":4634,"record_id":101217,"user":"employee-438","source_ip":"10.12.2.15","target":"logon-session","logon_type":10,"change_ticket":"","result":"success","channel":"Security","provider":"Microsoft-Windows-Security-Auditing","logon_id":"f785ebeea3fbb098","process_id":23673,"image_path":"","run_as":"","publisher":"","update_state":"installed","agent_build":"2026.09.2"},{"timestamp":"2026-09-14T00:54:48.600Z","computer":"srv-154","event_id":4688,"record_id":101218,"user":"employee-141","source_ip":"10.11.4.23","target":"logon-session","logon_type":null,"change_ticket":"","result":"success","channel":"Security","provider":"Microsoft-Windows-Security-Auditing","logon_id":"f785ebeea3fbb098","process_id":18776,"image_path":"C:/Program Files/ApprovedAgent/agent.exe","run_as":"","publisher":"Approved Software Team","update_state":"installed","agent_build":"2026.09.3"},{"timestamp":"2026-09-14T00:54:51.300Z","computer":"srv-174","event_id":4625,"record_id":101219,"user":"employee-414","source_ip":"10.12.1.23","target":"logon-session","logon_type":3,"change_ticket":"","result":"failure","channel":"Security","provider":"Microsoft-Windows-Security-Auditing","logon_id":"f785ebeea3fbb098","process_id":3493,"image_path":"","run_as":"","publisher":"","update_state":"installed","agent_build":"2026.09.4"},{"timestamp":"2026-09-14T00:54:54.000Z","computer":"srv-208","event_id":4698,"record_id":101220,"user":"employee-267","source_ip":"10.12.3.17","target":"Approved-Maintenance","logon_type":null,"change_ticket":"CHG-DEPLOY-18","result":"success","channel":"Security","provider":"Microsoft-Windows-Security-Auditing","logon_id":"fb003a05ce8e7d44","process_id":4669,"image_path":"C:/Program Files/ApprovedAgent/agent.exe","run_as":"svc-agent","publisher":"Approved Software Team","update_state":"installed","agent_build":"2026.09.1"},{"timestamp":"2026-09-14T00:54:56.700Z","computer":"srv-219","event_id":4728,"record_id":101221,"user":"employee-261","source_ip":"10.12.3.28","target":"Project-Readers","logon_type":null,"change_ticket":"CHG-DEPLOY-18","result":"success","channel":"Security","provider":"Microsoft-Windows-Security-Auditing","logon_id":"fb003a05ce8e7d44","process_id":5649,"image_path":"","run_as":"","publisher":"","update_state":"installed","agent_build":"2026.09.2"},{"timestamp":"2026-09-14T00:54:59.400Z","computer":"srv-068","event_id":4697,"record_id":101222,"user":"deployment-admin","source_ip":"10.10.4.17","target":"ApprovedAgent","logon_type":null,"change_ticket":"CHG-DEPLOY-18","result":"success","channel":"Security","provider":"Microsoft-Windows-Security-Auditing","logon_id":"fb003a05ce8e7d44","process_id":17698,"image_path":"C:/Program Files/ApprovedAgent/agent.exe","run_as":"svc-agent","publisher":"Approved Software Team","update_state":"failed","agent_build":"2026.09.3"},{"timestamp":"2026-09-14T00:55:02.100Z","computer":"srv-057","event_id":4624,"record_id":101223,"user":"employee-234","source_ip":"10.10.3.26","target":"logon-session","logon_type":10,"change_ticket":"","result":"success","channel":"Security","provider":"Microsoft-Windows-Security-Auditing","logon_id":"fb003a05ce8e7d44","process_id":2373,"image_path":"","run_as":"","publisher":"","update_state":"installed","agent_build":"2026.09.4"},{"timestamp":"2026-09-14T00:55:04.800Z","computer":"srv-185","event_id":4624,"record_id":101224,"user":"employee-30","source_ip":"10.12.2.14","target":"logon-session","logon_type":2,"change_ticket":"","result":"success","channel":"Security","provider":"Microsoft-Windows-Security-Auditing","logon_id":"c0dddc872e7bba62","process_id":3660,"image_path":"","run_as":"","publisher":"","update_state":"installed","agent_build":"2026.09.1"},{"timestamp":"2026-09-14T00:55:07.500Z","computer":"srv-103","event_id":4634,"record_id":101225,"user":"employee-336","source_ip":"10.11.2.12","target":"logon-session","logon_type":3,"change_ticket":"","result":"success","channel":"Security","provider":"Microsoft-Windows-Security-Auditing","logon_id":"c0dddc872e7bba62","process_id":24985,"image_path":"","run_as":"","publisher":"","update_state":"installed","agent_build":"2026.09.2"},{"timestamp":"2026-09-14T00:55:10.200Z","computer":"srv-023","event_id":4688,"record_id":101226,"user":"employee-341","source_ip":"10.10.2.12","target":"logon-session","logon_type":null,"change_ticket":"","result":"success","channel":"Security","provider":"Microsoft-Windows-Security-Auditing","logon_id":"c0dddc872e7bba62","process_id":20072,"image_path":"C:/Program Files/ApprovedAgent/agent.exe","run_as":"","publisher":"Approved Software Team","update_state":"installed","agent_build":"2026.09.3"},{"timestamp":"2026-09-14T00:55:12.900Z","computer":"srv-023","event_id":4625,"record_id":101227,"user":"employee-294","source_ip":"10.10.2.12","target":"logon-session","logon_type":2,"change_ticket":"","result":"failure","channel":"Security","provider":"Microsoft-Windows-Security-Auditing","logon_id":"c0dddc872e7bba62","process_id":18851,"image_path":"","run_as":"","publisher":"","update_state":"installed","agent_build":"2026.09.4"},{"timestamp":"2026-09-14T00:55:15.600Z","computer":"srv-041","event_id":4698,"record_id":101228,"user":"employee-455","source_ip":"10.10.3.10","target":"Approved-Maintenance","logon_type":null,"change_ticket":"CHG-DEPLOY-18","result":"success","channel":"Security","provider":"Microsoft-Windows-Security-Auditing","logon_id":"4f2ce3cfb866628c","process_id":24681,"image_path":"C:/Program Files/ApprovedAgent/agent.exe","run_as":"svc-agent","publisher":"Approved Software Team","update_state":"installed","agent_build":"2026.09.1"},{"timestamp":"2026-09-14T00:55:18.300Z","computer":"srv-142","event_id":4728,"record_id":101229,"user":"employee-80","source_ip":"10.11.4.11","target":"Project-Readers","logon_type":null,"change_ticket":"CHG-DEPLOY-18","result":"success","channel":"Security","provider":"Microsoft-Windows-Security-Auditing","logon_id":"4f2ce3cfb866628c","process_id":16003,"image_path":"","run_as":"","publisher":"","update_state":"installed","agent_build":"2026.09.2"},{"timestamp":"2026-09-14T00:55:21.000Z","computer":"srv-076","event_id":4697,"record_id":101230,"user":"employee-479","source_ip":"10.10.4.25","target":"ApprovedAgent","logon_type":null,"change_ticket":"CHG-DEPLOY-18","result":"success","channel":"Security","provider":"Microsoft-Windows-Security-Auditing","logon_id":"4f2ce3cfb866628c","process_id":21491,"image_path":"C:/Program Files/ApprovedAgent/agent.exe","run_as":"svc-agent","publisher":"Approved Software Team","update_state":"installed","agent_build":"2026.09.3"},{"timestamp":"2026-09-14T00:55:23.700Z","computer":"srv-190","event_id":4624,"record_id":101231,"user":"employee-32","source_ip":"10.12.2.19","target":"logon-session","logon_type":3,"change_ticket":"","result":"success","channel":"Security","provider":"Microsoft-Windows-Security-Auditing","logon_id":"4f2ce3cfb866628c","process_id":16370,"image_path":"","run_as":"","publisher":"","update_state":"installed","agent_build":"2026.09.4"},{"timestamp":"2026-09-14T00:55:26.400Z","computer":"srv-075","event_id":4624,"record_id":101232,"user":"employee-321","source_ip":"10.10.4.24","target":"logon-session","logon_type":10,"change_ticket":"","result":"success","channel":"Security","provider":"Microsoft-Windows-Security-Auditing","logon_id":"2b63b77d00b5da69","process_id":4544,"image_path":"","run_as":"","publisher":"","update_state":"installed","agent_build":"2026.09.1"},{"timestamp":"2026-09-14T00:55:29.100Z","computer":"srv-048","event_id":4634,"record_id":101233,"user":"employee-480","source_ip":"10.10.3.17","target":"logon-session","logon_type":2,"change_ticket":"","result":"success","channel":"Security","provider":"Microsoft-Windows-Security-Auditing","logon_id":"2b63b77d00b5da69","process_id":15512,"image_path":"","run_as":"","publisher":"","update_state":"installed","agent_build":"2026.09.2"},{"timestamp":"2026-09-14T00:55:31.800Z","computer":"srv-057","event_id":4688,"record_id":101234,"user":"employee-426","source_ip":"10.10.3.26","target":"logon-session","logon_type":null,"change_ticket":"","result":"success","channel":"Security","provider":"Microsoft-Windows-Security-Auditing","logon_id":"2b63b77d00b5da69","process_id":3308,"image_path":"C:/Program Files/ApprovedAgent/agent.exe","run_as":"","publisher":"Approved Software Team","update_state":"installed","agent_build":"2026.09.3"},{"timestamp":"2026-09-14T00:55:34.500Z","computer":"srv-163","event_id":4625,"record_id":101235,"user":"deployment-admin","source_ip":"10.12.1.12","target":"logon-session","logon_type":10,"change_ticket":"","result":"failure","channel":"Security","provider":"Microsoft-Windows-Security-Auditing","logon_id":"2b63b77d00b5da69","process_id":7950,"image_path":"","run_as":"","publisher":"","update_state":"installed","agent_build":"2026.09.4"},{"timestamp":"2026-09-14T00:55:37.200Z","computer":"srv-202","event_id":4698,"record_id":101236,"user":"employee-332","source_ip":"10.12.3.11","target":"Approved-Maintenance","logon_type":null,"change_ticket":"CHG-DEPLOY-18","result":"success","channel":"Security","provider":"Microsoft-Windows-Security-Auditing","logon_id":"4a7aadefad6c3686","process_id":13433,"image_path":"C:/Program Files/ApprovedAgent/agent.exe","run_as":"svc-agent","publisher":"Approved Software Team","update_state":"installed","agent_build":"2026.09.1"},{"timestamp":"2026-09-14T00:55:39.900Z","computer":"srv-035","event_id":4728,"record_id":101237,"user":"employee-110","source_ip":"10.10.2.24","target":"Project-Readers","logon_type":null,"change_ticket":"CHG-DEPLOY-18","result":"success","channel":"Security","provider":"Microsoft-Windows-Security-Auditing","logon_id":"4a7aadefad6c3686","process_id":19239,"image_path":"","run_as":"","publisher":"","update_state":"installed","agent_build":"2026.09.2"},{"timestamp":"2026-09-14T00:55:42.600Z","computer":"srv-145","event_id":4697,"record_id":101238,"user":"employee-432","source_ip":"10.11.4.14","target":"ApprovedAgent","logon_type":null,"change_ticket":"CHG-DEPLOY-18","result":"success","channel":"Security","provider":"Microsoft-Windows-Security-Auditing","logon_id":"4a7aadefad6c3686","process_id":12313,"image_path":"C:/Program Files/ApprovedAgent/agent.exe","run_as":"svc-agent","publisher":"Approved Software Team","update_state":"installed","agent_build":"2026.09.3"},{"timestamp":"2026-09-14T00:55:45.300Z","computer":"srv-175","event_id":4624,"record_id":101239,"user":"employee-71","source_ip":"10.12.1.24","target":"logon-session","logon_type":2,"change_ticket":"","result":"success","channel":"Security","provider":"Microsoft-Windows-Security-Auditing","logon_id":"4a7aadefad6c3686","process_id":22959,"image_path":"","run_as":"","publisher":"","update_state":"no-report","agent_build":"2026.09.4"},{"timestamp":"2026-09-14T00:55:48.000Z","computer":"srv-161","event_id":4624,"record_id":101240,"user":"employee-239","source_ip":"10.12.1.10","target":"logon-session","logon_type":3,"change_ticket":"","result":"success","channel":"Security","provider":"Microsoft-Windows-Security-Auditing","logon_id":"284333b2ed146a69","process_id":2915,"image_path":"","run_as":"","publisher":"","update_state":"restart-pending","agent_build":"2026.09.1"},{"timestamp":"2026-09-14T00:55:50.700Z","computer":"srv-093","event_id":4634,"record_id":101241,"user":"employee-88","source_ip":"10.11.1.22","target":"logon-session","logon_type":10,"change_ticket":"","result":"success","channel":"Security","provider":"Microsoft-Windows-Security-Auditing","logon_id":"284333b2ed146a69","process_id":6997,"image_path":"","run_as":"","publisher":"","update_state":"installed","agent_build":"2026.09.2"},{"timestamp":"2026-09-14T00:55:53.400Z","computer":"srv-072","event_id":4688,"record_id":101242,"user":"employee-424","source_ip":"10.10.4.21","target":"logon-session","logon_type":null,"change_ticket":"","result":"success","channel":"Security","provider":"Microsoft-Windows-Security-Auditing","logon_id":"284333b2ed146a69","process_id":14954,"image_path":"C:/Program Files/ApprovedAgent/agent.exe","run_as":"","publisher":"Approved Software Team","update_state":"installed","agent_build":"2026.09.3"},{"timestamp":"2026-09-14T00:55:56.100Z","computer":"srv-138","event_id":4625,"record_id":101243,"user":"employee-389","source_ip":"10.11.3.27","target":"logon-session","logon_type":3,"change_ticket":"","result":"failure","channel":"Security","provider":"Microsoft-Windows-Security-Auditing","logon_id":"284333b2ed146a69","process_id":21148,"image_path":"","run_as":"","publisher":"","update_state":"installed","agent_build":"2026.09.4"},{"timestamp":"2026-09-14T00:55:58.800Z","computer":"srv-225","event_id":4698,"record_id":101244,"user":"employee-171","source_ip":"10.12.4.14","target":"Approved-Maintenance","logon_type":null,"change_ticket":"CHG-DEPLOY-18","result":"success","channel":"Security","provider":"Microsoft-Windows-Security-Auditing","logon_id":"c2060cde705d4319","process_id":24314,"image_path":"C:/Program Files/ApprovedAgent/agent.exe","run_as":"svc-agent","publisher":"Approved Software Team","update_state":"installed","agent_build":"2026.09.1"},{"timestamp":"2026-09-14T00:56:01.500Z","computer":"srv-081","event_id":4728,"record_id":101245,"user":"employee-166","source_ip":"10.11.1.10","target":"Project-Readers","logon_type":null,"change_ticket":"CHG-DEPLOY-18","result":"success","channel":"Security","provider":"Microsoft-Windows-Security-Auditing","logon_id":"c2060cde705d4319","process_id":12787,"image_path":"","run_as":"","publisher":"","update_state":"installed","agent_build":"2026.09.2"},{"timestamp":"2026-09-14T00:56:04.200Z","computer":"srv-113","event_id":4697,"record_id":101246,"user":"employee-14","source_ip":"10.11.2.22","target":"ApprovedAgent","logon_type":null,"change_ticket":"CHG-DEPLOY-18","result":"success","channel":"Security","provider":"Microsoft-Windows-Security-Auditing","logon_id":"c2060cde705d4319","process_id":17182,"image_path":"C:/Program Files/ApprovedAgent/agent.exe","run_as":"svc-agent","publisher":"Approved Software Team","update_state":"installed","agent_build":"2026.09.3"},{"timestamp":"2026-09-14T00:56:06.900Z","computer":"srv-175","event_id":4624,"record_id":101247,"user":"employee-202","source_ip":"10.12.1.24","target":"logon-session","logon_type":10,"change_ticket":"","result":"success","channel":"Security","provider":"Microsoft-Windows-Security-Auditing","logon_id":"c2060cde705d4319","process_id":10045,"image_path":"","run_as":"","publisher":"","update_state":"installed","agent_build":"2026.09.4"},{"timestamp":"2026-09-14T00:56:09.600Z","computer":"srv-239","event_id":4624,"record_id":101248,"user":"deployment-admin","source_ip":"10.12.4.28","target":"logon-session","logon_type":2,"change_ticket":"","result":"success","channel":"Security","provider":"Microsoft-Windows-Security-Auditing","logon_id":"2ae6231e8fa2deb8","process_id":17174,"image_path":"","run_as":"","publisher":"","update_state":"installed","agent_build":"2026.09.1"},{"timestamp":"2026-09-14T00:56:12.300Z","computer":"srv-196","event_id":4634,"record_id":101249,"user":"employee-79","source_ip":"10.12.2.25","target":"logon-session","logon_type":3,"change_ticket":"","result":"success","channel":"Security","provider":"Microsoft-Windows-Security-Auditing","logon_id":"2ae6231e8fa2deb8","process_id":14257,"image_path":"","run_as":"","publisher":"","update_state":"installed","agent_build":"2026.09.2"},{"timestamp":"2026-09-14T00:56:15.000Z","computer":"srv-086","event_id":4688,"record_id":101250,"user":"employee-136","source_ip":"10.11.1.15","target":"logon-session","logon_type":null,"change_ticket":"","result":"success","channel":"Security","provider":"Microsoft-Windows-Security-Auditing","logon_id":"2ae6231e8fa2deb8","process_id":20341,"image_path":"C:/Program Files/ApprovedAgent/agent.exe","run_as":"","publisher":"Approved Software Team","update_state":"installed","agent_build":"2026.09.3"},{"timestamp":"2026-09-14T00:56:17.700Z","computer":"srv-091","event_id":4625,"record_id":101251,"user":"employee-205","source_ip":"10.11.1.20","target":"logon-session","logon_type":2,"change_ticket":"","result":"failure","channel":"Security","provider":"Microsoft-Windows-Security-Auditing","logon_id":"2ae6231e8fa2deb8","process_id":11930,"image_path":"","run_as":"","publisher":"","update_state":"installed","agent_build":"2026.09.4"},{"timestamp":"2026-09-14T00:56:20.400Z","computer":"srv-197","event_id":4698,"record_id":101252,"user":"employee-431","source_ip":"10.12.2.26","target":"Approved-Maintenance","logon_type":null,"change_ticket":"CHG-DEPLOY-18","result":"success","channel":"Security","provider":"Microsoft-Windows-Security-Auditing","logon_id":"025cd6796042fffa","process_id":24743,"image_path":"C:/Program Files/ApprovedAgent/agent.exe","run_as":"svc-agent","publisher":"Approved Software Team","update_state":"installed","agent_build":"2026.09.1"},{"timestamp":"2026-09-14T00:56:23.100Z","computer":"srv-136","event_id":4728,"record_id":101253,"user":"employee-148","source_ip":"10.11.3.25","target":"Project-Readers","logon_type":null,"change_ticket":"CHG-DEPLOY-18","result":"success","channel":"Security","provider":"Microsoft-Windows-Security-Auditing","logon_id":"025cd6796042fffa","process_id":8824,"image_path":"","run_as":"","publisher":"","update_state":"installed","agent_build":"2026.09.2"},{"timestamp":"2026-09-14T00:56:25.800Z","computer":"srv-133","event_id":4697,"record_id":101254,"user":"employee-53","source_ip":"10.11.3.22","target":"ApprovedAgent","logon_type":null,"change_ticket":"CHG-DEPLOY-18","result":"success","channel":"Security","provider":"Microsoft-Windows-Security-Auditing","logon_id":"025cd6796042fffa","process_id":21280,"image_path":"C:/Program Files/ApprovedAgent/agent.exe","run_as":"svc-agent","publisher":"Approved Software Team","update_state":"installed","agent_build":"2026.09.3"},{"timestamp":"2026-09-14T00:56:28.500Z","computer":"srv-019","event_id":4624,"record_id":101255,"user":"employee-240","source_ip":"10.10.1.28","target":"logon-session","logon_type":3,"change_ticket":"","result":"success","channel":"Security","provider":"Microsoft-Windows-Security-Auditing","logon_id":"025cd6796042fffa","process_id":12744,"image_path":"","run_as":"","publisher":"","update_state":"installed","agent_build":"2026.09.4"},{"timestamp":"2026-09-14T00:56:31.200Z","computer":"srv-045","event_id":4624,"record_id":101256,"user":"employee-236","source_ip":"10.10.3.14","target":"logon-session","logon_type":10,"change_ticket":"","result":"success","channel":"Security","provider":"Microsoft-Windows-Security-Auditing","logon_id":"3ed3b06ccde17e83","process_id":9282,"image_path":"","run_as":"","publisher":"","update_state":"installed","agent_build":"2026.09.1"},{"timestamp":"2026-09-14T00:56:33.900Z","computer":"srv-048","event_id":4634,"record_id":101257,"user":"employee-442","source_ip":"10.10.3.17","target":"logon-session","logon_type":2,"change_ticket":"","result":"success","channel":"Security","provider":"Microsoft-Windows-Security-Auditing","logon_id":"3ed3b06ccde17e83","process_id":5585,"image_path":"","run_as":"","publisher":"","update_state":"installed","agent_build":"2026.09.2"},{"timestamp":"2026-09-14T00:56:36.600Z","computer":"srv-050","event_id":4688,"record_id":101258,"user":"employee-56","source_ip":"10.10.3.19","target":"logon-session","logon_type":null,"change_ticket":"","result":"success","channel":"Security","provider":"Microsoft-Windows-Security-Auditing","logon_id":"3ed3b06ccde17e83","process_id":9928,"image_path":"C:/Program Files/ApprovedAgent/agent.exe","run_as":"","publisher":"Approved Software Team","update_state":"installed","agent_build":"2026.09.3"},{"timestamp":"2026-09-14T00:56:39.300Z","computer":"srv-141","event_id":4625,"record_id":101259,"user":"employee-28","source_ip":"10.11.4.10","target":"logon-session","logon_type":10,"change_ticket":"","result":"failure","channel":"Security","provider":"Microsoft-Windows-Security-Auditing","logon_id":"3ed3b06ccde17e83","process_id":5344,"image_path":"","run_as":"","publisher":"","update_state":"installed","agent_build":"2026.09.4"},{"timestamp":"2026-09-14T00:56:42.000Z","computer":"srv-175","event_id":4698,"record_id":101260,"user":"employee-251","source_ip":"10.12.1.24","target":"Approved-Maintenance","logon_type":null,"change_ticket":"CHG-DEPLOY-18","result":"success","channel":"Security","provider":"Microsoft-Windows-Security-Auditing","logon_id":"3cd06b5e1e0ddffe","process_id":16518,"image_path":"C:/Program Files/ApprovedAgent/agent.exe","run_as":"svc-agent","publisher":"Approved Software Team","update_state":"installed","agent_build":"2026.09.1"},{"timestamp":"2026-09-14T00:56:44.700Z","computer":"srv-053","event_id":4728,"record_id":101261,"user":"deployment-admin","source_ip":"10.10.3.22","target":"Project-Readers","logon_type":null,"change_ticket":"CHG-DEPLOY-18","result":"success","channel":"Security","provider":"Microsoft-Windows-Security-Auditing","logon_id":"3cd06b5e1e0ddffe","process_id":15427,"image_path":"","run_as":"","publisher":"","update_state":"installed","agent_build":"2026.09.2"},{"timestamp":"2026-09-14T00:56:47.400Z","computer":"srv-154","event_id":4697,"record_id":101262,"user":"employee-62","source_ip":"10.11.4.23","target":"ApprovedAgent","logon_type":null,"change_ticket":"CHG-DEPLOY-18","result":"success","channel":"Security","provider":"Microsoft-Windows-Security-Auditing","logon_id":"3cd06b5e1e0ddffe","process_id":14413,"image_path":"C:/Program Files/ApprovedAgent/agent.exe","run_as":"svc-agent","publisher":"Approved Software Team","update_state":"installed","agent_build":"2026.09.3"},{"timestamp":"2026-09-14T00:56:50.100Z","computer":"srv-085","event_id":4624,"record_id":101263,"user":"employee-435","source_ip":"10.11.1.14","target":"logon-session","logon_type":2,"change_ticket":"","result":"success","channel":"Security","provider":"Microsoft-Windows-Security-Auditing","logon_id":"3cd06b5e1e0ddffe","process_id":1775,"image_path":"","run_as":"","publisher":"","update_state":"installed","agent_build":"2026.09.4"},{"timestamp":"2026-09-14T00:56:52.800Z","computer":"srv-073","event_id":4624,"record_id":101264,"user":"employee-299","source_ip":"10.10.4.22","target":"logon-session","logon_type":3,"change_ticket":"","result":"success","channel":"Security","provider":"Microsoft-Windows-Security-Auditing","logon_id":"f00d418b37b2da47","process_id":2100,"image_path":"","run_as":"","publisher":"","update_state":"installed","agent_build":"2026.09.1"},{"timestamp":"2026-09-14T00:56:55.500Z","computer":"srv-182","event_id":4634,"record_id":101265,"user":"employee-181","source_ip":"10.12.2.11","target":"logon-session","logon_type":10,"change_ticket":"","result":"success","channel":"Security","provider":"Microsoft-Windows-Security-Auditing","logon_id":"f00d418b37b2da47","process_id":14586,"image_path":"","run_as":"","publisher":"","update_state":"installed","agent_build":"2026.09.2"},{"timestamp":"2026-09-14T00:56:58.200Z","computer":"srv-144","event_id":4688,"record_id":101266,"user":"employee-284","source_ip":"10.11.4.13","target":"logon-session","logon_type":null,"change_ticket":"","result":"success","channel":"Security","provider":"Microsoft-Windows-Security-Auditing","logon_id":"f00d418b37b2da47","process_id":6275,"image_path":"C:/Program Files/ApprovedAgent/agent.exe","run_as":"","publisher":"Approved Software Team","update_state":"installed","agent_build":"2026.09.3"},{"timestamp":"2026-09-14T00:57:00.900Z","computer":"srv-029","event_id":4625,"record_id":101267,"user":"employee-218","source_ip":"10.10.2.18","target":"logon-session","logon_type":3,"change_ticket":"","result":"failure","channel":"Security","provider":"Microsoft-Windows-Security-Auditing","logon_id":"f00d418b37b2da47","process_id":15212,"image_path":"","run_as":"","publisher":"","update_state":"installed","agent_build":"2026.09.4"},{"timestamp":"2026-09-14T00:57:03.600Z","computer":"srv-003","event_id":4698,"record_id":101268,"user":"employee-436","source_ip":"10.10.1.12","target":"Approved-Maintenance","logon_type":null,"change_ticket":"CHG-DEPLOY-18","result":"success","channel":"Security","provider":"Microsoft-Windows-Security-Auditing","logon_id":"b06879ffd1610aee","process_id":4898,"image_path":"C:/Program Files/ApprovedAgent/agent.exe","run_as":"svc-agent","publisher":"Approved Software Team","update_state":"installed","agent_build":"2026.09.1"},{"timestamp":"2026-09-14T00:57:06.300Z","computer":"srv-123","event_id":4728,"record_id":101269,"user":"employee-111","source_ip":"10.11.3.12","target":"Project-Readers","logon_type":null,"change_ticket":"CHG-DEPLOY-18","result":"success","channel":"Security","provider":"Microsoft-Windows-Security-Auditing","logon_id":"b06879ffd1610aee","process_id":23728,"image_path":"","run_as":"","publisher":"","update_state":"failed","agent_build":"2026.09.2"},{"timestamp":"2026-09-14T00:57:09.000Z","computer":"srv-033","event_id":4697,"record_id":101270,"user":"employee-3","source_ip":"10.10.2.22","target":"ApprovedAgent","logon_type":null,"change_ticket":"CHG-DEPLOY-18","result":"success","channel":"Security","provider":"Microsoft-Windows-Security-Auditing","logon_id":"b06879ffd1610aee","process_id":23381,"image_path":"C:/Program Files/ApprovedAgent/agent.exe","run_as":"svc-agent","publisher":"Approved Software Team","update_state":"installed","agent_build":"2026.09.3"},{"timestamp":"2026-09-14T00:57:11.700Z","computer":"srv-059","event_id":4624,"record_id":101271,"user":"employee-280","source_ip":"10.10.3.28","target":"logon-session","logon_type":10,"change_ticket":"","result":"success","channel":"Security","provider":"Microsoft-Windows-Security-Auditing","logon_id":"b06879ffd1610aee","process_id":4471,"image_path":"","run_as":"","publisher":"","update_state":"restart-pending","agent_build":"2026.09.4"},