window.NETWORK_SYSTEM_EVIDENCE=window.NETWORK_SYSTEM_EVIDENCE||{};
window.NETWORK_SYSTEM_EVIDENCE["windows"]={"id":"windows","format":"wvs-synthetic-evidence-v1","synthetic":true,"timezone":"UTC","records":[{"timestamp":"2026-09-14T00:00:00.000Z","computer":"win-admin-21","event_id":4625,"record_id":100000,"user":"ops-review","source_ip":"198.51.100.77","target":"logon-session","logon_type":10,"change_ticket":"","result":"failure","channel":"Security","provider":"Microsoft-Windows-Security-Auditing","logon_id":"e723b4ea3b6ff020","process_id":4416,"image_path":"","run_as":"","publisher":"","update_state":"restart-pending","agent_build":"2026.09.1"},{"timestamp":"2026-09-14T00:00:02.700Z","computer":"win-admin-21","event_id":4625,"record_id":100001,"user":"ops-review","source_ip":"198.51.100.77","target":"logon-session","logon_type":10,"change_ticket":"","result":"failure","channel":"Security","provider":"Microsoft-Windows-Security-Auditing","logon_id":"e723b4ea3b6ff020","process_id":3748,"image_path":"","run_as":"","publisher":"","update_state":"installed","agent_build":"2026.09.2"},{"timestamp":"2026-09-14T00:00:05.400Z","computer":"win-admin-21","event_id":4625,"record_id":100002,"user":"ops-review","source_ip":"198.51.100.77","target":"logon-session","logon_type":10,"change_ticket":"","result":"failure","channel":"Security","provider":"Microsoft-Windows-Security-Auditing","logon_id":"e723b4ea3b6ff020","process_id":9319,"image_path":"","run_as":"","publisher":"","update_state":"installed","agent_build":"2026.09.3"},{"timestamp":"2026-09-14T00:00:08.100Z","computer":"win-admin-21","event_id":4624,"record_id":100003,"user":"ops-review","source_ip":"198.51.100.77","target":"logon-session","logon_type":10,"change_ticket":"","result":"success","channel":"Security","provider":"Microsoft-Windows-Security-Auditing","logon_id":"e723b4ea3b6ff020","process_id":2022,"image_path":"","run_as":"","publisher":"","update_state":"installed","agent_build":"2026.09.4"},{"timestamp":"2026-09-14T00:00:10.800Z","computer":"win-admin-21","event_id":4728,"record_id":100004,"user":"ops-review","source_ip":"198.51.100.77","target":"Domain Admins","logon_type":null,"change_ticket":"","result":"success","channel":"Security","provider":"Microsoft-Windows-Security-Auditing","logon_id":"e723b4ea3b6ff020","process_id":21669,"image_path":"","run_as":"","publisher":"","update_state":"installed","agent_build":"2026.09.1"},{"timestamp":"2026-09-14T00:00:13.500Z","computer":"win-admin-21","event_id":4698,"record_id":100005,"user":"ops-review","source_ip":"198.51.100.77","target":"UserCache-Maintenance","logon_type":null,"change_ticket":"","result":"success","channel":"Security","provider":"Microsoft-Windows-Security-Auditing","logon_id":"e723b4ea3b6ff020","process_id":3266,"image_path":"C:/Users/ops-review/AppData/Local/Cache/worker.exe","run_as":"LocalSystem","publisher":"unverified","update_state":"installed","agent_build":"2026.09.2"},{"timestamp":"2026-09-14T00:00:16.200Z","computer":"win-admin-21","event_id":4697,"record_id":100006,"user":"ops-review","source_ip":"198.51.100.77","target":"DocumentCacheSvc","logon_type":null,"change_ticket":"","result":"success","channel":"Security","provider":"Microsoft-Windows-Security-Auditing","logon_id":"e723b4ea3b6ff020","process_id":25707,"image_path":"C:/Users/ops-review/AppData/Local/Cache/worker.exe","run_as":"LocalSystem","publisher":"unverified","update_state":"installed","agent_build":"2026.09.3"},{"timestamp":"2026-09-14T00:00:18.900Z","computer":"win-admin-21","event_id":1102,"record_id":100007,"user":"ops-review","source_ip":"198.51.100.77","target":"Security log","logon_type":null,"change_ticket":"","result":"success","channel":"Security","provider":"Microsoft-Windows-Eventlog","logon_id":"e723b4ea3b6ff020","process_id":5471,"image_path":"","run_as":"","publisher":"","update_state":"installed","agent_build":"2026.09.4"},{"timestamp":"2026-09-14T00:00:21.600Z","computer":"win-admin-21","event_id":4634,"record_id":100008,"user":"ops-review","source_ip":"198.51.100.77","target":"logon-session","logon_type":10,"change_ticket":"","result":"success","channel":"Security","provider":"Microsoft-Windows-Security-Auditing","logon_id":"e723b4ea3b6ff020","process_id":3543,"image_path":"","run_as":"","publisher":"","update_state":"installed","agent_build":"2026.09.1"},{"timestamp":"2026-09-14T00:00:24.300Z","computer":"srv-056","event_id":4634,"record_id":100009,"user":"employee-377","source_ip":"10.10.3.25","target":"logon-session","logon_type":2,"change_ticket":"","result":"success","channel":"Security","provider":"Microsoft-Windows-Security-Auditing","logon_id":"8510475bed135441","process_id":6642,"image_path":"","run_as":"","publisher":"","update_state":"installed","agent_build":"2026.09.2"},{"timestamp":"2026-09-14T00:00:27.000Z","computer":"srv-178","event_id":4688,"record_id":100010,"user":"employee-255","source_ip":"10.12.1.27","target":"logon-session","logon_type":null,"change_ticket":"","result":"success","channel":"Security","provider":"Microsoft-Windows-Security-Auditing","logon_id":"8510475bed135441","process_id":8353,"image_path":"C:/Program Files/ApprovedAgent/agent.exe","run_as":"","publisher":"Approved Software Team","update_state":"installed","agent_build":"2026.09.3"},{"timestamp":"2026-09-14T00:00:29.700Z","computer":"srv-066","event_id":4625,"record_id":100011,"user":"employee-286","source_ip":"10.10.4.15","target":"logon-session","logon_type":10,"change_ticket":"","result":"failure","channel":"Security","provider":"Microsoft-Windows-Security-Auditing","logon_id":"8510475bed135441","process_id":13363,"image_path":"","run_as":"","publisher":"","update_state":"installed","agent_build":"2026.09.4"},{"timestamp":"2026-09-14T00:00:32.400Z","computer":"srv-022","event_id":4698,"record_id":100012,"user":"employee-44","source_ip":"10.10.2.11","target":"Approved-Maintenance","logon_type":null,"change_ticket":"CHG-DEPLOY-18","result":"success","channel":"Security","provider":"Microsoft-Windows-Security-Auditing","logon_id":"5fc318552f6e21cd","process_id":25142,"image_path":"C:/Program Files/ApprovedAgent/agent.exe","run_as":"svc-agent","publisher":"Approved Software Team","update_state":"installed","agent_build":"2026.09.1"},{"timestamp":"2026-09-14T00:00:35.100Z","computer":"srv-060","event_id":4728,"record_id":100013,"user":"deployment-admin","source_ip":"10.10.3.29","target":"Project-Readers","logon_type":null,"change_ticket":"CHG-DEPLOY-18","result":"success","channel":"Security","provider":"Microsoft-Windows-Security-Auditing","logon_id":"5fc318552f6e21cd","process_id":22926,"image_path":"","run_as":"","publisher":"","update_state":"installed","agent_build":"2026.09.2"},{"timestamp":"2026-09-14T00:00:37.800Z","computer":"srv-058","event_id":4697,"record_id":100014,"user":"employee-439","source_ip":"10.10.3.27","target":"ApprovedAgent","logon_type":null,"change_ticket":"CHG-DEPLOY-18","result":"success","channel":"Security","provider":"Microsoft-Windows-Security-Auditing","logon_id":"5fc318552f6e21cd","process_id":24776,"image_path":"C:/Program Files/ApprovedAgent/agent.exe","run_as":"svc-agent","publisher":"Approved Software Team","update_state":"installed","agent_build":"2026.09.3"},{"timestamp":"2026-09-14T00:00:40.500Z","computer":"srv-021","event_id":4624,"record_id":100015,"user":"employee-254","source_ip":"10.10.2.10","target":"logon-session","logon_type":2,"change_ticket":"","result":"success","channel":"Security","provider":"Microsoft-Windows-Security-Auditing","logon_id":"5fc318552f6e21cd","process_id":18160,"image_path":"","run_as":"","publisher":"","update_state":"installed","agent_build":"2026.09.4"},{"timestamp":"2026-09-14T00:00:43.200Z","computer":"srv-179","event_id":4624,"record_id":100016,"user":"employee-159","source_ip":"10.12.1.28","target":"logon-session","logon_type":3,"change_ticket":"","result":"success","channel":"Security","provider":"Microsoft-Windows-Security-Auditing","logon_id":"8c0dd71e6e0c6bf1","process_id":4676,"image_path":"","run_as":"","publisher":"","update_state":"installed","agent_build":"2026.09.1"},{"timestamp":"2026-09-14T00:00:45.900Z","computer":"srv-102","event_id":4634,"record_id":100017,"user":"employee-69","source_ip":"10.11.2.11","target":"logon-session","logon_type":10,"change_ticket":"","result":"success","channel":"Security","provider":"Microsoft-Windows-Security-Auditing","logon_id":"8c0dd71e6e0c6bf1","process_id":1832,"image_path":"","run_as":"","publisher":"","update_state":"installed","agent_build":"2026.09.2"},{"timestamp":"2026-09-14T00:00:48.600Z","computer":"srv-053","event_id":4688,"record_id":100018,"user":"employee-418","source_ip":"10.10.3.22","target":"logon-session","logon_type":null,"change_ticket":"","result":"success","channel":"Security","provider":"Microsoft-Windows-Security-Auditing","logon_id":"8c0dd71e6e0c6bf1","process_id":19260,"image_path":"C:/Program Files/ApprovedAgent/agent.exe","run_as":"","publisher":"Approved Software Team","update_state":"installed","agent_build":"2026.09.3"},{"timestamp":"2026-09-14T00:00:51.300Z","computer":"srv-125","event_id":4625,"record_id":100019,"user":"employee-213","source_ip":"10.11.3.14","target":"logon-session","logon_type":3,"change_ticket":"","result":"failure","channel":"Security","provider":"Microsoft-Windows-Security-Auditing","logon_id":"8c0dd71e6e0c6bf1","process_id":4177,"image_path":"","run_as":"","publisher":"","update_state":"installed","agent_build":"2026.09.4"},{"timestamp":"2026-09-14T00:00:54.000Z","computer":"srv-034","event_id":4698,"record_id":100020,"user":"employee-382","source_ip":"10.10.2.23","target":"Approved-Maintenance","logon_type":null,"change_ticket":"CHG-DEPLOY-18","result":"success","channel":"Security","provider":"Microsoft-Windows-Security-Auditing","logon_id":"8cd1a6377bba04d6","process_id":21302,"image_path":"C:/Program Files/ApprovedAgent/agent.exe","run_as":"svc-agent","publisher":"Approved Software Team","update_state":"installed","agent_build":"2026.09.1"},{"timestamp":"2026-09-14T00:00:56.700Z","computer":"srv-184","event_id":4728,"record_id":100021,"user":"employee-46","source_ip":"10.12.2.13","target":"Project-Readers","logon_type":null,"change_ticket":"CHG-DEPLOY-18","result":"success","channel":"Security","provider":"Microsoft-Windows-Security-Auditing","logon_id":"8cd1a6377bba04d6","process_id":16085,"image_path":"","run_as":"","publisher":"","update_state":"installed","agent_build":"2026.09.2"},{"timestamp":"2026-09-14T00:00:59.400Z","computer":"srv-141","event_id":4697,"record_id":100022,"user":"employee-133","source_ip":"10.11.4.10","target":"ApprovedAgent","logon_type":null,"change_ticket":"CHG-DEPLOY-18","result":"success","channel":"Security","provider":"Microsoft-Windows-Security-Auditing","logon_id":"8cd1a6377bba04d6","process_id":23170,"image_path":"C:/Program Files/ApprovedAgent/agent.exe","run_as":"svc-agent","publisher":"Approved Software Team","update_state":"installed","agent_build":"2026.09.3"},{"timestamp":"2026-09-14T00:01:02.100Z","computer":"srv-055","event_id":4624,"record_id":100023,"user":"employee-268","source_ip":"10.10.3.24","target":"logon-session","logon_type":10,"change_ticket":"","result":"success","channel":"Security","provider":"Microsoft-Windows-Security-Auditing","logon_id":"8cd1a6377bba04d6","process_id":22144,"image_path":"","run_as":"","publisher":"","update_state":"installed","agent_build":"2026.09.4"},{"timestamp":"2026-09-14T00:01:04.800Z","computer":"srv-049","event_id":4624,"record_id":100024,"user":"employee-137","source_ip":"10.10.3.18","target":"logon-session","logon_type":2,"change_ticket":"","result":"success","channel":"Security","provider":"Microsoft-Windows-Security-Auditing","logon_id":"b360dab999cd3d22","process_id":6122,"image_path":"","run_as":"","publisher":"","update_state":"installed","agent_build":"2026.09.1"},{"timestamp":"2026-09-14T00:01:07.500Z","computer":"srv-237","event_id":4634,"record_id":100025,"user":"employee-414","source_ip":"10.12.4.26","target":"logon-session","logon_type":3,"change_ticket":"","result":"success","channel":"Security","provider":"Microsoft-Windows-Security-Auditing","logon_id":"b360dab999cd3d22","process_id":12696,"image_path":"","run_as":"","publisher":"","update_state":"installed","agent_build":"2026.09.2"},{"timestamp":"2026-09-14T00:01:10.200Z","computer":"srv-172","event_id":4688,"record_id":100026,"user":"deployment-admin","source_ip":"10.12.1.21","target":"logon-session","logon_type":null,"change_ticket":"","result":"success","channel":"Security","provider":"Microsoft-Windows-Security-Auditing","logon_id":"b360dab999cd3d22","process_id":21477,"image_path":"C:/Program Files/ApprovedAgent/agent.exe","run_as":"","publisher":"Approved Software Team","update_state":"installed","agent_build":"2026.09.3"},{"timestamp":"2026-09-14T00:01:12.900Z","computer":"srv-211","event_id":4625,"record_id":100027,"user":"employee-423","source_ip":"10.12.3.20","target":"logon-session","logon_type":2,"change_ticket":"","result":"failure","channel":"Security","provider":"Microsoft-Windows-Security-Auditing","logon_id":"b360dab999cd3d22","process_id":16930,"image_path":"","run_as":"","publisher":"","update_state":"installed","agent_build":"2026.09.4"},{"timestamp":"2026-09-14T00:01:15.600Z","computer":"srv-151","event_id":4698,"record_id":100028,"user":"employee-113","source_ip":"10.11.4.20","target":"Approved-Maintenance","logon_type":null,"change_ticket":"CHG-DEPLOY-18","result":"success","channel":"Security","provider":"Microsoft-Windows-Security-Auditing","logon_id":"0a0e5a59e67ae33a","process_id":14744,"image_path":"C:/Program Files/ApprovedAgent/agent.exe","run_as":"svc-agent","publisher":"Approved Software Team","update_state":"installed","agent_build":"2026.09.1"},{"timestamp":"2026-09-14T00:01:18.300Z","computer":"srv-201","event_id":4728,"record_id":100029,"user":"employee-96","source_ip":"10.12.3.10","target":"Project-Readers","logon_type":null,"change_ticket":"CHG-DEPLOY-18","result":"success","channel":"Security","provider":"Microsoft-Windows-Security-Auditing","logon_id":"0a0e5a59e67ae33a","process_id":14087,"image_path":"","run_as":"","publisher":"","update_state":"installed","agent_build":"2026.09.2"},{"timestamp":"2026-09-14T00:01:21.000Z","computer":"srv-240","event_id":4697,"record_id":100030,"user":"employee-75","source_ip":"10.12.4.29","target":"ApprovedAgent","logon_type":null,"change_ticket":"CHG-DEPLOY-18","result":"success","channel":"Security","provider":"Microsoft-Windows-Security-Auditing","logon_id":"0a0e5a59e67ae33a","process_id":18725,"image_path":"C:/Program Files/ApprovedAgent/agent.exe","run_as":"svc-agent","publisher":"Approved Software Team","update_state":"installed","agent_build":"2026.09.3"},{"timestamp":"2026-09-14T00:01:23.700Z","computer":"srv-168","event_id":4624,"record_id":100031,"user":"employee-460","source_ip":"10.12.1.17","target":"logon-session","logon_type":3,"change_ticket":"","result":"success","channel":"Security","provider":"Microsoft-Windows-Security-Auditing","logon_id":"0a0e5a59e67ae33a","process_id":18836,"image_path":"","run_as":"","publisher":"","update_state":"restart-pending","agent_build":"2026.09.4"},{"timestamp":"2026-09-14T00:01:26.400Z","computer":"srv-139","event_id":4624,"record_id":100032,"user":"employee-467","source_ip":"10.11.3.28","target":"logon-session","logon_type":10,"change_ticket":"","result":"success","channel":"Security","provider":"Microsoft-Windows-Security-Auditing","logon_id":"562138484cd1a329","process_id":10500,"image_path":"","run_as":"","publisher":"","update_state":"installed","agent_build":"2026.09.1"},{"timestamp":"2026-09-14T00:01:29.100Z","computer":"srv-134","event_id":4634,"record_id":100033,"user":"employee-286","source_ip":"10.11.3.23","target":"logon-session","logon_type":2,"change_ticket":"","result":"success","channel":"Security","provider":"Microsoft-Windows-Security-Auditing","logon_id":"562138484cd1a329","process_id":11059,"image_path":"","run_as":"","publisher":"","update_state":"installed","agent_build":"2026.09.2"},{"timestamp":"2026-09-14T00:01:31.800Z","computer":"srv-179","event_id":4688,"record_id":100034,"user":"employee-228","source_ip":"10.12.1.28","target":"logon-session","logon_type":null,"change_ticket":"","result":"success","channel":"Security","provider":"Microsoft-Windows-Security-Auditing","logon_id":"562138484cd1a329","process_id":25458,"image_path":"C:/Program Files/ApprovedAgent/agent.exe","run_as":"","publisher":"Approved Software Team","update_state":"installed","agent_build":"2026.09.3"},{"timestamp":"2026-09-14T00:01:34.500Z","computer":"srv-007","event_id":4625,"record_id":100035,"user":"employee-57","source_ip":"10.10.1.16","target":"logon-session","logon_type":10,"change_ticket":"","result":"failure","channel":"Security","provider":"Microsoft-Windows-Security-Auditing","logon_id":"562138484cd1a329","process_id":4409,"image_path":"","run_as":"","publisher":"","update_state":"installed","agent_build":"2026.09.4"},{"timestamp":"2026-09-14T00:01:37.200Z","computer":"srv-120","event_id":4698,"record_id":100036,"user":"employee-156","source_ip":"10.11.2.29","target":"Approved-Maintenance","logon_type":null,"change_ticket":"CHG-DEPLOY-18","result":"success","channel":"Security","provider":"Microsoft-Windows-Security-Auditing","logon_id":"8d69f9c70009d851","process_id":1377,"image_path":"C:/Program Files/ApprovedAgent/agent.exe","run_as":"svc-agent","publisher":"Approved Software Team","update_state":"installed","agent_build":"2026.09.1"},{"timestamp":"2026-09-14T00:01:39.900Z","computer":"srv-181","event_id":4728,"record_id":100037,"user":"employee-281","source_ip":"10.12.2.10","target":"Project-Readers","logon_type":null,"change_ticket":"CHG-DEPLOY-18","result":"success","channel":"Security","provider":"Microsoft-Windows-Security-Auditing","logon_id":"8d69f9c70009d851","process_id":10374,"image_path":"","run_as":"","publisher":"","update_state":"installed","agent_build":"2026.09.2"},{"timestamp":"2026-09-14T00:01:42.600Z","computer":"srv-162","event_id":4697,"record_id":100038,"user":"employee-460","source_ip":"10.12.1.11","target":"ApprovedAgent","logon_type":null,"change_ticket":"CHG-DEPLOY-18","result":"success","channel":"Security","provider":"Microsoft-Windows-Security-Auditing","logon_id":"8d69f9c70009d851","process_id":17497,"image_path":"C:/Program Files/ApprovedAgent/agent.exe","run_as":"svc-agent","publisher":"Approved Software Team","update_state":"installed","agent_build":"2026.09.3"},{"timestamp":"2026-09-14T00:01:45.300Z","computer":"srv-213","event_id":4624,"record_id":100039,"user":"deployment-admin","source_ip":"10.12.3.22","target":"logon-session","logon_type":2,"change_ticket":"","result":"success","channel":"Security","provider":"Microsoft-Windows-Security-Auditing","logon_id":"8d69f9c70009d851","process_id":5969,"image_path":"","run_as":"","publisher":"","update_state":"installed","agent_build":"2026.09.4"},{"timestamp":"2026-09-14T00:01:48.000Z","computer":"srv-135","event_id":4624,"record_id":100040,"user":"employee-109","source_ip":"10.11.3.24","target":"logon-session","logon_type":3,"change_ticket":"","result":"success","channel":"Security","provider":"Microsoft-Windows-Security-Auditing","logon_id":"841c192e4b0b43da","process_id":6626,"image_path":"","run_as":"","publisher":"","update_state":"installed","agent_build":"2026.09.1"},{"timestamp":"2026-09-14T00:01:50.700Z","computer":"srv-189","event_id":4634,"record_id":100041,"user":"employee-19","source_ip":"10.12.2.18","target":"logon-session","logon_type":10,"change_ticket":"","result":"success","channel":"Security","provider":"Microsoft-Windows-Security-Auditing","logon_id":"841c192e4b0b43da","process_id":14123,"image_path":"","run_as":"","publisher":"","update_state":"installed","agent_build":"2026.09.2"},{"timestamp":"2026-09-14T00:01:53.400Z","computer":"srv-093","event_id":4688,"record_id":100042,"user":"employee-426","source_ip":"10.11.1.22","target":"logon-session","logon_type":null,"change_ticket":"","result":"success","channel":"Security","provider":"Microsoft-Windows-Security-Auditing","logon_id":"841c192e4b0b43da","process_id":6658,"image_path":"C:/Program Files/ApprovedAgent/agent.exe","run_as":"","publisher":"Approved Software Team","update_state":"installed","agent_build":"2026.09.3"},{"timestamp":"2026-09-14T00:01:56.100Z","computer":"srv-107","event_id":4625,"record_id":100043,"user":"employee-172","source_ip":"10.11.2.16","target":"logon-session","logon_type":3,"change_ticket":"","result":"failure","channel":"Security","provider":"Microsoft-Windows-Security-Auditing","logon_id":"841c192e4b0b43da","process_id":9712,"image_path":"","run_as":"","publisher":"","update_state":"installed","agent_build":"2026.09.4"},{"timestamp":"2026-09-14T00:01:58.800Z","computer":"srv-190","event_id":4698,"record_id":100044,"user":"employee-154","source_ip":"10.12.2.19","target":"Approved-Maintenance","logon_type":null,"change_ticket":"CHG-DEPLOY-18","result":"success","channel":"Security","provider":"Microsoft-Windows-Security-Auditing","logon_id":"e7d3d5536b439c84","process_id":4276,"image_path":"C:/Program Files/ApprovedAgent/agent.exe","run_as":"svc-agent","publisher":"Approved Software Team","update_state":"installed","agent_build":"2026.09.1"},{"timestamp":"2026-09-14T00:02:01.500Z","computer":"srv-179","event_id":4728,"record_id":100045,"user":"employee-199","source_ip":"10.12.1.28","target":"Project-Readers","logon_type":null,"change_ticket":"CHG-DEPLOY-18","result":"success","channel":"Security","provider":"Microsoft-Windows-Security-Auditing","logon_id":"e7d3d5536b439c84","process_id":10401,"image_path":"","run_as":"","publisher":"","update_state":"installed","agent_build":"2026.09.2"},{"timestamp":"2026-09-14T00:02:04.200Z","computer":"srv-082","event_id":4697,"record_id":100046,"user":"employee-380","source_ip":"10.11.1.11","target":"ApprovedAgent","logon_type":null,"change_ticket":"CHG-DEPLOY-18","result":"success","channel":"Security","provider":"Microsoft-Windows-Security-Auditing","logon_id":"e7d3d5536b439c84","process_id":8678,"image_path":"C:/Program Files/ApprovedAgent/agent.exe","run_as":"svc-agent","publisher":"Approved Software Team","update_state":"installed","agent_build":"2026.09.3"},{"timestamp":"2026-09-14T00:02:06.900Z","computer":"srv-051","event_id":4624,"record_id":100047,"user":"employee-51","source_ip":"10.10.3.20","target":"logon-session","logon_type":10,"change_ticket":"","result":"success","channel":"Security","provider":"Microsoft-Windows-Security-Auditing","logon_id":"e7d3d5536b439c84","process_id":22087,"image_path":"","run_as":"","publisher":"","update_state":"failed","agent_build":"2026.09.4"},{"timestamp":"2026-09-14T00:02:09.600Z","computer":"srv-221","event_id":4624,"record_id":100048,"user":"employee-188","source_ip":"10.12.4.10","target":"logon-session","logon_type":2,"change_ticket":"","result":"success","channel":"Security","provider":"Microsoft-Windows-Security-Auditing","logon_id":"859a1faa247145f4","process_id":8742,"image_path":"","run_as":"","publisher":"","update_state":"installed","agent_build":"2026.09.1"},{"timestamp":"2026-09-14T00:02:12.300Z","computer":"srv-163","event_id":4634,"record_id":100049,"user":"employee-218","source_ip":"10.12.1.12","target":"logon-session","logon_type":3,"change_ticket":"","result":"success","channel":"Security","provider":"Microsoft-Windows-Security-Auditing","logon_id":"859a1faa247145f4","process_id":9332,"image_path":"","run_as":"","publisher":"","update_state":"installed","agent_build":"2026.09.2"},{"timestamp":"2026-09-14T00:02:15.000Z","computer":"srv-045","event_id":4688,"record_id":100050,"user":"employee-399","source_ip":"10.10.3.14","target":"logon-session","logon_type":null,"change_ticket":"","result":"success","channel":"Security","provider":"Microsoft-Windows-Security-Auditing","logon_id":"859a1faa247145f4","process_id":18505,"image_path":"C:/Program Files/ApprovedAgent/agent.exe","run_as":"","publisher":"Approved Software Team","update_state":"installed","agent_build":"2026.09.3"},{"timestamp":"2026-09-14T00:02:17.700Z","computer":"srv-023","event_id":4625,"record_id":100051,"user":"employee-142","source_ip":"10.10.2.12","target":"logon-session","logon_type":2,"change_ticket":"","result":"failure","channel":"Security","provider":"Microsoft-Windows-Security-Auditing","logon_id":"859a1faa247145f4","process_id":18182,"image_path":"","run_as":"","publisher":"","update_state":"installed","agent_build":"2026.09.4"},{"timestamp":"2026-09-14T00:02:20.400Z","computer":"srv-075","event_id":4698,"record_id":100052,"user":"deployment-admin","source_ip":"10.10.4.24","target":"Approved-Maintenance","logon_type":null,"change_ticket":"CHG-DEPLOY-18","result":"success","channel":"Security","provider":"Microsoft-Windows-Security-Auditing","logon_id":"68227dcc272b11c1","process_id":3158,"image_path":"C:/Program Files/ApprovedAgent/agent.exe","run_as":"svc-agent","publisher":"Approved Software Team","update_state":"installed","agent_build":"2026.09.1"},{"timestamp":"2026-09-14T00:02:23.100Z","computer":"srv-132","event_id":4728,"record_id":100053,"user":"employee-365","source_ip":"10.11.3.21","target":"Project-Readers","logon_type":null,"change_ticket":"CHG-DEPLOY-18","result":"success","channel":"Security","provider":"Microsoft-Windows-Security-Auditing","logon_id":"68227dcc272b11c1","process_id":25896,"image_path":"","run_as":"","publisher":"","update_state":"installed","agent_build":"2026.09.2"},{"timestamp":"2026-09-14T00:02:25.800Z","computer":"srv-112","event_id":4697,"record_id":100054,"user":"employee-341","source_ip":"10.11.2.21","target":"ApprovedAgent","logon_type":null,"change_ticket":"CHG-DEPLOY-18","result":"success","channel":"Security","provider":"Microsoft-Windows-Security-Auditing","logon_id":"68227dcc272b11c1","process_id":7204,"image_path":"C:/Program Files/ApprovedAgent/agent.exe","run_as":"svc-agent","publisher":"Approved Software Team","update_state":"installed","agent_build":"2026.09.3"},{"timestamp":"2026-09-14T00:02:28.500Z","computer":"srv-108","event_id":4624,"record_id":100055,"user":"employee-444","source_ip":"10.11.2.17","target":"logon-session","logon_type":3,"change_ticket":"","result":"success","channel":"Security","provider":"Microsoft-Windows-Security-Auditing","logon_id":"68227dcc272b11c1","process_id":5314,"image_path":"","run_as":"","publisher":"","update_state":"installed","agent_build":"2026.09.4"},{"timestamp":"2026-09-14T00:02:31.200Z","computer":"srv-075","event_id":4624,"record_id":100056,"user":"employee-213","source_ip":"10.10.4.24","target":"logon-session","logon_type":10,"change_ticket":"","result":"success","channel":"Security","provider":"Microsoft-Windows-Security-Auditing","logon_id":"825904b218cdae8b","process_id":8619,"image_path":"","run_as":"","publisher":"","update_state":"installed","agent_build":"2026.09.1"},{"timestamp":"2026-09-14T00:02:33.900Z","computer":"srv-062","event_id":4634,"record_id":100057,"user":"employee-434","source_ip":"10.10.4.11","target":"logon-session","logon_type":2,"change_ticket":"","result":"success","channel":"Security","provider":"Microsoft-Windows-Security-Auditing","logon_id":"825904b218cdae8b","process_id":7217,"image_path":"","run_as":"","publisher":"","update_state":"installed","agent_build":"2026.09.2"},{"timestamp":"2026-09-14T00:02:36.600Z","computer":"srv-029","event_id":4688,"record_id":100058,"user":"employee-243","source_ip":"10.10.2.18","target":"logon-session","logon_type":null,"change_ticket":"","result":"success","channel":"Security","provider":"Microsoft-Windows-Security-Auditing","logon_id":"825904b218cdae8b","process_id":12123,"image_path":"C:/Program Files/ApprovedAgent/agent.exe","run_as":"","publisher":"Approved Software Team","update_state":"installed","agent_build":"2026.09.3"},{"timestamp":"2026-09-14T00:02:39.300Z","computer":"srv-111","event_id":4625,"record_id":100059,"user":"employee-359","source_ip":"10.11.2.20","target":"logon-session","logon_type":10,"change_ticket":"","result":"failure","channel":"Security","provider":"Microsoft-Windows-Security-Auditing","logon_id":"825904b218cdae8b","process_id":16970,"image_path":"","run_as":"","publisher":"","update_state":"no-report","agent_build":"2026.09.4"},{"timestamp":"2026-09-14T00:02:42.000Z","computer":"srv-162","event_id":4698,"record_id":100060,"user":"employee-263","source_ip":"10.12.1.11","target":"Approved-Maintenance","logon_type":null,"change_ticket":"CHG-DEPLOY-18","result":"success","channel":"Security","provider":"Microsoft-Windows-Security-Auditing","logon_id":"ee70ea0110b6f300","process_id":22268,"image_path":"C:/Program Files/ApprovedAgent/agent.exe","run_as":"svc-agent","publisher":"Approved Software Team","update_state":"installed","agent_build":"2026.09.1"},{"timestamp":"2026-09-14T00:02:44.700Z","computer":"srv-204","event_id":4728,"record_id":100061,"user":"employee-156","source_ip":"10.12.3.13","target":"Project-Readers","logon_type":null,"change_ticket":"CHG-DEPLOY-18","result":"success","channel":"Security","provider":"Microsoft-Windows-Security-Auditing","logon_id":"ee70ea0110b6f300","process_id":15151,"image_path":"","run_as":"","publisher":"","update_state":"installed","agent_build":"2026.09.2"},{"timestamp":"2026-09-14T00:02:47.400Z","computer":"srv-172","event_id":4697,"record_id":100062,"user":"employee-44","source_ip":"10.12.1.21","target":"ApprovedAgent","logon_type":null,"change_ticket":"CHG-DEPLOY-18","result":"success","channel":"Security","provider":"Microsoft-Windows-Security-Auditing","logon_id":"ee70ea0110b6f300","process_id":12070,"image_path":"C:/Program Files/ApprovedAgent/agent.exe","run_as":"svc-agent","publisher":"Approved Software Team","update_state":"restart-pending","agent_build":"2026.09.3"},{"timestamp":"2026-09-14T00:02:50.100Z","computer":"srv-149","event_id":4624,"record_id":100063,"user":"employee-284","source_ip":"10.11.4.18","target":"logon-session","logon_type":2,"change_ticket":"","result":"success","channel":"Security","provider":"Microsoft-Windows-Security-Auditing","logon_id":"ee70ea0110b6f300","process_id":5479,"image_path":"","run_as":"","publisher":"","update_state":"installed","agent_build":"2026.09.4"},{"timestamp":"2026-09-14T00:02:52.800Z","computer":"srv-017","event_id":4624,"record_id":100064,"user":"employee-208","source_ip":"10.10.1.26","target":"logon-session","logon_type":3,"change_ticket":"","result":"success","channel":"Security","provider":"Microsoft-Windows-Security-Auditing","logon_id":"b67f2b069b719635","process_id":15655,"image_path":"","run_as":"","publisher":"","update_state":"installed","agent_build":"2026.09.1"},{"timestamp":"2026-09-14T00:02:55.500Z","computer":"srv-067","event_id":4634,"record_id":100065,"user":"deployment-admin","source_ip":"10.10.4.16","target":"logon-session","logon_type":10,"change_ticket":"","result":"success","channel":"Security","provider":"Microsoft-Windows-Security-Auditing","logon_id":"b67f2b069b719635","process_id":25055,"image_path":"","run_as":"","publisher":"","update_state":"installed","agent_build":"2026.09.2"},{"timestamp":"2026-09-14T00:02:58.200Z","computer":"srv-098","event_id":4688,"record_id":100066,"user":"employee-145","source_ip":"10.11.1.27","target":"logon-session","logon_type":null,"change_ticket":"","result":"success","channel":"Security","provider":"Microsoft-Windows-Security-Auditing","logon_id":"b67f2b069b719635","process_id":24256,"image_path":"C:/Program Files/ApprovedAgent/agent.exe","run_as":"","publisher":"Approved Software Team","update_state":"installed","agent_build":"2026.09.3"},{"timestamp":"2026-09-14T00:03:00.900Z","computer":"srv-019","event_id":4625,"record_id":100067,"user":"employee-202","source_ip":"10.10.1.28","target":"logon-session","logon_type":3,"change_ticket":"","result":"failure","channel":"Security","provider":"Microsoft-Windows-Security-Auditing","logon_id":"b67f2b069b719635","process_id":16331,"image_path":"","run_as":"","publisher":"","update_state":"installed","agent_build":"2026.09.4"},{"timestamp":"2026-09-14T00:03:03.600Z","computer":"srv-041","event_id":4698,"record_id":100068,"user":"employee-55","source_ip":"10.10.3.10","target":"Approved-Maintenance","logon_type":null,"change_ticket":"CHG-DEPLOY-18","result":"success","channel":"Security","provider":"Microsoft-Windows-Security-Auditing","logon_id":"e941950301d792d2","process_id":9614,"image_path":"C:/Program Files/ApprovedAgent/agent.exe","run_as":"svc-agent","publisher":"Approved Software Team","update_state":"installed","agent_build":"2026.09.1"},{"timestamp":"2026-09-14T00:03:06.300Z","computer":"srv-210","event_id":4728,"record_id":100069,"user":"employee-454","source_ip":"10.12.3.19","target":"Project-Readers","logon_type":null,"change_ticket":"CHG-DEPLOY-18","result":"success","channel":"Security","provider":"Microsoft-Windows-Security-Auditing","logon_id":"e941950301d792d2","process_id":11400,"image_path":"","run_as":"","publisher":"","update_state":"installed","agent_build":"2026.09.2"},{"timestamp":"2026-09-14T00:03:09.000Z","computer":"srv-003","event_id":4697,"record_id":100070,"user":"employee-190","source_ip":"10.10.1.12","target":"ApprovedAgent","logon_type":null,"change_ticket":"CHG-DEPLOY-18","result":"success","channel":"Security","provider":"Microsoft-Windows-Security-Auditing","logon_id":"e941950301d792d2","process_id":21695,"image_path":"C:/Program Files/ApprovedAgent/agent.exe","run_as":"svc-agent","publisher":"Approved Software Team","update_state":"installed","agent_build":"2026.09.3"},{"timestamp":"2026-09-14T00:03:11.700Z","computer":"srv-026","event_id":4624,"record_id":100071,"user":"employee-292","source_ip":"10.10.2.15","target":"logon-session","logon_type":10,"change_ticket":"","result":"success","channel":"Security","provider":"Microsoft-Windows-Security-Auditing","logon_id":"e941950301d792d2","process_id":18563,"image_path":"","run_as":"","publisher":"","update_state":"installed","agent_build":"2026.09.4"},{"timestamp":"2026-09-14T00:03:14.400Z","computer":"srv-161","event_id":4624,"record_id":100072,"user":"employee-6","source_ip":"10.12.1.10","target":"logon-session","logon_type":2,"change_ticket":"","result":"success","channel":"Security","provider":"Microsoft-Windows-Security-Auditing","logon_id":"fb18ba794b6af167","process_id":6575,"image_path":"","run_as":"","publisher":"","update_state":"installed","agent_build":"2026.09.1"},{"timestamp":"2026-09-14T00:03:17.100Z","computer":"srv-127","event_id":4634,"record_id":100073,"user":"employee-294","source_ip":"10.11.3.16","target":"logon-session","logon_type":3,"change_ticket":"","result":"success","channel":"Security","provider":"Microsoft-Windows-Security-Auditing","logon_id":"fb18ba794b6af167","process_id":20051,"image_path":"","run_as":"","publisher":"","update_state":"installed","agent_build":"2026.09.2"},{"timestamp":"2026-09-14T00:03:19.800Z","computer":"srv-004","event_id":4688,"record_id":100074,"user":"employee-90","source_ip":"10.10.1.13","target":"logon-session","logon_type":null,"change_ticket":"","result":"success","channel":"Security","provider":"Microsoft-Windows-Security-Auditing","logon_id":"fb18ba794b6af167","process_id":7850,"image_path":"C:/Program Files/ApprovedAgent/agent.exe","run_as":"","publisher":"Approved Software Team","update_state":"installed","agent_build":"2026.09.3"},{"timestamp":"2026-09-14T00:03:22.500Z","computer":"srv-152","event_id":4625,"record_id":100075,"user":"employee-59","source_ip":"10.11.4.21","target":"logon-session","logon_type":2,"change_ticket":"","result":"failure","channel":"Security","provider":"Microsoft-Windows-Security-Auditing","logon_id":"fb18ba794b6af167","process_id":24089,"image_path":"","run_as":"","publisher":"","update_state":"installed","agent_build":"2026.09.4"},{"timestamp":"2026-09-14T00:03:25.200Z","computer":"srv-063","event_id":4698,"record_id":100076,"user":"employee-107","source_ip":"10.10.4.12","target":"Approved-Maintenance","logon_type":null,"change_ticket":"CHG-DEPLOY-18","result":"success","channel":"Security","provider":"Microsoft-Windows-Security-Auditing","logon_id":"0daca326f7406ca4","process_id":2617,"image_path":"C:/Program Files/ApprovedAgent/agent.exe","run_as":"svc-agent","publisher":"Approved Software Team","update_state":"installed","agent_build":"2026.09.1"},{"timestamp":"2026-09-14T00:03:27.900Z","computer":"srv-065","event_id":4728,"record_id":100077,"user":"employee-197","source_ip":"10.10.4.14","target":"Project-Readers","logon_type":null,"change_ticket":"CHG-DEPLOY-18","result":"success","channel":"Security","provider":"Microsoft-Windows-Security-Auditing","logon_id":"0daca326f7406ca4","process_id":19438,"image_path":"","run_as":"","publisher":"","update_state":"installed","agent_build":"2026.09.2"},{"timestamp":"2026-09-14T00:03:30.600Z","computer":"srv-143","event_id":4697,"record_id":100078,"user":"deployment-admin","source_ip":"10.11.4.12","target":"ApprovedAgent","logon_type":null,"change_ticket":"CHG-DEPLOY-18","result":"success","channel":"Security","provider":"Microsoft-Windows-Security-Auditing","logon_id":"0daca326f7406ca4","process_id":22832,"image_path":"C:/Program Files/ApprovedAgent/agent.exe","run_as":"svc-agent","publisher":"Approved Software Team","update_state":"installed","agent_build":"2026.09.3"},{"timestamp":"2026-09-14T00:03:33.300Z","computer":"srv-103","event_id":4624,"record_id":100079,"user":"employee-111","source_ip":"10.11.2.12","target":"logon-session","logon_type":3,"change_ticket":"","result":"success","channel":"Security","provider":"Microsoft-Windows-Security-Auditing","logon_id":"0daca326f7406ca4","process_id":4667,"image_path":"","run_as":"","publisher":"","update_state":"installed","agent_build":"2026.09.4"},{"timestamp":"2026-09-14T00:03:36.000Z","computer":"srv-073","event_id":4624,"record_id":100080,"user":"employee-2","source_ip":"10.10.4.22","target":"logon-session","logon_type":10,"change_ticket":"","result":"success","channel":"Security","provider":"Microsoft-Windows-Security-Auditing","logon_id":"5d1ed446e6ff871d","process_id":1033,"image_path":"","run_as":"","publisher":"","update_state":"installed","agent_build":"2026.09.1"},{"timestamp":"2026-09-14T00:03:38.700Z","computer":"srv-182","event_id":4634,"record_id":100081,"user":"employee-98","source_ip":"10.12.2.11","target":"logon-session","logon_type":2,"change_ticket":"","result":"success","channel":"Security","provider":"Microsoft-Windows-Security-Auditing","logon_id":"5d1ed446e6ff871d","process_id":13185,"image_path":"","run_as":"","publisher":"","update_state":"installed","agent_build":"2026.09.2"},{"timestamp":"2026-09-14T00:03:41.400Z","computer":"srv-087","event_id":4688,"record_id":100082,"user":"employee-352","source_ip":"10.11.1.16","target":"logon-session","logon_type":null,"change_ticket":"","result":"success","channel":"Security","provider":"Microsoft-Windows-Security-Auditing","logon_id":"5d1ed446e6ff871d","process_id":9371,"image_path":"C:/Program Files/ApprovedAgent/agent.exe","run_as":"","publisher":"Approved Software Team","update_state":"installed","agent_build":"2026.09.3"},{"timestamp":"2026-09-14T00:03:44.100Z","computer":"srv-046","event_id":4625,"record_id":100083,"user":"employee-280","source_ip":"10.10.3.15","target":"logon-session","logon_type":10,"change_ticket":"","result":"failure","channel":"Security","provider":"Microsoft-Windows-Security-Auditing","logon_id":"5d1ed446e6ff871d","process_id":25157,"image_path":"","run_as":"","publisher":"","update_state":"installed","agent_build":"2026.09.4"},{"timestamp":"2026-09-14T00:03:46.800Z","computer":"srv-102","event_id":4698,"record_id":100084,"user":"employee-375","source_ip":"10.11.2.11","target":"Approved-Maintenance","logon_type":null,"change_ticket":"CHG-DEPLOY-18","result":"success","channel":"Security","provider":"Microsoft-Windows-Security-Auditing","logon_id":"45c476e1dece5685","process_id":10059,"image_path":"C:/Program Files/ApprovedAgent/agent.exe","run_as":"svc-agent","publisher":"Approved Software Team","update_state":"installed","agent_build":"2026.09.1"},{"timestamp":"2026-09-14T00:03:49.500Z","computer":"srv-114","event_id":4728,"record_id":100085,"user":"employee-416","source_ip":"10.11.2.23","target":"Project-Readers","logon_type":null,"change_ticket":"CHG-DEPLOY-18","result":"success","channel":"Security","provider":"Microsoft-Windows-Security-Auditing","logon_id":"45c476e1dece5685","process_id":5540,"image_path":"","run_as":"","publisher":"","update_state":"installed","agent_build":"2026.09.2"},{"timestamp":"2026-09-14T00:03:52.200Z","computer":"srv-205","event_id":4697,"record_id":100086,"user":"employee-125","source_ip":"10.12.3.14","target":"ApprovedAgent","logon_type":null,"change_ticket":"CHG-DEPLOY-18","result":"success","channel":"Security","provider":"Microsoft-Windows-Security-Auditing","logon_id":"45c476e1dece5685","process_id":17203,"image_path":"C:/Program Files/ApprovedAgent/agent.exe","run_as":"svc-agent","publisher":"Approved Software Team","update_state":"installed","agent_build":"2026.09.3"},{"timestamp":"2026-09-14T00:03:54.900Z","computer":"srv-067","event_id":4624,"record_id":100087,"user":"employee-251","source_ip":"10.10.4.16","target":"logon-session","logon_type":2,"change_ticket":"","result":"success","channel":"Security","provider":"Microsoft-Windows-Security-Auditing","logon_id":"45c476e1dece5685","process_id":23089,"image_path":"","run_as":"","publisher":"","update_state":"installed","agent_build":"2026.09.4"},{"timestamp":"2026-09-14T00:03:57.600Z","computer":"srv-067","event_id":4624,"record_id":100088,"user":"employee-433","source_ip":"10.10.4.16","target":"logon-session","logon_type":3,"change_ticket":"","result":"success","channel":"Security","provider":"Microsoft-Windows-Security-Auditing","logon_id":"650bde3ce0241eec","process_id":10281,"image_path":"","run_as":"","publisher":"","update_state":"installed","agent_build":"2026.09.1"},{"timestamp":"2026-09-14T00:04:00.300Z","computer":"srv-051","event_id":4634,"record_id":100089,"user":"employee-254","source_ip":"10.10.3.20","target":"logon-session","logon_type":10,"change_ticket":"","result":"success","channel":"Security","provider":"Microsoft-Windows-Security-Auditing","logon_id":"650bde3ce0241eec","process_id":17528,"image_path":"","run_as":"","publisher":"","update_state":"installed","agent_build":"2026.09.2"},{"timestamp":"2026-09-14T00:04:03.000Z","computer":"srv-218","event_id":4688,"record_id":100090,"user":"employee-245","source_ip":"10.12.3.27","target":"logon-session","logon_type":null,"change_ticket":"","result":"success","channel":"Security","provider":"Microsoft-Windows-Security-Auditing","logon_id":"650bde3ce0241eec","process_id":23548,"image_path":"C:/Program Files/ApprovedAgent/agent.exe","run_as":"","publisher":"Approved Software Team","update_state":"installed","agent_build":"2026.09.3"},{"timestamp":"2026-09-14T00:04:05.700Z","computer":"srv-029","event_id":4625,"record_id":100091,"user":"deployment-admin","source_ip":"10.10.2.18","target":"logon-session","logon_type":3,"change_ticket":"","result":"failure","channel":"Security","provider":"Microsoft-Windows-Security-Auditing","logon_id":"650bde3ce0241eec","process_id":21034,"image_path":"","run_as":"","publisher":"","update_state":"installed","agent_build":"2026.09.4"},{"timestamp":"2026-09-14T00:04:08.400Z","computer":"srv-206","event_id":4698,"record_id":100092,"user":"employee-252","source_ip":"10.12.3.15","target":"Approved-Maintenance","logon_type":null,"change_ticket":"CHG-DEPLOY-18","result":"success","channel":"Security","provider":"Microsoft-Windows-Security-Auditing","logon_id":"9f252cb72e7132dc","process_id":18368,"image_path":"C:/Program Files/ApprovedAgent/agent.exe","run_as":"svc-agent","publisher":"Approved Software Team","update_state":"installed","agent_build":"2026.09.1"},{"timestamp":"2026-09-14T00:04:11.100Z","computer":"srv-060","event_id":4728,"record_id":100093,"user":"employee-267","source_ip":"10.10.3.29","target":"Project-Readers","logon_type":null,"change_ticket":"CHG-DEPLOY-18","result":"success","channel":"Security","provider":"Microsoft-Windows-Security-Auditing","logon_id":"9f252cb72e7132dc","process_id":3913,"image_path":"","run_as":"","publisher":"","update_state":"restart-pending","agent_build":"2026.09.2"},{"timestamp":"2026-09-14T00:04:13.800Z","computer":"srv-109","event_id":4697,"record_id":100094,"user":"employee-133","source_ip":"10.11.2.18","target":"ApprovedAgent","logon_type":null,"change_ticket":"CHG-DEPLOY-18","result":"success","channel":"Security","provider":"Microsoft-Windows-Security-Auditing","logon_id":"9f252cb72e7132dc","process_id":17407,"image_path":"C:/Program Files/ApprovedAgent/agent.exe","run_as":"svc-agent","publisher":"Approved Software Team","update_state":"failed","agent_build":"2026.09.3"},{"timestamp":"2026-09-14T00:04:16.500Z","computer":"srv-094","event_id":4624,"record_id":100095,"user":"employee-401","source_ip":"10.11.1.23","target":"logon-session","logon_type":10,"change_ticket":"","result":"success","channel":"Security","provider":"Microsoft-Windows-Security-Auditing","logon_id":"9f252cb72e7132dc","process_id":9087,"image_path":"","run_as":"","publisher":"","update_state":"installed","agent_build":"2026.09.4"},{"timestamp":"2026-09-14T00:04:19.200Z","computer":"srv-157","event_id":4624,"record_id":100096,"user":"employee-249","source_ip":"10.11.4.26","target":"logon-session","logon_type":2,"change_ticket":"","result":"success","channel":"Security","provider":"Microsoft-Windows-Security-Auditing","logon_id":"36de92143ddb9f32","process_id":15835,"image_path":"","run_as":"","publisher":"","update_state":"installed","agent_build":"2026.09.1"},{"timestamp":"2026-09-14T00:04:21.900Z","computer":"srv-100","event_id":4634,"record_id":100097,"user":"employee-5","source_ip":"10.11.1.29","target":"logon-session","logon_type":3,"change_ticket":"","result":"success","channel":"Security","provider":"Microsoft-Windows-Security-Auditing","logon_id":"36de92143ddb9f32","process_id":7513,"image_path":"","run_as":"","publisher":"","update_state":"installed","agent_build":"2026.09.2"},{"timestamp":"2026-09-14T00:04:24.600Z","computer":"srv-096","event_id":4688,"record_id":100098,"user":"employee-437","source_ip":"10.11.1.25","target":"logon-session","logon_type":null,"change_ticket":"","result":"success","channel":"Security","provider":"Microsoft-Windows-Security-Auditing","logon_id":"36de92143ddb9f32","process_id":9685,"image_path":"C:/Program Files/ApprovedAgent/agent.exe","run_as":"","publisher":"Approved Software Team","update_state":"installed","agent_build":"2026.09.3"},{"timestamp":"2026-09-14T00:04:27.300Z","computer":"srv-045","event_id":4625,"record_id":100099,"user":"employee-61","source_ip":"10.10.3.14","target":"logon-session","logon_type":2,"change_ticket":"","result":"failure","channel":"Security","provider":"Microsoft-Windows-Security-Auditing","logon_id":"36de92143ddb9f32","process_id":17196,"image_path":"","run_as":"","publisher":"","update_state":"installed","agent_build":"2026.09.4"},{"timestamp":"2026-09-14T00:04:30.000Z","computer":"srv-188","event_id":4698,"record_id":100100,"user":"employee-421","source_ip":"10.12.2.17","target":"Approved-Maintenance","logon_type":null,"change_ticket":"CHG-DEPLOY-18","result":"success","channel":"Security","provider":"Microsoft-Windows-Security-Auditing","logon_id":"b22cacad0c73bae4","process_id":9199,"image_path":"C:/Program Files/ApprovedAgent/agent.exe","run_as":"svc-agent","publisher":"Approved Software Team","update_state":"installed","agent_build":"2026.09.1"},{"timestamp":"2026-09-14T00:04:32.700Z","computer":"srv-182","event_id":4728,"record_id":100101,"user":"employee-448","source_ip":"10.12.2.11","target":"Project-Readers","logon_type":null,"change_ticket":"CHG-DEPLOY-18","result":"success","channel":"Security","provider":"Microsoft-Windows-Security-Auditing","logon_id":"b22cacad0c73bae4","process_id":9810,"image_path":"","run_as":"","publisher":"","update_state":"installed","agent_build":"2026.09.2"},{"timestamp":"2026-09-14T00:04:35.400Z","computer":"srv-004","event_id":4697,"record_id":100102,"user":"employee-261","source_ip":"10.10.1.13","target":"ApprovedAgent","logon_type":null,"change_ticket":"CHG-DEPLOY-18","result":"success","channel":"Security","provider":"Microsoft-Windows-Security-Auditing","logon_id":"b22cacad0c73bae4","process_id":14999,"image_path":"C:/Program Files/ApprovedAgent/agent.exe","run_as":"svc-agent","publisher":"Approved Software Team","update_state":"installed","agent_build":"2026.09.3"},{"timestamp":"2026-09-14T00:04:38.100Z","computer":"srv-143","event_id":4624,"record_id":100103,"user":"employee-273","source_ip":"10.11.4.12","target":"logon-session","logon_type":3,"change_ticket":"","result":"success","channel":"Security","provider":"Microsoft-Windows-Security-Auditing","logon_id":"b22cacad0c73bae4","process_id":25718,"image_path":"","run_as":"","publisher":"","update_state":"installed","agent_build":"2026.09.4"},{"timestamp":"2026-09-14T00:04:40.800Z","computer":"srv-059","event_id":4624,"record_id":100104,"user":"deployment-admin","source_ip":"10.10.3.28","target":"logon-session","logon_type":10,"change_ticket":"","result":"success","channel":"Security","provider":"Microsoft-Windows-Security-Auditing","logon_id":"20f231625cd51284","process_id":5548,"image_path":"","run_as":"","publisher":"","update_state":"installed","agent_build":"2026.09.1"},{"timestamp":"2026-09-14T00:04:43.500Z","computer":"srv-172","event_id":4634,"record_id":100105,"user":"employee-307","source_ip":"10.12.1.21","target":"logon-session","logon_type":2,"change_ticket":"","result":"success","channel":"Security","provider":"Microsoft-Windows-Security-Auditing","logon_id":"20f231625cd51284","process_id":1870,"image_path":"","run_as":"","publisher":"","update_state":"installed","agent_build":"2026.09.2"},