{"timestamp":"2026-09-14T02:42:10.800Z","computer":"srv-055","event_id":4698,"record_id":103604,"user":"employee-22","source_ip":"10.10.3.24","target":"Approved-Maintenance","logon_type":null,"change_ticket":"CHG-DEPLOY-18","result":"success","channel":"Security","provider":"Microsoft-Windows-Security-Auditing","logon_id":"30acb179b56ad69c","process_id":3615,"image_path":"C:/Program Files/ApprovedAgent/agent.exe","run_as":"svc-agent","publisher":"Approved Software Team","update_state":"installed","agent_build":"2026.09.1"},{"timestamp":"2026-09-14T02:42:13.500Z","computer":"srv-031","event_id":4728,"record_id":103605,"user":"employee-366","source_ip":"10.10.2.20","target":"Project-Readers","logon_type":null,"change_ticket":"CHG-DEPLOY-18","result":"success","channel":"Security","provider":"Microsoft-Windows-Security-Auditing","logon_id":"30acb179b56ad69c","process_id":15297,"image_path":"","run_as":"","publisher":"","update_state":"installed","agent_build":"2026.09.2"},{"timestamp":"2026-09-14T02:42:16.200Z","computer":"srv-201","event_id":4697,"record_id":103606,"user":"employee-316","source_ip":"10.12.3.10","target":"ApprovedAgent","logon_type":null,"change_ticket":"CHG-DEPLOY-18","result":"success","channel":"Security","provider":"Microsoft-Windows-Security-Auditing","logon_id":"30acb179b56ad69c","process_id":13606,"image_path":"C:/Program Files/ApprovedAgent/agent.exe","run_as":"svc-agent","publisher":"Approved Software Team","update_state":"installed","agent_build":"2026.09.3"},{"timestamp":"2026-09-14T02:42:18.900Z","computer":"srv-026","event_id":4624,"record_id":103607,"user":"employee-462","source_ip":"10.10.2.15","target":"logon-session","logon_type":3,"change_ticket":"","result":"success","channel":"Security","provider":"Microsoft-Windows-Security-Auditing","logon_id":"30acb179b56ad69c","process_id":24692,"image_path":"","run_as":"","publisher":"","update_state":"installed","agent_build":"2026.09.4"},{"timestamp":"2026-09-14T02:42:21.600Z","computer":"srv-095","event_id":4624,"record_id":103608,"user":"employee-295","source_ip":"10.11.1.24","target":"logon-session","logon_type":10,"change_ticket":"","result":"success","channel":"Security","provider":"Microsoft-Windows-Security-Auditing","logon_id":"29a0472703144d82","process_id":15912,"image_path":"","run_as":"","publisher":"","update_state":"installed","agent_build":"2026.09.1"},{"timestamp":"2026-09-14T02:42:24.300Z","computer":"srv-031","event_id":4634,"record_id":103609,"user":"employee-446","source_ip":"10.10.2.20","target":"logon-session","logon_type":2,"change_ticket":"","result":"success","channel":"Security","provider":"Microsoft-Windows-Security-Auditing","logon_id":"29a0472703144d82","process_id":2921,"image_path":"","run_as":"","publisher":"","update_state":"installed","agent_build":"2026.09.2"},{"timestamp":"2026-09-14T02:42:27.000Z","computer":"srv-180","event_id":4688,"record_id":103610,"user":"employee-4","source_ip":"10.12.1.29","target":"logon-session","logon_type":null,"change_ticket":"","result":"success","channel":"Security","provider":"Microsoft-Windows-Security-Auditing","logon_id":"29a0472703144d82","process_id":15705,"image_path":"C:/Program Files/ApprovedAgent/agent.exe","run_as":"","publisher":"Approved Software Team","update_state":"installed","agent_build":"2026.09.3"},{"timestamp":"2026-09-14T02:42:29.700Z","computer":"srv-134","event_id":4625,"record_id":103611,"user":"employee-262","source_ip":"10.11.3.23","target":"logon-session","logon_type":10,"change_ticket":"","result":"failure","channel":"Security","provider":"Microsoft-Windows-Security-Auditing","logon_id":"29a0472703144d82","process_id":1596,"image_path":"","run_as":"","publisher":"","update_state":"installed","agent_build":"2026.09.4"},{"timestamp":"2026-09-14T02:42:32.400Z","computer":"srv-141","event_id":4698,"record_id":103612,"user":"employee-293","source_ip":"10.11.4.10","target":"Approved-Maintenance","logon_type":null,"change_ticket":"CHG-DEPLOY-18","result":"success","channel":"Security","provider":"Microsoft-Windows-Security-Auditing","logon_id":"8d8082a777f480b5","process_id":14673,"image_path":"C:/Program Files/ApprovedAgent/agent.exe","run_as":"svc-agent","publisher":"Approved Software Team","update_state":"installed","agent_build":"2026.09.1"},{"timestamp":"2026-09-14T02:42:35.100Z","computer":"srv-042","event_id":4728,"record_id":103613,"user":"employee-433","source_ip":"10.10.3.11","target":"Project-Readers","logon_type":null,"change_ticket":"CHG-DEPLOY-18","result":"success","channel":"Security","provider":"Microsoft-Windows-Security-Auditing","logon_id":"8d8082a777f480b5","process_id":21495,"image_path":"","run_as":"","publisher":"","update_state":"installed","agent_build":"2026.09.2"},{"timestamp":"2026-09-14T02:42:37.800Z","computer":"srv-224","event_id":4697,"record_id":103614,"user":"deployment-admin","source_ip":"10.12.4.13","target":"ApprovedAgent","logon_type":null,"change_ticket":"CHG-DEPLOY-18","result":"success","channel":"Security","provider":"Microsoft-Windows-Security-Auditing","logon_id":"8d8082a777f480b5","process_id":8289,"image_path":"C:/Program Files/ApprovedAgent/agent.exe","run_as":"svc-agent","publisher":"Approved Software Team","update_state":"installed","agent_build":"2026.09.3"},{"timestamp":"2026-09-14T02:42:40.500Z","computer":"srv-077","event_id":4624,"record_id":103615,"user":"employee-114","source_ip":"10.10.4.26","target":"logon-session","logon_type":2,"change_ticket":"","result":"success","channel":"Security","provider":"Microsoft-Windows-Security-Auditing","logon_id":"8d8082a777f480b5","process_id":3807,"image_path":"","run_as":"","publisher":"","update_state":"installed","agent_build":"2026.09.4"},{"timestamp":"2026-09-14T02:42:43.200Z","computer":"srv-203","event_id":4624,"record_id":103616,"user":"employee-139","source_ip":"10.12.3.12","target":"logon-session","logon_type":3,"change_ticket":"","result":"success","channel":"Security","provider":"Microsoft-Windows-Security-Auditing","logon_id":"29a3219ea9a076a1","process_id":1327,"image_path":"","run_as":"","publisher":"","update_state":"installed","agent_build":"2026.09.1"},{"timestamp":"2026-09-14T02:42:45.900Z","computer":"srv-049","event_id":4634,"record_id":103617,"user":"employee-361","source_ip":"10.10.3.18","target":"logon-session","logon_type":10,"change_ticket":"","result":"success","channel":"Security","provider":"Microsoft-Windows-Security-Auditing","logon_id":"29a3219ea9a076a1","process_id":23949,"image_path":"","run_as":"","publisher":"","update_state":"installed","agent_build":"2026.09.2"},{"timestamp":"2026-09-14T02:42:48.600Z","computer":"srv-221","event_id":4688,"record_id":103618,"user":"employee-76","source_ip":"10.12.4.10","target":"logon-session","logon_type":null,"change_ticket":"","result":"success","channel":"Security","provider":"Microsoft-Windows-Security-Auditing","logon_id":"29a3219ea9a076a1","process_id":23452,"image_path":"C:/Program Files/ApprovedAgent/agent.exe","run_as":"","publisher":"Approved Software Team","update_state":"installed","agent_build":"2026.09.3"},{"timestamp":"2026-09-14T02:42:51.300Z","computer":"srv-077","event_id":4625,"record_id":103619,"user":"employee-310","source_ip":"10.10.4.26","target":"logon-session","logon_type":3,"change_ticket":"","result":"failure","channel":"Security","provider":"Microsoft-Windows-Security-Auditing","logon_id":"29a3219ea9a076a1","process_id":8059,"image_path":"","run_as":"","publisher":"","update_state":"failed","agent_build":"2026.09.4"},{"timestamp":"2026-09-14T02:42:54.000Z","computer":"srv-014","event_id":4698,"record_id":103620,"user":"employee-220","source_ip":"10.10.1.23","target":"Approved-Maintenance","logon_type":null,"change_ticket":"CHG-DEPLOY-18","result":"success","channel":"Security","provider":"Microsoft-Windows-Security-Auditing","logon_id":"c46de7aa113a776d","process_id":1033,"image_path":"C:/Program Files/ApprovedAgent/agent.exe","run_as":"svc-agent","publisher":"Approved Software Team","update_state":"installed","agent_build":"2026.09.1"},{"timestamp":"2026-09-14T02:42:56.700Z","computer":"srv-197","event_id":4728,"record_id":103621,"user":"employee-74","source_ip":"10.12.2.26","target":"Project-Readers","logon_type":null,"change_ticket":"CHG-DEPLOY-18","result":"success","channel":"Security","provider":"Microsoft-Windows-Security-Auditing","logon_id":"c46de7aa113a776d","process_id":21388,"image_path":"","run_as":"","publisher":"","update_state":"installed","agent_build":"2026.09.2"},{"timestamp":"2026-09-14T02:42:59.400Z","computer":"srv-002","event_id":4697,"record_id":103622,"user":"employee-24","source_ip":"10.10.1.11","target":"ApprovedAgent","logon_type":null,"change_ticket":"CHG-DEPLOY-18","result":"success","channel":"Security","provider":"Microsoft-Windows-Security-Auditing","logon_id":"c46de7aa113a776d","process_id":21978,"image_path":"C:/Program Files/ApprovedAgent/agent.exe","run_as":"svc-agent","publisher":"Approved Software Team","update_state":"installed","agent_build":"2026.09.3"},{"timestamp":"2026-09-14T02:43:02.100Z","computer":"srv-001","event_id":4624,"record_id":103623,"user":"employee-419","source_ip":"10.10.1.10","target":"logon-session","logon_type":10,"change_ticket":"","result":"success","channel":"Security","provider":"Microsoft-Windows-Security-Auditing","logon_id":"c46de7aa113a776d","process_id":4181,"image_path":"","run_as":"","publisher":"","update_state":"installed","agent_build":"2026.09.4"},{"timestamp":"2026-09-14T02:43:04.800Z","computer":"srv-114","event_id":4624,"record_id":103624,"user":"employee-375","source_ip":"10.11.2.23","target":"logon-session","logon_type":2,"change_ticket":"","result":"success","channel":"Security","provider":"Microsoft-Windows-Security-Auditing","logon_id":"3448a6552607f140","process_id":16741,"image_path":"","run_as":"","publisher":"","update_state":"installed","agent_build":"2026.09.1"},{"timestamp":"2026-09-14T02:43:07.500Z","computer":"srv-207","event_id":4634,"record_id":103625,"user":"employee-479","source_ip":"10.12.3.16","target":"logon-session","logon_type":3,"change_ticket":"","result":"success","channel":"Security","provider":"Microsoft-Windows-Security-Auditing","logon_id":"3448a6552607f140","process_id":19039,"image_path":"","run_as":"","publisher":"","update_state":"installed","agent_build":"2026.09.2"},{"timestamp":"2026-09-14T02:43:10.200Z","computer":"srv-060","event_id":4688,"record_id":103626,"user":"employee-110","source_ip":"10.10.3.29","target":"logon-session","logon_type":null,"change_ticket":"","result":"success","channel":"Security","provider":"Microsoft-Windows-Security-Auditing","logon_id":"3448a6552607f140","process_id":22831,"image_path":"C:/Program Files/ApprovedAgent/agent.exe","run_as":"","publisher":"Approved Software Team","update_state":"installed","agent_build":"2026.09.3"},{"timestamp":"2026-09-14T02:43:12.900Z","computer":"srv-176","event_id":4625,"record_id":103627,"user":"deployment-admin","source_ip":"10.12.1.25","target":"logon-session","logon_type":2,"change_ticket":"","result":"failure","channel":"Security","provider":"Microsoft-Windows-Security-Auditing","logon_id":"3448a6552607f140","process_id":14927,"image_path":"","run_as":"","publisher":"","update_state":"restart-pending","agent_build":"2026.09.4"},{"timestamp":"2026-09-14T02:43:15.600Z","computer":"srv-097","event_id":4698,"record_id":103628,"user":"employee-353","source_ip":"10.11.1.26","target":"Approved-Maintenance","logon_type":null,"change_ticket":"CHG-DEPLOY-18","result":"success","channel":"Security","provider":"Microsoft-Windows-Security-Auditing","logon_id":"551eebe2de735b6e","process_id":22223,"image_path":"C:/Program Files/ApprovedAgent/agent.exe","run_as":"svc-agent","publisher":"Approved Software Team","update_state":"installed","agent_build":"2026.09.1"},{"timestamp":"2026-09-14T02:43:18.300Z","computer":"srv-031","event_id":4728,"record_id":103629,"user":"employee-90","source_ip":"10.10.2.20","target":"Project-Readers","logon_type":null,"change_ticket":"CHG-DEPLOY-18","result":"success","channel":"Security","provider":"Microsoft-Windows-Security-Auditing","logon_id":"551eebe2de735b6e","process_id":18010,"image_path":"","run_as":"","publisher":"","update_state":"installed","agent_build":"2026.09.2"},{"timestamp":"2026-09-14T02:43:21.000Z","computer":"srv-141","event_id":4697,"record_id":103630,"user":"employee-342","source_ip":"10.11.4.10","target":"ApprovedAgent","logon_type":null,"change_ticket":"CHG-DEPLOY-18","result":"success","channel":"Security","provider":"Microsoft-Windows-Security-Auditing","logon_id":"551eebe2de735b6e","process_id":7630,"image_path":"C:/Program Files/ApprovedAgent/agent.exe","run_as":"svc-agent","publisher":"Approved Software Team","update_state":"installed","agent_build":"2026.09.3"},{"timestamp":"2026-09-14T02:43:23.700Z","computer":"srv-175","event_id":4624,"record_id":103631,"user":"employee-32","source_ip":"10.12.1.24","target":"logon-session","logon_type":3,"change_ticket":"","result":"success","channel":"Security","provider":"Microsoft-Windows-Security-Auditing","logon_id":"551eebe2de735b6e","process_id":1229,"image_path":"","run_as":"","publisher":"","update_state":"installed","agent_build":"2026.09.4"},{"timestamp":"2026-09-14T02:43:26.400Z","computer":"srv-023","event_id":4624,"record_id":103632,"user":"employee-325","source_ip":"10.10.2.12","target":"logon-session","logon_type":10,"change_ticket":"","result":"success","channel":"Security","provider":"Microsoft-Windows-Security-Auditing","logon_id":"b47a3e2e2e812a57","process_id":15136,"image_path":"","run_as":"","publisher":"","update_state":"installed","agent_build":"2026.09.1"},{"timestamp":"2026-09-14T02:43:29.100Z","computer":"srv-207","event_id":4634,"record_id":103633,"user":"employee-14","source_ip":"10.12.3.16","target":"logon-session","logon_type":2,"change_ticket":"","result":"success","channel":"Security","provider":"Microsoft-Windows-Security-Auditing","logon_id":"b47a3e2e2e812a57","process_id":13129,"image_path":"","run_as":"","publisher":"","update_state":"installed","agent_build":"2026.09.2"},{"timestamp":"2026-09-14T02:43:31.800Z","computer":"srv-114","event_id":4688,"record_id":103634,"user":"employee-139","source_ip":"10.11.2.23","target":"logon-session","logon_type":null,"change_ticket":"","result":"success","channel":"Security","provider":"Microsoft-Windows-Security-Auditing","logon_id":"b47a3e2e2e812a57","process_id":7327,"image_path":"C:/Program Files/ApprovedAgent/agent.exe","run_as":"","publisher":"Approved Software Team","update_state":"installed","agent_build":"2026.09.3"},{"timestamp":"2026-09-14T02:43:34.500Z","computer":"srv-189","event_id":4625,"record_id":103635,"user":"employee-337","source_ip":"10.12.2.18","target":"logon-session","logon_type":10,"change_ticket":"","result":"failure","channel":"Security","provider":"Microsoft-Windows-Security-Auditing","logon_id":"b47a3e2e2e812a57","process_id":14336,"image_path":"","run_as":"","publisher":"","update_state":"installed","agent_build":"2026.09.4"},{"timestamp":"2026-09-14T02:43:37.200Z","computer":"srv-039","event_id":4698,"record_id":103636,"user":"employee-342","source_ip":"10.10.2.28","target":"Approved-Maintenance","logon_type":null,"change_ticket":"CHG-DEPLOY-18","result":"success","channel":"Security","provider":"Microsoft-Windows-Security-Auditing","logon_id":"762cbc331f338863","process_id":7760,"image_path":"C:/Program Files/ApprovedAgent/agent.exe","run_as":"svc-agent","publisher":"Approved Software Team","update_state":"installed","agent_build":"2026.09.1"},{"timestamp":"2026-09-14T02:43:39.900Z","computer":"srv-059","event_id":4728,"record_id":103637,"user":"employee-149","source_ip":"10.10.3.28","target":"Project-Readers","logon_type":null,"change_ticket":"CHG-DEPLOY-18","result":"success","channel":"Security","provider":"Microsoft-Windows-Security-Auditing","logon_id":"762cbc331f338863","process_id":8037,"image_path":"","run_as":"","publisher":"","update_state":"installed","agent_build":"2026.09.2"},{"timestamp":"2026-09-14T02:43:42.600Z","computer":"srv-113","event_id":4697,"record_id":103638,"user":"employee-304","source_ip":"10.11.2.22","target":"ApprovedAgent","logon_type":null,"change_ticket":"CHG-DEPLOY-18","result":"success","channel":"Security","provider":"Microsoft-Windows-Security-Auditing","logon_id":"762cbc331f338863","process_id":2861,"image_path":"C:/Program Files/ApprovedAgent/agent.exe","run_as":"svc-agent","publisher":"Approved Software Team","update_state":"installed","agent_build":"2026.09.3"},{"timestamp":"2026-09-14T02:43:45.300Z","computer":"srv-106","event_id":4624,"record_id":103639,"user":"employee-346","source_ip":"10.11.2.15","target":"logon-session","logon_type":2,"change_ticket":"","result":"success","channel":"Security","provider":"Microsoft-Windows-Security-Auditing","logon_id":"762cbc331f338863","process_id":4955,"image_path":"","run_as":"","publisher":"","update_state":"installed","agent_build":"2026.09.4"},{"timestamp":"2026-09-14T02:43:48.000Z","computer":"srv-135","event_id":4624,"record_id":103640,"user":"deployment-admin","source_ip":"10.11.3.24","target":"logon-session","logon_type":3,"change_ticket":"","result":"success","channel":"Security","provider":"Microsoft-Windows-Security-Auditing","logon_id":"8a87e57d2efdfa1b","process_id":20105,"image_path":"","run_as":"","publisher":"","update_state":"installed","agent_build":"2026.09.1"},{"timestamp":"2026-09-14T02:43:50.700Z","computer":"srv-135","event_id":4634,"record_id":103641,"user":"employee-478","source_ip":"10.11.3.24","target":"logon-session","logon_type":10,"change_ticket":"","result":"success","channel":"Security","provider":"Microsoft-Windows-Security-Auditing","logon_id":"8a87e57d2efdfa1b","process_id":1537,"image_path":"","run_as":"","publisher":"","update_state":"installed","agent_build":"2026.09.2"},{"timestamp":"2026-09-14T02:43:53.400Z","computer":"srv-189","event_id":4688,"record_id":103642,"user":"employee-112","source_ip":"10.12.2.18","target":"logon-session","logon_type":null,"change_ticket":"","result":"success","channel":"Security","provider":"Microsoft-Windows-Security-Auditing","logon_id":"8a87e57d2efdfa1b","process_id":17909,"image_path":"C:/Program Files/ApprovedAgent/agent.exe","run_as":"","publisher":"Approved Software Team","update_state":"installed","agent_build":"2026.09.3"},{"timestamp":"2026-09-14T02:43:56.100Z","computer":"srv-144","event_id":4625,"record_id":103643,"user":"employee-355","source_ip":"10.11.4.13","target":"logon-session","logon_type":3,"change_ticket":"","result":"failure","channel":"Security","provider":"Microsoft-Windows-Security-Auditing","logon_id":"8a87e57d2efdfa1b","process_id":2495,"image_path":"","run_as":"","publisher":"","update_state":"installed","agent_build":"2026.09.4"},{"timestamp":"2026-09-14T02:43:58.800Z","computer":"srv-090","event_id":4698,"record_id":103644,"user":"employee-68","source_ip":"10.11.1.19","target":"Approved-Maintenance","logon_type":null,"change_ticket":"CHG-DEPLOY-18","result":"success","channel":"Security","provider":"Microsoft-Windows-Security-Auditing","logon_id":"9c97ca9c3bb11f9a","process_id":8216,"image_path":"C:/Program Files/ApprovedAgent/agent.exe","run_as":"svc-agent","publisher":"Approved Software Team","update_state":"installed","agent_build":"2026.09.1"},{"timestamp":"2026-09-14T02:44:01.500Z","computer":"srv-071","event_id":4728,"record_id":103645,"user":"employee-15","source_ip":"10.10.4.20","target":"Project-Readers","logon_type":null,"change_ticket":"CHG-DEPLOY-18","result":"success","channel":"Security","provider":"Microsoft-Windows-Security-Auditing","logon_id":"9c97ca9c3bb11f9a","process_id":5055,"image_path":"","run_as":"","publisher":"","update_state":"installed","agent_build":"2026.09.2"},{"timestamp":"2026-09-14T02:44:04.200Z","computer":"srv-211","event_id":4697,"record_id":103646,"user":"employee-111","source_ip":"10.12.3.20","target":"ApprovedAgent","logon_type":null,"change_ticket":"CHG-DEPLOY-18","result":"success","channel":"Security","provider":"Microsoft-Windows-Security-Auditing","logon_id":"9c97ca9c3bb11f9a","process_id":8519,"image_path":"C:/Program Files/ApprovedAgent/agent.exe","run_as":"svc-agent","publisher":"Approved Software Team","update_state":"installed","agent_build":"2026.09.3"},{"timestamp":"2026-09-14T02:44:06.900Z","computer":"srv-128","event_id":4624,"record_id":103647,"user":"employee-48","source_ip":"10.11.3.17","target":"logon-session","logon_type":10,"change_ticket":"","result":"success","channel":"Security","provider":"Microsoft-Windows-Security-Auditing","logon_id":"9c97ca9c3bb11f9a","process_id":22733,"image_path":"","run_as":"","publisher":"","update_state":"installed","agent_build":"2026.09.4"},{"timestamp":"2026-09-14T02:44:09.600Z","computer":"srv-111","event_id":4624,"record_id":103648,"user":"employee-338","source_ip":"10.11.2.20","target":"logon-session","logon_type":2,"change_ticket":"","result":"success","channel":"Security","provider":"Microsoft-Windows-Security-Auditing","logon_id":"7a04399a6aadbb00","process_id":23257,"image_path":"","run_as":"","publisher":"","update_state":"installed","agent_build":"2026.09.1"},{"timestamp":"2026-09-14T02:44:12.300Z","computer":"srv-117","event_id":4634,"record_id":103649,"user":"employee-263","source_ip":"10.11.2.26","target":"logon-session","logon_type":3,"change_ticket":"","result":"success","channel":"Security","provider":"Microsoft-Windows-Security-Auditing","logon_id":"7a04399a6aadbb00","process_id":23396,"image_path":"","run_as":"","publisher":"","update_state":"installed","agent_build":"2026.09.2"},{"timestamp":"2026-09-14T02:44:15.000Z","computer":"srv-115","event_id":4688,"record_id":103650,"user":"employee-461","source_ip":"10.11.2.24","target":"logon-session","logon_type":null,"change_ticket":"","result":"success","channel":"Security","provider":"Microsoft-Windows-Security-Auditing","logon_id":"7a04399a6aadbb00","process_id":2245,"image_path":"C:/Program Files/ApprovedAgent/agent.exe","run_as":"","publisher":"Approved Software Team","update_state":"installed","agent_build":"2026.09.3"},{"timestamp":"2026-09-14T02:44:17.700Z","computer":"srv-033","event_id":4625,"record_id":103651,"user":"employee-71","source_ip":"10.10.2.22","target":"logon-session","logon_type":2,"change_ticket":"","result":"failure","channel":"Security","provider":"Microsoft-Windows-Security-Auditing","logon_id":"7a04399a6aadbb00","process_id":7049,"image_path":"","run_as":"","publisher":"","update_state":"installed","agent_build":"2026.09.4"},{"timestamp":"2026-09-14T02:44:20.400Z","computer":"srv-059","event_id":4698,"record_id":103652,"user":"employee-348","source_ip":"10.10.3.28","target":"Approved-Maintenance","logon_type":null,"change_ticket":"CHG-DEPLOY-18","result":"success","channel":"Security","provider":"Microsoft-Windows-Security-Auditing","logon_id":"6ea385b3681bfc5e","process_id":22220,"image_path":"C:/Program Files/ApprovedAgent/agent.exe","run_as":"svc-agent","publisher":"Approved Software Team","update_state":"installed","agent_build":"2026.09.1"},{"timestamp":"2026-09-14T02:44:23.100Z","computer":"srv-119","event_id":4728,"record_id":103653,"user":"deployment-admin","source_ip":"10.11.2.28","target":"Project-Readers","logon_type":null,"change_ticket":"CHG-DEPLOY-18","result":"success","channel":"Security","provider":"Microsoft-Windows-Security-Auditing","logon_id":"6ea385b3681bfc5e","process_id":11134,"image_path":"","run_as":"","publisher":"","update_state":"installed","agent_build":"2026.09.2"},{"timestamp":"2026-09-14T02:44:25.800Z","computer":"srv-150","event_id":4697,"record_id":103654,"user":"employee-366","source_ip":"10.11.4.19","target":"ApprovedAgent","logon_type":null,"change_ticket":"CHG-DEPLOY-18","result":"success","channel":"Security","provider":"Microsoft-Windows-Security-Auditing","logon_id":"6ea385b3681bfc5e","process_id":14406,"image_path":"C:/Program Files/ApprovedAgent/agent.exe","run_as":"svc-agent","publisher":"Approved Software Team","update_state":"installed","agent_build":"2026.09.3"},{"timestamp":"2026-09-14T02:44:28.500Z","computer":"srv-199","event_id":4624,"record_id":103655,"user":"employee-390","source_ip":"10.12.2.28","target":"logon-session","logon_type":3,"change_ticket":"","result":"success","channel":"Security","provider":"Microsoft-Windows-Security-Auditing","logon_id":"6ea385b3681bfc5e","process_id":13318,"image_path":"","run_as":"","publisher":"","update_state":"installed","agent_build":"2026.09.4"},{"timestamp":"2026-09-14T02:44:31.200Z","computer":"srv-106","event_id":4624,"record_id":103656,"user":"employee-313","source_ip":"10.11.2.15","target":"logon-session","logon_type":10,"change_ticket":"","result":"success","channel":"Security","provider":"Microsoft-Windows-Security-Auditing","logon_id":"f2ff006ea5fd2446","process_id":19040,"image_path":"","run_as":"","publisher":"","update_state":"installed","agent_build":"2026.09.1"},{"timestamp":"2026-09-14T02:44:33.900Z","computer":"srv-056","event_id":4634,"record_id":103657,"user":"employee-371","source_ip":"10.10.3.25","target":"logon-session","logon_type":2,"change_ticket":"","result":"success","channel":"Security","provider":"Microsoft-Windows-Security-Auditing","logon_id":"f2ff006ea5fd2446","process_id":19167,"image_path":"","run_as":"","publisher":"","update_state":"installed","agent_build":"2026.09.2"},{"timestamp":"2026-09-14T02:44:36.600Z","computer":"srv-087","event_id":4688,"record_id":103658,"user":"employee-163","source_ip":"10.11.1.16","target":"logon-session","logon_type":null,"change_ticket":"","result":"success","channel":"Security","provider":"Microsoft-Windows-Security-Auditing","logon_id":"f2ff006ea5fd2446","process_id":5997,"image_path":"C:/Program Files/ApprovedAgent/agent.exe","run_as":"","publisher":"Approved Software Team","update_state":"restart-pending","agent_build":"2026.09.3"},{"timestamp":"2026-09-14T02:44:39.300Z","computer":"srv-084","event_id":4625,"record_id":103659,"user":"employee-334","source_ip":"10.11.1.13","target":"logon-session","logon_type":10,"change_ticket":"","result":"failure","channel":"Security","provider":"Microsoft-Windows-Security-Auditing","logon_id":"f2ff006ea5fd2446","process_id":6764,"image_path":"","run_as":"","publisher":"","update_state":"installed","agent_build":"2026.09.4"},{"timestamp":"2026-09-14T02:44:42.000Z","computer":"srv-195","event_id":4698,"record_id":103660,"user":"employee-43","source_ip":"10.12.2.24","target":"Approved-Maintenance","logon_type":null,"change_ticket":"CHG-DEPLOY-18","result":"success","channel":"Security","provider":"Microsoft-Windows-Security-Auditing","logon_id":"d615c67cf6ce8b9e","process_id":1761,"image_path":"C:/Program Files/ApprovedAgent/agent.exe","run_as":"svc-agent","publisher":"Approved Software Team","update_state":"installed","agent_build":"2026.09.1"},{"timestamp":"2026-09-14T02:44:44.700Z","computer":"srv-194","event_id":4728,"record_id":103661,"user":"employee-353","source_ip":"10.12.2.23","target":"Project-Readers","logon_type":null,"change_ticket":"CHG-DEPLOY-18","result":"success","channel":"Security","provider":"Microsoft-Windows-Security-Auditing","logon_id":"d615c67cf6ce8b9e","process_id":9295,"image_path":"","run_as":"","publisher":"","update_state":"installed","agent_build":"2026.09.2"},{"timestamp":"2026-09-14T02:44:47.400Z","computer":"srv-069","event_id":4697,"record_id":103662,"user":"employee-251","source_ip":"10.10.4.18","target":"ApprovedAgent","logon_type":null,"change_ticket":"CHG-DEPLOY-18","result":"success","channel":"Security","provider":"Microsoft-Windows-Security-Auditing","logon_id":"d615c67cf6ce8b9e","process_id":7080,"image_path":"C:/Program Files/ApprovedAgent/agent.exe","run_as":"svc-agent","publisher":"Approved Software Team","update_state":"installed","agent_build":"2026.09.3"},{"timestamp":"2026-09-14T02:44:50.100Z","computer":"srv-177","event_id":4624,"record_id":103663,"user":"employee-308","source_ip":"10.12.1.26","target":"logon-session","logon_type":2,"change_ticket":"","result":"success","channel":"Security","provider":"Microsoft-Windows-Security-Auditing","logon_id":"d615c67cf6ce8b9e","process_id":7663,"image_path":"","run_as":"","publisher":"","update_state":"installed","agent_build":"2026.09.4"},{"timestamp":"2026-09-14T02:44:52.800Z","computer":"srv-222","event_id":4624,"record_id":103664,"user":"employee-352","source_ip":"10.12.4.11","target":"logon-session","logon_type":3,"change_ticket":"","result":"success","channel":"Security","provider":"Microsoft-Windows-Security-Auditing","logon_id":"d14afda86cbb6be6","process_id":17041,"image_path":"","run_as":"","publisher":"","update_state":"installed","agent_build":"2026.09.1"},{"timestamp":"2026-09-14T02:44:55.500Z","computer":"srv-114","event_id":4634,"record_id":103665,"user":"employee-182","source_ip":"10.11.2.23","target":"logon-session","logon_type":10,"change_ticket":"","result":"success","channel":"Security","provider":"Microsoft-Windows-Security-Auditing","logon_id":"d14afda86cbb6be6","process_id":10554,"image_path":"","run_as":"","publisher":"","update_state":"installed","agent_build":"2026.09.2"},{"timestamp":"2026-09-14T02:44:58.200Z","computer":"srv-230","event_id":4688,"record_id":103666,"user":"deployment-admin","source_ip":"10.12.4.19","target":"logon-session","logon_type":null,"change_ticket":"","result":"success","channel":"Security","provider":"Microsoft-Windows-Security-Auditing","logon_id":"d14afda86cbb6be6","process_id":21038,"image_path":"C:/Program Files/ApprovedAgent/agent.exe","run_as":"","publisher":"Approved Software Team","update_state":"failed","agent_build":"2026.09.3"},{"timestamp":"2026-09-14T02:45:00.900Z","computer":"srv-126","event_id":4625,"record_id":103667,"user":"employee-452","source_ip":"10.11.3.15","target":"logon-session","logon_type":3,"change_ticket":"","result":"failure","channel":"Security","provider":"Microsoft-Windows-Security-Auditing","logon_id":"d14afda86cbb6be6","process_id":19472,"image_path":"","run_as":"","publisher":"","update_state":"installed","agent_build":"2026.09.4"},{"timestamp":"2026-09-14T02:45:03.600Z","computer":"srv-165","event_id":4698,"record_id":103668,"user":"employee-126","source_ip":"10.12.1.14","target":"Approved-Maintenance","logon_type":null,"change_ticket":"CHG-DEPLOY-18","result":"success","channel":"Security","provider":"Microsoft-Windows-Security-Auditing","logon_id":"42e781e8b9bb658e","process_id":15863,"image_path":"C:/Program Files/ApprovedAgent/agent.exe","run_as":"svc-agent","publisher":"Approved Software Team","update_state":"installed","agent_build":"2026.09.1"},{"timestamp":"2026-09-14T02:45:06.300Z","computer":"srv-193","event_id":4728,"record_id":103669,"user":"employee-165","source_ip":"10.12.2.22","target":"Project-Readers","logon_type":null,"change_ticket":"CHG-DEPLOY-18","result":"success","channel":"Security","provider":"Microsoft-Windows-Security-Auditing","logon_id":"42e781e8b9bb658e","process_id":25607,"image_path":"","run_as":"","publisher":"","update_state":"installed","agent_build":"2026.09.2"},{"timestamp":"2026-09-14T02:45:09.000Z","computer":"srv-103","event_id":4697,"record_id":103670,"user":"employee-41","source_ip":"10.11.2.12","target":"ApprovedAgent","logon_type":null,"change_ticket":"CHG-DEPLOY-18","result":"success","channel":"Security","provider":"Microsoft-Windows-Security-Auditing","logon_id":"42e781e8b9bb658e","process_id":7868,"image_path":"C:/Program Files/ApprovedAgent/agent.exe","run_as":"svc-agent","publisher":"Approved Software Team","update_state":"installed","agent_build":"2026.09.3"},{"timestamp":"2026-09-14T02:45:11.700Z","computer":"srv-154","event_id":4624,"record_id":103671,"user":"employee-307","source_ip":"10.11.4.23","target":"logon-session","logon_type":10,"change_ticket":"","result":"success","channel":"Security","provider":"Microsoft-Windows-Security-Auditing","logon_id":"42e781e8b9bb658e","process_id":24101,"image_path":"","run_as":"","publisher":"","update_state":"installed","agent_build":"2026.09.4"},{"timestamp":"2026-09-14T02:45:14.400Z","computer":"srv-205","event_id":4624,"record_id":103672,"user":"employee-427","source_ip":"10.12.3.14","target":"logon-session","logon_type":2,"change_ticket":"","result":"success","channel":"Security","provider":"Microsoft-Windows-Security-Auditing","logon_id":"ac72cc8f12cc4172","process_id":22772,"image_path":"","run_as":"","publisher":"","update_state":"installed","agent_build":"2026.09.1"},{"timestamp":"2026-09-14T02:45:17.100Z","computer":"srv-061","event_id":4634,"record_id":103673,"user":"employee-243","source_ip":"10.10.4.10","target":"logon-session","logon_type":3,"change_ticket":"","result":"success","channel":"Security","provider":"Microsoft-Windows-Security-Auditing","logon_id":"ac72cc8f12cc4172","process_id":5869,"image_path":"","run_as":"","publisher":"","update_state":"installed","agent_build":"2026.09.2"},{"timestamp":"2026-09-14T02:45:19.800Z","computer":"srv-137","event_id":4688,"record_id":103674,"user":"employee-108","source_ip":"10.11.3.26","target":"logon-session","logon_type":null,"change_ticket":"","result":"success","channel":"Security","provider":"Microsoft-Windows-Security-Auditing","logon_id":"ac72cc8f12cc4172","process_id":6491,"image_path":"C:/Program Files/ApprovedAgent/agent.exe","run_as":"","publisher":"Approved Software Team","update_state":"installed","agent_build":"2026.09.3"},{"timestamp":"2026-09-14T02:45:22.500Z","computer":"srv-087","event_id":4625,"record_id":103675,"user":"employee-105","source_ip":"10.11.1.16","target":"logon-session","logon_type":2,"change_ticket":"","result":"failure","channel":"Security","provider":"Microsoft-Windows-Security-Auditing","logon_id":"ac72cc8f12cc4172","process_id":10183,"image_path":"","run_as":"","publisher":"","update_state":"installed","agent_build":"2026.09.4"},{"timestamp":"2026-09-14T02:45:25.200Z","computer":"srv-034","event_id":4698,"record_id":103676,"user":"employee-172","source_ip":"10.10.2.23","target":"Approved-Maintenance","logon_type":null,"change_ticket":"CHG-DEPLOY-18","result":"success","channel":"Security","provider":"Microsoft-Windows-Security-Auditing","logon_id":"5aff5054af7410bd","process_id":18800,"image_path":"C:/Program Files/ApprovedAgent/agent.exe","run_as":"svc-agent","publisher":"Approved Software Team","update_state":"installed","agent_build":"2026.09.1"},{"timestamp":"2026-09-14T02:45:27.900Z","computer":"srv-220","event_id":4728,"record_id":103677,"user":"employee-101","source_ip":"10.12.3.29","target":"Project-Readers","logon_type":null,"change_ticket":"CHG-DEPLOY-18","result":"success","channel":"Security","provider":"Microsoft-Windows-Security-Auditing","logon_id":"5aff5054af7410bd","process_id":16981,"image_path":"","run_as":"","publisher":"","update_state":"installed","agent_build":"2026.09.2"},{"timestamp":"2026-09-14T02:45:30.600Z","computer":"srv-026","event_id":4697,"record_id":103678,"user":"employee-219","source_ip":"10.10.2.15","target":"ApprovedAgent","logon_type":null,"change_ticket":"CHG-DEPLOY-18","result":"success","channel":"Security","provider":"Microsoft-Windows-Security-Auditing","logon_id":"5aff5054af7410bd","process_id":17680,"image_path":"C:/Program Files/ApprovedAgent/agent.exe","run_as":"svc-agent","publisher":"Approved Software Team","update_state":"installed","agent_build":"2026.09.3"},{"timestamp":"2026-09-14T02:45:33.300Z","computer":"srv-032","event_id":4624,"record_id":103679,"user":"deployment-admin","source_ip":"10.10.2.21","target":"logon-session","logon_type":3,"change_ticket":"","result":"success","channel":"Security","provider":"Microsoft-Windows-Security-Auditing","logon_id":"5aff5054af7410bd","process_id":22048,"image_path":"","run_as":"","publisher":"","update_state":"installed","agent_build":"2026.09.4"},{"timestamp":"2026-09-14T02:45:36.000Z","computer":"srv-220","event_id":4624,"record_id":103680,"user":"employee-53","source_ip":"10.12.3.29","target":"logon-session","logon_type":10,"change_ticket":"","result":"success","channel":"Security","provider":"Microsoft-Windows-Security-Auditing","logon_id":"ff6d6cfeb1794104","process_id":1283,"image_path":"","run_as":"","publisher":"","update_state":"installed","agent_build":"2026.09.1"},{"timestamp":"2026-09-14T02:45:38.700Z","computer":"srv-118","event_id":4634,"record_id":103681,"user":"employee-284","source_ip":"10.11.2.27","target":"logon-session","logon_type":2,"change_ticket":"","result":"success","channel":"Security","provider":"Microsoft-Windows-Security-Auditing","logon_id":"ff6d6cfeb1794104","process_id":1787,"image_path":"","run_as":"","publisher":"","update_state":"installed","agent_build":"2026.09.2"},{"timestamp":"2026-09-14T02:45:41.400Z","computer":"srv-113","event_id":4688,"record_id":103682,"user":"employee-217","source_ip":"10.11.2.22","target":"logon-session","logon_type":null,"change_ticket":"","result":"success","channel":"Security","provider":"Microsoft-Windows-Security-Auditing","logon_id":"ff6d6cfeb1794104","process_id":13066,"image_path":"C:/Program Files/ApprovedAgent/agent.exe","run_as":"","publisher":"Approved Software Team","update_state":"installed","agent_build":"2026.09.3"},{"timestamp":"2026-09-14T02:45:44.100Z","computer":"srv-065","event_id":4625,"record_id":103683,"user":"employee-35","source_ip":"10.10.4.14","target":"logon-session","logon_type":10,"change_ticket":"","result":"failure","channel":"Security","provider":"Microsoft-Windows-Security-Auditing","logon_id":"ff6d6cfeb1794104","process_id":24711,"image_path":"","run_as":"","publisher":"","update_state":"installed","agent_build":"2026.09.4"},{"timestamp":"2026-09-14T02:45:46.800Z","computer":"srv-240","event_id":4698,"record_id":103684,"user":"employee-258","source_ip":"10.12.4.29","target":"Approved-Maintenance","logon_type":null,"change_ticket":"CHG-DEPLOY-18","result":"success","channel":"Security","provider":"Microsoft-Windows-Security-Auditing","logon_id":"2c4756bfd52ed02a","process_id":4505,"image_path":"C:/Program Files/ApprovedAgent/agent.exe","run_as":"svc-agent","publisher":"Approved Software Team","update_state":"installed","agent_build":"2026.09.1"},{"timestamp":"2026-09-14T02:45:49.500Z","computer":"srv-152","event_id":4728,"record_id":103685,"user":"employee-322","source_ip":"10.11.4.21","target":"Project-Readers","logon_type":null,"change_ticket":"CHG-DEPLOY-18","result":"success","channel":"Security","provider":"Microsoft-Windows-Security-Auditing","logon_id":"2c4756bfd52ed02a","process_id":21523,"image_path":"","run_as":"","publisher":"","update_state":"installed","agent_build":"2026.09.2"},{"timestamp":"2026-09-14T02:45:52.200Z","computer":"srv-079","event_id":4697,"record_id":103686,"user":"employee-364","source_ip":"10.10.4.28","target":"ApprovedAgent","logon_type":null,"change_ticket":"CHG-DEPLOY-18","result":"success","channel":"Security","provider":"Microsoft-Windows-Security-Auditing","logon_id":"2c4756bfd52ed02a","process_id":23749,"image_path":"C:/Program Files/ApprovedAgent/agent.exe","run_as":"svc-agent","publisher":"Approved Software Team","update_state":"installed","agent_build":"2026.09.3"},{"timestamp":"2026-09-14T02:45:54.900Z","computer":"srv-066","event_id":4624,"record_id":103687,"user":"employee-271","source_ip":"10.10.4.15","target":"logon-session","logon_type":2,"change_ticket":"","result":"success","channel":"Security","provider":"Microsoft-Windows-Security-Auditing","logon_id":"2c4756bfd52ed02a","process_id":11200,"image_path":"","run_as":"","publisher":"","update_state":"installed","agent_build":"2026.09.4"},{"timestamp":"2026-09-14T02:45:57.600Z","computer":"srv-180","event_id":4624,"record_id":103688,"user":"employee-168","source_ip":"10.12.1.29","target":"logon-session","logon_type":3,"change_ticket":"","result":"success","channel":"Security","provider":"Microsoft-Windows-Security-Auditing","logon_id":"7f7103ac84def253","process_id":23422,"image_path":"","run_as":"","publisher":"","update_state":"installed","agent_build":"2026.09.1"},{"timestamp":"2026-09-14T02:46:00.300Z","computer":"srv-078","event_id":4634,"record_id":103689,"user":"employee-267","source_ip":"10.10.4.27","target":"logon-session","logon_type":10,"change_ticket":"","result":"success","channel":"Security","provider":"Microsoft-Windows-Security-Auditing","logon_id":"7f7103ac84def253","process_id":21663,"image_path":"","run_as":"","publisher":"","update_state":"restart-pending","agent_build":"2026.09.2"},{"timestamp":"2026-09-14T02:46:03.000Z","computer":"srv-187","event_id":4688,"record_id":103690,"user":"employee-188","source_ip":"10.12.2.16","target":"logon-session","logon_type":null,"change_ticket":"","result":"success","channel":"Security","provider":"Microsoft-Windows-Security-Auditing","logon_id":"7f7103ac84def253","process_id":12327,"image_path":"C:/Program Files/ApprovedAgent/agent.exe","run_as":"","publisher":"Approved Software Team","update_state":"installed","agent_build":"2026.09.3"},{"timestamp":"2026-09-14T02:46:05.700Z","computer":"srv-128","event_id":4625,"record_id":103691,"user":"employee-350","source_ip":"10.11.3.17","target":"logon-session","logon_type":3,"change_ticket":"","result":"failure","channel":"Security","provider":"Microsoft-Windows-Security-Auditing","logon_id":"7f7103ac84def253","process_id":2550,"image_path":"","run_as":"","publisher":"","update_state":"installed","agent_build":"2026.09.4"},{"timestamp":"2026-09-14T02:46:08.400Z","computer":"srv-007","event_id":4698,"record_id":103692,"user":"deployment-admin","source_ip":"10.10.1.16","target":"Approved-Maintenance","logon_type":null,"change_ticket":"CHG-DEPLOY-18","result":"success","channel":"Security","provider":"Microsoft-Windows-Security-Auditing","logon_id":"756a6fc2031a709b","process_id":18071,"image_path":"C:/Program Files/ApprovedAgent/agent.exe","run_as":"svc-agent","publisher":"Approved Software Team","update_state":"installed","agent_build":"2026.09.1"},{"timestamp":"2026-09-14T02:46:11.100Z","computer":"srv-204","event_id":4728,"record_id":103693,"user":"employee-67","source_ip":"10.12.3.13","target":"Project-Readers","logon_type":null,"change_ticket":"CHG-DEPLOY-18","result":"success","channel":"Security","provider":"Microsoft-Windows-Security-Auditing","logon_id":"756a6fc2031a709b","process_id":4135,"image_path":"","run_as":"","publisher":"","update_state":"installed","agent_build":"2026.09.2"},{"timestamp":"2026-09-14T02:46:13.800Z","computer":"srv-207","event_id":4697,"record_id":103694,"user":"employee-390","source_ip":"10.12.3.16","target":"ApprovedAgent","logon_type":null,"change_ticket":"CHG-DEPLOY-18","result":"success","channel":"Security","provider":"Microsoft-Windows-Security-Auditing","logon_id":"756a6fc2031a709b","process_id":24363,"image_path":"C:/Program Files/ApprovedAgent/agent.exe","run_as":"svc-agent","publisher":"Approved Software Team","update_state":"installed","agent_build":"2026.09.3"},{"timestamp":"2026-09-14T02:46:16.500Z","computer":"srv-230","event_id":4624,"record_id":103695,"user":"employee-80","source_ip":"10.12.4.19","target":"logon-session","logon_type":10,"change_ticket":"","result":"success","channel":"Security","provider":"Microsoft-Windows-Security-Auditing","logon_id":"756a6fc2031a709b","process_id":18745,"image_path":"","run_as":"","publisher":"","update_state":"installed","agent_build":"2026.09.4"},{"timestamp":"2026-09-14T02:46:19.200Z","computer":"srv-006","event_id":4624,"record_id":103696,"user":"employee-61","source_ip":"10.10.1.15","target":"logon-session","logon_type":2,"change_ticket":"","result":"success","channel":"Security","provider":"Microsoft-Windows-Security-Auditing","logon_id":"d373cfa67069f786","process_id":15960,"image_path":"","run_as":"","publisher":"","update_state":"installed","agent_build":"2026.09.1"},{"timestamp":"2026-09-14T02:46:21.900Z","computer":"srv-031","event_id":4634,"record_id":103697,"user":"employee-412","source_ip":"10.10.2.20","target":"logon-session","logon_type":3,"change_ticket":"","result":"success","channel":"Security","provider":"Microsoft-Windows-Security-Auditing","logon_id":"d373cfa67069f786","process_id":8792,"image_path":"","run_as":"","publisher":"","update_state":"installed","agent_build":"2026.09.2"},{"timestamp":"2026-09-14T02:46:24.600Z","computer":"srv-164","event_id":4688,"record_id":103698,"user":"employee-140","source_ip":"10.12.1.13","target":"logon-session","logon_type":null,"change_ticket":"","result":"success","channel":"Security","provider":"Microsoft-Windows-Security-Auditing","logon_id":"d373cfa67069f786","process_id":11726,"image_path":"C:/Program Files/ApprovedAgent/agent.exe","run_as":"","publisher":"Approved Software Team","update_state":"installed","agent_build":"2026.09.3"},{"timestamp":"2026-09-14T02:46:27.300Z","computer":"srv-006","event_id":4625,"record_id":103699,"user":"employee-330","source_ip":"10.10.1.15","target":"logon-session","logon_type":2,"change_ticket":"","result":"failure","channel":"Security","provider":"Microsoft-Windows-Security-Auditing","logon_id":"d373cfa67069f786","process_id":5803,"image_path":"","run_as":"","publisher":"","update_state":"installed","agent_build":"2026.09.4"},{"timestamp":"2026-09-14T02:46:30.000Z","computer":"srv-078","event_id":4698,"record_id":103700,"user":"employee-394","source_ip":"10.10.4.27","target":"Approved-Maintenance","logon_type":null,"change_ticket":"CHG-DEPLOY-18","result":"success","channel":"Security","provider":"Microsoft-Windows-Security-Auditing","logon_id":"e320b2b879beef87","process_id":18970,"image_path":"C:/Program Files/ApprovedAgent/agent.exe","run_as":"svc-agent","publisher":"Approved Software Team","update_state":"installed","agent_build":"2026.09.1"},{"timestamp":"2026-09-14T02:46:32.700Z","computer":"srv-177","event_id":4728,"record_id":103701,"user":"employee-261","source_ip":"10.12.1.26","target":"Project-Readers","logon_type":null,"change_ticket":"CHG-DEPLOY-18","result":"success","channel":"Security","provider":"Microsoft-Windows-Security-Auditing","logon_id":"e320b2b879beef87","process_id":14088,"image_path":"","run_as":"","publisher":"","update_state":"installed","agent_build":"2026.09.2"},{"timestamp":"2026-09-14T02:46:35.400Z","computer":"srv-237","event_id":4697,"record_id":103702,"user":"employee-81","source_ip":"10.12.4.26","target":"ApprovedAgent","logon_type":null,"change_ticket":"CHG-DEPLOY-18","result":"success","channel":"Security","provider":"Microsoft-Windows-Security-Auditing","logon_id":"e320b2b879beef87","process_id":24024,"image_path":"C:/Program Files/ApprovedAgent/agent.exe","run_as":"svc-agent","publisher":"Approved Software Team","update_state":"installed","agent_build":"2026.09.3"},{"timestamp":"2026-09-14T02:46:38.100Z","computer":"srv-052","event_id":4624,"record_id":103703,"user":"employee-5","source_ip":"10.10.3.21","target":"logon-session","logon_type":3,"change_ticket":"","result":"success","channel":"Security","provider":"Microsoft-Windows-Security-Auditing","logon_id":"e320b2b879beef87","process_id":4132,"image_path":"","run_as":"","publisher":"","update_state":"installed","agent_build":"2026.09.4"},{"timestamp":"2026-09-14T02:46:40.800Z","computer":"srv-227","event_id":4624,"record_id":103704,"user":"employee-232","source_ip":"10.12.4.16","target":"logon-session","logon_type":10,"change_ticket":"","result":"success","channel":"Security","provider":"Microsoft-Windows-Security-Auditing","logon_id":"ee3cc80929b24881","process_id":2491,"image_path":"","run_as":"","publisher":"","update_state":"installed","agent_build":"2026.09.1"},{"timestamp":"2026-09-14T02:46:43.500Z","computer":"srv-165","event_id":4634,"record_id":103705,"user":"deployment-admin","source_ip":"10.12.1.14","target":"logon-session","logon_type":2,"change_ticket":"","result":"success","channel":"Security","provider":"Microsoft-Windows-Security-Auditing","logon_id":"ee3cc80929b24881","process_id":23422,"image_path":"","run_as":"","publisher":"","update_state":"installed","agent_build":"2026.09.2"},{"timestamp":"2026-09-14T02:46:46.200Z","computer":"srv-149","event_id":4688,"record_id":103706,"user":"employee-372","source_ip":"10.11.4.18","target":"logon-session","logon_type":null,"change_ticket":"","result":"success","channel":"Security","provider":"Microsoft-Windows-Security-Auditing","logon_id":"ee3cc80929b24881","process_id":13844,"image_path":"C:/Program Files/ApprovedAgent/agent.exe","run_as":"","publisher":"Approved Software Team","update_state":"installed","agent_build":"2026.09.3"},{"timestamp":"2026-09-14T02:46:48.900Z","computer":"srv-103","event_id":4625,"record_id":103707,"user":"employee-50","source_ip":"10.11.2.12","target":"logon-session","logon_type":10,"change_ticket":"","result":"failure","channel":"Security","provider":"Microsoft-Windows-Security-Auditing","logon_id":"ee3cc80929b24881","process_id":12506,"image_path":"","run_as":"","publisher":"","update_state":"installed","agent_build":"2026.09.4"},{"timestamp":"2026-09-14T02:46:51.600Z","computer":"srv-060","event_id":4698,"record_id":103708,"user":"employee-450","source_ip":"10.10.3.29","target":"Approved-Maintenance","logon_type":null,"change_ticket":"CHG-DEPLOY-18","result":"success","channel":"Security","provider":"Microsoft-Windows-Security-Auditing","logon_id":"b350e65948046265","process_id":7983,"image_path":"C:/Program Files/ApprovedAgent/agent.exe","run_as":"svc-agent","publisher":"Approved Software Team","update_state":"installed","agent_build":"2026.09.1"},{"timestamp":"2026-09-14T02:46:54.300Z","computer":"srv-076","event_id":4728,"record_id":103709,"user":"employee-126","source_ip":"10.10.4.25","target":"Project-Readers","logon_type":null,"change_ticket":"CHG-DEPLOY-18","result":"success","channel":"Security","provider":"Microsoft-Windows-Security-Auditing","logon_id":"b350e65948046265","process_id":13534,"image_path":"","run_as":"","publisher":"","update_state":"installed","agent_build":"2026.09.2"},