{"timestamp":"2026-09-14T00:19:04.800Z","computer":"srv-023","event_id":4624,"record_id":100424,"user":"employee-124","source_ip":"10.10.2.12","target":"logon-session","logon_type":3,"change_ticket":"","result":"success","channel":"Security","provider":"Microsoft-Windows-Security-Auditing","logon_id":"96cea6383430e292","process_id":8049,"image_path":"","run_as":"","publisher":"","update_state":"installed","agent_build":"2026.09.1"},{"timestamp":"2026-09-14T00:19:07.500Z","computer":"srv-083","event_id":4634,"record_id":100425,"user":"employee-411","source_ip":"10.11.1.12","target":"logon-session","logon_type":10,"change_ticket":"","result":"success","channel":"Security","provider":"Microsoft-Windows-Security-Auditing","logon_id":"96cea6383430e292","process_id":12662,"image_path":"","run_as":"","publisher":"","update_state":"installed","agent_build":"2026.09.2"},{"timestamp":"2026-09-14T00:19:10.200Z","computer":"srv-115","event_id":4688,"record_id":100426,"user":"employee-459","source_ip":"10.11.2.24","target":"logon-session","logon_type":null,"change_ticket":"","result":"success","channel":"Security","provider":"Microsoft-Windows-Security-Auditing","logon_id":"96cea6383430e292","process_id":1484,"image_path":"C:/Program Files/ApprovedAgent/agent.exe","run_as":"","publisher":"Approved Software Team","update_state":"installed","agent_build":"2026.09.3"},{"timestamp":"2026-09-14T00:19:12.900Z","computer":"srv-046","event_id":4625,"record_id":100427,"user":"employee-111","source_ip":"10.10.3.15","target":"logon-session","logon_type":3,"change_ticket":"","result":"failure","channel":"Security","provider":"Microsoft-Windows-Security-Auditing","logon_id":"96cea6383430e292","process_id":19566,"image_path":"","run_as":"","publisher":"","update_state":"installed","agent_build":"2026.09.4"},{"timestamp":"2026-09-14T00:19:15.600Z","computer":"srv-233","event_id":4698,"record_id":100428,"user":"employee-51","source_ip":"10.12.4.22","target":"Approved-Maintenance","logon_type":null,"change_ticket":"CHG-DEPLOY-18","result":"success","channel":"Security","provider":"Microsoft-Windows-Security-Auditing","logon_id":"aa8760bda7b3559a","process_id":25063,"image_path":"C:/Program Files/ApprovedAgent/agent.exe","run_as":"svc-agent","publisher":"Approved Software Team","update_state":"installed","agent_build":"2026.09.1"},{"timestamp":"2026-09-14T00:19:18.300Z","computer":"srv-031","event_id":4728,"record_id":100429,"user":"deployment-admin","source_ip":"10.10.2.20","target":"Project-Readers","logon_type":null,"change_ticket":"CHG-DEPLOY-18","result":"success","channel":"Security","provider":"Microsoft-Windows-Security-Auditing","logon_id":"aa8760bda7b3559a","process_id":25791,"image_path":"","run_as":"","publisher":"","update_state":"installed","agent_build":"2026.09.2"},{"timestamp":"2026-09-14T00:19:21.000Z","computer":"srv-072","event_id":4697,"record_id":100430,"user":"employee-306","source_ip":"10.10.4.21","target":"ApprovedAgent","logon_type":null,"change_ticket":"CHG-DEPLOY-18","result":"success","channel":"Security","provider":"Microsoft-Windows-Security-Auditing","logon_id":"aa8760bda7b3559a","process_id":4741,"image_path":"C:/Program Files/ApprovedAgent/agent.exe","run_as":"svc-agent","publisher":"Approved Software Team","update_state":"installed","agent_build":"2026.09.3"},{"timestamp":"2026-09-14T00:19:23.700Z","computer":"srv-184","event_id":4624,"record_id":100431,"user":"employee-53","source_ip":"10.12.2.13","target":"logon-session","logon_type":10,"change_ticket":"","result":"success","channel":"Security","provider":"Microsoft-Windows-Security-Auditing","logon_id":"aa8760bda7b3559a","process_id":11221,"image_path":"","run_as":"","publisher":"","update_state":"installed","agent_build":"2026.09.4"},{"timestamp":"2026-09-14T00:19:26.400Z","computer":"srv-005","event_id":4624,"record_id":100432,"user":"employee-381","source_ip":"10.10.1.14","target":"logon-session","logon_type":2,"change_ticket":"","result":"success","channel":"Security","provider":"Microsoft-Windows-Security-Auditing","logon_id":"131ab7d2ec3966c9","process_id":15436,"image_path":"","run_as":"","publisher":"","update_state":"installed","agent_build":"2026.09.1"},{"timestamp":"2026-09-14T00:19:29.100Z","computer":"srv-218","event_id":4634,"record_id":100433,"user":"employee-295","source_ip":"10.12.3.27","target":"logon-session","logon_type":3,"change_ticket":"","result":"success","channel":"Security","provider":"Microsoft-Windows-Security-Auditing","logon_id":"131ab7d2ec3966c9","process_id":18267,"image_path":"","run_as":"","publisher":"","update_state":"installed","agent_build":"2026.09.2"},{"timestamp":"2026-09-14T00:19:31.800Z","computer":"srv-184","event_id":4688,"record_id":100434,"user":"employee-130","source_ip":"10.12.2.13","target":"logon-session","logon_type":null,"change_ticket":"","result":"success","channel":"Security","provider":"Microsoft-Windows-Security-Auditing","logon_id":"131ab7d2ec3966c9","process_id":21121,"image_path":"C:/Program Files/ApprovedAgent/agent.exe","run_as":"","publisher":"Approved Software Team","update_state":"restart-pending","agent_build":"2026.09.3"},{"timestamp":"2026-09-14T00:19:34.500Z","computer":"srv-073","event_id":4625,"record_id":100435,"user":"employee-29","source_ip":"10.10.4.22","target":"logon-session","logon_type":2,"change_ticket":"","result":"failure","channel":"Security","provider":"Microsoft-Windows-Security-Auditing","logon_id":"131ab7d2ec3966c9","process_id":10060,"image_path":"","run_as":"","publisher":"","update_state":"installed","agent_build":"2026.09.4"},{"timestamp":"2026-09-14T00:19:37.200Z","computer":"srv-176","event_id":4698,"record_id":100436,"user":"employee-248","source_ip":"10.12.1.25","target":"Approved-Maintenance","logon_type":null,"change_ticket":"CHG-DEPLOY-18","result":"success","channel":"Security","provider":"Microsoft-Windows-Security-Auditing","logon_id":"ce13fc99b80ac422","process_id":14725,"image_path":"C:/Program Files/ApprovedAgent/agent.exe","run_as":"svc-agent","publisher":"Approved Software Team","update_state":"installed","agent_build":"2026.09.1"},{"timestamp":"2026-09-14T00:19:39.900Z","computer":"srv-237","event_id":4728,"record_id":100437,"user":"employee-467","source_ip":"10.12.4.26","target":"Project-Readers","logon_type":null,"change_ticket":"CHG-DEPLOY-18","result":"success","channel":"Security","provider":"Microsoft-Windows-Security-Auditing","logon_id":"ce13fc99b80ac422","process_id":14818,"image_path":"","run_as":"","publisher":"","update_state":"installed","agent_build":"2026.09.2"},{"timestamp":"2026-09-14T00:19:42.600Z","computer":"srv-121","event_id":4697,"record_id":100438,"user":"employee-311","source_ip":"10.11.3.10","target":"ApprovedAgent","logon_type":null,"change_ticket":"CHG-DEPLOY-18","result":"success","channel":"Security","provider":"Microsoft-Windows-Security-Auditing","logon_id":"ce13fc99b80ac422","process_id":19959,"image_path":"C:/Program Files/ApprovedAgent/agent.exe","run_as":"svc-agent","publisher":"Approved Software Team","update_state":"installed","agent_build":"2026.09.3"},{"timestamp":"2026-09-14T00:19:45.300Z","computer":"srv-026","event_id":4624,"record_id":100439,"user":"employee-408","source_ip":"10.10.2.15","target":"logon-session","logon_type":3,"change_ticket":"","result":"success","channel":"Security","provider":"Microsoft-Windows-Security-Auditing","logon_id":"ce13fc99b80ac422","process_id":19358,"image_path":"","run_as":"","publisher":"","update_state":"installed","agent_build":"2026.09.4"},{"timestamp":"2026-09-14T00:19:48.000Z","computer":"srv-009","event_id":4624,"record_id":100440,"user":"employee-444","source_ip":"10.10.1.18","target":"logon-session","logon_type":10,"change_ticket":"","result":"success","channel":"Security","provider":"Microsoft-Windows-Security-Auditing","logon_id":"561fe409b089d89e","process_id":10790,"image_path":"","run_as":"","publisher":"","update_state":"installed","agent_build":"2026.09.1"},{"timestamp":"2026-09-14T00:19:50.700Z","computer":"srv-045","event_id":4634,"record_id":100441,"user":"employee-93","source_ip":"10.10.3.14","target":"logon-session","logon_type":2,"change_ticket":"","result":"success","channel":"Security","provider":"Microsoft-Windows-Security-Auditing","logon_id":"561fe409b089d89e","process_id":16731,"image_path":"","run_as":"","publisher":"","update_state":"installed","agent_build":"2026.09.2"},{"timestamp":"2026-09-14T00:19:53.400Z","computer":"srv-018","event_id":4688,"record_id":100442,"user":"deployment-admin","source_ip":"10.10.1.27","target":"logon-session","logon_type":null,"change_ticket":"","result":"success","channel":"Security","provider":"Microsoft-Windows-Security-Auditing","logon_id":"561fe409b089d89e","process_id":8788,"image_path":"C:/Program Files/ApprovedAgent/agent.exe","run_as":"","publisher":"Approved Software Team","update_state":"installed","agent_build":"2026.09.3"},{"timestamp":"2026-09-14T00:19:56.100Z","computer":"srv-169","event_id":4625,"record_id":100443,"user":"employee-201","source_ip":"10.12.1.18","target":"logon-session","logon_type":10,"change_ticket":"","result":"failure","channel":"Security","provider":"Microsoft-Windows-Security-Auditing","logon_id":"561fe409b089d89e","process_id":14176,"image_path":"","run_as":"","publisher":"","update_state":"installed","agent_build":"2026.09.4"},{"timestamp":"2026-09-14T00:19:58.800Z","computer":"srv-156","event_id":4698,"record_id":100444,"user":"employee-57","source_ip":"10.11.4.25","target":"Approved-Maintenance","logon_type":null,"change_ticket":"CHG-DEPLOY-18","result":"success","channel":"Security","provider":"Microsoft-Windows-Security-Auditing","logon_id":"63be64a2a4d34932","process_id":5735,"image_path":"C:/Program Files/ApprovedAgent/agent.exe","run_as":"svc-agent","publisher":"Approved Software Team","update_state":"installed","agent_build":"2026.09.1"},{"timestamp":"2026-09-14T00:20:01.500Z","computer":"srv-238","event_id":4728,"record_id":100445,"user":"employee-328","source_ip":"10.12.4.27","target":"Project-Readers","logon_type":null,"change_ticket":"CHG-DEPLOY-18","result":"success","channel":"Security","provider":"Microsoft-Windows-Security-Auditing","logon_id":"63be64a2a4d34932","process_id":2465,"image_path":"","run_as":"","publisher":"","update_state":"installed","agent_build":"2026.09.2"},{"timestamp":"2026-09-14T00:20:04.200Z","computer":"srv-087","event_id":4697,"record_id":100446,"user":"employee-390","source_ip":"10.11.1.16","target":"ApprovedAgent","logon_type":null,"change_ticket":"CHG-DEPLOY-18","result":"success","channel":"Security","provider":"Microsoft-Windows-Security-Auditing","logon_id":"63be64a2a4d34932","process_id":25566,"image_path":"C:/Program Files/ApprovedAgent/agent.exe","run_as":"svc-agent","publisher":"Approved Software Team","update_state":"installed","agent_build":"2026.09.3"},{"timestamp":"2026-09-14T00:20:06.900Z","computer":"srv-019","event_id":4624,"record_id":100447,"user":"employee-292","source_ip":"10.10.1.28","target":"logon-session","logon_type":2,"change_ticket":"","result":"success","channel":"Security","provider":"Microsoft-Windows-Security-Auditing","logon_id":"63be64a2a4d34932","process_id":4772,"image_path":"","run_as":"","publisher":"","update_state":"installed","agent_build":"2026.09.4"},{"timestamp":"2026-09-14T00:20:09.600Z","computer":"srv-021","event_id":4624,"record_id":100448,"user":"employee-120","source_ip":"10.10.2.10","target":"logon-session","logon_type":3,"change_ticket":"","result":"success","channel":"Security","provider":"Microsoft-Windows-Security-Auditing","logon_id":"97faf4f62605c09b","process_id":13727,"image_path":"","run_as":"","publisher":"","update_state":"installed","agent_build":"2026.09.1"},{"timestamp":"2026-09-14T00:20:12.300Z","computer":"srv-083","event_id":4634,"record_id":100449,"user":"employee-6","source_ip":"10.11.1.12","target":"logon-session","logon_type":10,"change_ticket":"","result":"success","channel":"Security","provider":"Microsoft-Windows-Security-Auditing","logon_id":"97faf4f62605c09b","process_id":2635,"image_path":"","run_as":"","publisher":"","update_state":"installed","agent_build":"2026.09.2"},{"timestamp":"2026-09-14T00:20:15.000Z","computer":"srv-120","event_id":4688,"record_id":100450,"user":"employee-476","source_ip":"10.11.2.29","target":"logon-session","logon_type":null,"change_ticket":"","result":"success","channel":"Security","provider":"Microsoft-Windows-Security-Auditing","logon_id":"97faf4f62605c09b","process_id":14681,"image_path":"C:/Program Files/ApprovedAgent/agent.exe","run_as":"","publisher":"Approved Software Team","update_state":"installed","agent_build":"2026.09.3"},{"timestamp":"2026-09-14T00:20:17.700Z","computer":"srv-240","event_id":4625,"record_id":100451,"user":"employee-208","source_ip":"10.12.4.29","target":"logon-session","logon_type":3,"change_ticket":"","result":"failure","channel":"Security","provider":"Microsoft-Windows-Security-Auditing","logon_id":"97faf4f62605c09b","process_id":5445,"image_path":"","run_as":"","publisher":"","update_state":"installed","agent_build":"2026.09.4"},{"timestamp":"2026-09-14T00:20:20.400Z","computer":"srv-002","event_id":4698,"record_id":100452,"user":"employee-164","source_ip":"10.10.1.11","target":"Approved-Maintenance","logon_type":null,"change_ticket":"CHG-DEPLOY-18","result":"success","channel":"Security","provider":"Microsoft-Windows-Security-Auditing","logon_id":"5c19350a7bac8c22","process_id":6083,"image_path":"C:/Program Files/ApprovedAgent/agent.exe","run_as":"svc-agent","publisher":"Approved Software Team","update_state":"installed","agent_build":"2026.09.1"},{"timestamp":"2026-09-14T00:20:23.100Z","computer":"srv-045","event_id":4728,"record_id":100453,"user":"employee-74","source_ip":"10.10.3.14","target":"Project-Readers","logon_type":null,"change_ticket":"CHG-DEPLOY-18","result":"success","channel":"Security","provider":"Microsoft-Windows-Security-Auditing","logon_id":"5c19350a7bac8c22","process_id":9623,"image_path":"","run_as":"","publisher":"","update_state":"installed","agent_build":"2026.09.2"},{"timestamp":"2026-09-14T00:20:25.800Z","computer":"srv-090","event_id":4697,"record_id":100454,"user":"employee-269","source_ip":"10.11.1.19","target":"ApprovedAgent","logon_type":null,"change_ticket":"CHG-DEPLOY-18","result":"success","channel":"Security","provider":"Microsoft-Windows-Security-Auditing","logon_id":"5c19350a7bac8c22","process_id":8067,"image_path":"C:/Program Files/ApprovedAgent/agent.exe","run_as":"svc-agent","publisher":"Approved Software Team","update_state":"installed","agent_build":"2026.09.3"},{"timestamp":"2026-09-14T00:20:28.500Z","computer":"srv-085","event_id":4624,"record_id":100455,"user":"deployment-admin","source_ip":"10.11.1.14","target":"logon-session","logon_type":10,"change_ticket":"","result":"success","channel":"Security","provider":"Microsoft-Windows-Security-Auditing","logon_id":"5c19350a7bac8c22","process_id":24996,"image_path":"","run_as":"","publisher":"","update_state":"installed","agent_build":"2026.09.4"},{"timestamp":"2026-09-14T00:20:31.200Z","computer":"srv-043","event_id":4624,"record_id":100456,"user":"employee-353","source_ip":"10.10.3.12","target":"logon-session","logon_type":2,"change_ticket":"","result":"success","channel":"Security","provider":"Microsoft-Windows-Security-Auditing","logon_id":"76b2803a22d49954","process_id":18539,"image_path":"","run_as":"","publisher":"","update_state":"installed","agent_build":"2026.09.1"},{"timestamp":"2026-09-14T00:20:33.900Z","computer":"srv-175","event_id":4634,"record_id":100457,"user":"employee-308","source_ip":"10.12.1.24","target":"logon-session","logon_type":3,"change_ticket":"","result":"success","channel":"Security","provider":"Microsoft-Windows-Security-Auditing","logon_id":"76b2803a22d49954","process_id":8122,"image_path":"","run_as":"","publisher":"","update_state":"installed","agent_build":"2026.09.2"},{"timestamp":"2026-09-14T00:20:36.600Z","computer":"srv-148","event_id":4688,"record_id":100458,"user":"employee-121","source_ip":"10.11.4.17","target":"logon-session","logon_type":null,"change_ticket":"","result":"success","channel":"Security","provider":"Microsoft-Windows-Security-Auditing","logon_id":"76b2803a22d49954","process_id":24030,"image_path":"C:/Program Files/ApprovedAgent/agent.exe","run_as":"","publisher":"Approved Software Team","update_state":"installed","agent_build":"2026.09.3"},{"timestamp":"2026-09-14T00:20:39.300Z","computer":"srv-039","event_id":4625,"record_id":100459,"user":"employee-289","source_ip":"10.10.2.28","target":"logon-session","logon_type":2,"change_ticket":"","result":"failure","channel":"Security","provider":"Microsoft-Windows-Security-Auditing","logon_id":"76b2803a22d49954","process_id":11000,"image_path":"","run_as":"","publisher":"","update_state":"installed","agent_build":"2026.09.4"},{"timestamp":"2026-09-14T00:20:42.000Z","computer":"srv-204","event_id":4698,"record_id":100460,"user":"employee-318","source_ip":"10.12.3.13","target":"Approved-Maintenance","logon_type":null,"change_ticket":"CHG-DEPLOY-18","result":"success","channel":"Security","provider":"Microsoft-Windows-Security-Auditing","logon_id":"a29c564f7d44ccf1","process_id":14057,"image_path":"C:/Program Files/ApprovedAgent/agent.exe","run_as":"svc-agent","publisher":"Approved Software Team","update_state":"installed","agent_build":"2026.09.1"},{"timestamp":"2026-09-14T00:20:44.700Z","computer":"srv-034","event_id":4728,"record_id":100461,"user":"employee-142","source_ip":"10.10.2.23","target":"Project-Readers","logon_type":null,"change_ticket":"CHG-DEPLOY-18","result":"success","channel":"Security","provider":"Microsoft-Windows-Security-Auditing","logon_id":"a29c564f7d44ccf1","process_id":5644,"image_path":"","run_as":"","publisher":"","update_state":"installed","agent_build":"2026.09.2"},{"timestamp":"2026-09-14T00:20:47.400Z","computer":"srv-077","event_id":4697,"record_id":100462,"user":"employee-94","source_ip":"10.10.4.26","target":"ApprovedAgent","logon_type":null,"change_ticket":"CHG-DEPLOY-18","result":"success","channel":"Security","provider":"Microsoft-Windows-Security-Auditing","logon_id":"a29c564f7d44ccf1","process_id":12205,"image_path":"C:/Program Files/ApprovedAgent/agent.exe","run_as":"svc-agent","publisher":"Approved Software Team","update_state":"installed","agent_build":"2026.09.3"},{"timestamp":"2026-09-14T00:20:50.100Z","computer":"srv-115","event_id":4624,"record_id":100463,"user":"employee-259","source_ip":"10.11.2.24","target":"logon-session","logon_type":3,"change_ticket":"","result":"success","channel":"Security","provider":"Microsoft-Windows-Security-Auditing","logon_id":"a29c564f7d44ccf1","process_id":1448,"image_path":"","run_as":"","publisher":"","update_state":"installed","agent_build":"2026.09.4"},{"timestamp":"2026-09-14T00:20:52.800Z","computer":"srv-100","event_id":4624,"record_id":100464,"user":"employee-376","source_ip":"10.11.1.29","target":"logon-session","logon_type":10,"change_ticket":"","result":"success","channel":"Security","provider":"Microsoft-Windows-Security-Auditing","logon_id":"948cee346e75ae2c","process_id":9477,"image_path":"","run_as":"","publisher":"","update_state":"installed","agent_build":"2026.09.1"},{"timestamp":"2026-09-14T00:20:55.500Z","computer":"srv-056","event_id":4634,"record_id":100465,"user":"employee-282","source_ip":"10.10.3.25","target":"logon-session","logon_type":2,"change_ticket":"","result":"success","channel":"Security","provider":"Microsoft-Windows-Security-Auditing","logon_id":"948cee346e75ae2c","process_id":20096,"image_path":"","run_as":"","publisher":"","update_state":"restart-pending","agent_build":"2026.09.2"},{"timestamp":"2026-09-14T00:20:58.200Z","computer":"srv-193","event_id":4688,"record_id":100466,"user":"employee-178","source_ip":"10.12.2.22","target":"logon-session","logon_type":null,"change_ticket":"","result":"success","channel":"Security","provider":"Microsoft-Windows-Security-Auditing","logon_id":"948cee346e75ae2c","process_id":13101,"image_path":"C:/Program Files/ApprovedAgent/agent.exe","run_as":"","publisher":"Approved Software Team","update_state":"installed","agent_build":"2026.09.3"},{"timestamp":"2026-09-14T00:21:00.900Z","computer":"srv-097","event_id":4625,"record_id":100467,"user":"employee-149","source_ip":"10.11.1.26","target":"logon-session","logon_type":10,"change_ticket":"","result":"failure","channel":"Security","provider":"Microsoft-Windows-Security-Auditing","logon_id":"948cee346e75ae2c","process_id":7461,"image_path":"","run_as":"","publisher":"","update_state":"installed","agent_build":"2026.09.4"},{"timestamp":"2026-09-14T00:21:03.600Z","computer":"srv-124","event_id":4698,"record_id":100468,"user":"deployment-admin","source_ip":"10.11.3.13","target":"Approved-Maintenance","logon_type":null,"change_ticket":"CHG-DEPLOY-18","result":"success","channel":"Security","provider":"Microsoft-Windows-Security-Auditing","logon_id":"ed877c8e37a0b84e","process_id":2408,"image_path":"C:/Program Files/ApprovedAgent/agent.exe","run_as":"svc-agent","publisher":"Approved Software Team","update_state":"installed","agent_build":"2026.09.1"},{"timestamp":"2026-09-14T00:21:06.300Z","computer":"srv-145","event_id":4728,"record_id":100469,"user":"employee-368","source_ip":"10.11.4.14","target":"Project-Readers","logon_type":null,"change_ticket":"CHG-DEPLOY-18","result":"success","channel":"Security","provider":"Microsoft-Windows-Security-Auditing","logon_id":"ed877c8e37a0b84e","process_id":10725,"image_path":"","run_as":"","publisher":"","update_state":"installed","agent_build":"2026.09.2"},{"timestamp":"2026-09-14T00:21:09.000Z","computer":"srv-012","event_id":4697,"record_id":100470,"user":"employee-12","source_ip":"10.10.1.21","target":"ApprovedAgent","logon_type":null,"change_ticket":"CHG-DEPLOY-18","result":"success","channel":"Security","provider":"Microsoft-Windows-Security-Auditing","logon_id":"ed877c8e37a0b84e","process_id":8598,"image_path":"C:/Program Files/ApprovedAgent/agent.exe","run_as":"svc-agent","publisher":"Approved Software Team","update_state":"failed","agent_build":"2026.09.3"},{"timestamp":"2026-09-14T00:21:11.700Z","computer":"srv-052","event_id":4624,"record_id":100471,"user":"employee-117","source_ip":"10.10.3.21","target":"logon-session","logon_type":2,"change_ticket":"","result":"success","channel":"Security","provider":"Microsoft-Windows-Security-Auditing","logon_id":"ed877c8e37a0b84e","process_id":4232,"image_path":"","run_as":"","publisher":"","update_state":"installed","agent_build":"2026.09.4"},{"timestamp":"2026-09-14T00:21:14.400Z","computer":"srv-032","event_id":4624,"record_id":100472,"user":"employee-292","source_ip":"10.10.2.21","target":"logon-session","logon_type":3,"change_ticket":"","result":"success","channel":"Security","provider":"Microsoft-Windows-Security-Auditing","logon_id":"5b593421c6e8740e","process_id":12471,"image_path":"","run_as":"","publisher":"","update_state":"no-report","agent_build":"2026.09.1"},{"timestamp":"2026-09-14T00:21:17.100Z","computer":"srv-053","event_id":4634,"record_id":100473,"user":"employee-231","source_ip":"10.10.3.22","target":"logon-session","logon_type":10,"change_ticket":"","result":"success","channel":"Security","provider":"Microsoft-Windows-Security-Auditing","logon_id":"5b593421c6e8740e","process_id":18048,"image_path":"","run_as":"","publisher":"","update_state":"installed","agent_build":"2026.09.2"},{"timestamp":"2026-09-14T00:21:19.800Z","computer":"srv-050","event_id":4688,"record_id":100474,"user":"employee-54","source_ip":"10.10.3.19","target":"logon-session","logon_type":null,"change_ticket":"","result":"success","channel":"Security","provider":"Microsoft-Windows-Security-Auditing","logon_id":"5b593421c6e8740e","process_id":15085,"image_path":"C:/Program Files/ApprovedAgent/agent.exe","run_as":"","publisher":"Approved Software Team","update_state":"installed","agent_build":"2026.09.3"},{"timestamp":"2026-09-14T00:21:22.500Z","computer":"srv-054","event_id":4625,"record_id":100475,"user":"employee-395","source_ip":"10.10.3.23","target":"logon-session","logon_type":3,"change_ticket":"","result":"failure","channel":"Security","provider":"Microsoft-Windows-Security-Auditing","logon_id":"5b593421c6e8740e","process_id":19293,"image_path":"","run_as":"","publisher":"","update_state":"installed","agent_build":"2026.09.4"},{"timestamp":"2026-09-14T00:21:25.200Z","computer":"srv-064","event_id":4698,"record_id":100476,"user":"employee-272","source_ip":"10.10.4.13","target":"Approved-Maintenance","logon_type":null,"change_ticket":"CHG-DEPLOY-18","result":"success","channel":"Security","provider":"Microsoft-Windows-Security-Auditing","logon_id":"56af35bc04607ee8","process_id":14191,"image_path":"C:/Program Files/ApprovedAgent/agent.exe","run_as":"svc-agent","publisher":"Approved Software Team","update_state":"installed","agent_build":"2026.09.1"},{"timestamp":"2026-09-14T00:21:27.900Z","computer":"srv-147","event_id":4728,"record_id":100477,"user":"employee-343","source_ip":"10.11.4.16","target":"Project-Readers","logon_type":null,"change_ticket":"CHG-DEPLOY-18","result":"success","channel":"Security","provider":"Microsoft-Windows-Security-Auditing","logon_id":"56af35bc04607ee8","process_id":20773,"image_path":"","run_as":"","publisher":"","update_state":"installed","agent_build":"2026.09.2"},{"timestamp":"2026-09-14T00:21:30.600Z","computer":"srv-031","event_id":4697,"record_id":100478,"user":"employee-333","source_ip":"10.10.2.20","target":"ApprovedAgent","logon_type":null,"change_ticket":"CHG-DEPLOY-18","result":"success","channel":"Security","provider":"Microsoft-Windows-Security-Auditing","logon_id":"56af35bc04607ee8","process_id":12930,"image_path":"C:/Program Files/ApprovedAgent/agent.exe","run_as":"svc-agent","publisher":"Approved Software Team","update_state":"installed","agent_build":"2026.09.3"},{"timestamp":"2026-09-14T00:21:33.300Z","computer":"srv-105","event_id":4624,"record_id":100479,"user":"employee-147","source_ip":"10.11.2.14","target":"logon-session","logon_type":10,"change_ticket":"","result":"success","channel":"Security","provider":"Microsoft-Windows-Security-Auditing","logon_id":"56af35bc04607ee8","process_id":8237,"image_path":"","run_as":"","publisher":"","update_state":"installed","agent_build":"2026.09.4"},{"timestamp":"2026-09-14T00:21:36.000Z","computer":"srv-231","event_id":4624,"record_id":100480,"user":"employee-411","source_ip":"10.12.4.20","target":"logon-session","logon_type":2,"change_ticket":"","result":"success","channel":"Security","provider":"Microsoft-Windows-Security-Auditing","logon_id":"b1ca71c2da5020ad","process_id":14968,"image_path":"","run_as":"","publisher":"","update_state":"installed","agent_build":"2026.09.1"},{"timestamp":"2026-09-14T00:21:38.700Z","computer":"srv-235","event_id":4634,"record_id":100481,"user":"deployment-admin","source_ip":"10.12.4.24","target":"logon-session","logon_type":3,"change_ticket":"","result":"success","channel":"Security","provider":"Microsoft-Windows-Security-Auditing","logon_id":"b1ca71c2da5020ad","process_id":15727,"image_path":"","run_as":"","publisher":"","update_state":"installed","agent_build":"2026.09.2"},{"timestamp":"2026-09-14T00:21:41.400Z","computer":"srv-037","event_id":4688,"record_id":100482,"user":"employee-61","source_ip":"10.10.2.26","target":"logon-session","logon_type":null,"change_ticket":"","result":"success","channel":"Security","provider":"Microsoft-Windows-Security-Auditing","logon_id":"b1ca71c2da5020ad","process_id":4886,"image_path":"C:/Program Files/ApprovedAgent/agent.exe","run_as":"","publisher":"Approved Software Team","update_state":"installed","agent_build":"2026.09.3"},{"timestamp":"2026-09-14T00:21:44.100Z","computer":"srv-124","event_id":4625,"record_id":100483,"user":"employee-427","source_ip":"10.11.3.13","target":"logon-session","logon_type":2,"change_ticket":"","result":"failure","channel":"Security","provider":"Microsoft-Windows-Security-Auditing","logon_id":"b1ca71c2da5020ad","process_id":7141,"image_path":"","run_as":"","publisher":"","update_state":"installed","agent_build":"2026.09.4"},{"timestamp":"2026-09-14T00:21:46.800Z","computer":"srv-119","event_id":4698,"record_id":100484,"user":"employee-219","source_ip":"10.11.2.28","target":"Approved-Maintenance","logon_type":null,"change_ticket":"CHG-DEPLOY-18","result":"success","channel":"Security","provider":"Microsoft-Windows-Security-Auditing","logon_id":"d7d46745a0810b68","process_id":8455,"image_path":"C:/Program Files/ApprovedAgent/agent.exe","run_as":"svc-agent","publisher":"Approved Software Team","update_state":"installed","agent_build":"2026.09.1"},{"timestamp":"2026-09-14T00:21:49.500Z","computer":"srv-158","event_id":4728,"record_id":100485,"user":"employee-176","source_ip":"10.11.4.27","target":"Project-Readers","logon_type":null,"change_ticket":"CHG-DEPLOY-18","result":"success","channel":"Security","provider":"Microsoft-Windows-Security-Auditing","logon_id":"d7d46745a0810b68","process_id":6843,"image_path":"","run_as":"","publisher":"","update_state":"installed","agent_build":"2026.09.2"},{"timestamp":"2026-09-14T00:21:52.200Z","computer":"srv-080","event_id":4697,"record_id":100486,"user":"employee-216","source_ip":"10.10.4.29","target":"ApprovedAgent","logon_type":null,"change_ticket":"CHG-DEPLOY-18","result":"success","channel":"Security","provider":"Microsoft-Windows-Security-Auditing","logon_id":"d7d46745a0810b68","process_id":14202,"image_path":"C:/Program Files/ApprovedAgent/agent.exe","run_as":"svc-agent","publisher":"Approved Software Team","update_state":"installed","agent_build":"2026.09.3"},{"timestamp":"2026-09-14T00:21:54.900Z","computer":"srv-045","event_id":4624,"record_id":100487,"user":"employee-283","source_ip":"10.10.3.14","target":"logon-session","logon_type":3,"change_ticket":"","result":"success","channel":"Security","provider":"Microsoft-Windows-Security-Auditing","logon_id":"d7d46745a0810b68","process_id":23255,"image_path":"","run_as":"","publisher":"","update_state":"installed","agent_build":"2026.09.4"},{"timestamp":"2026-09-14T00:21:57.600Z","computer":"srv-045","event_id":4624,"record_id":100488,"user":"employee-185","source_ip":"10.10.3.14","target":"logon-session","logon_type":10,"change_ticket":"","result":"success","channel":"Security","provider":"Microsoft-Windows-Security-Auditing","logon_id":"fafe801c313b9100","process_id":6094,"image_path":"","run_as":"","publisher":"","update_state":"installed","agent_build":"2026.09.1"},{"timestamp":"2026-09-14T00:22:00.300Z","computer":"srv-059","event_id":4634,"record_id":100489,"user":"employee-67","source_ip":"10.10.3.28","target":"logon-session","logon_type":2,"change_ticket":"","result":"success","channel":"Security","provider":"Microsoft-Windows-Security-Auditing","logon_id":"fafe801c313b9100","process_id":16716,"image_path":"","run_as":"","publisher":"","update_state":"installed","agent_build":"2026.09.2"},{"timestamp":"2026-09-14T00:22:03.000Z","computer":"srv-092","event_id":4688,"record_id":100490,"user":"employee-249","source_ip":"10.11.1.21","target":"logon-session","logon_type":null,"change_ticket":"","result":"success","channel":"Security","provider":"Microsoft-Windows-Security-Auditing","logon_id":"fafe801c313b9100","process_id":8837,"image_path":"C:/Program Files/ApprovedAgent/agent.exe","run_as":"","publisher":"Approved Software Team","update_state":"installed","agent_build":"2026.09.3"},{"timestamp":"2026-09-14T00:22:05.700Z","computer":"srv-199","event_id":4625,"record_id":100491,"user":"employee-370","source_ip":"10.12.2.28","target":"logon-session","logon_type":10,"change_ticket":"","result":"failure","channel":"Security","provider":"Microsoft-Windows-Security-Auditing","logon_id":"fafe801c313b9100","process_id":11206,"image_path":"","run_as":"","publisher":"","update_state":"installed","agent_build":"2026.09.4"},{"timestamp":"2026-09-14T00:22:08.400Z","computer":"srv-024","event_id":4698,"record_id":100492,"user":"employee-272","source_ip":"10.10.2.13","target":"Approved-Maintenance","logon_type":null,"change_ticket":"CHG-DEPLOY-18","result":"success","channel":"Security","provider":"Microsoft-Windows-Security-Auditing","logon_id":"af5b230a1fc4fd65","process_id":2934,"image_path":"C:/Program Files/ApprovedAgent/agent.exe","run_as":"svc-agent","publisher":"Approved Software Team","update_state":"installed","agent_build":"2026.09.1"},{"timestamp":"2026-09-14T00:22:11.100Z","computer":"srv-158","event_id":4728,"record_id":100493,"user":"employee-374","source_ip":"10.11.4.27","target":"Project-Readers","logon_type":null,"change_ticket":"CHG-DEPLOY-18","result":"success","channel":"Security","provider":"Microsoft-Windows-Security-Auditing","logon_id":"af5b230a1fc4fd65","process_id":22267,"image_path":"","run_as":"","publisher":"","update_state":"installed","agent_build":"2026.09.2"},{"timestamp":"2026-09-14T00:22:13.800Z","computer":"srv-194","event_id":4697,"record_id":100494,"user":"deployment-admin","source_ip":"10.12.2.23","target":"ApprovedAgent","logon_type":null,"change_ticket":"CHG-DEPLOY-18","result":"success","channel":"Security","provider":"Microsoft-Windows-Security-Auditing","logon_id":"af5b230a1fc4fd65","process_id":23818,"image_path":"C:/Program Files/ApprovedAgent/agent.exe","run_as":"svc-agent","publisher":"Approved Software Team","update_state":"installed","agent_build":"2026.09.3"},{"timestamp":"2026-09-14T00:22:16.500Z","computer":"srv-110","event_id":4624,"record_id":100495,"user":"employee-95","source_ip":"10.11.2.19","target":"logon-session","logon_type":2,"change_ticket":"","result":"success","channel":"Security","provider":"Microsoft-Windows-Security-Auditing","logon_id":"af5b230a1fc4fd65","process_id":2280,"image_path":"","run_as":"","publisher":"","update_state":"installed","agent_build":"2026.09.4"},{"timestamp":"2026-09-14T00:22:19.200Z","computer":"srv-114","event_id":4624,"record_id":100496,"user":"employee-32","source_ip":"10.11.2.23","target":"logon-session","logon_type":3,"change_ticket":"","result":"success","channel":"Security","provider":"Microsoft-Windows-Security-Auditing","logon_id":"476f55b7b2ccff7e","process_id":6806,"image_path":"","run_as":"","publisher":"","update_state":"restart-pending","agent_build":"2026.09.1"},{"timestamp":"2026-09-14T00:22:21.900Z","computer":"srv-192","event_id":4634,"record_id":100497,"user":"employee-197","source_ip":"10.12.2.21","target":"logon-session","logon_type":10,"change_ticket":"","result":"success","channel":"Security","provider":"Microsoft-Windows-Security-Auditing","logon_id":"476f55b7b2ccff7e","process_id":16957,"image_path":"","run_as":"","publisher":"","update_state":"installed","agent_build":"2026.09.2"},{"timestamp":"2026-09-14T00:22:24.600Z","computer":"srv-177","event_id":4688,"record_id":100498,"user":"employee-257","source_ip":"10.12.1.26","target":"logon-session","logon_type":null,"change_ticket":"","result":"success","channel":"Security","provider":"Microsoft-Windows-Security-Auditing","logon_id":"476f55b7b2ccff7e","process_id":7079,"image_path":"C:/Program Files/ApprovedAgent/agent.exe","run_as":"","publisher":"Approved Software Team","update_state":"installed","agent_build":"2026.09.3"},{"timestamp":"2026-09-14T00:22:27.300Z","computer":"srv-146","event_id":4625,"record_id":100499,"user":"employee-426","source_ip":"10.11.4.15","target":"logon-session","logon_type":3,"change_ticket":"","result":"failure","channel":"Security","provider":"Microsoft-Windows-Security-Auditing","logon_id":"476f55b7b2ccff7e","process_id":3051,"image_path":"","run_as":"","publisher":"","update_state":"installed","agent_build":"2026.09.4"},{"timestamp":"2026-09-14T00:22:30.000Z","computer":"srv-053","event_id":4698,"record_id":100500,"user":"employee-338","source_ip":"10.10.3.22","target":"Approved-Maintenance","logon_type":null,"change_ticket":"CHG-DEPLOY-18","result":"success","channel":"Security","provider":"Microsoft-Windows-Security-Auditing","logon_id":"8af6ca7912233fd9","process_id":11116,"image_path":"C:/Program Files/ApprovedAgent/agent.exe","run_as":"svc-agent","publisher":"Approved Software Team","update_state":"installed","agent_build":"2026.09.1"},{"timestamp":"2026-09-14T00:22:32.700Z","computer":"srv-090","event_id":4728,"record_id":100501,"user":"employee-188","source_ip":"10.11.1.19","target":"Project-Readers","logon_type":null,"change_ticket":"CHG-DEPLOY-18","result":"success","channel":"Security","provider":"Microsoft-Windows-Security-Auditing","logon_id":"8af6ca7912233fd9","process_id":14289,"image_path":"","run_as":"","publisher":"","update_state":"installed","agent_build":"2026.09.2"},{"timestamp":"2026-09-14T00:22:35.400Z","computer":"srv-019","event_id":4697,"record_id":100502,"user":"employee-42","source_ip":"10.10.1.28","target":"ApprovedAgent","logon_type":null,"change_ticket":"CHG-DEPLOY-18","result":"success","channel":"Security","provider":"Microsoft-Windows-Security-Auditing","logon_id":"8af6ca7912233fd9","process_id":14018,"image_path":"C:/Program Files/ApprovedAgent/agent.exe","run_as":"svc-agent","publisher":"Approved Software Team","update_state":"installed","agent_build":"2026.09.3"},{"timestamp":"2026-09-14T00:22:38.100Z","computer":"srv-221","event_id":4624,"record_id":100503,"user":"employee-393","source_ip":"10.12.4.10","target":"logon-session","logon_type":10,"change_ticket":"","result":"success","channel":"Security","provider":"Microsoft-Windows-Security-Auditing","logon_id":"8af6ca7912233fd9","process_id":7903,"image_path":"","run_as":"","publisher":"","update_state":"installed","agent_build":"2026.09.4"},{"timestamp":"2026-09-14T00:22:40.800Z","computer":"srv-035","event_id":4624,"record_id":100504,"user":"employee-352","source_ip":"10.10.2.24","target":"logon-session","logon_type":2,"change_ticket":"","result":"success","channel":"Security","provider":"Microsoft-Windows-Security-Auditing","logon_id":"33826a125da96bff","process_id":17840,"image_path":"","run_as":"","publisher":"","update_state":"installed","agent_build":"2026.09.1"},{"timestamp":"2026-09-14T00:22:43.500Z","computer":"srv-058","event_id":4634,"record_id":100505,"user":"employee-86","source_ip":"10.10.3.27","target":"logon-session","logon_type":3,"change_ticket":"","result":"success","channel":"Security","provider":"Microsoft-Windows-Security-Auditing","logon_id":"33826a125da96bff","process_id":5608,"image_path":"","run_as":"","publisher":"","update_state":"installed","agent_build":"2026.09.2"},{"timestamp":"2026-09-14T00:22:46.200Z","computer":"srv-104","event_id":4688,"record_id":100506,"user":"employee-301","source_ip":"10.11.2.13","target":"logon-session","logon_type":null,"change_ticket":"","result":"success","channel":"Security","provider":"Microsoft-Windows-Security-Auditing","logon_id":"33826a125da96bff","process_id":12953,"image_path":"C:/Program Files/ApprovedAgent/agent.exe","run_as":"","publisher":"Approved Software Team","update_state":"installed","agent_build":"2026.09.3"},{"timestamp":"2026-09-14T00:22:48.900Z","computer":"srv-178","event_id":4625,"record_id":100507,"user":"deployment-admin","source_ip":"10.12.1.27","target":"logon-session","logon_type":2,"change_ticket":"","result":"failure","channel":"Security","provider":"Microsoft-Windows-Security-Auditing","logon_id":"33826a125da96bff","process_id":18904,"image_path":"","run_as":"","publisher":"","update_state":"installed","agent_build":"2026.09.4"},{"timestamp":"2026-09-14T00:22:51.600Z","computer":"srv-019","event_id":4698,"record_id":100508,"user":"employee-10","source_ip":"10.10.1.28","target":"Approved-Maintenance","logon_type":null,"change_ticket":"CHG-DEPLOY-18","result":"success","channel":"Security","provider":"Microsoft-Windows-Security-Auditing","logon_id":"0d1b3043e10c9ab4","process_id":14331,"image_path":"C:/Program Files/ApprovedAgent/agent.exe","run_as":"svc-agent","publisher":"Approved Software Team","update_state":"installed","agent_build":"2026.09.1"},{"timestamp":"2026-09-14T00:22:54.300Z","computer":"srv-081","event_id":4728,"record_id":100509,"user":"employee-8","source_ip":"10.11.1.10","target":"Project-Readers","logon_type":null,"change_ticket":"CHG-DEPLOY-18","result":"success","channel":"Security","provider":"Microsoft-Windows-Security-Auditing","logon_id":"0d1b3043e10c9ab4","process_id":9654,"image_path":"","run_as":"","publisher":"","update_state":"installed","agent_build":"2026.09.2"},{"timestamp":"2026-09-14T00:22:57.000Z","computer":"srv-005","event_id":4697,"record_id":100510,"user":"employee-138","source_ip":"10.10.1.14","target":"ApprovedAgent","logon_type":null,"change_ticket":"CHG-DEPLOY-18","result":"success","channel":"Security","provider":"Microsoft-Windows-Security-Auditing","logon_id":"0d1b3043e10c9ab4","process_id":2576,"image_path":"C:/Program Files/ApprovedAgent/agent.exe","run_as":"svc-agent","publisher":"Approved Software Team","update_state":"installed","agent_build":"2026.09.3"},{"timestamp":"2026-09-14T00:22:59.700Z","computer":"srv-049","event_id":4624,"record_id":100511,"user":"employee-400","source_ip":"10.10.3.18","target":"logon-session","logon_type":3,"change_ticket":"","result":"success","channel":"Security","provider":"Microsoft-Windows-Security-Auditing","logon_id":"0d1b3043e10c9ab4","process_id":10642,"image_path":"","run_as":"","publisher":"","update_state":"installed","agent_build":"2026.09.4"},{"timestamp":"2026-09-14T00:23:02.400Z","computer":"srv-172","event_id":4624,"record_id":100512,"user":"employee-471","source_ip":"10.12.1.21","target":"logon-session","logon_type":10,"change_ticket":"","result":"success","channel":"Security","provider":"Microsoft-Windows-Security-Auditing","logon_id":"6fe2c987bf4e0fd0","process_id":23115,"image_path":"","run_as":"","publisher":"","update_state":"installed","agent_build":"2026.09.1"},{"timestamp":"2026-09-14T00:23:05.100Z","computer":"srv-055","event_id":4634,"record_id":100513,"user":"employee-82","source_ip":"10.10.3.24","target":"logon-session","logon_type":2,"change_ticket":"","result":"success","channel":"Security","provider":"Microsoft-Windows-Security-Auditing","logon_id":"6fe2c987bf4e0fd0","process_id":8950,"image_path":"","run_as":"","publisher":"","update_state":"installed","agent_build":"2026.09.2"},{"timestamp":"2026-09-14T00:23:07.800Z","computer":"srv-070","event_id":4688,"record_id":100514,"user":"employee-480","source_ip":"10.10.4.19","target":"logon-session","logon_type":null,"change_ticket":"","result":"success","channel":"Security","provider":"Microsoft-Windows-Security-Auditing","logon_id":"6fe2c987bf4e0fd0","process_id":8566,"image_path":"C:/Program Files/ApprovedAgent/agent.exe","run_as":"","publisher":"Approved Software Team","update_state":"installed","agent_build":"2026.09.3"},{"timestamp":"2026-09-14T00:23:10.500Z","computer":"srv-194","event_id":4625,"record_id":100515,"user":"employee-143","source_ip":"10.12.2.23","target":"logon-session","logon_type":10,"change_ticket":"","result":"failure","channel":"Security","provider":"Microsoft-Windows-Security-Auditing","logon_id":"6fe2c987bf4e0fd0","process_id":6767,"image_path":"","run_as":"","publisher":"","update_state":"installed","agent_build":"2026.09.4"},{"timestamp":"2026-09-14T00:23:13.200Z","computer":"srv-165","event_id":4698,"record_id":100516,"user":"employee-53","source_ip":"10.12.1.14","target":"Approved-Maintenance","logon_type":null,"change_ticket":"CHG-DEPLOY-18","result":"success","channel":"Security","provider":"Microsoft-Windows-Security-Auditing","logon_id":"732917c5065b82b6","process_id":14992,"image_path":"C:/Program Files/ApprovedAgent/agent.exe","run_as":"svc-agent","publisher":"Approved Software Team","update_state":"installed","agent_build":"2026.09.1"},{"timestamp":"2026-09-14T00:23:15.900Z","computer":"srv-008","event_id":4728,"record_id":100517,"user":"employee-9","source_ip":"10.10.1.17","target":"Project-Readers","logon_type":null,"change_ticket":"CHG-DEPLOY-18","result":"success","channel":"Security","provider":"Microsoft-Windows-Security-Auditing","logon_id":"732917c5065b82b6","process_id":22899,"image_path":"","run_as":"","publisher":"","update_state":"failed","agent_build":"2026.09.2"},{"timestamp":"2026-09-14T00:23:18.600Z","computer":"srv-202","event_id":4697,"record_id":100518,"user":"employee-161","source_ip":"10.12.3.11","target":"ApprovedAgent","logon_type":null,"change_ticket":"CHG-DEPLOY-18","result":"success","channel":"Security","provider":"Microsoft-Windows-Security-Auditing","logon_id":"732917c5065b82b6","process_id":17640,"image_path":"C:/Program Files/ApprovedAgent/agent.exe","run_as":"svc-agent","publisher":"Approved Software Team","update_state":"installed","agent_build":"2026.09.3"},{"timestamp":"2026-09-14T00:23:21.300Z","computer":"srv-204","event_id":4624,"record_id":100519,"user":"employee-208","source_ip":"10.12.3.13","target":"logon-session","logon_type":2,"change_ticket":"","result":"success","channel":"Security","provider":"Microsoft-Windows-Security-Auditing","logon_id":"732917c5065b82b6","process_id":11226,"image_path":"","run_as":"","publisher":"","update_state":"installed","agent_build":"2026.09.4"},{"timestamp":"2026-09-14T00:23:24.000Z","computer":"srv-213","event_id":4624,"record_id":100520,"user":"deployment-admin","source_ip":"10.12.3.22","target":"logon-session","logon_type":3,"change_ticket":"","result":"success","channel":"Security","provider":"Microsoft-Windows-Security-Auditing","logon_id":"42fa99f3d5087b6b","process_id":15519,"image_path":"","run_as":"","publisher":"","update_state":"installed","agent_build":"2026.09.1"},{"timestamp":"2026-09-14T00:23:26.700Z","computer":"srv-135","event_id":4634,"record_id":100521,"user":"employee-159","source_ip":"10.11.3.24","target":"logon-session","logon_type":10,"change_ticket":"","result":"success","channel":"Security","provider":"Microsoft-Windows-Security-Auditing","logon_id":"42fa99f3d5087b6b","process_id":19812,"image_path":"","run_as":"","publisher":"","update_state":"installed","agent_build":"2026.09.2"},{"timestamp":"2026-09-14T00:23:29.400Z","computer":"srv-190","event_id":4688,"record_id":100522,"user":"employee-165","source_ip":"10.12.2.19","target":"logon-session","logon_type":null,"change_ticket":"","result":"success","channel":"Security","provider":"Microsoft-Windows-Security-Auditing","logon_id":"42fa99f3d5087b6b","process_id":3860,"image_path":"C:/Program Files/ApprovedAgent/agent.exe","run_as":"","publisher":"Approved Software Team","update_state":"installed","agent_build":"2026.09.3"},{"timestamp":"2026-09-14T00:23:32.100Z","computer":"srv-090","event_id":4625,"record_id":100523,"user":"employee-358","source_ip":"10.11.1.19","target":"logon-session","logon_type":3,"change_ticket":"","result":"failure","channel":"Security","provider":"Microsoft-Windows-Security-Auditing","logon_id":"42fa99f3d5087b6b","process_id":21167,"image_path":"","run_as":"","publisher":"","update_state":"installed","agent_build":"2026.09.4"},{"timestamp":"2026-09-14T00:23:34.800Z","computer":"srv-116","event_id":4698,"record_id":100524,"user":"employee-104","source_ip":"10.11.2.25","target":"Approved-Maintenance","logon_type":null,"change_ticket":"CHG-DEPLOY-18","result":"success","channel":"Security","provider":"Microsoft-Windows-Security-Auditing","logon_id":"9ff3292f80bcf9f9","process_id":18473,"image_path":"C:/Program Files/ApprovedAgent/agent.exe","run_as":"svc-agent","publisher":"Approved Software Team","update_state":"installed","agent_build":"2026.09.1"},{"timestamp":"2026-09-14T00:23:37.500Z","computer":"srv-085","event_id":4728,"record_id":100525,"user":"employee-145","source_ip":"10.11.1.14","target":"Project-Readers","logon_type":null,"change_ticket":"CHG-DEPLOY-18","result":"success","channel":"Security","provider":"Microsoft-Windows-Security-Auditing","logon_id":"9ff3292f80bcf9f9","process_id":4966,"image_path":"","run_as":"","publisher":"","update_state":"installed","agent_build":"2026.09.2"},{"timestamp":"2026-09-14T00:23:40.200Z","computer":"srv-213","event_id":4697,"record_id":100526,"user":"employee-467","source_ip":"10.12.3.22","target":"ApprovedAgent","logon_type":null,"change_ticket":"CHG-DEPLOY-18","result":"success","channel":"Security","provider":"Microsoft-Windows-Security-Auditing","logon_id":"9ff3292f80bcf9f9","process_id":3917,"image_path":"C:/Program Files/ApprovedAgent/agent.exe","run_as":"svc-agent","publisher":"Approved Software Team","update_state":"installed","agent_build":"2026.09.3"},{"timestamp":"2026-09-14T00:23:42.900Z","computer":"srv-072","event_id":4624,"record_id":100527,"user":"employee-83","source_ip":"10.10.4.21","target":"logon-session","logon_type":10,"change_ticket":"","result":"success","channel":"Security","provider":"Microsoft-Windows-Security-Auditing","logon_id":"9ff3292f80bcf9f9","process_id":10351,"image_path":"","run_as":"","publisher":"","update_state":"restart-pending","agent_build":"2026.09.4"},{"timestamp":"2026-09-14T00:23:45.600Z","computer":"srv-127","event_id":4624,"record_id":100528,"user":"employee-264","source_ip":"10.11.3.16","target":"logon-session","logon_type":2,"change_ticket":"","result":"success","channel":"Security","provider":"Microsoft-Windows-Security-Auditing","logon_id":"9a3977460c7e2113","process_id":9964,"image_path":"","run_as":"","publisher":"","update_state":"installed","agent_build":"2026.09.1"},{"timestamp":"2026-09-14T00:23:48.300Z","computer":"srv-127","event_id":4634,"record_id":100529,"user":"employee-246","source_ip":"10.11.3.16","target":"logon-session","logon_type":3,"change_ticket":"","result":"success","channel":"Security","provider":"Microsoft-Windows-Security-Auditing","logon_id":"9a3977460c7e2113","process_id":18440,"image_path":"","run_as":"","publisher":"","update_state":"installed","agent_build":"2026.09.2"},