{"timestamp":"2026-09-14T00:57:14.400Z","computer":"srv-081","event_id":4624,"record_id":101272,"user":"employee-231","source_ip":"10.11.1.10","target":"logon-session","logon_type":2,"change_ticket":"","result":"success","channel":"Security","provider":"Microsoft-Windows-Security-Auditing","logon_id":"3fa861e606f4f086","process_id":13278,"image_path":"","run_as":"","publisher":"","update_state":"installed","agent_build":"2026.09.1"},{"timestamp":"2026-09-14T00:57:17.100Z","computer":"srv-186","event_id":4634,"record_id":101273,"user":"employee-100","source_ip":"10.12.2.15","target":"logon-session","logon_type":3,"change_ticket":"","result":"success","channel":"Security","provider":"Microsoft-Windows-Security-Auditing","logon_id":"3fa861e606f4f086","process_id":16526,"image_path":"","run_as":"","publisher":"","update_state":"installed","agent_build":"2026.09.2"},{"timestamp":"2026-09-14T00:57:19.800Z","computer":"srv-155","event_id":4688,"record_id":101274,"user":"deployment-admin","source_ip":"10.11.4.24","target":"logon-session","logon_type":null,"change_ticket":"","result":"success","channel":"Security","provider":"Microsoft-Windows-Security-Auditing","logon_id":"3fa861e606f4f086","process_id":20398,"image_path":"C:/Program Files/ApprovedAgent/agent.exe","run_as":"","publisher":"Approved Software Team","update_state":"installed","agent_build":"2026.09.3"},{"timestamp":"2026-09-14T00:57:22.500Z","computer":"srv-167","event_id":4625,"record_id":101275,"user":"employee-183","source_ip":"10.12.1.16","target":"logon-session","logon_type":2,"change_ticket":"","result":"failure","channel":"Security","provider":"Microsoft-Windows-Security-Auditing","logon_id":"3fa861e606f4f086","process_id":3048,"image_path":"","run_as":"","publisher":"","update_state":"installed","agent_build":"2026.09.4"},{"timestamp":"2026-09-14T00:57:25.200Z","computer":"srv-005","event_id":4698,"record_id":101276,"user":"employee-241","source_ip":"10.10.1.14","target":"Approved-Maintenance","logon_type":null,"change_ticket":"CHG-DEPLOY-18","result":"success","channel":"Security","provider":"Microsoft-Windows-Security-Auditing","logon_id":"a7e9f8752db342c9","process_id":16171,"image_path":"C:/Program Files/ApprovedAgent/agent.exe","run_as":"svc-agent","publisher":"Approved Software Team","update_state":"installed","agent_build":"2026.09.1"},{"timestamp":"2026-09-14T00:57:27.900Z","computer":"srv-223","event_id":4728,"record_id":101277,"user":"employee-218","source_ip":"10.12.4.12","target":"Project-Readers","logon_type":null,"change_ticket":"CHG-DEPLOY-18","result":"success","channel":"Security","provider":"Microsoft-Windows-Security-Auditing","logon_id":"a7e9f8752db342c9","process_id":12821,"image_path":"","run_as":"","publisher":"","update_state":"installed","agent_build":"2026.09.2"},{"timestamp":"2026-09-14T00:57:30.600Z","computer":"srv-018","event_id":4697,"record_id":101278,"user":"employee-124","source_ip":"10.10.1.27","target":"ApprovedAgent","logon_type":null,"change_ticket":"CHG-DEPLOY-18","result":"success","channel":"Security","provider":"Microsoft-Windows-Security-Auditing","logon_id":"a7e9f8752db342c9","process_id":6502,"image_path":"C:/Program Files/ApprovedAgent/agent.exe","run_as":"svc-agent","publisher":"Approved Software Team","update_state":"installed","agent_build":"2026.09.3"},{"timestamp":"2026-09-14T00:57:33.300Z","computer":"srv-158","event_id":4624,"record_id":101279,"user":"employee-177","source_ip":"10.11.4.27","target":"logon-session","logon_type":3,"change_ticket":"","result":"success","channel":"Security","provider":"Microsoft-Windows-Security-Auditing","logon_id":"a7e9f8752db342c9","process_id":23343,"image_path":"","run_as":"","publisher":"","update_state":"installed","agent_build":"2026.09.4"},{"timestamp":"2026-09-14T00:57:36.000Z","computer":"srv-177","event_id":4624,"record_id":101280,"user":"employee-379","source_ip":"10.12.1.26","target":"logon-session","logon_type":10,"change_ticket":"","result":"success","channel":"Security","provider":"Microsoft-Windows-Security-Auditing","logon_id":"82147aff7a954693","process_id":17992,"image_path":"","run_as":"","publisher":"","update_state":"installed","agent_build":"2026.09.1"},{"timestamp":"2026-09-14T00:57:38.700Z","computer":"srv-130","event_id":4634,"record_id":101281,"user":"employee-193","source_ip":"10.11.3.19","target":"logon-session","logon_type":2,"change_ticket":"","result":"success","channel":"Security","provider":"Microsoft-Windows-Security-Auditing","logon_id":"82147aff7a954693","process_id":5473,"image_path":"","run_as":"","publisher":"","update_state":"installed","agent_build":"2026.09.2"},{"timestamp":"2026-09-14T00:57:41.400Z","computer":"srv-142","event_id":4688,"record_id":101282,"user":"employee-34","source_ip":"10.11.4.11","target":"logon-session","logon_type":null,"change_ticket":"","result":"success","channel":"Security","provider":"Microsoft-Windows-Security-Auditing","logon_id":"82147aff7a954693","process_id":13294,"image_path":"C:/Program Files/ApprovedAgent/agent.exe","run_as":"","publisher":"Approved Software Team","update_state":"installed","agent_build":"2026.09.3"},{"timestamp":"2026-09-14T00:57:44.100Z","computer":"srv-027","event_id":4625,"record_id":101283,"user":"employee-340","source_ip":"10.10.2.16","target":"logon-session","logon_type":10,"change_ticket":"","result":"failure","channel":"Security","provider":"Microsoft-Windows-Security-Auditing","logon_id":"82147aff7a954693","process_id":13068,"image_path":"","run_as":"","publisher":"","update_state":"installed","agent_build":"2026.09.4"},{"timestamp":"2026-09-14T00:57:46.800Z","computer":"srv-182","event_id":4698,"record_id":101284,"user":"employee-385","source_ip":"10.12.2.11","target":"Approved-Maintenance","logon_type":null,"change_ticket":"CHG-DEPLOY-18","result":"success","channel":"Security","provider":"Microsoft-Windows-Security-Auditing","logon_id":"965c09c1b920b20c","process_id":3459,"image_path":"C:/Program Files/ApprovedAgent/agent.exe","run_as":"svc-agent","publisher":"Approved Software Team","update_state":"installed","agent_build":"2026.09.1"},{"timestamp":"2026-09-14T00:57:49.500Z","computer":"srv-142","event_id":4728,"record_id":101285,"user":"employee-118","source_ip":"10.11.4.11","target":"Project-Readers","logon_type":null,"change_ticket":"CHG-DEPLOY-18","result":"success","channel":"Security","provider":"Microsoft-Windows-Security-Auditing","logon_id":"965c09c1b920b20c","process_id":23235,"image_path":"","run_as":"","publisher":"","update_state":"installed","agent_build":"2026.09.2"},{"timestamp":"2026-09-14T00:57:52.200Z","computer":"srv-115","event_id":4697,"record_id":101286,"user":"employee-211","source_ip":"10.11.2.24","target":"ApprovedAgent","logon_type":null,"change_ticket":"CHG-DEPLOY-18","result":"success","channel":"Security","provider":"Microsoft-Windows-Security-Auditing","logon_id":"965c09c1b920b20c","process_id":10232,"image_path":"C:/Program Files/ApprovedAgent/agent.exe","run_as":"svc-agent","publisher":"Approved Software Team","update_state":"installed","agent_build":"2026.09.3"},{"timestamp":"2026-09-14T00:57:54.900Z","computer":"srv-138","event_id":4624,"record_id":101287,"user":"deployment-admin","source_ip":"10.11.3.27","target":"logon-session","logon_type":2,"change_ticket":"","result":"success","channel":"Security","provider":"Microsoft-Windows-Security-Auditing","logon_id":"965c09c1b920b20c","process_id":4553,"image_path":"","run_as":"","publisher":"","update_state":"installed","agent_build":"2026.09.4"},{"timestamp":"2026-09-14T00:57:57.600Z","computer":"srv-202","event_id":4624,"record_id":101288,"user":"employee-384","source_ip":"10.12.3.11","target":"logon-session","logon_type":3,"change_ticket":"","result":"success","channel":"Security","provider":"Microsoft-Windows-Security-Auditing","logon_id":"83ad0b068c9a8acc","process_id":12404,"image_path":"","run_as":"","publisher":"","update_state":"installed","agent_build":"2026.09.1"},{"timestamp":"2026-09-14T00:58:00.300Z","computer":"srv-004","event_id":4634,"record_id":101289,"user":"employee-223","source_ip":"10.10.1.13","target":"logon-session","logon_type":10,"change_ticket":"","result":"success","channel":"Security","provider":"Microsoft-Windows-Security-Auditing","logon_id":"83ad0b068c9a8acc","process_id":24320,"image_path":"","run_as":"","publisher":"","update_state":"installed","agent_build":"2026.09.2"},{"timestamp":"2026-09-14T00:58:03.000Z","computer":"srv-211","event_id":4688,"record_id":101290,"user":"employee-152","source_ip":"10.12.3.20","target":"logon-session","logon_type":null,"change_ticket":"","result":"success","channel":"Security","provider":"Microsoft-Windows-Security-Auditing","logon_id":"83ad0b068c9a8acc","process_id":14869,"image_path":"C:/Program Files/ApprovedAgent/agent.exe","run_as":"","publisher":"Approved Software Team","update_state":"installed","agent_build":"2026.09.3"},{"timestamp":"2026-09-14T00:58:05.700Z","computer":"srv-036","event_id":4625,"record_id":101291,"user":"employee-289","source_ip":"10.10.2.25","target":"logon-session","logon_type":3,"change_ticket":"","result":"failure","channel":"Security","provider":"Microsoft-Windows-Security-Auditing","logon_id":"83ad0b068c9a8acc","process_id":17375,"image_path":"","run_as":"","publisher":"","update_state":"installed","agent_build":"2026.09.4"},{"timestamp":"2026-09-14T00:58:08.400Z","computer":"srv-050","event_id":4698,"record_id":101292,"user":"employee-226","source_ip":"10.10.3.19","target":"Approved-Maintenance","logon_type":null,"change_ticket":"CHG-DEPLOY-18","result":"success","channel":"Security","provider":"Microsoft-Windows-Security-Auditing","logon_id":"e34c12cc1ce88b0f","process_id":8492,"image_path":"C:/Program Files/ApprovedAgent/agent.exe","run_as":"svc-agent","publisher":"Approved Software Team","update_state":"installed","agent_build":"2026.09.1"},{"timestamp":"2026-09-14T00:58:11.100Z","computer":"srv-116","event_id":4728,"record_id":101293,"user":"employee-219","source_ip":"10.11.2.25","target":"Project-Readers","logon_type":null,"change_ticket":"CHG-DEPLOY-18","result":"success","channel":"Security","provider":"Microsoft-Windows-Security-Auditing","logon_id":"e34c12cc1ce88b0f","process_id":3069,"image_path":"","run_as":"","publisher":"","update_state":"installed","agent_build":"2026.09.2"},{"timestamp":"2026-09-14T00:58:13.800Z","computer":"srv-020","event_id":4697,"record_id":101294,"user":"employee-442","source_ip":"10.10.1.29","target":"ApprovedAgent","logon_type":null,"change_ticket":"CHG-DEPLOY-18","result":"success","channel":"Security","provider":"Microsoft-Windows-Security-Auditing","logon_id":"e34c12cc1ce88b0f","process_id":19091,"image_path":"C:/Program Files/ApprovedAgent/agent.exe","run_as":"svc-agent","publisher":"Approved Software Team","update_state":"installed","agent_build":"2026.09.3"},{"timestamp":"2026-09-14T00:58:16.500Z","computer":"srv-065","event_id":4624,"record_id":101295,"user":"employee-332","source_ip":"10.10.4.14","target":"logon-session","logon_type":10,"change_ticket":"","result":"success","channel":"Security","provider":"Microsoft-Windows-Security-Auditing","logon_id":"e34c12cc1ce88b0f","process_id":16784,"image_path":"","run_as":"","publisher":"","update_state":"installed","agent_build":"2026.09.4"},{"timestamp":"2026-09-14T00:58:19.200Z","computer":"srv-043","event_id":4624,"record_id":101296,"user":"employee-146","source_ip":"10.10.3.12","target":"logon-session","logon_type":2,"change_ticket":"","result":"success","channel":"Security","provider":"Microsoft-Windows-Security-Auditing","logon_id":"6a1508b19c238741","process_id":18383,"image_path":"","run_as":"","publisher":"","update_state":"installed","agent_build":"2026.09.1"},{"timestamp":"2026-09-14T00:58:21.900Z","computer":"srv-134","event_id":4634,"record_id":101297,"user":"employee-425","source_ip":"10.11.3.23","target":"logon-session","logon_type":3,"change_ticket":"","result":"success","channel":"Security","provider":"Microsoft-Windows-Security-Auditing","logon_id":"6a1508b19c238741","process_id":23684,"image_path":"","run_as":"","publisher":"","update_state":"installed","agent_build":"2026.09.2"},{"timestamp":"2026-09-14T00:58:24.600Z","computer":"srv-199","event_id":4688,"record_id":101298,"user":"employee-248","source_ip":"10.12.2.28","target":"logon-session","logon_type":null,"change_ticket":"","result":"success","channel":"Security","provider":"Microsoft-Windows-Security-Auditing","logon_id":"6a1508b19c238741","process_id":21179,"image_path":"C:/Program Files/ApprovedAgent/agent.exe","run_as":"","publisher":"Approved Software Team","update_state":"no-report","agent_build":"2026.09.3"},{"timestamp":"2026-09-14T00:58:27.300Z","computer":"srv-188","event_id":4625,"record_id":101299,"user":"employee-313","source_ip":"10.12.2.17","target":"logon-session","logon_type":2,"change_ticket":"","result":"failure","channel":"Security","provider":"Microsoft-Windows-Security-Auditing","logon_id":"6a1508b19c238741","process_id":14061,"image_path":"","run_as":"","publisher":"","update_state":"installed","agent_build":"2026.09.4"},{"timestamp":"2026-09-14T00:58:30.000Z","computer":"srv-094","event_id":4698,"record_id":101300,"user":"deployment-admin","source_ip":"10.11.1.23","target":"Approved-Maintenance","logon_type":null,"change_ticket":"CHG-DEPLOY-18","result":"success","channel":"Security","provider":"Microsoft-Windows-Security-Auditing","logon_id":"a18a4705b0932372","process_id":5406,"image_path":"C:/Program Files/ApprovedAgent/agent.exe","run_as":"svc-agent","publisher":"Approved Software Team","update_state":"installed","agent_build":"2026.09.1"},{"timestamp":"2026-09-14T00:58:32.700Z","computer":"srv-179","event_id":4728,"record_id":101301,"user":"employee-15","source_ip":"10.12.1.28","target":"Project-Readers","logon_type":null,"change_ticket":"CHG-DEPLOY-18","result":"success","channel":"Security","provider":"Microsoft-Windows-Security-Auditing","logon_id":"a18a4705b0932372","process_id":3208,"image_path":"","run_as":"","publisher":"","update_state":"installed","agent_build":"2026.09.2"},{"timestamp":"2026-09-14T00:58:35.400Z","computer":"srv-002","event_id":4697,"record_id":101302,"user":"employee-417","source_ip":"10.10.1.11","target":"ApprovedAgent","logon_type":null,"change_ticket":"CHG-DEPLOY-18","result":"success","channel":"Security","provider":"Microsoft-Windows-Security-Auditing","logon_id":"a18a4705b0932372","process_id":9169,"image_path":"C:/Program Files/ApprovedAgent/agent.exe","run_as":"svc-agent","publisher":"Approved Software Team","update_state":"restart-pending","agent_build":"2026.09.3"},{"timestamp":"2026-09-14T00:58:38.100Z","computer":"srv-054","event_id":4624,"record_id":101303,"user":"employee-352","source_ip":"10.10.3.23","target":"logon-session","logon_type":3,"change_ticket":"","result":"success","channel":"Security","provider":"Microsoft-Windows-Security-Auditing","logon_id":"a18a4705b0932372","process_id":14145,"image_path":"","run_as":"","publisher":"","update_state":"installed","agent_build":"2026.09.4"},{"timestamp":"2026-09-14T00:58:40.800Z","computer":"srv-228","event_id":4624,"record_id":101304,"user":"employee-141","source_ip":"10.12.4.17","target":"logon-session","logon_type":10,"change_ticket":"","result":"success","channel":"Security","provider":"Microsoft-Windows-Security-Auditing","logon_id":"031ff3b86377bd12","process_id":16346,"image_path":"","run_as":"","publisher":"","update_state":"installed","agent_build":"2026.09.1"},{"timestamp":"2026-09-14T00:58:43.500Z","computer":"srv-183","event_id":4634,"record_id":101305,"user":"employee-45","source_ip":"10.12.2.12","target":"logon-session","logon_type":2,"change_ticket":"","result":"success","channel":"Security","provider":"Microsoft-Windows-Security-Auditing","logon_id":"031ff3b86377bd12","process_id":8350,"image_path":"","run_as":"","publisher":"","update_state":"installed","agent_build":"2026.09.2"},{"timestamp":"2026-09-14T00:58:46.200Z","computer":"srv-223","event_id":4688,"record_id":101306,"user":"employee-434","source_ip":"10.12.4.12","target":"logon-session","logon_type":null,"change_ticket":"","result":"success","channel":"Security","provider":"Microsoft-Windows-Security-Auditing","logon_id":"031ff3b86377bd12","process_id":4182,"image_path":"C:/Program Files/ApprovedAgent/agent.exe","run_as":"","publisher":"Approved Software Team","update_state":"installed","agent_build":"2026.09.3"},{"timestamp":"2026-09-14T00:58:48.900Z","computer":"srv-106","event_id":4625,"record_id":101307,"user":"employee-459","source_ip":"10.11.2.15","target":"logon-session","logon_type":10,"change_ticket":"","result":"failure","channel":"Security","provider":"Microsoft-Windows-Security-Auditing","logon_id":"031ff3b86377bd12","process_id":19081,"image_path":"","run_as":"","publisher":"","update_state":"installed","agent_build":"2026.09.4"},{"timestamp":"2026-09-14T00:58:51.600Z","computer":"srv-007","event_id":4698,"record_id":101308,"user":"employee-237","source_ip":"10.10.1.16","target":"Approved-Maintenance","logon_type":null,"change_ticket":"CHG-DEPLOY-18","result":"success","channel":"Security","provider":"Microsoft-Windows-Security-Auditing","logon_id":"a65d9089353aa816","process_id":8621,"image_path":"C:/Program Files/ApprovedAgent/agent.exe","run_as":"svc-agent","publisher":"Approved Software Team","update_state":"installed","agent_build":"2026.09.1"},{"timestamp":"2026-09-14T00:58:54.300Z","computer":"srv-185","event_id":4728,"record_id":101309,"user":"employee-94","source_ip":"10.12.2.14","target":"Project-Readers","logon_type":null,"change_ticket":"CHG-DEPLOY-18","result":"success","channel":"Security","provider":"Microsoft-Windows-Security-Auditing","logon_id":"a65d9089353aa816","process_id":14842,"image_path":"","run_as":"","publisher":"","update_state":"installed","agent_build":"2026.09.2"},{"timestamp":"2026-09-14T00:58:57.000Z","computer":"srv-066","event_id":4697,"record_id":101310,"user":"employee-37","source_ip":"10.10.4.15","target":"ApprovedAgent","logon_type":null,"change_ticket":"CHG-DEPLOY-18","result":"success","channel":"Security","provider":"Microsoft-Windows-Security-Auditing","logon_id":"a65d9089353aa816","process_id":17715,"image_path":"C:/Program Files/ApprovedAgent/agent.exe","run_as":"svc-agent","publisher":"Approved Software Team","update_state":"installed","agent_build":"2026.09.3"},{"timestamp":"2026-09-14T00:58:59.700Z","computer":"srv-059","event_id":4624,"record_id":101311,"user":"employee-258","source_ip":"10.10.3.28","target":"logon-session","logon_type":2,"change_ticket":"","result":"success","channel":"Security","provider":"Microsoft-Windows-Security-Auditing","logon_id":"a65d9089353aa816","process_id":23086,"image_path":"","run_as":"","publisher":"","update_state":"installed","agent_build":"2026.09.4"},{"timestamp":"2026-09-14T00:59:02.400Z","computer":"srv-203","event_id":4624,"record_id":101312,"user":"employee-305","source_ip":"10.12.3.12","target":"logon-session","logon_type":3,"change_ticket":"","result":"success","channel":"Security","provider":"Microsoft-Windows-Security-Auditing","logon_id":"6061c968c5fca682","process_id":17317,"image_path":"","run_as":"","publisher":"","update_state":"installed","agent_build":"2026.09.1"},{"timestamp":"2026-09-14T00:59:05.100Z","computer":"srv-058","event_id":4634,"record_id":101313,"user":"deployment-admin","source_ip":"10.10.3.27","target":"logon-session","logon_type":10,"change_ticket":"","result":"success","channel":"Security","provider":"Microsoft-Windows-Security-Auditing","logon_id":"6061c968c5fca682","process_id":18264,"image_path":"","run_as":"","publisher":"","update_state":"installed","agent_build":"2026.09.2"},{"timestamp":"2026-09-14T00:59:07.800Z","computer":"srv-002","event_id":4688,"record_id":101314,"user":"employee-371","source_ip":"10.10.1.11","target":"logon-session","logon_type":null,"change_ticket":"","result":"success","channel":"Security","provider":"Microsoft-Windows-Security-Auditing","logon_id":"6061c968c5fca682","process_id":9481,"image_path":"C:/Program Files/ApprovedAgent/agent.exe","run_as":"","publisher":"Approved Software Team","update_state":"installed","agent_build":"2026.09.3"},{"timestamp":"2026-09-14T00:59:10.500Z","computer":"srv-080","event_id":4625,"record_id":101315,"user":"employee-224","source_ip":"10.10.4.29","target":"logon-session","logon_type":3,"change_ticket":"","result":"failure","channel":"Security","provider":"Microsoft-Windows-Security-Auditing","logon_id":"6061c968c5fca682","process_id":20520,"image_path":"","run_as":"","publisher":"","update_state":"installed","agent_build":"2026.09.4"},{"timestamp":"2026-09-14T00:59:13.200Z","computer":"srv-223","event_id":4698,"record_id":101316,"user":"employee-129","source_ip":"10.12.4.12","target":"Approved-Maintenance","logon_type":null,"change_ticket":"CHG-DEPLOY-18","result":"success","channel":"Security","provider":"Microsoft-Windows-Security-Auditing","logon_id":"c413a13e2e23c7d1","process_id":24021,"image_path":"C:/Program Files/ApprovedAgent/agent.exe","run_as":"svc-agent","publisher":"Approved Software Team","update_state":"failed","agent_build":"2026.09.1"},{"timestamp":"2026-09-14T00:59:15.900Z","computer":"srv-002","event_id":4728,"record_id":101317,"user":"employee-422","source_ip":"10.10.1.11","target":"Project-Readers","logon_type":null,"change_ticket":"CHG-DEPLOY-18","result":"success","channel":"Security","provider":"Microsoft-Windows-Security-Auditing","logon_id":"c413a13e2e23c7d1","process_id":8803,"image_path":"","run_as":"","publisher":"","update_state":"installed","agent_build":"2026.09.2"},{"timestamp":"2026-09-14T00:59:18.600Z","computer":"srv-148","event_id":4697,"record_id":101318,"user":"employee-19","source_ip":"10.11.4.17","target":"ApprovedAgent","logon_type":null,"change_ticket":"CHG-DEPLOY-18","result":"success","channel":"Security","provider":"Microsoft-Windows-Security-Auditing","logon_id":"c413a13e2e23c7d1","process_id":8008,"image_path":"C:/Program Files/ApprovedAgent/agent.exe","run_as":"svc-agent","publisher":"Approved Software Team","update_state":"installed","agent_build":"2026.09.3"},{"timestamp":"2026-09-14T00:59:21.300Z","computer":"srv-012","event_id":4624,"record_id":101319,"user":"employee-284","source_ip":"10.10.1.21","target":"logon-session","logon_type":10,"change_ticket":"","result":"success","channel":"Security","provider":"Microsoft-Windows-Security-Auditing","logon_id":"c413a13e2e23c7d1","process_id":19230,"image_path":"","run_as":"","publisher":"","update_state":"installed","agent_build":"2026.09.4"},{"timestamp":"2026-09-14T00:59:24.000Z","computer":"srv-094","event_id":4624,"record_id":101320,"user":"employee-356","source_ip":"10.11.1.23","target":"logon-session","logon_type":2,"change_ticket":"","result":"success","channel":"Security","provider":"Microsoft-Windows-Security-Auditing","logon_id":"e1d0139cf680b0ac","process_id":25893,"image_path":"","run_as":"","publisher":"","update_state":"installed","agent_build":"2026.09.1"},{"timestamp":"2026-09-14T00:59:26.700Z","computer":"srv-022","event_id":4634,"record_id":101321,"user":"employee-314","source_ip":"10.10.2.11","target":"logon-session","logon_type":3,"change_ticket":"","result":"success","channel":"Security","provider":"Microsoft-Windows-Security-Auditing","logon_id":"e1d0139cf680b0ac","process_id":7024,"image_path":"","run_as":"","publisher":"","update_state":"installed","agent_build":"2026.09.2"},{"timestamp":"2026-09-14T00:59:29.400Z","computer":"srv-082","event_id":4688,"record_id":101322,"user":"employee-387","source_ip":"10.11.1.11","target":"logon-session","logon_type":null,"change_ticket":"","result":"success","channel":"Security","provider":"Microsoft-Windows-Security-Auditing","logon_id":"e1d0139cf680b0ac","process_id":4189,"image_path":"C:/Program Files/ApprovedAgent/agent.exe","run_as":"","publisher":"Approved Software Team","update_state":"installed","agent_build":"2026.09.3"},{"timestamp":"2026-09-14T00:59:32.100Z","computer":"srv-003","event_id":4625,"record_id":101323,"user":"employee-324","source_ip":"10.10.1.12","target":"logon-session","logon_type":2,"change_ticket":"","result":"failure","channel":"Security","provider":"Microsoft-Windows-Security-Auditing","logon_id":"e1d0139cf680b0ac","process_id":19223,"image_path":"","run_as":"","publisher":"","update_state":"installed","agent_build":"2026.09.4"},{"timestamp":"2026-09-14T00:59:34.800Z","computer":"srv-136","event_id":4698,"record_id":101324,"user":"employee-298","source_ip":"10.11.3.25","target":"Approved-Maintenance","logon_type":null,"change_ticket":"CHG-DEPLOY-18","result":"success","channel":"Security","provider":"Microsoft-Windows-Security-Auditing","logon_id":"fd9c855ee289622b","process_id":19261,"image_path":"C:/Program Files/ApprovedAgent/agent.exe","run_as":"svc-agent","publisher":"Approved Software Team","update_state":"installed","agent_build":"2026.09.1"},{"timestamp":"2026-09-14T00:59:37.500Z","computer":"srv-025","event_id":4728,"record_id":101325,"user":"employee-265","source_ip":"10.10.2.14","target":"Project-Readers","logon_type":null,"change_ticket":"CHG-DEPLOY-18","result":"success","channel":"Security","provider":"Microsoft-Windows-Security-Auditing","logon_id":"fd9c855ee289622b","process_id":3134,"image_path":"","run_as":"","publisher":"","update_state":"installed","agent_build":"2026.09.2"},{"timestamp":"2026-09-14T00:59:40.200Z","computer":"srv-122","event_id":4697,"record_id":101326,"user":"deployment-admin","source_ip":"10.11.3.11","target":"ApprovedAgent","logon_type":null,"change_ticket":"CHG-DEPLOY-18","result":"success","channel":"Security","provider":"Microsoft-Windows-Security-Auditing","logon_id":"fd9c855ee289622b","process_id":17650,"image_path":"C:/Program Files/ApprovedAgent/agent.exe","run_as":"svc-agent","publisher":"Approved Software Team","update_state":"installed","agent_build":"2026.09.3"},{"timestamp":"2026-09-14T00:59:42.900Z","computer":"srv-003","event_id":4624,"record_id":101327,"user":"employee-443","source_ip":"10.10.1.12","target":"logon-session","logon_type":3,"change_ticket":"","result":"success","channel":"Security","provider":"Microsoft-Windows-Security-Auditing","logon_id":"fd9c855ee289622b","process_id":11595,"image_path":"","run_as":"","publisher":"","update_state":"installed","agent_build":"2026.09.4"},{"timestamp":"2026-09-14T00:59:45.600Z","computer":"srv-147","event_id":4624,"record_id":101328,"user":"employee-399","source_ip":"10.11.4.16","target":"logon-session","logon_type":10,"change_ticket":"","result":"success","channel":"Security","provider":"Microsoft-Windows-Security-Auditing","logon_id":"b6da8a8dafdf9c68","process_id":23184,"image_path":"","run_as":"","publisher":"","update_state":"installed","agent_build":"2026.09.1"},{"timestamp":"2026-09-14T00:59:48.300Z","computer":"srv-017","event_id":4634,"record_id":101329,"user":"employee-331","source_ip":"10.10.1.26","target":"logon-session","logon_type":2,"change_ticket":"","result":"success","channel":"Security","provider":"Microsoft-Windows-Security-Auditing","logon_id":"b6da8a8dafdf9c68","process_id":7771,"image_path":"","run_as":"","publisher":"","update_state":"installed","agent_build":"2026.09.2"},{"timestamp":"2026-09-14T00:59:51.000Z","computer":"srv-030","event_id":4688,"record_id":101330,"user":"employee-4","source_ip":"10.10.2.19","target":"logon-session","logon_type":null,"change_ticket":"","result":"success","channel":"Security","provider":"Microsoft-Windows-Security-Auditing","logon_id":"b6da8a8dafdf9c68","process_id":13800,"image_path":"C:/Program Files/ApprovedAgent/agent.exe","run_as":"","publisher":"Approved Software Team","update_state":"installed","agent_build":"2026.09.3"},{"timestamp":"2026-09-14T00:59:53.700Z","computer":"srv-111","event_id":4625,"record_id":101331,"user":"employee-419","source_ip":"10.11.2.20","target":"logon-session","logon_type":10,"change_ticket":"","result":"failure","channel":"Security","provider":"Microsoft-Windows-Security-Auditing","logon_id":"b6da8a8dafdf9c68","process_id":6042,"image_path":"","run_as":"","publisher":"","update_state":"installed","agent_build":"2026.09.4"},{"timestamp":"2026-09-14T00:59:56.400Z","computer":"srv-217","event_id":4698,"record_id":101332,"user":"employee-438","source_ip":"10.12.3.26","target":"Approved-Maintenance","logon_type":null,"change_ticket":"CHG-DEPLOY-18","result":"success","channel":"Security","provider":"Microsoft-Windows-Security-Auditing","logon_id":"0a49fda375d7948c","process_id":1149,"image_path":"C:/Program Files/ApprovedAgent/agent.exe","run_as":"svc-agent","publisher":"Approved Software Team","update_state":"installed","agent_build":"2026.09.1"},{"timestamp":"2026-09-14T00:59:59.100Z","computer":"srv-121","event_id":4728,"record_id":101333,"user":"employee-422","source_ip":"10.11.3.10","target":"Project-Readers","logon_type":null,"change_ticket":"CHG-DEPLOY-18","result":"success","channel":"Security","provider":"Microsoft-Windows-Security-Auditing","logon_id":"0a49fda375d7948c","process_id":9203,"image_path":"","run_as":"","publisher":"","update_state":"restart-pending","agent_build":"2026.09.2"},{"timestamp":"2026-09-14T01:00:01.800Z","computer":"srv-177","event_id":4697,"record_id":101334,"user":"employee-217","source_ip":"10.12.1.26","target":"ApprovedAgent","logon_type":null,"change_ticket":"CHG-DEPLOY-18","result":"success","channel":"Security","provider":"Microsoft-Windows-Security-Auditing","logon_id":"0a49fda375d7948c","process_id":10040,"image_path":"C:/Program Files/ApprovedAgent/agent.exe","run_as":"svc-agent","publisher":"Approved Software Team","update_state":"installed","agent_build":"2026.09.3"},{"timestamp":"2026-09-14T01:00:04.500Z","computer":"srv-061","event_id":4624,"record_id":101335,"user":"employee-293","source_ip":"10.10.4.10","target":"logon-session","logon_type":2,"change_ticket":"","result":"success","channel":"Security","provider":"Microsoft-Windows-Security-Auditing","logon_id":"0a49fda375d7948c","process_id":20957,"image_path":"","run_as":"","publisher":"","update_state":"installed","agent_build":"2026.09.4"},{"timestamp":"2026-09-14T01:00:07.200Z","computer":"srv-146","event_id":4624,"record_id":101336,"user":"employee-321","source_ip":"10.11.4.15","target":"logon-session","logon_type":3,"change_ticket":"","result":"success","channel":"Security","provider":"Microsoft-Windows-Security-Auditing","logon_id":"00901ad6af6a7a13","process_id":10688,"image_path":"","run_as":"","publisher":"","update_state":"installed","agent_build":"2026.09.1"},{"timestamp":"2026-09-14T01:00:09.900Z","computer":"srv-101","event_id":4634,"record_id":101337,"user":"employee-120","source_ip":"10.11.2.10","target":"logon-session","logon_type":10,"change_ticket":"","result":"success","channel":"Security","provider":"Microsoft-Windows-Security-Auditing","logon_id":"00901ad6af6a7a13","process_id":20646,"image_path":"","run_as":"","publisher":"","update_state":"installed","agent_build":"2026.09.2"},{"timestamp":"2026-09-14T01:00:12.600Z","computer":"srv-233","event_id":4688,"record_id":101338,"user":"employee-31","source_ip":"10.12.4.22","target":"logon-session","logon_type":null,"change_ticket":"","result":"success","channel":"Security","provider":"Microsoft-Windows-Security-Auditing","logon_id":"00901ad6af6a7a13","process_id":9907,"image_path":"C:/Program Files/ApprovedAgent/agent.exe","run_as":"","publisher":"Approved Software Team","update_state":"installed","agent_build":"2026.09.3"},{"timestamp":"2026-09-14T01:00:15.300Z","computer":"srv-131","event_id":4625,"record_id":101339,"user":"deployment-admin","source_ip":"10.11.3.20","target":"logon-session","logon_type":3,"change_ticket":"","result":"failure","channel":"Security","provider":"Microsoft-Windows-Security-Auditing","logon_id":"00901ad6af6a7a13","process_id":16633,"image_path":"","run_as":"","publisher":"","update_state":"installed","agent_build":"2026.09.4"},{"timestamp":"2026-09-14T01:00:18.000Z","computer":"srv-034","event_id":4698,"record_id":101340,"user":"employee-162","source_ip":"10.10.2.23","target":"Approved-Maintenance","logon_type":null,"change_ticket":"CHG-DEPLOY-18","result":"success","channel":"Security","provider":"Microsoft-Windows-Security-Auditing","logon_id":"8b22293a7c5b6e89","process_id":12668,"image_path":"C:/Program Files/ApprovedAgent/agent.exe","run_as":"svc-agent","publisher":"Approved Software Team","update_state":"installed","agent_build":"2026.09.1"},{"timestamp":"2026-09-14T01:00:20.700Z","computer":"srv-154","event_id":4728,"record_id":101341,"user":"employee-138","source_ip":"10.11.4.23","target":"Project-Readers","logon_type":null,"change_ticket":"CHG-DEPLOY-18","result":"success","channel":"Security","provider":"Microsoft-Windows-Security-Auditing","logon_id":"8b22293a7c5b6e89","process_id":14962,"image_path":"","run_as":"","publisher":"","update_state":"installed","agent_build":"2026.09.2"},{"timestamp":"2026-09-14T01:00:23.400Z","computer":"srv-192","event_id":4697,"record_id":101342,"user":"employee-358","source_ip":"10.12.2.21","target":"ApprovedAgent","logon_type":null,"change_ticket":"CHG-DEPLOY-18","result":"success","channel":"Security","provider":"Microsoft-Windows-Security-Auditing","logon_id":"8b22293a7c5b6e89","process_id":25141,"image_path":"C:/Program Files/ApprovedAgent/agent.exe","run_as":"svc-agent","publisher":"Approved Software Team","update_state":"installed","agent_build":"2026.09.3"},{"timestamp":"2026-09-14T01:00:26.100Z","computer":"srv-210","event_id":4624,"record_id":101343,"user":"employee-149","source_ip":"10.12.3.19","target":"logon-session","logon_type":10,"change_ticket":"","result":"success","channel":"Security","provider":"Microsoft-Windows-Security-Auditing","logon_id":"8b22293a7c5b6e89","process_id":3174,"image_path":"","run_as":"","publisher":"","update_state":"installed","agent_build":"2026.09.4"},{"timestamp":"2026-09-14T01:00:28.800Z","computer":"srv-188","event_id":4624,"record_id":101344,"user":"employee-473","source_ip":"10.12.2.17","target":"logon-session","logon_type":2,"change_ticket":"","result":"success","channel":"Security","provider":"Microsoft-Windows-Security-Auditing","logon_id":"deacdf241ff1d5e6","process_id":3479,"image_path":"","run_as":"","publisher":"","update_state":"installed","agent_build":"2026.09.1"},{"timestamp":"2026-09-14T01:00:31.500Z","computer":"srv-209","event_id":4634,"record_id":101345,"user":"employee-116","source_ip":"10.12.3.18","target":"logon-session","logon_type":3,"change_ticket":"","result":"success","channel":"Security","provider":"Microsoft-Windows-Security-Auditing","logon_id":"deacdf241ff1d5e6","process_id":5223,"image_path":"","run_as":"","publisher":"","update_state":"installed","agent_build":"2026.09.2"},{"timestamp":"2026-09-14T01:00:34.200Z","computer":"srv-121","event_id":4688,"record_id":101346,"user":"employee-197","source_ip":"10.11.3.10","target":"logon-session","logon_type":null,"change_ticket":"","result":"success","channel":"Security","provider":"Microsoft-Windows-Security-Auditing","logon_id":"deacdf241ff1d5e6","process_id":11737,"image_path":"C:/Program Files/ApprovedAgent/agent.exe","run_as":"","publisher":"Approved Software Team","update_state":"installed","agent_build":"2026.09.3"},{"timestamp":"2026-09-14T01:00:36.900Z","computer":"srv-178","event_id":4625,"record_id":101347,"user":"employee-408","source_ip":"10.12.1.27","target":"logon-session","logon_type":2,"change_ticket":"","result":"failure","channel":"Security","provider":"Microsoft-Windows-Security-Auditing","logon_id":"deacdf241ff1d5e6","process_id":6042,"image_path":"","run_as":"","publisher":"","update_state":"installed","agent_build":"2026.09.4"},{"timestamp":"2026-09-14T01:00:39.600Z","computer":"srv-014","event_id":4698,"record_id":101348,"user":"employee-309","source_ip":"10.10.1.23","target":"Approved-Maintenance","logon_type":null,"change_ticket":"CHG-DEPLOY-18","result":"success","channel":"Security","provider":"Microsoft-Windows-Security-Auditing","logon_id":"894b13d32c9ad4c2","process_id":4448,"image_path":"C:/Program Files/ApprovedAgent/agent.exe","run_as":"svc-agent","publisher":"Approved Software Team","update_state":"installed","agent_build":"2026.09.1"},{"timestamp":"2026-09-14T01:00:42.300Z","computer":"srv-027","event_id":4728,"record_id":101349,"user":"employee-58","source_ip":"10.10.2.16","target":"Project-Readers","logon_type":null,"change_ticket":"CHG-DEPLOY-18","result":"success","channel":"Security","provider":"Microsoft-Windows-Security-Auditing","logon_id":"894b13d32c9ad4c2","process_id":7875,"image_path":"","run_as":"","publisher":"","update_state":"installed","agent_build":"2026.09.2"},{"timestamp":"2026-09-14T01:00:45.000Z","computer":"srv-142","event_id":4697,"record_id":101350,"user":"employee-65","source_ip":"10.11.4.11","target":"ApprovedAgent","logon_type":null,"change_ticket":"CHG-DEPLOY-18","result":"success","channel":"Security","provider":"Microsoft-Windows-Security-Auditing","logon_id":"894b13d32c9ad4c2","process_id":7723,"image_path":"C:/Program Files/ApprovedAgent/agent.exe","run_as":"svc-agent","publisher":"Approved Software Team","update_state":"installed","agent_build":"2026.09.3"},{"timestamp":"2026-09-14T01:00:47.700Z","computer":"srv-041","event_id":4624,"record_id":101351,"user":"employee-363","source_ip":"10.10.3.10","target":"logon-session","logon_type":3,"change_ticket":"","result":"success","channel":"Security","provider":"Microsoft-Windows-Security-Auditing","logon_id":"894b13d32c9ad4c2","process_id":24004,"image_path":"","run_as":"","publisher":"","update_state":"installed","agent_build":"2026.09.4"},{"timestamp":"2026-09-14T01:00:50.400Z","computer":"srv-221","event_id":4624,"record_id":101352,"user":"deployment-admin","source_ip":"10.12.4.10","target":"logon-session","logon_type":10,"change_ticket":"","result":"success","channel":"Security","provider":"Microsoft-Windows-Security-Auditing","logon_id":"7a98b8609ae5b9e0","process_id":21442,"image_path":"","run_as":"","publisher":"","update_state":"installed","agent_build":"2026.09.1"},{"timestamp":"2026-09-14T01:00:53.100Z","computer":"srv-022","event_id":4634,"record_id":101353,"user":"employee-283","source_ip":"10.10.2.11","target":"logon-session","logon_type":2,"change_ticket":"","result":"success","channel":"Security","provider":"Microsoft-Windows-Security-Auditing","logon_id":"7a98b8609ae5b9e0","process_id":9964,"image_path":"","run_as":"","publisher":"","update_state":"installed","agent_build":"2026.09.2"},{"timestamp":"2026-09-14T01:00:55.800Z","computer":"srv-004","event_id":4688,"record_id":101354,"user":"employee-96","source_ip":"10.10.1.13","target":"logon-session","logon_type":null,"change_ticket":"","result":"success","channel":"Security","provider":"Microsoft-Windows-Security-Auditing","logon_id":"7a98b8609ae5b9e0","process_id":8440,"image_path":"C:/Program Files/ApprovedAgent/agent.exe","run_as":"","publisher":"Approved Software Team","update_state":"installed","agent_build":"2026.09.3"},{"timestamp":"2026-09-14T01:00:58.500Z","computer":"srv-094","event_id":4625,"record_id":101355,"user":"employee-405","source_ip":"10.11.1.23","target":"logon-session","logon_type":10,"change_ticket":"","result":"failure","channel":"Security","provider":"Microsoft-Windows-Security-Auditing","logon_id":"7a98b8609ae5b9e0","process_id":11275,"image_path":"","run_as":"","publisher":"","update_state":"installed","agent_build":"2026.09.4"},{"timestamp":"2026-09-14T01:01:01.200Z","computer":"srv-212","event_id":4698,"record_id":101356,"user":"employee-38","source_ip":"10.12.3.21","target":"Approved-Maintenance","logon_type":null,"change_ticket":"CHG-DEPLOY-18","result":"success","channel":"Security","provider":"Microsoft-Windows-Security-Auditing","logon_id":"efc5bfa9ee855748","process_id":9787,"image_path":"C:/Program Files/ApprovedAgent/agent.exe","run_as":"svc-agent","publisher":"Approved Software Team","update_state":"installed","agent_build":"2026.09.1"},{"timestamp":"2026-09-14T01:01:03.900Z","computer":"srv-050","event_id":4728,"record_id":101357,"user":"employee-279","source_ip":"10.10.3.19","target":"Project-Readers","logon_type":null,"change_ticket":"CHG-DEPLOY-18","result":"success","channel":"Security","provider":"Microsoft-Windows-Security-Auditing","logon_id":"efc5bfa9ee855748","process_id":25270,"image_path":"","run_as":"","publisher":"","update_state":"no-report","agent_build":"2026.09.2"},{"timestamp":"2026-09-14T01:01:06.600Z","computer":"srv-194","event_id":4697,"record_id":101358,"user":"employee-83","source_ip":"10.12.2.23","target":"ApprovedAgent","logon_type":null,"change_ticket":"CHG-DEPLOY-18","result":"success","channel":"Security","provider":"Microsoft-Windows-Security-Auditing","logon_id":"efc5bfa9ee855748","process_id":5064,"image_path":"C:/Program Files/ApprovedAgent/agent.exe","run_as":"svc-agent","publisher":"Approved Software Team","update_state":"installed","agent_build":"2026.09.3"},{"timestamp":"2026-09-14T01:01:09.300Z","computer":"srv-235","event_id":4624,"record_id":101359,"user":"employee-6","source_ip":"10.12.4.24","target":"logon-session","logon_type":2,"change_ticket":"","result":"success","channel":"Security","provider":"Microsoft-Windows-Security-Auditing","logon_id":"efc5bfa9ee855748","process_id":22937,"image_path":"","run_as":"","publisher":"","update_state":"installed","agent_build":"2026.09.4"},{"timestamp":"2026-09-14T01:01:12.000Z","computer":"srv-223","event_id":4624,"record_id":101360,"user":"employee-237","source_ip":"10.12.4.12","target":"logon-session","logon_type":3,"change_ticket":"","result":"success","channel":"Security","provider":"Microsoft-Windows-Security-Auditing","logon_id":"8273a05ea8833fd2","process_id":22520,"image_path":"","run_as":"","publisher":"","update_state":"installed","agent_build":"2026.09.1"},{"timestamp":"2026-09-14T01:01:14.700Z","computer":"srv-057","event_id":4634,"record_id":101361,"user":"employee-351","source_ip":"10.10.3.26","target":"logon-session","logon_type":10,"change_ticket":"","result":"success","channel":"Security","provider":"Microsoft-Windows-Security-Auditing","logon_id":"8273a05ea8833fd2","process_id":19270,"image_path":"","run_as":"","publisher":"","update_state":"installed","agent_build":"2026.09.2"},{"timestamp":"2026-09-14T01:01:17.400Z","computer":"srv-002","event_id":4688,"record_id":101362,"user":"employee-156","source_ip":"10.10.1.11","target":"logon-session","logon_type":null,"change_ticket":"","result":"success","channel":"Security","provider":"Microsoft-Windows-Security-Auditing","logon_id":"8273a05ea8833fd2","process_id":17247,"image_path":"C:/Program Files/ApprovedAgent/agent.exe","run_as":"","publisher":"Approved Software Team","update_state":"installed","agent_build":"2026.09.3"},{"timestamp":"2026-09-14T01:01:20.100Z","computer":"srv-061","event_id":4625,"record_id":101363,"user":"employee-14","source_ip":"10.10.4.10","target":"logon-session","logon_type":3,"change_ticket":"","result":"failure","channel":"Security","provider":"Microsoft-Windows-Security-Auditing","logon_id":"8273a05ea8833fd2","process_id":21804,"image_path":"","run_as":"","publisher":"","update_state":"failed","agent_build":"2026.09.4"},{"timestamp":"2026-09-14T01:01:22.800Z","computer":"srv-229","event_id":4698,"record_id":101364,"user":"employee-401","source_ip":"10.12.4.18","target":"Approved-Maintenance","logon_type":null,"change_ticket":"CHG-DEPLOY-18","result":"success","channel":"Security","provider":"Microsoft-Windows-Security-Auditing","logon_id":"8169e61b8f213c4c","process_id":17816,"image_path":"C:/Program Files/ApprovedAgent/agent.exe","run_as":"svc-agent","publisher":"Approved Software Team","update_state":"restart-pending","agent_build":"2026.09.1"},{"timestamp":"2026-09-14T01:01:25.500Z","computer":"srv-104","event_id":4728,"record_id":101365,"user":"deployment-admin","source_ip":"10.11.2.13","target":"Project-Readers","logon_type":null,"change_ticket":"CHG-DEPLOY-18","result":"success","channel":"Security","provider":"Microsoft-Windows-Security-Auditing","logon_id":"8169e61b8f213c4c","process_id":15373,"image_path":"","run_as":"","publisher":"","update_state":"installed","agent_build":"2026.09.2"},{"timestamp":"2026-09-14T01:01:28.200Z","computer":"srv-164","event_id":4697,"record_id":101366,"user":"employee-329","source_ip":"10.12.1.13","target":"ApprovedAgent","logon_type":null,"change_ticket":"CHG-DEPLOY-18","result":"success","channel":"Security","provider":"Microsoft-Windows-Security-Auditing","logon_id":"8169e61b8f213c4c","process_id":11700,"image_path":"C:/Program Files/ApprovedAgent/agent.exe","run_as":"svc-agent","publisher":"Approved Software Team","update_state":"installed","agent_build":"2026.09.3"},{"timestamp":"2026-09-14T01:01:30.900Z","computer":"srv-056","event_id":4624,"record_id":101367,"user":"employee-233","source_ip":"10.10.3.25","target":"logon-session","logon_type":10,"change_ticket":"","result":"success","channel":"Security","provider":"Microsoft-Windows-Security-Auditing","logon_id":"8169e61b8f213c4c","process_id":6667,"image_path":"","run_as":"","publisher":"","update_state":"installed","agent_build":"2026.09.4"},{"timestamp":"2026-09-14T01:01:33.600Z","computer":"srv-101","event_id":4624,"record_id":101368,"user":"employee-373","source_ip":"10.11.2.10","target":"logon-session","logon_type":2,"change_ticket":"","result":"success","channel":"Security","provider":"Microsoft-Windows-Security-Auditing","logon_id":"9ba8cb71113c5262","process_id":12958,"image_path":"","run_as":"","publisher":"","update_state":"installed","agent_build":"2026.09.1"},{"timestamp":"2026-09-14T01:01:36.300Z","computer":"srv-140","event_id":4634,"record_id":101369,"user":"employee-248","source_ip":"10.11.3.29","target":"logon-session","logon_type":3,"change_ticket":"","result":"success","channel":"Security","provider":"Microsoft-Windows-Security-Auditing","logon_id":"9ba8cb71113c5262","process_id":22214,"image_path":"","run_as":"","publisher":"","update_state":"installed","agent_build":"2026.09.2"},{"timestamp":"2026-09-14T01:01:39.000Z","computer":"srv-043","event_id":4688,"record_id":101370,"user":"employee-74","source_ip":"10.10.3.12","target":"logon-session","logon_type":null,"change_ticket":"","result":"success","channel":"Security","provider":"Microsoft-Windows-Security-Auditing","logon_id":"9ba8cb71113c5262","process_id":8181,"image_path":"C:/Program Files/ApprovedAgent/agent.exe","run_as":"","publisher":"Approved Software Team","update_state":"installed","agent_build":"2026.09.3"},{"timestamp":"2026-09-14T01:01:41.700Z","computer":"srv-101","event_id":4625,"record_id":101371,"user":"employee-113","source_ip":"10.11.2.10","target":"logon-session","logon_type":2,"change_ticket":"","result":"failure","channel":"Security","provider":"Microsoft-Windows-Security-Auditing","logon_id":"9ba8cb71113c5262","process_id":7825,"image_path":"","run_as":"","publisher":"","update_state":"installed","agent_build":"2026.09.4"},{"timestamp":"2026-09-14T01:01:44.400Z","computer":"srv-112","event_id":4698,"record_id":101372,"user":"employee-131","source_ip":"10.11.2.21","target":"Approved-Maintenance","logon_type":null,"change_ticket":"CHG-DEPLOY-18","result":"success","channel":"Security","provider":"Microsoft-Windows-Security-Auditing","logon_id":"7ec02b1a3eb94c01","process_id":22295,"image_path":"C:/Program Files/ApprovedAgent/agent.exe","run_as":"svc-agent","publisher":"Approved Software Team","update_state":"installed","agent_build":"2026.09.1"},{"timestamp":"2026-09-14T01:01:47.100Z","computer":"srv-208","event_id":4728,"record_id":101373,"user":"employee-294","source_ip":"10.12.3.17","target":"Project-Readers","logon_type":null,"change_ticket":"CHG-DEPLOY-18","result":"success","channel":"Security","provider":"Microsoft-Windows-Security-Auditing","logon_id":"7ec02b1a3eb94c01","process_id":11717,"image_path":"","run_as":"","publisher":"","update_state":"installed","agent_build":"2026.09.2"},{"timestamp":"2026-09-14T01:01:49.800Z","computer":"srv-019","event_id":4697,"record_id":101374,"user":"employee-322","source_ip":"10.10.1.28","target":"ApprovedAgent","logon_type":null,"change_ticket":"CHG-DEPLOY-18","result":"success","channel":"Security","provider":"Microsoft-Windows-Security-Auditing","logon_id":"7ec02b1a3eb94c01","process_id":2017,"image_path":"C:/Program Files/ApprovedAgent/agent.exe","run_as":"svc-agent","publisher":"Approved Software Team","update_state":"installed","agent_build":"2026.09.3"},{"timestamp":"2026-09-14T01:01:52.500Z","computer":"srv-131","event_id":4624,"record_id":101375,"user":"employee-344","source_ip":"10.11.3.20","target":"logon-session","logon_type":3,"change_ticket":"","result":"success","channel":"Security","provider":"Microsoft-Windows-Security-Auditing","logon_id":"7ec02b1a3eb94c01","process_id":3952,"image_path":"","run_as":"","publisher":"","update_state":"installed","agent_build":"2026.09.4"},{"timestamp":"2026-09-14T01:01:55.200Z","computer":"srv-161","event_id":4624,"record_id":101376,"user":"employee-328","source_ip":"10.12.1.10","target":"logon-session","logon_type":10,"change_ticket":"","result":"success","channel":"Security","provider":"Microsoft-Windows-Security-Auditing","logon_id":"913524f4f700be33","process_id":22105,"image_path":"","run_as":"","publisher":"","update_state":"installed","agent_build":"2026.09.1"},{"timestamp":"2026-09-14T01:01:57.900Z","computer":"srv-072","event_id":4634,"record_id":101377,"user":"employee-144","source_ip":"10.10.4.21","target":"logon-session","logon_type":2,"change_ticket":"","result":"success","channel":"Security","provider":"Microsoft-Windows-Security-Auditing","logon_id":"913524f4f700be33","process_id":10050,"image_path":"","run_as":"","publisher":"","update_state":"installed","agent_build":"2026.09.2"},