{"timestamp":"2026-09-14T01:25:51.600Z","computer":"srv-174","event_id":4698,"record_id":101908,"user":"employee-196","source_ip":"10.12.1.23","target":"Approved-Maintenance","logon_type":null,"change_ticket":"CHG-DEPLOY-18","result":"success","channel":"Security","provider":"Microsoft-Windows-Security-Auditing","logon_id":"25ea985efe0ebd77","process_id":16844,"image_path":"C:/Program Files/ApprovedAgent/agent.exe","run_as":"svc-agent","publisher":"Approved Software Team","update_state":"installed","agent_build":"2026.09.1"},{"timestamp":"2026-09-14T01:25:54.300Z","computer":"srv-232","event_id":4728,"record_id":101909,"user":"employee-378","source_ip":"10.12.4.21","target":"Project-Readers","logon_type":null,"change_ticket":"CHG-DEPLOY-18","result":"success","channel":"Security","provider":"Microsoft-Windows-Security-Auditing","logon_id":"25ea985efe0ebd77","process_id":13447,"image_path":"","run_as":"","publisher":"","update_state":"installed","agent_build":"2026.09.2"},{"timestamp":"2026-09-14T01:25:57.000Z","computer":"srv-210","event_id":4697,"record_id":101910,"user":"employee-386","source_ip":"10.12.3.19","target":"ApprovedAgent","logon_type":null,"change_ticket":"CHG-DEPLOY-18","result":"success","channel":"Security","provider":"Microsoft-Windows-Security-Auditing","logon_id":"25ea985efe0ebd77","process_id":25285,"image_path":"C:/Program Files/ApprovedAgent/agent.exe","run_as":"svc-agent","publisher":"Approved Software Team","update_state":"installed","agent_build":"2026.09.3"},{"timestamp":"2026-09-14T01:25:59.700Z","computer":"srv-061","event_id":4624,"record_id":101911,"user":"deployment-admin","source_ip":"10.10.4.10","target":"logon-session","logon_type":2,"change_ticket":"","result":"success","channel":"Security","provider":"Microsoft-Windows-Security-Auditing","logon_id":"25ea985efe0ebd77","process_id":10158,"image_path":"","run_as":"","publisher":"","update_state":"installed","agent_build":"2026.09.4"},{"timestamp":"2026-09-14T01:26:02.400Z","computer":"srv-174","event_id":4624,"record_id":101912,"user":"employee-41","source_ip":"10.12.1.23","target":"logon-session","logon_type":3,"change_ticket":"","result":"success","channel":"Security","provider":"Microsoft-Windows-Security-Auditing","logon_id":"e229c7dd56245fb4","process_id":14639,"image_path":"","run_as":"","publisher":"","update_state":"installed","agent_build":"2026.09.1"},{"timestamp":"2026-09-14T01:26:05.100Z","computer":"srv-222","event_id":4634,"record_id":101913,"user":"employee-405","source_ip":"10.12.4.11","target":"logon-session","logon_type":10,"change_ticket":"","result":"success","channel":"Security","provider":"Microsoft-Windows-Security-Auditing","logon_id":"e229c7dd56245fb4","process_id":9664,"image_path":"","run_as":"","publisher":"","update_state":"installed","agent_build":"2026.09.2"},{"timestamp":"2026-09-14T01:26:07.800Z","computer":"srv-229","event_id":4688,"record_id":101914,"user":"employee-64","source_ip":"10.12.4.18","target":"logon-session","logon_type":null,"change_ticket":"","result":"success","channel":"Security","provider":"Microsoft-Windows-Security-Auditing","logon_id":"e229c7dd56245fb4","process_id":7985,"image_path":"C:/Program Files/ApprovedAgent/agent.exe","run_as":"","publisher":"Approved Software Team","update_state":"installed","agent_build":"2026.09.3"},{"timestamp":"2026-09-14T01:26:10.500Z","computer":"srv-139","event_id":4625,"record_id":101915,"user":"employee-10","source_ip":"10.11.3.28","target":"logon-session","logon_type":3,"change_ticket":"","result":"failure","channel":"Security","provider":"Microsoft-Windows-Security-Auditing","logon_id":"e229c7dd56245fb4","process_id":5945,"image_path":"","run_as":"","publisher":"","update_state":"installed","agent_build":"2026.09.4"},{"timestamp":"2026-09-14T01:26:13.200Z","computer":"srv-101","event_id":4698,"record_id":101916,"user":"employee-63","source_ip":"10.11.2.10","target":"Approved-Maintenance","logon_type":null,"change_ticket":"CHG-DEPLOY-18","result":"success","channel":"Security","provider":"Microsoft-Windows-Security-Auditing","logon_id":"da6fce888a61a09e","process_id":20279,"image_path":"C:/Program Files/ApprovedAgent/agent.exe","run_as":"svc-agent","publisher":"Approved Software Team","update_state":"installed","agent_build":"2026.09.1"},{"timestamp":"2026-09-14T01:26:15.900Z","computer":"srv-169","event_id":4728,"record_id":101917,"user":"employee-298","source_ip":"10.12.1.18","target":"Project-Readers","logon_type":null,"change_ticket":"CHG-DEPLOY-18","result":"success","channel":"Security","provider":"Microsoft-Windows-Security-Auditing","logon_id":"da6fce888a61a09e","process_id":13482,"image_path":"","run_as":"","publisher":"","update_state":"installed","agent_build":"2026.09.2"},{"timestamp":"2026-09-14T01:26:18.600Z","computer":"srv-156","event_id":4697,"record_id":101918,"user":"employee-446","source_ip":"10.11.4.25","target":"ApprovedAgent","logon_type":null,"change_ticket":"CHG-DEPLOY-18","result":"success","channel":"Security","provider":"Microsoft-Windows-Security-Auditing","logon_id":"da6fce888a61a09e","process_id":14501,"image_path":"C:/Program Files/ApprovedAgent/agent.exe","run_as":"svc-agent","publisher":"Approved Software Team","update_state":"installed","agent_build":"2026.09.3"},{"timestamp":"2026-09-14T01:26:21.300Z","computer":"srv-153","event_id":4624,"record_id":101919,"user":"employee-461","source_ip":"10.11.4.22","target":"logon-session","logon_type":10,"change_ticket":"","result":"success","channel":"Security","provider":"Microsoft-Windows-Security-Auditing","logon_id":"da6fce888a61a09e","process_id":12311,"image_path":"","run_as":"","publisher":"","update_state":"installed","agent_build":"2026.09.4"},{"timestamp":"2026-09-14T01:26:24.000Z","computer":"srv-209","event_id":4624,"record_id":101920,"user":"employee-76","source_ip":"10.12.3.18","target":"logon-session","logon_type":2,"change_ticket":"","result":"success","channel":"Security","provider":"Microsoft-Windows-Security-Auditing","logon_id":"717b0650899787ac","process_id":15304,"image_path":"","run_as":"","publisher":"","update_state":"installed","agent_build":"2026.09.1"},{"timestamp":"2026-09-14T01:26:26.700Z","computer":"srv-195","event_id":4634,"record_id":101921,"user":"employee-13","source_ip":"10.12.2.24","target":"logon-session","logon_type":3,"change_ticket":"","result":"success","channel":"Security","provider":"Microsoft-Windows-Security-Auditing","logon_id":"717b0650899787ac","process_id":14838,"image_path":"","run_as":"","publisher":"","update_state":"installed","agent_build":"2026.09.2"},{"timestamp":"2026-09-14T01:26:29.400Z","computer":"srv-153","event_id":4688,"record_id":101922,"user":"employee-127","source_ip":"10.11.4.22","target":"logon-session","logon_type":null,"change_ticket":"","result":"success","channel":"Security","provider":"Microsoft-Windows-Security-Auditing","logon_id":"717b0650899787ac","process_id":6493,"image_path":"C:/Program Files/ApprovedAgent/agent.exe","run_as":"","publisher":"Approved Software Team","update_state":"restart-pending","agent_build":"2026.09.3"},{"timestamp":"2026-09-14T01:26:32.100Z","computer":"srv-081","event_id":4625,"record_id":101923,"user":"employee-136","source_ip":"10.11.1.10","target":"logon-session","logon_type":2,"change_ticket":"","result":"failure","channel":"Security","provider":"Microsoft-Windows-Security-Auditing","logon_id":"717b0650899787ac","process_id":2188,"image_path":"","run_as":"","publisher":"","update_state":"installed","agent_build":"2026.09.4"},{"timestamp":"2026-09-14T01:26:34.800Z","computer":"srv-150","event_id":4698,"record_id":101924,"user":"deployment-admin","source_ip":"10.11.4.19","target":"Approved-Maintenance","logon_type":null,"change_ticket":"CHG-DEPLOY-18","result":"success","channel":"Security","provider":"Microsoft-Windows-Security-Auditing","logon_id":"37e2c6c7bfcfa3cf","process_id":10014,"image_path":"C:/Program Files/ApprovedAgent/agent.exe","run_as":"svc-agent","publisher":"Approved Software Team","update_state":"installed","agent_build":"2026.09.1"},{"timestamp":"2026-09-14T01:26:37.500Z","computer":"srv-084","event_id":4728,"record_id":101925,"user":"employee-98","source_ip":"10.11.1.13","target":"Project-Readers","logon_type":null,"change_ticket":"CHG-DEPLOY-18","result":"success","channel":"Security","provider":"Microsoft-Windows-Security-Auditing","logon_id":"37e2c6c7bfcfa3cf","process_id":2316,"image_path":"","run_as":"","publisher":"","update_state":"installed","agent_build":"2026.09.2"},{"timestamp":"2026-09-14T01:26:40.200Z","computer":"srv-047","event_id":4697,"record_id":101926,"user":"employee-185","source_ip":"10.10.3.16","target":"ApprovedAgent","logon_type":null,"change_ticket":"CHG-DEPLOY-18","result":"success","channel":"Security","provider":"Microsoft-Windows-Security-Auditing","logon_id":"37e2c6c7bfcfa3cf","process_id":20172,"image_path":"C:/Program Files/ApprovedAgent/agent.exe","run_as":"svc-agent","publisher":"Approved Software Team","update_state":"installed","agent_build":"2026.09.3"},{"timestamp":"2026-09-14T01:26:42.900Z","computer":"srv-049","event_id":4624,"record_id":101927,"user":"employee-94","source_ip":"10.10.3.18","target":"logon-session","logon_type":3,"change_ticket":"","result":"success","channel":"Security","provider":"Microsoft-Windows-Security-Auditing","logon_id":"37e2c6c7bfcfa3cf","process_id":25167,"image_path":"","run_as":"","publisher":"","update_state":"failed","agent_build":"2026.09.4"},{"timestamp":"2026-09-14T01:26:45.600Z","computer":"srv-238","event_id":4624,"record_id":101928,"user":"employee-161","source_ip":"10.12.4.27","target":"logon-session","logon_type":10,"change_ticket":"","result":"success","channel":"Security","provider":"Microsoft-Windows-Security-Auditing","logon_id":"1306c4178b986d5c","process_id":22549,"image_path":"","run_as":"","publisher":"","update_state":"installed","agent_build":"2026.09.1"},{"timestamp":"2026-09-14T01:26:48.300Z","computer":"srv-106","event_id":4634,"record_id":101929,"user":"employee-265","source_ip":"10.11.2.15","target":"logon-session","logon_type":2,"change_ticket":"","result":"success","channel":"Security","provider":"Microsoft-Windows-Security-Auditing","logon_id":"1306c4178b986d5c","process_id":13454,"image_path":"","run_as":"","publisher":"","update_state":"installed","agent_build":"2026.09.2"},{"timestamp":"2026-09-14T01:26:51.000Z","computer":"srv-092","event_id":4688,"record_id":101930,"user":"employee-3","source_ip":"10.11.1.21","target":"logon-session","logon_type":null,"change_ticket":"","result":"success","channel":"Security","provider":"Microsoft-Windows-Security-Auditing","logon_id":"1306c4178b986d5c","process_id":16103,"image_path":"C:/Program Files/ApprovedAgent/agent.exe","run_as":"","publisher":"Approved Software Team","update_state":"installed","agent_build":"2026.09.3"},{"timestamp":"2026-09-14T01:26:53.700Z","computer":"srv-094","event_id":4625,"record_id":101931,"user":"employee-138","source_ip":"10.11.1.23","target":"logon-session","logon_type":10,"change_ticket":"","result":"failure","channel":"Security","provider":"Microsoft-Windows-Security-Auditing","logon_id":"1306c4178b986d5c","process_id":8584,"image_path":"","run_as":"","publisher":"","update_state":"installed","agent_build":"2026.09.4"},{"timestamp":"2026-09-14T01:26:56.400Z","computer":"srv-087","event_id":4698,"record_id":101932,"user":"employee-68","source_ip":"10.11.1.16","target":"Approved-Maintenance","logon_type":null,"change_ticket":"CHG-DEPLOY-18","result":"success","channel":"Security","provider":"Microsoft-Windows-Security-Auditing","logon_id":"03ca69c6fe2a421e","process_id":1371,"image_path":"C:/Program Files/ApprovedAgent/agent.exe","run_as":"svc-agent","publisher":"Approved Software Team","update_state":"installed","agent_build":"2026.09.1"},{"timestamp":"2026-09-14T01:26:59.100Z","computer":"srv-081","event_id":4728,"record_id":101933,"user":"employee-429","source_ip":"10.11.1.10","target":"Project-Readers","logon_type":null,"change_ticket":"CHG-DEPLOY-18","result":"success","channel":"Security","provider":"Microsoft-Windows-Security-Auditing","logon_id":"03ca69c6fe2a421e","process_id":18579,"image_path":"","run_as":"","publisher":"","update_state":"installed","agent_build":"2026.09.2"},{"timestamp":"2026-09-14T01:27:01.800Z","computer":"srv-235","event_id":4697,"record_id":101934,"user":"employee-107","source_ip":"10.12.4.24","target":"ApprovedAgent","logon_type":null,"change_ticket":"CHG-DEPLOY-18","result":"success","channel":"Security","provider":"Microsoft-Windows-Security-Auditing","logon_id":"03ca69c6fe2a421e","process_id":22675,"image_path":"C:/Program Files/ApprovedAgent/agent.exe","run_as":"svc-agent","publisher":"Approved Software Team","update_state":"installed","agent_build":"2026.09.3"},{"timestamp":"2026-09-14T01:27:04.500Z","computer":"srv-164","event_id":4624,"record_id":101935,"user":"employee-99","source_ip":"10.12.1.13","target":"logon-session","logon_type":2,"change_ticket":"","result":"success","channel":"Security","provider":"Microsoft-Windows-Security-Auditing","logon_id":"03ca69c6fe2a421e","process_id":20670,"image_path":"","run_as":"","publisher":"","update_state":"installed","agent_build":"2026.09.4"},{"timestamp":"2026-09-14T01:27:07.200Z","computer":"srv-221","event_id":4624,"record_id":101936,"user":"employee-141","source_ip":"10.12.4.10","target":"logon-session","logon_type":3,"change_ticket":"","result":"success","channel":"Security","provider":"Microsoft-Windows-Security-Auditing","logon_id":"2980d397c847acb1","process_id":1582,"image_path":"","run_as":"","publisher":"","update_state":"installed","agent_build":"2026.09.1"},{"timestamp":"2026-09-14T01:27:09.900Z","computer":"srv-167","event_id":4634,"record_id":101937,"user":"deployment-admin","source_ip":"10.12.1.16","target":"logon-session","logon_type":10,"change_ticket":"","result":"success","channel":"Security","provider":"Microsoft-Windows-Security-Auditing","logon_id":"2980d397c847acb1","process_id":20689,"image_path":"","run_as":"","publisher":"","update_state":"installed","agent_build":"2026.09.2"},{"timestamp":"2026-09-14T01:27:12.600Z","computer":"srv-155","event_id":4688,"record_id":101938,"user":"employee-438","source_ip":"10.11.4.24","target":"logon-session","logon_type":null,"change_ticket":"","result":"success","channel":"Security","provider":"Microsoft-Windows-Security-Auditing","logon_id":"2980d397c847acb1","process_id":13858,"image_path":"C:/Program Files/ApprovedAgent/agent.exe","run_as":"","publisher":"Approved Software Team","update_state":"installed","agent_build":"2026.09.3"},{"timestamp":"2026-09-14T01:27:15.300Z","computer":"srv-148","event_id":4625,"record_id":101939,"user":"employee-254","source_ip":"10.11.4.17","target":"logon-session","logon_type":3,"change_ticket":"","result":"failure","channel":"Security","provider":"Microsoft-Windows-Security-Auditing","logon_id":"2980d397c847acb1","process_id":21147,"image_path":"","run_as":"","publisher":"","update_state":"installed","agent_build":"2026.09.4"},{"timestamp":"2026-09-14T01:27:18.000Z","computer":"srv-132","event_id":4698,"record_id":101940,"user":"employee-102","source_ip":"10.11.3.21","target":"Approved-Maintenance","logon_type":null,"change_ticket":"CHG-DEPLOY-18","result":"success","channel":"Security","provider":"Microsoft-Windows-Security-Auditing","logon_id":"4b477b604f099332","process_id":17238,"image_path":"C:/Program Files/ApprovedAgent/agent.exe","run_as":"svc-agent","publisher":"Approved Software Team","update_state":"installed","agent_build":"2026.09.1"},{"timestamp":"2026-09-14T01:27:20.700Z","computer":"srv-108","event_id":4728,"record_id":101941,"user":"employee-190","source_ip":"10.11.2.17","target":"Project-Readers","logon_type":null,"change_ticket":"CHG-DEPLOY-18","result":"success","channel":"Security","provider":"Microsoft-Windows-Security-Auditing","logon_id":"4b477b604f099332","process_id":9828,"image_path":"","run_as":"","publisher":"","update_state":"installed","agent_build":"2026.09.2"},{"timestamp":"2026-09-14T01:27:23.400Z","computer":"srv-020","event_id":4697,"record_id":101942,"user":"employee-134","source_ip":"10.10.1.29","target":"ApprovedAgent","logon_type":null,"change_ticket":"CHG-DEPLOY-18","result":"success","channel":"Security","provider":"Microsoft-Windows-Security-Auditing","logon_id":"4b477b604f099332","process_id":20485,"image_path":"C:/Program Files/ApprovedAgent/agent.exe","run_as":"svc-agent","publisher":"Approved Software Team","update_state":"installed","agent_build":"2026.09.3"},{"timestamp":"2026-09-14T01:27:26.100Z","computer":"srv-157","event_id":4624,"record_id":101943,"user":"employee-319","source_ip":"10.11.4.26","target":"logon-session","logon_type":10,"change_ticket":"","result":"success","channel":"Security","provider":"Microsoft-Windows-Security-Auditing","logon_id":"4b477b604f099332","process_id":1457,"image_path":"","run_as":"","publisher":"","update_state":"installed","agent_build":"2026.09.4"},{"timestamp":"2026-09-14T01:27:28.800Z","computer":"srv-180","event_id":4624,"record_id":101944,"user":"employee-340","source_ip":"10.12.1.29","target":"logon-session","logon_type":2,"change_ticket":"","result":"success","channel":"Security","provider":"Microsoft-Windows-Security-Auditing","logon_id":"e52441e6e20bba31","process_id":15634,"image_path":"","run_as":"","publisher":"","update_state":"installed","agent_build":"2026.09.1"},{"timestamp":"2026-09-14T01:27:31.500Z","computer":"srv-161","event_id":4634,"record_id":101945,"user":"employee-393","source_ip":"10.12.1.10","target":"logon-session","logon_type":3,"change_ticket":"","result":"success","channel":"Security","provider":"Microsoft-Windows-Security-Auditing","logon_id":"e52441e6e20bba31","process_id":15320,"image_path":"","run_as":"","publisher":"","update_state":"installed","agent_build":"2026.09.2"},{"timestamp":"2026-09-14T01:27:34.200Z","computer":"srv-091","event_id":4688,"record_id":101946,"user":"employee-361","source_ip":"10.11.1.20","target":"logon-session","logon_type":null,"change_ticket":"","result":"success","channel":"Security","provider":"Microsoft-Windows-Security-Auditing","logon_id":"e52441e6e20bba31","process_id":4145,"image_path":"C:/Program Files/ApprovedAgent/agent.exe","run_as":"","publisher":"Approved Software Team","update_state":"installed","agent_build":"2026.09.3"},{"timestamp":"2026-09-14T01:27:36.900Z","computer":"srv-052","event_id":4625,"record_id":101947,"user":"employee-200","source_ip":"10.10.3.21","target":"logon-session","logon_type":2,"change_ticket":"","result":"failure","channel":"Security","provider":"Microsoft-Windows-Security-Auditing","logon_id":"e52441e6e20bba31","process_id":14228,"image_path":"","run_as":"","publisher":"","update_state":"no-report","agent_build":"2026.09.4"},{"timestamp":"2026-09-14T01:27:39.600Z","computer":"srv-020","event_id":4698,"record_id":101948,"user":"employee-122","source_ip":"10.10.1.29","target":"Approved-Maintenance","logon_type":null,"change_ticket":"CHG-DEPLOY-18","result":"success","channel":"Security","provider":"Microsoft-Windows-Security-Auditing","logon_id":"02a0ee5eec4a38ff","process_id":8320,"image_path":"C:/Program Files/ApprovedAgent/agent.exe","run_as":"svc-agent","publisher":"Approved Software Team","update_state":"installed","agent_build":"2026.09.1"},{"timestamp":"2026-09-14T01:27:42.300Z","computer":"srv-006","event_id":4728,"record_id":101949,"user":"employee-391","source_ip":"10.10.1.15","target":"Project-Readers","logon_type":null,"change_ticket":"CHG-DEPLOY-18","result":"success","channel":"Security","provider":"Microsoft-Windows-Security-Auditing","logon_id":"02a0ee5eec4a38ff","process_id":19225,"image_path":"","run_as":"","publisher":"","update_state":"installed","agent_build":"2026.09.2"},{"timestamp":"2026-09-14T01:27:45.000Z","computer":"srv-192","event_id":4697,"record_id":101950,"user":"deployment-admin","source_ip":"10.12.2.21","target":"ApprovedAgent","logon_type":null,"change_ticket":"CHG-DEPLOY-18","result":"success","channel":"Security","provider":"Microsoft-Windows-Security-Auditing","logon_id":"02a0ee5eec4a38ff","process_id":18480,"image_path":"C:/Program Files/ApprovedAgent/agent.exe","run_as":"svc-agent","publisher":"Approved Software Team","update_state":"installed","agent_build":"2026.09.3"},{"timestamp":"2026-09-14T01:27:47.700Z","computer":"srv-103","event_id":4624,"record_id":101951,"user":"employee-218","source_ip":"10.11.2.12","target":"logon-session","logon_type":3,"change_ticket":"","result":"success","channel":"Security","provider":"Microsoft-Windows-Security-Auditing","logon_id":"02a0ee5eec4a38ff","process_id":10651,"image_path":"","run_as":"","publisher":"","update_state":"installed","agent_build":"2026.09.4"},{"timestamp":"2026-09-14T01:27:50.400Z","computer":"srv-173","event_id":4624,"record_id":101952,"user":"employee-33","source_ip":"10.12.1.22","target":"logon-session","logon_type":10,"change_ticket":"","result":"success","channel":"Security","provider":"Microsoft-Windows-Security-Auditing","logon_id":"f6bd95d06222f47e","process_id":11503,"image_path":"","run_as":"","publisher":"","update_state":"installed","agent_build":"2026.09.1"},{"timestamp":"2026-09-14T01:27:53.100Z","computer":"srv-090","event_id":4634,"record_id":101953,"user":"employee-372","source_ip":"10.11.1.19","target":"logon-session","logon_type":2,"change_ticket":"","result":"success","channel":"Security","provider":"Microsoft-Windows-Security-Auditing","logon_id":"f6bd95d06222f47e","process_id":10383,"image_path":"","run_as":"","publisher":"","update_state":"restart-pending","agent_build":"2026.09.2"},{"timestamp":"2026-09-14T01:27:55.800Z","computer":"srv-053","event_id":4688,"record_id":101954,"user":"employee-378","source_ip":"10.10.3.22","target":"logon-session","logon_type":null,"change_ticket":"","result":"success","channel":"Security","provider":"Microsoft-Windows-Security-Auditing","logon_id":"f6bd95d06222f47e","process_id":5247,"image_path":"C:/Program Files/ApprovedAgent/agent.exe","run_as":"","publisher":"Approved Software Team","update_state":"installed","agent_build":"2026.09.3"},{"timestamp":"2026-09-14T01:27:58.500Z","computer":"srv-127","event_id":4625,"record_id":101955,"user":"employee-45","source_ip":"10.11.3.16","target":"logon-session","logon_type":10,"change_ticket":"","result":"failure","channel":"Security","provider":"Microsoft-Windows-Security-Auditing","logon_id":"f6bd95d06222f47e","process_id":21520,"image_path":"","run_as":"","publisher":"","update_state":"installed","agent_build":"2026.09.4"},{"timestamp":"2026-09-14T01:28:01.200Z","computer":"srv-159","event_id":4698,"record_id":101956,"user":"employee-393","source_ip":"10.11.4.28","target":"Approved-Maintenance","logon_type":null,"change_ticket":"CHG-DEPLOY-18","result":"success","channel":"Security","provider":"Microsoft-Windows-Security-Auditing","logon_id":"20f4040f2d1109e3","process_id":4115,"image_path":"C:/Program Files/ApprovedAgent/agent.exe","run_as":"svc-agent","publisher":"Approved Software Team","update_state":"installed","agent_build":"2026.09.1"},{"timestamp":"2026-09-14T01:28:03.900Z","computer":"srv-051","event_id":4728,"record_id":101957,"user":"employee-232","source_ip":"10.10.3.20","target":"Project-Readers","logon_type":null,"change_ticket":"CHG-DEPLOY-18","result":"success","channel":"Security","provider":"Microsoft-Windows-Security-Auditing","logon_id":"20f4040f2d1109e3","process_id":25953,"image_path":"","run_as":"","publisher":"","update_state":"installed","agent_build":"2026.09.2"},{"timestamp":"2026-09-14T01:28:06.600Z","computer":"srv-070","event_id":4697,"record_id":101958,"user":"employee-329","source_ip":"10.10.4.19","target":"ApprovedAgent","logon_type":null,"change_ticket":"CHG-DEPLOY-18","result":"success","channel":"Security","provider":"Microsoft-Windows-Security-Auditing","logon_id":"20f4040f2d1109e3","process_id":9830,"image_path":"C:/Program Files/ApprovedAgent/agent.exe","run_as":"svc-agent","publisher":"Approved Software Team","update_state":"installed","agent_build":"2026.09.3"},{"timestamp":"2026-09-14T01:28:09.300Z","computer":"srv-152","event_id":4624,"record_id":101959,"user":"employee-227","source_ip":"10.11.4.21","target":"logon-session","logon_type":2,"change_ticket":"","result":"success","channel":"Security","provider":"Microsoft-Windows-Security-Auditing","logon_id":"20f4040f2d1109e3","process_id":7114,"image_path":"","run_as":"","publisher":"","update_state":"installed","agent_build":"2026.09.4"},{"timestamp":"2026-09-14T01:28:12.000Z","computer":"srv-054","event_id":4624,"record_id":101960,"user":"employee-366","source_ip":"10.10.3.23","target":"logon-session","logon_type":3,"change_ticket":"","result":"success","channel":"Security","provider":"Microsoft-Windows-Security-Auditing","logon_id":"754dd69ac1f588d6","process_id":11938,"image_path":"","run_as":"","publisher":"","update_state":"installed","agent_build":"2026.09.1"},{"timestamp":"2026-09-14T01:28:14.700Z","computer":"srv-119","event_id":4634,"record_id":101961,"user":"employee-116","source_ip":"10.11.2.28","target":"logon-session","logon_type":10,"change_ticket":"","result":"success","channel":"Security","provider":"Microsoft-Windows-Security-Auditing","logon_id":"754dd69ac1f588d6","process_id":3151,"image_path":"","run_as":"","publisher":"","update_state":"installed","agent_build":"2026.09.2"},{"timestamp":"2026-09-14T01:28:17.400Z","computer":"srv-133","event_id":4688,"record_id":101962,"user":"employee-374","source_ip":"10.11.3.22","target":"logon-session","logon_type":null,"change_ticket":"","result":"success","channel":"Security","provider":"Microsoft-Windows-Security-Auditing","logon_id":"754dd69ac1f588d6","process_id":19522,"image_path":"C:/Program Files/ApprovedAgent/agent.exe","run_as":"","publisher":"Approved Software Team","update_state":"installed","agent_build":"2026.09.3"},{"timestamp":"2026-09-14T01:28:20.100Z","computer":"srv-127","event_id":4625,"record_id":101963,"user":"deployment-admin","source_ip":"10.11.3.16","target":"logon-session","logon_type":3,"change_ticket":"","result":"failure","channel":"Security","provider":"Microsoft-Windows-Security-Auditing","logon_id":"754dd69ac1f588d6","process_id":24527,"image_path":"","run_as":"","publisher":"","update_state":"installed","agent_build":"2026.09.4"},{"timestamp":"2026-09-14T01:28:22.800Z","computer":"srv-066","event_id":4698,"record_id":101964,"user":"employee-214","source_ip":"10.10.4.15","target":"Approved-Maintenance","logon_type":null,"change_ticket":"CHG-DEPLOY-18","result":"success","channel":"Security","provider":"Microsoft-Windows-Security-Auditing","logon_id":"5e01fbeca8f33173","process_id":23560,"image_path":"C:/Program Files/ApprovedAgent/agent.exe","run_as":"svc-agent","publisher":"Approved Software Team","update_state":"installed","agent_build":"2026.09.1"},{"timestamp":"2026-09-14T01:28:25.500Z","computer":"srv-088","event_id":4728,"record_id":101965,"user":"employee-125","source_ip":"10.11.1.17","target":"Project-Readers","logon_type":null,"change_ticket":"CHG-DEPLOY-18","result":"success","channel":"Security","provider":"Microsoft-Windows-Security-Auditing","logon_id":"5e01fbeca8f33173","process_id":20488,"image_path":"","run_as":"","publisher":"","update_state":"installed","agent_build":"2026.09.2"},{"timestamp":"2026-09-14T01:28:28.200Z","computer":"srv-235","event_id":4697,"record_id":101966,"user":"employee-201","source_ip":"10.12.4.24","target":"ApprovedAgent","logon_type":null,"change_ticket":"CHG-DEPLOY-18","result":"success","channel":"Security","provider":"Microsoft-Windows-Security-Auditing","logon_id":"5e01fbeca8f33173","process_id":12295,"image_path":"C:/Program Files/ApprovedAgent/agent.exe","run_as":"svc-agent","publisher":"Approved Software Team","update_state":"installed","agent_build":"2026.09.3"},{"timestamp":"2026-09-14T01:28:30.900Z","computer":"srv-203","event_id":4624,"record_id":101967,"user":"employee-22","source_ip":"10.12.3.12","target":"logon-session","logon_type":10,"change_ticket":"","result":"success","channel":"Security","provider":"Microsoft-Windows-Security-Auditing","logon_id":"5e01fbeca8f33173","process_id":19420,"image_path":"","run_as":"","publisher":"","update_state":"installed","agent_build":"2026.09.4"},{"timestamp":"2026-09-14T01:28:33.600Z","computer":"srv-229","event_id":4624,"record_id":101968,"user":"employee-285","source_ip":"10.12.4.18","target":"logon-session","logon_type":2,"change_ticket":"","result":"success","channel":"Security","provider":"Microsoft-Windows-Security-Auditing","logon_id":"20c68d52ce104eba","process_id":1458,"image_path":"","run_as":"","publisher":"","update_state":"installed","agent_build":"2026.09.1"},{"timestamp":"2026-09-14T01:28:36.300Z","computer":"srv-006","event_id":4634,"record_id":101969,"user":"employee-274","source_ip":"10.10.1.15","target":"logon-session","logon_type":3,"change_ticket":"","result":"success","channel":"Security","provider":"Microsoft-Windows-Security-Auditing","logon_id":"20c68d52ce104eba","process_id":9076,"image_path":"","run_as":"","publisher":"","update_state":"installed","agent_build":"2026.09.2"},{"timestamp":"2026-09-14T01:28:39.000Z","computer":"srv-113","event_id":4688,"record_id":101970,"user":"employee-465","source_ip":"10.11.2.22","target":"logon-session","logon_type":null,"change_ticket":"","result":"success","channel":"Security","provider":"Microsoft-Windows-Security-Auditing","logon_id":"20c68d52ce104eba","process_id":3575,"image_path":"C:/Program Files/ApprovedAgent/agent.exe","run_as":"","publisher":"Approved Software Team","update_state":"installed","agent_build":"2026.09.3"},{"timestamp":"2026-09-14T01:28:41.700Z","computer":"srv-199","event_id":4625,"record_id":101971,"user":"employee-208","source_ip":"10.12.2.28","target":"logon-session","logon_type":2,"change_ticket":"","result":"failure","channel":"Security","provider":"Microsoft-Windows-Security-Auditing","logon_id":"20c68d52ce104eba","process_id":11555,"image_path":"","run_as":"","publisher":"","update_state":"installed","agent_build":"2026.09.4"},{"timestamp":"2026-09-14T01:28:44.400Z","computer":"srv-197","event_id":4698,"record_id":101972,"user":"employee-289","source_ip":"10.12.2.26","target":"Approved-Maintenance","logon_type":null,"change_ticket":"CHG-DEPLOY-18","result":"success","channel":"Security","provider":"Microsoft-Windows-Security-Auditing","logon_id":"67e088cfd0be6f30","process_id":10807,"image_path":"C:/Program Files/ApprovedAgent/agent.exe","run_as":"svc-agent","publisher":"Approved Software Team","update_state":"installed","agent_build":"2026.09.1"},{"timestamp":"2026-09-14T01:28:47.100Z","computer":"srv-197","event_id":4728,"record_id":101973,"user":"employee-251","source_ip":"10.12.2.26","target":"Project-Readers","logon_type":null,"change_ticket":"CHG-DEPLOY-18","result":"success","channel":"Security","provider":"Microsoft-Windows-Security-Auditing","logon_id":"67e088cfd0be6f30","process_id":5045,"image_path":"","run_as":"","publisher":"","update_state":"installed","agent_build":"2026.09.2"},{"timestamp":"2026-09-14T01:28:49.800Z","computer":"srv-115","event_id":4697,"record_id":101974,"user":"employee-237","source_ip":"10.11.2.24","target":"ApprovedAgent","logon_type":null,"change_ticket":"CHG-DEPLOY-18","result":"success","channel":"Security","provider":"Microsoft-Windows-Security-Auditing","logon_id":"67e088cfd0be6f30","process_id":12675,"image_path":"C:/Program Files/ApprovedAgent/agent.exe","run_as":"svc-agent","publisher":"Approved Software Team","update_state":"failed","agent_build":"2026.09.3"},{"timestamp":"2026-09-14T01:28:52.500Z","computer":"srv-011","event_id":4624,"record_id":101975,"user":"employee-348","source_ip":"10.10.1.20","target":"logon-session","logon_type":3,"change_ticket":"","result":"success","channel":"Security","provider":"Microsoft-Windows-Security-Auditing","logon_id":"67e088cfd0be6f30","process_id":4292,"image_path":"","run_as":"","publisher":"","update_state":"installed","agent_build":"2026.09.4"},{"timestamp":"2026-09-14T01:28:55.200Z","computer":"srv-236","event_id":4624,"record_id":101976,"user":"deployment-admin","source_ip":"10.12.4.25","target":"logon-session","logon_type":10,"change_ticket":"","result":"success","channel":"Security","provider":"Microsoft-Windows-Security-Auditing","logon_id":"e854ea8eaee16c00","process_id":5294,"image_path":"","run_as":"","publisher":"","update_state":"installed","agent_build":"2026.09.1"},{"timestamp":"2026-09-14T01:28:57.900Z","computer":"srv-031","event_id":4634,"record_id":101977,"user":"employee-106","source_ip":"10.10.2.20","target":"logon-session","logon_type":2,"change_ticket":"","result":"success","channel":"Security","provider":"Microsoft-Windows-Security-Auditing","logon_id":"e854ea8eaee16c00","process_id":9641,"image_path":"","run_as":"","publisher":"","update_state":"installed","agent_build":"2026.09.2"},{"timestamp":"2026-09-14T01:29:00.600Z","computer":"srv-239","event_id":4688,"record_id":101978,"user":"employee-246","source_ip":"10.12.4.28","target":"logon-session","logon_type":null,"change_ticket":"","result":"success","channel":"Security","provider":"Microsoft-Windows-Security-Auditing","logon_id":"e854ea8eaee16c00","process_id":16754,"image_path":"C:/Program Files/ApprovedAgent/agent.exe","run_as":"","publisher":"Approved Software Team","update_state":"installed","agent_build":"2026.09.3"},{"timestamp":"2026-09-14T01:29:03.300Z","computer":"srv-124","event_id":4625,"record_id":101979,"user":"employee-386","source_ip":"10.11.3.13","target":"logon-session","logon_type":10,"change_ticket":"","result":"failure","channel":"Security","provider":"Microsoft-Windows-Security-Auditing","logon_id":"e854ea8eaee16c00","process_id":12571,"image_path":"","run_as":"","publisher":"","update_state":"installed","agent_build":"2026.09.4"},{"timestamp":"2026-09-14T01:29:06.000Z","computer":"srv-166","event_id":4698,"record_id":101980,"user":"employee-353","source_ip":"10.12.1.15","target":"Approved-Maintenance","logon_type":null,"change_ticket":"CHG-DEPLOY-18","result":"success","channel":"Security","provider":"Microsoft-Windows-Security-Auditing","logon_id":"0e54b9d6c0980d5e","process_id":3811,"image_path":"C:/Program Files/ApprovedAgent/agent.exe","run_as":"svc-agent","publisher":"Approved Software Team","update_state":"installed","agent_build":"2026.09.1"},{"timestamp":"2026-09-14T01:29:08.700Z","computer":"srv-208","event_id":4728,"record_id":101981,"user":"employee-105","source_ip":"10.12.3.17","target":"Project-Readers","logon_type":null,"change_ticket":"CHG-DEPLOY-18","result":"success","channel":"Security","provider":"Microsoft-Windows-Security-Auditing","logon_id":"0e54b9d6c0980d5e","process_id":21004,"image_path":"","run_as":"","publisher":"","update_state":"installed","agent_build":"2026.09.2"},{"timestamp":"2026-09-14T01:29:11.400Z","computer":"srv-195","event_id":4697,"record_id":101982,"user":"employee-278","source_ip":"10.12.2.24","target":"ApprovedAgent","logon_type":null,"change_ticket":"CHG-DEPLOY-18","result":"success","channel":"Security","provider":"Microsoft-Windows-Security-Auditing","logon_id":"0e54b9d6c0980d5e","process_id":15814,"image_path":"C:/Program Files/ApprovedAgent/agent.exe","run_as":"svc-agent","publisher":"Approved Software Team","update_state":"installed","agent_build":"2026.09.3"},{"timestamp":"2026-09-14T01:29:14.100Z","computer":"srv-145","event_id":4624,"record_id":101983,"user":"employee-154","source_ip":"10.11.4.14","target":"logon-session","logon_type":2,"change_ticket":"","result":"success","channel":"Security","provider":"Microsoft-Windows-Security-Auditing","logon_id":"0e54b9d6c0980d5e","process_id":23145,"image_path":"","run_as":"","publisher":"","update_state":"installed","agent_build":"2026.09.4"},{"timestamp":"2026-09-14T01:29:16.800Z","computer":"srv-123","event_id":4624,"record_id":101984,"user":"employee-133","source_ip":"10.11.3.12","target":"logon-session","logon_type":3,"change_ticket":"","result":"success","channel":"Security","provider":"Microsoft-Windows-Security-Auditing","logon_id":"c0a4ff1cbf2798d0","process_id":20700,"image_path":"","run_as":"","publisher":"","update_state":"restart-pending","agent_build":"2026.09.1"},{"timestamp":"2026-09-14T01:29:19.500Z","computer":"srv-220","event_id":4634,"record_id":101985,"user":"employee-266","source_ip":"10.12.3.29","target":"logon-session","logon_type":10,"change_ticket":"","result":"success","channel":"Security","provider":"Microsoft-Windows-Security-Auditing","logon_id":"c0a4ff1cbf2798d0","process_id":2007,"image_path":"","run_as":"","publisher":"","update_state":"installed","agent_build":"2026.09.2"},{"timestamp":"2026-09-14T01:29:22.200Z","computer":"srv-184","event_id":4688,"record_id":101986,"user":"employee-95","source_ip":"10.12.2.13","target":"logon-session","logon_type":null,"change_ticket":"","result":"success","channel":"Security","provider":"Microsoft-Windows-Security-Auditing","logon_id":"c0a4ff1cbf2798d0","process_id":22280,"image_path":"C:/Program Files/ApprovedAgent/agent.exe","run_as":"","publisher":"Approved Software Team","update_state":"installed","agent_build":"2026.09.3"},{"timestamp":"2026-09-14T01:29:24.900Z","computer":"srv-233","event_id":4625,"record_id":101987,"user":"employee-433","source_ip":"10.12.4.22","target":"logon-session","logon_type":3,"change_ticket":"","result":"failure","channel":"Security","provider":"Microsoft-Windows-Security-Auditing","logon_id":"c0a4ff1cbf2798d0","process_id":12226,"image_path":"","run_as":"","publisher":"","update_state":"installed","agent_build":"2026.09.4"},{"timestamp":"2026-09-14T01:29:27.600Z","computer":"srv-082","event_id":4698,"record_id":101988,"user":"employee-257","source_ip":"10.11.1.11","target":"Approved-Maintenance","logon_type":null,"change_ticket":"CHG-DEPLOY-18","result":"success","channel":"Security","provider":"Microsoft-Windows-Security-Auditing","logon_id":"4bc6cdf1329522b1","process_id":12818,"image_path":"C:/Program Files/ApprovedAgent/agent.exe","run_as":"svc-agent","publisher":"Approved Software Team","update_state":"installed","agent_build":"2026.09.1"},{"timestamp":"2026-09-14T01:29:30.300Z","computer":"srv-125","event_id":4728,"record_id":101989,"user":"deployment-admin","source_ip":"10.11.3.14","target":"Project-Readers","logon_type":null,"change_ticket":"CHG-DEPLOY-18","result":"success","channel":"Security","provider":"Microsoft-Windows-Security-Auditing","logon_id":"4bc6cdf1329522b1","process_id":14168,"image_path":"","run_as":"","publisher":"","update_state":"installed","agent_build":"2026.09.2"},{"timestamp":"2026-09-14T01:29:33.000Z","computer":"srv-108","event_id":4697,"record_id":101990,"user":"employee-375","source_ip":"10.11.2.17","target":"ApprovedAgent","logon_type":null,"change_ticket":"CHG-DEPLOY-18","result":"success","channel":"Security","provider":"Microsoft-Windows-Security-Auditing","logon_id":"4bc6cdf1329522b1","process_id":17222,"image_path":"C:/Program Files/ApprovedAgent/agent.exe","run_as":"svc-agent","publisher":"Approved Software Team","update_state":"installed","agent_build":"2026.09.3"},{"timestamp":"2026-09-14T01:29:35.700Z","computer":"srv-239","event_id":4624,"record_id":101991,"user":"employee-136","source_ip":"10.12.4.28","target":"logon-session","logon_type":10,"change_ticket":"","result":"success","channel":"Security","provider":"Microsoft-Windows-Security-Auditing","logon_id":"4bc6cdf1329522b1","process_id":18678,"image_path":"","run_as":"","publisher":"","update_state":"installed","agent_build":"2026.09.4"},{"timestamp":"2026-09-14T01:29:38.400Z","computer":"srv-015","event_id":4624,"record_id":101992,"user":"employee-440","source_ip":"10.10.1.24","target":"logon-session","logon_type":2,"change_ticket":"","result":"success","channel":"Security","provider":"Microsoft-Windows-Security-Auditing","logon_id":"9a74a9bfee753d61","process_id":2358,"image_path":"","run_as":"","publisher":"","update_state":"installed","agent_build":"2026.09.1"},{"timestamp":"2026-09-14T01:29:41.100Z","computer":"srv-095","event_id":4634,"record_id":101993,"user":"employee-272","source_ip":"10.11.1.24","target":"logon-session","logon_type":3,"change_ticket":"","result":"success","channel":"Security","provider":"Microsoft-Windows-Security-Auditing","logon_id":"9a74a9bfee753d61","process_id":19226,"image_path":"","run_as":"","publisher":"","update_state":"installed","agent_build":"2026.09.2"},{"timestamp":"2026-09-14T01:29:43.800Z","computer":"srv-061","event_id":4688,"record_id":101994,"user":"employee-169","source_ip":"10.10.4.10","target":"logon-session","logon_type":null,"change_ticket":"","result":"success","channel":"Security","provider":"Microsoft-Windows-Security-Auditing","logon_id":"9a74a9bfee753d61","process_id":12241,"image_path":"C:/Program Files/ApprovedAgent/agent.exe","run_as":"","publisher":"Approved Software Team","update_state":"installed","agent_build":"2026.09.3"},{"timestamp":"2026-09-14T01:29:46.500Z","computer":"srv-170","event_id":4625,"record_id":101995,"user":"employee-370","source_ip":"10.12.1.19","target":"logon-session","logon_type":2,"change_ticket":"","result":"failure","channel":"Security","provider":"Microsoft-Windows-Security-Auditing","logon_id":"9a74a9bfee753d61","process_id":2834,"image_path":"","run_as":"","publisher":"","update_state":"installed","agent_build":"2026.09.4"},{"timestamp":"2026-09-14T01:29:49.200Z","computer":"srv-050","event_id":4698,"record_id":101996,"user":"employee-344","source_ip":"10.10.3.19","target":"Approved-Maintenance","logon_type":null,"change_ticket":"CHG-DEPLOY-18","result":"success","channel":"Security","provider":"Microsoft-Windows-Security-Auditing","logon_id":"9afbd3f12dd50fea","process_id":7344,"image_path":"C:/Program Files/ApprovedAgent/agent.exe","run_as":"svc-agent","publisher":"Approved Software Team","update_state":"installed","agent_build":"2026.09.1"},{"timestamp":"2026-09-14T01:29:51.900Z","computer":"srv-150","event_id":4728,"record_id":101997,"user":"employee-94","source_ip":"10.11.4.19","target":"Project-Readers","logon_type":null,"change_ticket":"CHG-DEPLOY-18","result":"success","channel":"Security","provider":"Microsoft-Windows-Security-Auditing","logon_id":"9afbd3f12dd50fea","process_id":25184,"image_path":"","run_as":"","publisher":"","update_state":"installed","agent_build":"2026.09.2"},{"timestamp":"2026-09-14T01:29:54.600Z","computer":"srv-013","event_id":4697,"record_id":101998,"user":"employee-352","source_ip":"10.10.1.22","target":"ApprovedAgent","logon_type":null,"change_ticket":"CHG-DEPLOY-18","result":"success","channel":"Security","provider":"Microsoft-Windows-Security-Auditing","logon_id":"9afbd3f12dd50fea","process_id":20489,"image_path":"C:/Program Files/ApprovedAgent/agent.exe","run_as":"svc-agent","publisher":"Approved Software Team","update_state":"installed","agent_build":"2026.09.3"},{"timestamp":"2026-09-14T01:29:57.300Z","computer":"srv-117","event_id":4624,"record_id":101999,"user":"employee-247","source_ip":"10.11.2.26","target":"logon-session","logon_type":3,"change_ticket":"","result":"success","channel":"Security","provider":"Microsoft-Windows-Security-Auditing","logon_id":"9afbd3f12dd50fea","process_id":3974,"image_path":"","run_as":"","publisher":"","update_state":"installed","agent_build":"2026.09.4"},{"timestamp":"2026-09-14T01:30:00.000Z","computer":"srv-189","event_id":4624,"record_id":102000,"user":"employee-285","source_ip":"10.12.2.18","target":"logon-session","logon_type":10,"change_ticket":"","result":"success","channel":"Security","provider":"Microsoft-Windows-Security-Auditing","logon_id":"09c8a88b8e4f1cac","process_id":13074,"image_path":"","run_as":"","publisher":"","update_state":"installed","agent_build":"2026.09.1"},{"timestamp":"2026-09-14T01:30:02.700Z","computer":"srv-217","event_id":4634,"record_id":102001,"user":"employee-95","source_ip":"10.12.3.26","target":"logon-session","logon_type":2,"change_ticket":"","result":"success","channel":"Security","provider":"Microsoft-Windows-Security-Auditing","logon_id":"09c8a88b8e4f1cac","process_id":21587,"image_path":"","run_as":"","publisher":"","update_state":"installed","agent_build":"2026.09.2"},{"timestamp":"2026-09-14T01:30:05.400Z","computer":"srv-046","event_id":4688,"record_id":102002,"user":"deployment-admin","source_ip":"10.10.3.15","target":"logon-session","logon_type":null,"change_ticket":"","result":"success","channel":"Security","provider":"Microsoft-Windows-Security-Auditing","logon_id":"09c8a88b8e4f1cac","process_id":6429,"image_path":"C:/Program Files/ApprovedAgent/agent.exe","run_as":"","publisher":"Approved Software Team","update_state":"installed","agent_build":"2026.09.3"},{"timestamp":"2026-09-14T01:30:08.100Z","computer":"srv-201","event_id":4625,"record_id":102003,"user":"employee-183","source_ip":"10.12.3.10","target":"logon-session","logon_type":10,"change_ticket":"","result":"failure","channel":"Security","provider":"Microsoft-Windows-Security-Auditing","logon_id":"09c8a88b8e4f1cac","process_id":23658,"image_path":"","run_as":"","publisher":"","update_state":"installed","agent_build":"2026.09.4"},{"timestamp":"2026-09-14T01:30:10.800Z","computer":"srv-196","event_id":4698,"record_id":102004,"user":"employee-479","source_ip":"10.12.2.25","target":"Approved-Maintenance","logon_type":null,"change_ticket":"CHG-DEPLOY-18","result":"success","channel":"Security","provider":"Microsoft-Windows-Security-Auditing","logon_id":"41cfb9791a016109","process_id":5052,"image_path":"C:/Program Files/ApprovedAgent/agent.exe","run_as":"svc-agent","publisher":"Approved Software Team","update_state":"installed","agent_build":"2026.09.1"},{"timestamp":"2026-09-14T01:30:13.500Z","computer":"srv-162","event_id":4728,"record_id":102005,"user":"employee-469","source_ip":"10.12.1.11","target":"Project-Readers","logon_type":null,"change_ticket":"CHG-DEPLOY-18","result":"success","channel":"Security","provider":"Microsoft-Windows-Security-Auditing","logon_id":"41cfb9791a016109","process_id":5138,"image_path":"","run_as":"","publisher":"","update_state":"installed","agent_build":"2026.09.2"},{"timestamp":"2026-09-14T01:30:16.200Z","computer":"srv-161","event_id":4697,"record_id":102006,"user":"employee-407","source_ip":"10.12.1.10","target":"ApprovedAgent","logon_type":null,"change_ticket":"CHG-DEPLOY-18","result":"success","channel":"Security","provider":"Microsoft-Windows-Security-Auditing","logon_id":"41cfb9791a016109","process_id":2184,"image_path":"C:/Program Files/ApprovedAgent/agent.exe","run_as":"svc-agent","publisher":"Approved Software Team","update_state":"no-report","agent_build":"2026.09.3"},{"timestamp":"2026-09-14T01:30:18.900Z","computer":"srv-015","event_id":4624,"record_id":102007,"user":"employee-397","source_ip":"10.10.1.24","target":"logon-session","logon_type":2,"change_ticket":"","result":"success","channel":"Security","provider":"Microsoft-Windows-Security-Auditing","logon_id":"41cfb9791a016109","process_id":8408,"image_path":"","run_as":"","publisher":"","update_state":"installed","agent_build":"2026.09.4"},{"timestamp":"2026-09-14T01:30:21.600Z","computer":"srv-091","event_id":4624,"record_id":102008,"user":"employee-3","source_ip":"10.11.1.20","target":"logon-session","logon_type":3,"change_ticket":"","result":"success","channel":"Security","provider":"Microsoft-Windows-Security-Auditing","logon_id":"bea6eba62be38121","process_id":4451,"image_path":"","run_as":"","publisher":"","update_state":"installed","agent_build":"2026.09.1"},{"timestamp":"2026-09-14T01:30:24.300Z","computer":"srv-155","event_id":4634,"record_id":102009,"user":"employee-269","source_ip":"10.11.4.24","target":"logon-session","logon_type":10,"change_ticket":"","result":"success","channel":"Security","provider":"Microsoft-Windows-Security-Auditing","logon_id":"bea6eba62be38121","process_id":2482,"image_path":"","run_as":"","publisher":"","update_state":"installed","agent_build":"2026.09.2"},{"timestamp":"2026-09-14T01:30:27.000Z","computer":"srv-110","event_id":4688,"record_id":102010,"user":"employee-96","source_ip":"10.11.2.19","target":"logon-session","logon_type":null,"change_ticket":"","result":"success","channel":"Security","provider":"Microsoft-Windows-Security-Auditing","logon_id":"bea6eba62be38121","process_id":8602,"image_path":"C:/Program Files/ApprovedAgent/agent.exe","run_as":"","publisher":"Approved Software Team","update_state":"installed","agent_build":"2026.09.3"},{"timestamp":"2026-09-14T01:30:29.700Z","computer":"srv-167","event_id":4625,"record_id":102011,"user":"employee-138","source_ip":"10.12.1.16","target":"logon-session","logon_type":3,"change_ticket":"","result":"failure","channel":"Security","provider":"Microsoft-Windows-Security-Auditing","logon_id":"bea6eba62be38121","process_id":14931,"image_path":"","run_as":"","publisher":"","update_state":"installed","agent_build":"2026.09.4"},{"timestamp":"2026-09-14T01:30:32.400Z","computer":"srv-237","event_id":4698,"record_id":102012,"user":"employee-274","source_ip":"10.12.4.26","target":"Approved-Maintenance","logon_type":null,"change_ticket":"CHG-DEPLOY-18","result":"success","channel":"Security","provider":"Microsoft-Windows-Security-Auditing","logon_id":"eccb8e8d23f5c896","process_id":12534,"image_path":"C:/Program Files/ApprovedAgent/agent.exe","run_as":"svc-agent","publisher":"Approved Software Team","update_state":"installed","agent_build":"2026.09.1"},{"timestamp":"2026-09-14T01:30:35.100Z","computer":"srv-185","event_id":4728,"record_id":102013,"user":"employee-43","source_ip":"10.12.2.14","target":"Project-Readers","logon_type":null,"change_ticket":"CHG-DEPLOY-18","result":"success","channel":"Security","provider":"Microsoft-Windows-Security-Auditing","logon_id":"eccb8e8d23f5c896","process_id":12025,"image_path":"","run_as":"","publisher":"","update_state":"installed","agent_build":"2026.09.2"},