{"timestamp":"2026-09-14T02:04:01.200Z","computer":"srv-110","event_id":4698,"record_id":102756,"user":"deployment-admin","source_ip":"10.11.2.19","target":"Approved-Maintenance","logon_type":null,"change_ticket":"CHG-DEPLOY-18","result":"success","channel":"Security","provider":"Microsoft-Windows-Security-Auditing","logon_id":"edd0133fc96b51c9","process_id":16481,"image_path":"C:/Program Files/ApprovedAgent/agent.exe","run_as":"svc-agent","publisher":"Approved Software Team","update_state":"installed","agent_build":"2026.09.1"},{"timestamp":"2026-09-14T02:04:03.900Z","computer":"srv-176","event_id":4728,"record_id":102757,"user":"employee-103","source_ip":"10.12.1.25","target":"Project-Readers","logon_type":null,"change_ticket":"CHG-DEPLOY-18","result":"success","channel":"Security","provider":"Microsoft-Windows-Security-Auditing","logon_id":"edd0133fc96b51c9","process_id":15490,"image_path":"","run_as":"","publisher":"","update_state":"installed","agent_build":"2026.09.2"},{"timestamp":"2026-09-14T02:04:06.600Z","computer":"srv-109","event_id":4697,"record_id":102758,"user":"employee-312","source_ip":"10.11.2.18","target":"ApprovedAgent","logon_type":null,"change_ticket":"CHG-DEPLOY-18","result":"success","channel":"Security","provider":"Microsoft-Windows-Security-Auditing","logon_id":"edd0133fc96b51c9","process_id":19462,"image_path":"C:/Program Files/ApprovedAgent/agent.exe","run_as":"svc-agent","publisher":"Approved Software Team","update_state":"installed","agent_build":"2026.09.3"},{"timestamp":"2026-09-14T02:04:09.300Z","computer":"srv-091","event_id":4624,"record_id":102759,"user":"employee-329","source_ip":"10.11.1.20","target":"logon-session","logon_type":10,"change_ticket":"","result":"success","channel":"Security","provider":"Microsoft-Windows-Security-Auditing","logon_id":"edd0133fc96b51c9","process_id":19036,"image_path":"","run_as":"","publisher":"","update_state":"restart-pending","agent_build":"2026.09.4"},{"timestamp":"2026-09-14T02:04:12.000Z","computer":"srv-174","event_id":4624,"record_id":102760,"user":"employee-67","source_ip":"10.12.1.23","target":"logon-session","logon_type":2,"change_ticket":"","result":"success","channel":"Security","provider":"Microsoft-Windows-Security-Auditing","logon_id":"172898a724c5c1f4","process_id":7279,"image_path":"","run_as":"","publisher":"","update_state":"installed","agent_build":"2026.09.1"},{"timestamp":"2026-09-14T02:04:14.700Z","computer":"srv-130","event_id":4634,"record_id":102761,"user":"employee-121","source_ip":"10.11.3.19","target":"logon-session","logon_type":3,"change_ticket":"","result":"success","channel":"Security","provider":"Microsoft-Windows-Security-Auditing","logon_id":"172898a724c5c1f4","process_id":2278,"image_path":"","run_as":"","publisher":"","update_state":"installed","agent_build":"2026.09.2"},{"timestamp":"2026-09-14T02:04:17.400Z","computer":"srv-038","event_id":4688,"record_id":102762,"user":"employee-62","source_ip":"10.10.2.27","target":"logon-session","logon_type":null,"change_ticket":"","result":"success","channel":"Security","provider":"Microsoft-Windows-Security-Auditing","logon_id":"172898a724c5c1f4","process_id":7894,"image_path":"C:/Program Files/ApprovedAgent/agent.exe","run_as":"","publisher":"Approved Software Team","update_state":"installed","agent_build":"2026.09.3"},{"timestamp":"2026-09-14T02:04:20.100Z","computer":"srv-135","event_id":4625,"record_id":102763,"user":"employee-75","source_ip":"10.11.3.24","target":"logon-session","logon_type":2,"change_ticket":"","result":"failure","channel":"Security","provider":"Microsoft-Windows-Security-Auditing","logon_id":"172898a724c5c1f4","process_id":21738,"image_path":"","run_as":"","publisher":"","update_state":"installed","agent_build":"2026.09.4"},{"timestamp":"2026-09-14T02:04:22.800Z","computer":"srv-038","event_id":4698,"record_id":102764,"user":"employee-416","source_ip":"10.10.2.27","target":"Approved-Maintenance","logon_type":null,"change_ticket":"CHG-DEPLOY-18","result":"success","channel":"Security","provider":"Microsoft-Windows-Security-Auditing","logon_id":"f80778cd5de28fba","process_id":21454,"image_path":"C:/Program Files/ApprovedAgent/agent.exe","run_as":"svc-agent","publisher":"Approved Software Team","update_state":"installed","agent_build":"2026.09.1"},{"timestamp":"2026-09-14T02:04:25.500Z","computer":"srv-133","event_id":4728,"record_id":102765,"user":"employee-421","source_ip":"10.11.3.22","target":"Project-Readers","logon_type":null,"change_ticket":"CHG-DEPLOY-18","result":"success","channel":"Security","provider":"Microsoft-Windows-Security-Auditing","logon_id":"f80778cd5de28fba","process_id":9352,"image_path":"","run_as":"","publisher":"","update_state":"installed","agent_build":"2026.09.2"},{"timestamp":"2026-09-14T02:04:28.200Z","computer":"srv-137","event_id":4697,"record_id":102766,"user":"employee-439","source_ip":"10.11.3.26","target":"ApprovedAgent","logon_type":null,"change_ticket":"CHG-DEPLOY-18","result":"success","channel":"Security","provider":"Microsoft-Windows-Security-Auditing","logon_id":"f80778cd5de28fba","process_id":12212,"image_path":"C:/Program Files/ApprovedAgent/agent.exe","run_as":"svc-agent","publisher":"Approved Software Team","update_state":"installed","agent_build":"2026.09.3"},{"timestamp":"2026-09-14T02:04:30.900Z","computer":"srv-186","event_id":4624,"record_id":102767,"user":"employee-41","source_ip":"10.12.2.15","target":"logon-session","logon_type":3,"change_ticket":"","result":"success","channel":"Security","provider":"Microsoft-Windows-Security-Auditing","logon_id":"f80778cd5de28fba","process_id":20198,"image_path":"","run_as":"","publisher":"","update_state":"installed","agent_build":"2026.09.4"},{"timestamp":"2026-09-14T02:04:33.600Z","computer":"srv-185","event_id":4624,"record_id":102768,"user":"employee-119","source_ip":"10.12.2.14","target":"logon-session","logon_type":10,"change_ticket":"","result":"success","channel":"Security","provider":"Microsoft-Windows-Security-Auditing","logon_id":"f0d3ef572cc537c2","process_id":1034,"image_path":"","run_as":"","publisher":"","update_state":"installed","agent_build":"2026.09.1"},{"timestamp":"2026-09-14T02:04:36.300Z","computer":"srv-158","event_id":4634,"record_id":102769,"user":"deployment-admin","source_ip":"10.11.4.27","target":"logon-session","logon_type":2,"change_ticket":"","result":"success","channel":"Security","provider":"Microsoft-Windows-Security-Auditing","logon_id":"f0d3ef572cc537c2","process_id":13198,"image_path":"","run_as":"","publisher":"","update_state":"installed","agent_build":"2026.09.2"},{"timestamp":"2026-09-14T02:04:39.000Z","computer":"srv-024","event_id":4688,"record_id":102770,"user":"employee-34","source_ip":"10.10.2.13","target":"logon-session","logon_type":null,"change_ticket":"","result":"success","channel":"Security","provider":"Microsoft-Windows-Security-Auditing","logon_id":"f0d3ef572cc537c2","process_id":13563,"image_path":"C:/Program Files/ApprovedAgent/agent.exe","run_as":"","publisher":"Approved Software Team","update_state":"installed","agent_build":"2026.09.3"},{"timestamp":"2026-09-14T02:04:41.700Z","computer":"srv-216","event_id":4625,"record_id":102771,"user":"employee-79","source_ip":"10.12.3.25","target":"logon-session","logon_type":10,"change_ticket":"","result":"failure","channel":"Security","provider":"Microsoft-Windows-Security-Auditing","logon_id":"f0d3ef572cc537c2","process_id":6946,"image_path":"","run_as":"","publisher":"","update_state":"installed","agent_build":"2026.09.4"},{"timestamp":"2026-09-14T02:04:44.400Z","computer":"srv-026","event_id":4698,"record_id":102772,"user":"employee-107","source_ip":"10.10.2.15","target":"Approved-Maintenance","logon_type":null,"change_ticket":"CHG-DEPLOY-18","result":"success","channel":"Security","provider":"Microsoft-Windows-Security-Auditing","logon_id":"5a85479f807c80a3","process_id":7642,"image_path":"C:/Program Files/ApprovedAgent/agent.exe","run_as":"svc-agent","publisher":"Approved Software Team","update_state":"installed","agent_build":"2026.09.1"},{"timestamp":"2026-09-14T02:04:47.100Z","computer":"srv-031","event_id":4728,"record_id":102773,"user":"employee-65","source_ip":"10.10.2.20","target":"Project-Readers","logon_type":null,"change_ticket":"CHG-DEPLOY-18","result":"success","channel":"Security","provider":"Microsoft-Windows-Security-Auditing","logon_id":"5a85479f807c80a3","process_id":15822,"image_path":"","run_as":"","publisher":"","update_state":"failed","agent_build":"2026.09.2"},{"timestamp":"2026-09-14T02:04:49.800Z","computer":"srv-140","event_id":4697,"record_id":102774,"user":"employee-401","source_ip":"10.11.3.29","target":"ApprovedAgent","logon_type":null,"change_ticket":"CHG-DEPLOY-18","result":"success","channel":"Security","provider":"Microsoft-Windows-Security-Auditing","logon_id":"5a85479f807c80a3","process_id":15958,"image_path":"C:/Program Files/ApprovedAgent/agent.exe","run_as":"svc-agent","publisher":"Approved Software Team","update_state":"installed","agent_build":"2026.09.3"},{"timestamp":"2026-09-14T02:04:52.500Z","computer":"srv-240","event_id":4624,"record_id":102775,"user":"employee-180","source_ip":"10.12.4.29","target":"logon-session","logon_type":2,"change_ticket":"","result":"success","channel":"Security","provider":"Microsoft-Windows-Security-Auditing","logon_id":"5a85479f807c80a3","process_id":19748,"image_path":"","run_as":"","publisher":"","update_state":"installed","agent_build":"2026.09.4"},{"timestamp":"2026-09-14T02:04:55.200Z","computer":"srv-052","event_id":4624,"record_id":102776,"user":"employee-182","source_ip":"10.10.3.21","target":"logon-session","logon_type":3,"change_ticket":"","result":"success","channel":"Security","provider":"Microsoft-Windows-Security-Auditing","logon_id":"861d29b8225d3922","process_id":14453,"image_path":"","run_as":"","publisher":"","update_state":"installed","agent_build":"2026.09.1"},{"timestamp":"2026-09-14T02:04:57.900Z","computer":"srv-060","event_id":4634,"record_id":102777,"user":"employee-411","source_ip":"10.10.3.29","target":"logon-session","logon_type":10,"change_ticket":"","result":"success","channel":"Security","provider":"Microsoft-Windows-Security-Auditing","logon_id":"861d29b8225d3922","process_id":1747,"image_path":"","run_as":"","publisher":"","update_state":"installed","agent_build":"2026.09.2"},{"timestamp":"2026-09-14T02:05:00.600Z","computer":"srv-238","event_id":4688,"record_id":102778,"user":"employee-135","source_ip":"10.12.4.27","target":"logon-session","logon_type":null,"change_ticket":"","result":"success","channel":"Security","provider":"Microsoft-Windows-Security-Auditing","logon_id":"861d29b8225d3922","process_id":11086,"image_path":"C:/Program Files/ApprovedAgent/agent.exe","run_as":"","publisher":"Approved Software Team","update_state":"installed","agent_build":"2026.09.3"},{"timestamp":"2026-09-14T02:05:03.300Z","computer":"srv-225","event_id":4625,"record_id":102779,"user":"employee-336","source_ip":"10.12.4.14","target":"logon-session","logon_type":3,"change_ticket":"","result":"failure","channel":"Security","provider":"Microsoft-Windows-Security-Auditing","logon_id":"861d29b8225d3922","process_id":3004,"image_path":"","run_as":"","publisher":"","update_state":"installed","agent_build":"2026.09.4"},{"timestamp":"2026-09-14T02:05:06.000Z","computer":"srv-189","event_id":4698,"record_id":102780,"user":"employee-341","source_ip":"10.12.2.18","target":"Approved-Maintenance","logon_type":null,"change_ticket":"CHG-DEPLOY-18","result":"success","channel":"Security","provider":"Microsoft-Windows-Security-Auditing","logon_id":"497eeba12da6bcc2","process_id":3941,"image_path":"C:/Program Files/ApprovedAgent/agent.exe","run_as":"svc-agent","publisher":"Approved Software Team","update_state":"installed","agent_build":"2026.09.1"},{"timestamp":"2026-09-14T02:05:08.700Z","computer":"srv-166","event_id":4728,"record_id":102781,"user":"employee-363","source_ip":"10.12.1.15","target":"Project-Readers","logon_type":null,"change_ticket":"CHG-DEPLOY-18","result":"success","channel":"Security","provider":"Microsoft-Windows-Security-Auditing","logon_id":"497eeba12da6bcc2","process_id":24679,"image_path":"","run_as":"","publisher":"","update_state":"installed","agent_build":"2026.09.2"},{"timestamp":"2026-09-14T02:05:11.400Z","computer":"srv-010","event_id":4697,"record_id":102782,"user":"deployment-admin","source_ip":"10.10.1.19","target":"ApprovedAgent","logon_type":null,"change_ticket":"CHG-DEPLOY-18","result":"success","channel":"Security","provider":"Microsoft-Windows-Security-Auditing","logon_id":"497eeba12da6bcc2","process_id":17750,"image_path":"C:/Program Files/ApprovedAgent/agent.exe","run_as":"svc-agent","publisher":"Approved Software Team","update_state":"installed","agent_build":"2026.09.3"},{"timestamp":"2026-09-14T02:05:14.100Z","computer":"srv-014","event_id":4624,"record_id":102783,"user":"employee-371","source_ip":"10.10.1.23","target":"logon-session","logon_type":10,"change_ticket":"","result":"success","channel":"Security","provider":"Microsoft-Windows-Security-Auditing","logon_id":"497eeba12da6bcc2","process_id":21258,"image_path":"","run_as":"","publisher":"","update_state":"installed","agent_build":"2026.09.4"},{"timestamp":"2026-09-14T02:05:16.800Z","computer":"srv-166","event_id":4624,"record_id":102784,"user":"employee-263","source_ip":"10.12.1.15","target":"logon-session","logon_type":2,"change_ticket":"","result":"success","channel":"Security","provider":"Microsoft-Windows-Security-Auditing","logon_id":"1458515162a721eb","process_id":16169,"image_path":"","run_as":"","publisher":"","update_state":"installed","agent_build":"2026.09.1"},{"timestamp":"2026-09-14T02:05:19.500Z","computer":"srv-194","event_id":4634,"record_id":102785,"user":"employee-43","source_ip":"10.12.2.23","target":"logon-session","logon_type":3,"change_ticket":"","result":"success","channel":"Security","provider":"Microsoft-Windows-Security-Auditing","logon_id":"1458515162a721eb","process_id":20138,"image_path":"","run_as":"","publisher":"","update_state":"installed","agent_build":"2026.09.2"},{"timestamp":"2026-09-14T02:05:22.200Z","computer":"srv-166","event_id":4688,"record_id":102786,"user":"employee-409","source_ip":"10.12.1.15","target":"logon-session","logon_type":null,"change_ticket":"","result":"success","channel":"Security","provider":"Microsoft-Windows-Security-Auditing","logon_id":"1458515162a721eb","process_id":22743,"image_path":"C:/Program Files/ApprovedAgent/agent.exe","run_as":"","publisher":"Approved Software Team","update_state":"installed","agent_build":"2026.09.3"},{"timestamp":"2026-09-14T02:05:24.900Z","computer":"srv-090","event_id":4625,"record_id":102787,"user":"employee-58","source_ip":"10.11.1.19","target":"logon-session","logon_type":2,"change_ticket":"","result":"failure","channel":"Security","provider":"Microsoft-Windows-Security-Auditing","logon_id":"1458515162a721eb","process_id":4668,"image_path":"","run_as":"","publisher":"","update_state":"installed","agent_build":"2026.09.4"},{"timestamp":"2026-09-14T02:05:27.600Z","computer":"srv-024","event_id":4698,"record_id":102788,"user":"employee-341","source_ip":"10.10.2.13","target":"Approved-Maintenance","logon_type":null,"change_ticket":"CHG-DEPLOY-18","result":"success","channel":"Security","provider":"Microsoft-Windows-Security-Auditing","logon_id":"d5f27a11c3d31f67","process_id":16440,"image_path":"C:/Program Files/ApprovedAgent/agent.exe","run_as":"svc-agent","publisher":"Approved Software Team","update_state":"installed","agent_build":"2026.09.1"},{"timestamp":"2026-09-14T02:05:30.300Z","computer":"srv-019","event_id":4728,"record_id":102789,"user":"employee-167","source_ip":"10.10.1.28","target":"Project-Readers","logon_type":null,"change_ticket":"CHG-DEPLOY-18","result":"success","channel":"Security","provider":"Microsoft-Windows-Security-Auditing","logon_id":"d5f27a11c3d31f67","process_id":7278,"image_path":"","run_as":"","publisher":"","update_state":"installed","agent_build":"2026.09.2"},{"timestamp":"2026-09-14T02:05:33.000Z","computer":"srv-188","event_id":4697,"record_id":102790,"user":"employee-23","source_ip":"10.12.2.17","target":"ApprovedAgent","logon_type":null,"change_ticket":"CHG-DEPLOY-18","result":"success","channel":"Security","provider":"Microsoft-Windows-Security-Auditing","logon_id":"d5f27a11c3d31f67","process_id":23175,"image_path":"C:/Program Files/ApprovedAgent/agent.exe","run_as":"svc-agent","publisher":"Approved Software Team","update_state":"restart-pending","agent_build":"2026.09.3"},{"timestamp":"2026-09-14T02:05:35.700Z","computer":"srv-031","event_id":4624,"record_id":102791,"user":"employee-444","source_ip":"10.10.2.20","target":"logon-session","logon_type":3,"change_ticket":"","result":"success","channel":"Security","provider":"Microsoft-Windows-Security-Auditing","logon_id":"d5f27a11c3d31f67","process_id":5686,"image_path":"","run_as":"","publisher":"","update_state":"installed","agent_build":"2026.09.4"},{"timestamp":"2026-09-14T02:05:38.400Z","computer":"srv-180","event_id":4624,"record_id":102792,"user":"employee-433","source_ip":"10.12.1.29","target":"logon-session","logon_type":10,"change_ticket":"","result":"success","channel":"Security","provider":"Microsoft-Windows-Security-Auditing","logon_id":"2114b6031c505bbb","process_id":12888,"image_path":"","run_as":"","publisher":"","update_state":"installed","agent_build":"2026.09.1"},{"timestamp":"2026-09-14T02:05:41.100Z","computer":"srv-091","event_id":4634,"record_id":102793,"user":"employee-351","source_ip":"10.11.1.20","target":"logon-session","logon_type":2,"change_ticket":"","result":"success","channel":"Security","provider":"Microsoft-Windows-Security-Auditing","logon_id":"2114b6031c505bbb","process_id":15139,"image_path":"","run_as":"","publisher":"","update_state":"installed","agent_build":"2026.09.2"},{"timestamp":"2026-09-14T02:05:43.800Z","computer":"srv-005","event_id":4688,"record_id":102794,"user":"employee-314","source_ip":"10.10.1.14","target":"logon-session","logon_type":null,"change_ticket":"","result":"success","channel":"Security","provider":"Microsoft-Windows-Security-Auditing","logon_id":"2114b6031c505bbb","process_id":3921,"image_path":"C:/Program Files/ApprovedAgent/agent.exe","run_as":"","publisher":"Approved Software Team","update_state":"installed","agent_build":"2026.09.3"},{"timestamp":"2026-09-14T02:05:46.500Z","computer":"srv-021","event_id":4625,"record_id":102795,"user":"deployment-admin","source_ip":"10.10.2.10","target":"logon-session","logon_type":10,"change_ticket":"","result":"failure","channel":"Security","provider":"Microsoft-Windows-Security-Auditing","logon_id":"2114b6031c505bbb","process_id":11568,"image_path":"","run_as":"","publisher":"","update_state":"installed","agent_build":"2026.09.4"},{"timestamp":"2026-09-14T02:05:49.200Z","computer":"srv-070","event_id":4698,"record_id":102796,"user":"employee-395","source_ip":"10.10.4.19","target":"Approved-Maintenance","logon_type":null,"change_ticket":"CHG-DEPLOY-18","result":"success","channel":"Security","provider":"Microsoft-Windows-Security-Auditing","logon_id":"0a7ce01668f87304","process_id":12521,"image_path":"C:/Program Files/ApprovedAgent/agent.exe","run_as":"svc-agent","publisher":"Approved Software Team","update_state":"installed","agent_build":"2026.09.1"},{"timestamp":"2026-09-14T02:05:51.900Z","computer":"srv-031","event_id":4728,"record_id":102797,"user":"employee-41","source_ip":"10.10.2.20","target":"Project-Readers","logon_type":null,"change_ticket":"CHG-DEPLOY-18","result":"success","channel":"Security","provider":"Microsoft-Windows-Security-Auditing","logon_id":"0a7ce01668f87304","process_id":8075,"image_path":"","run_as":"","publisher":"","update_state":"installed","agent_build":"2026.09.2"},{"timestamp":"2026-09-14T02:05:54.600Z","computer":"srv-015","event_id":4697,"record_id":102798,"user":"employee-121","source_ip":"10.10.1.24","target":"ApprovedAgent","logon_type":null,"change_ticket":"CHG-DEPLOY-18","result":"success","channel":"Security","provider":"Microsoft-Windows-Security-Auditing","logon_id":"0a7ce01668f87304","process_id":8444,"image_path":"C:/Program Files/ApprovedAgent/agent.exe","run_as":"svc-agent","publisher":"Approved Software Team","update_state":"installed","agent_build":"2026.09.3"},{"timestamp":"2026-09-14T02:05:57.300Z","computer":"srv-236","event_id":4624,"record_id":102799,"user":"employee-454","source_ip":"10.12.4.25","target":"logon-session","logon_type":2,"change_ticket":"","result":"success","channel":"Security","provider":"Microsoft-Windows-Security-Auditing","logon_id":"0a7ce01668f87304","process_id":22021,"image_path":"","run_as":"","publisher":"","update_state":"installed","agent_build":"2026.09.4"},{"timestamp":"2026-09-14T02:06:00.000Z","computer":"srv-171","event_id":4624,"record_id":102800,"user":"employee-235","source_ip":"10.12.1.20","target":"logon-session","logon_type":3,"change_ticket":"","result":"success","channel":"Security","provider":"Microsoft-Windows-Security-Auditing","logon_id":"d9b5b5c49e8cd065","process_id":6440,"image_path":"","run_as":"","publisher":"","update_state":"installed","agent_build":"2026.09.1"},{"timestamp":"2026-09-14T02:06:02.700Z","computer":"srv-176","event_id":4634,"record_id":102801,"user":"employee-299","source_ip":"10.12.1.25","target":"logon-session","logon_type":10,"change_ticket":"","result":"success","channel":"Security","provider":"Microsoft-Windows-Security-Auditing","logon_id":"d9b5b5c49e8cd065","process_id":24219,"image_path":"","run_as":"","publisher":"","update_state":"installed","agent_build":"2026.09.2"},{"timestamp":"2026-09-14T02:06:05.400Z","computer":"srv-053","event_id":4688,"record_id":102802,"user":"employee-199","source_ip":"10.10.3.22","target":"logon-session","logon_type":null,"change_ticket":"","result":"success","channel":"Security","provider":"Microsoft-Windows-Security-Auditing","logon_id":"d9b5b5c49e8cd065","process_id":4137,"image_path":"C:/Program Files/ApprovedAgent/agent.exe","run_as":"","publisher":"Approved Software Team","update_state":"installed","agent_build":"2026.09.3"},{"timestamp":"2026-09-14T02:06:08.100Z","computer":"srv-218","event_id":4625,"record_id":102803,"user":"employee-374","source_ip":"10.12.3.27","target":"logon-session","logon_type":3,"change_ticket":"","result":"failure","channel":"Security","provider":"Microsoft-Windows-Security-Auditing","logon_id":"d9b5b5c49e8cd065","process_id":15860,"image_path":"","run_as":"","publisher":"","update_state":"installed","agent_build":"2026.09.4"},{"timestamp":"2026-09-14T02:06:10.800Z","computer":"srv-034","event_id":4698,"record_id":102804,"user":"employee-412","source_ip":"10.10.2.23","target":"Approved-Maintenance","logon_type":null,"change_ticket":"CHG-DEPLOY-18","result":"success","channel":"Security","provider":"Microsoft-Windows-Security-Auditing","logon_id":"24a8af429e82a7f6","process_id":16085,"image_path":"C:/Program Files/ApprovedAgent/agent.exe","run_as":"svc-agent","publisher":"Approved Software Team","update_state":"installed","agent_build":"2026.09.1"},{"timestamp":"2026-09-14T02:06:13.500Z","computer":"srv-142","event_id":4728,"record_id":102805,"user":"employee-328","source_ip":"10.11.4.11","target":"Project-Readers","logon_type":null,"change_ticket":"CHG-DEPLOY-18","result":"success","channel":"Security","provider":"Microsoft-Windows-Security-Auditing","logon_id":"24a8af429e82a7f6","process_id":8492,"image_path":"","run_as":"","publisher":"","update_state":"installed","agent_build":"2026.09.2"},{"timestamp":"2026-09-14T02:06:16.200Z","computer":"srv-001","event_id":4697,"record_id":102806,"user":"employee-320","source_ip":"10.10.1.10","target":"ApprovedAgent","logon_type":null,"change_ticket":"CHG-DEPLOY-18","result":"success","channel":"Security","provider":"Microsoft-Windows-Security-Auditing","logon_id":"24a8af429e82a7f6","process_id":22614,"image_path":"C:/Program Files/ApprovedAgent/agent.exe","run_as":"svc-agent","publisher":"Approved Software Team","update_state":"installed","agent_build":"2026.09.3"},{"timestamp":"2026-09-14T02:06:18.900Z","computer":"srv-094","event_id":4624,"record_id":102807,"user":"employee-439","source_ip":"10.11.1.23","target":"logon-session","logon_type":10,"change_ticket":"","result":"success","channel":"Security","provider":"Microsoft-Windows-Security-Auditing","logon_id":"24a8af429e82a7f6","process_id":18856,"image_path":"","run_as":"","publisher":"","update_state":"installed","agent_build":"2026.09.4"},{"timestamp":"2026-09-14T02:06:21.600Z","computer":"srv-096","event_id":4624,"record_id":102808,"user":"deployment-admin","source_ip":"10.11.1.25","target":"logon-session","logon_type":2,"change_ticket":"","result":"success","channel":"Security","provider":"Microsoft-Windows-Security-Auditing","logon_id":"c61940f12c4b870d","process_id":2511,"image_path":"","run_as":"","publisher":"","update_state":"installed","agent_build":"2026.09.1"},{"timestamp":"2026-09-14T02:06:24.300Z","computer":"srv-086","event_id":4634,"record_id":102809,"user":"employee-362","source_ip":"10.11.1.15","target":"logon-session","logon_type":3,"change_ticket":"","result":"success","channel":"Security","provider":"Microsoft-Windows-Security-Auditing","logon_id":"c61940f12c4b870d","process_id":3086,"image_path":"","run_as":"","publisher":"","update_state":"installed","agent_build":"2026.09.2"},{"timestamp":"2026-09-14T02:06:27.000Z","computer":"srv-063","event_id":4688,"record_id":102810,"user":"employee-179","source_ip":"10.10.4.12","target":"logon-session","logon_type":null,"change_ticket":"","result":"success","channel":"Security","provider":"Microsoft-Windows-Security-Auditing","logon_id":"c61940f12c4b870d","process_id":21835,"image_path":"C:/Program Files/ApprovedAgent/agent.exe","run_as":"","publisher":"Approved Software Team","update_state":"installed","agent_build":"2026.09.3"},{"timestamp":"2026-09-14T02:06:29.700Z","computer":"srv-216","event_id":4625,"record_id":102811,"user":"employee-434","source_ip":"10.12.3.25","target":"logon-session","logon_type":2,"change_ticket":"","result":"failure","channel":"Security","provider":"Microsoft-Windows-Security-Auditing","logon_id":"c61940f12c4b870d","process_id":21556,"image_path":"","run_as":"","publisher":"","update_state":"installed","agent_build":"2026.09.4"},{"timestamp":"2026-09-14T02:06:32.400Z","computer":"srv-090","event_id":4698,"record_id":102812,"user":"employee-393","source_ip":"10.11.1.19","target":"Approved-Maintenance","logon_type":null,"change_ticket":"CHG-DEPLOY-18","result":"success","channel":"Security","provider":"Microsoft-Windows-Security-Auditing","logon_id":"440b4991210602ef","process_id":18152,"image_path":"C:/Program Files/ApprovedAgent/agent.exe","run_as":"svc-agent","publisher":"Approved Software Team","update_state":"installed","agent_build":"2026.09.1"},{"timestamp":"2026-09-14T02:06:35.100Z","computer":"srv-200","event_id":4728,"record_id":102813,"user":"employee-348","source_ip":"10.12.2.29","target":"Project-Readers","logon_type":null,"change_ticket":"CHG-DEPLOY-18","result":"success","channel":"Security","provider":"Microsoft-Windows-Security-Auditing","logon_id":"440b4991210602ef","process_id":9717,"image_path":"","run_as":"","publisher":"","update_state":"installed","agent_build":"2026.09.2"},{"timestamp":"2026-09-14T02:06:37.800Z","computer":"srv-054","event_id":4697,"record_id":102814,"user":"employee-254","source_ip":"10.10.3.23","target":"ApprovedAgent","logon_type":null,"change_ticket":"CHG-DEPLOY-18","result":"success","channel":"Security","provider":"Microsoft-Windows-Security-Auditing","logon_id":"440b4991210602ef","process_id":6922,"image_path":"C:/Program Files/ApprovedAgent/agent.exe","run_as":"svc-agent","publisher":"Approved Software Team","update_state":"installed","agent_build":"2026.09.3"},{"timestamp":"2026-09-14T02:06:40.500Z","computer":"srv-218","event_id":4624,"record_id":102815,"user":"employee-127","source_ip":"10.12.3.27","target":"logon-session","logon_type":3,"change_ticket":"","result":"success","channel":"Security","provider":"Microsoft-Windows-Security-Auditing","logon_id":"440b4991210602ef","process_id":22083,"image_path":"","run_as":"","publisher":"","update_state":"installed","agent_build":"2026.09.4"},{"timestamp":"2026-09-14T02:06:43.200Z","computer":"srv-097","event_id":4624,"record_id":102816,"user":"employee-76","source_ip":"10.11.1.26","target":"logon-session","logon_type":10,"change_ticket":"","result":"success","channel":"Security","provider":"Microsoft-Windows-Security-Auditing","logon_id":"b24c3063d6b7dd51","process_id":5527,"image_path":"","run_as":"","publisher":"","update_state":"installed","agent_build":"2026.09.1"},{"timestamp":"2026-09-14T02:06:45.900Z","computer":"srv-142","event_id":4634,"record_id":102817,"user":"employee-123","source_ip":"10.11.4.11","target":"logon-session","logon_type":2,"change_ticket":"","result":"success","channel":"Security","provider":"Microsoft-Windows-Security-Auditing","logon_id":"b24c3063d6b7dd51","process_id":12324,"image_path":"","run_as":"","publisher":"","update_state":"installed","agent_build":"2026.09.2"},{"timestamp":"2026-09-14T02:06:48.600Z","computer":"srv-095","event_id":4688,"record_id":102818,"user":"employee-464","source_ip":"10.11.1.24","target":"logon-session","logon_type":null,"change_ticket":"","result":"success","channel":"Security","provider":"Microsoft-Windows-Security-Auditing","logon_id":"b24c3063d6b7dd51","process_id":6160,"image_path":"C:/Program Files/ApprovedAgent/agent.exe","run_as":"","publisher":"Approved Software Team","update_state":"installed","agent_build":"2026.09.3"},{"timestamp":"2026-09-14T02:06:51.300Z","computer":"srv-118","event_id":4625,"record_id":102819,"user":"employee-158","source_ip":"10.11.2.27","target":"logon-session","logon_type":10,"change_ticket":"","result":"failure","channel":"Security","provider":"Microsoft-Windows-Security-Auditing","logon_id":"b24c3063d6b7dd51","process_id":9685,"image_path":"","run_as":"","publisher":"","update_state":"installed","agent_build":"2026.09.4"},{"timestamp":"2026-09-14T02:06:54.000Z","computer":"srv-056","event_id":4698,"record_id":102820,"user":"employee-109","source_ip":"10.10.3.25","target":"Approved-Maintenance","logon_type":null,"change_ticket":"CHG-DEPLOY-18","result":"success","channel":"Security","provider":"Microsoft-Windows-Security-Auditing","logon_id":"954eb1e9fa8d2661","process_id":8177,"image_path":"C:/Program Files/ApprovedAgent/agent.exe","run_as":"svc-agent","publisher":"Approved Software Team","update_state":"failed","agent_build":"2026.09.1"},{"timestamp":"2026-09-14T02:06:56.700Z","computer":"srv-070","event_id":4728,"record_id":102821,"user":"deployment-admin","source_ip":"10.10.4.19","target":"Project-Readers","logon_type":null,"change_ticket":"CHG-DEPLOY-18","result":"success","channel":"Security","provider":"Microsoft-Windows-Security-Auditing","logon_id":"954eb1e9fa8d2661","process_id":8100,"image_path":"","run_as":"","publisher":"","update_state":"restart-pending","agent_build":"2026.09.2"},{"timestamp":"2026-09-14T02:06:59.400Z","computer":"srv-133","event_id":4697,"record_id":102822,"user":"employee-111","source_ip":"10.11.3.22","target":"ApprovedAgent","logon_type":null,"change_ticket":"CHG-DEPLOY-18","result":"success","channel":"Security","provider":"Microsoft-Windows-Security-Auditing","logon_id":"954eb1e9fa8d2661","process_id":17016,"image_path":"C:/Program Files/ApprovedAgent/agent.exe","run_as":"svc-agent","publisher":"Approved Software Team","update_state":"installed","agent_build":"2026.09.3"},{"timestamp":"2026-09-14T02:07:02.100Z","computer":"srv-216","event_id":4624,"record_id":102823,"user":"employee-182","source_ip":"10.12.3.25","target":"logon-session","logon_type":2,"change_ticket":"","result":"success","channel":"Security","provider":"Microsoft-Windows-Security-Auditing","logon_id":"954eb1e9fa8d2661","process_id":17885,"image_path":"","run_as":"","publisher":"","update_state":"installed","agent_build":"2026.09.4"},{"timestamp":"2026-09-14T02:07:04.800Z","computer":"srv-087","event_id":4624,"record_id":102824,"user":"employee-34","source_ip":"10.11.1.16","target":"logon-session","logon_type":3,"change_ticket":"","result":"success","channel":"Security","provider":"Microsoft-Windows-Security-Auditing","logon_id":"2cc0163efd2fcf85","process_id":23388,"image_path":"","run_as":"","publisher":"","update_state":"installed","agent_build":"2026.09.1"},{"timestamp":"2026-09-14T02:07:07.500Z","computer":"srv-120","event_id":4634,"record_id":102825,"user":"employee-40","source_ip":"10.11.2.29","target":"logon-session","logon_type":10,"change_ticket":"","result":"success","channel":"Security","provider":"Microsoft-Windows-Security-Auditing","logon_id":"2cc0163efd2fcf85","process_id":18049,"image_path":"","run_as":"","publisher":"","update_state":"installed","agent_build":"2026.09.2"},{"timestamp":"2026-09-14T02:07:10.200Z","computer":"srv-147","event_id":4688,"record_id":102826,"user":"employee-420","source_ip":"10.11.4.16","target":"logon-session","logon_type":null,"change_ticket":"","result":"success","channel":"Security","provider":"Microsoft-Windows-Security-Auditing","logon_id":"2cc0163efd2fcf85","process_id":22427,"image_path":"C:/Program Files/ApprovedAgent/agent.exe","run_as":"","publisher":"Approved Software Team","update_state":"installed","agent_build":"2026.09.3"},{"timestamp":"2026-09-14T02:07:12.900Z","computer":"srv-072","event_id":4625,"record_id":102827,"user":"employee-466","source_ip":"10.10.4.21","target":"logon-session","logon_type":3,"change_ticket":"","result":"failure","channel":"Security","provider":"Microsoft-Windows-Security-Auditing","logon_id":"2cc0163efd2fcf85","process_id":7555,"image_path":"","run_as":"","publisher":"","update_state":"installed","agent_build":"2026.09.4"},{"timestamp":"2026-09-14T02:07:15.600Z","computer":"srv-094","event_id":4698,"record_id":102828,"user":"employee-207","source_ip":"10.11.1.23","target":"Approved-Maintenance","logon_type":null,"change_ticket":"CHG-DEPLOY-18","result":"success","channel":"Security","provider":"Microsoft-Windows-Security-Auditing","logon_id":"a304a2c530bc7c1a","process_id":16206,"image_path":"C:/Program Files/ApprovedAgent/agent.exe","run_as":"svc-agent","publisher":"Approved Software Team","update_state":"installed","agent_build":"2026.09.1"},{"timestamp":"2026-09-14T02:07:18.300Z","computer":"srv-086","event_id":4728,"record_id":102829,"user":"employee-36","source_ip":"10.11.1.15","target":"Project-Readers","logon_type":null,"change_ticket":"CHG-DEPLOY-18","result":"success","channel":"Security","provider":"Microsoft-Windows-Security-Auditing","logon_id":"a304a2c530bc7c1a","process_id":13313,"image_path":"","run_as":"","publisher":"","update_state":"installed","agent_build":"2026.09.2"},{"timestamp":"2026-09-14T02:07:21.000Z","computer":"srv-026","event_id":4697,"record_id":102830,"user":"employee-265","source_ip":"10.10.2.15","target":"ApprovedAgent","logon_type":null,"change_ticket":"CHG-DEPLOY-18","result":"success","channel":"Security","provider":"Microsoft-Windows-Security-Auditing","logon_id":"a304a2c530bc7c1a","process_id":19657,"image_path":"C:/Program Files/ApprovedAgent/agent.exe","run_as":"svc-agent","publisher":"Approved Software Team","update_state":"installed","agent_build":"2026.09.3"},{"timestamp":"2026-09-14T02:07:23.700Z","computer":"srv-233","event_id":4624,"record_id":102831,"user":"employee-395","source_ip":"10.12.4.22","target":"logon-session","logon_type":10,"change_ticket":"","result":"success","channel":"Security","provider":"Microsoft-Windows-Security-Auditing","logon_id":"a304a2c530bc7c1a","process_id":19496,"image_path":"","run_as":"","publisher":"","update_state":"installed","agent_build":"2026.09.4"},{"timestamp":"2026-09-14T02:07:26.400Z","computer":"srv-135","event_id":4624,"record_id":102832,"user":"employee-155","source_ip":"10.11.3.24","target":"logon-session","logon_type":2,"change_ticket":"","result":"success","channel":"Security","provider":"Microsoft-Windows-Security-Auditing","logon_id":"8b1e34ff3233bb79","process_id":24682,"image_path":"","run_as":"","publisher":"","update_state":"no-report","agent_build":"2026.09.1"},{"timestamp":"2026-09-14T02:07:29.100Z","computer":"srv-054","event_id":4634,"record_id":102833,"user":"employee-409","source_ip":"10.10.3.23","target":"logon-session","logon_type":3,"change_ticket":"","result":"success","channel":"Security","provider":"Microsoft-Windows-Security-Auditing","logon_id":"8b1e34ff3233bb79","process_id":21380,"image_path":"","run_as":"","publisher":"","update_state":"installed","agent_build":"2026.09.2"},{"timestamp":"2026-09-14T02:07:31.800Z","computer":"srv-125","event_id":4688,"record_id":102834,"user":"deployment-admin","source_ip":"10.11.3.14","target":"logon-session","logon_type":null,"change_ticket":"","result":"success","channel":"Security","provider":"Microsoft-Windows-Security-Auditing","logon_id":"8b1e34ff3233bb79","process_id":5509,"image_path":"C:/Program Files/ApprovedAgent/agent.exe","run_as":"","publisher":"Approved Software Team","update_state":"installed","agent_build":"2026.09.3"},{"timestamp":"2026-09-14T02:07:34.500Z","computer":"srv-074","event_id":4625,"record_id":102835,"user":"employee-72","source_ip":"10.10.4.23","target":"logon-session","logon_type":2,"change_ticket":"","result":"failure","channel":"Security","provider":"Microsoft-Windows-Security-Auditing","logon_id":"8b1e34ff3233bb79","process_id":10981,"image_path":"","run_as":"","publisher":"","update_state":"installed","agent_build":"2026.09.4"},{"timestamp":"2026-09-14T02:07:37.200Z","computer":"srv-185","event_id":4698,"record_id":102836,"user":"employee-24","source_ip":"10.12.2.14","target":"Approved-Maintenance","logon_type":null,"change_ticket":"CHG-DEPLOY-18","result":"success","channel":"Security","provider":"Microsoft-Windows-Security-Auditing","logon_id":"5272d736853869e4","process_id":15209,"image_path":"C:/Program Files/ApprovedAgent/agent.exe","run_as":"svc-agent","publisher":"Approved Software Team","update_state":"installed","agent_build":"2026.09.1"},{"timestamp":"2026-09-14T02:07:39.900Z","computer":"srv-113","event_id":4728,"record_id":102837,"user":"employee-216","source_ip":"10.11.2.22","target":"Project-Readers","logon_type":null,"change_ticket":"CHG-DEPLOY-18","result":"success","channel":"Security","provider":"Microsoft-Windows-Security-Auditing","logon_id":"5272d736853869e4","process_id":1855,"image_path":"","run_as":"","publisher":"","update_state":"installed","agent_build":"2026.09.2"},{"timestamp":"2026-09-14T02:07:42.600Z","computer":"srv-035","event_id":4697,"record_id":102838,"user":"employee-55","source_ip":"10.10.2.24","target":"ApprovedAgent","logon_type":null,"change_ticket":"CHG-DEPLOY-18","result":"success","channel":"Security","provider":"Microsoft-Windows-Security-Auditing","logon_id":"5272d736853869e4","process_id":15167,"image_path":"C:/Program Files/ApprovedAgent/agent.exe","run_as":"svc-agent","publisher":"Approved Software Team","update_state":"installed","agent_build":"2026.09.3"},{"timestamp":"2026-09-14T02:07:45.300Z","computer":"srv-209","event_id":4624,"record_id":102839,"user":"employee-428","source_ip":"10.12.3.18","target":"logon-session","logon_type":3,"change_ticket":"","result":"success","channel":"Security","provider":"Microsoft-Windows-Security-Auditing","logon_id":"5272d736853869e4","process_id":15813,"image_path":"","run_as":"","publisher":"","update_state":"installed","agent_build":"2026.09.4"},{"timestamp":"2026-09-14T02:07:48.000Z","computer":"srv-240","event_id":4624,"record_id":102840,"user":"employee-263","source_ip":"10.12.4.29","target":"logon-session","logon_type":10,"change_ticket":"","result":"success","channel":"Security","provider":"Microsoft-Windows-Security-Auditing","logon_id":"14d5ba85702c3ec7","process_id":7380,"image_path":"","run_as":"","publisher":"","update_state":"installed","agent_build":"2026.09.1"},{"timestamp":"2026-09-14T02:07:50.700Z","computer":"srv-230","event_id":4634,"record_id":102841,"user":"employee-367","source_ip":"10.12.4.19","target":"logon-session","logon_type":2,"change_ticket":"","result":"success","channel":"Security","provider":"Microsoft-Windows-Security-Auditing","logon_id":"14d5ba85702c3ec7","process_id":3929,"image_path":"","run_as":"","publisher":"","update_state":"installed","agent_build":"2026.09.2"},{"timestamp":"2026-09-14T02:07:53.400Z","computer":"srv-235","event_id":4688,"record_id":102842,"user":"employee-91","source_ip":"10.12.4.24","target":"logon-session","logon_type":null,"change_ticket":"","result":"success","channel":"Security","provider":"Microsoft-Windows-Security-Auditing","logon_id":"14d5ba85702c3ec7","process_id":16192,"image_path":"C:/Program Files/ApprovedAgent/agent.exe","run_as":"","publisher":"Approved Software Team","update_state":"installed","agent_build":"2026.09.3"},{"timestamp":"2026-09-14T02:07:56.100Z","computer":"srv-099","event_id":4625,"record_id":102843,"user":"employee-214","source_ip":"10.11.1.28","target":"logon-session","logon_type":10,"change_ticket":"","result":"failure","channel":"Security","provider":"Microsoft-Windows-Security-Auditing","logon_id":"14d5ba85702c3ec7","process_id":14680,"image_path":"","run_as":"","publisher":"","update_state":"installed","agent_build":"2026.09.4"},{"timestamp":"2026-09-14T02:07:58.800Z","computer":"srv-143","event_id":4698,"record_id":102844,"user":"employee-183","source_ip":"10.11.4.12","target":"Approved-Maintenance","logon_type":null,"change_ticket":"CHG-DEPLOY-18","result":"success","channel":"Security","provider":"Microsoft-Windows-Security-Auditing","logon_id":"3902fc8d095ab842","process_id":16670,"image_path":"C:/Program Files/ApprovedAgent/agent.exe","run_as":"svc-agent","publisher":"Approved Software Team","update_state":"installed","agent_build":"2026.09.1"},{"timestamp":"2026-09-14T02:08:01.500Z","computer":"srv-114","event_id":4728,"record_id":102845,"user":"employee-326","source_ip":"10.11.2.23","target":"Project-Readers","logon_type":null,"change_ticket":"CHG-DEPLOY-18","result":"success","channel":"Security","provider":"Microsoft-Windows-Security-Auditing","logon_id":"3902fc8d095ab842","process_id":22197,"image_path":"","run_as":"","publisher":"","update_state":"installed","agent_build":"2026.09.2"},{"timestamp":"2026-09-14T02:08:04.200Z","computer":"srv-070","event_id":4697,"record_id":102846,"user":"employee-417","source_ip":"10.10.4.19","target":"ApprovedAgent","logon_type":null,"change_ticket":"CHG-DEPLOY-18","result":"success","channel":"Security","provider":"Microsoft-Windows-Security-Auditing","logon_id":"3902fc8d095ab842","process_id":13648,"image_path":"C:/Program Files/ApprovedAgent/agent.exe","run_as":"svc-agent","publisher":"Approved Software Team","update_state":"installed","agent_build":"2026.09.3"},{"timestamp":"2026-09-14T02:08:06.900Z","computer":"srv-151","event_id":4624,"record_id":102847,"user":"deployment-admin","source_ip":"10.11.4.20","target":"logon-session","logon_type":2,"change_ticket":"","result":"success","channel":"Security","provider":"Microsoft-Windows-Security-Auditing","logon_id":"3902fc8d095ab842","process_id":24505,"image_path":"","run_as":"","publisher":"","update_state":"installed","agent_build":"2026.09.4"},{"timestamp":"2026-09-14T02:08:09.600Z","computer":"srv-094","event_id":4624,"record_id":102848,"user":"employee-182","source_ip":"10.11.1.23","target":"logon-session","logon_type":3,"change_ticket":"","result":"success","channel":"Security","provider":"Microsoft-Windows-Security-Auditing","logon_id":"ee2b4d26125bb240","process_id":3119,"image_path":"","run_as":"","publisher":"","update_state":"installed","agent_build":"2026.09.1"},{"timestamp":"2026-09-14T02:08:12.300Z","computer":"srv-190","event_id":4634,"record_id":102849,"user":"employee-220","source_ip":"10.12.2.19","target":"logon-session","logon_type":10,"change_ticket":"","result":"success","channel":"Security","provider":"Microsoft-Windows-Security-Auditing","logon_id":"ee2b4d26125bb240","process_id":5598,"image_path":"","run_as":"","publisher":"","update_state":"installed","agent_build":"2026.09.2"},{"timestamp":"2026-09-14T02:08:15.000Z","computer":"srv-180","event_id":4688,"record_id":102850,"user":"employee-12","source_ip":"10.12.1.29","target":"logon-session","logon_type":null,"change_ticket":"","result":"success","channel":"Security","provider":"Microsoft-Windows-Security-Auditing","logon_id":"ee2b4d26125bb240","process_id":7249,"image_path":"C:/Program Files/ApprovedAgent/agent.exe","run_as":"","publisher":"Approved Software Team","update_state":"installed","agent_build":"2026.09.3"},{"timestamp":"2026-09-14T02:08:17.700Z","computer":"srv-239","event_id":4625,"record_id":102851,"user":"employee-152","source_ip":"10.12.4.28","target":"logon-session","logon_type":3,"change_ticket":"","result":"failure","channel":"Security","provider":"Microsoft-Windows-Security-Auditing","logon_id":"ee2b4d26125bb240","process_id":7078,"image_path":"","run_as":"","publisher":"","update_state":"installed","agent_build":"2026.09.4"},{"timestamp":"2026-09-14T02:08:20.400Z","computer":"srv-183","event_id":4698,"record_id":102852,"user":"employee-145","source_ip":"10.12.2.12","target":"Approved-Maintenance","logon_type":null,"change_ticket":"CHG-DEPLOY-18","result":"success","channel":"Security","provider":"Microsoft-Windows-Security-Auditing","logon_id":"7e924efcb99f8de0","process_id":7860,"image_path":"C:/Program Files/ApprovedAgent/agent.exe","run_as":"svc-agent","publisher":"Approved Software Team","update_state":"restart-pending","agent_build":"2026.09.1"},{"timestamp":"2026-09-14T02:08:23.100Z","computer":"srv-211","event_id":4728,"record_id":102853,"user":"employee-317","source_ip":"10.12.3.20","target":"Project-Readers","logon_type":null,"change_ticket":"CHG-DEPLOY-18","result":"success","channel":"Security","provider":"Microsoft-Windows-Security-Auditing","logon_id":"7e924efcb99f8de0","process_id":17147,"image_path":"","run_as":"","publisher":"","update_state":"installed","agent_build":"2026.09.2"},{"timestamp":"2026-09-14T02:08:25.800Z","computer":"srv-167","event_id":4697,"record_id":102854,"user":"employee-231","source_ip":"10.12.1.16","target":"ApprovedAgent","logon_type":null,"change_ticket":"CHG-DEPLOY-18","result":"success","channel":"Security","provider":"Microsoft-Windows-Security-Auditing","logon_id":"7e924efcb99f8de0","process_id":16070,"image_path":"C:/Program Files/ApprovedAgent/agent.exe","run_as":"svc-agent","publisher":"Approved Software Team","update_state":"installed","agent_build":"2026.09.3"},{"timestamp":"2026-09-14T02:08:28.500Z","computer":"srv-172","event_id":4624,"record_id":102855,"user":"employee-152","source_ip":"10.12.1.21","target":"logon-session","logon_type":10,"change_ticket":"","result":"success","channel":"Security","provider":"Microsoft-Windows-Security-Auditing","logon_id":"7e924efcb99f8de0","process_id":16382,"image_path":"","run_as":"","publisher":"","update_state":"installed","agent_build":"2026.09.4"},{"timestamp":"2026-09-14T02:08:31.200Z","computer":"srv-124","event_id":4624,"record_id":102856,"user":"employee-35","source_ip":"10.11.3.13","target":"logon-session","logon_type":2,"change_ticket":"","result":"success","channel":"Security","provider":"Microsoft-Windows-Security-Auditing","logon_id":"041ee7c74e8a9c3d","process_id":15108,"image_path":"","run_as":"","publisher":"","update_state":"installed","agent_build":"2026.09.1"},{"timestamp":"2026-09-14T02:08:33.900Z","computer":"srv-047","event_id":4634,"record_id":102857,"user":"employee-330","source_ip":"10.10.3.16","target":"logon-session","logon_type":3,"change_ticket":"","result":"success","channel":"Security","provider":"Microsoft-Windows-Security-Auditing","logon_id":"041ee7c74e8a9c3d","process_id":11097,"image_path":"","run_as":"","publisher":"","update_state":"installed","agent_build":"2026.09.2"},{"timestamp":"2026-09-14T02:08:36.600Z","computer":"srv-150","event_id":4688,"record_id":102858,"user":"employee-348","source_ip":"10.11.4.19","target":"logon-session","logon_type":null,"change_ticket":"","result":"success","channel":"Security","provider":"Microsoft-Windows-Security-Auditing","logon_id":"041ee7c74e8a9c3d","process_id":14080,"image_path":"C:/Program Files/ApprovedAgent/agent.exe","run_as":"","publisher":"Approved Software Team","update_state":"installed","agent_build":"2026.09.3"},{"timestamp":"2026-09-14T02:08:39.300Z","computer":"srv-022","event_id":4625,"record_id":102859,"user":"employee-6","source_ip":"10.10.2.11","target":"logon-session","logon_type":2,"change_ticket":"","result":"failure","channel":"Security","provider":"Microsoft-Windows-Security-Auditing","logon_id":"041ee7c74e8a9c3d","process_id":4303,"image_path":"","run_as":"","publisher":"","update_state":"installed","agent_build":"2026.09.4"},{"timestamp":"2026-09-14T02:08:42.000Z","computer":"srv-024","event_id":4698,"record_id":102860,"user":"deployment-admin","source_ip":"10.10.2.13","target":"Approved-Maintenance","logon_type":null,"change_ticket":"CHG-DEPLOY-18","result":"success","channel":"Security","provider":"Microsoft-Windows-Security-Auditing","logon_id":"f652da509508748f","process_id":6464,"image_path":"C:/Program Files/ApprovedAgent/agent.exe","run_as":"svc-agent","publisher":"Approved Software Team","update_state":"installed","agent_build":"2026.09.1"},{"timestamp":"2026-09-14T02:08:44.700Z","computer":"srv-136","event_id":4728,"record_id":102861,"user":"employee-330","source_ip":"10.11.3.25","target":"Project-Readers","logon_type":null,"change_ticket":"CHG-DEPLOY-18","result":"success","channel":"Security","provider":"Microsoft-Windows-Security-Auditing","logon_id":"f652da509508748f","process_id":16943,"image_path":"","run_as":"","publisher":"","update_state":"installed","agent_build":"2026.09.2"},