{"timestamp":"2026-09-14T01:54:28.800Z","computer":"srv-057","event_id":4624,"record_id":102544,"user":"employee-281","source_ip":"10.10.3.26","target":"logon-session","logon_type":2,"change_ticket":"","result":"success","channel":"Security","provider":"Microsoft-Windows-Security-Auditing","logon_id":"0f069d199caacb67","process_id":16685,"image_path":"","run_as":"","publisher":"","update_state":"installed","agent_build":"2026.09.1"},{"timestamp":"2026-09-14T01:54:31.500Z","computer":"srv-226","event_id":4634,"record_id":102545,"user":"employee-96","source_ip":"10.12.4.15","target":"logon-session","logon_type":3,"change_ticket":"","result":"success","channel":"Security","provider":"Microsoft-Windows-Security-Auditing","logon_id":"0f069d199caacb67","process_id":8845,"image_path":"","run_as":"","publisher":"","update_state":"installed","agent_build":"2026.09.2"},{"timestamp":"2026-09-14T01:54:34.200Z","computer":"srv-240","event_id":4688,"record_id":102546,"user":"employee-160","source_ip":"10.12.4.29","target":"logon-session","logon_type":null,"change_ticket":"","result":"success","channel":"Security","provider":"Microsoft-Windows-Security-Auditing","logon_id":"0f069d199caacb67","process_id":25483,"image_path":"C:/Program Files/ApprovedAgent/agent.exe","run_as":"","publisher":"Approved Software Team","update_state":"installed","agent_build":"2026.09.3"},{"timestamp":"2026-09-14T01:54:36.900Z","computer":"srv-167","event_id":4625,"record_id":102547,"user":"employee-334","source_ip":"10.12.1.16","target":"logon-session","logon_type":2,"change_ticket":"","result":"failure","channel":"Security","provider":"Microsoft-Windows-Security-Auditing","logon_id":"0f069d199caacb67","process_id":24752,"image_path":"","run_as":"","publisher":"","update_state":"installed","agent_build":"2026.09.4"},{"timestamp":"2026-09-14T01:54:39.600Z","computer":"srv-109","event_id":4698,"record_id":102548,"user":"deployment-admin","source_ip":"10.11.2.18","target":"Approved-Maintenance","logon_type":null,"change_ticket":"CHG-DEPLOY-18","result":"success","channel":"Security","provider":"Microsoft-Windows-Security-Auditing","logon_id":"e5ff0f26bfb66dcd","process_id":5713,"image_path":"C:/Program Files/ApprovedAgent/agent.exe","run_as":"svc-agent","publisher":"Approved Software Team","update_state":"installed","agent_build":"2026.09.1"},{"timestamp":"2026-09-14T01:54:42.300Z","computer":"srv-225","event_id":4728,"record_id":102549,"user":"employee-77","source_ip":"10.12.4.14","target":"Project-Readers","logon_type":null,"change_ticket":"CHG-DEPLOY-18","result":"success","channel":"Security","provider":"Microsoft-Windows-Security-Auditing","logon_id":"e5ff0f26bfb66dcd","process_id":9408,"image_path":"","run_as":"","publisher":"","update_state":"installed","agent_build":"2026.09.2"},{"timestamp":"2026-09-14T01:54:45.000Z","computer":"srv-012","event_id":4697,"record_id":102550,"user":"employee-260","source_ip":"10.10.1.21","target":"ApprovedAgent","logon_type":null,"change_ticket":"CHG-DEPLOY-18","result":"success","channel":"Security","provider":"Microsoft-Windows-Security-Auditing","logon_id":"e5ff0f26bfb66dcd","process_id":20735,"image_path":"C:/Program Files/ApprovedAgent/agent.exe","run_as":"svc-agent","publisher":"Approved Software Team","update_state":"installed","agent_build":"2026.09.3"},{"timestamp":"2026-09-14T01:54:47.700Z","computer":"srv-133","event_id":4624,"record_id":102551,"user":"employee-40","source_ip":"10.11.3.22","target":"logon-session","logon_type":3,"change_ticket":"","result":"success","channel":"Security","provider":"Microsoft-Windows-Security-Auditing","logon_id":"e5ff0f26bfb66dcd","process_id":7319,"image_path":"","run_as":"","publisher":"","update_state":"installed","agent_build":"2026.09.4"},{"timestamp":"2026-09-14T01:54:50.400Z","computer":"srv-217","event_id":4624,"record_id":102552,"user":"employee-104","source_ip":"10.12.3.26","target":"logon-session","logon_type":10,"change_ticket":"","result":"success","channel":"Security","provider":"Microsoft-Windows-Security-Auditing","logon_id":"a4d43dcd9038c3f3","process_id":15562,"image_path":"","run_as":"","publisher":"","update_state":"installed","agent_build":"2026.09.1"},{"timestamp":"2026-09-14T01:54:53.100Z","computer":"srv-202","event_id":4634,"record_id":102553,"user":"employee-449","source_ip":"10.12.3.11","target":"logon-session","logon_type":2,"change_ticket":"","result":"success","channel":"Security","provider":"Microsoft-Windows-Security-Auditing","logon_id":"a4d43dcd9038c3f3","process_id":11683,"image_path":"","run_as":"","publisher":"","update_state":"installed","agent_build":"2026.09.2"},{"timestamp":"2026-09-14T01:54:55.800Z","computer":"srv-063","event_id":4688,"record_id":102554,"user":"employee-168","source_ip":"10.10.4.12","target":"logon-session","logon_type":null,"change_ticket":"","result":"success","channel":"Security","provider":"Microsoft-Windows-Security-Auditing","logon_id":"a4d43dcd9038c3f3","process_id":16593,"image_path":"C:/Program Files/ApprovedAgent/agent.exe","run_as":"","publisher":"Approved Software Team","update_state":"installed","agent_build":"2026.09.3"},{"timestamp":"2026-09-14T01:54:58.500Z","computer":"srv-026","event_id":4625,"record_id":102555,"user":"employee-223","source_ip":"10.10.2.15","target":"logon-session","logon_type":10,"change_ticket":"","result":"failure","channel":"Security","provider":"Microsoft-Windows-Security-Auditing","logon_id":"a4d43dcd9038c3f3","process_id":5398,"image_path":"","run_as":"","publisher":"","update_state":"installed","agent_build":"2026.09.4"},{"timestamp":"2026-09-14T01:55:01.200Z","computer":"srv-209","event_id":4698,"record_id":102556,"user":"employee-203","source_ip":"10.12.3.18","target":"Approved-Maintenance","logon_type":null,"change_ticket":"CHG-DEPLOY-18","result":"success","channel":"Security","provider":"Microsoft-Windows-Security-Auditing","logon_id":"c59ee11d16d82ae8","process_id":4493,"image_path":"C:/Program Files/ApprovedAgent/agent.exe","run_as":"svc-agent","publisher":"Approved Software Team","update_state":"installed","agent_build":"2026.09.1"},{"timestamp":"2026-09-14T01:55:03.900Z","computer":"srv-225","event_id":4728,"record_id":102557,"user":"employee-418","source_ip":"10.12.4.14","target":"Project-Readers","logon_type":null,"change_ticket":"CHG-DEPLOY-18","result":"success","channel":"Security","provider":"Microsoft-Windows-Security-Auditing","logon_id":"c59ee11d16d82ae8","process_id":11249,"image_path":"","run_as":"","publisher":"","update_state":"installed","agent_build":"2026.09.2"},{"timestamp":"2026-09-14T01:55:06.600Z","computer":"srv-102","event_id":4697,"record_id":102558,"user":"employee-133","source_ip":"10.11.2.11","target":"ApprovedAgent","logon_type":null,"change_ticket":"CHG-DEPLOY-18","result":"success","channel":"Security","provider":"Microsoft-Windows-Security-Auditing","logon_id":"c59ee11d16d82ae8","process_id":12062,"image_path":"C:/Program Files/ApprovedAgent/agent.exe","run_as":"svc-agent","publisher":"Approved Software Team","update_state":"installed","agent_build":"2026.09.3"},{"timestamp":"2026-09-14T01:55:09.300Z","computer":"srv-103","event_id":4624,"record_id":102559,"user":"employee-270","source_ip":"10.11.2.12","target":"logon-session","logon_type":2,"change_ticket":"","result":"success","channel":"Security","provider":"Microsoft-Windows-Security-Auditing","logon_id":"c59ee11d16d82ae8","process_id":12721,"image_path":"","run_as":"","publisher":"","update_state":"installed","agent_build":"2026.09.4"},{"timestamp":"2026-09-14T01:55:12.000Z","computer":"srv-167","event_id":4624,"record_id":102560,"user":"employee-197","source_ip":"10.12.1.16","target":"logon-session","logon_type":3,"change_ticket":"","result":"success","channel":"Security","provider":"Microsoft-Windows-Security-Auditing","logon_id":"49f29ce17acb93ee","process_id":18611,"image_path":"","run_as":"","publisher":"","update_state":"installed","agent_build":"2026.09.1"},{"timestamp":"2026-09-14T01:55:14.700Z","computer":"srv-054","event_id":4634,"record_id":102561,"user":"deployment-admin","source_ip":"10.10.3.23","target":"logon-session","logon_type":10,"change_ticket":"","result":"success","channel":"Security","provider":"Microsoft-Windows-Security-Auditing","logon_id":"49f29ce17acb93ee","process_id":11001,"image_path":"","run_as":"","publisher":"","update_state":"installed","agent_build":"2026.09.2"},{"timestamp":"2026-09-14T01:55:17.400Z","computer":"srv-230","event_id":4688,"record_id":102562,"user":"employee-284","source_ip":"10.12.4.19","target":"logon-session","logon_type":null,"change_ticket":"","result":"success","channel":"Security","provider":"Microsoft-Windows-Security-Auditing","logon_id":"49f29ce17acb93ee","process_id":2805,"image_path":"C:/Program Files/ApprovedAgent/agent.exe","run_as":"","publisher":"Approved Software Team","update_state":"installed","agent_build":"2026.09.3"},{"timestamp":"2026-09-14T01:55:20.100Z","computer":"srv-155","event_id":4625,"record_id":102563,"user":"employee-108","source_ip":"10.11.4.24","target":"logon-session","logon_type":3,"change_ticket":"","result":"failure","channel":"Security","provider":"Microsoft-Windows-Security-Auditing","logon_id":"49f29ce17acb93ee","process_id":24421,"image_path":"","run_as":"","publisher":"","update_state":"installed","agent_build":"2026.09.4"},{"timestamp":"2026-09-14T01:55:22.800Z","computer":"srv-039","event_id":4698,"record_id":102564,"user":"employee-14","source_ip":"10.10.2.28","target":"Approved-Maintenance","logon_type":null,"change_ticket":"CHG-DEPLOY-18","result":"success","channel":"Security","provider":"Microsoft-Windows-Security-Auditing","logon_id":"cd5b067c91b6dc0d","process_id":12095,"image_path":"C:/Program Files/ApprovedAgent/agent.exe","run_as":"svc-agent","publisher":"Approved Software Team","update_state":"installed","agent_build":"2026.09.1"},{"timestamp":"2026-09-14T01:55:25.500Z","computer":"srv-212","event_id":4728,"record_id":102565,"user":"employee-291","source_ip":"10.12.3.21","target":"Project-Readers","logon_type":null,"change_ticket":"CHG-DEPLOY-18","result":"success","channel":"Security","provider":"Microsoft-Windows-Security-Auditing","logon_id":"cd5b067c91b6dc0d","process_id":11543,"image_path":"","run_as":"","publisher":"","update_state":"installed","agent_build":"2026.09.2"},{"timestamp":"2026-09-14T01:55:28.200Z","computer":"srv-147","event_id":4697,"record_id":102566,"user":"employee-479","source_ip":"10.11.4.16","target":"ApprovedAgent","logon_type":null,"change_ticket":"CHG-DEPLOY-18","result":"success","channel":"Security","provider":"Microsoft-Windows-Security-Auditing","logon_id":"cd5b067c91b6dc0d","process_id":9526,"image_path":"C:/Program Files/ApprovedAgent/agent.exe","run_as":"svc-agent","publisher":"Approved Software Team","update_state":"installed","agent_build":"2026.09.3"},{"timestamp":"2026-09-14T01:55:30.900Z","computer":"srv-024","event_id":4624,"record_id":102567,"user":"employee-110","source_ip":"10.10.2.13","target":"logon-session","logon_type":10,"change_ticket":"","result":"success","channel":"Security","provider":"Microsoft-Windows-Security-Auditing","logon_id":"cd5b067c91b6dc0d","process_id":20905,"image_path":"","run_as":"","publisher":"","update_state":"installed","agent_build":"2026.09.4"},{"timestamp":"2026-09-14T01:55:33.600Z","computer":"srv-074","event_id":4624,"record_id":102568,"user":"employee-437","source_ip":"10.10.4.23","target":"logon-session","logon_type":2,"change_ticket":"","result":"success","channel":"Security","provider":"Microsoft-Windows-Security-Auditing","logon_id":"1e3b99c9845f45c4","process_id":17606,"image_path":"","run_as":"","publisher":"","update_state":"installed","agent_build":"2026.09.1"},{"timestamp":"2026-09-14T01:55:36.300Z","computer":"srv-043","event_id":4634,"record_id":102569,"user":"employee-372","source_ip":"10.10.3.12","target":"logon-session","logon_type":3,"change_ticket":"","result":"success","channel":"Security","provider":"Microsoft-Windows-Security-Auditing","logon_id":"1e3b99c9845f45c4","process_id":3576,"image_path":"","run_as":"","publisher":"","update_state":"installed","agent_build":"2026.09.2"},{"timestamp":"2026-09-14T01:55:39.000Z","computer":"srv-178","event_id":4688,"record_id":102570,"user":"employee-277","source_ip":"10.12.1.27","target":"logon-session","logon_type":null,"change_ticket":"","result":"success","channel":"Security","provider":"Microsoft-Windows-Security-Auditing","logon_id":"1e3b99c9845f45c4","process_id":2456,"image_path":"C:/Program Files/ApprovedAgent/agent.exe","run_as":"","publisher":"Approved Software Team","update_state":"installed","agent_build":"2026.09.3"},{"timestamp":"2026-09-14T01:55:41.700Z","computer":"srv-016","event_id":4625,"record_id":102571,"user":"employee-419","source_ip":"10.10.1.25","target":"logon-session","logon_type":2,"change_ticket":"","result":"failure","channel":"Security","provider":"Microsoft-Windows-Security-Auditing","logon_id":"1e3b99c9845f45c4","process_id":19558,"image_path":"","run_as":"","publisher":"","update_state":"installed","agent_build":"2026.09.4"},{"timestamp":"2026-09-14T01:55:44.400Z","computer":"srv-122","event_id":4698,"record_id":102572,"user":"employee-445","source_ip":"10.11.3.11","target":"Approved-Maintenance","logon_type":null,"change_ticket":"CHG-DEPLOY-18","result":"success","channel":"Security","provider":"Microsoft-Windows-Security-Auditing","logon_id":"7aa4570d03b85335","process_id":21977,"image_path":"C:/Program Files/ApprovedAgent/agent.exe","run_as":"svc-agent","publisher":"Approved Software Team","update_state":"installed","agent_build":"2026.09.1"},{"timestamp":"2026-09-14T01:55:47.100Z","computer":"srv-125","event_id":4728,"record_id":102573,"user":"employee-267","source_ip":"10.11.3.14","target":"Project-Readers","logon_type":null,"change_ticket":"CHG-DEPLOY-18","result":"success","channel":"Security","provider":"Microsoft-Windows-Security-Auditing","logon_id":"7aa4570d03b85335","process_id":16997,"image_path":"","run_as":"","publisher":"","update_state":"restart-pending","agent_build":"2026.09.2"},{"timestamp":"2026-09-14T01:55:49.800Z","computer":"srv-223","event_id":4697,"record_id":102574,"user":"deployment-admin","source_ip":"10.12.4.12","target":"ApprovedAgent","logon_type":null,"change_ticket":"CHG-DEPLOY-18","result":"success","channel":"Security","provider":"Microsoft-Windows-Security-Auditing","logon_id":"7aa4570d03b85335","process_id":2632,"image_path":"C:/Program Files/ApprovedAgent/agent.exe","run_as":"svc-agent","publisher":"Approved Software Team","update_state":"installed","agent_build":"2026.09.3"},{"timestamp":"2026-09-14T01:55:52.500Z","computer":"srv-030","event_id":4624,"record_id":102575,"user":"employee-384","source_ip":"10.10.2.19","target":"logon-session","logon_type":3,"change_ticket":"","result":"success","channel":"Security","provider":"Microsoft-Windows-Security-Auditing","logon_id":"7aa4570d03b85335","process_id":15604,"image_path":"","run_as":"","publisher":"","update_state":"installed","agent_build":"2026.09.4"},{"timestamp":"2026-09-14T01:55:55.200Z","computer":"srv-063","event_id":4624,"record_id":102576,"user":"employee-105","source_ip":"10.10.4.12","target":"logon-session","logon_type":10,"change_ticket":"","result":"success","channel":"Security","provider":"Microsoft-Windows-Security-Auditing","logon_id":"e73b96df71fedee2","process_id":24252,"image_path":"","run_as":"","publisher":"","update_state":"installed","agent_build":"2026.09.1"},{"timestamp":"2026-09-14T01:55:57.900Z","computer":"srv-161","event_id":4634,"record_id":102577,"user":"employee-223","source_ip":"10.12.1.10","target":"logon-session","logon_type":2,"change_ticket":"","result":"success","channel":"Security","provider":"Microsoft-Windows-Security-Auditing","logon_id":"e73b96df71fedee2","process_id":3266,"image_path":"","run_as":"","publisher":"","update_state":"installed","agent_build":"2026.09.2"},{"timestamp":"2026-09-14T01:56:00.600Z","computer":"srv-032","event_id":4688,"record_id":102578,"user":"employee-195","source_ip":"10.10.2.21","target":"logon-session","logon_type":null,"change_ticket":"","result":"success","channel":"Security","provider":"Microsoft-Windows-Security-Auditing","logon_id":"e73b96df71fedee2","process_id":20064,"image_path":"C:/Program Files/ApprovedAgent/agent.exe","run_as":"","publisher":"Approved Software Team","update_state":"installed","agent_build":"2026.09.3"},{"timestamp":"2026-09-14T01:56:03.300Z","computer":"srv-044","event_id":4625,"record_id":102579,"user":"employee-477","source_ip":"10.10.3.13","target":"logon-session","logon_type":10,"change_ticket":"","result":"failure","channel":"Security","provider":"Microsoft-Windows-Security-Auditing","logon_id":"e73b96df71fedee2","process_id":14175,"image_path":"","run_as":"","publisher":"","update_state":"installed","agent_build":"2026.09.4"},{"timestamp":"2026-09-14T01:56:06.000Z","computer":"srv-200","event_id":4698,"record_id":102580,"user":"employee-259","source_ip":"10.12.2.29","target":"Approved-Maintenance","logon_type":null,"change_ticket":"CHG-DEPLOY-18","result":"success","channel":"Security","provider":"Microsoft-Windows-Security-Auditing","logon_id":"8bae97fb5fbc48e0","process_id":22612,"image_path":"C:/Program Files/ApprovedAgent/agent.exe","run_as":"svc-agent","publisher":"Approved Software Team","update_state":"installed","agent_build":"2026.09.1"},{"timestamp":"2026-09-14T01:56:08.700Z","computer":"srv-195","event_id":4728,"record_id":102581,"user":"employee-186","source_ip":"10.12.2.24","target":"Project-Readers","logon_type":null,"change_ticket":"CHG-DEPLOY-18","result":"success","channel":"Security","provider":"Microsoft-Windows-Security-Auditing","logon_id":"8bae97fb5fbc48e0","process_id":21217,"image_path":"","run_as":"","publisher":"","update_state":"installed","agent_build":"2026.09.2"},{"timestamp":"2026-09-14T01:56:11.400Z","computer":"srv-163","event_id":4697,"record_id":102582,"user":"employee-454","source_ip":"10.12.1.12","target":"ApprovedAgent","logon_type":null,"change_ticket":"CHG-DEPLOY-18","result":"success","channel":"Security","provider":"Microsoft-Windows-Security-Auditing","logon_id":"8bae97fb5fbc48e0","process_id":5350,"image_path":"C:/Program Files/ApprovedAgent/agent.exe","run_as":"svc-agent","publisher":"Approved Software Team","update_state":"installed","agent_build":"2026.09.3"},{"timestamp":"2026-09-14T01:56:14.100Z","computer":"srv-061","event_id":4624,"record_id":102583,"user":"employee-87","source_ip":"10.10.4.10","target":"logon-session","logon_type":2,"change_ticket":"","result":"success","channel":"Security","provider":"Microsoft-Windows-Security-Auditing","logon_id":"8bae97fb5fbc48e0","process_id":15664,"image_path":"","run_as":"","publisher":"","update_state":"installed","agent_build":"2026.09.4"},{"timestamp":"2026-09-14T01:56:16.800Z","computer":"srv-172","event_id":4624,"record_id":102584,"user":"employee-363","source_ip":"10.12.1.21","target":"logon-session","logon_type":3,"change_ticket":"","result":"success","channel":"Security","provider":"Microsoft-Windows-Security-Auditing","logon_id":"00d6bd7e7f9a3fd2","process_id":15868,"image_path":"","run_as":"","publisher":"","update_state":"installed","agent_build":"2026.09.1"},{"timestamp":"2026-09-14T01:56:19.500Z","computer":"srv-062","event_id":4634,"record_id":102585,"user":"employee-178","source_ip":"10.10.4.11","target":"logon-session","logon_type":10,"change_ticket":"","result":"success","channel":"Security","provider":"Microsoft-Windows-Security-Auditing","logon_id":"00d6bd7e7f9a3fd2","process_id":4526,"image_path":"","run_as":"","publisher":"","update_state":"failed","agent_build":"2026.09.2"},{"timestamp":"2026-09-14T01:56:22.200Z","computer":"srv-188","event_id":4688,"record_id":102586,"user":"employee-298","source_ip":"10.12.2.17","target":"logon-session","logon_type":null,"change_ticket":"","result":"success","channel":"Security","provider":"Microsoft-Windows-Security-Auditing","logon_id":"00d6bd7e7f9a3fd2","process_id":23608,"image_path":"C:/Program Files/ApprovedAgent/agent.exe","run_as":"","publisher":"Approved Software Team","update_state":"installed","agent_build":"2026.09.3"},{"timestamp":"2026-09-14T01:56:24.900Z","computer":"srv-135","event_id":4625,"record_id":102587,"user":"deployment-admin","source_ip":"10.11.3.24","target":"logon-session","logon_type":3,"change_ticket":"","result":"failure","channel":"Security","provider":"Microsoft-Windows-Security-Auditing","logon_id":"00d6bd7e7f9a3fd2","process_id":12994,"image_path":"","run_as":"","publisher":"","update_state":"installed","agent_build":"2026.09.4"},{"timestamp":"2026-09-14T01:56:27.600Z","computer":"srv-153","event_id":4698,"record_id":102588,"user":"employee-301","source_ip":"10.11.4.22","target":"Approved-Maintenance","logon_type":null,"change_ticket":"CHG-DEPLOY-18","result":"success","channel":"Security","provider":"Microsoft-Windows-Security-Auditing","logon_id":"ac14063a37acc575","process_id":2521,"image_path":"C:/Program Files/ApprovedAgent/agent.exe","run_as":"svc-agent","publisher":"Approved Software Team","update_state":"installed","agent_build":"2026.09.1"},{"timestamp":"2026-09-14T01:56:30.300Z","computer":"srv-073","event_id":4728,"record_id":102589,"user":"employee-267","source_ip":"10.10.4.22","target":"Project-Readers","logon_type":null,"change_ticket":"CHG-DEPLOY-18","result":"success","channel":"Security","provider":"Microsoft-Windows-Security-Auditing","logon_id":"ac14063a37acc575","process_id":13631,"image_path":"","run_as":"","publisher":"","update_state":"installed","agent_build":"2026.09.2"},{"timestamp":"2026-09-14T01:56:33.000Z","computer":"srv-046","event_id":4697,"record_id":102590,"user":"employee-66","source_ip":"10.10.3.15","target":"ApprovedAgent","logon_type":null,"change_ticket":"CHG-DEPLOY-18","result":"success","channel":"Security","provider":"Microsoft-Windows-Security-Auditing","logon_id":"ac14063a37acc575","process_id":23355,"image_path":"C:/Program Files/ApprovedAgent/agent.exe","run_as":"svc-agent","publisher":"Approved Software Team","update_state":"installed","agent_build":"2026.09.3"},{"timestamp":"2026-09-14T01:56:35.700Z","computer":"srv-019","event_id":4624,"record_id":102591,"user":"employee-436","source_ip":"10.10.1.28","target":"logon-session","logon_type":10,"change_ticket":"","result":"success","channel":"Security","provider":"Microsoft-Windows-Security-Auditing","logon_id":"ac14063a37acc575","process_id":24144,"image_path":"","run_as":"","publisher":"","update_state":"installed","agent_build":"2026.09.4"},{"timestamp":"2026-09-14T01:56:38.400Z","computer":"srv-009","event_id":4624,"record_id":102592,"user":"employee-143","source_ip":"10.10.1.18","target":"logon-session","logon_type":2,"change_ticket":"","result":"success","channel":"Security","provider":"Microsoft-Windows-Security-Auditing","logon_id":"18d3d4b077c48d61","process_id":5459,"image_path":"","run_as":"","publisher":"","update_state":"installed","agent_build":"2026.09.1"},{"timestamp":"2026-09-14T01:56:41.100Z","computer":"srv-038","event_id":4634,"record_id":102593,"user":"employee-411","source_ip":"10.10.2.27","target":"logon-session","logon_type":3,"change_ticket":"","result":"success","channel":"Security","provider":"Microsoft-Windows-Security-Auditing","logon_id":"18d3d4b077c48d61","process_id":23495,"image_path":"","run_as":"","publisher":"","update_state":"installed","agent_build":"2026.09.2"},{"timestamp":"2026-09-14T01:56:43.800Z","computer":"srv-184","event_id":4688,"record_id":102594,"user":"employee-426","source_ip":"10.12.2.13","target":"logon-session","logon_type":null,"change_ticket":"","result":"success","channel":"Security","provider":"Microsoft-Windows-Security-Auditing","logon_id":"18d3d4b077c48d61","process_id":23205,"image_path":"C:/Program Files/ApprovedAgent/agent.exe","run_as":"","publisher":"Approved Software Team","update_state":"installed","agent_build":"2026.09.3"},{"timestamp":"2026-09-14T01:56:46.500Z","computer":"srv-107","event_id":4625,"record_id":102595,"user":"employee-184","source_ip":"10.11.2.16","target":"logon-session","logon_type":2,"change_ticket":"","result":"failure","channel":"Security","provider":"Microsoft-Windows-Security-Auditing","logon_id":"18d3d4b077c48d61","process_id":25948,"image_path":"","run_as":"","publisher":"","update_state":"installed","agent_build":"2026.09.4"},{"timestamp":"2026-09-14T01:56:49.200Z","computer":"srv-021","event_id":4698,"record_id":102596,"user":"employee-471","source_ip":"10.10.2.10","target":"Approved-Maintenance","logon_type":null,"change_ticket":"CHG-DEPLOY-18","result":"success","channel":"Security","provider":"Microsoft-Windows-Security-Auditing","logon_id":"43ee00432a86f066","process_id":14631,"image_path":"C:/Program Files/ApprovedAgent/agent.exe","run_as":"svc-agent","publisher":"Approved Software Team","update_state":"no-report","agent_build":"2026.09.1"},{"timestamp":"2026-09-14T01:56:51.900Z","computer":"srv-103","event_id":4728,"record_id":102597,"user":"employee-298","source_ip":"10.11.2.12","target":"Project-Readers","logon_type":null,"change_ticket":"CHG-DEPLOY-18","result":"success","channel":"Security","provider":"Microsoft-Windows-Security-Auditing","logon_id":"43ee00432a86f066","process_id":14193,"image_path":"","run_as":"","publisher":"","update_state":"installed","agent_build":"2026.09.2"},{"timestamp":"2026-09-14T01:56:54.600Z","computer":"srv-174","event_id":4697,"record_id":102598,"user":"employee-294","source_ip":"10.12.1.23","target":"ApprovedAgent","logon_type":null,"change_ticket":"CHG-DEPLOY-18","result":"success","channel":"Security","provider":"Microsoft-Windows-Security-Auditing","logon_id":"43ee00432a86f066","process_id":8583,"image_path":"C:/Program Files/ApprovedAgent/agent.exe","run_as":"svc-agent","publisher":"Approved Software Team","update_state":"installed","agent_build":"2026.09.3"},{"timestamp":"2026-09-14T01:56:57.300Z","computer":"srv-144","event_id":4624,"record_id":102599,"user":"employee-187","source_ip":"10.11.4.13","target":"logon-session","logon_type":3,"change_ticket":"","result":"success","channel":"Security","provider":"Microsoft-Windows-Security-Auditing","logon_id":"43ee00432a86f066","process_id":6322,"image_path":"","run_as":"","publisher":"","update_state":"installed","agent_build":"2026.09.4"},{"timestamp":"2026-09-14T01:57:00.000Z","computer":"srv-107","event_id":4624,"record_id":102600,"user":"deployment-admin","source_ip":"10.11.2.16","target":"logon-session","logon_type":10,"change_ticket":"","result":"success","channel":"Security","provider":"Microsoft-Windows-Security-Auditing","logon_id":"da237483b6940067","process_id":13158,"image_path":"","run_as":"","publisher":"","update_state":"installed","agent_build":"2026.09.1"},{"timestamp":"2026-09-14T01:57:02.700Z","computer":"srv-089","event_id":4634,"record_id":102601,"user":"employee-195","source_ip":"10.11.1.18","target":"logon-session","logon_type":2,"change_ticket":"","result":"success","channel":"Security","provider":"Microsoft-Windows-Security-Auditing","logon_id":"da237483b6940067","process_id":12779,"image_path":"","run_as":"","publisher":"","update_state":"installed","agent_build":"2026.09.2"},{"timestamp":"2026-09-14T01:57:05.400Z","computer":"srv-077","event_id":4688,"record_id":102602,"user":"employee-261","source_ip":"10.10.4.26","target":"logon-session","logon_type":null,"change_ticket":"","result":"success","channel":"Security","provider":"Microsoft-Windows-Security-Auditing","logon_id":"da237483b6940067","process_id":14604,"image_path":"C:/Program Files/ApprovedAgent/agent.exe","run_as":"","publisher":"Approved Software Team","update_state":"installed","agent_build":"2026.09.3"},{"timestamp":"2026-09-14T01:57:08.100Z","computer":"srv-046","event_id":4625,"record_id":102603,"user":"employee-46","source_ip":"10.10.3.15","target":"logon-session","logon_type":10,"change_ticket":"","result":"failure","channel":"Security","provider":"Microsoft-Windows-Security-Auditing","logon_id":"da237483b6940067","process_id":25183,"image_path":"","run_as":"","publisher":"","update_state":"installed","agent_build":"2026.09.4"},{"timestamp":"2026-09-14T01:57:10.800Z","computer":"srv-238","event_id":4698,"record_id":102604,"user":"employee-225","source_ip":"10.12.4.27","target":"Approved-Maintenance","logon_type":null,"change_ticket":"CHG-DEPLOY-18","result":"success","channel":"Security","provider":"Microsoft-Windows-Security-Auditing","logon_id":"60946f81260b5868","process_id":22074,"image_path":"C:/Program Files/ApprovedAgent/agent.exe","run_as":"svc-agent","publisher":"Approved Software Team","update_state":"restart-pending","agent_build":"2026.09.1"},{"timestamp":"2026-09-14T01:57:13.500Z","computer":"srv-042","event_id":4728,"record_id":102605,"user":"employee-471","source_ip":"10.10.3.11","target":"Project-Readers","logon_type":null,"change_ticket":"CHG-DEPLOY-18","result":"success","channel":"Security","provider":"Microsoft-Windows-Security-Auditing","logon_id":"60946f81260b5868","process_id":25896,"image_path":"","run_as":"","publisher":"","update_state":"installed","agent_build":"2026.09.2"},{"timestamp":"2026-09-14T01:57:16.200Z","computer":"srv-065","event_id":4697,"record_id":102606,"user":"employee-51","source_ip":"10.10.4.14","target":"ApprovedAgent","logon_type":null,"change_ticket":"CHG-DEPLOY-18","result":"success","channel":"Security","provider":"Microsoft-Windows-Security-Auditing","logon_id":"60946f81260b5868","process_id":13086,"image_path":"C:/Program Files/ApprovedAgent/agent.exe","run_as":"svc-agent","publisher":"Approved Software Team","update_state":"installed","agent_build":"2026.09.3"},{"timestamp":"2026-09-14T01:57:18.900Z","computer":"srv-169","event_id":4624,"record_id":102607,"user":"employee-224","source_ip":"10.12.1.18","target":"logon-session","logon_type":2,"change_ticket":"","result":"success","channel":"Security","provider":"Microsoft-Windows-Security-Auditing","logon_id":"60946f81260b5868","process_id":15659,"image_path":"","run_as":"","publisher":"","update_state":"installed","agent_build":"2026.09.4"},{"timestamp":"2026-09-14T01:57:21.600Z","computer":"srv-170","event_id":4624,"record_id":102608,"user":"employee-193","source_ip":"10.12.1.19","target":"logon-session","logon_type":3,"change_ticket":"","result":"success","channel":"Security","provider":"Microsoft-Windows-Security-Auditing","logon_id":"12c828c5b134ddea","process_id":18707,"image_path":"","run_as":"","publisher":"","update_state":"installed","agent_build":"2026.09.1"},{"timestamp":"2026-09-14T01:57:24.300Z","computer":"srv-182","event_id":4634,"record_id":102609,"user":"employee-296","source_ip":"10.12.2.11","target":"logon-session","logon_type":10,"change_ticket":"","result":"success","channel":"Security","provider":"Microsoft-Windows-Security-Auditing","logon_id":"12c828c5b134ddea","process_id":12476,"image_path":"","run_as":"","publisher":"","update_state":"installed","agent_build":"2026.09.2"},{"timestamp":"2026-09-14T01:57:27.000Z","computer":"srv-098","event_id":4688,"record_id":102610,"user":"employee-446","source_ip":"10.11.1.27","target":"logon-session","logon_type":null,"change_ticket":"","result":"success","channel":"Security","provider":"Microsoft-Windows-Security-Auditing","logon_id":"12c828c5b134ddea","process_id":17732,"image_path":"C:/Program Files/ApprovedAgent/agent.exe","run_as":"","publisher":"Approved Software Team","update_state":"installed","agent_build":"2026.09.3"},{"timestamp":"2026-09-14T01:57:29.700Z","computer":"srv-208","event_id":4625,"record_id":102611,"user":"employee-188","source_ip":"10.12.3.17","target":"logon-session","logon_type":3,"change_ticket":"","result":"failure","channel":"Security","provider":"Microsoft-Windows-Security-Auditing","logon_id":"12c828c5b134ddea","process_id":21923,"image_path":"","run_as":"","publisher":"","update_state":"installed","agent_build":"2026.09.4"},{"timestamp":"2026-09-14T01:57:32.400Z","computer":"srv-177","event_id":4698,"record_id":102612,"user":"employee-325","source_ip":"10.12.1.26","target":"Approved-Maintenance","logon_type":null,"change_ticket":"CHG-DEPLOY-18","result":"success","channel":"Security","provider":"Microsoft-Windows-Security-Auditing","logon_id":"1cfa8b6835229f47","process_id":5250,"image_path":"C:/Program Files/ApprovedAgent/agent.exe","run_as":"svc-agent","publisher":"Approved Software Team","update_state":"installed","agent_build":"2026.09.1"},{"timestamp":"2026-09-14T01:57:35.100Z","computer":"srv-166","event_id":4728,"record_id":102613,"user":"deployment-admin","source_ip":"10.12.1.15","target":"Project-Readers","logon_type":null,"change_ticket":"CHG-DEPLOY-18","result":"success","channel":"Security","provider":"Microsoft-Windows-Security-Auditing","logon_id":"1cfa8b6835229f47","process_id":25463,"image_path":"","run_as":"","publisher":"","update_state":"installed","agent_build":"2026.09.2"},{"timestamp":"2026-09-14T01:57:37.800Z","computer":"srv-123","event_id":4697,"record_id":102614,"user":"employee-227","source_ip":"10.11.3.12","target":"ApprovedAgent","logon_type":null,"change_ticket":"CHG-DEPLOY-18","result":"success","channel":"Security","provider":"Microsoft-Windows-Security-Auditing","logon_id":"1cfa8b6835229f47","process_id":20001,"image_path":"C:/Program Files/ApprovedAgent/agent.exe","run_as":"svc-agent","publisher":"Approved Software Team","update_state":"installed","agent_build":"2026.09.3"},{"timestamp":"2026-09-14T01:57:40.500Z","computer":"srv-001","event_id":4624,"record_id":102615,"user":"employee-436","source_ip":"10.10.1.10","target":"logon-session","logon_type":10,"change_ticket":"","result":"success","channel":"Security","provider":"Microsoft-Windows-Security-Auditing","logon_id":"1cfa8b6835229f47","process_id":2002,"image_path":"","run_as":"","publisher":"","update_state":"installed","agent_build":"2026.09.4"},{"timestamp":"2026-09-14T01:57:43.200Z","computer":"srv-127","event_id":4624,"record_id":102616,"user":"employee-431","source_ip":"10.11.3.16","target":"logon-session","logon_type":2,"change_ticket":"","result":"success","channel":"Security","provider":"Microsoft-Windows-Security-Auditing","logon_id":"8c13ceaf1bcfcacc","process_id":9535,"image_path":"","run_as":"","publisher":"","update_state":"installed","agent_build":"2026.09.1"},{"timestamp":"2026-09-14T01:57:45.900Z","computer":"srv-048","event_id":4634,"record_id":102617,"user":"employee-126","source_ip":"10.10.3.17","target":"logon-session","logon_type":3,"change_ticket":"","result":"success","channel":"Security","provider":"Microsoft-Windows-Security-Auditing","logon_id":"8c13ceaf1bcfcacc","process_id":10911,"image_path":"","run_as":"","publisher":"","update_state":"installed","agent_build":"2026.09.2"},{"timestamp":"2026-09-14T01:57:48.600Z","computer":"srv-104","event_id":4688,"record_id":102618,"user":"employee-379","source_ip":"10.11.2.13","target":"logon-session","logon_type":null,"change_ticket":"","result":"success","channel":"Security","provider":"Microsoft-Windows-Security-Auditing","logon_id":"8c13ceaf1bcfcacc","process_id":14987,"image_path":"C:/Program Files/ApprovedAgent/agent.exe","run_as":"","publisher":"Approved Software Team","update_state":"installed","agent_build":"2026.09.3"},{"timestamp":"2026-09-14T01:57:51.300Z","computer":"srv-179","event_id":4625,"record_id":102619,"user":"employee-399","source_ip":"10.12.1.28","target":"logon-session","logon_type":2,"change_ticket":"","result":"failure","channel":"Security","provider":"Microsoft-Windows-Security-Auditing","logon_id":"8c13ceaf1bcfcacc","process_id":24775,"image_path":"","run_as":"","publisher":"","update_state":"installed","agent_build":"2026.09.4"},{"timestamp":"2026-09-14T01:57:54.000Z","computer":"srv-076","event_id":4698,"record_id":102620,"user":"employee-454","source_ip":"10.10.4.25","target":"Approved-Maintenance","logon_type":null,"change_ticket":"CHG-DEPLOY-18","result":"success","channel":"Security","provider":"Microsoft-Windows-Security-Auditing","logon_id":"1b2ecbcb158b3e10","process_id":5126,"image_path":"C:/Program Files/ApprovedAgent/agent.exe","run_as":"svc-agent","publisher":"Approved Software Team","update_state":"installed","agent_build":"2026.09.1"},{"timestamp":"2026-09-14T01:57:56.700Z","computer":"srv-043","event_id":4728,"record_id":102621,"user":"employee-396","source_ip":"10.10.3.12","target":"Project-Readers","logon_type":null,"change_ticket":"CHG-DEPLOY-18","result":"success","channel":"Security","provider":"Microsoft-Windows-Security-Auditing","logon_id":"1b2ecbcb158b3e10","process_id":25829,"image_path":"","run_as":"","publisher":"","update_state":"installed","agent_build":"2026.09.2"},{"timestamp":"2026-09-14T01:57:59.400Z","computer":"srv-145","event_id":4697,"record_id":102622,"user":"employee-217","source_ip":"10.11.4.14","target":"ApprovedAgent","logon_type":null,"change_ticket":"CHG-DEPLOY-18","result":"success","channel":"Security","provider":"Microsoft-Windows-Security-Auditing","logon_id":"1b2ecbcb158b3e10","process_id":6378,"image_path":"C:/Program Files/ApprovedAgent/agent.exe","run_as":"svc-agent","publisher":"Approved Software Team","update_state":"installed","agent_build":"2026.09.3"},{"timestamp":"2026-09-14T01:58:02.100Z","computer":"srv-226","event_id":4624,"record_id":102623,"user":"employee-136","source_ip":"10.12.4.15","target":"logon-session","logon_type":3,"change_ticket":"","result":"success","channel":"Security","provider":"Microsoft-Windows-Security-Auditing","logon_id":"1b2ecbcb158b3e10","process_id":5959,"image_path":"","run_as":"","publisher":"","update_state":"installed","agent_build":"2026.09.4"},{"timestamp":"2026-09-14T01:58:04.800Z","computer":"srv-233","event_id":4624,"record_id":102624,"user":"employee-251","source_ip":"10.12.4.22","target":"logon-session","logon_type":10,"change_ticket":"","result":"success","channel":"Security","provider":"Microsoft-Windows-Security-Auditing","logon_id":"fe5ba80c0deb1ce7","process_id":24463,"image_path":"","run_as":"","publisher":"","update_state":"installed","agent_build":"2026.09.1"},{"timestamp":"2026-09-14T01:58:07.500Z","computer":"srv-037","event_id":4634,"record_id":102625,"user":"employee-296","source_ip":"10.10.2.26","target":"logon-session","logon_type":2,"change_ticket":"","result":"success","channel":"Security","provider":"Microsoft-Windows-Security-Auditing","logon_id":"fe5ba80c0deb1ce7","process_id":14998,"image_path":"","run_as":"","publisher":"","update_state":"installed","agent_build":"2026.09.2"},{"timestamp":"2026-09-14T01:58:10.200Z","computer":"srv-215","event_id":4688,"record_id":102626,"user":"deployment-admin","source_ip":"10.12.3.24","target":"logon-session","logon_type":null,"change_ticket":"","result":"success","channel":"Security","provider":"Microsoft-Windows-Security-Auditing","logon_id":"fe5ba80c0deb1ce7","process_id":12489,"image_path":"C:/Program Files/ApprovedAgent/agent.exe","run_as":"","publisher":"Approved Software Team","update_state":"installed","agent_build":"2026.09.3"},{"timestamp":"2026-09-14T01:58:12.900Z","computer":"srv-098","event_id":4625,"record_id":102627,"user":"employee-352","source_ip":"10.11.1.27","target":"logon-session","logon_type":10,"change_ticket":"","result":"failure","channel":"Security","provider":"Microsoft-Windows-Security-Auditing","logon_id":"fe5ba80c0deb1ce7","process_id":4606,"image_path":"","run_as":"","publisher":"","update_state":"installed","agent_build":"2026.09.4"},{"timestamp":"2026-09-14T01:58:15.600Z","computer":"srv-017","event_id":4698,"record_id":102628,"user":"employee-206","source_ip":"10.10.1.26","target":"Approved-Maintenance","logon_type":null,"change_ticket":"CHG-DEPLOY-18","result":"success","channel":"Security","provider":"Microsoft-Windows-Security-Auditing","logon_id":"0c58551b3dfd4c30","process_id":5273,"image_path":"C:/Program Files/ApprovedAgent/agent.exe","run_as":"svc-agent","publisher":"Approved Software Team","update_state":"installed","agent_build":"2026.09.1"},{"timestamp":"2026-09-14T01:58:18.300Z","computer":"srv-172","event_id":4728,"record_id":102629,"user":"employee-437","source_ip":"10.12.1.21","target":"Project-Readers","logon_type":null,"change_ticket":"CHG-DEPLOY-18","result":"success","channel":"Security","provider":"Microsoft-Windows-Security-Auditing","logon_id":"0c58551b3dfd4c30","process_id":3304,"image_path":"","run_as":"","publisher":"","update_state":"installed","agent_build":"2026.09.2"},{"timestamp":"2026-09-14T01:58:21.000Z","computer":"srv-236","event_id":4697,"record_id":102630,"user":"employee-70","source_ip":"10.12.4.25","target":"ApprovedAgent","logon_type":null,"change_ticket":"CHG-DEPLOY-18","result":"success","channel":"Security","provider":"Microsoft-Windows-Security-Auditing","logon_id":"0c58551b3dfd4c30","process_id":13074,"image_path":"C:/Program Files/ApprovedAgent/agent.exe","run_as":"svc-agent","publisher":"Approved Software Team","update_state":"installed","agent_build":"2026.09.3"},{"timestamp":"2026-09-14T01:58:23.700Z","computer":"srv-063","event_id":4624,"record_id":102631,"user":"employee-351","source_ip":"10.10.4.12","target":"logon-session","logon_type":2,"change_ticket":"","result":"success","channel":"Security","provider":"Microsoft-Windows-Security-Auditing","logon_id":"0c58551b3dfd4c30","process_id":7131,"image_path":"","run_as":"","publisher":"","update_state":"installed","agent_build":"2026.09.4"},{"timestamp":"2026-09-14T01:58:26.400Z","computer":"srv-087","event_id":4624,"record_id":102632,"user":"employee-53","source_ip":"10.11.1.16","target":"logon-session","logon_type":3,"change_ticket":"","result":"success","channel":"Security","provider":"Microsoft-Windows-Security-Auditing","logon_id":"88be56ad3486648c","process_id":15188,"image_path":"","run_as":"","publisher":"","update_state":"failed","agent_build":"2026.09.1"},{"timestamp":"2026-09-14T01:58:29.100Z","computer":"srv-154","event_id":4634,"record_id":102633,"user":"employee-272","source_ip":"10.11.4.23","target":"logon-session","logon_type":10,"change_ticket":"","result":"success","channel":"Security","provider":"Microsoft-Windows-Security-Auditing","logon_id":"88be56ad3486648c","process_id":13552,"image_path":"","run_as":"","publisher":"","update_state":"installed","agent_build":"2026.09.2"},{"timestamp":"2026-09-14T01:58:31.800Z","computer":"srv-048","event_id":4688,"record_id":102634,"user":"employee-270","source_ip":"10.10.3.17","target":"logon-session","logon_type":null,"change_ticket":"","result":"success","channel":"Security","provider":"Microsoft-Windows-Security-Auditing","logon_id":"88be56ad3486648c","process_id":17696,"image_path":"C:/Program Files/ApprovedAgent/agent.exe","run_as":"","publisher":"Approved Software Team","update_state":"installed","agent_build":"2026.09.3"},{"timestamp":"2026-09-14T01:58:34.500Z","computer":"srv-211","event_id":4625,"record_id":102635,"user":"employee-230","source_ip":"10.12.3.20","target":"logon-session","logon_type":3,"change_ticket":"","result":"failure","channel":"Security","provider":"Microsoft-Windows-Security-Auditing","logon_id":"88be56ad3486648c","process_id":9914,"image_path":"","run_as":"","publisher":"","update_state":"restart-pending","agent_build":"2026.09.4"},{"timestamp":"2026-09-14T01:58:37.200Z","computer":"srv-026","event_id":4698,"record_id":102636,"user":"employee-157","source_ip":"10.10.2.15","target":"Approved-Maintenance","logon_type":null,"change_ticket":"CHG-DEPLOY-18","result":"success","channel":"Security","provider":"Microsoft-Windows-Security-Auditing","logon_id":"64a3f22a713dcb5d","process_id":16341,"image_path":"C:/Program Files/ApprovedAgent/agent.exe","run_as":"svc-agent","publisher":"Approved Software Team","update_state":"installed","agent_build":"2026.09.1"},{"timestamp":"2026-09-14T01:58:39.900Z","computer":"srv-240","event_id":4728,"record_id":102637,"user":"employee-164","source_ip":"10.12.4.29","target":"Project-Readers","logon_type":null,"change_ticket":"CHG-DEPLOY-18","result":"success","channel":"Security","provider":"Microsoft-Windows-Security-Auditing","logon_id":"64a3f22a713dcb5d","process_id":4737,"image_path":"","run_as":"","publisher":"","update_state":"installed","agent_build":"2026.09.2"},{"timestamp":"2026-09-14T01:58:42.600Z","computer":"srv-089","event_id":4697,"record_id":102638,"user":"employee-90","source_ip":"10.11.1.18","target":"ApprovedAgent","logon_type":null,"change_ticket":"CHG-DEPLOY-18","result":"success","channel":"Security","provider":"Microsoft-Windows-Security-Auditing","logon_id":"64a3f22a713dcb5d","process_id":11528,"image_path":"C:/Program Files/ApprovedAgent/agent.exe","run_as":"svc-agent","publisher":"Approved Software Team","update_state":"installed","agent_build":"2026.09.3"},{"timestamp":"2026-09-14T01:58:45.300Z","computer":"srv-110","event_id":4624,"record_id":102639,"user":"deployment-admin","source_ip":"10.11.2.19","target":"logon-session","logon_type":10,"change_ticket":"","result":"success","channel":"Security","provider":"Microsoft-Windows-Security-Auditing","logon_id":"64a3f22a713dcb5d","process_id":23223,"image_path":"","run_as":"","publisher":"","update_state":"installed","agent_build":"2026.09.4"},{"timestamp":"2026-09-14T01:58:48.000Z","computer":"srv-001","event_id":4624,"record_id":102640,"user":"employee-405","source_ip":"10.10.1.10","target":"logon-session","logon_type":2,"change_ticket":"","result":"success","channel":"Security","provider":"Microsoft-Windows-Security-Auditing","logon_id":"d9195fb28c6cd298","process_id":19109,"image_path":"","run_as":"","publisher":"","update_state":"installed","agent_build":"2026.09.1"},{"timestamp":"2026-09-14T01:58:50.700Z","computer":"srv-156","event_id":4634,"record_id":102641,"user":"employee-342","source_ip":"10.11.4.25","target":"logon-session","logon_type":3,"change_ticket":"","result":"success","channel":"Security","provider":"Microsoft-Windows-Security-Auditing","logon_id":"d9195fb28c6cd298","process_id":2693,"image_path":"","run_as":"","publisher":"","update_state":"installed","agent_build":"2026.09.2"},{"timestamp":"2026-09-14T01:58:53.400Z","computer":"srv-132","event_id":4688,"record_id":102642,"user":"employee-14","source_ip":"10.11.3.21","target":"logon-session","logon_type":null,"change_ticket":"","result":"success","channel":"Security","provider":"Microsoft-Windows-Security-Auditing","logon_id":"d9195fb28c6cd298","process_id":6809,"image_path":"C:/Program Files/ApprovedAgent/agent.exe","run_as":"","publisher":"Approved Software Team","update_state":"installed","agent_build":"2026.09.3"},{"timestamp":"2026-09-14T01:58:56.100Z","computer":"srv-069","event_id":4625,"record_id":102643,"user":"employee-404","source_ip":"10.10.4.18","target":"logon-session","logon_type":2,"change_ticket":"","result":"failure","channel":"Security","provider":"Microsoft-Windows-Security-Auditing","logon_id":"d9195fb28c6cd298","process_id":1271,"image_path":"","run_as":"","publisher":"","update_state":"installed","agent_build":"2026.09.4"},{"timestamp":"2026-09-14T01:58:58.800Z","computer":"srv-086","event_id":4698,"record_id":102644,"user":"employee-205","source_ip":"10.11.1.15","target":"Approved-Maintenance","logon_type":null,"change_ticket":"CHG-DEPLOY-18","result":"success","channel":"Security","provider":"Microsoft-Windows-Security-Auditing","logon_id":"7229eb014536011b","process_id":14435,"image_path":"C:/Program Files/ApprovedAgent/agent.exe","run_as":"svc-agent","publisher":"Approved Software Team","update_state":"installed","agent_build":"2026.09.1"},{"timestamp":"2026-09-14T01:59:01.500Z","computer":"srv-212","event_id":4728,"record_id":102645,"user":"employee-115","source_ip":"10.12.3.21","target":"Project-Readers","logon_type":null,"change_ticket":"CHG-DEPLOY-18","result":"success","channel":"Security","provider":"Microsoft-Windows-Security-Auditing","logon_id":"7229eb014536011b","process_id":8238,"image_path":"","run_as":"","publisher":"","update_state":"installed","agent_build":"2026.09.2"},{"timestamp":"2026-09-14T01:59:04.200Z","computer":"srv-133","event_id":4697,"record_id":102646,"user":"employee-50","source_ip":"10.11.3.22","target":"ApprovedAgent","logon_type":null,"change_ticket":"CHG-DEPLOY-18","result":"success","channel":"Security","provider":"Microsoft-Windows-Security-Auditing","logon_id":"7229eb014536011b","process_id":17139,"image_path":"C:/Program Files/ApprovedAgent/agent.exe","run_as":"svc-agent","publisher":"Approved Software Team","update_state":"installed","agent_build":"2026.09.3"},{"timestamp":"2026-09-14T01:59:06.900Z","computer":"srv-147","event_id":4624,"record_id":102647,"user":"employee-47","source_ip":"10.11.4.16","target":"logon-session","logon_type":3,"change_ticket":"","result":"success","channel":"Security","provider":"Microsoft-Windows-Security-Auditing","logon_id":"7229eb014536011b","process_id":23207,"image_path":"","run_as":"","publisher":"","update_state":"installed","agent_build":"2026.09.4"},{"timestamp":"2026-09-14T01:59:09.600Z","computer":"srv-082","event_id":4624,"record_id":102648,"user":"employee-68","source_ip":"10.11.1.11","target":"logon-session","logon_type":10,"change_ticket":"","result":"success","channel":"Security","provider":"Microsoft-Windows-Security-Auditing","logon_id":"8e18c4102456ab61","process_id":22969,"image_path":"","run_as":"","publisher":"","update_state":"installed","agent_build":"2026.09.1"},{"timestamp":"2026-09-14T01:59:12.300Z","computer":"srv-206","event_id":4634,"record_id":102649,"user":"employee-62","source_ip":"10.12.3.15","target":"logon-session","logon_type":2,"change_ticket":"","result":"success","channel":"Security","provider":"Microsoft-Windows-Security-Auditing","logon_id":"8e18c4102456ab61","process_id":9826,"image_path":"","run_as":"","publisher":"","update_state":"installed","agent_build":"2026.09.2"},