{"timestamp":"2026-09-14T01:40:10.200Z","computer":"srv-165","event_id":4688,"record_id":102226,"user":"employee-425","source_ip":"10.12.1.14","target":"logon-session","logon_type":null,"change_ticket":"","result":"success","channel":"Security","provider":"Microsoft-Windows-Security-Auditing","logon_id":"2b464e6e606a563e","process_id":16667,"image_path":"C:/Program Files/ApprovedAgent/agent.exe","run_as":"","publisher":"Approved Software Team","update_state":"installed","agent_build":"2026.09.3"},{"timestamp":"2026-09-14T01:40:12.900Z","computer":"srv-086","event_id":4625,"record_id":102227,"user":"employee-335","source_ip":"10.11.1.15","target":"logon-session","logon_type":3,"change_ticket":"","result":"failure","channel":"Security","provider":"Microsoft-Windows-Security-Auditing","logon_id":"2b464e6e606a563e","process_id":12916,"image_path":"","run_as":"","publisher":"","update_state":"installed","agent_build":"2026.09.4"},{"timestamp":"2026-09-14T01:40:15.600Z","computer":"srv-197","event_id":4698,"record_id":102228,"user":"employee-418","source_ip":"10.12.2.26","target":"Approved-Maintenance","logon_type":null,"change_ticket":"CHG-DEPLOY-18","result":"success","channel":"Security","provider":"Microsoft-Windows-Security-Auditing","logon_id":"1b22a3c5352f222e","process_id":19477,"image_path":"C:/Program Files/ApprovedAgent/agent.exe","run_as":"svc-agent","publisher":"Approved Software Team","update_state":"installed","agent_build":"2026.09.1"},{"timestamp":"2026-09-14T01:40:18.300Z","computer":"srv-010","event_id":4728,"record_id":102229,"user":"employee-434","source_ip":"10.10.1.19","target":"Project-Readers","logon_type":null,"change_ticket":"CHG-DEPLOY-18","result":"success","channel":"Security","provider":"Microsoft-Windows-Security-Auditing","logon_id":"1b22a3c5352f222e","process_id":22770,"image_path":"","run_as":"","publisher":"","update_state":"installed","agent_build":"2026.09.2"},{"timestamp":"2026-09-14T01:40:21.000Z","computer":"srv-033","event_id":4697,"record_id":102230,"user":"employee-192","source_ip":"10.10.2.22","target":"ApprovedAgent","logon_type":null,"change_ticket":"CHG-DEPLOY-18","result":"success","channel":"Security","provider":"Microsoft-Windows-Security-Auditing","logon_id":"1b22a3c5352f222e","process_id":25094,"image_path":"C:/Program Files/ApprovedAgent/agent.exe","run_as":"svc-agent","publisher":"Approved Software Team","update_state":"installed","agent_build":"2026.09.3"},{"timestamp":"2026-09-14T01:40:23.700Z","computer":"srv-081","event_id":4624,"record_id":102231,"user":"employee-58","source_ip":"10.11.1.10","target":"logon-session","logon_type":10,"change_ticket":"","result":"success","channel":"Security","provider":"Microsoft-Windows-Security-Auditing","logon_id":"1b22a3c5352f222e","process_id":8616,"image_path":"","run_as":"","publisher":"","update_state":"installed","agent_build":"2026.09.4"},{"timestamp":"2026-09-14T01:40:26.400Z","computer":"srv-190","event_id":4624,"record_id":102232,"user":"employee-421","source_ip":"10.12.2.19","target":"logon-session","logon_type":2,"change_ticket":"","result":"success","channel":"Security","provider":"Microsoft-Windows-Security-Auditing","logon_id":"0ba3e1ae8dde1945","process_id":3503,"image_path":"","run_as":"","publisher":"","update_state":"restart-pending","agent_build":"2026.09.1"},{"timestamp":"2026-09-14T01:40:29.100Z","computer":"srv-045","event_id":4634,"record_id":102233,"user":"employee-456","source_ip":"10.10.3.14","target":"logon-session","logon_type":3,"change_ticket":"","result":"success","channel":"Security","provider":"Microsoft-Windows-Security-Auditing","logon_id":"0ba3e1ae8dde1945","process_id":5231,"image_path":"","run_as":"","publisher":"","update_state":"installed","agent_build":"2026.09.2"},{"timestamp":"2026-09-14T01:40:31.800Z","computer":"srv-126","event_id":4688,"record_id":102234,"user":"employee-186","source_ip":"10.11.3.15","target":"logon-session","logon_type":null,"change_ticket":"","result":"success","channel":"Security","provider":"Microsoft-Windows-Security-Auditing","logon_id":"0ba3e1ae8dde1945","process_id":25670,"image_path":"C:/Program Files/ApprovedAgent/agent.exe","run_as":"","publisher":"Approved Software Team","update_state":"installed","agent_build":"2026.09.3"},{"timestamp":"2026-09-14T01:40:34.500Z","computer":"srv-144","event_id":4625,"record_id":102235,"user":"employee-256","source_ip":"10.11.4.13","target":"logon-session","logon_type":2,"change_ticket":"","result":"failure","channel":"Security","provider":"Microsoft-Windows-Security-Auditing","logon_id":"0ba3e1ae8dde1945","process_id":15367,"image_path":"","run_as":"","publisher":"","update_state":"installed","agent_build":"2026.09.4"},{"timestamp":"2026-09-14T01:40:37.200Z","computer":"srv-131","event_id":4698,"record_id":102236,"user":"deployment-admin","source_ip":"10.11.3.20","target":"Approved-Maintenance","logon_type":null,"change_ticket":"CHG-DEPLOY-18","result":"success","channel":"Security","provider":"Microsoft-Windows-Security-Auditing","logon_id":"aee4896d4768bddf","process_id":19488,"image_path":"C:/Program Files/ApprovedAgent/agent.exe","run_as":"svc-agent","publisher":"Approved Software Team","update_state":"installed","agent_build":"2026.09.1"},{"timestamp":"2026-09-14T01:40:39.900Z","computer":"srv-062","event_id":4728,"record_id":102237,"user":"employee-29","source_ip":"10.10.4.11","target":"Project-Readers","logon_type":null,"change_ticket":"CHG-DEPLOY-18","result":"success","channel":"Security","provider":"Microsoft-Windows-Security-Auditing","logon_id":"aee4896d4768bddf","process_id":24322,"image_path":"","run_as":"","publisher":"","update_state":"installed","agent_build":"2026.09.2"},{"timestamp":"2026-09-14T01:40:42.600Z","computer":"srv-008","event_id":4697,"record_id":102238,"user":"employee-146","source_ip":"10.10.1.17","target":"ApprovedAgent","logon_type":null,"change_ticket":"CHG-DEPLOY-18","result":"success","channel":"Security","provider":"Microsoft-Windows-Security-Auditing","logon_id":"aee4896d4768bddf","process_id":18289,"image_path":"C:/Program Files/ApprovedAgent/agent.exe","run_as":"svc-agent","publisher":"Approved Software Team","update_state":"installed","agent_build":"2026.09.3"},{"timestamp":"2026-09-14T01:40:45.300Z","computer":"srv-190","event_id":4624,"record_id":102239,"user":"employee-207","source_ip":"10.12.2.19","target":"logon-session","logon_type":3,"change_ticket":"","result":"success","channel":"Security","provider":"Microsoft-Windows-Security-Auditing","logon_id":"aee4896d4768bddf","process_id":15539,"image_path":"","run_as":"","publisher":"","update_state":"installed","agent_build":"2026.09.4"},{"timestamp":"2026-09-14T01:40:48.000Z","computer":"srv-222","event_id":4624,"record_id":102240,"user":"employee-142","source_ip":"10.12.4.11","target":"logon-session","logon_type":10,"change_ticket":"","result":"success","channel":"Security","provider":"Microsoft-Windows-Security-Auditing","logon_id":"3f3488f289c72ea0","process_id":13333,"image_path":"","run_as":"","publisher":"","update_state":"installed","agent_build":"2026.09.1"},{"timestamp":"2026-09-14T01:40:50.700Z","computer":"srv-157","event_id":4634,"record_id":102241,"user":"employee-446","source_ip":"10.11.4.26","target":"logon-session","logon_type":2,"change_ticket":"","result":"success","channel":"Security","provider":"Microsoft-Windows-Security-Auditing","logon_id":"3f3488f289c72ea0","process_id":16410,"image_path":"","run_as":"","publisher":"","update_state":"installed","agent_build":"2026.09.2"},{"timestamp":"2026-09-14T01:40:53.400Z","computer":"srv-114","event_id":4688,"record_id":102242,"user":"employee-469","source_ip":"10.11.2.23","target":"logon-session","logon_type":null,"change_ticket":"","result":"success","channel":"Security","provider":"Microsoft-Windows-Security-Auditing","logon_id":"3f3488f289c72ea0","process_id":11548,"image_path":"C:/Program Files/ApprovedAgent/agent.exe","run_as":"","publisher":"Approved Software Team","update_state":"no-report","agent_build":"2026.09.3"},{"timestamp":"2026-09-14T01:40:56.100Z","computer":"srv-227","event_id":4625,"record_id":102243,"user":"employee-333","source_ip":"10.12.4.16","target":"logon-session","logon_type":10,"change_ticket":"","result":"failure","channel":"Security","provider":"Microsoft-Windows-Security-Auditing","logon_id":"3f3488f289c72ea0","process_id":15119,"image_path":"","run_as":"","publisher":"","update_state":"installed","agent_build":"2026.09.4"},{"timestamp":"2026-09-14T01:40:58.800Z","computer":"srv-208","event_id":4698,"record_id":102244,"user":"employee-345","source_ip":"10.12.3.17","target":"Approved-Maintenance","logon_type":null,"change_ticket":"CHG-DEPLOY-18","result":"success","channel":"Security","provider":"Microsoft-Windows-Security-Auditing","logon_id":"f0c4653124d02ed3","process_id":1259,"image_path":"C:/Program Files/ApprovedAgent/agent.exe","run_as":"svc-agent","publisher":"Approved Software Team","update_state":"installed","agent_build":"2026.09.1"},{"timestamp":"2026-09-14T01:41:01.500Z","computer":"srv-013","event_id":4728,"record_id":102245,"user":"employee-334","source_ip":"10.10.1.22","target":"Project-Readers","logon_type":null,"change_ticket":"CHG-DEPLOY-18","result":"success","channel":"Security","provider":"Microsoft-Windows-Security-Auditing","logon_id":"f0c4653124d02ed3","process_id":22541,"image_path":"","run_as":"","publisher":"","update_state":"installed","agent_build":"2026.09.2"},{"timestamp":"2026-09-14T01:41:04.200Z","computer":"srv-229","event_id":4697,"record_id":102246,"user":"employee-11","source_ip":"10.12.4.18","target":"ApprovedAgent","logon_type":null,"change_ticket":"CHG-DEPLOY-18","result":"success","channel":"Security","provider":"Microsoft-Windows-Security-Auditing","logon_id":"f0c4653124d02ed3","process_id":15781,"image_path":"C:/Program Files/ApprovedAgent/agent.exe","run_as":"svc-agent","publisher":"Approved Software Team","update_state":"installed","agent_build":"2026.09.3"},{"timestamp":"2026-09-14T01:41:06.900Z","computer":"srv-132","event_id":4624,"record_id":102247,"user":"employee-21","source_ip":"10.11.3.21","target":"logon-session","logon_type":2,"change_ticket":"","result":"success","channel":"Security","provider":"Microsoft-Windows-Security-Auditing","logon_id":"f0c4653124d02ed3","process_id":4956,"image_path":"","run_as":"","publisher":"","update_state":"installed","agent_build":"2026.09.4"},{"timestamp":"2026-09-14T01:41:09.600Z","computer":"srv-213","event_id":4624,"record_id":102248,"user":"employee-332","source_ip":"10.12.3.22","target":"logon-session","logon_type":3,"change_ticket":"","result":"success","channel":"Security","provider":"Microsoft-Windows-Security-Auditing","logon_id":"f530524ce4b5a775","process_id":9463,"image_path":"","run_as":"","publisher":"","update_state":"installed","agent_build":"2026.09.1"},{"timestamp":"2026-09-14T01:41:12.300Z","computer":"srv-059","event_id":4634,"record_id":102249,"user":"deployment-admin","source_ip":"10.10.3.28","target":"logon-session","logon_type":10,"change_ticket":"","result":"success","channel":"Security","provider":"Microsoft-Windows-Security-Auditing","logon_id":"f530524ce4b5a775","process_id":5658,"image_path":"","run_as":"","publisher":"","update_state":"installed","agent_build":"2026.09.2"},{"timestamp":"2026-09-14T01:41:15.000Z","computer":"srv-236","event_id":4688,"record_id":102250,"user":"employee-59","source_ip":"10.12.4.25","target":"logon-session","logon_type":null,"change_ticket":"","result":"success","channel":"Security","provider":"Microsoft-Windows-Security-Auditing","logon_id":"f530524ce4b5a775","process_id":13909,"image_path":"C:/Program Files/ApprovedAgent/agent.exe","run_as":"","publisher":"Approved Software Team","update_state":"installed","agent_build":"2026.09.3"},{"timestamp":"2026-09-14T01:41:17.700Z","computer":"srv-037","event_id":4625,"record_id":102251,"user":"employee-465","source_ip":"10.10.2.26","target":"logon-session","logon_type":3,"change_ticket":"","result":"failure","channel":"Security","provider":"Microsoft-Windows-Security-Auditing","logon_id":"f530524ce4b5a775","process_id":24458,"image_path":"","run_as":"","publisher":"","update_state":"installed","agent_build":"2026.09.4"},{"timestamp":"2026-09-14T01:41:20.400Z","computer":"srv-211","event_id":4698,"record_id":102252,"user":"employee-196","source_ip":"10.12.3.20","target":"Approved-Maintenance","logon_type":null,"change_ticket":"CHG-DEPLOY-18","result":"success","channel":"Security","provider":"Microsoft-Windows-Security-Auditing","logon_id":"b20d28b9bba6e8ab","process_id":15033,"image_path":"C:/Program Files/ApprovedAgent/agent.exe","run_as":"svc-agent","publisher":"Approved Software Team","update_state":"installed","agent_build":"2026.09.1"},{"timestamp":"2026-09-14T01:41:23.100Z","computer":"srv-171","event_id":4728,"record_id":102253,"user":"employee-303","source_ip":"10.12.1.20","target":"Project-Readers","logon_type":null,"change_ticket":"CHG-DEPLOY-18","result":"success","channel":"Security","provider":"Microsoft-Windows-Security-Auditing","logon_id":"b20d28b9bba6e8ab","process_id":17965,"image_path":"","run_as":"","publisher":"","update_state":"installed","agent_build":"2026.09.2"},{"timestamp":"2026-09-14T01:41:25.800Z","computer":"srv-037","event_id":4697,"record_id":102254,"user":"employee-305","source_ip":"10.10.2.26","target":"ApprovedAgent","logon_type":null,"change_ticket":"CHG-DEPLOY-18","result":"success","channel":"Security","provider":"Microsoft-Windows-Security-Auditing","logon_id":"b20d28b9bba6e8ab","process_id":2705,"image_path":"C:/Program Files/ApprovedAgent/agent.exe","run_as":"svc-agent","publisher":"Approved Software Team","update_state":"installed","agent_build":"2026.09.3"},{"timestamp":"2026-09-14T01:41:28.500Z","computer":"srv-006","event_id":4624,"record_id":102255,"user":"employee-216","source_ip":"10.10.1.15","target":"logon-session","logon_type":10,"change_ticket":"","result":"success","channel":"Security","provider":"Microsoft-Windows-Security-Auditing","logon_id":"b20d28b9bba6e8ab","process_id":14354,"image_path":"","run_as":"","publisher":"","update_state":"installed","agent_build":"2026.09.4"},{"timestamp":"2026-09-14T01:41:31.200Z","computer":"srv-086","event_id":4624,"record_id":102256,"user":"employee-184","source_ip":"10.11.1.15","target":"logon-session","logon_type":2,"change_ticket":"","result":"success","channel":"Security","provider":"Microsoft-Windows-Security-Auditing","logon_id":"2e6f8f6596475558","process_id":1359,"image_path":"","run_as":"","publisher":"","update_state":"failed","agent_build":"2026.09.1"},{"timestamp":"2026-09-14T01:41:33.900Z","computer":"srv-115","event_id":4634,"record_id":102257,"user":"employee-139","source_ip":"10.11.2.24","target":"logon-session","logon_type":3,"change_ticket":"","result":"success","channel":"Security","provider":"Microsoft-Windows-Security-Auditing","logon_id":"2e6f8f6596475558","process_id":11037,"image_path":"","run_as":"","publisher":"","update_state":"installed","agent_build":"2026.09.2"},{"timestamp":"2026-09-14T01:41:36.600Z","computer":"srv-208","event_id":4688,"record_id":102258,"user":"employee-184","source_ip":"10.12.3.17","target":"logon-session","logon_type":null,"change_ticket":"","result":"success","channel":"Security","provider":"Microsoft-Windows-Security-Auditing","logon_id":"2e6f8f6596475558","process_id":11221,"image_path":"C:/Program Files/ApprovedAgent/agent.exe","run_as":"","publisher":"Approved Software Team","update_state":"installed","agent_build":"2026.09.3"},{"timestamp":"2026-09-14T01:41:39.300Z","computer":"srv-078","event_id":4625,"record_id":102259,"user":"employee-87","source_ip":"10.10.4.27","target":"logon-session","logon_type":2,"change_ticket":"","result":"failure","channel":"Security","provider":"Microsoft-Windows-Security-Auditing","logon_id":"2e6f8f6596475558","process_id":8780,"image_path":"","run_as":"","publisher":"","update_state":"installed","agent_build":"2026.09.4"},{"timestamp":"2026-09-14T01:41:42.000Z","computer":"srv-184","event_id":4698,"record_id":102260,"user":"employee-217","source_ip":"10.12.2.13","target":"Approved-Maintenance","logon_type":null,"change_ticket":"CHG-DEPLOY-18","result":"success","channel":"Security","provider":"Microsoft-Windows-Security-Auditing","logon_id":"8ff1f2a9ae9853ab","process_id":10962,"image_path":"C:/Program Files/ApprovedAgent/agent.exe","run_as":"svc-agent","publisher":"Approved Software Team","update_state":"installed","agent_build":"2026.09.1"},{"timestamp":"2026-09-14T01:41:44.700Z","computer":"srv-153","event_id":4728,"record_id":102261,"user":"employee-378","source_ip":"10.11.4.22","target":"Project-Readers","logon_type":null,"change_ticket":"CHG-DEPLOY-18","result":"success","channel":"Security","provider":"Microsoft-Windows-Security-Auditing","logon_id":"8ff1f2a9ae9853ab","process_id":5632,"image_path":"","run_as":"","publisher":"","update_state":"installed","agent_build":"2026.09.2"},{"timestamp":"2026-09-14T01:41:47.400Z","computer":"srv-106","event_id":4697,"record_id":102262,"user":"deployment-admin","source_ip":"10.11.2.15","target":"ApprovedAgent","logon_type":null,"change_ticket":"CHG-DEPLOY-18","result":"success","channel":"Security","provider":"Microsoft-Windows-Security-Auditing","logon_id":"8ff1f2a9ae9853ab","process_id":23092,"image_path":"C:/Program Files/ApprovedAgent/agent.exe","run_as":"svc-agent","publisher":"Approved Software Team","update_state":"installed","agent_build":"2026.09.3"},{"timestamp":"2026-09-14T01:41:50.100Z","computer":"srv-124","event_id":4624,"record_id":102263,"user":"employee-67","source_ip":"10.11.3.13","target":"logon-session","logon_type":3,"change_ticket":"","result":"success","channel":"Security","provider":"Microsoft-Windows-Security-Auditing","logon_id":"8ff1f2a9ae9853ab","process_id":4984,"image_path":"","run_as":"","publisher":"","update_state":"restart-pending","agent_build":"2026.09.4"},{"timestamp":"2026-09-14T01:41:52.800Z","computer":"srv-030","event_id":4624,"record_id":102264,"user":"employee-143","source_ip":"10.10.2.19","target":"logon-session","logon_type":10,"change_ticket":"","result":"success","channel":"Security","provider":"Microsoft-Windows-Security-Auditing","logon_id":"53eadcadc206437d","process_id":16629,"image_path":"","run_as":"","publisher":"","update_state":"installed","agent_build":"2026.09.1"},{"timestamp":"2026-09-14T01:41:55.500Z","computer":"srv-131","event_id":4634,"record_id":102265,"user":"employee-67","source_ip":"10.11.3.20","target":"logon-session","logon_type":2,"change_ticket":"","result":"success","channel":"Security","provider":"Microsoft-Windows-Security-Auditing","logon_id":"53eadcadc206437d","process_id":8186,"image_path":"","run_as":"","publisher":"","update_state":"installed","agent_build":"2026.09.2"},{"timestamp":"2026-09-14T01:41:58.200Z","computer":"srv-194","event_id":4688,"record_id":102266,"user":"employee-82","source_ip":"10.12.2.23","target":"logon-session","logon_type":null,"change_ticket":"","result":"success","channel":"Security","provider":"Microsoft-Windows-Security-Auditing","logon_id":"53eadcadc206437d","process_id":10663,"image_path":"C:/Program Files/ApprovedAgent/agent.exe","run_as":"","publisher":"Approved Software Team","update_state":"installed","agent_build":"2026.09.3"},{"timestamp":"2026-09-14T01:42:00.900Z","computer":"srv-218","event_id":4625,"record_id":102267,"user":"employee-380","source_ip":"10.12.3.27","target":"logon-session","logon_type":10,"change_ticket":"","result":"failure","channel":"Security","provider":"Microsoft-Windows-Security-Auditing","logon_id":"53eadcadc206437d","process_id":24983,"image_path":"","run_as":"","publisher":"","update_state":"installed","agent_build":"2026.09.4"},{"timestamp":"2026-09-14T01:42:03.600Z","computer":"srv-076","event_id":4698,"record_id":102268,"user":"employee-6","source_ip":"10.10.4.25","target":"Approved-Maintenance","logon_type":null,"change_ticket":"CHG-DEPLOY-18","result":"success","channel":"Security","provider":"Microsoft-Windows-Security-Auditing","logon_id":"ee85379718a66ca4","process_id":22640,"image_path":"C:/Program Files/ApprovedAgent/agent.exe","run_as":"svc-agent","publisher":"Approved Software Team","update_state":"installed","agent_build":"2026.09.1"},{"timestamp":"2026-09-14T01:42:06.300Z","computer":"srv-096","event_id":4728,"record_id":102269,"user":"employee-182","source_ip":"10.11.1.25","target":"Project-Readers","logon_type":null,"change_ticket":"CHG-DEPLOY-18","result":"success","channel":"Security","provider":"Microsoft-Windows-Security-Auditing","logon_id":"ee85379718a66ca4","process_id":24628,"image_path":"","run_as":"","publisher":"","update_state":"installed","agent_build":"2026.09.2"},{"timestamp":"2026-09-14T01:42:09.000Z","computer":"srv-198","event_id":4697,"record_id":102270,"user":"employee-376","source_ip":"10.12.2.27","target":"ApprovedAgent","logon_type":null,"change_ticket":"CHG-DEPLOY-18","result":"success","channel":"Security","provider":"Microsoft-Windows-Security-Auditing","logon_id":"ee85379718a66ca4","process_id":15732,"image_path":"C:/Program Files/ApprovedAgent/agent.exe","run_as":"svc-agent","publisher":"Approved Software Team","update_state":"installed","agent_build":"2026.09.3"},{"timestamp":"2026-09-14T01:42:11.700Z","computer":"srv-186","event_id":4624,"record_id":102271,"user":"employee-16","source_ip":"10.12.2.15","target":"logon-session","logon_type":2,"change_ticket":"","result":"success","channel":"Security","provider":"Microsoft-Windows-Security-Auditing","logon_id":"ee85379718a66ca4","process_id":15654,"image_path":"","run_as":"","publisher":"","update_state":"installed","agent_build":"2026.09.4"},{"timestamp":"2026-09-14T01:42:14.400Z","computer":"srv-192","event_id":4624,"record_id":102272,"user":"employee-25","source_ip":"10.12.2.21","target":"logon-session","logon_type":3,"change_ticket":"","result":"success","channel":"Security","provider":"Microsoft-Windows-Security-Auditing","logon_id":"d291008207bbb130","process_id":15991,"image_path":"","run_as":"","publisher":"","update_state":"installed","agent_build":"2026.09.1"},{"timestamp":"2026-09-14T01:42:17.100Z","computer":"srv-164","event_id":4634,"record_id":102273,"user":"employee-245","source_ip":"10.12.1.13","target":"logon-session","logon_type":10,"change_ticket":"","result":"success","channel":"Security","provider":"Microsoft-Windows-Security-Auditing","logon_id":"d291008207bbb130","process_id":6647,"image_path":"","run_as":"","publisher":"","update_state":"installed","agent_build":"2026.09.2"},{"timestamp":"2026-09-14T01:42:19.800Z","computer":"srv-164","event_id":4688,"record_id":102274,"user":"employee-400","source_ip":"10.12.1.13","target":"logon-session","logon_type":null,"change_ticket":"","result":"success","channel":"Security","provider":"Microsoft-Windows-Security-Auditing","logon_id":"d291008207bbb130","process_id":25233,"image_path":"C:/Program Files/ApprovedAgent/agent.exe","run_as":"","publisher":"Approved Software Team","update_state":"installed","agent_build":"2026.09.3"},{"timestamp":"2026-09-14T01:42:22.500Z","computer":"srv-143","event_id":4625,"record_id":102275,"user":"deployment-admin","source_ip":"10.11.4.12","target":"logon-session","logon_type":3,"change_ticket":"","result":"failure","channel":"Security","provider":"Microsoft-Windows-Security-Auditing","logon_id":"d291008207bbb130","process_id":14215,"image_path":"","run_as":"","publisher":"","update_state":"installed","agent_build":"2026.09.4"},{"timestamp":"2026-09-14T01:42:25.200Z","computer":"srv-211","event_id":4698,"record_id":102276,"user":"employee-178","source_ip":"10.12.3.20","target":"Approved-Maintenance","logon_type":null,"change_ticket":"CHG-DEPLOY-18","result":"success","channel":"Security","provider":"Microsoft-Windows-Security-Auditing","logon_id":"c48eef7a396f75de","process_id":23079,"image_path":"C:/Program Files/ApprovedAgent/agent.exe","run_as":"svc-agent","publisher":"Approved Software Team","update_state":"installed","agent_build":"2026.09.1"},{"timestamp":"2026-09-14T01:42:27.900Z","computer":"srv-038","event_id":4728,"record_id":102277,"user":"employee-241","source_ip":"10.10.2.27","target":"Project-Readers","logon_type":null,"change_ticket":"CHG-DEPLOY-18","result":"success","channel":"Security","provider":"Microsoft-Windows-Security-Auditing","logon_id":"c48eef7a396f75de","process_id":12421,"image_path":"","run_as":"","publisher":"","update_state":"installed","agent_build":"2026.09.2"},{"timestamp":"2026-09-14T01:42:30.600Z","computer":"srv-079","event_id":4697,"record_id":102278,"user":"employee-267","source_ip":"10.10.4.28","target":"ApprovedAgent","logon_type":null,"change_ticket":"CHG-DEPLOY-18","result":"success","channel":"Security","provider":"Microsoft-Windows-Security-Auditing","logon_id":"c48eef7a396f75de","process_id":23838,"image_path":"C:/Program Files/ApprovedAgent/agent.exe","run_as":"svc-agent","publisher":"Approved Software Team","update_state":"installed","agent_build":"2026.09.3"},{"timestamp":"2026-09-14T01:42:33.300Z","computer":"srv-192","event_id":4624,"record_id":102279,"user":"employee-407","source_ip":"10.12.2.21","target":"logon-session","logon_type":10,"change_ticket":"","result":"success","channel":"Security","provider":"Microsoft-Windows-Security-Auditing","logon_id":"c48eef7a396f75de","process_id":5028,"image_path":"","run_as":"","publisher":"","update_state":"installed","agent_build":"2026.09.4"},{"timestamp":"2026-09-14T01:42:36.000Z","computer":"srv-023","event_id":4624,"record_id":102280,"user":"employee-52","source_ip":"10.10.2.12","target":"logon-session","logon_type":2,"change_ticket":"","result":"success","channel":"Security","provider":"Microsoft-Windows-Security-Auditing","logon_id":"7bb70e82fefa4945","process_id":25429,"image_path":"","run_as":"","publisher":"","update_state":"installed","agent_build":"2026.09.1"},{"timestamp":"2026-09-14T01:42:38.700Z","computer":"srv-112","event_id":4634,"record_id":102281,"user":"employee-277","source_ip":"10.11.2.21","target":"logon-session","logon_type":3,"change_ticket":"","result":"success","channel":"Security","provider":"Microsoft-Windows-Security-Auditing","logon_id":"7bb70e82fefa4945","process_id":8760,"image_path":"","run_as":"","publisher":"","update_state":"installed","agent_build":"2026.09.2"},{"timestamp":"2026-09-14T01:42:41.400Z","computer":"srv-191","event_id":4688,"record_id":102282,"user":"employee-118","source_ip":"10.12.2.20","target":"logon-session","logon_type":null,"change_ticket":"","result":"success","channel":"Security","provider":"Microsoft-Windows-Security-Auditing","logon_id":"7bb70e82fefa4945","process_id":19458,"image_path":"C:/Program Files/ApprovedAgent/agent.exe","run_as":"","publisher":"Approved Software Team","update_state":"installed","agent_build":"2026.09.3"},{"timestamp":"2026-09-14T01:42:44.100Z","computer":"srv-133","event_id":4625,"record_id":102283,"user":"employee-237","source_ip":"10.11.3.22","target":"logon-session","logon_type":2,"change_ticket":"","result":"failure","channel":"Security","provider":"Microsoft-Windows-Security-Auditing","logon_id":"7bb70e82fefa4945","process_id":4714,"image_path":"","run_as":"","publisher":"","update_state":"installed","agent_build":"2026.09.4"},{"timestamp":"2026-09-14T01:42:46.800Z","computer":"srv-041","event_id":4698,"record_id":102284,"user":"employee-91","source_ip":"10.10.3.10","target":"Approved-Maintenance","logon_type":null,"change_ticket":"CHG-DEPLOY-18","result":"success","channel":"Security","provider":"Microsoft-Windows-Security-Auditing","logon_id":"ffa7c3294f9efbbb","process_id":4330,"image_path":"C:/Program Files/ApprovedAgent/agent.exe","run_as":"svc-agent","publisher":"Approved Software Team","update_state":"installed","agent_build":"2026.09.1"},{"timestamp":"2026-09-14T01:42:49.500Z","computer":"srv-049","event_id":4728,"record_id":102285,"user":"employee-243","source_ip":"10.10.3.18","target":"Project-Readers","logon_type":null,"change_ticket":"CHG-DEPLOY-18","result":"success","channel":"Security","provider":"Microsoft-Windows-Security-Auditing","logon_id":"ffa7c3294f9efbbb","process_id":2648,"image_path":"","run_as":"","publisher":"","update_state":"installed","agent_build":"2026.09.2"},{"timestamp":"2026-09-14T01:42:52.200Z","computer":"srv-050","event_id":4697,"record_id":102286,"user":"employee-136","source_ip":"10.10.3.19","target":"ApprovedAgent","logon_type":null,"change_ticket":"CHG-DEPLOY-18","result":"success","channel":"Security","provider":"Microsoft-Windows-Security-Auditing","logon_id":"ffa7c3294f9efbbb","process_id":2460,"image_path":"C:/Program Files/ApprovedAgent/agent.exe","run_as":"svc-agent","publisher":"Approved Software Team","update_state":"installed","agent_build":"2026.09.3"},{"timestamp":"2026-09-14T01:42:54.900Z","computer":"srv-208","event_id":4624,"record_id":102287,"user":"employee-237","source_ip":"10.12.3.17","target":"logon-session","logon_type":3,"change_ticket":"","result":"success","channel":"Security","provider":"Microsoft-Windows-Security-Auditing","logon_id":"ffa7c3294f9efbbb","process_id":25242,"image_path":"","run_as":"","publisher":"","update_state":"installed","agent_build":"2026.09.4"},{"timestamp":"2026-09-14T01:42:57.600Z","computer":"srv-231","event_id":4624,"record_id":102288,"user":"deployment-admin","source_ip":"10.12.4.20","target":"logon-session","logon_type":10,"change_ticket":"","result":"success","channel":"Security","provider":"Microsoft-Windows-Security-Auditing","logon_id":"4e654d2fa8035000","process_id":24149,"image_path":"","run_as":"","publisher":"","update_state":"installed","agent_build":"2026.09.1"},{"timestamp":"2026-09-14T01:43:00.300Z","computer":"srv-068","event_id":4634,"record_id":102289,"user":"employee-112","source_ip":"10.10.4.17","target":"logon-session","logon_type":2,"change_ticket":"","result":"success","channel":"Security","provider":"Microsoft-Windows-Security-Auditing","logon_id":"4e654d2fa8035000","process_id":14047,"image_path":"","run_as":"","publisher":"","update_state":"installed","agent_build":"2026.09.2"},{"timestamp":"2026-09-14T01:43:03.000Z","computer":"srv-142","event_id":4688,"record_id":102290,"user":"employee-146","source_ip":"10.11.4.11","target":"logon-session","logon_type":null,"change_ticket":"","result":"success","channel":"Security","provider":"Microsoft-Windows-Security-Auditing","logon_id":"4e654d2fa8035000","process_id":13062,"image_path":"C:/Program Files/ApprovedAgent/agent.exe","run_as":"","publisher":"Approved Software Team","update_state":"installed","agent_build":"2026.09.3"},{"timestamp":"2026-09-14T01:43:05.700Z","computer":"srv-020","event_id":4625,"record_id":102291,"user":"employee-466","source_ip":"10.10.1.29","target":"logon-session","logon_type":10,"change_ticket":"","result":"failure","channel":"Security","provider":"Microsoft-Windows-Security-Auditing","logon_id":"4e654d2fa8035000","process_id":1829,"image_path":"","run_as":"","publisher":"","update_state":"installed","agent_build":"2026.09.4"},{"timestamp":"2026-09-14T01:43:08.400Z","computer":"srv-114","event_id":4698,"record_id":102292,"user":"employee-399","source_ip":"10.11.2.23","target":"Approved-Maintenance","logon_type":null,"change_ticket":"CHG-DEPLOY-18","result":"success","channel":"Security","provider":"Microsoft-Windows-Security-Auditing","logon_id":"2d68bd210c39b852","process_id":10837,"image_path":"C:/Program Files/ApprovedAgent/agent.exe","run_as":"svc-agent","publisher":"Approved Software Team","update_state":"installed","agent_build":"2026.09.1"},{"timestamp":"2026-09-14T01:43:11.100Z","computer":"srv-033","event_id":4728,"record_id":102293,"user":"employee-295","source_ip":"10.10.2.22","target":"Project-Readers","logon_type":null,"change_ticket":"CHG-DEPLOY-18","result":"success","channel":"Security","provider":"Microsoft-Windows-Security-Auditing","logon_id":"2d68bd210c39b852","process_id":19853,"image_path":"","run_as":"","publisher":"","update_state":"installed","agent_build":"2026.09.2"},{"timestamp":"2026-09-14T01:43:13.800Z","computer":"srv-031","event_id":4697,"record_id":102294,"user":"employee-65","source_ip":"10.10.2.20","target":"ApprovedAgent","logon_type":null,"change_ticket":"CHG-DEPLOY-18","result":"success","channel":"Security","provider":"Microsoft-Windows-Security-Auditing","logon_id":"2d68bd210c39b852","process_id":17358,"image_path":"C:/Program Files/ApprovedAgent/agent.exe","run_as":"svc-agent","publisher":"Approved Software Team","update_state":"restart-pending","agent_build":"2026.09.3"},{"timestamp":"2026-09-14T01:43:16.500Z","computer":"srv-171","event_id":4624,"record_id":102295,"user":"employee-282","source_ip":"10.12.1.20","target":"logon-session","logon_type":2,"change_ticket":"","result":"success","channel":"Security","provider":"Microsoft-Windows-Security-Auditing","logon_id":"2d68bd210c39b852","process_id":25966,"image_path":"","run_as":"","publisher":"","update_state":"installed","agent_build":"2026.09.4"},{"timestamp":"2026-09-14T01:43:19.200Z","computer":"srv-102","event_id":4624,"record_id":102296,"user":"employee-147","source_ip":"10.11.2.11","target":"logon-session","logon_type":3,"change_ticket":"","result":"success","channel":"Security","provider":"Microsoft-Windows-Security-Auditing","logon_id":"20829f5469b68a9f","process_id":22915,"image_path":"","run_as":"","publisher":"","update_state":"installed","agent_build":"2026.09.1"},{"timestamp":"2026-09-14T01:43:21.900Z","computer":"srv-087","event_id":4634,"record_id":102297,"user":"employee-194","source_ip":"10.11.1.16","target":"logon-session","logon_type":10,"change_ticket":"","result":"success","channel":"Security","provider":"Microsoft-Windows-Security-Auditing","logon_id":"20829f5469b68a9f","process_id":15982,"image_path":"","run_as":"","publisher":"","update_state":"installed","agent_build":"2026.09.2"},{"timestamp":"2026-09-14T01:43:24.600Z","computer":"srv-020","event_id":4688,"record_id":102298,"user":"employee-222","source_ip":"10.10.1.29","target":"logon-session","logon_type":null,"change_ticket":"","result":"success","channel":"Security","provider":"Microsoft-Windows-Security-Auditing","logon_id":"20829f5469b68a9f","process_id":5614,"image_path":"C:/Program Files/ApprovedAgent/agent.exe","run_as":"","publisher":"Approved Software Team","update_state":"installed","agent_build":"2026.09.3"},{"timestamp":"2026-09-14T01:43:27.300Z","computer":"srv-164","event_id":4625,"record_id":102299,"user":"employee-159","source_ip":"10.12.1.13","target":"logon-session","logon_type":3,"change_ticket":"","result":"failure","channel":"Security","provider":"Microsoft-Windows-Security-Auditing","logon_id":"20829f5469b68a9f","process_id":9484,"image_path":"","run_as":"","publisher":"","update_state":"installed","agent_build":"2026.09.4"},{"timestamp":"2026-09-14T01:43:30.000Z","computer":"srv-045","event_id":4698,"record_id":102300,"user":"employee-363","source_ip":"10.10.3.14","target":"Approved-Maintenance","logon_type":null,"change_ticket":"CHG-DEPLOY-18","result":"success","channel":"Security","provider":"Microsoft-Windows-Security-Auditing","logon_id":"dcbd810356e84d77","process_id":5516,"image_path":"C:/Program Files/ApprovedAgent/agent.exe","run_as":"svc-agent","publisher":"Approved Software Team","update_state":"installed","agent_build":"2026.09.1"},{"timestamp":"2026-09-14T01:43:32.700Z","computer":"srv-122","event_id":4728,"record_id":102301,"user":"deployment-admin","source_ip":"10.11.3.11","target":"Project-Readers","logon_type":null,"change_ticket":"CHG-DEPLOY-18","result":"success","channel":"Security","provider":"Microsoft-Windows-Security-Auditing","logon_id":"dcbd810356e84d77","process_id":11953,"image_path":"","run_as":"","publisher":"","update_state":"no-report","agent_build":"2026.09.2"},{"timestamp":"2026-09-14T01:43:35.400Z","computer":"srv-176","event_id":4697,"record_id":102302,"user":"employee-304","source_ip":"10.12.1.25","target":"ApprovedAgent","logon_type":null,"change_ticket":"CHG-DEPLOY-18","result":"success","channel":"Security","provider":"Microsoft-Windows-Security-Auditing","logon_id":"dcbd810356e84d77","process_id":5880,"image_path":"C:/Program Files/ApprovedAgent/agent.exe","run_as":"svc-agent","publisher":"Approved Software Team","update_state":"installed","agent_build":"2026.09.3"},{"timestamp":"2026-09-14T01:43:38.100Z","computer":"srv-118","event_id":4624,"record_id":102303,"user":"employee-78","source_ip":"10.11.2.27","target":"logon-session","logon_type":10,"change_ticket":"","result":"success","channel":"Security","provider":"Microsoft-Windows-Security-Auditing","logon_id":"dcbd810356e84d77","process_id":4312,"image_path":"","run_as":"","publisher":"","update_state":"failed","agent_build":"2026.09.4"},{"timestamp":"2026-09-14T01:43:40.800Z","computer":"srv-082","event_id":4624,"record_id":102304,"user":"employee-29","source_ip":"10.11.1.11","target":"logon-session","logon_type":2,"change_ticket":"","result":"success","channel":"Security","provider":"Microsoft-Windows-Security-Auditing","logon_id":"6bdb7096441fd7cb","process_id":21099,"image_path":"","run_as":"","publisher":"","update_state":"installed","agent_build":"2026.09.1"},{"timestamp":"2026-09-14T01:43:43.500Z","computer":"srv-040","event_id":4634,"record_id":102305,"user":"employee-317","source_ip":"10.10.2.29","target":"logon-session","logon_type":3,"change_ticket":"","result":"success","channel":"Security","provider":"Microsoft-Windows-Security-Auditing","logon_id":"6bdb7096441fd7cb","process_id":8416,"image_path":"","run_as":"","publisher":"","update_state":"installed","agent_build":"2026.09.2"},{"timestamp":"2026-09-14T01:43:46.200Z","computer":"srv-228","event_id":4688,"record_id":102306,"user":"employee-476","source_ip":"10.12.4.17","target":"logon-session","logon_type":null,"change_ticket":"","result":"success","channel":"Security","provider":"Microsoft-Windows-Security-Auditing","logon_id":"6bdb7096441fd7cb","process_id":2708,"image_path":"C:/Program Files/ApprovedAgent/agent.exe","run_as":"","publisher":"Approved Software Team","update_state":"installed","agent_build":"2026.09.3"},{"timestamp":"2026-09-14T01:43:48.900Z","computer":"srv-105","event_id":4625,"record_id":102307,"user":"employee-79","source_ip":"10.11.2.14","target":"logon-session","logon_type":2,"change_ticket":"","result":"failure","channel":"Security","provider":"Microsoft-Windows-Security-Auditing","logon_id":"6bdb7096441fd7cb","process_id":4622,"image_path":"","run_as":"","publisher":"","update_state":"installed","agent_build":"2026.09.4"},{"timestamp":"2026-09-14T01:43:51.600Z","computer":"srv-205","event_id":4698,"record_id":102308,"user":"employee-474","source_ip":"10.12.3.14","target":"Approved-Maintenance","logon_type":null,"change_ticket":"CHG-DEPLOY-18","result":"success","channel":"Security","provider":"Microsoft-Windows-Security-Auditing","logon_id":"1a90d978835a263f","process_id":20002,"image_path":"C:/Program Files/ApprovedAgent/agent.exe","run_as":"svc-agent","publisher":"Approved Software Team","update_state":"installed","agent_build":"2026.09.1"},{"timestamp":"2026-09-14T01:43:54.300Z","computer":"srv-140","event_id":4728,"record_id":102309,"user":"employee-304","source_ip":"10.11.3.29","target":"Project-Readers","logon_type":null,"change_ticket":"CHG-DEPLOY-18","result":"success","channel":"Security","provider":"Microsoft-Windows-Security-Auditing","logon_id":"1a90d978835a263f","process_id":8687,"image_path":"","run_as":"","publisher":"","update_state":"installed","agent_build":"2026.09.2"},{"timestamp":"2026-09-14T01:43:57.000Z","computer":"srv-044","event_id":4697,"record_id":102310,"user":"employee-473","source_ip":"10.10.3.13","target":"ApprovedAgent","logon_type":null,"change_ticket":"CHG-DEPLOY-18","result":"success","channel":"Security","provider":"Microsoft-Windows-Security-Auditing","logon_id":"1a90d978835a263f","process_id":7950,"image_path":"C:/Program Files/ApprovedAgent/agent.exe","run_as":"svc-agent","publisher":"Approved Software Team","update_state":"installed","agent_build":"2026.09.3"},{"timestamp":"2026-09-14T01:43:59.700Z","computer":"srv-072","event_id":4624,"record_id":102311,"user":"employee-362","source_ip":"10.10.4.21","target":"logon-session","logon_type":3,"change_ticket":"","result":"success","channel":"Security","provider":"Microsoft-Windows-Security-Auditing","logon_id":"1a90d978835a263f","process_id":21979,"image_path":"","run_as":"","publisher":"","update_state":"installed","agent_build":"2026.09.4"},{"timestamp":"2026-09-14T01:44:02.400Z","computer":"srv-094","event_id":4624,"record_id":102312,"user":"employee-451","source_ip":"10.11.1.23","target":"logon-session","logon_type":10,"change_ticket":"","result":"success","channel":"Security","provider":"Microsoft-Windows-Security-Auditing","logon_id":"3a5aef15687bcbc7","process_id":10199,"image_path":"","run_as":"","publisher":"","update_state":"installed","agent_build":"2026.09.1"},{"timestamp":"2026-09-14T01:44:05.100Z","computer":"srv-075","event_id":4634,"record_id":102313,"user":"employee-332","source_ip":"10.10.4.24","target":"logon-session","logon_type":2,"change_ticket":"","result":"success","channel":"Security","provider":"Microsoft-Windows-Security-Auditing","logon_id":"3a5aef15687bcbc7","process_id":15537,"image_path":"","run_as":"","publisher":"","update_state":"installed","agent_build":"2026.09.2"},{"timestamp":"2026-09-14T01:44:07.800Z","computer":"srv-016","event_id":4688,"record_id":102314,"user":"deployment-admin","source_ip":"10.10.1.25","target":"logon-session","logon_type":null,"change_ticket":"","result":"success","channel":"Security","provider":"Microsoft-Windows-Security-Auditing","logon_id":"3a5aef15687bcbc7","process_id":3834,"image_path":"C:/Program Files/ApprovedAgent/agent.exe","run_as":"","publisher":"Approved Software Team","update_state":"installed","agent_build":"2026.09.3"},{"timestamp":"2026-09-14T01:44:10.500Z","computer":"srv-231","event_id":4625,"record_id":102315,"user":"employee-471","source_ip":"10.12.4.20","target":"logon-session","logon_type":10,"change_ticket":"","result":"failure","channel":"Security","provider":"Microsoft-Windows-Security-Auditing","logon_id":"3a5aef15687bcbc7","process_id":16706,"image_path":"","run_as":"","publisher":"","update_state":"installed","agent_build":"2026.09.4"},{"timestamp":"2026-09-14T01:44:13.200Z","computer":"srv-074","event_id":4698,"record_id":102316,"user":"employee-315","source_ip":"10.10.4.23","target":"Approved-Maintenance","logon_type":null,"change_ticket":"CHG-DEPLOY-18","result":"success","channel":"Security","provider":"Microsoft-Windows-Security-Auditing","logon_id":"94932e6119774f0d","process_id":21808,"image_path":"C:/Program Files/ApprovedAgent/agent.exe","run_as":"svc-agent","publisher":"Approved Software Team","update_state":"installed","agent_build":"2026.09.1"},{"timestamp":"2026-09-14T01:44:15.900Z","computer":"srv-237","event_id":4728,"record_id":102317,"user":"employee-451","source_ip":"10.12.4.26","target":"Project-Readers","logon_type":null,"change_ticket":"CHG-DEPLOY-18","result":"success","channel":"Security","provider":"Microsoft-Windows-Security-Auditing","logon_id":"94932e6119774f0d","process_id":16350,"image_path":"","run_as":"","publisher":"","update_state":"installed","agent_build":"2026.09.2"},{"timestamp":"2026-09-14T01:44:18.600Z","computer":"srv-015","event_id":4697,"record_id":102318,"user":"employee-44","source_ip":"10.10.1.24","target":"ApprovedAgent","logon_type":null,"change_ticket":"CHG-DEPLOY-18","result":"success","channel":"Security","provider":"Microsoft-Windows-Security-Auditing","logon_id":"94932e6119774f0d","process_id":5331,"image_path":"C:/Program Files/ApprovedAgent/agent.exe","run_as":"svc-agent","publisher":"Approved Software Team","update_state":"installed","agent_build":"2026.09.3"},{"timestamp":"2026-09-14T01:44:21.300Z","computer":"srv-122","event_id":4624,"record_id":102319,"user":"employee-391","source_ip":"10.11.3.11","target":"logon-session","logon_type":2,"change_ticket":"","result":"success","channel":"Security","provider":"Microsoft-Windows-Security-Auditing","logon_id":"94932e6119774f0d","process_id":6876,"image_path":"","run_as":"","publisher":"","update_state":"installed","agent_build":"2026.09.4"},{"timestamp":"2026-09-14T01:44:24.000Z","computer":"srv-127","event_id":4624,"record_id":102320,"user":"employee-247","source_ip":"10.11.3.16","target":"logon-session","logon_type":3,"change_ticket":"","result":"success","channel":"Security","provider":"Microsoft-Windows-Security-Auditing","logon_id":"e8519d98d3b2673d","process_id":5834,"image_path":"","run_as":"","publisher":"","update_state":"installed","agent_build":"2026.09.1"},{"timestamp":"2026-09-14T01:44:26.700Z","computer":"srv-202","event_id":4634,"record_id":102321,"user":"employee-120","source_ip":"10.12.3.11","target":"logon-session","logon_type":10,"change_ticket":"","result":"success","channel":"Security","provider":"Microsoft-Windows-Security-Auditing","logon_id":"e8519d98d3b2673d","process_id":16253,"image_path":"","run_as":"","publisher":"","update_state":"installed","agent_build":"2026.09.2"},{"timestamp":"2026-09-14T01:44:29.400Z","computer":"srv-029","event_id":4688,"record_id":102322,"user":"employee-41","source_ip":"10.10.2.18","target":"logon-session","logon_type":null,"change_ticket":"","result":"success","channel":"Security","provider":"Microsoft-Windows-Security-Auditing","logon_id":"e8519d98d3b2673d","process_id":18417,"image_path":"C:/Program Files/ApprovedAgent/agent.exe","run_as":"","publisher":"Approved Software Team","update_state":"installed","agent_build":"2026.09.3"},{"timestamp":"2026-09-14T01:44:32.100Z","computer":"srv-036","event_id":4625,"record_id":102323,"user":"employee-142","source_ip":"10.10.2.25","target":"logon-session","logon_type":3,"change_ticket":"","result":"failure","channel":"Security","provider":"Microsoft-Windows-Security-Auditing","logon_id":"e8519d98d3b2673d","process_id":8430,"image_path":"","run_as":"","publisher":"","update_state":"installed","agent_build":"2026.09.4"},{"timestamp":"2026-09-14T01:44:34.800Z","computer":"srv-153","event_id":4698,"record_id":102324,"user":"employee-170","source_ip":"10.11.4.22","target":"Approved-Maintenance","logon_type":null,"change_ticket":"CHG-DEPLOY-18","result":"success","channel":"Security","provider":"Microsoft-Windows-Security-Auditing","logon_id":"da729531f47631be","process_id":2601,"image_path":"C:/Program Files/ApprovedAgent/agent.exe","run_as":"svc-agent","publisher":"Approved Software Team","update_state":"installed","agent_build":"2026.09.1"},{"timestamp":"2026-09-14T01:44:37.500Z","computer":"srv-133","event_id":4728,"record_id":102325,"user":"employee-226","source_ip":"10.11.3.22","target":"Project-Readers","logon_type":null,"change_ticket":"CHG-DEPLOY-18","result":"success","channel":"Security","provider":"Microsoft-Windows-Security-Auditing","logon_id":"da729531f47631be","process_id":17355,"image_path":"","run_as":"","publisher":"","update_state":"restart-pending","agent_build":"2026.09.2"},{"timestamp":"2026-09-14T01:44:40.200Z","computer":"srv-161","event_id":4697,"record_id":102326,"user":"employee-13","source_ip":"10.12.1.10","target":"ApprovedAgent","logon_type":null,"change_ticket":"CHG-DEPLOY-18","result":"success","channel":"Security","provider":"Microsoft-Windows-Security-Auditing","logon_id":"da729531f47631be","process_id":4806,"image_path":"C:/Program Files/ApprovedAgent/agent.exe","run_as":"svc-agent","publisher":"Approved Software Team","update_state":"installed","agent_build":"2026.09.3"},{"timestamp":"2026-09-14T01:44:42.900Z","computer":"srv-131","event_id":4624,"record_id":102327,"user":"deployment-admin","source_ip":"10.11.3.20","target":"logon-session","logon_type":10,"change_ticket":"","result":"success","channel":"Security","provider":"Microsoft-Windows-Security-Auditing","logon_id":"da729531f47631be","process_id":15604,"image_path":"","run_as":"","publisher":"","update_state":"installed","agent_build":"2026.09.4"},{"timestamp":"2026-09-14T01:44:45.600Z","computer":"srv-188","event_id":4624,"record_id":102328,"user":"employee-112","source_ip":"10.12.2.17","target":"logon-session","logon_type":2,"change_ticket":"","result":"success","channel":"Security","provider":"Microsoft-Windows-Security-Auditing","logon_id":"9a050459fc270dd7","process_id":16906,"image_path":"","run_as":"","publisher":"","update_state":"installed","agent_build":"2026.09.1"},{"timestamp":"2026-09-14T01:44:48.300Z","computer":"srv-122","event_id":4634,"record_id":102329,"user":"employee-82","source_ip":"10.11.3.11","target":"logon-session","logon_type":3,"change_ticket":"","result":"success","channel":"Security","provider":"Microsoft-Windows-Security-Auditing","logon_id":"9a050459fc270dd7","process_id":23809,"image_path":"","run_as":"","publisher":"","update_state":"installed","agent_build":"2026.09.2"},{"timestamp":"2026-09-14T01:44:51.000Z","computer":"srv-198","event_id":4688,"record_id":102330,"user":"employee-339","source_ip":"10.12.2.27","target":"logon-session","logon_type":null,"change_ticket":"","result":"success","channel":"Security","provider":"Microsoft-Windows-Security-Auditing","logon_id":"9a050459fc270dd7","process_id":16704,"image_path":"C:/Program Files/ApprovedAgent/agent.exe","run_as":"","publisher":"Approved Software Team","update_state":"installed","agent_build":"2026.09.3"},{"timestamp":"2026-09-14T01:44:53.700Z","computer":"srv-112","event_id":4625,"record_id":102331,"user":"employee-403","source_ip":"10.11.2.21","target":"logon-session","logon_type":2,"change_ticket":"","result":"failure","channel":"Security","provider":"Microsoft-Windows-Security-Auditing","logon_id":"9a050459fc270dd7","process_id":2624,"image_path":"","run_as":"","publisher":"","update_state":"installed","agent_build":"2026.09.4"},