{"timestamp":"2026-09-14T00:23:51.000Z","computer":"srv-122","event_id":4688,"record_id":100530,"user":"employee-357","source_ip":"10.11.3.11","target":"logon-session","logon_type":null,"change_ticket":"","result":"success","channel":"Security","provider":"Microsoft-Windows-Security-Auditing","logon_id":"9a3977460c7e2113","process_id":3265,"image_path":"C:/Program Files/ApprovedAgent/agent.exe","run_as":"","publisher":"Approved Software Team","update_state":"installed","agent_build":"2026.09.3"},{"timestamp":"2026-09-14T00:23:53.700Z","computer":"srv-144","event_id":4625,"record_id":100531,"user":"employee-72","source_ip":"10.11.4.13","target":"logon-session","logon_type":2,"change_ticket":"","result":"failure","channel":"Security","provider":"Microsoft-Windows-Security-Auditing","logon_id":"9a3977460c7e2113","process_id":25783,"image_path":"","run_as":"","publisher":"","update_state":"no-report","agent_build":"2026.09.4"},{"timestamp":"2026-09-14T00:23:56.400Z","computer":"srv-034","event_id":4698,"record_id":100532,"user":"employee-174","source_ip":"10.10.2.23","target":"Approved-Maintenance","logon_type":null,"change_ticket":"CHG-DEPLOY-18","result":"success","channel":"Security","provider":"Microsoft-Windows-Security-Auditing","logon_id":"42dd807f58fc7073","process_id":18020,"image_path":"C:/Program Files/ApprovedAgent/agent.exe","run_as":"svc-agent","publisher":"Approved Software Team","update_state":"installed","agent_build":"2026.09.1"},{"timestamp":"2026-09-14T00:23:59.100Z","computer":"srv-233","event_id":4728,"record_id":100533,"user":"deployment-admin","source_ip":"10.12.4.22","target":"Project-Readers","logon_type":null,"change_ticket":"CHG-DEPLOY-18","result":"success","channel":"Security","provider":"Microsoft-Windows-Security-Auditing","logon_id":"42dd807f58fc7073","process_id":25990,"image_path":"","run_as":"","publisher":"","update_state":"installed","agent_build":"2026.09.2"},{"timestamp":"2026-09-14T00:24:01.800Z","computer":"srv-111","event_id":4697,"record_id":100534,"user":"employee-89","source_ip":"10.11.2.20","target":"ApprovedAgent","logon_type":null,"change_ticket":"CHG-DEPLOY-18","result":"success","channel":"Security","provider":"Microsoft-Windows-Security-Auditing","logon_id":"42dd807f58fc7073","process_id":25894,"image_path":"C:/Program Files/ApprovedAgent/agent.exe","run_as":"svc-agent","publisher":"Approved Software Team","update_state":"installed","agent_build":"2026.09.3"},{"timestamp":"2026-09-14T00:24:04.500Z","computer":"srv-058","event_id":4624,"record_id":100535,"user":"employee-353","source_ip":"10.10.3.27","target":"logon-session","logon_type":3,"change_ticket":"","result":"success","channel":"Security","provider":"Microsoft-Windows-Security-Auditing","logon_id":"42dd807f58fc7073","process_id":3116,"image_path":"","run_as":"","publisher":"","update_state":"installed","agent_build":"2026.09.4"},{"timestamp":"2026-09-14T00:24:07.200Z","computer":"srv-212","event_id":4624,"record_id":100536,"user":"employee-12","source_ip":"10.12.3.21","target":"logon-session","logon_type":10,"change_ticket":"","result":"success","channel":"Security","provider":"Microsoft-Windows-Security-Auditing","logon_id":"5e76bf0147b6718c","process_id":6312,"image_path":"","run_as":"","publisher":"","update_state":"installed","agent_build":"2026.09.1"},{"timestamp":"2026-09-14T00:24:09.900Z","computer":"srv-046","event_id":4634,"record_id":100537,"user":"employee-327","source_ip":"10.10.3.15","target":"logon-session","logon_type":2,"change_ticket":"","result":"success","channel":"Security","provider":"Microsoft-Windows-Security-Auditing","logon_id":"5e76bf0147b6718c","process_id":8656,"image_path":"","run_as":"","publisher":"","update_state":"installed","agent_build":"2026.09.2"},{"timestamp":"2026-09-14T00:24:12.600Z","computer":"srv-019","event_id":4688,"record_id":100538,"user":"employee-250","source_ip":"10.10.1.28","target":"logon-session","logon_type":null,"change_ticket":"","result":"success","channel":"Security","provider":"Microsoft-Windows-Security-Auditing","logon_id":"5e76bf0147b6718c","process_id":9232,"image_path":"C:/Program Files/ApprovedAgent/agent.exe","run_as":"","publisher":"Approved Software Team","update_state":"installed","agent_build":"2026.09.3"},{"timestamp":"2026-09-14T00:24:15.300Z","computer":"srv-158","event_id":4625,"record_id":100539,"user":"employee-330","source_ip":"10.11.4.27","target":"logon-session","logon_type":10,"change_ticket":"","result":"failure","channel":"Security","provider":"Microsoft-Windows-Security-Auditing","logon_id":"5e76bf0147b6718c","process_id":3978,"image_path":"","run_as":"","publisher":"","update_state":"installed","agent_build":"2026.09.4"},{"timestamp":"2026-09-14T00:24:18.000Z","computer":"srv-188","event_id":4698,"record_id":100540,"user":"employee-102","source_ip":"10.12.2.17","target":"Approved-Maintenance","logon_type":null,"change_ticket":"CHG-DEPLOY-18","result":"success","channel":"Security","provider":"Microsoft-Windows-Security-Auditing","logon_id":"e0e577d9d20f6193","process_id":13829,"image_path":"C:/Program Files/ApprovedAgent/agent.exe","run_as":"svc-agent","publisher":"Approved Software Team","update_state":"installed","agent_build":"2026.09.1"},{"timestamp":"2026-09-14T00:24:20.700Z","computer":"srv-163","event_id":4728,"record_id":100541,"user":"employee-396","source_ip":"10.12.1.12","target":"Project-Readers","logon_type":null,"change_ticket":"CHG-DEPLOY-18","result":"success","channel":"Security","provider":"Microsoft-Windows-Security-Auditing","logon_id":"e0e577d9d20f6193","process_id":11877,"image_path":"","run_as":"","publisher":"","update_state":"installed","agent_build":"2026.09.2"},{"timestamp":"2026-09-14T00:24:23.400Z","computer":"srv-072","event_id":4697,"record_id":100542,"user":"employee-138","source_ip":"10.10.4.21","target":"ApprovedAgent","logon_type":null,"change_ticket":"CHG-DEPLOY-18","result":"success","channel":"Security","provider":"Microsoft-Windows-Security-Auditing","logon_id":"e0e577d9d20f6193","process_id":17203,"image_path":"C:/Program Files/ApprovedAgent/agent.exe","run_as":"svc-agent","publisher":"Approved Software Team","update_state":"installed","agent_build":"2026.09.3"},{"timestamp":"2026-09-14T00:24:26.100Z","computer":"srv-214","event_id":4624,"record_id":100543,"user":"employee-95","source_ip":"10.12.3.23","target":"logon-session","logon_type":2,"change_ticket":"","result":"success","channel":"Security","provider":"Microsoft-Windows-Security-Auditing","logon_id":"e0e577d9d20f6193","process_id":17537,"image_path":"","run_as":"","publisher":"","update_state":"installed","agent_build":"2026.09.4"},{"timestamp":"2026-09-14T00:24:28.800Z","computer":"srv-225","event_id":4624,"record_id":100544,"user":"employee-348","source_ip":"10.12.4.14","target":"logon-session","logon_type":3,"change_ticket":"","result":"success","channel":"Security","provider":"Microsoft-Windows-Security-Auditing","logon_id":"5d60ab0dada519e6","process_id":12494,"image_path":"","run_as":"","publisher":"","update_state":"installed","agent_build":"2026.09.1"},{"timestamp":"2026-09-14T00:24:31.500Z","computer":"srv-108","event_id":4634,"record_id":100545,"user":"employee-186","source_ip":"10.11.2.17","target":"logon-session","logon_type":10,"change_ticket":"","result":"success","channel":"Security","provider":"Microsoft-Windows-Security-Auditing","logon_id":"5d60ab0dada519e6","process_id":4905,"image_path":"","run_as":"","publisher":"","update_state":"installed","agent_build":"2026.09.2"},{"timestamp":"2026-09-14T00:24:34.200Z","computer":"srv-148","event_id":4688,"record_id":100546,"user":"deployment-admin","source_ip":"10.11.4.17","target":"logon-session","logon_type":null,"change_ticket":"","result":"success","channel":"Security","provider":"Microsoft-Windows-Security-Auditing","logon_id":"5d60ab0dada519e6","process_id":9191,"image_path":"C:/Program Files/ApprovedAgent/agent.exe","run_as":"","publisher":"Approved Software Team","update_state":"installed","agent_build":"2026.09.3"},{"timestamp":"2026-09-14T00:24:36.900Z","computer":"srv-103","event_id":4625,"record_id":100547,"user":"employee-461","source_ip":"10.11.2.12","target":"logon-session","logon_type":3,"change_ticket":"","result":"failure","channel":"Security","provider":"Microsoft-Windows-Security-Auditing","logon_id":"5d60ab0dada519e6","process_id":4428,"image_path":"","run_as":"","publisher":"","update_state":"installed","agent_build":"2026.09.4"},{"timestamp":"2026-09-14T00:24:39.600Z","computer":"srv-201","event_id":4698,"record_id":100548,"user":"employee-134","source_ip":"10.12.3.10","target":"Approved-Maintenance","logon_type":null,"change_ticket":"CHG-DEPLOY-18","result":"success","channel":"Security","provider":"Microsoft-Windows-Security-Auditing","logon_id":"1bf68843dcced181","process_id":13903,"image_path":"C:/Program Files/ApprovedAgent/agent.exe","run_as":"svc-agent","publisher":"Approved Software Team","update_state":"installed","agent_build":"2026.09.1"},{"timestamp":"2026-09-14T00:24:42.300Z","computer":"srv-019","event_id":4728,"record_id":100549,"user":"employee-468","source_ip":"10.10.1.28","target":"Project-Readers","logon_type":null,"change_ticket":"CHG-DEPLOY-18","result":"success","channel":"Security","provider":"Microsoft-Windows-Security-Auditing","logon_id":"1bf68843dcced181","process_id":1377,"image_path":"","run_as":"","publisher":"","update_state":"installed","agent_build":"2026.09.2"},{"timestamp":"2026-09-14T00:24:45.000Z","computer":"srv-232","event_id":4697,"record_id":100550,"user":"employee-448","source_ip":"10.12.4.21","target":"ApprovedAgent","logon_type":null,"change_ticket":"CHG-DEPLOY-18","result":"success","channel":"Security","provider":"Microsoft-Windows-Security-Auditing","logon_id":"1bf68843dcced181","process_id":3251,"image_path":"C:/Program Files/ApprovedAgent/agent.exe","run_as":"svc-agent","publisher":"Approved Software Team","update_state":"installed","agent_build":"2026.09.3"},{"timestamp":"2026-09-14T00:24:47.700Z","computer":"srv-084","event_id":4624,"record_id":100551,"user":"employee-347","source_ip":"10.11.1.13","target":"logon-session","logon_type":10,"change_ticket":"","result":"success","channel":"Security","provider":"Microsoft-Windows-Security-Auditing","logon_id":"1bf68843dcced181","process_id":19886,"image_path":"","run_as":"","publisher":"","update_state":"installed","agent_build":"2026.09.4"},{"timestamp":"2026-09-14T00:24:50.400Z","computer":"srv-175","event_id":4624,"record_id":100552,"user":"employee-209","source_ip":"10.12.1.24","target":"logon-session","logon_type":2,"change_ticket":"","result":"success","channel":"Security","provider":"Microsoft-Windows-Security-Auditing","logon_id":"a9be8962d66f644e","process_id":12159,"image_path":"","run_as":"","publisher":"","update_state":"installed","agent_build":"2026.09.1"},{"timestamp":"2026-09-14T00:24:53.100Z","computer":"srv-038","event_id":4634,"record_id":100553,"user":"employee-322","source_ip":"10.10.2.27","target":"logon-session","logon_type":3,"change_ticket":"","result":"success","channel":"Security","provider":"Microsoft-Windows-Security-Auditing","logon_id":"a9be8962d66f644e","process_id":23696,"image_path":"","run_as":"","publisher":"","update_state":"installed","agent_build":"2026.09.2"},{"timestamp":"2026-09-14T00:24:55.800Z","computer":"srv-209","event_id":4688,"record_id":100554,"user":"employee-172","source_ip":"10.12.3.18","target":"logon-session","logon_type":null,"change_ticket":"","result":"success","channel":"Security","provider":"Microsoft-Windows-Security-Auditing","logon_id":"a9be8962d66f644e","process_id":1930,"image_path":"C:/Program Files/ApprovedAgent/agent.exe","run_as":"","publisher":"Approved Software Team","update_state":"installed","agent_build":"2026.09.3"},{"timestamp":"2026-09-14T00:24:58.500Z","computer":"srv-173","event_id":4625,"record_id":100555,"user":"employee-402","source_ip":"10.12.1.22","target":"logon-session","logon_type":2,"change_ticket":"","result":"failure","channel":"Security","provider":"Microsoft-Windows-Security-Auditing","logon_id":"a9be8962d66f644e","process_id":22588,"image_path":"","run_as":"","publisher":"","update_state":"installed","agent_build":"2026.09.4"},{"timestamp":"2026-09-14T00:25:01.200Z","computer":"srv-236","event_id":4698,"record_id":100556,"user":"employee-444","source_ip":"10.12.4.25","target":"Approved-Maintenance","logon_type":null,"change_ticket":"CHG-DEPLOY-18","result":"success","channel":"Security","provider":"Microsoft-Windows-Security-Auditing","logon_id":"f0e2e43f80543519","process_id":9617,"image_path":"C:/Program Files/ApprovedAgent/agent.exe","run_as":"svc-agent","publisher":"Approved Software Team","update_state":"installed","agent_build":"2026.09.1"},{"timestamp":"2026-09-14T00:25:03.900Z","computer":"srv-114","event_id":4728,"record_id":100557,"user":"employee-87","source_ip":"10.11.2.23","target":"Project-Readers","logon_type":null,"change_ticket":"CHG-DEPLOY-18","result":"success","channel":"Security","provider":"Microsoft-Windows-Security-Auditing","logon_id":"f0e2e43f80543519","process_id":15928,"image_path":"","run_as":"","publisher":"","update_state":"installed","agent_build":"2026.09.2"},{"timestamp":"2026-09-14T00:25:06.600Z","computer":"srv-186","event_id":4697,"record_id":100558,"user":"employee-170","source_ip":"10.12.2.15","target":"ApprovedAgent","logon_type":null,"change_ticket":"CHG-DEPLOY-18","result":"success","channel":"Security","provider":"Microsoft-Windows-Security-Auditing","logon_id":"f0e2e43f80543519","process_id":10883,"image_path":"C:/Program Files/ApprovedAgent/agent.exe","run_as":"svc-agent","publisher":"Approved Software Team","update_state":"restart-pending","agent_build":"2026.09.3"},{"timestamp":"2026-09-14T00:25:09.300Z","computer":"srv-033","event_id":4624,"record_id":100559,"user":"deployment-admin","source_ip":"10.10.2.22","target":"logon-session","logon_type":3,"change_ticket":"","result":"success","channel":"Security","provider":"Microsoft-Windows-Security-Auditing","logon_id":"f0e2e43f80543519","process_id":6907,"image_path":"","run_as":"","publisher":"","update_state":"installed","agent_build":"2026.09.4"},{"timestamp":"2026-09-14T00:25:12.000Z","computer":"srv-232","event_id":4624,"record_id":100560,"user":"employee-348","source_ip":"10.12.4.21","target":"logon-session","logon_type":10,"change_ticket":"","result":"success","channel":"Security","provider":"Microsoft-Windows-Security-Auditing","logon_id":"c7194a63ab82397e","process_id":21589,"image_path":"","run_as":"","publisher":"","update_state":"installed","agent_build":"2026.09.1"},{"timestamp":"2026-09-14T00:25:14.700Z","computer":"srv-111","event_id":4634,"record_id":100561,"user":"employee-14","source_ip":"10.11.2.20","target":"logon-session","logon_type":2,"change_ticket":"","result":"success","channel":"Security","provider":"Microsoft-Windows-Security-Auditing","logon_id":"c7194a63ab82397e","process_id":17636,"image_path":"","run_as":"","publisher":"","update_state":"installed","agent_build":"2026.09.2"},{"timestamp":"2026-09-14T00:25:17.400Z","computer":"srv-063","event_id":4688,"record_id":100562,"user":"employee-72","source_ip":"10.10.4.12","target":"logon-session","logon_type":null,"change_ticket":"","result":"success","channel":"Security","provider":"Microsoft-Windows-Security-Auditing","logon_id":"c7194a63ab82397e","process_id":25227,"image_path":"C:/Program Files/ApprovedAgent/agent.exe","run_as":"","publisher":"Approved Software Team","update_state":"installed","agent_build":"2026.09.3"},{"timestamp":"2026-09-14T00:25:20.100Z","computer":"srv-234","event_id":4625,"record_id":100563,"user":"employee-94","source_ip":"10.12.4.23","target":"logon-session","logon_type":10,"change_ticket":"","result":"failure","channel":"Security","provider":"Microsoft-Windows-Security-Auditing","logon_id":"c7194a63ab82397e","process_id":5857,"image_path":"","run_as":"","publisher":"","update_state":"installed","agent_build":"2026.09.4"},{"timestamp":"2026-09-14T00:25:22.800Z","computer":"srv-024","event_id":4698,"record_id":100564,"user":"employee-362","source_ip":"10.10.2.13","target":"Approved-Maintenance","logon_type":null,"change_ticket":"CHG-DEPLOY-18","result":"success","channel":"Security","provider":"Microsoft-Windows-Security-Auditing","logon_id":"5af10be2b0fae60f","process_id":10211,"image_path":"C:/Program Files/ApprovedAgent/agent.exe","run_as":"svc-agent","publisher":"Approved Software Team","update_state":"failed","agent_build":"2026.09.1"},{"timestamp":"2026-09-14T00:25:25.500Z","computer":"srv-124","event_id":4728,"record_id":100565,"user":"employee-381","source_ip":"10.11.3.13","target":"Project-Readers","logon_type":null,"change_ticket":"CHG-DEPLOY-18","result":"success","channel":"Security","provider":"Microsoft-Windows-Security-Auditing","logon_id":"5af10be2b0fae60f","process_id":23939,"image_path":"","run_as":"","publisher":"","update_state":"installed","agent_build":"2026.09.2"},{"timestamp":"2026-09-14T00:25:28.200Z","computer":"srv-207","event_id":4697,"record_id":100566,"user":"employee-156","source_ip":"10.12.3.16","target":"ApprovedAgent","logon_type":null,"change_ticket":"CHG-DEPLOY-18","result":"success","channel":"Security","provider":"Microsoft-Windows-Security-Auditing","logon_id":"5af10be2b0fae60f","process_id":12387,"image_path":"C:/Program Files/ApprovedAgent/agent.exe","run_as":"svc-agent","publisher":"Approved Software Team","update_state":"installed","agent_build":"2026.09.3"},{"timestamp":"2026-09-14T00:25:30.900Z","computer":"srv-168","event_id":4624,"record_id":100567,"user":"employee-434","source_ip":"10.12.1.17","target":"logon-session","logon_type":2,"change_ticket":"","result":"success","channel":"Security","provider":"Microsoft-Windows-Security-Auditing","logon_id":"5af10be2b0fae60f","process_id":12030,"image_path":"","run_as":"","publisher":"","update_state":"installed","agent_build":"2026.09.4"},{"timestamp":"2026-09-14T00:25:33.600Z","computer":"srv-225","event_id":4624,"record_id":100568,"user":"employee-478","source_ip":"10.12.4.14","target":"logon-session","logon_type":3,"change_ticket":"","result":"success","channel":"Security","provider":"Microsoft-Windows-Security-Auditing","logon_id":"fba058189ab00bda","process_id":7100,"image_path":"","run_as":"","publisher":"","update_state":"installed","agent_build":"2026.09.1"},{"timestamp":"2026-09-14T00:25:36.300Z","computer":"srv-034","event_id":4634,"record_id":100569,"user":"employee-307","source_ip":"10.10.2.23","target":"logon-session","logon_type":10,"change_ticket":"","result":"success","channel":"Security","provider":"Microsoft-Windows-Security-Auditing","logon_id":"fba058189ab00bda","process_id":13404,"image_path":"","run_as":"","publisher":"","update_state":"installed","agent_build":"2026.09.2"},{"timestamp":"2026-09-14T00:25:39.000Z","computer":"srv-102","event_id":4688,"record_id":100570,"user":"employee-248","source_ip":"10.11.2.11","target":"logon-session","logon_type":null,"change_ticket":"","result":"success","channel":"Security","provider":"Microsoft-Windows-Security-Auditing","logon_id":"fba058189ab00bda","process_id":19034,"image_path":"C:/Program Files/ApprovedAgent/agent.exe","run_as":"","publisher":"Approved Software Team","update_state":"installed","agent_build":"2026.09.3"},{"timestamp":"2026-09-14T00:25:41.700Z","computer":"srv-231","event_id":4625,"record_id":100571,"user":"employee-257","source_ip":"10.12.4.20","target":"logon-session","logon_type":3,"change_ticket":"","result":"failure","channel":"Security","provider":"Microsoft-Windows-Security-Auditing","logon_id":"fba058189ab00bda","process_id":6734,"image_path":"","run_as":"","publisher":"","update_state":"installed","agent_build":"2026.09.4"},{"timestamp":"2026-09-14T00:25:44.400Z","computer":"srv-202","event_id":4698,"record_id":100572,"user":"deployment-admin","source_ip":"10.12.3.11","target":"Approved-Maintenance","logon_type":null,"change_ticket":"CHG-DEPLOY-18","result":"success","channel":"Security","provider":"Microsoft-Windows-Security-Auditing","logon_id":"94690c591490df6e","process_id":22808,"image_path":"C:/Program Files/ApprovedAgent/agent.exe","run_as":"svc-agent","publisher":"Approved Software Team","update_state":"installed","agent_build":"2026.09.1"},{"timestamp":"2026-09-14T00:25:47.100Z","computer":"srv-049","event_id":4728,"record_id":100573,"user":"employee-351","source_ip":"10.10.3.18","target":"Project-Readers","logon_type":null,"change_ticket":"CHG-DEPLOY-18","result":"success","channel":"Security","provider":"Microsoft-Windows-Security-Auditing","logon_id":"94690c591490df6e","process_id":9410,"image_path":"","run_as":"","publisher":"","update_state":"installed","agent_build":"2026.09.2"},{"timestamp":"2026-09-14T00:25:49.800Z","computer":"srv-085","event_id":4697,"record_id":100574,"user":"employee-275","source_ip":"10.11.1.14","target":"ApprovedAgent","logon_type":null,"change_ticket":"CHG-DEPLOY-18","result":"success","channel":"Security","provider":"Microsoft-Windows-Security-Auditing","logon_id":"94690c591490df6e","process_id":20414,"image_path":"C:/Program Files/ApprovedAgent/agent.exe","run_as":"svc-agent","publisher":"Approved Software Team","update_state":"installed","agent_build":"2026.09.3"},{"timestamp":"2026-09-14T00:25:52.500Z","computer":"srv-130","event_id":4624,"record_id":100575,"user":"employee-63","source_ip":"10.11.3.19","target":"logon-session","logon_type":10,"change_ticket":"","result":"success","channel":"Security","provider":"Microsoft-Windows-Security-Auditing","logon_id":"94690c591490df6e","process_id":6773,"image_path":"","run_as":"","publisher":"","update_state":"installed","agent_build":"2026.09.4"},{"timestamp":"2026-09-14T00:25:55.200Z","computer":"srv-207","event_id":4624,"record_id":100576,"user":"employee-68","source_ip":"10.12.3.16","target":"logon-session","logon_type":2,"change_ticket":"","result":"success","channel":"Security","provider":"Microsoft-Windows-Security-Auditing","logon_id":"aef6301ecfab05fc","process_id":18179,"image_path":"","run_as":"","publisher":"","update_state":"installed","agent_build":"2026.09.1"},{"timestamp":"2026-09-14T00:25:57.900Z","computer":"srv-059","event_id":4634,"record_id":100577,"user":"employee-424","source_ip":"10.10.3.28","target":"logon-session","logon_type":3,"change_ticket":"","result":"success","channel":"Security","provider":"Microsoft-Windows-Security-Auditing","logon_id":"aef6301ecfab05fc","process_id":7653,"image_path":"","run_as":"","publisher":"","update_state":"installed","agent_build":"2026.09.2"},{"timestamp":"2026-09-14T00:26:00.600Z","computer":"srv-223","event_id":4688,"record_id":100578,"user":"employee-218","source_ip":"10.12.4.12","target":"logon-session","logon_type":null,"change_ticket":"","result":"success","channel":"Security","provider":"Microsoft-Windows-Security-Auditing","logon_id":"aef6301ecfab05fc","process_id":15195,"image_path":"C:/Program Files/ApprovedAgent/agent.exe","run_as":"","publisher":"Approved Software Team","update_state":"installed","agent_build":"2026.09.3"},{"timestamp":"2026-09-14T00:26:03.300Z","computer":"srv-139","event_id":4625,"record_id":100579,"user":"employee-361","source_ip":"10.11.3.28","target":"logon-session","logon_type":2,"change_ticket":"","result":"failure","channel":"Security","provider":"Microsoft-Windows-Security-Auditing","logon_id":"aef6301ecfab05fc","process_id":19996,"image_path":"","run_as":"","publisher":"","update_state":"installed","agent_build":"2026.09.4"},{"timestamp":"2026-09-14T00:26:06.000Z","computer":"srv-192","event_id":4698,"record_id":100580,"user":"employee-420","source_ip":"10.12.2.21","target":"Approved-Maintenance","logon_type":null,"change_ticket":"CHG-DEPLOY-18","result":"success","channel":"Security","provider":"Microsoft-Windows-Security-Auditing","logon_id":"530ee81bbc9aaa14","process_id":14884,"image_path":"C:/Program Files/ApprovedAgent/agent.exe","run_as":"svc-agent","publisher":"Approved Software Team","update_state":"installed","agent_build":"2026.09.1"},{"timestamp":"2026-09-14T00:26:08.700Z","computer":"srv-207","event_id":4728,"record_id":100581,"user":"employee-159","source_ip":"10.12.3.16","target":"Project-Readers","logon_type":null,"change_ticket":"CHG-DEPLOY-18","result":"success","channel":"Security","provider":"Microsoft-Windows-Security-Auditing","logon_id":"530ee81bbc9aaa14","process_id":18376,"image_path":"","run_as":"","publisher":"","update_state":"installed","agent_build":"2026.09.2"},{"timestamp":"2026-09-14T00:26:11.400Z","computer":"srv-209","event_id":4697,"record_id":100582,"user":"employee-211","source_ip":"10.12.3.18","target":"ApprovedAgent","logon_type":null,"change_ticket":"CHG-DEPLOY-18","result":"success","channel":"Security","provider":"Microsoft-Windows-Security-Auditing","logon_id":"530ee81bbc9aaa14","process_id":20417,"image_path":"C:/Program Files/ApprovedAgent/agent.exe","run_as":"svc-agent","publisher":"Approved Software Team","update_state":"installed","agent_build":"2026.09.3"},{"timestamp":"2026-09-14T00:26:14.100Z","computer":"srv-215","event_id":4624,"record_id":100583,"user":"employee-390","source_ip":"10.12.3.24","target":"logon-session","logon_type":3,"change_ticket":"","result":"success","channel":"Security","provider":"Microsoft-Windows-Security-Auditing","logon_id":"530ee81bbc9aaa14","process_id":16614,"image_path":"","run_as":"","publisher":"","update_state":"installed","agent_build":"2026.09.4"},{"timestamp":"2026-09-14T00:26:16.800Z","computer":"srv-215","event_id":4624,"record_id":100584,"user":"employee-123","source_ip":"10.12.3.24","target":"logon-session","logon_type":10,"change_ticket":"","result":"success","channel":"Security","provider":"Microsoft-Windows-Security-Auditing","logon_id":"263cadcee9fd97d4","process_id":20267,"image_path":"","run_as":"","publisher":"","update_state":"installed","agent_build":"2026.09.1"},{"timestamp":"2026-09-14T00:26:19.500Z","computer":"srv-117","event_id":4634,"record_id":100585,"user":"deployment-admin","source_ip":"10.11.2.26","target":"logon-session","logon_type":2,"change_ticket":"","result":"success","channel":"Security","provider":"Microsoft-Windows-Security-Auditing","logon_id":"263cadcee9fd97d4","process_id":23123,"image_path":"","run_as":"","publisher":"","update_state":"installed","agent_build":"2026.09.2"},{"timestamp":"2026-09-14T00:26:22.200Z","computer":"srv-227","event_id":4688,"record_id":100586,"user":"employee-199","source_ip":"10.12.4.16","target":"logon-session","logon_type":null,"change_ticket":"","result":"success","channel":"Security","provider":"Microsoft-Windows-Security-Auditing","logon_id":"263cadcee9fd97d4","process_id":9617,"image_path":"C:/Program Files/ApprovedAgent/agent.exe","run_as":"","publisher":"Approved Software Team","update_state":"installed","agent_build":"2026.09.3"},{"timestamp":"2026-09-14T00:26:24.900Z","computer":"srv-182","event_id":4625,"record_id":100587,"user":"employee-291","source_ip":"10.12.2.11","target":"logon-session","logon_type":10,"change_ticket":"","result":"failure","channel":"Security","provider":"Microsoft-Windows-Security-Auditing","logon_id":"263cadcee9fd97d4","process_id":8292,"image_path":"","run_as":"","publisher":"","update_state":"installed","agent_build":"2026.09.4"},{"timestamp":"2026-09-14T00:26:27.600Z","computer":"srv-102","event_id":4698,"record_id":100588,"user":"employee-56","source_ip":"10.11.2.11","target":"Approved-Maintenance","logon_type":null,"change_ticket":"CHG-DEPLOY-18","result":"success","channel":"Security","provider":"Microsoft-Windows-Security-Auditing","logon_id":"d4b509635dde1f7d","process_id":4994,"image_path":"C:/Program Files/ApprovedAgent/agent.exe","run_as":"svc-agent","publisher":"Approved Software Team","update_state":"installed","agent_build":"2026.09.1"},{"timestamp":"2026-09-14T00:26:30.300Z","computer":"srv-038","event_id":4728,"record_id":100589,"user":"employee-64","source_ip":"10.10.2.27","target":"Project-Readers","logon_type":null,"change_ticket":"CHG-DEPLOY-18","result":"success","channel":"Security","provider":"Microsoft-Windows-Security-Auditing","logon_id":"d4b509635dde1f7d","process_id":8168,"image_path":"","run_as":"","publisher":"","update_state":"restart-pending","agent_build":"2026.09.2"},{"timestamp":"2026-09-14T00:26:33.000Z","computer":"srv-133","event_id":4697,"record_id":100590,"user":"employee-67","source_ip":"10.11.3.22","target":"ApprovedAgent","logon_type":null,"change_ticket":"CHG-DEPLOY-18","result":"success","channel":"Security","provider":"Microsoft-Windows-Security-Auditing","logon_id":"d4b509635dde1f7d","process_id":2775,"image_path":"C:/Program Files/ApprovedAgent/agent.exe","run_as":"svc-agent","publisher":"Approved Software Team","update_state":"no-report","agent_build":"2026.09.3"},{"timestamp":"2026-09-14T00:26:35.700Z","computer":"srv-165","event_id":4624,"record_id":100591,"user":"employee-272","source_ip":"10.12.1.14","target":"logon-session","logon_type":2,"change_ticket":"","result":"success","channel":"Security","provider":"Microsoft-Windows-Security-Auditing","logon_id":"d4b509635dde1f7d","process_id":4917,"image_path":"","run_as":"","publisher":"","update_state":"installed","agent_build":"2026.09.4"},{"timestamp":"2026-09-14T00:26:38.400Z","computer":"srv-124","event_id":4624,"record_id":100592,"user":"employee-393","source_ip":"10.11.3.13","target":"logon-session","logon_type":3,"change_ticket":"","result":"success","channel":"Security","provider":"Microsoft-Windows-Security-Auditing","logon_id":"1341e8e6d255ae72","process_id":5560,"image_path":"","run_as":"","publisher":"","update_state":"installed","agent_build":"2026.09.1"},{"timestamp":"2026-09-14T00:26:41.100Z","computer":"srv-064","event_id":4634,"record_id":100593,"user":"employee-259","source_ip":"10.10.4.13","target":"logon-session","logon_type":10,"change_ticket":"","result":"success","channel":"Security","provider":"Microsoft-Windows-Security-Auditing","logon_id":"1341e8e6d255ae72","process_id":13997,"image_path":"","run_as":"","publisher":"","update_state":"installed","agent_build":"2026.09.2"},{"timestamp":"2026-09-14T00:26:43.800Z","computer":"srv-107","event_id":4688,"record_id":100594,"user":"employee-341","source_ip":"10.11.2.16","target":"logon-session","logon_type":null,"change_ticket":"","result":"success","channel":"Security","provider":"Microsoft-Windows-Security-Auditing","logon_id":"1341e8e6d255ae72","process_id":10667,"image_path":"C:/Program Files/ApprovedAgent/agent.exe","run_as":"","publisher":"Approved Software Team","update_state":"installed","agent_build":"2026.09.3"},{"timestamp":"2026-09-14T00:26:46.500Z","computer":"srv-019","event_id":4625,"record_id":100595,"user":"employee-404","source_ip":"10.10.1.28","target":"logon-session","logon_type":3,"change_ticket":"","result":"failure","channel":"Security","provider":"Microsoft-Windows-Security-Auditing","logon_id":"1341e8e6d255ae72","process_id":13205,"image_path":"","run_as":"","publisher":"","update_state":"installed","agent_build":"2026.09.4"},{"timestamp":"2026-09-14T00:26:49.200Z","computer":"srv-043","event_id":4698,"record_id":100596,"user":"employee-346","source_ip":"10.10.3.12","target":"Approved-Maintenance","logon_type":null,"change_ticket":"CHG-DEPLOY-18","result":"success","channel":"Security","provider":"Microsoft-Windows-Security-Auditing","logon_id":"429ee45aed5a5d9d","process_id":18728,"image_path":"C:/Program Files/ApprovedAgent/agent.exe","run_as":"svc-agent","publisher":"Approved Software Team","update_state":"installed","agent_build":"2026.09.1"},{"timestamp":"2026-09-14T00:26:51.900Z","computer":"srv-236","event_id":4728,"record_id":100597,"user":"employee-346","source_ip":"10.12.4.25","target":"Project-Readers","logon_type":null,"change_ticket":"CHG-DEPLOY-18","result":"success","channel":"Security","provider":"Microsoft-Windows-Security-Auditing","logon_id":"429ee45aed5a5d9d","process_id":14736,"image_path":"","run_as":"","publisher":"","update_state":"installed","agent_build":"2026.09.2"},{"timestamp":"2026-09-14T00:26:54.600Z","computer":"srv-003","event_id":4697,"record_id":100598,"user":"deployment-admin","source_ip":"10.10.1.12","target":"ApprovedAgent","logon_type":null,"change_ticket":"CHG-DEPLOY-18","result":"success","channel":"Security","provider":"Microsoft-Windows-Security-Auditing","logon_id":"429ee45aed5a5d9d","process_id":17593,"image_path":"C:/Program Files/ApprovedAgent/agent.exe","run_as":"svc-agent","publisher":"Approved Software Team","update_state":"installed","agent_build":"2026.09.3"},{"timestamp":"2026-09-14T00:26:57.300Z","computer":"srv-089","event_id":4624,"record_id":100599,"user":"employee-252","source_ip":"10.11.1.18","target":"logon-session","logon_type":10,"change_ticket":"","result":"success","channel":"Security","provider":"Microsoft-Windows-Security-Auditing","logon_id":"429ee45aed5a5d9d","process_id":20244,"image_path":"","run_as":"","publisher":"","update_state":"installed","agent_build":"2026.09.4"},{"timestamp":"2026-09-14T00:27:00.000Z","computer":"srv-177","event_id":4624,"record_id":100600,"user":"employee-290","source_ip":"10.12.1.26","target":"logon-session","logon_type":2,"change_ticket":"","result":"success","channel":"Security","provider":"Microsoft-Windows-Security-Auditing","logon_id":"8308a723934a85e0","process_id":24431,"image_path":"","run_as":"","publisher":"","update_state":"installed","agent_build":"2026.09.1"},{"timestamp":"2026-09-14T00:27:02.700Z","computer":"srv-053","event_id":4634,"record_id":100601,"user":"employee-17","source_ip":"10.10.3.22","target":"logon-session","logon_type":3,"change_ticket":"","result":"success","channel":"Security","provider":"Microsoft-Windows-Security-Auditing","logon_id":"8308a723934a85e0","process_id":23511,"image_path":"","run_as":"","publisher":"","update_state":"installed","agent_build":"2026.09.2"},{"timestamp":"2026-09-14T00:27:05.400Z","computer":"srv-087","event_id":4688,"record_id":100602,"user":"employee-404","source_ip":"10.11.1.16","target":"logon-session","logon_type":null,"change_ticket":"","result":"success","channel":"Security","provider":"Microsoft-Windows-Security-Auditing","logon_id":"8308a723934a85e0","process_id":17624,"image_path":"C:/Program Files/ApprovedAgent/agent.exe","run_as":"","publisher":"Approved Software Team","update_state":"installed","agent_build":"2026.09.3"},{"timestamp":"2026-09-14T00:27:08.100Z","computer":"srv-153","event_id":4625,"record_id":100603,"user":"employee-410","source_ip":"10.11.4.22","target":"logon-session","logon_type":2,"change_ticket":"","result":"failure","channel":"Security","provider":"Microsoft-Windows-Security-Auditing","logon_id":"8308a723934a85e0","process_id":22489,"image_path":"","run_as":"","publisher":"","update_state":"installed","agent_build":"2026.09.4"},{"timestamp":"2026-09-14T00:27:10.800Z","computer":"srv-204","event_id":4698,"record_id":100604,"user":"employee-475","source_ip":"10.12.3.13","target":"Approved-Maintenance","logon_type":null,"change_ticket":"CHG-DEPLOY-18","result":"success","channel":"Security","provider":"Microsoft-Windows-Security-Auditing","logon_id":"bffa86d93ca42f5d","process_id":21479,"image_path":"C:/Program Files/ApprovedAgent/agent.exe","run_as":"svc-agent","publisher":"Approved Software Team","update_state":"installed","agent_build":"2026.09.1"},{"timestamp":"2026-09-14T00:27:13.500Z","computer":"srv-067","event_id":4728,"record_id":100605,"user":"employee-423","source_ip":"10.10.4.16","target":"Project-Readers","logon_type":null,"change_ticket":"CHG-DEPLOY-18","result":"success","channel":"Security","provider":"Microsoft-Windows-Security-Auditing","logon_id":"bffa86d93ca42f5d","process_id":15357,"image_path":"","run_as":"","publisher":"","update_state":"installed","agent_build":"2026.09.2"},{"timestamp":"2026-09-14T00:27:16.200Z","computer":"srv-101","event_id":4697,"record_id":100606,"user":"employee-440","source_ip":"10.11.2.10","target":"ApprovedAgent","logon_type":null,"change_ticket":"CHG-DEPLOY-18","result":"success","channel":"Security","provider":"Microsoft-Windows-Security-Auditing","logon_id":"bffa86d93ca42f5d","process_id":13524,"image_path":"C:/Program Files/ApprovedAgent/agent.exe","run_as":"svc-agent","publisher":"Approved Software Team","update_state":"installed","agent_build":"2026.09.3"},{"timestamp":"2026-09-14T00:27:18.900Z","computer":"srv-052","event_id":4624,"record_id":100607,"user":"employee-57","source_ip":"10.10.3.21","target":"logon-session","logon_type":3,"change_ticket":"","result":"success","channel":"Security","provider":"Microsoft-Windows-Security-Auditing","logon_id":"bffa86d93ca42f5d","process_id":8954,"image_path":"","run_as":"","publisher":"","update_state":"installed","agent_build":"2026.09.4"},{"timestamp":"2026-09-14T00:27:21.600Z","computer":"srv-030","event_id":4624,"record_id":100608,"user":"employee-336","source_ip":"10.10.2.19","target":"logon-session","logon_type":10,"change_ticket":"","result":"success","channel":"Security","provider":"Microsoft-Windows-Security-Auditing","logon_id":"f7a245b24f0d1939","process_id":6441,"image_path":"","run_as":"","publisher":"","update_state":"installed","agent_build":"2026.09.1"},{"timestamp":"2026-09-14T00:27:24.300Z","computer":"srv-129","event_id":4634,"record_id":100609,"user":"employee-470","source_ip":"10.11.3.18","target":"logon-session","logon_type":2,"change_ticket":"","result":"success","channel":"Security","provider":"Microsoft-Windows-Security-Auditing","logon_id":"f7a245b24f0d1939","process_id":8986,"image_path":"","run_as":"","publisher":"","update_state":"installed","agent_build":"2026.09.2"},{"timestamp":"2026-09-14T00:27:27.000Z","computer":"srv-092","event_id":4688,"record_id":100610,"user":"employee-363","source_ip":"10.11.1.21","target":"logon-session","logon_type":null,"change_ticket":"","result":"success","channel":"Security","provider":"Microsoft-Windows-Security-Auditing","logon_id":"f7a245b24f0d1939","process_id":6074,"image_path":"C:/Program Files/ApprovedAgent/agent.exe","run_as":"","publisher":"Approved Software Team","update_state":"installed","agent_build":"2026.09.3"},{"timestamp":"2026-09-14T00:27:29.700Z","computer":"srv-100","event_id":4625,"record_id":100611,"user":"deployment-admin","source_ip":"10.11.1.29","target":"logon-session","logon_type":10,"change_ticket":"","result":"failure","channel":"Security","provider":"Microsoft-Windows-Security-Auditing","logon_id":"f7a245b24f0d1939","process_id":2247,"image_path":"","run_as":"","publisher":"","update_state":"failed","agent_build":"2026.09.4"},{"timestamp":"2026-09-14T00:27:32.400Z","computer":"srv-015","event_id":4698,"record_id":100612,"user":"employee-436","source_ip":"10.10.1.24","target":"Approved-Maintenance","logon_type":null,"change_ticket":"CHG-DEPLOY-18","result":"success","channel":"Security","provider":"Microsoft-Windows-Security-Auditing","logon_id":"6094be355ddedac5","process_id":15491,"image_path":"C:/Program Files/ApprovedAgent/agent.exe","run_as":"svc-agent","publisher":"Approved Software Team","update_state":"installed","agent_build":"2026.09.1"},{"timestamp":"2026-09-14T00:27:35.100Z","computer":"srv-050","event_id":4728,"record_id":100613,"user":"employee-19","source_ip":"10.10.3.19","target":"Project-Readers","logon_type":null,"change_ticket":"CHG-DEPLOY-18","result":"success","channel":"Security","provider":"Microsoft-Windows-Security-Auditing","logon_id":"6094be355ddedac5","process_id":4721,"image_path":"","run_as":"","publisher":"","update_state":"installed","agent_build":"2026.09.2"},{"timestamp":"2026-09-14T00:27:37.800Z","computer":"srv-221","event_id":4697,"record_id":100614,"user":"employee-437","source_ip":"10.12.4.10","target":"ApprovedAgent","logon_type":null,"change_ticket":"CHG-DEPLOY-18","result":"success","channel":"Security","provider":"Microsoft-Windows-Security-Auditing","logon_id":"6094be355ddedac5","process_id":21930,"image_path":"C:/Program Files/ApprovedAgent/agent.exe","run_as":"svc-agent","publisher":"Approved Software Team","update_state":"installed","agent_build":"2026.09.3"},{"timestamp":"2026-09-14T00:27:40.500Z","computer":"srv-240","event_id":4624,"record_id":100615,"user":"employee-192","source_ip":"10.12.4.29","target":"logon-session","logon_type":2,"change_ticket":"","result":"success","channel":"Security","provider":"Microsoft-Windows-Security-Auditing","logon_id":"6094be355ddedac5","process_id":1220,"image_path":"","run_as":"","publisher":"","update_state":"installed","agent_build":"2026.09.4"},{"timestamp":"2026-09-14T00:27:43.200Z","computer":"srv-143","event_id":4624,"record_id":100616,"user":"employee-123","source_ip":"10.11.4.12","target":"logon-session","logon_type":3,"change_ticket":"","result":"success","channel":"Security","provider":"Microsoft-Windows-Security-Auditing","logon_id":"67c72fc753f30b17","process_id":19726,"image_path":"","run_as":"","publisher":"","update_state":"installed","agent_build":"2026.09.1"},{"timestamp":"2026-09-14T00:27:45.900Z","computer":"srv-174","event_id":4634,"record_id":100617,"user":"employee-140","source_ip":"10.12.1.23","target":"logon-session","logon_type":10,"change_ticket":"","result":"success","channel":"Security","provider":"Microsoft-Windows-Security-Auditing","logon_id":"67c72fc753f30b17","process_id":11051,"image_path":"","run_as":"","publisher":"","update_state":"installed","agent_build":"2026.09.2"},{"timestamp":"2026-09-14T00:27:48.600Z","computer":"srv-064","event_id":4688,"record_id":100618,"user":"employee-159","source_ip":"10.10.4.13","target":"logon-session","logon_type":null,"change_ticket":"","result":"success","channel":"Security","provider":"Microsoft-Windows-Security-Auditing","logon_id":"67c72fc753f30b17","process_id":15188,"image_path":"C:/Program Files/ApprovedAgent/agent.exe","run_as":"","publisher":"Approved Software Team","update_state":"installed","agent_build":"2026.09.3"},{"timestamp":"2026-09-14T00:27:51.300Z","computer":"srv-141","event_id":4625,"record_id":100619,"user":"employee-252","source_ip":"10.11.4.10","target":"logon-session","logon_type":3,"change_ticket":"","result":"failure","channel":"Security","provider":"Microsoft-Windows-Security-Auditing","logon_id":"67c72fc753f30b17","process_id":6728,"image_path":"","run_as":"","publisher":"","update_state":"installed","agent_build":"2026.09.4"},{"timestamp":"2026-09-14T00:27:54.000Z","computer":"srv-001","event_id":4698,"record_id":100620,"user":"employee-167","source_ip":"10.10.1.10","target":"Approved-Maintenance","logon_type":null,"change_ticket":"CHG-DEPLOY-18","result":"success","channel":"Security","provider":"Microsoft-Windows-Security-Auditing","logon_id":"dc60510443187582","process_id":3211,"image_path":"C:/Program Files/ApprovedAgent/agent.exe","run_as":"svc-agent","publisher":"Approved Software Team","update_state":"restart-pending","agent_build":"2026.09.1"},{"timestamp":"2026-09-14T00:27:56.700Z","computer":"srv-159","event_id":4728,"record_id":100621,"user":"employee-459","source_ip":"10.11.4.28","target":"Project-Readers","logon_type":null,"change_ticket":"CHG-DEPLOY-18","result":"success","channel":"Security","provider":"Microsoft-Windows-Security-Auditing","logon_id":"dc60510443187582","process_id":14417,"image_path":"","run_as":"","publisher":"","update_state":"installed","agent_build":"2026.09.2"},{"timestamp":"2026-09-14T00:27:59.400Z","computer":"srv-206","event_id":4697,"record_id":100622,"user":"employee-38","source_ip":"10.12.3.15","target":"ApprovedAgent","logon_type":null,"change_ticket":"CHG-DEPLOY-18","result":"success","channel":"Security","provider":"Microsoft-Windows-Security-Auditing","logon_id":"dc60510443187582","process_id":15092,"image_path":"C:/Program Files/ApprovedAgent/agent.exe","run_as":"svc-agent","publisher":"Approved Software Team","update_state":"installed","agent_build":"2026.09.3"},{"timestamp":"2026-09-14T00:28:02.100Z","computer":"srv-069","event_id":4624,"record_id":100623,"user":"employee-65","source_ip":"10.10.4.18","target":"logon-session","logon_type":10,"change_ticket":"","result":"success","channel":"Security","provider":"Microsoft-Windows-Security-Auditing","logon_id":"dc60510443187582","process_id":17071,"image_path":"","run_as":"","publisher":"","update_state":"installed","agent_build":"2026.09.4"},{"timestamp":"2026-09-14T00:28:04.800Z","computer":"srv-192","event_id":4624,"record_id":100624,"user":"deployment-admin","source_ip":"10.12.2.21","target":"logon-session","logon_type":2,"change_ticket":"","result":"success","channel":"Security","provider":"Microsoft-Windows-Security-Auditing","logon_id":"818a0301398b83fe","process_id":25975,"image_path":"","run_as":"","publisher":"","update_state":"installed","agent_build":"2026.09.1"},{"timestamp":"2026-09-14T00:28:07.500Z","computer":"srv-181","event_id":4634,"record_id":100625,"user":"employee-348","source_ip":"10.12.2.10","target":"logon-session","logon_type":3,"change_ticket":"","result":"success","channel":"Security","provider":"Microsoft-Windows-Security-Auditing","logon_id":"818a0301398b83fe","process_id":20908,"image_path":"","run_as":"","publisher":"","update_state":"installed","agent_build":"2026.09.2"},{"timestamp":"2026-09-14T00:28:10.200Z","computer":"srv-055","event_id":4688,"record_id":100626,"user":"employee-178","source_ip":"10.10.3.24","target":"logon-session","logon_type":null,"change_ticket":"","result":"success","channel":"Security","provider":"Microsoft-Windows-Security-Auditing","logon_id":"818a0301398b83fe","process_id":2665,"image_path":"C:/Program Files/ApprovedAgent/agent.exe","run_as":"","publisher":"Approved Software Team","update_state":"installed","agent_build":"2026.09.3"},{"timestamp":"2026-09-14T00:28:12.900Z","computer":"srv-122","event_id":4625,"record_id":100627,"user":"employee-252","source_ip":"10.11.3.11","target":"logon-session","logon_type":2,"change_ticket":"","result":"failure","channel":"Security","provider":"Microsoft-Windows-Security-Auditing","logon_id":"818a0301398b83fe","process_id":23747,"image_path":"","run_as":"","publisher":"","update_state":"installed","agent_build":"2026.09.4"},{"timestamp":"2026-09-14T00:28:15.600Z","computer":"srv-142","event_id":4698,"record_id":100628,"user":"employee-262","source_ip":"10.11.4.11","target":"Approved-Maintenance","logon_type":null,"change_ticket":"CHG-DEPLOY-18","result":"success","channel":"Security","provider":"Microsoft-Windows-Security-Auditing","logon_id":"713d0cb5d190f2f6","process_id":25922,"image_path":"C:/Program Files/ApprovedAgent/agent.exe","run_as":"svc-agent","publisher":"Approved Software Team","update_state":"installed","agent_build":"2026.09.1"},{"timestamp":"2026-09-14T00:28:18.300Z","computer":"srv-026","event_id":4728,"record_id":100629,"user":"employee-6","source_ip":"10.10.2.15","target":"Project-Readers","logon_type":null,"change_ticket":"CHG-DEPLOY-18","result":"success","channel":"Security","provider":"Microsoft-Windows-Security-Auditing","logon_id":"713d0cb5d190f2f6","process_id":12739,"image_path":"","run_as":"","publisher":"","update_state":"installed","agent_build":"2026.09.2"},{"timestamp":"2026-09-14T00:28:21.000Z","computer":"srv-156","event_id":4697,"record_id":100630,"user":"employee-62","source_ip":"10.11.4.25","target":"ApprovedAgent","logon_type":null,"change_ticket":"CHG-DEPLOY-18","result":"success","channel":"Security","provider":"Microsoft-Windows-Security-Auditing","logon_id":"713d0cb5d190f2f6","process_id":25741,"image_path":"C:/Program Files/ApprovedAgent/agent.exe","run_as":"svc-agent","publisher":"Approved Software Team","update_state":"installed","agent_build":"2026.09.3"},{"timestamp":"2026-09-14T00:28:23.700Z","computer":"srv-139","event_id":4624,"record_id":100631,"user":"employee-294","source_ip":"10.11.3.28","target":"logon-session","logon_type":3,"change_ticket":"","result":"success","channel":"Security","provider":"Microsoft-Windows-Security-Auditing","logon_id":"713d0cb5d190f2f6","process_id":11551,"image_path":"","run_as":"","publisher":"","update_state":"installed","agent_build":"2026.09.4"},{"timestamp":"2026-09-14T00:28:26.400Z","computer":"srv-060","event_id":4624,"record_id":100632,"user":"employee-240","source_ip":"10.10.3.29","target":"logon-session","logon_type":10,"change_ticket":"","result":"success","channel":"Security","provider":"Microsoft-Windows-Security-Auditing","logon_id":"41fabbbd358a0232","process_id":10482,"image_path":"","run_as":"","publisher":"","update_state":"installed","agent_build":"2026.09.1"},{"timestamp":"2026-09-14T00:28:29.100Z","computer":"srv-182","event_id":4634,"record_id":100633,"user":"employee-375","source_ip":"10.12.2.11","target":"logon-session","logon_type":2,"change_ticket":"","result":"success","channel":"Security","provider":"Microsoft-Windows-Security-Auditing","logon_id":"41fabbbd358a0232","process_id":4238,"image_path":"","run_as":"","publisher":"","update_state":"installed","agent_build":"2026.09.2"},{"timestamp":"2026-09-14T00:28:31.800Z","computer":"srv-136","event_id":4688,"record_id":100634,"user":"employee-80","source_ip":"10.11.3.25","target":"logon-session","logon_type":null,"change_ticket":"","result":"success","channel":"Security","provider":"Microsoft-Windows-Security-Auditing","logon_id":"41fabbbd358a0232","process_id":1033,"image_path":"C:/Program Files/ApprovedAgent/agent.exe","run_as":"","publisher":"Approved Software Team","update_state":"installed","agent_build":"2026.09.3"},{"timestamp":"2026-09-14T00:28:34.500Z","computer":"srv-230","event_id":4625,"record_id":100635,"user":"employee-196","source_ip":"10.12.4.19","target":"logon-session","logon_type":10,"change_ticket":"","result":"failure","channel":"Security","provider":"Microsoft-Windows-Security-Auditing","logon_id":"41fabbbd358a0232","process_id":18014,"image_path":"","run_as":"","publisher":"","update_state":"installed","agent_build":"2026.09.4"},