{"timestamp":"2026-09-14T02:08:47.400Z","computer":"srv-121","event_id":4697,"record_id":102862,"user":"employee-21","source_ip":"10.11.3.10","target":"ApprovedAgent","logon_type":null,"change_ticket":"CHG-DEPLOY-18","result":"success","channel":"Security","provider":"Microsoft-Windows-Security-Auditing","logon_id":"f652da509508748f","process_id":18099,"image_path":"C:/Program Files/ApprovedAgent/agent.exe","run_as":"svc-agent","publisher":"Approved Software Team","update_state":"installed","agent_build":"2026.09.3"},{"timestamp":"2026-09-14T02:08:50.100Z","computer":"srv-180","event_id":4624,"record_id":102863,"user":"employee-225","source_ip":"10.12.1.29","target":"logon-session","logon_type":3,"change_ticket":"","result":"success","channel":"Security","provider":"Microsoft-Windows-Security-Auditing","logon_id":"f652da509508748f","process_id":1184,"image_path":"","run_as":"","publisher":"","update_state":"installed","agent_build":"2026.09.4"},{"timestamp":"2026-09-14T02:08:52.800Z","computer":"srv-031","event_id":4624,"record_id":102864,"user":"employee-136","source_ip":"10.10.2.20","target":"logon-session","logon_type":10,"change_ticket":"","result":"success","channel":"Security","provider":"Microsoft-Windows-Security-Auditing","logon_id":"828d9765a14b5a2d","process_id":14736,"image_path":"","run_as":"","publisher":"","update_state":"installed","agent_build":"2026.09.1"},{"timestamp":"2026-09-14T02:08:55.500Z","computer":"srv-081","event_id":4634,"record_id":102865,"user":"employee-300","source_ip":"10.11.1.10","target":"logon-session","logon_type":2,"change_ticket":"","result":"success","channel":"Security","provider":"Microsoft-Windows-Security-Auditing","logon_id":"828d9765a14b5a2d","process_id":3672,"image_path":"","run_as":"","publisher":"","update_state":"installed","agent_build":"2026.09.2"},{"timestamp":"2026-09-14T02:08:58.200Z","computer":"srv-030","event_id":4688,"record_id":102866,"user":"employee-268","source_ip":"10.10.2.19","target":"logon-session","logon_type":null,"change_ticket":"","result":"success","channel":"Security","provider":"Microsoft-Windows-Security-Auditing","logon_id":"828d9765a14b5a2d","process_id":6899,"image_path":"C:/Program Files/ApprovedAgent/agent.exe","run_as":"","publisher":"Approved Software Team","update_state":"installed","agent_build":"2026.09.3"},{"timestamp":"2026-09-14T02:09:00.900Z","computer":"srv-042","event_id":4625,"record_id":102867,"user":"employee-255","source_ip":"10.10.3.11","target":"logon-session","logon_type":10,"change_ticket":"","result":"failure","channel":"Security","provider":"Microsoft-Windows-Security-Auditing","logon_id":"828d9765a14b5a2d","process_id":18674,"image_path":"","run_as":"","publisher":"","update_state":"failed","agent_build":"2026.09.4"},{"timestamp":"2026-09-14T02:09:03.600Z","computer":"srv-227","event_id":4698,"record_id":102868,"user":"employee-267","source_ip":"10.12.4.16","target":"Approved-Maintenance","logon_type":null,"change_ticket":"CHG-DEPLOY-18","result":"success","channel":"Security","provider":"Microsoft-Windows-Security-Auditing","logon_id":"e76d5d6462bd774d","process_id":8912,"image_path":"C:/Program Files/ApprovedAgent/agent.exe","run_as":"svc-agent","publisher":"Approved Software Team","update_state":"installed","agent_build":"2026.09.1"},{"timestamp":"2026-09-14T02:09:06.300Z","computer":"srv-067","event_id":4728,"record_id":102869,"user":"employee-113","source_ip":"10.10.4.16","target":"Project-Readers","logon_type":null,"change_ticket":"CHG-DEPLOY-18","result":"success","channel":"Security","provider":"Microsoft-Windows-Security-Auditing","logon_id":"e76d5d6462bd774d","process_id":19031,"image_path":"","run_as":"","publisher":"","update_state":"installed","agent_build":"2026.09.2"},{"timestamp":"2026-09-14T02:09:09.000Z","computer":"srv-085","event_id":4697,"record_id":102870,"user":"employee-353","source_ip":"10.11.1.14","target":"ApprovedAgent","logon_type":null,"change_ticket":"CHG-DEPLOY-18","result":"success","channel":"Security","provider":"Microsoft-Windows-Security-Auditing","logon_id":"e76d5d6462bd774d","process_id":8072,"image_path":"C:/Program Files/ApprovedAgent/agent.exe","run_as":"svc-agent","publisher":"Approved Software Team","update_state":"installed","agent_build":"2026.09.3"},{"timestamp":"2026-09-14T02:09:11.700Z","computer":"srv-147","event_id":4624,"record_id":102871,"user":"employee-422","source_ip":"10.11.4.16","target":"logon-session","logon_type":2,"change_ticket":"","result":"success","channel":"Security","provider":"Microsoft-Windows-Security-Auditing","logon_id":"e76d5d6462bd774d","process_id":6275,"image_path":"","run_as":"","publisher":"","update_state":"installed","agent_build":"2026.09.4"},{"timestamp":"2026-09-14T02:09:14.400Z","computer":"srv-118","event_id":4624,"record_id":102872,"user":"employee-396","source_ip":"10.11.2.27","target":"logon-session","logon_type":3,"change_ticket":"","result":"success","channel":"Security","provider":"Microsoft-Windows-Security-Auditing","logon_id":"7095497d1455c5c6","process_id":1420,"image_path":"","run_as":"","publisher":"","update_state":"installed","agent_build":"2026.09.1"},{"timestamp":"2026-09-14T02:09:17.100Z","computer":"srv-110","event_id":4634,"record_id":102873,"user":"deployment-admin","source_ip":"10.11.2.19","target":"logon-session","logon_type":10,"change_ticket":"","result":"success","channel":"Security","provider":"Microsoft-Windows-Security-Auditing","logon_id":"7095497d1455c5c6","process_id":23176,"image_path":"","run_as":"","publisher":"","update_state":"installed","agent_build":"2026.09.2"},{"timestamp":"2026-09-14T02:09:19.800Z","computer":"srv-184","event_id":4688,"record_id":102874,"user":"employee-266","source_ip":"10.12.2.13","target":"logon-session","logon_type":null,"change_ticket":"","result":"success","channel":"Security","provider":"Microsoft-Windows-Security-Auditing","logon_id":"7095497d1455c5c6","process_id":11818,"image_path":"C:/Program Files/ApprovedAgent/agent.exe","run_as":"","publisher":"Approved Software Team","update_state":"installed","agent_build":"2026.09.3"},{"timestamp":"2026-09-14T02:09:22.500Z","computer":"srv-082","event_id":4625,"record_id":102875,"user":"employee-308","source_ip":"10.11.1.11","target":"logon-session","logon_type":3,"change_ticket":"","result":"failure","channel":"Security","provider":"Microsoft-Windows-Security-Auditing","logon_id":"7095497d1455c5c6","process_id":19666,"image_path":"","run_as":"","publisher":"","update_state":"installed","agent_build":"2026.09.4"},{"timestamp":"2026-09-14T02:09:25.200Z","computer":"srv-154","event_id":4698,"record_id":102876,"user":"employee-2","source_ip":"10.11.4.23","target":"Approved-Maintenance","logon_type":null,"change_ticket":"CHG-DEPLOY-18","result":"success","channel":"Security","provider":"Microsoft-Windows-Security-Auditing","logon_id":"4a752713d831079c","process_id":3614,"image_path":"C:/Program Files/ApprovedAgent/agent.exe","run_as":"svc-agent","publisher":"Approved Software Team","update_state":"installed","agent_build":"2026.09.1"},{"timestamp":"2026-09-14T02:09:27.900Z","computer":"srv-204","event_id":4728,"record_id":102877,"user":"employee-106","source_ip":"10.12.3.13","target":"Project-Readers","logon_type":null,"change_ticket":"CHG-DEPLOY-18","result":"success","channel":"Security","provider":"Microsoft-Windows-Security-Auditing","logon_id":"4a752713d831079c","process_id":11223,"image_path":"","run_as":"","publisher":"","update_state":"installed","agent_build":"2026.09.2"},{"timestamp":"2026-09-14T02:09:30.600Z","computer":"srv-039","event_id":4697,"record_id":102878,"user":"employee-418","source_ip":"10.10.2.28","target":"ApprovedAgent","logon_type":null,"change_ticket":"CHG-DEPLOY-18","result":"success","channel":"Security","provider":"Microsoft-Windows-Security-Auditing","logon_id":"4a752713d831079c","process_id":6799,"image_path":"C:/Program Files/ApprovedAgent/agent.exe","run_as":"svc-agent","publisher":"Approved Software Team","update_state":"installed","agent_build":"2026.09.3"},{"timestamp":"2026-09-14T02:09:33.300Z","computer":"srv-172","event_id":4624,"record_id":102879,"user":"employee-426","source_ip":"10.12.1.21","target":"logon-session","logon_type":10,"change_ticket":"","result":"success","channel":"Security","provider":"Microsoft-Windows-Security-Auditing","logon_id":"4a752713d831079c","process_id":25935,"image_path":"","run_as":"","publisher":"","update_state":"installed","agent_build":"2026.09.4"},{"timestamp":"2026-09-14T02:09:36.000Z","computer":"srv-180","event_id":4624,"record_id":102880,"user":"employee-299","source_ip":"10.12.1.29","target":"logon-session","logon_type":2,"change_ticket":"","result":"success","channel":"Security","provider":"Microsoft-Windows-Security-Auditing","logon_id":"ffcd0fa6eca75a04","process_id":25476,"image_path":"","run_as":"","publisher":"","update_state":"installed","agent_build":"2026.09.1"},{"timestamp":"2026-09-14T02:09:38.700Z","computer":"srv-203","event_id":4634,"record_id":102881,"user":"employee-177","source_ip":"10.12.3.12","target":"logon-session","logon_type":3,"change_ticket":"","result":"success","channel":"Security","provider":"Microsoft-Windows-Security-Auditing","logon_id":"ffcd0fa6eca75a04","process_id":11973,"image_path":"","run_as":"","publisher":"","update_state":"installed","agent_build":"2026.09.2"},{"timestamp":"2026-09-14T02:09:41.400Z","computer":"srv-101","event_id":4688,"record_id":102882,"user":"employee-399","source_ip":"10.11.2.10","target":"logon-session","logon_type":null,"change_ticket":"","result":"success","channel":"Security","provider":"Microsoft-Windows-Security-Auditing","logon_id":"ffcd0fa6eca75a04","process_id":16508,"image_path":"C:/Program Files/ApprovedAgent/agent.exe","run_as":"","publisher":"Approved Software Team","update_state":"installed","agent_build":"2026.09.3"},{"timestamp":"2026-09-14T02:09:44.100Z","computer":"srv-112","event_id":4625,"record_id":102883,"user":"employee-199","source_ip":"10.11.2.21","target":"logon-session","logon_type":2,"change_ticket":"","result":"failure","channel":"Security","provider":"Microsoft-Windows-Security-Auditing","logon_id":"ffcd0fa6eca75a04","process_id":9772,"image_path":"","run_as":"","publisher":"","update_state":"restart-pending","agent_build":"2026.09.4"},{"timestamp":"2026-09-14T02:09:46.800Z","computer":"srv-053","event_id":4698,"record_id":102884,"user":"employee-274","source_ip":"10.10.3.22","target":"Approved-Maintenance","logon_type":null,"change_ticket":"CHG-DEPLOY-18","result":"success","channel":"Security","provider":"Microsoft-Windows-Security-Auditing","logon_id":"64b5ebdf2bfcfc0c","process_id":25409,"image_path":"C:/Program Files/ApprovedAgent/agent.exe","run_as":"svc-agent","publisher":"Approved Software Team","update_state":"installed","agent_build":"2026.09.1"},{"timestamp":"2026-09-14T02:09:49.500Z","computer":"srv-197","event_id":4728,"record_id":102885,"user":"employee-413","source_ip":"10.12.2.26","target":"Project-Readers","logon_type":null,"change_ticket":"CHG-DEPLOY-18","result":"success","channel":"Security","provider":"Microsoft-Windows-Security-Auditing","logon_id":"64b5ebdf2bfcfc0c","process_id":12191,"image_path":"","run_as":"","publisher":"","update_state":"installed","agent_build":"2026.09.2"},{"timestamp":"2026-09-14T02:09:52.200Z","computer":"srv-144","event_id":4697,"record_id":102886,"user":"deployment-admin","source_ip":"10.11.4.13","target":"ApprovedAgent","logon_type":null,"change_ticket":"CHG-DEPLOY-18","result":"success","channel":"Security","provider":"Microsoft-Windows-Security-Auditing","logon_id":"64b5ebdf2bfcfc0c","process_id":16615,"image_path":"C:/Program Files/ApprovedAgent/agent.exe","run_as":"svc-agent","publisher":"Approved Software Team","update_state":"installed","agent_build":"2026.09.3"},{"timestamp":"2026-09-14T02:09:54.900Z","computer":"srv-215","event_id":4624,"record_id":102887,"user":"employee-85","source_ip":"10.12.3.24","target":"logon-session","logon_type":3,"change_ticket":"","result":"success","channel":"Security","provider":"Microsoft-Windows-Security-Auditing","logon_id":"64b5ebdf2bfcfc0c","process_id":20324,"image_path":"","run_as":"","publisher":"","update_state":"installed","agent_build":"2026.09.4"},{"timestamp":"2026-09-14T02:09:57.600Z","computer":"srv-008","event_id":4624,"record_id":102888,"user":"employee-457","source_ip":"10.10.1.17","target":"logon-session","logon_type":10,"change_ticket":"","result":"success","channel":"Security","provider":"Microsoft-Windows-Security-Auditing","logon_id":"eef662531d01a799","process_id":14912,"image_path":"","run_as":"","publisher":"","update_state":"installed","agent_build":"2026.09.1"},{"timestamp":"2026-09-14T02:10:00.300Z","computer":"srv-121","event_id":4634,"record_id":102889,"user":"employee-343","source_ip":"10.11.3.10","target":"logon-session","logon_type":2,"change_ticket":"","result":"success","channel":"Security","provider":"Microsoft-Windows-Security-Auditing","logon_id":"eef662531d01a799","process_id":23331,"image_path":"","run_as":"","publisher":"","update_state":"installed","agent_build":"2026.09.2"},{"timestamp":"2026-09-14T02:10:03.000Z","computer":"srv-213","event_id":4688,"record_id":102890,"user":"employee-222","source_ip":"10.12.3.22","target":"logon-session","logon_type":null,"change_ticket":"","result":"success","channel":"Security","provider":"Microsoft-Windows-Security-Auditing","logon_id":"eef662531d01a799","process_id":8019,"image_path":"C:/Program Files/ApprovedAgent/agent.exe","run_as":"","publisher":"Approved Software Team","update_state":"installed","agent_build":"2026.09.3"},{"timestamp":"2026-09-14T02:10:05.700Z","computer":"srv-113","event_id":4625,"record_id":102891,"user":"employee-437","source_ip":"10.11.2.22","target":"logon-session","logon_type":10,"change_ticket":"","result":"failure","channel":"Security","provider":"Microsoft-Windows-Security-Auditing","logon_id":"eef662531d01a799","process_id":18377,"image_path":"","run_as":"","publisher":"","update_state":"no-report","agent_build":"2026.09.4"},{"timestamp":"2026-09-14T02:10:08.400Z","computer":"srv-073","event_id":4698,"record_id":102892,"user":"employee-441","source_ip":"10.10.4.22","target":"Approved-Maintenance","logon_type":null,"change_ticket":"CHG-DEPLOY-18","result":"success","channel":"Security","provider":"Microsoft-Windows-Security-Auditing","logon_id":"9c65cfa0e1424c88","process_id":24874,"image_path":"C:/Program Files/ApprovedAgent/agent.exe","run_as":"svc-agent","publisher":"Approved Software Team","update_state":"installed","agent_build":"2026.09.1"},{"timestamp":"2026-09-14T02:10:11.100Z","computer":"srv-208","event_id":4728,"record_id":102893,"user":"employee-463","source_ip":"10.12.3.17","target":"Project-Readers","logon_type":null,"change_ticket":"CHG-DEPLOY-18","result":"success","channel":"Security","provider":"Microsoft-Windows-Security-Auditing","logon_id":"9c65cfa0e1424c88","process_id":18616,"image_path":"","run_as":"","publisher":"","update_state":"installed","agent_build":"2026.09.2"},{"timestamp":"2026-09-14T02:10:13.800Z","computer":"srv-160","event_id":4697,"record_id":102894,"user":"employee-443","source_ip":"10.11.4.29","target":"ApprovedAgent","logon_type":null,"change_ticket":"CHG-DEPLOY-18","result":"success","channel":"Security","provider":"Microsoft-Windows-Security-Auditing","logon_id":"9c65cfa0e1424c88","process_id":5732,"image_path":"C:/Program Files/ApprovedAgent/agent.exe","run_as":"svc-agent","publisher":"Approved Software Team","update_state":"installed","agent_build":"2026.09.3"},{"timestamp":"2026-09-14T02:10:16.500Z","computer":"srv-056","event_id":4624,"record_id":102895,"user":"employee-341","source_ip":"10.10.3.25","target":"logon-session","logon_type":2,"change_ticket":"","result":"success","channel":"Security","provider":"Microsoft-Windows-Security-Auditing","logon_id":"9c65cfa0e1424c88","process_id":12329,"image_path":"","run_as":"","publisher":"","update_state":"installed","agent_build":"2026.09.4"},{"timestamp":"2026-09-14T02:10:19.200Z","computer":"srv-101","event_id":4624,"record_id":102896,"user":"employee-90","source_ip":"10.11.2.10","target":"logon-session","logon_type":3,"change_ticket":"","result":"success","channel":"Security","provider":"Microsoft-Windows-Security-Auditing","logon_id":"e3f54aaf16aea513","process_id":6511,"image_path":"","run_as":"","publisher":"","update_state":"installed","agent_build":"2026.09.1"},{"timestamp":"2026-09-14T02:10:21.900Z","computer":"srv-207","event_id":4634,"record_id":102897,"user":"employee-363","source_ip":"10.12.3.16","target":"logon-session","logon_type":10,"change_ticket":"","result":"success","channel":"Security","provider":"Microsoft-Windows-Security-Auditing","logon_id":"e3f54aaf16aea513","process_id":7263,"image_path":"","run_as":"","publisher":"","update_state":"installed","agent_build":"2026.09.2"},{"timestamp":"2026-09-14T02:10:24.600Z","computer":"srv-044","event_id":4688,"record_id":102898,"user":"employee-474","source_ip":"10.10.3.13","target":"logon-session","logon_type":null,"change_ticket":"","result":"success","channel":"Security","provider":"Microsoft-Windows-Security-Auditing","logon_id":"e3f54aaf16aea513","process_id":25056,"image_path":"C:/Program Files/ApprovedAgent/agent.exe","run_as":"","publisher":"Approved Software Team","update_state":"installed","agent_build":"2026.09.3"},{"timestamp":"2026-09-14T02:10:27.300Z","computer":"srv-091","event_id":4625,"record_id":102899,"user":"deployment-admin","source_ip":"10.11.1.20","target":"logon-session","logon_type":3,"change_ticket":"","result":"failure","channel":"Security","provider":"Microsoft-Windows-Security-Auditing","logon_id":"e3f54aaf16aea513","process_id":5728,"image_path":"","run_as":"","publisher":"","update_state":"installed","agent_build":"2026.09.4"},{"timestamp":"2026-09-14T02:10:30.000Z","computer":"srv-046","event_id":4698,"record_id":102900,"user":"employee-249","source_ip":"10.10.3.15","target":"Approved-Maintenance","logon_type":null,"change_ticket":"CHG-DEPLOY-18","result":"success","channel":"Security","provider":"Microsoft-Windows-Security-Auditing","logon_id":"d70cd5e7e4ba7867","process_id":16585,"image_path":"C:/Program Files/ApprovedAgent/agent.exe","run_as":"svc-agent","publisher":"Approved Software Team","update_state":"installed","agent_build":"2026.09.1"},{"timestamp":"2026-09-14T02:10:32.700Z","computer":"srv-046","event_id":4728,"record_id":102901,"user":"employee-367","source_ip":"10.10.3.15","target":"Project-Readers","logon_type":null,"change_ticket":"CHG-DEPLOY-18","result":"success","channel":"Security","provider":"Microsoft-Windows-Security-Auditing","logon_id":"d70cd5e7e4ba7867","process_id":11289,"image_path":"","run_as":"","publisher":"","update_state":"installed","agent_build":"2026.09.2"},{"timestamp":"2026-09-14T02:10:35.400Z","computer":"srv-027","event_id":4697,"record_id":102902,"user":"employee-333","source_ip":"10.10.2.16","target":"ApprovedAgent","logon_type":null,"change_ticket":"CHG-DEPLOY-18","result":"success","channel":"Security","provider":"Microsoft-Windows-Security-Auditing","logon_id":"d70cd5e7e4ba7867","process_id":9812,"image_path":"C:/Program Files/ApprovedAgent/agent.exe","run_as":"svc-agent","publisher":"Approved Software Team","update_state":"installed","agent_build":"2026.09.3"},{"timestamp":"2026-09-14T02:10:38.100Z","computer":"srv-007","event_id":4624,"record_id":102903,"user":"employee-419","source_ip":"10.10.1.16","target":"logon-session","logon_type":10,"change_ticket":"","result":"success","channel":"Security","provider":"Microsoft-Windows-Security-Auditing","logon_id":"d70cd5e7e4ba7867","process_id":10284,"image_path":"","run_as":"","publisher":"","update_state":"installed","agent_build":"2026.09.4"},{"timestamp":"2026-09-14T02:10:40.800Z","computer":"srv-216","event_id":4624,"record_id":102904,"user":"employee-80","source_ip":"10.12.3.25","target":"logon-session","logon_type":2,"change_ticket":"","result":"success","channel":"Security","provider":"Microsoft-Windows-Security-Auditing","logon_id":"d1d4253939abe350","process_id":23486,"image_path":"","run_as":"","publisher":"","update_state":"installed","agent_build":"2026.09.1"},{"timestamp":"2026-09-14T02:10:43.500Z","computer":"srv-161","event_id":4634,"record_id":102905,"user":"employee-33","source_ip":"10.12.1.10","target":"logon-session","logon_type":3,"change_ticket":"","result":"success","channel":"Security","provider":"Microsoft-Windows-Security-Auditing","logon_id":"d1d4253939abe350","process_id":11680,"image_path":"","run_as":"","publisher":"","update_state":"installed","agent_build":"2026.09.2"},{"timestamp":"2026-09-14T02:10:46.200Z","computer":"srv-204","event_id":4688,"record_id":102906,"user":"employee-356","source_ip":"10.12.3.13","target":"logon-session","logon_type":null,"change_ticket":"","result":"success","channel":"Security","provider":"Microsoft-Windows-Security-Auditing","logon_id":"d1d4253939abe350","process_id":24439,"image_path":"C:/Program Files/ApprovedAgent/agent.exe","run_as":"","publisher":"Approved Software Team","update_state":"installed","agent_build":"2026.09.3"},{"timestamp":"2026-09-14T02:10:48.900Z","computer":"srv-041","event_id":4625,"record_id":102907,"user":"employee-296","source_ip":"10.10.3.10","target":"logon-session","logon_type":2,"change_ticket":"","result":"failure","channel":"Security","provider":"Microsoft-Windows-Security-Auditing","logon_id":"d1d4253939abe350","process_id":17642,"image_path":"","run_as":"","publisher":"","update_state":"installed","agent_build":"2026.09.4"},{"timestamp":"2026-09-14T02:10:51.600Z","computer":"srv-051","event_id":4698,"record_id":102908,"user":"employee-396","source_ip":"10.10.3.20","target":"Approved-Maintenance","logon_type":null,"change_ticket":"CHG-DEPLOY-18","result":"success","channel":"Security","provider":"Microsoft-Windows-Security-Auditing","logon_id":"bd00002d1211146a","process_id":23391,"image_path":"C:/Program Files/ApprovedAgent/agent.exe","run_as":"svc-agent","publisher":"Approved Software Team","update_state":"installed","agent_build":"2026.09.1"},{"timestamp":"2026-09-14T02:10:54.300Z","computer":"srv-160","event_id":4728,"record_id":102909,"user":"employee-415","source_ip":"10.11.4.29","target":"Project-Readers","logon_type":null,"change_ticket":"CHG-DEPLOY-18","result":"success","channel":"Security","provider":"Microsoft-Windows-Security-Auditing","logon_id":"bd00002d1211146a","process_id":18665,"image_path":"","run_as":"","publisher":"","update_state":"installed","agent_build":"2026.09.2"},{"timestamp":"2026-09-14T02:10:57.000Z","computer":"srv-145","event_id":4697,"record_id":102910,"user":"employee-124","source_ip":"10.11.4.14","target":"ApprovedAgent","logon_type":null,"change_ticket":"CHG-DEPLOY-18","result":"success","channel":"Security","provider":"Microsoft-Windows-Security-Auditing","logon_id":"bd00002d1211146a","process_id":12072,"image_path":"C:/Program Files/ApprovedAgent/agent.exe","run_as":"svc-agent","publisher":"Approved Software Team","update_state":"installed","agent_build":"2026.09.3"},{"timestamp":"2026-09-14T02:10:59.700Z","computer":"srv-095","event_id":4624,"record_id":102911,"user":"employee-465","source_ip":"10.11.1.24","target":"logon-session","logon_type":3,"change_ticket":"","result":"success","channel":"Security","provider":"Microsoft-Windows-Security-Auditing","logon_id":"bd00002d1211146a","process_id":6591,"image_path":"","run_as":"","publisher":"","update_state":"installed","agent_build":"2026.09.4"},{"timestamp":"2026-09-14T02:11:02.400Z","computer":"srv-224","event_id":4624,"record_id":102912,"user":"deployment-admin","source_ip":"10.12.4.13","target":"logon-session","logon_type":10,"change_ticket":"","result":"success","channel":"Security","provider":"Microsoft-Windows-Security-Auditing","logon_id":"58c3eb71f3d834c1","process_id":3796,"image_path":"","run_as":"","publisher":"","update_state":"installed","agent_build":"2026.09.1"},{"timestamp":"2026-09-14T02:11:05.100Z","computer":"srv-018","event_id":4634,"record_id":102913,"user":"employee-108","source_ip":"10.10.1.27","target":"logon-session","logon_type":2,"change_ticket":"","result":"success","channel":"Security","provider":"Microsoft-Windows-Security-Auditing","logon_id":"58c3eb71f3d834c1","process_id":8051,"image_path":"","run_as":"","publisher":"","update_state":"installed","agent_build":"2026.09.2"},{"timestamp":"2026-09-14T02:11:07.800Z","computer":"srv-051","event_id":4688,"record_id":102914,"user":"employee-404","source_ip":"10.10.3.20","target":"logon-session","logon_type":null,"change_ticket":"","result":"success","channel":"Security","provider":"Microsoft-Windows-Security-Auditing","logon_id":"58c3eb71f3d834c1","process_id":1891,"image_path":"C:/Program Files/ApprovedAgent/agent.exe","run_as":"","publisher":"Approved Software Team","update_state":"restart-pending","agent_build":"2026.09.3"},{"timestamp":"2026-09-14T02:11:10.500Z","computer":"srv-057","event_id":4625,"record_id":102915,"user":"employee-456","source_ip":"10.10.3.26","target":"logon-session","logon_type":10,"change_ticket":"","result":"failure","channel":"Security","provider":"Microsoft-Windows-Security-Auditing","logon_id":"58c3eb71f3d834c1","process_id":10758,"image_path":"","run_as":"","publisher":"","update_state":"installed","agent_build":"2026.09.4"},{"timestamp":"2026-09-14T02:11:13.200Z","computer":"srv-206","event_id":4698,"record_id":102916,"user":"employee-54","source_ip":"10.12.3.15","target":"Approved-Maintenance","logon_type":null,"change_ticket":"CHG-DEPLOY-18","result":"success","channel":"Security","provider":"Microsoft-Windows-Security-Auditing","logon_id":"c38a9cdb16f5bd13","process_id":15243,"image_path":"C:/Program Files/ApprovedAgent/agent.exe","run_as":"svc-agent","publisher":"Approved Software Team","update_state":"installed","agent_build":"2026.09.1"},{"timestamp":"2026-09-14T02:11:15.900Z","computer":"srv-215","event_id":4728,"record_id":102917,"user":"employee-235","source_ip":"10.12.3.24","target":"Project-Readers","logon_type":null,"change_ticket":"CHG-DEPLOY-18","result":"success","channel":"Security","provider":"Microsoft-Windows-Security-Auditing","logon_id":"c38a9cdb16f5bd13","process_id":1369,"image_path":"","run_as":"","publisher":"","update_state":"installed","agent_build":"2026.09.2"},{"timestamp":"2026-09-14T02:11:18.600Z","computer":"srv-040","event_id":4697,"record_id":102918,"user":"employee-44","source_ip":"10.10.2.29","target":"ApprovedAgent","logon_type":null,"change_ticket":"CHG-DEPLOY-18","result":"success","channel":"Security","provider":"Microsoft-Windows-Security-Auditing","logon_id":"c38a9cdb16f5bd13","process_id":8663,"image_path":"C:/Program Files/ApprovedAgent/agent.exe","run_as":"svc-agent","publisher":"Approved Software Team","update_state":"installed","agent_build":"2026.09.3"},{"timestamp":"2026-09-14T02:11:21.300Z","computer":"srv-020","event_id":4624,"record_id":102919,"user":"employee-378","source_ip":"10.10.1.29","target":"logon-session","logon_type":2,"change_ticket":"","result":"success","channel":"Security","provider":"Microsoft-Windows-Security-Auditing","logon_id":"c38a9cdb16f5bd13","process_id":25950,"image_path":"","run_as":"","publisher":"","update_state":"installed","agent_build":"2026.09.4"},{"timestamp":"2026-09-14T02:11:24.000Z","computer":"srv-135","event_id":4624,"record_id":102920,"user":"employee-17","source_ip":"10.11.3.24","target":"logon-session","logon_type":3,"change_ticket":"","result":"success","channel":"Security","provider":"Microsoft-Windows-Security-Auditing","logon_id":"d1605fc2c5467fd1","process_id":4623,"image_path":"","run_as":"","publisher":"","update_state":"installed","agent_build":"2026.09.1"},{"timestamp":"2026-09-14T02:11:26.700Z","computer":"srv-085","event_id":4634,"record_id":102921,"user":"employee-439","source_ip":"10.11.1.14","target":"logon-session","logon_type":10,"change_ticket":"","result":"success","channel":"Security","provider":"Microsoft-Windows-Security-Auditing","logon_id":"d1605fc2c5467fd1","process_id":9657,"image_path":"","run_as":"","publisher":"","update_state":"installed","agent_build":"2026.09.2"},{"timestamp":"2026-09-14T02:11:29.400Z","computer":"srv-144","event_id":4688,"record_id":102922,"user":"employee-183","source_ip":"10.11.4.13","target":"logon-session","logon_type":null,"change_ticket":"","result":"success","channel":"Security","provider":"Microsoft-Windows-Security-Auditing","logon_id":"d1605fc2c5467fd1","process_id":13401,"image_path":"C:/Program Files/ApprovedAgent/agent.exe","run_as":"","publisher":"Approved Software Team","update_state":"installed","agent_build":"2026.09.3"},{"timestamp":"2026-09-14T02:11:32.100Z","computer":"srv-191","event_id":4625,"record_id":102923,"user":"employee-267","source_ip":"10.12.2.20","target":"logon-session","logon_type":3,"change_ticket":"","result":"failure","channel":"Security","provider":"Microsoft-Windows-Security-Auditing","logon_id":"d1605fc2c5467fd1","process_id":24303,"image_path":"","run_as":"","publisher":"","update_state":"installed","agent_build":"2026.09.4"},{"timestamp":"2026-09-14T02:11:34.800Z","computer":"srv-192","event_id":4698,"record_id":102924,"user":"employee-165","source_ip":"10.12.2.21","target":"Approved-Maintenance","logon_type":null,"change_ticket":"CHG-DEPLOY-18","result":"success","channel":"Security","provider":"Microsoft-Windows-Security-Auditing","logon_id":"85628e9b802bf3c7","process_id":9118,"image_path":"C:/Program Files/ApprovedAgent/agent.exe","run_as":"svc-agent","publisher":"Approved Software Team","update_state":"installed","agent_build":"2026.09.1"},{"timestamp":"2026-09-14T02:11:37.500Z","computer":"srv-118","event_id":4728,"record_id":102925,"user":"deployment-admin","source_ip":"10.11.2.27","target":"Project-Readers","logon_type":null,"change_ticket":"CHG-DEPLOY-18","result":"success","channel":"Security","provider":"Microsoft-Windows-Security-Auditing","logon_id":"85628e9b802bf3c7","process_id":17658,"image_path":"","run_as":"","publisher":"","update_state":"installed","agent_build":"2026.09.2"},{"timestamp":"2026-09-14T02:11:40.200Z","computer":"srv-203","event_id":4697,"record_id":102926,"user":"employee-35","source_ip":"10.12.3.12","target":"ApprovedAgent","logon_type":null,"change_ticket":"CHG-DEPLOY-18","result":"success","channel":"Security","provider":"Microsoft-Windows-Security-Auditing","logon_id":"85628e9b802bf3c7","process_id":8656,"image_path":"C:/Program Files/ApprovedAgent/agent.exe","run_as":"svc-agent","publisher":"Approved Software Team","update_state":"installed","agent_build":"2026.09.3"},{"timestamp":"2026-09-14T02:11:42.900Z","computer":"srv-206","event_id":4624,"record_id":102927,"user":"employee-354","source_ip":"10.12.3.15","target":"logon-session","logon_type":10,"change_ticket":"","result":"success","channel":"Security","provider":"Microsoft-Windows-Security-Auditing","logon_id":"85628e9b802bf3c7","process_id":15905,"image_path":"","run_as":"","publisher":"","update_state":"installed","agent_build":"2026.09.4"},{"timestamp":"2026-09-14T02:11:45.600Z","computer":"srv-033","event_id":4624,"record_id":102928,"user":"employee-323","source_ip":"10.10.2.22","target":"logon-session","logon_type":2,"change_ticket":"","result":"success","channel":"Security","provider":"Microsoft-Windows-Security-Auditing","logon_id":"55726f4d0501fdf9","process_id":21015,"image_path":"","run_as":"","publisher":"","update_state":"installed","agent_build":"2026.09.1"},{"timestamp":"2026-09-14T02:11:48.300Z","computer":"srv-046","event_id":4634,"record_id":102929,"user":"employee-148","source_ip":"10.10.3.15","target":"logon-session","logon_type":3,"change_ticket":"","result":"success","channel":"Security","provider":"Microsoft-Windows-Security-Auditing","logon_id":"55726f4d0501fdf9","process_id":18635,"image_path":"","run_as":"","publisher":"","update_state":"installed","agent_build":"2026.09.2"},{"timestamp":"2026-09-14T02:11:51.000Z","computer":"srv-234","event_id":4688,"record_id":102930,"user":"employee-54","source_ip":"10.12.4.23","target":"logon-session","logon_type":null,"change_ticket":"","result":"success","channel":"Security","provider":"Microsoft-Windows-Security-Auditing","logon_id":"55726f4d0501fdf9","process_id":17691,"image_path":"C:/Program Files/ApprovedAgent/agent.exe","run_as":"","publisher":"Approved Software Team","update_state":"installed","agent_build":"2026.09.3"},{"timestamp":"2026-09-14T02:11:53.700Z","computer":"srv-073","event_id":4625,"record_id":102931,"user":"employee-381","source_ip":"10.10.4.22","target":"logon-session","logon_type":2,"change_ticket":"","result":"failure","channel":"Security","provider":"Microsoft-Windows-Security-Auditing","logon_id":"55726f4d0501fdf9","process_id":2556,"image_path":"","run_as":"","publisher":"","update_state":"installed","agent_build":"2026.09.4"},{"timestamp":"2026-09-14T02:11:56.400Z","computer":"srv-115","event_id":4698,"record_id":102932,"user":"employee-272","source_ip":"10.11.2.24","target":"Approved-Maintenance","logon_type":null,"change_ticket":"CHG-DEPLOY-18","result":"success","channel":"Security","provider":"Microsoft-Windows-Security-Auditing","logon_id":"4ace660937ad01af","process_id":20188,"image_path":"C:/Program Files/ApprovedAgent/agent.exe","run_as":"svc-agent","publisher":"Approved Software Team","update_state":"installed","agent_build":"2026.09.1"},{"timestamp":"2026-09-14T02:11:59.100Z","computer":"srv-187","event_id":4728,"record_id":102933,"user":"employee-113","source_ip":"10.12.2.16","target":"Project-Readers","logon_type":null,"change_ticket":"CHG-DEPLOY-18","result":"success","channel":"Security","provider":"Microsoft-Windows-Security-Auditing","logon_id":"4ace660937ad01af","process_id":4719,"image_path":"","run_as":"","publisher":"","update_state":"installed","agent_build":"2026.09.2"},{"timestamp":"2026-09-14T02:12:01.800Z","computer":"srv-091","event_id":4697,"record_id":102934,"user":"employee-123","source_ip":"10.11.1.20","target":"ApprovedAgent","logon_type":null,"change_ticket":"CHG-DEPLOY-18","result":"success","channel":"Security","provider":"Microsoft-Windows-Security-Auditing","logon_id":"4ace660937ad01af","process_id":4446,"image_path":"C:/Program Files/ApprovedAgent/agent.exe","run_as":"svc-agent","publisher":"Approved Software Team","update_state":"installed","agent_build":"2026.09.3"},{"timestamp":"2026-09-14T02:12:04.500Z","computer":"srv-114","event_id":4624,"record_id":102935,"user":"employee-212","source_ip":"10.11.2.23","target":"logon-session","logon_type":3,"change_ticket":"","result":"success","channel":"Security","provider":"Microsoft-Windows-Security-Auditing","logon_id":"4ace660937ad01af","process_id":1184,"image_path":"","run_as":"","publisher":"","update_state":"installed","agent_build":"2026.09.4"},{"timestamp":"2026-09-14T02:12:07.200Z","computer":"srv-168","event_id":4624,"record_id":102936,"user":"employee-380","source_ip":"10.12.1.17","target":"logon-session","logon_type":10,"change_ticket":"","result":"success","channel":"Security","provider":"Microsoft-Windows-Security-Auditing","logon_id":"c92e5c7bbaad8601","process_id":2051,"image_path":"","run_as":"","publisher":"","update_state":"installed","agent_build":"2026.09.1"},{"timestamp":"2026-09-14T02:12:09.900Z","computer":"srv-029","event_id":4634,"record_id":102937,"user":"employee-203","source_ip":"10.10.2.18","target":"logon-session","logon_type":2,"change_ticket":"","result":"success","channel":"Security","provider":"Microsoft-Windows-Security-Auditing","logon_id":"c92e5c7bbaad8601","process_id":6132,"image_path":"","run_as":"","publisher":"","update_state":"installed","agent_build":"2026.09.2"},{"timestamp":"2026-09-14T02:12:12.600Z","computer":"srv-064","event_id":4688,"record_id":102938,"user":"deployment-admin","source_ip":"10.10.4.13","target":"logon-session","logon_type":null,"change_ticket":"","result":"success","channel":"Security","provider":"Microsoft-Windows-Security-Auditing","logon_id":"c92e5c7bbaad8601","process_id":22011,"image_path":"C:/Program Files/ApprovedAgent/agent.exe","run_as":"","publisher":"Approved Software Team","update_state":"installed","agent_build":"2026.09.3"},{"timestamp":"2026-09-14T02:12:15.300Z","computer":"srv-136","event_id":4625,"record_id":102939,"user":"employee-206","source_ip":"10.11.3.25","target":"logon-session","logon_type":10,"change_ticket":"","result":"failure","channel":"Security","provider":"Microsoft-Windows-Security-Auditing","logon_id":"c92e5c7bbaad8601","process_id":22689,"image_path":"","run_as":"","publisher":"","update_state":"installed","agent_build":"2026.09.4"},{"timestamp":"2026-09-14T02:12:18.000Z","computer":"srv-194","event_id":4698,"record_id":102940,"user":"employee-359","source_ip":"10.12.2.23","target":"Approved-Maintenance","logon_type":null,"change_ticket":"CHG-DEPLOY-18","result":"success","channel":"Security","provider":"Microsoft-Windows-Security-Auditing","logon_id":"40bcd0a4cad1768b","process_id":22819,"image_path":"C:/Program Files/ApprovedAgent/agent.exe","run_as":"svc-agent","publisher":"Approved Software Team","update_state":"installed","agent_build":"2026.09.1"},{"timestamp":"2026-09-14T02:12:20.700Z","computer":"srv-078","event_id":4728,"record_id":102941,"user":"employee-26","source_ip":"10.10.4.27","target":"Project-Readers","logon_type":null,"change_ticket":"CHG-DEPLOY-18","result":"success","channel":"Security","provider":"Microsoft-Windows-Security-Auditing","logon_id":"40bcd0a4cad1768b","process_id":12233,"image_path":"","run_as":"","publisher":"","update_state":"installed","agent_build":"2026.09.2"},{"timestamp":"2026-09-14T02:12:23.400Z","computer":"srv-026","event_id":4697,"record_id":102942,"user":"employee-181","source_ip":"10.10.2.15","target":"ApprovedAgent","logon_type":null,"change_ticket":"CHG-DEPLOY-18","result":"success","channel":"Security","provider":"Microsoft-Windows-Security-Auditing","logon_id":"40bcd0a4cad1768b","process_id":6896,"image_path":"C:/Program Files/ApprovedAgent/agent.exe","run_as":"svc-agent","publisher":"Approved Software Team","update_state":"installed","agent_build":"2026.09.3"},{"timestamp":"2026-09-14T02:12:26.100Z","computer":"srv-141","event_id":4624,"record_id":102943,"user":"employee-240","source_ip":"10.11.4.10","target":"logon-session","logon_type":2,"change_ticket":"","result":"success","channel":"Security","provider":"Microsoft-Windows-Security-Auditing","logon_id":"40bcd0a4cad1768b","process_id":24045,"image_path":"","run_as":"","publisher":"","update_state":"installed","agent_build":"2026.09.4"},{"timestamp":"2026-09-14T02:12:28.800Z","computer":"srv-132","event_id":4624,"record_id":102944,"user":"employee-133","source_ip":"10.11.3.21","target":"logon-session","logon_type":3,"change_ticket":"","result":"success","channel":"Security","provider":"Microsoft-Windows-Security-Auditing","logon_id":"b2c4b7da6d740f6f","process_id":15040,"image_path":"","run_as":"","publisher":"","update_state":"installed","agent_build":"2026.09.1"},{"timestamp":"2026-09-14T02:12:31.500Z","computer":"srv-188","event_id":4634,"record_id":102945,"user":"employee-416","source_ip":"10.12.2.17","target":"logon-session","logon_type":10,"change_ticket":"","result":"success","channel":"Security","provider":"Microsoft-Windows-Security-Auditing","logon_id":"b2c4b7da6d740f6f","process_id":16622,"image_path":"","run_as":"","publisher":"","update_state":"restart-pending","agent_build":"2026.09.2"},{"timestamp":"2026-09-14T02:12:34.200Z","computer":"srv-006","event_id":4688,"record_id":102946,"user":"employee-475","source_ip":"10.10.1.15","target":"logon-session","logon_type":null,"change_ticket":"","result":"success","channel":"Security","provider":"Microsoft-Windows-Security-Auditing","logon_id":"b2c4b7da6d740f6f","process_id":8973,"image_path":"C:/Program Files/ApprovedAgent/agent.exe","run_as":"","publisher":"Approved Software Team","update_state":"installed","agent_build":"2026.09.3"},{"timestamp":"2026-09-14T02:12:36.900Z","computer":"srv-032","event_id":4625,"record_id":102947,"user":"employee-220","source_ip":"10.10.2.21","target":"logon-session","logon_type":3,"change_ticket":"","result":"failure","channel":"Security","provider":"Microsoft-Windows-Security-Auditing","logon_id":"b2c4b7da6d740f6f","process_id":15040,"image_path":"","run_as":"","publisher":"","update_state":"installed","agent_build":"2026.09.4"},{"timestamp":"2026-09-14T02:12:39.600Z","computer":"srv-084","event_id":4698,"record_id":102948,"user":"employee-306","source_ip":"10.11.1.13","target":"Approved-Maintenance","logon_type":null,"change_ticket":"CHG-DEPLOY-18","result":"success","channel":"Security","provider":"Microsoft-Windows-Security-Auditing","logon_id":"685fe464e1bca7c5","process_id":2917,"image_path":"C:/Program Files/ApprovedAgent/agent.exe","run_as":"svc-agent","publisher":"Approved Software Team","update_state":"installed","agent_build":"2026.09.1"},{"timestamp":"2026-09-14T02:12:42.300Z","computer":"srv-201","event_id":4728,"record_id":102949,"user":"employee-150","source_ip":"10.12.3.10","target":"Project-Readers","logon_type":null,"change_ticket":"CHG-DEPLOY-18","result":"success","channel":"Security","provider":"Microsoft-Windows-Security-Auditing","logon_id":"685fe464e1bca7c5","process_id":10210,"image_path":"","run_as":"","publisher":"","update_state":"installed","agent_build":"2026.09.2"},{"timestamp":"2026-09-14T02:12:45.000Z","computer":"srv-131","event_id":4697,"record_id":102950,"user":"employee-16","source_ip":"10.11.3.20","target":"ApprovedAgent","logon_type":null,"change_ticket":"CHG-DEPLOY-18","result":"success","channel":"Security","provider":"Microsoft-Windows-Security-Auditing","logon_id":"685fe464e1bca7c5","process_id":6252,"image_path":"C:/Program Files/ApprovedAgent/agent.exe","run_as":"svc-agent","publisher":"Approved Software Team","update_state":"no-report","agent_build":"2026.09.3"},{"timestamp":"2026-09-14T02:12:47.700Z","computer":"srv-136","event_id":4624,"record_id":102951,"user":"deployment-admin","source_ip":"10.11.3.25","target":"logon-session","logon_type":10,"change_ticket":"","result":"success","channel":"Security","provider":"Microsoft-Windows-Security-Auditing","logon_id":"685fe464e1bca7c5","process_id":20788,"image_path":"","run_as":"","publisher":"","update_state":"installed","agent_build":"2026.09.4"},{"timestamp":"2026-09-14T02:12:50.400Z","computer":"srv-060","event_id":4624,"record_id":102952,"user":"employee-316","source_ip":"10.10.3.29","target":"logon-session","logon_type":2,"change_ticket":"","result":"success","channel":"Security","provider":"Microsoft-Windows-Security-Auditing","logon_id":"72ddca968272b962","process_id":18191,"image_path":"","run_as":"","publisher":"","update_state":"installed","agent_build":"2026.09.1"},{"timestamp":"2026-09-14T02:12:53.100Z","computer":"srv-197","event_id":4634,"record_id":102953,"user":"employee-82","source_ip":"10.12.2.26","target":"logon-session","logon_type":3,"change_ticket":"","result":"success","channel":"Security","provider":"Microsoft-Windows-Security-Auditing","logon_id":"72ddca968272b962","process_id":6838,"image_path":"","run_as":"","publisher":"","update_state":"installed","agent_build":"2026.09.2"},{"timestamp":"2026-09-14T02:12:55.800Z","computer":"srv-210","event_id":4688,"record_id":102954,"user":"employee-451","source_ip":"10.12.3.19","target":"logon-session","logon_type":null,"change_ticket":"","result":"success","channel":"Security","provider":"Microsoft-Windows-Security-Auditing","logon_id":"72ddca968272b962","process_id":9164,"image_path":"C:/Program Files/ApprovedAgent/agent.exe","run_as":"","publisher":"Approved Software Team","update_state":"installed","agent_build":"2026.09.3"},{"timestamp":"2026-09-14T02:12:58.500Z","computer":"srv-137","event_id":4625,"record_id":102955,"user":"employee-123","source_ip":"10.11.3.26","target":"logon-session","logon_type":2,"change_ticket":"","result":"failure","channel":"Security","provider":"Microsoft-Windows-Security-Auditing","logon_id":"72ddca968272b962","process_id":9961,"image_path":"","run_as":"","publisher":"","update_state":"installed","agent_build":"2026.09.4"},{"timestamp":"2026-09-14T02:13:01.200Z","computer":"srv-225","event_id":4698,"record_id":102956,"user":"employee-293","source_ip":"10.12.4.14","target":"Approved-Maintenance","logon_type":null,"change_ticket":"CHG-DEPLOY-18","result":"success","channel":"Security","provider":"Microsoft-Windows-Security-Auditing","logon_id":"9a39ebdc6b48f957","process_id":13487,"image_path":"C:/Program Files/ApprovedAgent/agent.exe","run_as":"svc-agent","publisher":"Approved Software Team","update_state":"installed","agent_build":"2026.09.1"},{"timestamp":"2026-09-14T02:13:03.900Z","computer":"srv-080","event_id":4728,"record_id":102957,"user":"employee-163","source_ip":"10.10.4.29","target":"Project-Readers","logon_type":null,"change_ticket":"CHG-DEPLOY-18","result":"success","channel":"Security","provider":"Microsoft-Windows-Security-Auditing","logon_id":"9a39ebdc6b48f957","process_id":1272,"image_path":"","run_as":"","publisher":"","update_state":"installed","agent_build":"2026.09.2"},{"timestamp":"2026-09-14T02:13:06.600Z","computer":"srv-094","event_id":4697,"record_id":102958,"user":"employee-358","source_ip":"10.11.1.23","target":"ApprovedAgent","logon_type":null,"change_ticket":"CHG-DEPLOY-18","result":"success","channel":"Security","provider":"Microsoft-Windows-Security-Auditing","logon_id":"9a39ebdc6b48f957","process_id":17492,"image_path":"C:/Program Files/ApprovedAgent/agent.exe","run_as":"svc-agent","publisher":"Approved Software Team","update_state":"installed","agent_build":"2026.09.3"},{"timestamp":"2026-09-14T02:13:09.300Z","computer":"srv-047","event_id":4624,"record_id":102959,"user":"employee-305","source_ip":"10.10.3.16","target":"logon-session","logon_type":3,"change_ticket":"","result":"success","channel":"Security","provider":"Microsoft-Windows-Security-Auditing","logon_id":"9a39ebdc6b48f957","process_id":11826,"image_path":"","run_as":"","publisher":"","update_state":"installed","agent_build":"2026.09.4"},{"timestamp":"2026-09-14T02:13:12.000Z","computer":"srv-121","event_id":4624,"record_id":102960,"user":"employee-49","source_ip":"10.11.3.10","target":"logon-session","logon_type":10,"change_ticket":"","result":"success","channel":"Security","provider":"Microsoft-Windows-Security-Auditing","logon_id":"7331a6a32bcc46fc","process_id":18948,"image_path":"","run_as":"","publisher":"","update_state":"installed","agent_build":"2026.09.1"},{"timestamp":"2026-09-14T02:13:14.700Z","computer":"srv-165","event_id":4634,"record_id":102961,"user":"employee-340","source_ip":"10.12.1.14","target":"logon-session","logon_type":2,"change_ticket":"","result":"success","channel":"Security","provider":"Microsoft-Windows-Security-Auditing","logon_id":"7331a6a32bcc46fc","process_id":12335,"image_path":"","run_as":"","publisher":"","update_state":"failed","agent_build":"2026.09.2"},{"timestamp":"2026-09-14T02:13:17.400Z","computer":"srv-022","event_id":4688,"record_id":102962,"user":"employee-188","source_ip":"10.10.2.11","target":"logon-session","logon_type":null,"change_ticket":"","result":"success","channel":"Security","provider":"Microsoft-Windows-Security-Auditing","logon_id":"7331a6a32bcc46fc","process_id":6160,"image_path":"C:/Program Files/ApprovedAgent/agent.exe","run_as":"","publisher":"Approved Software Team","update_state":"installed","agent_build":"2026.09.3"},{"timestamp":"2026-09-14T02:13:20.100Z","computer":"srv-157","event_id":4625,"record_id":102963,"user":"employee-462","source_ip":"10.11.4.26","target":"logon-session","logon_type":10,"change_ticket":"","result":"failure","channel":"Security","provider":"Microsoft-Windows-Security-Auditing","logon_id":"7331a6a32bcc46fc","process_id":14865,"image_path":"","run_as":"","publisher":"","update_state":"installed","agent_build":"2026.09.4"},{"timestamp":"2026-09-14T02:13:22.800Z","computer":"srv-236","event_id":4698,"record_id":102964,"user":"deployment-admin","source_ip":"10.12.4.25","target":"Approved-Maintenance","logon_type":null,"change_ticket":"CHG-DEPLOY-18","result":"success","channel":"Security","provider":"Microsoft-Windows-Security-Auditing","logon_id":"50daddb7d9ab150e","process_id":6399,"image_path":"C:/Program Files/ApprovedAgent/agent.exe","run_as":"svc-agent","publisher":"Approved Software Team","update_state":"installed","agent_build":"2026.09.1"},{"timestamp":"2026-09-14T02:13:25.500Z","computer":"srv-023","event_id":4728,"record_id":102965,"user":"employee-178","source_ip":"10.10.2.12","target":"Project-Readers","logon_type":null,"change_ticket":"CHG-DEPLOY-18","result":"success","channel":"Security","provider":"Microsoft-Windows-Security-Auditing","logon_id":"50daddb7d9ab150e","process_id":5957,"image_path":"","run_as":"","publisher":"","update_state":"installed","agent_build":"2026.09.2"},{"timestamp":"2026-09-14T02:13:28.200Z","computer":"srv-186","event_id":4697,"record_id":102966,"user":"employee-28","source_ip":"10.12.2.15","target":"ApprovedAgent","logon_type":null,"change_ticket":"CHG-DEPLOY-18","result":"success","channel":"Security","provider":"Microsoft-Windows-Security-Auditing","logon_id":"50daddb7d9ab150e","process_id":21803,"image_path":"C:/Program Files/ApprovedAgent/agent.exe","run_as":"svc-agent","publisher":"Approved Software Team","update_state":"installed","agent_build":"2026.09.3"},{"timestamp":"2026-09-14T02:13:30.900Z","computer":"srv-239","event_id":4624,"record_id":102967,"user":"employee-290","source_ip":"10.12.4.28","target":"logon-session","logon_type":2,"change_ticket":"","result":"success","channel":"Security","provider":"Microsoft-Windows-Security-Auditing","logon_id":"50daddb7d9ab150e","process_id":15734,"image_path":"","run_as":"","publisher":"","update_state":"installed","agent_build":"2026.09.4"},