{"timestamp":"2026-09-14T02:37:24.600Z","computer":"srv-158","event_id":4688,"record_id":103498,"user":"employee-208","source_ip":"10.11.4.27","target":"logon-session","logon_type":null,"change_ticket":"","result":"success","channel":"Security","provider":"Microsoft-Windows-Security-Auditing","logon_id":"3839d0084013da3b","process_id":18156,"image_path":"C:/Program Files/ApprovedAgent/agent.exe","run_as":"","publisher":"Approved Software Team","update_state":"installed","agent_build":"2026.09.3"},{"timestamp":"2026-09-14T02:37:27.300Z","computer":"srv-118","event_id":4625,"record_id":103499,"user":"employee-436","source_ip":"10.11.2.27","target":"logon-session","logon_type":3,"change_ticket":"","result":"failure","channel":"Security","provider":"Microsoft-Windows-Security-Auditing","logon_id":"3839d0084013da3b","process_id":5009,"image_path":"","run_as":"","publisher":"","update_state":"installed","agent_build":"2026.09.4"},{"timestamp":"2026-09-14T02:37:30.000Z","computer":"srv-012","event_id":4698,"record_id":103500,"user":"employee-253","source_ip":"10.10.1.21","target":"Approved-Maintenance","logon_type":null,"change_ticket":"CHG-DEPLOY-18","result":"success","channel":"Security","provider":"Microsoft-Windows-Security-Auditing","logon_id":"46c9c9fcf73e111f","process_id":2135,"image_path":"C:/Program Files/ApprovedAgent/agent.exe","run_as":"svc-agent","publisher":"Approved Software Team","update_state":"installed","agent_build":"2026.09.1"},{"timestamp":"2026-09-14T02:37:32.700Z","computer":"srv-134","event_id":4728,"record_id":103501,"user":"employee-272","source_ip":"10.11.3.23","target":"Project-Readers","logon_type":null,"change_ticket":"CHG-DEPLOY-18","result":"success","channel":"Security","provider":"Microsoft-Windows-Security-Auditing","logon_id":"46c9c9fcf73e111f","process_id":20471,"image_path":"","run_as":"","publisher":"","update_state":"installed","agent_build":"2026.09.2"},{"timestamp":"2026-09-14T02:37:35.400Z","computer":"srv-218","event_id":4697,"record_id":103502,"user":"employee-392","source_ip":"10.12.3.27","target":"ApprovedAgent","logon_type":null,"change_ticket":"CHG-DEPLOY-18","result":"success","channel":"Security","provider":"Microsoft-Windows-Security-Auditing","logon_id":"46c9c9fcf73e111f","process_id":20007,"image_path":"C:/Program Files/ApprovedAgent/agent.exe","run_as":"svc-agent","publisher":"Approved Software Team","update_state":"installed","agent_build":"2026.09.3"},{"timestamp":"2026-09-14T02:37:38.100Z","computer":"srv-077","event_id":4624,"record_id":103503,"user":"employee-41","source_ip":"10.10.4.26","target":"logon-session","logon_type":10,"change_ticket":"","result":"success","channel":"Security","provider":"Microsoft-Windows-Security-Auditing","logon_id":"46c9c9fcf73e111f","process_id":13495,"image_path":"","run_as":"","publisher":"","update_state":"restart-pending","agent_build":"2026.09.4"},{"timestamp":"2026-09-14T02:37:40.800Z","computer":"srv-161","event_id":4624,"record_id":103504,"user":"employee-107","source_ip":"10.12.1.10","target":"logon-session","logon_type":2,"change_ticket":"","result":"success","channel":"Security","provider":"Microsoft-Windows-Security-Auditing","logon_id":"6dcadeb57d61b7e7","process_id":2327,"image_path":"","run_as":"","publisher":"","update_state":"installed","agent_build":"2026.09.1"},{"timestamp":"2026-09-14T02:37:43.500Z","computer":"srv-193","event_id":4634,"record_id":103505,"user":"employee-446","source_ip":"10.12.2.22","target":"logon-session","logon_type":3,"change_ticket":"","result":"success","channel":"Security","provider":"Microsoft-Windows-Security-Auditing","logon_id":"6dcadeb57d61b7e7","process_id":22606,"image_path":"","run_as":"","publisher":"","update_state":"installed","agent_build":"2026.09.2"},{"timestamp":"2026-09-14T02:37:46.200Z","computer":"srv-050","event_id":4688,"record_id":103506,"user":"employee-234","source_ip":"10.10.3.19","target":"logon-session","logon_type":null,"change_ticket":"","result":"success","channel":"Security","provider":"Microsoft-Windows-Security-Auditing","logon_id":"6dcadeb57d61b7e7","process_id":22805,"image_path":"C:/Program Files/ApprovedAgent/agent.exe","run_as":"","publisher":"Approved Software Team","update_state":"installed","agent_build":"2026.09.3"},{"timestamp":"2026-09-14T02:37:48.900Z","computer":"srv-206","event_id":4625,"record_id":103507,"user":"employee-263","source_ip":"10.12.3.15","target":"logon-session","logon_type":2,"change_ticket":"","result":"failure","channel":"Security","provider":"Microsoft-Windows-Security-Auditing","logon_id":"6dcadeb57d61b7e7","process_id":19402,"image_path":"","run_as":"","publisher":"","update_state":"installed","agent_build":"2026.09.4"},{"timestamp":"2026-09-14T02:37:51.600Z","computer":"srv-170","event_id":4698,"record_id":103508,"user":"employee-355","source_ip":"10.12.1.19","target":"Approved-Maintenance","logon_type":null,"change_ticket":"CHG-DEPLOY-18","result":"success","channel":"Security","provider":"Microsoft-Windows-Security-Auditing","logon_id":"9d75ba9f7c23390c","process_id":12682,"image_path":"C:/Program Files/ApprovedAgent/agent.exe","run_as":"svc-agent","publisher":"Approved Software Team","update_state":"installed","agent_build":"2026.09.1"},{"timestamp":"2026-09-14T02:37:54.300Z","computer":"srv-185","event_id":4728,"record_id":103509,"user":"employee-206","source_ip":"10.12.2.14","target":"Project-Readers","logon_type":null,"change_ticket":"CHG-DEPLOY-18","result":"success","channel":"Security","provider":"Microsoft-Windows-Security-Auditing","logon_id":"9d75ba9f7c23390c","process_id":23267,"image_path":"","run_as":"","publisher":"","update_state":"installed","agent_build":"2026.09.2"},{"timestamp":"2026-09-14T02:37:57.000Z","computer":"srv-091","event_id":4697,"record_id":103510,"user":"deployment-admin","source_ip":"10.11.1.20","target":"ApprovedAgent","logon_type":null,"change_ticket":"CHG-DEPLOY-18","result":"success","channel":"Security","provider":"Microsoft-Windows-Security-Auditing","logon_id":"9d75ba9f7c23390c","process_id":9010,"image_path":"C:/Program Files/ApprovedAgent/agent.exe","run_as":"svc-agent","publisher":"Approved Software Team","update_state":"installed","agent_build":"2026.09.3"},{"timestamp":"2026-09-14T02:37:59.700Z","computer":"srv-200","event_id":4624,"record_id":103511,"user":"employee-377","source_ip":"10.12.2.29","target":"logon-session","logon_type":3,"change_ticket":"","result":"success","channel":"Security","provider":"Microsoft-Windows-Security-Auditing","logon_id":"9d75ba9f7c23390c","process_id":3249,"image_path":"","run_as":"","publisher":"","update_state":"installed","agent_build":"2026.09.4"},{"timestamp":"2026-09-14T02:38:02.400Z","computer":"srv-196","event_id":4624,"record_id":103512,"user":"employee-24","source_ip":"10.12.2.25","target":"logon-session","logon_type":10,"change_ticket":"","result":"success","channel":"Security","provider":"Microsoft-Windows-Security-Auditing","logon_id":"e86a266d7a24b099","process_id":1054,"image_path":"","run_as":"","publisher":"","update_state":"installed","agent_build":"2026.09.1"},{"timestamp":"2026-09-14T02:38:05.100Z","computer":"srv-003","event_id":4634,"record_id":103513,"user":"employee-408","source_ip":"10.10.1.12","target":"logon-session","logon_type":2,"change_ticket":"","result":"success","channel":"Security","provider":"Microsoft-Windows-Security-Auditing","logon_id":"e86a266d7a24b099","process_id":13924,"image_path":"","run_as":"","publisher":"","update_state":"installed","agent_build":"2026.09.2"},{"timestamp":"2026-09-14T02:38:07.800Z","computer":"srv-073","event_id":4688,"record_id":103514,"user":"employee-170","source_ip":"10.10.4.22","target":"logon-session","logon_type":null,"change_ticket":"","result":"success","channel":"Security","provider":"Microsoft-Windows-Security-Auditing","logon_id":"e86a266d7a24b099","process_id":24541,"image_path":"C:/Program Files/ApprovedAgent/agent.exe","run_as":"","publisher":"Approved Software Team","update_state":"installed","agent_build":"2026.09.3"},{"timestamp":"2026-09-14T02:38:10.500Z","computer":"srv-227","event_id":4625,"record_id":103515,"user":"employee-247","source_ip":"10.12.4.16","target":"logon-session","logon_type":10,"change_ticket":"","result":"failure","channel":"Security","provider":"Microsoft-Windows-Security-Auditing","logon_id":"e86a266d7a24b099","process_id":9009,"image_path":"","run_as":"","publisher":"","update_state":"installed","agent_build":"2026.09.4"},{"timestamp":"2026-09-14T02:38:13.200Z","computer":"srv-216","event_id":4698,"record_id":103516,"user":"employee-339","source_ip":"10.12.3.25","target":"Approved-Maintenance","logon_type":null,"change_ticket":"CHG-DEPLOY-18","result":"success","channel":"Security","provider":"Microsoft-Windows-Security-Auditing","logon_id":"021d1e56271a75e7","process_id":18202,"image_path":"C:/Program Files/ApprovedAgent/agent.exe","run_as":"svc-agent","publisher":"Approved Software Team","update_state":"installed","agent_build":"2026.09.1"},{"timestamp":"2026-09-14T02:38:15.900Z","computer":"srv-225","event_id":4728,"record_id":103517,"user":"employee-8","source_ip":"10.12.4.14","target":"Project-Readers","logon_type":null,"change_ticket":"CHG-DEPLOY-18","result":"success","channel":"Security","provider":"Microsoft-Windows-Security-Auditing","logon_id":"021d1e56271a75e7","process_id":18193,"image_path":"","run_as":"","publisher":"","update_state":"installed","agent_build":"2026.09.2"},{"timestamp":"2026-09-14T02:38:18.600Z","computer":"srv-156","event_id":4697,"record_id":103518,"user":"employee-440","source_ip":"10.11.4.25","target":"ApprovedAgent","logon_type":null,"change_ticket":"CHG-DEPLOY-18","result":"success","channel":"Security","provider":"Microsoft-Windows-Security-Auditing","logon_id":"021d1e56271a75e7","process_id":3424,"image_path":"C:/Program Files/ApprovedAgent/agent.exe","run_as":"svc-agent","publisher":"Approved Software Team","update_state":"installed","agent_build":"2026.09.3"},{"timestamp":"2026-09-14T02:38:21.300Z","computer":"srv-079","event_id":4624,"record_id":103519,"user":"employee-172","source_ip":"10.10.4.28","target":"logon-session","logon_type":2,"change_ticket":"","result":"success","channel":"Security","provider":"Microsoft-Windows-Security-Auditing","logon_id":"021d1e56271a75e7","process_id":3077,"image_path":"","run_as":"","publisher":"","update_state":"installed","agent_build":"2026.09.4"},{"timestamp":"2026-09-14T02:38:24.000Z","computer":"srv-135","event_id":4624,"record_id":103520,"user":"employee-271","source_ip":"10.11.3.24","target":"logon-session","logon_type":3,"change_ticket":"","result":"success","channel":"Security","provider":"Microsoft-Windows-Security-Auditing","logon_id":"69182606d995807c","process_id":22827,"image_path":"","run_as":"","publisher":"","update_state":"installed","agent_build":"2026.09.1"},{"timestamp":"2026-09-14T02:38:26.700Z","computer":"srv-031","event_id":4634,"record_id":103521,"user":"employee-74","source_ip":"10.10.2.20","target":"logon-session","logon_type":10,"change_ticket":"","result":"success","channel":"Security","provider":"Microsoft-Windows-Security-Auditing","logon_id":"69182606d995807c","process_id":25996,"image_path":"","run_as":"","publisher":"","update_state":"installed","agent_build":"2026.09.2"},{"timestamp":"2026-09-14T02:38:29.400Z","computer":"srv-058","event_id":4688,"record_id":103522,"user":"employee-147","source_ip":"10.10.3.27","target":"logon-session","logon_type":null,"change_ticket":"","result":"success","channel":"Security","provider":"Microsoft-Windows-Security-Auditing","logon_id":"69182606d995807c","process_id":9920,"image_path":"C:/Program Files/ApprovedAgent/agent.exe","run_as":"","publisher":"Approved Software Team","update_state":"installed","agent_build":"2026.09.3"},{"timestamp":"2026-09-14T02:38:32.100Z","computer":"srv-127","event_id":4625,"record_id":103523,"user":"deployment-admin","source_ip":"10.11.3.16","target":"logon-session","logon_type":3,"change_ticket":"","result":"failure","channel":"Security","provider":"Microsoft-Windows-Security-Auditing","logon_id":"69182606d995807c","process_id":5755,"image_path":"","run_as":"","publisher":"","update_state":"installed","agent_build":"2026.09.4"},{"timestamp":"2026-09-14T02:38:34.800Z","computer":"srv-092","event_id":4698,"record_id":103524,"user":"employee-48","source_ip":"10.11.1.21","target":"Approved-Maintenance","logon_type":null,"change_ticket":"CHG-DEPLOY-18","result":"success","channel":"Security","provider":"Microsoft-Windows-Security-Auditing","logon_id":"dd092fd146a56220","process_id":22837,"image_path":"C:/Program Files/ApprovedAgent/agent.exe","run_as":"svc-agent","publisher":"Approved Software Team","update_state":"installed","agent_build":"2026.09.1"},{"timestamp":"2026-09-14T02:38:37.500Z","computer":"srv-210","event_id":4728,"record_id":103525,"user":"employee-198","source_ip":"10.12.3.19","target":"Project-Readers","logon_type":null,"change_ticket":"CHG-DEPLOY-18","result":"success","channel":"Security","provider":"Microsoft-Windows-Security-Auditing","logon_id":"dd092fd146a56220","process_id":17718,"image_path":"","run_as":"","publisher":"","update_state":"failed","agent_build":"2026.09.2"},{"timestamp":"2026-09-14T02:38:40.200Z","computer":"srv-156","event_id":4697,"record_id":103526,"user":"employee-391","source_ip":"10.11.4.25","target":"ApprovedAgent","logon_type":null,"change_ticket":"CHG-DEPLOY-18","result":"success","channel":"Security","provider":"Microsoft-Windows-Security-Auditing","logon_id":"dd092fd146a56220","process_id":25123,"image_path":"C:/Program Files/ApprovedAgent/agent.exe","run_as":"svc-agent","publisher":"Approved Software Team","update_state":"installed","agent_build":"2026.09.3"},{"timestamp":"2026-09-14T02:38:42.900Z","computer":"srv-031","event_id":4624,"record_id":103527,"user":"employee-232","source_ip":"10.10.2.20","target":"logon-session","logon_type":10,"change_ticket":"","result":"success","channel":"Security","provider":"Microsoft-Windows-Security-Auditing","logon_id":"dd092fd146a56220","process_id":14214,"image_path":"","run_as":"","publisher":"","update_state":"installed","agent_build":"2026.09.4"},{"timestamp":"2026-09-14T02:38:45.600Z","computer":"srv-037","event_id":4624,"record_id":103528,"user":"employee-238","source_ip":"10.10.2.26","target":"logon-session","logon_type":2,"change_ticket":"","result":"success","channel":"Security","provider":"Microsoft-Windows-Security-Auditing","logon_id":"178a245aaf05485c","process_id":19150,"image_path":"","run_as":"","publisher":"","update_state":"installed","agent_build":"2026.09.1"},{"timestamp":"2026-09-14T02:38:48.300Z","computer":"srv-185","event_id":4634,"record_id":103529,"user":"employee-134","source_ip":"10.12.2.14","target":"logon-session","logon_type":3,"change_ticket":"","result":"success","channel":"Security","provider":"Microsoft-Windows-Security-Auditing","logon_id":"178a245aaf05485c","process_id":16987,"image_path":"","run_as":"","publisher":"","update_state":"installed","agent_build":"2026.09.2"},{"timestamp":"2026-09-14T02:38:51.000Z","computer":"srv-187","event_id":4688,"record_id":103530,"user":"employee-448","source_ip":"10.12.2.16","target":"logon-session","logon_type":null,"change_ticket":"","result":"success","channel":"Security","provider":"Microsoft-Windows-Security-Auditing","logon_id":"178a245aaf05485c","process_id":23451,"image_path":"C:/Program Files/ApprovedAgent/agent.exe","run_as":"","publisher":"Approved Software Team","update_state":"installed","agent_build":"2026.09.3"},{"timestamp":"2026-09-14T02:38:53.700Z","computer":"srv-099","event_id":4625,"record_id":103531,"user":"employee-407","source_ip":"10.11.1.28","target":"logon-session","logon_type":2,"change_ticket":"","result":"failure","channel":"Security","provider":"Microsoft-Windows-Security-Auditing","logon_id":"178a245aaf05485c","process_id":5901,"image_path":"","run_as":"","publisher":"","update_state":"installed","agent_build":"2026.09.4"},{"timestamp":"2026-09-14T02:38:56.400Z","computer":"srv-165","event_id":4698,"record_id":103532,"user":"employee-429","source_ip":"10.12.1.14","target":"Approved-Maintenance","logon_type":null,"change_ticket":"CHG-DEPLOY-18","result":"success","channel":"Security","provider":"Microsoft-Windows-Security-Auditing","logon_id":"2e2e613067924f58","process_id":2810,"image_path":"C:/Program Files/ApprovedAgent/agent.exe","run_as":"svc-agent","publisher":"Approved Software Team","update_state":"installed","agent_build":"2026.09.1"},{"timestamp":"2026-09-14T02:38:59.100Z","computer":"srv-153","event_id":4728,"record_id":103533,"user":"employee-246","source_ip":"10.11.4.22","target":"Project-Readers","logon_type":null,"change_ticket":"CHG-DEPLOY-18","result":"success","channel":"Security","provider":"Microsoft-Windows-Security-Auditing","logon_id":"2e2e613067924f58","process_id":12570,"image_path":"","run_as":"","publisher":"","update_state":"installed","agent_build":"2026.09.2"},{"timestamp":"2026-09-14T02:39:01.800Z","computer":"srv-024","event_id":4697,"record_id":103534,"user":"employee-278","source_ip":"10.10.2.13","target":"ApprovedAgent","logon_type":null,"change_ticket":"CHG-DEPLOY-18","result":"success","channel":"Security","provider":"Microsoft-Windows-Security-Auditing","logon_id":"2e2e613067924f58","process_id":10759,"image_path":"C:/Program Files/ApprovedAgent/agent.exe","run_as":"svc-agent","publisher":"Approved Software Team","update_state":"restart-pending","agent_build":"2026.09.3"},{"timestamp":"2026-09-14T02:39:04.500Z","computer":"srv-066","event_id":4624,"record_id":103535,"user":"employee-324","source_ip":"10.10.4.15","target":"logon-session","logon_type":3,"change_ticket":"","result":"success","channel":"Security","provider":"Microsoft-Windows-Security-Auditing","logon_id":"2e2e613067924f58","process_id":2644,"image_path":"","run_as":"","publisher":"","update_state":"installed","agent_build":"2026.09.4"},{"timestamp":"2026-09-14T02:39:07.200Z","computer":"srv-068","event_id":4624,"record_id":103536,"user":"deployment-admin","source_ip":"10.10.4.17","target":"logon-session","logon_type":10,"change_ticket":"","result":"success","channel":"Security","provider":"Microsoft-Windows-Security-Auditing","logon_id":"9093425d7d1235cc","process_id":6835,"image_path":"","run_as":"","publisher":"","update_state":"installed","agent_build":"2026.09.1"},{"timestamp":"2026-09-14T02:39:09.900Z","computer":"srv-226","event_id":4634,"record_id":103537,"user":"employee-190","source_ip":"10.12.4.15","target":"logon-session","logon_type":2,"change_ticket":"","result":"success","channel":"Security","provider":"Microsoft-Windows-Security-Auditing","logon_id":"9093425d7d1235cc","process_id":1564,"image_path":"","run_as":"","publisher":"","update_state":"installed","agent_build":"2026.09.2"},{"timestamp":"2026-09-14T02:39:12.600Z","computer":"srv-216","event_id":4688,"record_id":103538,"user":"employee-41","source_ip":"10.12.3.25","target":"logon-session","logon_type":null,"change_ticket":"","result":"success","channel":"Security","provider":"Microsoft-Windows-Security-Auditing","logon_id":"9093425d7d1235cc","process_id":11338,"image_path":"C:/Program Files/ApprovedAgent/agent.exe","run_as":"","publisher":"Approved Software Team","update_state":"installed","agent_build":"2026.09.3"},{"timestamp":"2026-09-14T02:39:15.300Z","computer":"srv-057","event_id":4625,"record_id":103539,"user":"employee-7","source_ip":"10.10.3.26","target":"logon-session","logon_type":10,"change_ticket":"","result":"failure","channel":"Security","provider":"Microsoft-Windows-Security-Auditing","logon_id":"9093425d7d1235cc","process_id":13251,"image_path":"","run_as":"","publisher":"","update_state":"installed","agent_build":"2026.09.4"},{"timestamp":"2026-09-14T02:39:18.000Z","computer":"srv-122","event_id":4698,"record_id":103540,"user":"employee-316","source_ip":"10.11.3.11","target":"Approved-Maintenance","logon_type":null,"change_ticket":"CHG-DEPLOY-18","result":"success","channel":"Security","provider":"Microsoft-Windows-Security-Auditing","logon_id":"f40f2ff5cdbcd5af","process_id":10312,"image_path":"C:/Program Files/ApprovedAgent/agent.exe","run_as":"svc-agent","publisher":"Approved Software Team","update_state":"no-report","agent_build":"2026.09.1"},{"timestamp":"2026-09-14T02:39:20.700Z","computer":"srv-049","event_id":4728,"record_id":103541,"user":"employee-205","source_ip":"10.10.3.18","target":"Project-Readers","logon_type":null,"change_ticket":"CHG-DEPLOY-18","result":"success","channel":"Security","provider":"Microsoft-Windows-Security-Auditing","logon_id":"f40f2ff5cdbcd5af","process_id":21064,"image_path":"","run_as":"","publisher":"","update_state":"installed","agent_build":"2026.09.2"},{"timestamp":"2026-09-14T02:39:23.400Z","computer":"srv-222","event_id":4697,"record_id":103542,"user":"employee-203","source_ip":"10.12.4.11","target":"ApprovedAgent","logon_type":null,"change_ticket":"CHG-DEPLOY-18","result":"success","channel":"Security","provider":"Microsoft-Windows-Security-Auditing","logon_id":"f40f2ff5cdbcd5af","process_id":19123,"image_path":"C:/Program Files/ApprovedAgent/agent.exe","run_as":"svc-agent","publisher":"Approved Software Team","update_state":"installed","agent_build":"2026.09.3"},{"timestamp":"2026-09-14T02:39:26.100Z","computer":"srv-230","event_id":4624,"record_id":103543,"user":"employee-341","source_ip":"10.12.4.19","target":"logon-session","logon_type":2,"change_ticket":"","result":"success","channel":"Security","provider":"Microsoft-Windows-Security-Auditing","logon_id":"f40f2ff5cdbcd5af","process_id":19892,"image_path":"","run_as":"","publisher":"","update_state":"installed","agent_build":"2026.09.4"},{"timestamp":"2026-09-14T02:39:28.800Z","computer":"srv-091","event_id":4624,"record_id":103544,"user":"employee-41","source_ip":"10.11.1.20","target":"logon-session","logon_type":3,"change_ticket":"","result":"success","channel":"Security","provider":"Microsoft-Windows-Security-Auditing","logon_id":"613db592c37b10ad","process_id":18444,"image_path":"","run_as":"","publisher":"","update_state":"installed","agent_build":"2026.09.1"},{"timestamp":"2026-09-14T02:39:31.500Z","computer":"srv-170","event_id":4634,"record_id":103545,"user":"employee-145","source_ip":"10.12.1.19","target":"logon-session","logon_type":10,"change_ticket":"","result":"success","channel":"Security","provider":"Microsoft-Windows-Security-Auditing","logon_id":"613db592c37b10ad","process_id":23610,"image_path":"","run_as":"","publisher":"","update_state":"installed","agent_build":"2026.09.2"},{"timestamp":"2026-09-14T02:39:34.200Z","computer":"srv-062","event_id":4688,"record_id":103546,"user":"employee-231","source_ip":"10.10.4.11","target":"logon-session","logon_type":null,"change_ticket":"","result":"success","channel":"Security","provider":"Microsoft-Windows-Security-Auditing","logon_id":"613db592c37b10ad","process_id":21010,"image_path":"C:/Program Files/ApprovedAgent/agent.exe","run_as":"","publisher":"Approved Software Team","update_state":"installed","agent_build":"2026.09.3"},{"timestamp":"2026-09-14T02:39:36.900Z","computer":"srv-133","event_id":4625,"record_id":103547,"user":"employee-355","source_ip":"10.11.3.22","target":"logon-session","logon_type":3,"change_ticket":"","result":"failure","channel":"Security","provider":"Microsoft-Windows-Security-Auditing","logon_id":"613db592c37b10ad","process_id":14161,"image_path":"","run_as":"","publisher":"","update_state":"installed","agent_build":"2026.09.4"},{"timestamp":"2026-09-14T02:39:39.600Z","computer":"srv-129","event_id":4698,"record_id":103548,"user":"employee-121","source_ip":"10.11.3.18","target":"Approved-Maintenance","logon_type":null,"change_ticket":"CHG-DEPLOY-18","result":"success","channel":"Security","provider":"Microsoft-Windows-Security-Auditing","logon_id":"5a571d9ac6a6109c","process_id":10803,"image_path":"C:/Program Files/ApprovedAgent/agent.exe","run_as":"svc-agent","publisher":"Approved Software Team","update_state":"installed","agent_build":"2026.09.1"},{"timestamp":"2026-09-14T02:39:42.300Z","computer":"srv-058","event_id":4728,"record_id":103549,"user":"deployment-admin","source_ip":"10.10.3.27","target":"Project-Readers","logon_type":null,"change_ticket":"CHG-DEPLOY-18","result":"success","channel":"Security","provider":"Microsoft-Windows-Security-Auditing","logon_id":"5a571d9ac6a6109c","process_id":25885,"image_path":"","run_as":"","publisher":"","update_state":"installed","agent_build":"2026.09.2"},{"timestamp":"2026-09-14T02:39:45.000Z","computer":"srv-194","event_id":4697,"record_id":103550,"user":"employee-211","source_ip":"10.12.2.23","target":"ApprovedAgent","logon_type":null,"change_ticket":"CHG-DEPLOY-18","result":"success","channel":"Security","provider":"Microsoft-Windows-Security-Auditing","logon_id":"5a571d9ac6a6109c","process_id":8711,"image_path":"C:/Program Files/ApprovedAgent/agent.exe","run_as":"svc-agent","publisher":"Approved Software Team","update_state":"installed","agent_build":"2026.09.3"},{"timestamp":"2026-09-14T02:39:47.700Z","computer":"srv-188","event_id":4624,"record_id":103551,"user":"employee-164","source_ip":"10.12.2.17","target":"logon-session","logon_type":10,"change_ticket":"","result":"success","channel":"Security","provider":"Microsoft-Windows-Security-Auditing","logon_id":"5a571d9ac6a6109c","process_id":4374,"image_path":"","run_as":"","publisher":"","update_state":"installed","agent_build":"2026.09.4"},{"timestamp":"2026-09-14T02:39:50.400Z","computer":"srv-182","event_id":4624,"record_id":103552,"user":"employee-293","source_ip":"10.12.2.11","target":"logon-session","logon_type":2,"change_ticket":"","result":"success","channel":"Security","provider":"Microsoft-Windows-Security-Auditing","logon_id":"e49a0fd86b50fba0","process_id":20628,"image_path":"","run_as":"","publisher":"","update_state":"installed","agent_build":"2026.09.1"},{"timestamp":"2026-09-14T02:39:53.100Z","computer":"srv-164","event_id":4634,"record_id":103553,"user":"employee-188","source_ip":"10.12.1.13","target":"logon-session","logon_type":3,"change_ticket":"","result":"success","channel":"Security","provider":"Microsoft-Windows-Security-Auditing","logon_id":"e49a0fd86b50fba0","process_id":6168,"image_path":"","run_as":"","publisher":"","update_state":"installed","agent_build":"2026.09.2"},{"timestamp":"2026-09-14T02:39:55.800Z","computer":"srv-213","event_id":4688,"record_id":103554,"user":"employee-187","source_ip":"10.12.3.22","target":"logon-session","logon_type":null,"change_ticket":"","result":"success","channel":"Security","provider":"Microsoft-Windows-Security-Auditing","logon_id":"e49a0fd86b50fba0","process_id":9669,"image_path":"C:/Program Files/ApprovedAgent/agent.exe","run_as":"","publisher":"Approved Software Team","update_state":"installed","agent_build":"2026.09.3"},{"timestamp":"2026-09-14T02:39:58.500Z","computer":"srv-182","event_id":4625,"record_id":103555,"user":"employee-244","source_ip":"10.12.2.11","target":"logon-session","logon_type":2,"change_ticket":"","result":"failure","channel":"Security","provider":"Microsoft-Windows-Security-Auditing","logon_id":"e49a0fd86b50fba0","process_id":9151,"image_path":"","run_as":"","publisher":"","update_state":"installed","agent_build":"2026.09.4"},{"timestamp":"2026-09-14T02:40:01.200Z","computer":"srv-018","event_id":4698,"record_id":103556,"user":"employee-144","source_ip":"10.10.1.27","target":"Approved-Maintenance","logon_type":null,"change_ticket":"CHG-DEPLOY-18","result":"success","channel":"Security","provider":"Microsoft-Windows-Security-Auditing","logon_id":"79b73b12ff86866d","process_id":1004,"image_path":"C:/Program Files/ApprovedAgent/agent.exe","run_as":"svc-agent","publisher":"Approved Software Team","update_state":"installed","agent_build":"2026.09.1"},{"timestamp":"2026-09-14T02:40:03.900Z","computer":"srv-058","event_id":4728,"record_id":103557,"user":"employee-255","source_ip":"10.10.3.27","target":"Project-Readers","logon_type":null,"change_ticket":"CHG-DEPLOY-18","result":"success","channel":"Security","provider":"Microsoft-Windows-Security-Auditing","logon_id":"79b73b12ff86866d","process_id":7147,"image_path":"","run_as":"","publisher":"","update_state":"installed","agent_build":"2026.09.2"},{"timestamp":"2026-09-14T02:40:06.600Z","computer":"srv-073","event_id":4697,"record_id":103558,"user":"employee-257","source_ip":"10.10.4.22","target":"ApprovedAgent","logon_type":null,"change_ticket":"CHG-DEPLOY-18","result":"success","channel":"Security","provider":"Microsoft-Windows-Security-Auditing","logon_id":"79b73b12ff86866d","process_id":21266,"image_path":"C:/Program Files/ApprovedAgent/agent.exe","run_as":"svc-agent","publisher":"Approved Software Team","update_state":"installed","agent_build":"2026.09.3"},{"timestamp":"2026-09-14T02:40:09.300Z","computer":"srv-037","event_id":4624,"record_id":103559,"user":"employee-109","source_ip":"10.10.2.26","target":"logon-session","logon_type":3,"change_ticket":"","result":"success","channel":"Security","provider":"Microsoft-Windows-Security-Auditing","logon_id":"79b73b12ff86866d","process_id":15524,"image_path":"","run_as":"","publisher":"","update_state":"installed","agent_build":"2026.09.4"},{"timestamp":"2026-09-14T02:40:12.000Z","computer":"srv-168","event_id":4624,"record_id":103560,"user":"employee-23","source_ip":"10.12.1.17","target":"logon-session","logon_type":10,"change_ticket":"","result":"success","channel":"Security","provider":"Microsoft-Windows-Security-Auditing","logon_id":"d7796a228a515efa","process_id":14891,"image_path":"","run_as":"","publisher":"","update_state":"installed","agent_build":"2026.09.1"},{"timestamp":"2026-09-14T02:40:14.700Z","computer":"srv-103","event_id":4634,"record_id":103561,"user":"employee-281","source_ip":"10.11.2.12","target":"logon-session","logon_type":2,"change_ticket":"","result":"success","channel":"Security","provider":"Microsoft-Windows-Security-Auditing","logon_id":"d7796a228a515efa","process_id":16538,"image_path":"","run_as":"","publisher":"","update_state":"installed","agent_build":"2026.09.2"},{"timestamp":"2026-09-14T02:40:17.400Z","computer":"srv-137","event_id":4688,"record_id":103562,"user":"deployment-admin","source_ip":"10.11.3.26","target":"logon-session","logon_type":null,"change_ticket":"","result":"success","channel":"Security","provider":"Microsoft-Windows-Security-Auditing","logon_id":"d7796a228a515efa","process_id":3071,"image_path":"C:/Program Files/ApprovedAgent/agent.exe","run_as":"","publisher":"Approved Software Team","update_state":"installed","agent_build":"2026.09.3"},{"timestamp":"2026-09-14T02:40:20.100Z","computer":"srv-197","event_id":4625,"record_id":103563,"user":"employee-209","source_ip":"10.12.2.26","target":"logon-session","logon_type":10,"change_ticket":"","result":"failure","channel":"Security","provider":"Microsoft-Windows-Security-Auditing","logon_id":"d7796a228a515efa","process_id":21261,"image_path":"","run_as":"","publisher":"","update_state":"installed","agent_build":"2026.09.4"},{"timestamp":"2026-09-14T02:40:22.800Z","computer":"srv-190","event_id":4698,"record_id":103564,"user":"employee-235","source_ip":"10.12.2.19","target":"Approved-Maintenance","logon_type":null,"change_ticket":"CHG-DEPLOY-18","result":"success","channel":"Security","provider":"Microsoft-Windows-Security-Auditing","logon_id":"eddfc7ed5e9334d6","process_id":3619,"image_path":"C:/Program Files/ApprovedAgent/agent.exe","run_as":"svc-agent","publisher":"Approved Software Team","update_state":"installed","agent_build":"2026.09.1"},{"timestamp":"2026-09-14T02:40:25.500Z","computer":"srv-131","event_id":4728,"record_id":103565,"user":"employee-168","source_ip":"10.11.3.20","target":"Project-Readers","logon_type":null,"change_ticket":"CHG-DEPLOY-18","result":"success","channel":"Security","provider":"Microsoft-Windows-Security-Auditing","logon_id":"eddfc7ed5e9334d6","process_id":13931,"image_path":"","run_as":"","publisher":"","update_state":"restart-pending","agent_build":"2026.09.2"},{"timestamp":"2026-09-14T02:40:28.200Z","computer":"srv-113","event_id":4697,"record_id":103566,"user":"employee-472","source_ip":"10.11.2.22","target":"ApprovedAgent","logon_type":null,"change_ticket":"CHG-DEPLOY-18","result":"success","channel":"Security","provider":"Microsoft-Windows-Security-Auditing","logon_id":"eddfc7ed5e9334d6","process_id":5370,"image_path":"C:/Program Files/ApprovedAgent/agent.exe","run_as":"svc-agent","publisher":"Approved Software Team","update_state":"installed","agent_build":"2026.09.3"},{"timestamp":"2026-09-14T02:40:30.900Z","computer":"srv-210","event_id":4624,"record_id":103567,"user":"employee-20","source_ip":"10.12.3.19","target":"logon-session","logon_type":2,"change_ticket":"","result":"success","channel":"Security","provider":"Microsoft-Windows-Security-Auditing","logon_id":"eddfc7ed5e9334d6","process_id":19115,"image_path":"","run_as":"","publisher":"","update_state":"installed","agent_build":"2026.09.4"},{"timestamp":"2026-09-14T02:40:33.600Z","computer":"srv-207","event_id":4624,"record_id":103568,"user":"employee-275","source_ip":"10.12.3.16","target":"logon-session","logon_type":3,"change_ticket":"","result":"success","channel":"Security","provider":"Microsoft-Windows-Security-Auditing","logon_id":"bf85d0126efc98b3","process_id":18404,"image_path":"","run_as":"","publisher":"","update_state":"installed","agent_build":"2026.09.1"},{"timestamp":"2026-09-14T02:40:36.300Z","computer":"srv-069","event_id":4634,"record_id":103569,"user":"employee-381","source_ip":"10.10.4.18","target":"logon-session","logon_type":10,"change_ticket":"","result":"success","channel":"Security","provider":"Microsoft-Windows-Security-Auditing","logon_id":"bf85d0126efc98b3","process_id":25398,"image_path":"","run_as":"","publisher":"","update_state":"installed","agent_build":"2026.09.2"},{"timestamp":"2026-09-14T02:40:39.000Z","computer":"srv-021","event_id":4688,"record_id":103570,"user":"employee-204","source_ip":"10.10.2.10","target":"logon-session","logon_type":null,"change_ticket":"","result":"success","channel":"Security","provider":"Microsoft-Windows-Security-Auditing","logon_id":"bf85d0126efc98b3","process_id":22308,"image_path":"C:/Program Files/ApprovedAgent/agent.exe","run_as":"","publisher":"Approved Software Team","update_state":"installed","agent_build":"2026.09.3"},{"timestamp":"2026-09-14T02:40:41.700Z","computer":"srv-150","event_id":4625,"record_id":103571,"user":"employee-277","source_ip":"10.11.4.19","target":"logon-session","logon_type":3,"change_ticket":"","result":"failure","channel":"Security","provider":"Microsoft-Windows-Security-Auditing","logon_id":"bf85d0126efc98b3","process_id":14140,"image_path":"","run_as":"","publisher":"","update_state":"installed","agent_build":"2026.09.4"},{"timestamp":"2026-09-14T02:40:44.400Z","computer":"srv-039","event_id":4698,"record_id":103572,"user":"employee-396","source_ip":"10.10.2.28","target":"Approved-Maintenance","logon_type":null,"change_ticket":"CHG-DEPLOY-18","result":"success","channel":"Security","provider":"Microsoft-Windows-Security-Auditing","logon_id":"5ed13a9348a2f1fc","process_id":4393,"image_path":"C:/Program Files/ApprovedAgent/agent.exe","run_as":"svc-agent","publisher":"Approved Software Team","update_state":"failed","agent_build":"2026.09.1"},{"timestamp":"2026-09-14T02:40:47.100Z","computer":"srv-104","event_id":4728,"record_id":103573,"user":"employee-392","source_ip":"10.11.2.13","target":"Project-Readers","logon_type":null,"change_ticket":"CHG-DEPLOY-18","result":"success","channel":"Security","provider":"Microsoft-Windows-Security-Auditing","logon_id":"5ed13a9348a2f1fc","process_id":3621,"image_path":"","run_as":"","publisher":"","update_state":"installed","agent_build":"2026.09.2"},{"timestamp":"2026-09-14T02:40:49.800Z","computer":"srv-110","event_id":4697,"record_id":103574,"user":"employee-284","source_ip":"10.11.2.19","target":"ApprovedAgent","logon_type":null,"change_ticket":"CHG-DEPLOY-18","result":"success","channel":"Security","provider":"Microsoft-Windows-Security-Auditing","logon_id":"5ed13a9348a2f1fc","process_id":22772,"image_path":"C:/Program Files/ApprovedAgent/agent.exe","run_as":"svc-agent","publisher":"Approved Software Team","update_state":"installed","agent_build":"2026.09.3"},{"timestamp":"2026-09-14T02:40:52.500Z","computer":"srv-141","event_id":4624,"record_id":103575,"user":"deployment-admin","source_ip":"10.11.4.10","target":"logon-session","logon_type":10,"change_ticket":"","result":"success","channel":"Security","provider":"Microsoft-Windows-Security-Auditing","logon_id":"5ed13a9348a2f1fc","process_id":7202,"image_path":"","run_as":"","publisher":"","update_state":"installed","agent_build":"2026.09.4"},{"timestamp":"2026-09-14T02:40:55.200Z","computer":"srv-001","event_id":4624,"record_id":103576,"user":"employee-186","source_ip":"10.10.1.10","target":"logon-session","logon_type":2,"change_ticket":"","result":"success","channel":"Security","provider":"Microsoft-Windows-Security-Auditing","logon_id":"a6830958d4f1f9c2","process_id":9935,"image_path":"","run_as":"","publisher":"","update_state":"installed","agent_build":"2026.09.1"},{"timestamp":"2026-09-14T02:40:57.900Z","computer":"srv-053","event_id":4634,"record_id":103577,"user":"employee-61","source_ip":"10.10.3.22","target":"logon-session","logon_type":3,"change_ticket":"","result":"success","channel":"Security","provider":"Microsoft-Windows-Security-Auditing","logon_id":"a6830958d4f1f9c2","process_id":25967,"image_path":"","run_as":"","publisher":"","update_state":"installed","agent_build":"2026.09.2"},{"timestamp":"2026-09-14T02:41:00.600Z","computer":"srv-139","event_id":4688,"record_id":103578,"user":"employee-219","source_ip":"10.11.3.28","target":"logon-session","logon_type":null,"change_ticket":"","result":"success","channel":"Security","provider":"Microsoft-Windows-Security-Auditing","logon_id":"a6830958d4f1f9c2","process_id":25579,"image_path":"C:/Program Files/ApprovedAgent/agent.exe","run_as":"","publisher":"Approved Software Team","update_state":"installed","agent_build":"2026.09.3"},{"timestamp":"2026-09-14T02:41:03.300Z","computer":"srv-123","event_id":4625,"record_id":103579,"user":"employee-410","source_ip":"10.11.3.12","target":"logon-session","logon_type":2,"change_ticket":"","result":"failure","channel":"Security","provider":"Microsoft-Windows-Security-Auditing","logon_id":"a6830958d4f1f9c2","process_id":10839,"image_path":"","run_as":"","publisher":"","update_state":"installed","agent_build":"2026.09.4"},{"timestamp":"2026-09-14T02:41:06.000Z","computer":"srv-069","event_id":4698,"record_id":103580,"user":"employee-214","source_ip":"10.10.4.18","target":"Approved-Maintenance","logon_type":null,"change_ticket":"CHG-DEPLOY-18","result":"success","channel":"Security","provider":"Microsoft-Windows-Security-Auditing","logon_id":"dc725093f5fde377","process_id":17988,"image_path":"C:/Program Files/ApprovedAgent/agent.exe","run_as":"svc-agent","publisher":"Approved Software Team","update_state":"installed","agent_build":"2026.09.1"},{"timestamp":"2026-09-14T02:41:08.700Z","computer":"srv-052","event_id":4728,"record_id":103581,"user":"employee-393","source_ip":"10.10.3.21","target":"Project-Readers","logon_type":null,"change_ticket":"CHG-DEPLOY-18","result":"success","channel":"Security","provider":"Microsoft-Windows-Security-Auditing","logon_id":"dc725093f5fde377","process_id":23304,"image_path":"","run_as":"","publisher":"","update_state":"installed","agent_build":"2026.09.2"},{"timestamp":"2026-09-14T02:41:11.400Z","computer":"srv-074","event_id":4697,"record_id":103582,"user":"employee-87","source_ip":"10.10.4.23","target":"ApprovedAgent","logon_type":null,"change_ticket":"CHG-DEPLOY-18","result":"success","channel":"Security","provider":"Microsoft-Windows-Security-Auditing","logon_id":"dc725093f5fde377","process_id":12840,"image_path":"C:/Program Files/ApprovedAgent/agent.exe","run_as":"svc-agent","publisher":"Approved Software Team","update_state":"installed","agent_build":"2026.09.3"},{"timestamp":"2026-09-14T02:41:14.100Z","computer":"srv-144","event_id":4624,"record_id":103583,"user":"employee-413","source_ip":"10.11.4.13","target":"logon-session","logon_type":3,"change_ticket":"","result":"success","channel":"Security","provider":"Microsoft-Windows-Security-Auditing","logon_id":"dc725093f5fde377","process_id":12587,"image_path":"","run_as":"","publisher":"","update_state":"installed","agent_build":"2026.09.4"},{"timestamp":"2026-09-14T02:41:16.800Z","computer":"srv-040","event_id":4624,"record_id":103584,"user":"employee-449","source_ip":"10.10.2.29","target":"logon-session","logon_type":10,"change_ticket":"","result":"success","channel":"Security","provider":"Microsoft-Windows-Security-Auditing","logon_id":"bb550ee83fb3099b","process_id":12409,"image_path":"","run_as":"","publisher":"","update_state":"installed","agent_build":"2026.09.1"},{"timestamp":"2026-09-14T02:41:19.500Z","computer":"srv-102","event_id":4634,"record_id":103585,"user":"employee-304","source_ip":"10.11.2.11","target":"logon-session","logon_type":2,"change_ticket":"","result":"success","channel":"Security","provider":"Microsoft-Windows-Security-Auditing","logon_id":"bb550ee83fb3099b","process_id":7143,"image_path":"","run_as":"","publisher":"","update_state":"installed","agent_build":"2026.09.2"},{"timestamp":"2026-09-14T02:41:22.200Z","computer":"srv-136","event_id":4688,"record_id":103586,"user":"employee-409","source_ip":"10.11.3.25","target":"logon-session","logon_type":null,"change_ticket":"","result":"success","channel":"Security","provider":"Microsoft-Windows-Security-Auditing","logon_id":"bb550ee83fb3099b","process_id":24607,"image_path":"C:/Program Files/ApprovedAgent/agent.exe","run_as":"","publisher":"Approved Software Team","update_state":"installed","agent_build":"2026.09.3"},{"timestamp":"2026-09-14T02:41:24.900Z","computer":"srv-086","event_id":4625,"record_id":103587,"user":"employee-70","source_ip":"10.11.1.15","target":"logon-session","logon_type":10,"change_ticket":"","result":"failure","channel":"Security","provider":"Microsoft-Windows-Security-Auditing","logon_id":"bb550ee83fb3099b","process_id":15140,"image_path":"","run_as":"","publisher":"","update_state":"installed","agent_build":"2026.09.4"},{"timestamp":"2026-09-14T02:41:27.600Z","computer":"srv-041","event_id":4698,"record_id":103588,"user":"deployment-admin","source_ip":"10.10.3.10","target":"Approved-Maintenance","logon_type":null,"change_ticket":"CHG-DEPLOY-18","result":"success","channel":"Security","provider":"Microsoft-Windows-Security-Auditing","logon_id":"731c2383bbf41e2f","process_id":20763,"image_path":"C:/Program Files/ApprovedAgent/agent.exe","run_as":"svc-agent","publisher":"Approved Software Team","update_state":"installed","agent_build":"2026.09.1"},{"timestamp":"2026-09-14T02:41:30.300Z","computer":"srv-003","event_id":4728,"record_id":103589,"user":"employee-465","source_ip":"10.10.1.12","target":"Project-Readers","logon_type":null,"change_ticket":"CHG-DEPLOY-18","result":"success","channel":"Security","provider":"Microsoft-Windows-Security-Auditing","logon_id":"731c2383bbf41e2f","process_id":10884,"image_path":"","run_as":"","publisher":"","update_state":"installed","agent_build":"2026.09.2"},{"timestamp":"2026-09-14T02:41:33.000Z","computer":"srv-024","event_id":4697,"record_id":103590,"user":"employee-83","source_ip":"10.10.2.13","target":"ApprovedAgent","logon_type":null,"change_ticket":"CHG-DEPLOY-18","result":"success","channel":"Security","provider":"Microsoft-Windows-Security-Auditing","logon_id":"731c2383bbf41e2f","process_id":16166,"image_path":"C:/Program Files/ApprovedAgent/agent.exe","run_as":"svc-agent","publisher":"Approved Software Team","update_state":"installed","agent_build":"2026.09.3"},{"timestamp":"2026-09-14T02:41:35.700Z","computer":"srv-229","event_id":4624,"record_id":103591,"user":"employee-190","source_ip":"10.12.4.18","target":"logon-session","logon_type":2,"change_ticket":"","result":"success","channel":"Security","provider":"Microsoft-Windows-Security-Auditing","logon_id":"731c2383bbf41e2f","process_id":6020,"image_path":"","run_as":"","publisher":"","update_state":"installed","agent_build":"2026.09.4"},{"timestamp":"2026-09-14T02:41:38.400Z","computer":"srv-017","event_id":4624,"record_id":103592,"user":"employee-461","source_ip":"10.10.1.26","target":"logon-session","logon_type":3,"change_ticket":"","result":"success","channel":"Security","provider":"Microsoft-Windows-Security-Auditing","logon_id":"c9694a898d81d4ee","process_id":17789,"image_path":"","run_as":"","publisher":"","update_state":"installed","agent_build":"2026.09.1"},{"timestamp":"2026-09-14T02:41:41.100Z","computer":"srv-077","event_id":4634,"record_id":103593,"user":"employee-317","source_ip":"10.10.4.26","target":"logon-session","logon_type":10,"change_ticket":"","result":"success","channel":"Security","provider":"Microsoft-Windows-Security-Auditing","logon_id":"c9694a898d81d4ee","process_id":2213,"image_path":"","run_as":"","publisher":"","update_state":"installed","agent_build":"2026.09.2"},{"timestamp":"2026-09-14T02:41:43.800Z","computer":"srv-003","event_id":4688,"record_id":103594,"user":"employee-280","source_ip":"10.10.1.12","target":"logon-session","logon_type":null,"change_ticket":"","result":"success","channel":"Security","provider":"Microsoft-Windows-Security-Auditing","logon_id":"c9694a898d81d4ee","process_id":19673,"image_path":"C:/Program Files/ApprovedAgent/agent.exe","run_as":"","publisher":"Approved Software Team","update_state":"installed","agent_build":"2026.09.3"},{"timestamp":"2026-09-14T02:41:46.500Z","computer":"srv-022","event_id":4625,"record_id":103595,"user":"employee-65","source_ip":"10.10.2.11","target":"logon-session","logon_type":3,"change_ticket":"","result":"failure","channel":"Security","provider":"Microsoft-Windows-Security-Auditing","logon_id":"c9694a898d81d4ee","process_id":25722,"image_path":"","run_as":"","publisher":"","update_state":"installed","agent_build":"2026.09.4"},{"timestamp":"2026-09-14T02:41:49.200Z","computer":"srv-085","event_id":4698,"record_id":103596,"user":"employee-350","source_ip":"10.11.1.14","target":"Approved-Maintenance","logon_type":null,"change_ticket":"CHG-DEPLOY-18","result":"success","channel":"Security","provider":"Microsoft-Windows-Security-Auditing","logon_id":"5b6c7be4b3b9efa5","process_id":12434,"image_path":"C:/Program Files/ApprovedAgent/agent.exe","run_as":"svc-agent","publisher":"Approved Software Team","update_state":"restart-pending","agent_build":"2026.09.1"},{"timestamp":"2026-09-14T02:41:51.900Z","computer":"srv-136","event_id":4728,"record_id":103597,"user":"employee-459","source_ip":"10.11.3.25","target":"Project-Readers","logon_type":null,"change_ticket":"CHG-DEPLOY-18","result":"success","channel":"Security","provider":"Microsoft-Windows-Security-Auditing","logon_id":"5b6c7be4b3b9efa5","process_id":3804,"image_path":"","run_as":"","publisher":"","update_state":"installed","agent_build":"2026.09.2"},{"timestamp":"2026-09-14T02:41:54.600Z","computer":"srv-116","event_id":4697,"record_id":103598,"user":"employee-380","source_ip":"10.11.2.25","target":"ApprovedAgent","logon_type":null,"change_ticket":"CHG-DEPLOY-18","result":"success","channel":"Security","provider":"Microsoft-Windows-Security-Auditing","logon_id":"5b6c7be4b3b9efa5","process_id":10698,"image_path":"C:/Program Files/ApprovedAgent/agent.exe","run_as":"svc-agent","publisher":"Approved Software Team","update_state":"installed","agent_build":"2026.09.3"},{"timestamp":"2026-09-14T02:41:57.300Z","computer":"srv-055","event_id":4624,"record_id":103599,"user":"employee-138","source_ip":"10.10.3.24","target":"logon-session","logon_type":10,"change_ticket":"","result":"success","channel":"Security","provider":"Microsoft-Windows-Security-Auditing","logon_id":"5b6c7be4b3b9efa5","process_id":6235,"image_path":"","run_as":"","publisher":"","update_state":"no-report","agent_build":"2026.09.4"},{"timestamp":"2026-09-14T02:42:00.000Z","computer":"srv-203","event_id":4624,"record_id":103600,"user":"employee-195","source_ip":"10.12.3.12","target":"logon-session","logon_type":2,"change_ticket":"","result":"success","channel":"Security","provider":"Microsoft-Windows-Security-Auditing","logon_id":"b906765d7778a1b3","process_id":1657,"image_path":"","run_as":"","publisher":"","update_state":"installed","agent_build":"2026.09.1"},{"timestamp":"2026-09-14T02:42:02.700Z","computer":"srv-186","event_id":4634,"record_id":103601,"user":"deployment-admin","source_ip":"10.12.2.15","target":"logon-session","logon_type":3,"change_ticket":"","result":"success","channel":"Security","provider":"Microsoft-Windows-Security-Auditing","logon_id":"b906765d7778a1b3","process_id":6002,"image_path":"","run_as":"","publisher":"","update_state":"installed","agent_build":"2026.09.2"},{"timestamp":"2026-09-14T02:42:05.400Z","computer":"srv-037","event_id":4688,"record_id":103602,"user":"employee-439","source_ip":"10.10.2.26","target":"logon-session","logon_type":null,"change_ticket":"","result":"success","channel":"Security","provider":"Microsoft-Windows-Security-Auditing","logon_id":"b906765d7778a1b3","process_id":12379,"image_path":"C:/Program Files/ApprovedAgent/agent.exe","run_as":"","publisher":"Approved Software Team","update_state":"installed","agent_build":"2026.09.3"},{"timestamp":"2026-09-14T02:42:08.100Z","computer":"srv-099","event_id":4625,"record_id":103603,"user":"employee-108","source_ip":"10.11.1.28","target":"logon-session","logon_type":2,"change_ticket":"","result":"failure","channel":"Security","provider":"Microsoft-Windows-Security-Auditing","logon_id":"b906765d7778a1b3","process_id":15101,"image_path":"","run_as":"","publisher":"","update_state":"installed","agent_build":"2026.09.4"},