{"timestamp":"2026-09-14T00:04:46.200Z","computer":"srv-027","event_id":4688,"record_id":100106,"user":"employee-393","source_ip":"10.10.2.16","target":"logon-session","logon_type":null,"change_ticket":"","result":"success","channel":"Security","provider":"Microsoft-Windows-Security-Auditing","logon_id":"20f231625cd51284","process_id":9189,"image_path":"C:/Program Files/ApprovedAgent/agent.exe","run_as":"","publisher":"Approved Software Team","update_state":"installed","agent_build":"2026.09.3"},{"timestamp":"2026-09-14T00:04:48.900Z","computer":"srv-042","event_id":4625,"record_id":100107,"user":"employee-477","source_ip":"10.10.3.11","target":"logon-session","logon_type":10,"change_ticket":"","result":"failure","channel":"Security","provider":"Microsoft-Windows-Security-Auditing","logon_id":"20f231625cd51284","process_id":15612,"image_path":"","run_as":"","publisher":"","update_state":"installed","agent_build":"2026.09.4"},{"timestamp":"2026-09-14T00:04:51.600Z","computer":"srv-065","event_id":4698,"record_id":100108,"user":"employee-294","source_ip":"10.10.4.14","target":"Approved-Maintenance","logon_type":null,"change_ticket":"CHG-DEPLOY-18","result":"success","channel":"Security","provider":"Microsoft-Windows-Security-Auditing","logon_id":"bd54824398ede5ba","process_id":8274,"image_path":"C:/Program Files/ApprovedAgent/agent.exe","run_as":"svc-agent","publisher":"Approved Software Team","update_state":"installed","agent_build":"2026.09.1"},{"timestamp":"2026-09-14T00:04:54.300Z","computer":"srv-010","event_id":4728,"record_id":100109,"user":"employee-33","source_ip":"10.10.1.19","target":"Project-Readers","logon_type":null,"change_ticket":"CHG-DEPLOY-18","result":"success","channel":"Security","provider":"Microsoft-Windows-Security-Auditing","logon_id":"bd54824398ede5ba","process_id":3455,"image_path":"","run_as":"","publisher":"","update_state":"installed","agent_build":"2026.09.2"},{"timestamp":"2026-09-14T00:04:57.000Z","computer":"srv-100","event_id":4697,"record_id":100110,"user":"employee-67","source_ip":"10.11.1.29","target":"ApprovedAgent","logon_type":null,"change_ticket":"CHG-DEPLOY-18","result":"success","channel":"Security","provider":"Microsoft-Windows-Security-Auditing","logon_id":"bd54824398ede5ba","process_id":15478,"image_path":"C:/Program Files/ApprovedAgent/agent.exe","run_as":"svc-agent","publisher":"Approved Software Team","update_state":"installed","agent_build":"2026.09.3"},{"timestamp":"2026-09-14T00:04:59.700Z","computer":"srv-230","event_id":4624,"record_id":100111,"user":"employee-249","source_ip":"10.12.4.19","target":"logon-session","logon_type":2,"change_ticket":"","result":"success","channel":"Security","provider":"Microsoft-Windows-Security-Auditing","logon_id":"bd54824398ede5ba","process_id":14142,"image_path":"","run_as":"","publisher":"","update_state":"installed","agent_build":"2026.09.4"},{"timestamp":"2026-09-14T00:05:02.400Z","computer":"srv-040","event_id":4624,"record_id":100112,"user":"employee-226","source_ip":"10.10.2.29","target":"logon-session","logon_type":3,"change_ticket":"","result":"success","channel":"Security","provider":"Microsoft-Windows-Security-Auditing","logon_id":"09c7c14bc8017afd","process_id":4977,"image_path":"","run_as":"","publisher":"","update_state":"installed","agent_build":"2026.09.1"},{"timestamp":"2026-09-14T00:05:05.100Z","computer":"srv-201","event_id":4634,"record_id":100113,"user":"employee-424","source_ip":"10.12.3.10","target":"logon-session","logon_type":10,"change_ticket":"","result":"success","channel":"Security","provider":"Microsoft-Windows-Security-Auditing","logon_id":"09c7c14bc8017afd","process_id":12597,"image_path":"","run_as":"","publisher":"","update_state":"installed","agent_build":"2026.09.2"},{"timestamp":"2026-09-14T00:05:07.800Z","computer":"srv-071","event_id":4688,"record_id":100114,"user":"employee-5","source_ip":"10.10.4.20","target":"logon-session","logon_type":null,"change_ticket":"","result":"success","channel":"Security","provider":"Microsoft-Windows-Security-Auditing","logon_id":"09c7c14bc8017afd","process_id":24451,"image_path":"C:/Program Files/ApprovedAgent/agent.exe","run_as":"","publisher":"Approved Software Team","update_state":"installed","agent_build":"2026.09.3"},{"timestamp":"2026-09-14T00:05:10.500Z","computer":"srv-158","event_id":4625,"record_id":100115,"user":"employee-78","source_ip":"10.11.4.27","target":"logon-session","logon_type":3,"change_ticket":"","result":"failure","channel":"Security","provider":"Microsoft-Windows-Security-Auditing","logon_id":"09c7c14bc8017afd","process_id":24916,"image_path":"","run_as":"","publisher":"","update_state":"installed","agent_build":"2026.09.4"},{"timestamp":"2026-09-14T00:05:13.200Z","computer":"srv-112","event_id":4698,"record_id":100116,"user":"employee-326","source_ip":"10.11.2.21","target":"Approved-Maintenance","logon_type":null,"change_ticket":"CHG-DEPLOY-18","result":"success","channel":"Security","provider":"Microsoft-Windows-Security-Auditing","logon_id":"3dd6655129627f8f","process_id":7745,"image_path":"C:/Program Files/ApprovedAgent/agent.exe","run_as":"svc-agent","publisher":"Approved Software Team","update_state":"installed","agent_build":"2026.09.1"},{"timestamp":"2026-09-14T00:05:15.900Z","computer":"srv-025","event_id":4728,"record_id":100117,"user":"deployment-admin","source_ip":"10.10.2.14","target":"Project-Readers","logon_type":null,"change_ticket":"CHG-DEPLOY-18","result":"success","channel":"Security","provider":"Microsoft-Windows-Security-Auditing","logon_id":"3dd6655129627f8f","process_id":8204,"image_path":"","run_as":"","publisher":"","update_state":"installed","agent_build":"2026.09.2"},{"timestamp":"2026-09-14T00:05:18.600Z","computer":"srv-056","event_id":4697,"record_id":100118,"user":"employee-65","source_ip":"10.10.3.25","target":"ApprovedAgent","logon_type":null,"change_ticket":"CHG-DEPLOY-18","result":"success","channel":"Security","provider":"Microsoft-Windows-Security-Auditing","logon_id":"3dd6655129627f8f","process_id":11902,"image_path":"C:/Program Files/ApprovedAgent/agent.exe","run_as":"svc-agent","publisher":"Approved Software Team","update_state":"no-report","agent_build":"2026.09.3"},{"timestamp":"2026-09-14T00:05:21.300Z","computer":"srv-015","event_id":4624,"record_id":100119,"user":"employee-106","source_ip":"10.10.1.24","target":"logon-session","logon_type":10,"change_ticket":"","result":"success","channel":"Security","provider":"Microsoft-Windows-Security-Auditing","logon_id":"3dd6655129627f8f","process_id":20811,"image_path":"","run_as":"","publisher":"","update_state":"installed","agent_build":"2026.09.4"},{"timestamp":"2026-09-14T00:05:24.000Z","computer":"srv-033","event_id":4624,"record_id":100120,"user":"employee-430","source_ip":"10.10.2.22","target":"logon-session","logon_type":2,"change_ticket":"","result":"success","channel":"Security","provider":"Microsoft-Windows-Security-Auditing","logon_id":"0cbbed3c6e1e38b8","process_id":23101,"image_path":"","run_as":"","publisher":"","update_state":"installed","agent_build":"2026.09.1"},{"timestamp":"2026-09-14T00:05:26.700Z","computer":"srv-182","event_id":4634,"record_id":100121,"user":"employee-196","source_ip":"10.12.2.11","target":"logon-session","logon_type":3,"change_ticket":"","result":"success","channel":"Security","provider":"Microsoft-Windows-Security-Auditing","logon_id":"0cbbed3c6e1e38b8","process_id":12012,"image_path":"","run_as":"","publisher":"","update_state":"installed","agent_build":"2026.09.2"},{"timestamp":"2026-09-14T00:05:29.400Z","computer":"srv-163","event_id":4688,"record_id":100122,"user":"employee-285","source_ip":"10.12.1.12","target":"logon-session","logon_type":null,"change_ticket":"","result":"success","channel":"Security","provider":"Microsoft-Windows-Security-Auditing","logon_id":"0cbbed3c6e1e38b8","process_id":13135,"image_path":"C:/Program Files/ApprovedAgent/agent.exe","run_as":"","publisher":"Approved Software Team","update_state":"installed","agent_build":"2026.09.3"},{"timestamp":"2026-09-14T00:05:32.100Z","computer":"srv-020","event_id":4625,"record_id":100123,"user":"employee-231","source_ip":"10.10.1.29","target":"logon-session","logon_type":2,"change_ticket":"","result":"failure","channel":"Security","provider":"Microsoft-Windows-Security-Auditing","logon_id":"0cbbed3c6e1e38b8","process_id":19183,"image_path":"","run_as":"","publisher":"","update_state":"installed","agent_build":"2026.09.4"},{"timestamp":"2026-09-14T00:05:34.800Z","computer":"srv-053","event_id":4698,"record_id":100124,"user":"employee-428","source_ip":"10.10.3.22","target":"Approved-Maintenance","logon_type":null,"change_ticket":"CHG-DEPLOY-18","result":"success","channel":"Security","provider":"Microsoft-Windows-Security-Auditing","logon_id":"dd8357dbe994af3e","process_id":24934,"image_path":"C:/Program Files/ApprovedAgent/agent.exe","run_as":"svc-agent","publisher":"Approved Software Team","update_state":"restart-pending","agent_build":"2026.09.1"},{"timestamp":"2026-09-14T00:05:37.500Z","computer":"srv-121","event_id":4728,"record_id":100125,"user":"employee-350","source_ip":"10.11.3.10","target":"Project-Readers","logon_type":null,"change_ticket":"CHG-DEPLOY-18","result":"success","channel":"Security","provider":"Microsoft-Windows-Security-Auditing","logon_id":"dd8357dbe994af3e","process_id":15211,"image_path":"","run_as":"","publisher":"","update_state":"installed","agent_build":"2026.09.2"},{"timestamp":"2026-09-14T00:05:40.200Z","computer":"srv-125","event_id":4697,"record_id":100126,"user":"employee-410","source_ip":"10.11.3.14","target":"ApprovedAgent","logon_type":null,"change_ticket":"CHG-DEPLOY-18","result":"success","channel":"Security","provider":"Microsoft-Windows-Security-Auditing","logon_id":"dd8357dbe994af3e","process_id":3179,"image_path":"C:/Program Files/ApprovedAgent/agent.exe","run_as":"svc-agent","publisher":"Approved Software Team","update_state":"installed","agent_build":"2026.09.3"},{"timestamp":"2026-09-14T00:05:42.900Z","computer":"srv-165","event_id":4624,"record_id":100127,"user":"employee-223","source_ip":"10.12.1.14","target":"logon-session","logon_type":3,"change_ticket":"","result":"success","channel":"Security","provider":"Microsoft-Windows-Security-Auditing","logon_id":"dd8357dbe994af3e","process_id":23688,"image_path":"","run_as":"","publisher":"","update_state":"installed","agent_build":"2026.09.4"},{"timestamp":"2026-09-14T00:05:45.600Z","computer":"srv-192","event_id":4624,"record_id":100128,"user":"employee-82","source_ip":"10.12.2.21","target":"logon-session","logon_type":10,"change_ticket":"","result":"success","channel":"Security","provider":"Microsoft-Windows-Security-Auditing","logon_id":"2be65ab8a03669b1","process_id":8768,"image_path":"","run_as":"","publisher":"","update_state":"installed","agent_build":"2026.09.1"},{"timestamp":"2026-09-14T00:05:48.300Z","computer":"srv-032","event_id":4634,"record_id":100129,"user":"employee-222","source_ip":"10.10.2.21","target":"logon-session","logon_type":2,"change_ticket":"","result":"success","channel":"Security","provider":"Microsoft-Windows-Security-Auditing","logon_id":"2be65ab8a03669b1","process_id":18110,"image_path":"","run_as":"","publisher":"","update_state":"installed","agent_build":"2026.09.2"},{"timestamp":"2026-09-14T00:05:51.000Z","computer":"srv-011","event_id":4688,"record_id":100130,"user":"deployment-admin","source_ip":"10.10.1.20","target":"logon-session","logon_type":null,"change_ticket":"","result":"success","channel":"Security","provider":"Microsoft-Windows-Security-Auditing","logon_id":"2be65ab8a03669b1","process_id":20061,"image_path":"C:/Program Files/ApprovedAgent/agent.exe","run_as":"","publisher":"Approved Software Team","update_state":"installed","agent_build":"2026.09.3"},{"timestamp":"2026-09-14T00:05:53.700Z","computer":"srv-223","event_id":4625,"record_id":100131,"user":"employee-311","source_ip":"10.12.4.12","target":"logon-session","logon_type":10,"change_ticket":"","result":"failure","channel":"Security","provider":"Microsoft-Windows-Security-Auditing","logon_id":"2be65ab8a03669b1","process_id":19987,"image_path":"","run_as":"","publisher":"","update_state":"installed","agent_build":"2026.09.4"},{"timestamp":"2026-09-14T00:05:56.400Z","computer":"srv-044","event_id":4698,"record_id":100132,"user":"employee-408","source_ip":"10.10.3.13","target":"Approved-Maintenance","logon_type":null,"change_ticket":"CHG-DEPLOY-18","result":"success","channel":"Security","provider":"Microsoft-Windows-Security-Auditing","logon_id":"e500d6b239fa4612","process_id":2959,"image_path":"C:/Program Files/ApprovedAgent/agent.exe","run_as":"svc-agent","publisher":"Approved Software Team","update_state":"installed","agent_build":"2026.09.1"},{"timestamp":"2026-09-14T00:05:59.100Z","computer":"srv-201","event_id":4728,"record_id":100133,"user":"employee-477","source_ip":"10.12.3.10","target":"Project-Readers","logon_type":null,"change_ticket":"CHG-DEPLOY-18","result":"success","channel":"Security","provider":"Microsoft-Windows-Security-Auditing","logon_id":"e500d6b239fa4612","process_id":1665,"image_path":"","run_as":"","publisher":"","update_state":"installed","agent_build":"2026.09.2"},{"timestamp":"2026-09-14T00:06:01.800Z","computer":"srv-087","event_id":4697,"record_id":100134,"user":"employee-224","source_ip":"10.11.1.16","target":"ApprovedAgent","logon_type":null,"change_ticket":"CHG-DEPLOY-18","result":"success","channel":"Security","provider":"Microsoft-Windows-Security-Auditing","logon_id":"e500d6b239fa4612","process_id":10540,"image_path":"C:/Program Files/ApprovedAgent/agent.exe","run_as":"svc-agent","publisher":"Approved Software Team","update_state":"installed","agent_build":"2026.09.3"},{"timestamp":"2026-09-14T00:06:04.500Z","computer":"srv-091","event_id":4624,"record_id":100135,"user":"employee-59","source_ip":"10.11.1.20","target":"logon-session","logon_type":2,"change_ticket":"","result":"success","channel":"Security","provider":"Microsoft-Windows-Security-Auditing","logon_id":"e500d6b239fa4612","process_id":5387,"image_path":"","run_as":"","publisher":"","update_state":"installed","agent_build":"2026.09.4"},{"timestamp":"2026-09-14T00:06:07.200Z","computer":"srv-145","event_id":4624,"record_id":100136,"user":"employee-188","source_ip":"10.11.4.14","target":"logon-session","logon_type":3,"change_ticket":"","result":"success","channel":"Security","provider":"Microsoft-Windows-Security-Auditing","logon_id":"45cbbf230e966298","process_id":11024,"image_path":"","run_as":"","publisher":"","update_state":"installed","agent_build":"2026.09.1"},{"timestamp":"2026-09-14T00:06:09.900Z","computer":"srv-100","event_id":4634,"record_id":100137,"user":"employee-166","source_ip":"10.11.1.29","target":"logon-session","logon_type":10,"change_ticket":"","result":"success","channel":"Security","provider":"Microsoft-Windows-Security-Auditing","logon_id":"45cbbf230e966298","process_id":14153,"image_path":"","run_as":"","publisher":"","update_state":"installed","agent_build":"2026.09.2"},{"timestamp":"2026-09-14T00:06:12.600Z","computer":"srv-138","event_id":4688,"record_id":100138,"user":"employee-15","source_ip":"10.11.3.27","target":"logon-session","logon_type":null,"change_ticket":"","result":"success","channel":"Security","provider":"Microsoft-Windows-Security-Auditing","logon_id":"45cbbf230e966298","process_id":18305,"image_path":"C:/Program Files/ApprovedAgent/agent.exe","run_as":"","publisher":"Approved Software Team","update_state":"installed","agent_build":"2026.09.3"},{"timestamp":"2026-09-14T00:06:15.300Z","computer":"srv-195","event_id":4625,"record_id":100139,"user":"employee-219","source_ip":"10.12.2.24","target":"logon-session","logon_type":3,"change_ticket":"","result":"failure","channel":"Security","provider":"Microsoft-Windows-Security-Auditing","logon_id":"45cbbf230e966298","process_id":1757,"image_path":"","run_as":"","publisher":"","update_state":"installed","agent_build":"2026.09.4"},{"timestamp":"2026-09-14T00:06:18.000Z","computer":"srv-184","event_id":4698,"record_id":100140,"user":"employee-305","source_ip":"10.12.2.13","target":"Approved-Maintenance","logon_type":null,"change_ticket":"CHG-DEPLOY-18","result":"success","channel":"Security","provider":"Microsoft-Windows-Security-Auditing","logon_id":"342a4c95cbfe3cb7","process_id":23336,"image_path":"C:/Program Files/ApprovedAgent/agent.exe","run_as":"svc-agent","publisher":"Approved Software Team","update_state":"installed","agent_build":"2026.09.1"},{"timestamp":"2026-09-14T00:06:20.700Z","computer":"srv-229","event_id":4728,"record_id":100141,"user":"employee-335","source_ip":"10.12.4.18","target":"Project-Readers","logon_type":null,"change_ticket":"CHG-DEPLOY-18","result":"success","channel":"Security","provider":"Microsoft-Windows-Security-Auditing","logon_id":"342a4c95cbfe3cb7","process_id":4565,"image_path":"","run_as":"","publisher":"","update_state":"failed","agent_build":"2026.09.2"},{"timestamp":"2026-09-14T00:06:23.400Z","computer":"srv-167","event_id":4697,"record_id":100142,"user":"employee-168","source_ip":"10.12.1.16","target":"ApprovedAgent","logon_type":null,"change_ticket":"CHG-DEPLOY-18","result":"success","channel":"Security","provider":"Microsoft-Windows-Security-Auditing","logon_id":"342a4c95cbfe3cb7","process_id":22529,"image_path":"C:/Program Files/ApprovedAgent/agent.exe","run_as":"svc-agent","publisher":"Approved Software Team","update_state":"installed","agent_build":"2026.09.3"},{"timestamp":"2026-09-14T00:06:26.100Z","computer":"srv-195","event_id":4624,"record_id":100143,"user":"deployment-admin","source_ip":"10.12.2.24","target":"logon-session","logon_type":10,"change_ticket":"","result":"success","channel":"Security","provider":"Microsoft-Windows-Security-Auditing","logon_id":"342a4c95cbfe3cb7","process_id":22198,"image_path":"","run_as":"","publisher":"","update_state":"installed","agent_build":"2026.09.4"},{"timestamp":"2026-09-14T00:06:28.800Z","computer":"srv-010","event_id":4624,"record_id":100144,"user":"employee-329","source_ip":"10.10.1.19","target":"logon-session","logon_type":2,"change_ticket":"","result":"success","channel":"Security","provider":"Microsoft-Windows-Security-Auditing","logon_id":"f6f5b87bd482d906","process_id":23013,"image_path":"","run_as":"","publisher":"","update_state":"installed","agent_build":"2026.09.1"},{"timestamp":"2026-09-14T00:06:31.500Z","computer":"srv-017","event_id":4634,"record_id":100145,"user":"employee-133","source_ip":"10.10.1.26","target":"logon-session","logon_type":3,"change_ticket":"","result":"success","channel":"Security","provider":"Microsoft-Windows-Security-Auditing","logon_id":"f6f5b87bd482d906","process_id":13869,"image_path":"","run_as":"","publisher":"","update_state":"installed","agent_build":"2026.09.2"},{"timestamp":"2026-09-14T00:06:34.200Z","computer":"srv-228","event_id":4688,"record_id":100146,"user":"employee-121","source_ip":"10.12.4.17","target":"logon-session","logon_type":null,"change_ticket":"","result":"success","channel":"Security","provider":"Microsoft-Windows-Security-Auditing","logon_id":"f6f5b87bd482d906","process_id":13312,"image_path":"C:/Program Files/ApprovedAgent/agent.exe","run_as":"","publisher":"Approved Software Team","update_state":"installed","agent_build":"2026.09.3"},{"timestamp":"2026-09-14T00:06:36.900Z","computer":"srv-065","event_id":4625,"record_id":100147,"user":"employee-234","source_ip":"10.10.4.14","target":"logon-session","logon_type":2,"change_ticket":"","result":"failure","channel":"Security","provider":"Microsoft-Windows-Security-Auditing","logon_id":"f6f5b87bd482d906","process_id":20140,"image_path":"","run_as":"","publisher":"","update_state":"installed","agent_build":"2026.09.4"},{"timestamp":"2026-09-14T00:06:39.600Z","computer":"srv-138","event_id":4698,"record_id":100148,"user":"employee-39","source_ip":"10.11.3.27","target":"Approved-Maintenance","logon_type":null,"change_ticket":"CHG-DEPLOY-18","result":"success","channel":"Security","provider":"Microsoft-Windows-Security-Auditing","logon_id":"6f9090eb87dc4367","process_id":19144,"image_path":"C:/Program Files/ApprovedAgent/agent.exe","run_as":"svc-agent","publisher":"Approved Software Team","update_state":"installed","agent_build":"2026.09.1"},{"timestamp":"2026-09-14T00:06:42.300Z","computer":"srv-010","event_id":4728,"record_id":100149,"user":"employee-177","source_ip":"10.10.1.19","target":"Project-Readers","logon_type":null,"change_ticket":"CHG-DEPLOY-18","result":"success","channel":"Security","provider":"Microsoft-Windows-Security-Auditing","logon_id":"6f9090eb87dc4367","process_id":10820,"image_path":"","run_as":"","publisher":"","update_state":"installed","agent_build":"2026.09.2"},{"timestamp":"2026-09-14T00:06:45.000Z","computer":"srv-220","event_id":4697,"record_id":100150,"user":"employee-101","source_ip":"10.12.3.29","target":"ApprovedAgent","logon_type":null,"change_ticket":"CHG-DEPLOY-18","result":"success","channel":"Security","provider":"Microsoft-Windows-Security-Auditing","logon_id":"6f9090eb87dc4367","process_id":22754,"image_path":"C:/Program Files/ApprovedAgent/agent.exe","run_as":"svc-agent","publisher":"Approved Software Team","update_state":"installed","agent_build":"2026.09.3"},{"timestamp":"2026-09-14T00:06:47.700Z","computer":"srv-142","event_id":4624,"record_id":100151,"user":"employee-238","source_ip":"10.11.4.11","target":"logon-session","logon_type":3,"change_ticket":"","result":"success","channel":"Security","provider":"Microsoft-Windows-Security-Auditing","logon_id":"6f9090eb87dc4367","process_id":21618,"image_path":"","run_as":"","publisher":"","update_state":"installed","agent_build":"2026.09.4"},{"timestamp":"2026-09-14T00:06:50.400Z","computer":"srv-072","event_id":4624,"record_id":100152,"user":"employee-216","source_ip":"10.10.4.21","target":"logon-session","logon_type":10,"change_ticket":"","result":"success","channel":"Security","provider":"Microsoft-Windows-Security-Auditing","logon_id":"bf3a3d7ce7af2f7b","process_id":2510,"image_path":"","run_as":"","publisher":"","update_state":"installed","agent_build":"2026.09.1"},{"timestamp":"2026-09-14T00:06:53.100Z","computer":"srv-166","event_id":4634,"record_id":100153,"user":"employee-338","source_ip":"10.12.1.15","target":"logon-session","logon_type":2,"change_ticket":"","result":"success","channel":"Security","provider":"Microsoft-Windows-Security-Auditing","logon_id":"bf3a3d7ce7af2f7b","process_id":22561,"image_path":"","run_as":"","publisher":"","update_state":"installed","agent_build":"2026.09.2"},{"timestamp":"2026-09-14T00:06:55.800Z","computer":"srv-076","event_id":4688,"record_id":100154,"user":"employee-101","source_ip":"10.10.4.25","target":"logon-session","logon_type":null,"change_ticket":"","result":"success","channel":"Security","provider":"Microsoft-Windows-Security-Auditing","logon_id":"bf3a3d7ce7af2f7b","process_id":9775,"image_path":"C:/Program Files/ApprovedAgent/agent.exe","run_as":"","publisher":"Approved Software Team","update_state":"installed","agent_build":"2026.09.3"},{"timestamp":"2026-09-14T00:06:58.500Z","computer":"srv-214","event_id":4625,"record_id":100155,"user":"employee-170","source_ip":"10.12.3.23","target":"logon-session","logon_type":10,"change_ticket":"","result":"failure","channel":"Security","provider":"Microsoft-Windows-Security-Auditing","logon_id":"bf3a3d7ce7af2f7b","process_id":14825,"image_path":"","run_as":"","publisher":"","update_state":"restart-pending","agent_build":"2026.09.4"},{"timestamp":"2026-09-14T00:07:01.200Z","computer":"srv-079","event_id":4698,"record_id":100156,"user":"deployment-admin","source_ip":"10.10.4.28","target":"Approved-Maintenance","logon_type":null,"change_ticket":"CHG-DEPLOY-18","result":"success","channel":"Security","provider":"Microsoft-Windows-Security-Auditing","logon_id":"2e3e26da64cacad9","process_id":7006,"image_path":"C:/Program Files/ApprovedAgent/agent.exe","run_as":"svc-agent","publisher":"Approved Software Team","update_state":"installed","agent_build":"2026.09.1"},{"timestamp":"2026-09-14T00:07:03.900Z","computer":"srv-206","event_id":4728,"record_id":100157,"user":"employee-445","source_ip":"10.12.3.15","target":"Project-Readers","logon_type":null,"change_ticket":"CHG-DEPLOY-18","result":"success","channel":"Security","provider":"Microsoft-Windows-Security-Auditing","logon_id":"2e3e26da64cacad9","process_id":6919,"image_path":"","run_as":"","publisher":"","update_state":"installed","agent_build":"2026.09.2"},{"timestamp":"2026-09-14T00:07:06.600Z","computer":"srv-176","event_id":4697,"record_id":100158,"user":"employee-144","source_ip":"10.12.1.25","target":"ApprovedAgent","logon_type":null,"change_ticket":"CHG-DEPLOY-18","result":"success","channel":"Security","provider":"Microsoft-Windows-Security-Auditing","logon_id":"2e3e26da64cacad9","process_id":20347,"image_path":"C:/Program Files/ApprovedAgent/agent.exe","run_as":"svc-agent","publisher":"Approved Software Team","update_state":"installed","agent_build":"2026.09.3"},{"timestamp":"2026-09-14T00:07:09.300Z","computer":"srv-217","event_id":4624,"record_id":100159,"user":"employee-352","source_ip":"10.12.3.26","target":"logon-session","logon_type":2,"change_ticket":"","result":"success","channel":"Security","provider":"Microsoft-Windows-Security-Auditing","logon_id":"2e3e26da64cacad9","process_id":22238,"image_path":"","run_as":"","publisher":"","update_state":"installed","agent_build":"2026.09.4"},{"timestamp":"2026-09-14T00:07:12.000Z","computer":"srv-094","event_id":4624,"record_id":100160,"user":"employee-193","source_ip":"10.11.1.23","target":"logon-session","logon_type":3,"change_ticket":"","result":"success","channel":"Security","provider":"Microsoft-Windows-Security-Auditing","logon_id":"ff2a9716b4c4641f","process_id":25478,"image_path":"","run_as":"","publisher":"","update_state":"installed","agent_build":"2026.09.1"},{"timestamp":"2026-09-14T00:07:14.700Z","computer":"srv-116","event_id":4634,"record_id":100161,"user":"employee-321","source_ip":"10.11.2.25","target":"logon-session","logon_type":10,"change_ticket":"","result":"success","channel":"Security","provider":"Microsoft-Windows-Security-Auditing","logon_id":"ff2a9716b4c4641f","process_id":18682,"image_path":"","run_as":"","publisher":"","update_state":"installed","agent_build":"2026.09.2"},{"timestamp":"2026-09-14T00:07:17.400Z","computer":"srv-027","event_id":4688,"record_id":100162,"user":"employee-57","source_ip":"10.10.2.16","target":"logon-session","logon_type":null,"change_ticket":"","result":"success","channel":"Security","provider":"Microsoft-Windows-Security-Auditing","logon_id":"ff2a9716b4c4641f","process_id":4475,"image_path":"C:/Program Files/ApprovedAgent/agent.exe","run_as":"","publisher":"Approved Software Team","update_state":"installed","agent_build":"2026.09.3"},{"timestamp":"2026-09-14T00:07:20.100Z","computer":"srv-109","event_id":4625,"record_id":100163,"user":"employee-173","source_ip":"10.11.2.18","target":"logon-session","logon_type":3,"change_ticket":"","result":"failure","channel":"Security","provider":"Microsoft-Windows-Security-Auditing","logon_id":"ff2a9716b4c4641f","process_id":4151,"image_path":"","run_as":"","publisher":"","update_state":"installed","agent_build":"2026.09.4"},{"timestamp":"2026-09-14T00:07:22.800Z","computer":"srv-091","event_id":4698,"record_id":100164,"user":"employee-41","source_ip":"10.11.1.20","target":"Approved-Maintenance","logon_type":null,"change_ticket":"CHG-DEPLOY-18","result":"success","channel":"Security","provider":"Microsoft-Windows-Security-Auditing","logon_id":"48e74cc887eecef0","process_id":11168,"image_path":"C:/Program Files/ApprovedAgent/agent.exe","run_as":"svc-agent","publisher":"Approved Software Team","update_state":"installed","agent_build":"2026.09.1"},{"timestamp":"2026-09-14T00:07:25.500Z","computer":"srv-207","event_id":4728,"record_id":100165,"user":"employee-324","source_ip":"10.12.3.16","target":"Project-Readers","logon_type":null,"change_ticket":"CHG-DEPLOY-18","result":"success","channel":"Security","provider":"Microsoft-Windows-Security-Auditing","logon_id":"48e74cc887eecef0","process_id":10011,"image_path":"","run_as":"","publisher":"","update_state":"installed","agent_build":"2026.09.2"},{"timestamp":"2026-09-14T00:07:28.200Z","computer":"srv-097","event_id":4697,"record_id":100166,"user":"employee-49","source_ip":"10.11.1.26","target":"ApprovedAgent","logon_type":null,"change_ticket":"CHG-DEPLOY-18","result":"success","channel":"Security","provider":"Microsoft-Windows-Security-Auditing","logon_id":"48e74cc887eecef0","process_id":20132,"image_path":"C:/Program Files/ApprovedAgent/agent.exe","run_as":"svc-agent","publisher":"Approved Software Team","update_state":"installed","agent_build":"2026.09.3"},{"timestamp":"2026-09-14T00:07:30.900Z","computer":"srv-125","event_id":4624,"record_id":100167,"user":"employee-190","source_ip":"10.11.3.14","target":"logon-session","logon_type":10,"change_ticket":"","result":"success","channel":"Security","provider":"Microsoft-Windows-Security-Auditing","logon_id":"48e74cc887eecef0","process_id":16006,"image_path":"","run_as":"","publisher":"","update_state":"installed","agent_build":"2026.09.4"},{"timestamp":"2026-09-14T00:07:33.600Z","computer":"srv-093","event_id":4624,"record_id":100168,"user":"employee-382","source_ip":"10.11.1.22","target":"logon-session","logon_type":2,"change_ticket":"","result":"success","channel":"Security","provider":"Microsoft-Windows-Security-Auditing","logon_id":"1c3763c424772836","process_id":5389,"image_path":"","run_as":"","publisher":"","update_state":"installed","agent_build":"2026.09.1"},{"timestamp":"2026-09-14T00:07:36.300Z","computer":"srv-089","event_id":4634,"record_id":100169,"user":"deployment-admin","source_ip":"10.11.1.18","target":"logon-session","logon_type":3,"change_ticket":"","result":"success","channel":"Security","provider":"Microsoft-Windows-Security-Auditing","logon_id":"1c3763c424772836","process_id":7842,"image_path":"","run_as":"","publisher":"","update_state":"installed","agent_build":"2026.09.2"},{"timestamp":"2026-09-14T00:07:39.000Z","computer":"srv-171","event_id":4688,"record_id":100170,"user":"employee-356","source_ip":"10.12.1.20","target":"logon-session","logon_type":null,"change_ticket":"","result":"success","channel":"Security","provider":"Microsoft-Windows-Security-Auditing","logon_id":"1c3763c424772836","process_id":6419,"image_path":"C:/Program Files/ApprovedAgent/agent.exe","run_as":"","publisher":"Approved Software Team","update_state":"installed","agent_build":"2026.09.3"},{"timestamp":"2026-09-14T00:07:41.700Z","computer":"srv-031","event_id":4625,"record_id":100171,"user":"employee-365","source_ip":"10.10.2.20","target":"logon-session","logon_type":2,"change_ticket":"","result":"failure","channel":"Security","provider":"Microsoft-Windows-Security-Auditing","logon_id":"1c3763c424772836","process_id":7593,"image_path":"","run_as":"","publisher":"","update_state":"installed","agent_build":"2026.09.4"},{"timestamp":"2026-09-14T00:07:44.400Z","computer":"srv-234","event_id":4698,"record_id":100172,"user":"employee-59","source_ip":"10.12.4.23","target":"Approved-Maintenance","logon_type":null,"change_ticket":"CHG-DEPLOY-18","result":"success","channel":"Security","provider":"Microsoft-Windows-Security-Auditing","logon_id":"792e9e0d9c5d3e7d","process_id":25662,"image_path":"C:/Program Files/ApprovedAgent/agent.exe","run_as":"svc-agent","publisher":"Approved Software Team","update_state":"installed","agent_build":"2026.09.1"},{"timestamp":"2026-09-14T00:07:47.100Z","computer":"srv-101","event_id":4728,"record_id":100173,"user":"employee-13","source_ip":"10.11.2.10","target":"Project-Readers","logon_type":null,"change_ticket":"CHG-DEPLOY-18","result":"success","channel":"Security","provider":"Microsoft-Windows-Security-Auditing","logon_id":"792e9e0d9c5d3e7d","process_id":15459,"image_path":"","run_as":"","publisher":"","update_state":"installed","agent_build":"2026.09.2"},{"timestamp":"2026-09-14T00:07:49.800Z","computer":"srv-151","event_id":4697,"record_id":100174,"user":"employee-455","source_ip":"10.11.4.20","target":"ApprovedAgent","logon_type":null,"change_ticket":"CHG-DEPLOY-18","result":"success","channel":"Security","provider":"Microsoft-Windows-Security-Auditing","logon_id":"792e9e0d9c5d3e7d","process_id":3374,"image_path":"C:/Program Files/ApprovedAgent/agent.exe","run_as":"svc-agent","publisher":"Approved Software Team","update_state":"installed","agent_build":"2026.09.3"},{"timestamp":"2026-09-14T00:07:52.500Z","computer":"srv-140","event_id":4624,"record_id":100175,"user":"employee-197","source_ip":"10.11.3.29","target":"logon-session","logon_type":3,"change_ticket":"","result":"success","channel":"Security","provider":"Microsoft-Windows-Security-Auditing","logon_id":"792e9e0d9c5d3e7d","process_id":8315,"image_path":"","run_as":"","publisher":"","update_state":"installed","agent_build":"2026.09.4"},{"timestamp":"2026-09-14T00:07:55.200Z","computer":"srv-120","event_id":4624,"record_id":100176,"user":"employee-332","source_ip":"10.11.2.29","target":"logon-session","logon_type":10,"change_ticket":"","result":"success","channel":"Security","provider":"Microsoft-Windows-Security-Auditing","logon_id":"2f3de52d87997708","process_id":11365,"image_path":"","run_as":"","publisher":"","update_state":"installed","agent_build":"2026.09.1"},{"timestamp":"2026-09-14T00:07:57.900Z","computer":"srv-116","event_id":4634,"record_id":100177,"user":"employee-326","source_ip":"10.11.2.25","target":"logon-session","logon_type":2,"change_ticket":"","result":"success","channel":"Security","provider":"Microsoft-Windows-Security-Auditing","logon_id":"2f3de52d87997708","process_id":25544,"image_path":"","run_as":"","publisher":"","update_state":"no-report","agent_build":"2026.09.2"},{"timestamp":"2026-09-14T00:08:00.600Z","computer":"srv-136","event_id":4688,"record_id":100178,"user":"employee-370","source_ip":"10.11.3.25","target":"logon-session","logon_type":null,"change_ticket":"","result":"success","channel":"Security","provider":"Microsoft-Windows-Security-Auditing","logon_id":"2f3de52d87997708","process_id":23446,"image_path":"C:/Program Files/ApprovedAgent/agent.exe","run_as":"","publisher":"Approved Software Team","update_state":"installed","agent_build":"2026.09.3"},{"timestamp":"2026-09-14T00:08:03.300Z","computer":"srv-227","event_id":4625,"record_id":100179,"user":"employee-229","source_ip":"10.12.4.16","target":"logon-session","logon_type":10,"change_ticket":"","result":"failure","channel":"Security","provider":"Microsoft-Windows-Security-Auditing","logon_id":"2f3de52d87997708","process_id":17666,"image_path":"","run_as":"","publisher":"","update_state":"installed","agent_build":"2026.09.4"},{"timestamp":"2026-09-14T00:08:06.000Z","computer":"srv-231","event_id":4698,"record_id":100180,"user":"employee-212","source_ip":"10.12.4.20","target":"Approved-Maintenance","logon_type":null,"change_ticket":"CHG-DEPLOY-18","result":"success","channel":"Security","provider":"Microsoft-Windows-Security-Auditing","logon_id":"abb7b1090b935339","process_id":11083,"image_path":"C:/Program Files/ApprovedAgent/agent.exe","run_as":"svc-agent","publisher":"Approved Software Team","update_state":"installed","agent_build":"2026.09.1"},{"timestamp":"2026-09-14T00:08:08.700Z","computer":"srv-190","event_id":4728,"record_id":100181,"user":"employee-26","source_ip":"10.12.2.19","target":"Project-Readers","logon_type":null,"change_ticket":"CHG-DEPLOY-18","result":"success","channel":"Security","provider":"Microsoft-Windows-Security-Auditing","logon_id":"abb7b1090b935339","process_id":4556,"image_path":"","run_as":"","publisher":"","update_state":"installed","agent_build":"2026.09.2"},{"timestamp":"2026-09-14T00:08:11.400Z","computer":"srv-003","event_id":4697,"record_id":100182,"user":"deployment-admin","source_ip":"10.10.1.12","target":"ApprovedAgent","logon_type":null,"change_ticket":"CHG-DEPLOY-18","result":"success","channel":"Security","provider":"Microsoft-Windows-Security-Auditing","logon_id":"abb7b1090b935339","process_id":8191,"image_path":"C:/Program Files/ApprovedAgent/agent.exe","run_as":"svc-agent","publisher":"Approved Software Team","update_state":"installed","agent_build":"2026.09.3"},{"timestamp":"2026-09-14T00:08:14.100Z","computer":"srv-001","event_id":4624,"record_id":100183,"user":"employee-185","source_ip":"10.10.1.10","target":"logon-session","logon_type":2,"change_ticket":"","result":"success","channel":"Security","provider":"Microsoft-Windows-Security-Auditing","logon_id":"abb7b1090b935339","process_id":9045,"image_path":"","run_as":"","publisher":"","update_state":"installed","agent_build":"2026.09.4"},{"timestamp":"2026-09-14T00:08:16.800Z","computer":"srv-236","event_id":4624,"record_id":100184,"user":"employee-301","source_ip":"10.12.4.25","target":"logon-session","logon_type":3,"change_ticket":"","result":"success","channel":"Security","provider":"Microsoft-Windows-Security-Auditing","logon_id":"6fd6bf2e5cb75c34","process_id":22826,"image_path":"","run_as":"","publisher":"","update_state":"installed","agent_build":"2026.09.1"},{"timestamp":"2026-09-14T00:08:19.500Z","computer":"srv-040","event_id":4634,"record_id":100185,"user":"employee-461","source_ip":"10.10.2.29","target":"logon-session","logon_type":10,"change_ticket":"","result":"success","channel":"Security","provider":"Microsoft-Windows-Security-Auditing","logon_id":"6fd6bf2e5cb75c34","process_id":12661,"image_path":"","run_as":"","publisher":"","update_state":"installed","agent_build":"2026.09.2"},{"timestamp":"2026-09-14T00:08:22.200Z","computer":"srv-083","event_id":4688,"record_id":100186,"user":"employee-337","source_ip":"10.11.1.12","target":"logon-session","logon_type":null,"change_ticket":"","result":"success","channel":"Security","provider":"Microsoft-Windows-Security-Auditing","logon_id":"6fd6bf2e5cb75c34","process_id":13501,"image_path":"C:/Program Files/ApprovedAgent/agent.exe","run_as":"","publisher":"Approved Software Team","update_state":"restart-pending","agent_build":"2026.09.3"},{"timestamp":"2026-09-14T00:08:24.900Z","computer":"srv-038","event_id":4625,"record_id":100187,"user":"employee-419","source_ip":"10.10.2.27","target":"logon-session","logon_type":3,"change_ticket":"","result":"failure","channel":"Security","provider":"Microsoft-Windows-Security-Auditing","logon_id":"6fd6bf2e5cb75c34","process_id":19845,"image_path":"","run_as":"","publisher":"","update_state":"installed","agent_build":"2026.09.4"},{"timestamp":"2026-09-14T00:08:27.600Z","computer":"srv-156","event_id":4698,"record_id":100188,"user":"employee-96","source_ip":"10.11.4.25","target":"Approved-Maintenance","logon_type":null,"change_ticket":"CHG-DEPLOY-18","result":"success","channel":"Security","provider":"Microsoft-Windows-Security-Auditing","logon_id":"f72042fe671530e6","process_id":3377,"image_path":"C:/Program Files/ApprovedAgent/agent.exe","run_as":"svc-agent","publisher":"Approved Software Team","update_state":"failed","agent_build":"2026.09.1"},{"timestamp":"2026-09-14T00:08:30.300Z","computer":"srv-027","event_id":4728,"record_id":100189,"user":"employee-175","source_ip":"10.10.2.16","target":"Project-Readers","logon_type":null,"change_ticket":"CHG-DEPLOY-18","result":"success","channel":"Security","provider":"Microsoft-Windows-Security-Auditing","logon_id":"f72042fe671530e6","process_id":23649,"image_path":"","run_as":"","publisher":"","update_state":"installed","agent_build":"2026.09.2"},{"timestamp":"2026-09-14T00:08:33.000Z","computer":"srv-207","event_id":4697,"record_id":100190,"user":"employee-203","source_ip":"10.12.3.16","target":"ApprovedAgent","logon_type":null,"change_ticket":"CHG-DEPLOY-18","result":"success","channel":"Security","provider":"Microsoft-Windows-Security-Auditing","logon_id":"f72042fe671530e6","process_id":18460,"image_path":"C:/Program Files/ApprovedAgent/agent.exe","run_as":"svc-agent","publisher":"Approved Software Team","update_state":"installed","agent_build":"2026.09.3"},{"timestamp":"2026-09-14T00:08:35.700Z","computer":"srv-176","event_id":4624,"record_id":100191,"user":"employee-72","source_ip":"10.12.1.25","target":"logon-session","logon_type":10,"change_ticket":"","result":"success","channel":"Security","provider":"Microsoft-Windows-Security-Auditing","logon_id":"f72042fe671530e6","process_id":17883,"image_path":"","run_as":"","publisher":"","update_state":"installed","agent_build":"2026.09.4"},{"timestamp":"2026-09-14T00:08:38.400Z","computer":"srv-102","event_id":4624,"record_id":100192,"user":"employee-458","source_ip":"10.11.2.11","target":"logon-session","logon_type":2,"change_ticket":"","result":"success","channel":"Security","provider":"Microsoft-Windows-Security-Auditing","logon_id":"75298ead157c4ca4","process_id":11690,"image_path":"","run_as":"","publisher":"","update_state":"installed","agent_build":"2026.09.1"},{"timestamp":"2026-09-14T00:08:41.100Z","computer":"srv-085","event_id":4634,"record_id":100193,"user":"employee-213","source_ip":"10.11.1.14","target":"logon-session","logon_type":3,"change_ticket":"","result":"success","channel":"Security","provider":"Microsoft-Windows-Security-Auditing","logon_id":"75298ead157c4ca4","process_id":24705,"image_path":"","run_as":"","publisher":"","update_state":"installed","agent_build":"2026.09.2"},{"timestamp":"2026-09-14T00:08:43.800Z","computer":"srv-058","event_id":4688,"record_id":100194,"user":"employee-245","source_ip":"10.10.3.27","target":"logon-session","logon_type":null,"change_ticket":"","result":"success","channel":"Security","provider":"Microsoft-Windows-Security-Auditing","logon_id":"75298ead157c4ca4","process_id":5601,"image_path":"C:/Program Files/ApprovedAgent/agent.exe","run_as":"","publisher":"Approved Software Team","update_state":"installed","agent_build":"2026.09.3"},{"timestamp":"2026-09-14T00:08:46.500Z","computer":"srv-171","event_id":4625,"record_id":100195,"user":"deployment-admin","source_ip":"10.12.1.20","target":"logon-session","logon_type":2,"change_ticket":"","result":"failure","channel":"Security","provider":"Microsoft-Windows-Security-Auditing","logon_id":"75298ead157c4ca4","process_id":7648,"image_path":"","run_as":"","publisher":"","update_state":"installed","agent_build":"2026.09.4"},{"timestamp":"2026-09-14T00:08:49.200Z","computer":"srv-149","event_id":4698,"record_id":100196,"user":"employee-379","source_ip":"10.11.4.18","target":"Approved-Maintenance","logon_type":null,"change_ticket":"CHG-DEPLOY-18","result":"success","channel":"Security","provider":"Microsoft-Windows-Security-Auditing","logon_id":"69cb6aa83b5128ae","process_id":25605,"image_path":"C:/Program Files/ApprovedAgent/agent.exe","run_as":"svc-agent","publisher":"Approved Software Team","update_state":"installed","agent_build":"2026.09.1"},{"timestamp":"2026-09-14T00:08:51.900Z","computer":"srv-050","event_id":4728,"record_id":100197,"user":"employee-120","source_ip":"10.10.3.19","target":"Project-Readers","logon_type":null,"change_ticket":"CHG-DEPLOY-18","result":"success","channel":"Security","provider":"Microsoft-Windows-Security-Auditing","logon_id":"69cb6aa83b5128ae","process_id":1443,"image_path":"","run_as":"","publisher":"","update_state":"installed","agent_build":"2026.09.2"},{"timestamp":"2026-09-14T00:08:54.600Z","computer":"srv-230","event_id":4697,"record_id":100198,"user":"employee-39","source_ip":"10.12.4.19","target":"ApprovedAgent","logon_type":null,"change_ticket":"CHG-DEPLOY-18","result":"success","channel":"Security","provider":"Microsoft-Windows-Security-Auditing","logon_id":"69cb6aa83b5128ae","process_id":19450,"image_path":"C:/Program Files/ApprovedAgent/agent.exe","run_as":"svc-agent","publisher":"Approved Software Team","update_state":"installed","agent_build":"2026.09.3"},{"timestamp":"2026-09-14T00:08:57.300Z","computer":"srv-100","event_id":4624,"record_id":100199,"user":"employee-61","source_ip":"10.11.1.29","target":"logon-session","logon_type":3,"change_ticket":"","result":"success","channel":"Security","provider":"Microsoft-Windows-Security-Auditing","logon_id":"69cb6aa83b5128ae","process_id":21336,"image_path":"","run_as":"","publisher":"","update_state":"installed","agent_build":"2026.09.4"},{"timestamp":"2026-09-14T00:09:00.000Z","computer":"srv-182","event_id":4624,"record_id":100200,"user":"employee-45","source_ip":"10.12.2.11","target":"logon-session","logon_type":10,"change_ticket":"","result":"success","channel":"Security","provider":"Microsoft-Windows-Security-Auditing","logon_id":"6820a3900f05534e","process_id":13207,"image_path":"","run_as":"","publisher":"","update_state":"installed","agent_build":"2026.09.1"},{"timestamp":"2026-09-14T00:09:02.700Z","computer":"srv-114","event_id":4634,"record_id":100201,"user":"employee-72","source_ip":"10.11.2.23","target":"logon-session","logon_type":2,"change_ticket":"","result":"success","channel":"Security","provider":"Microsoft-Windows-Security-Auditing","logon_id":"6820a3900f05534e","process_id":18550,"image_path":"","run_as":"","publisher":"","update_state":"installed","agent_build":"2026.09.2"},{"timestamp":"2026-09-14T00:09:05.400Z","computer":"srv-123","event_id":4688,"record_id":100202,"user":"employee-398","source_ip":"10.11.3.12","target":"logon-session","logon_type":null,"change_ticket":"","result":"success","channel":"Security","provider":"Microsoft-Windows-Security-Auditing","logon_id":"6820a3900f05534e","process_id":12358,"image_path":"C:/Program Files/ApprovedAgent/agent.exe","run_as":"","publisher":"Approved Software Team","update_state":"installed","agent_build":"2026.09.3"},{"timestamp":"2026-09-14T00:09:08.100Z","computer":"srv-159","event_id":4625,"record_id":100203,"user":"employee-131","source_ip":"10.11.4.28","target":"logon-session","logon_type":10,"change_ticket":"","result":"failure","channel":"Security","provider":"Microsoft-Windows-Security-Auditing","logon_id":"6820a3900f05534e","process_id":24321,"image_path":"","run_as":"","publisher":"","update_state":"installed","agent_build":"2026.09.4"},{"timestamp":"2026-09-14T00:09:10.800Z","computer":"srv-162","event_id":4698,"record_id":100204,"user":"employee-408","source_ip":"10.12.1.11","target":"Approved-Maintenance","logon_type":null,"change_ticket":"CHG-DEPLOY-18","result":"success","channel":"Security","provider":"Microsoft-Windows-Security-Auditing","logon_id":"030e985e47e5362f","process_id":18634,"image_path":"C:/Program Files/ApprovedAgent/agent.exe","run_as":"svc-agent","publisher":"Approved Software Team","update_state":"installed","agent_build":"2026.09.1"},{"timestamp":"2026-09-14T00:09:13.500Z","computer":"srv-212","event_id":4728,"record_id":100205,"user":"employee-14","source_ip":"10.12.3.21","target":"Project-Readers","logon_type":null,"change_ticket":"CHG-DEPLOY-18","result":"success","channel":"Security","provider":"Microsoft-Windows-Security-Auditing","logon_id":"030e985e47e5362f","process_id":4741,"image_path":"","run_as":"","publisher":"","update_state":"installed","agent_build":"2026.09.2"},{"timestamp":"2026-09-14T00:09:16.200Z","computer":"srv-142","event_id":4697,"record_id":100206,"user":"employee-467","source_ip":"10.11.4.11","target":"ApprovedAgent","logon_type":null,"change_ticket":"CHG-DEPLOY-18","result":"success","channel":"Security","provider":"Microsoft-Windows-Security-Auditing","logon_id":"030e985e47e5362f","process_id":25973,"image_path":"C:/Program Files/ApprovedAgent/agent.exe","run_as":"svc-agent","publisher":"Approved Software Team","update_state":"installed","agent_build":"2026.09.3"},{"timestamp":"2026-09-14T00:09:18.900Z","computer":"srv-124","event_id":4624,"record_id":100207,"user":"employee-281","source_ip":"10.11.3.13","target":"logon-session","logon_type":2,"change_ticket":"","result":"success","channel":"Security","provider":"Microsoft-Windows-Security-Auditing","logon_id":"030e985e47e5362f","process_id":5329,"image_path":"","run_as":"","publisher":"","update_state":"installed","agent_build":"2026.09.4"},{"timestamp":"2026-09-14T00:09:21.600Z","computer":"srv-172","event_id":4624,"record_id":100208,"user":"deployment-admin","source_ip":"10.12.1.21","target":"logon-session","logon_type":3,"change_ticket":"","result":"success","channel":"Security","provider":"Microsoft-Windows-Security-Auditing","logon_id":"d333aa1f32473ed4","process_id":6120,"image_path":"","run_as":"","publisher":"","update_state":"installed","agent_build":"2026.09.1"},{"timestamp":"2026-09-14T00:09:24.300Z","computer":"srv-152","event_id":4634,"record_id":100209,"user":"employee-260","source_ip":"10.11.4.21","target":"logon-session","logon_type":10,"change_ticket":"","result":"success","channel":"Security","provider":"Microsoft-Windows-Security-Auditing","logon_id":"d333aa1f32473ed4","process_id":8134,"image_path":"","run_as":"","publisher":"","update_state":"installed","agent_build":"2026.09.2"},{"timestamp":"2026-09-14T00:09:27.000Z","computer":"srv-029","event_id":4688,"record_id":100210,"user":"employee-461","source_ip":"10.10.2.18","target":"logon-session","logon_type":null,"change_ticket":"","result":"success","channel":"Security","provider":"Microsoft-Windows-Security-Auditing","logon_id":"d333aa1f32473ed4","process_id":11343,"image_path":"C:/Program Files/ApprovedAgent/agent.exe","run_as":"","publisher":"Approved Software Team","update_state":"installed","agent_build":"2026.09.3"},{"timestamp":"2026-09-14T00:09:29.700Z","computer":"srv-133","event_id":4625,"record_id":100211,"user":"employee-309","source_ip":"10.11.3.22","target":"logon-session","logon_type":3,"change_ticket":"","result":"failure","channel":"Security","provider":"Microsoft-Windows-Security-Auditing","logon_id":"d333aa1f32473ed4","process_id":22677,"image_path":"","run_as":"","publisher":"","update_state":"installed","agent_build":"2026.09.4"},