{"timestamp":"2026-09-14T00:42:55.800Z","computer":"srv-178","event_id":4688,"record_id":100954,"user":"employee-333","source_ip":"10.12.1.27","target":"logon-session","logon_type":null,"change_ticket":"","result":"success","channel":"Security","provider":"Microsoft-Windows-Security-Auditing","logon_id":"bb8fcc367f8dcd82","process_id":4425,"image_path":"C:/Program Files/ApprovedAgent/agent.exe","run_as":"","publisher":"Approved Software Team","update_state":"installed","agent_build":"2026.09.3"},{"timestamp":"2026-09-14T00:42:58.500Z","computer":"srv-131","event_id":4625,"record_id":100955,"user":"employee-44","source_ip":"10.11.3.20","target":"logon-session","logon_type":3,"change_ticket":"","result":"failure","channel":"Security","provider":"Microsoft-Windows-Security-Auditing","logon_id":"bb8fcc367f8dcd82","process_id":21794,"image_path":"","run_as":"","publisher":"","update_state":"installed","agent_build":"2026.09.4"},{"timestamp":"2026-09-14T00:43:01.200Z","computer":"srv-240","event_id":4698,"record_id":100956,"user":"employee-17","source_ip":"10.12.4.29","target":"Approved-Maintenance","logon_type":null,"change_ticket":"CHG-DEPLOY-18","result":"success","channel":"Security","provider":"Microsoft-Windows-Security-Auditing","logon_id":"c4665bc043be627d","process_id":17139,"image_path":"C:/Program Files/ApprovedAgent/agent.exe","run_as":"svc-agent","publisher":"Approved Software Team","update_state":"installed","agent_build":"2026.09.1"},{"timestamp":"2026-09-14T00:43:03.900Z","computer":"srv-005","event_id":4728,"record_id":100957,"user":"employee-110","source_ip":"10.10.1.14","target":"Project-Readers","logon_type":null,"change_ticket":"CHG-DEPLOY-18","result":"success","channel":"Security","provider":"Microsoft-Windows-Security-Auditing","logon_id":"c4665bc043be627d","process_id":2460,"image_path":"","run_as":"","publisher":"","update_state":"installed","agent_build":"2026.09.2"},{"timestamp":"2026-09-14T00:43:06.600Z","computer":"srv-043","event_id":4697,"record_id":100958,"user":"employee-452","source_ip":"10.10.3.12","target":"ApprovedAgent","logon_type":null,"change_ticket":"CHG-DEPLOY-18","result":"success","channel":"Security","provider":"Microsoft-Windows-Security-Auditing","logon_id":"c4665bc043be627d","process_id":3487,"image_path":"C:/Program Files/ApprovedAgent/agent.exe","run_as":"svc-agent","publisher":"Approved Software Team","update_state":"installed","agent_build":"2026.09.3"},{"timestamp":"2026-09-14T00:43:09.300Z","computer":"srv-193","event_id":4624,"record_id":100959,"user":"employee-465","source_ip":"10.12.2.22","target":"logon-session","logon_type":10,"change_ticket":"","result":"success","channel":"Security","provider":"Microsoft-Windows-Security-Auditing","logon_id":"c4665bc043be627d","process_id":8360,"image_path":"","run_as":"","publisher":"","update_state":"installed","agent_build":"2026.09.4"},{"timestamp":"2026-09-14T00:43:12.000Z","computer":"srv-193","event_id":4624,"record_id":100960,"user":"employee-420","source_ip":"10.12.2.22","target":"logon-session","logon_type":2,"change_ticket":"","result":"success","channel":"Security","provider":"Microsoft-Windows-Security-Auditing","logon_id":"0e395bac5bbe2d33","process_id":16118,"image_path":"","run_as":"","publisher":"","update_state":"installed","agent_build":"2026.09.1"},{"timestamp":"2026-09-14T00:43:14.700Z","computer":"srv-089","event_id":4634,"record_id":100961,"user":"employee-249","source_ip":"10.11.1.18","target":"logon-session","logon_type":3,"change_ticket":"","result":"success","channel":"Security","provider":"Microsoft-Windows-Security-Auditing","logon_id":"0e395bac5bbe2d33","process_id":7033,"image_path":"","run_as":"","publisher":"","update_state":"restart-pending","agent_build":"2026.09.2"},{"timestamp":"2026-09-14T00:43:17.400Z","computer":"srv-161","event_id":4688,"record_id":100962,"user":"deployment-admin","source_ip":"10.12.1.10","target":"logon-session","logon_type":null,"change_ticket":"","result":"success","channel":"Security","provider":"Microsoft-Windows-Security-Auditing","logon_id":"0e395bac5bbe2d33","process_id":21135,"image_path":"C:/Program Files/ApprovedAgent/agent.exe","run_as":"","publisher":"Approved Software Team","update_state":"installed","agent_build":"2026.09.3"},{"timestamp":"2026-09-14T00:43:20.100Z","computer":"srv-076","event_id":4625,"record_id":100963,"user":"employee-64","source_ip":"10.10.4.25","target":"logon-session","logon_type":2,"change_ticket":"","result":"failure","channel":"Security","provider":"Microsoft-Windows-Security-Auditing","logon_id":"0e395bac5bbe2d33","process_id":12212,"image_path":"","run_as":"","publisher":"","update_state":"installed","agent_build":"2026.09.4"},{"timestamp":"2026-09-14T00:43:22.800Z","computer":"srv-162","event_id":4698,"record_id":100964,"user":"employee-20","source_ip":"10.12.1.11","target":"Approved-Maintenance","logon_type":null,"change_ticket":"CHG-DEPLOY-18","result":"success","channel":"Security","provider":"Microsoft-Windows-Security-Auditing","logon_id":"bfa25384deab1b3e","process_id":17208,"image_path":"C:/Program Files/ApprovedAgent/agent.exe","run_as":"svc-agent","publisher":"Approved Software Team","update_state":"installed","agent_build":"2026.09.1"},{"timestamp":"2026-09-14T00:43:25.500Z","computer":"srv-169","event_id":4728,"record_id":100965,"user":"employee-301","source_ip":"10.12.1.18","target":"Project-Readers","logon_type":null,"change_ticket":"CHG-DEPLOY-18","result":"success","channel":"Security","provider":"Microsoft-Windows-Security-Auditing","logon_id":"bfa25384deab1b3e","process_id":20746,"image_path":"","run_as":"","publisher":"","update_state":"installed","agent_build":"2026.09.2"},{"timestamp":"2026-09-14T00:43:28.200Z","computer":"srv-180","event_id":4697,"record_id":100966,"user":"employee-305","source_ip":"10.12.1.29","target":"ApprovedAgent","logon_type":null,"change_ticket":"CHG-DEPLOY-18","result":"success","channel":"Security","provider":"Microsoft-Windows-Security-Auditing","logon_id":"bfa25384deab1b3e","process_id":4777,"image_path":"C:/Program Files/ApprovedAgent/agent.exe","run_as":"svc-agent","publisher":"Approved Software Team","update_state":"installed","agent_build":"2026.09.3"},{"timestamp":"2026-09-14T00:43:30.900Z","computer":"srv-034","event_id":4624,"record_id":100967,"user":"employee-173","source_ip":"10.10.2.23","target":"logon-session","logon_type":3,"change_ticket":"","result":"success","channel":"Security","provider":"Microsoft-Windows-Security-Auditing","logon_id":"bfa25384deab1b3e","process_id":13075,"image_path":"","run_as":"","publisher":"","update_state":"installed","agent_build":"2026.09.4"},{"timestamp":"2026-09-14T00:43:33.600Z","computer":"srv-096","event_id":4624,"record_id":100968,"user":"employee-329","source_ip":"10.11.1.25","target":"logon-session","logon_type":10,"change_ticket":"","result":"success","channel":"Security","provider":"Microsoft-Windows-Security-Auditing","logon_id":"26a0b615f2ab950b","process_id":6976,"image_path":"","run_as":"","publisher":"","update_state":"installed","agent_build":"2026.09.1"},{"timestamp":"2026-09-14T00:43:36.300Z","computer":"srv-193","event_id":4634,"record_id":100969,"user":"employee-351","source_ip":"10.12.2.22","target":"logon-session","logon_type":2,"change_ticket":"","result":"success","channel":"Security","provider":"Microsoft-Windows-Security-Auditing","logon_id":"26a0b615f2ab950b","process_id":13264,"image_path":"","run_as":"","publisher":"","update_state":"installed","agent_build":"2026.09.2"},{"timestamp":"2026-09-14T00:43:39.000Z","computer":"srv-152","event_id":4688,"record_id":100970,"user":"employee-473","source_ip":"10.11.4.21","target":"logon-session","logon_type":null,"change_ticket":"","result":"success","channel":"Security","provider":"Microsoft-Windows-Security-Auditing","logon_id":"26a0b615f2ab950b","process_id":15715,"image_path":"C:/Program Files/ApprovedAgent/agent.exe","run_as":"","publisher":"Approved Software Team","update_state":"installed","agent_build":"2026.09.3"},{"timestamp":"2026-09-14T00:43:41.700Z","computer":"srv-189","event_id":4625,"record_id":100971,"user":"employee-178","source_ip":"10.12.2.18","target":"logon-session","logon_type":10,"change_ticket":"","result":"failure","channel":"Security","provider":"Microsoft-Windows-Security-Auditing","logon_id":"26a0b615f2ab950b","process_id":12805,"image_path":"","run_as":"","publisher":"","update_state":"installed","agent_build":"2026.09.4"},{"timestamp":"2026-09-14T00:43:44.400Z","computer":"srv-071","event_id":4698,"record_id":100972,"user":"employee-118","source_ip":"10.10.4.20","target":"Approved-Maintenance","logon_type":null,"change_ticket":"CHG-DEPLOY-18","result":"success","channel":"Security","provider":"Microsoft-Windows-Security-Auditing","logon_id":"701b0c8b9c21ff7b","process_id":14164,"image_path":"C:/Program Files/ApprovedAgent/agent.exe","run_as":"svc-agent","publisher":"Approved Software Team","update_state":"installed","agent_build":"2026.09.1"},{"timestamp":"2026-09-14T00:43:47.100Z","computer":"srv-124","event_id":4728,"record_id":100973,"user":"employee-373","source_ip":"10.11.3.13","target":"Project-Readers","logon_type":null,"change_ticket":"CHG-DEPLOY-18","result":"success","channel":"Security","provider":"Microsoft-Windows-Security-Auditing","logon_id":"701b0c8b9c21ff7b","process_id":11861,"image_path":"","run_as":"","publisher":"","update_state":"installed","agent_build":"2026.09.2"},{"timestamp":"2026-09-14T00:43:49.800Z","computer":"srv-070","event_id":4697,"record_id":100974,"user":"employee-270","source_ip":"10.10.4.19","target":"ApprovedAgent","logon_type":null,"change_ticket":"CHG-DEPLOY-18","result":"success","channel":"Security","provider":"Microsoft-Windows-Security-Auditing","logon_id":"701b0c8b9c21ff7b","process_id":2483,"image_path":"C:/Program Files/ApprovedAgent/agent.exe","run_as":"svc-agent","publisher":"Approved Software Team","update_state":"installed","agent_build":"2026.09.3"},{"timestamp":"2026-09-14T00:43:52.500Z","computer":"srv-177","event_id":4624,"record_id":100975,"user":"deployment-admin","source_ip":"10.12.1.26","target":"logon-session","logon_type":2,"change_ticket":"","result":"success","channel":"Security","provider":"Microsoft-Windows-Security-Auditing","logon_id":"701b0c8b9c21ff7b","process_id":16407,"image_path":"","run_as":"","publisher":"","update_state":"installed","agent_build":"2026.09.4"},{"timestamp":"2026-09-14T00:43:55.200Z","computer":"srv-021","event_id":4624,"record_id":100976,"user":"employee-309","source_ip":"10.10.2.10","target":"logon-session","logon_type":3,"change_ticket":"","result":"success","channel":"Security","provider":"Microsoft-Windows-Security-Auditing","logon_id":"ee3f8ad9aa82f7df","process_id":17905,"image_path":"","run_as":"","publisher":"","update_state":"installed","agent_build":"2026.09.1"},{"timestamp":"2026-09-14T00:43:57.900Z","computer":"srv-195","event_id":4634,"record_id":100977,"user":"employee-68","source_ip":"10.12.2.24","target":"logon-session","logon_type":10,"change_ticket":"","result":"success","channel":"Security","provider":"Microsoft-Windows-Security-Auditing","logon_id":"ee3f8ad9aa82f7df","process_id":7366,"image_path":"","run_as":"","publisher":"","update_state":"installed","agent_build":"2026.09.2"},{"timestamp":"2026-09-14T00:44:00.600Z","computer":"srv-111","event_id":4688,"record_id":100978,"user":"employee-212","source_ip":"10.11.2.20","target":"logon-session","logon_type":null,"change_ticket":"","result":"success","channel":"Security","provider":"Microsoft-Windows-Security-Auditing","logon_id":"ee3f8ad9aa82f7df","process_id":10779,"image_path":"C:/Program Files/ApprovedAgent/agent.exe","run_as":"","publisher":"Approved Software Team","update_state":"installed","agent_build":"2026.09.3"},{"timestamp":"2026-09-14T00:44:03.300Z","computer":"srv-062","event_id":4625,"record_id":100979,"user":"employee-371","source_ip":"10.10.4.11","target":"logon-session","logon_type":3,"change_ticket":"","result":"failure","channel":"Security","provider":"Microsoft-Windows-Security-Auditing","logon_id":"ee3f8ad9aa82f7df","process_id":10554,"image_path":"","run_as":"","publisher":"","update_state":"installed","agent_build":"2026.09.4"},{"timestamp":"2026-09-14T00:44:06.000Z","computer":"srv-231","event_id":4698,"record_id":100980,"user":"employee-53","source_ip":"10.12.4.20","target":"Approved-Maintenance","logon_type":null,"change_ticket":"CHG-DEPLOY-18","result":"success","channel":"Security","provider":"Microsoft-Windows-Security-Auditing","logon_id":"7e7c8817942f6742","process_id":4875,"image_path":"C:/Program Files/ApprovedAgent/agent.exe","run_as":"svc-agent","publisher":"Approved Software Team","update_state":"installed","agent_build":"2026.09.1"},{"timestamp":"2026-09-14T00:44:08.700Z","computer":"srv-202","event_id":4728,"record_id":100981,"user":"employee-269","source_ip":"10.12.3.11","target":"Project-Readers","logon_type":null,"change_ticket":"CHG-DEPLOY-18","result":"success","channel":"Security","provider":"Microsoft-Windows-Security-Auditing","logon_id":"7e7c8817942f6742","process_id":17705,"image_path":"","run_as":"","publisher":"","update_state":"installed","agent_build":"2026.09.2"},{"timestamp":"2026-09-14T00:44:11.400Z","computer":"srv-201","event_id":4697,"record_id":100982,"user":"employee-463","source_ip":"10.12.3.10","target":"ApprovedAgent","logon_type":null,"change_ticket":"CHG-DEPLOY-18","result":"success","channel":"Security","provider":"Microsoft-Windows-Security-Auditing","logon_id":"7e7c8817942f6742","process_id":1989,"image_path":"C:/Program Files/ApprovedAgent/agent.exe","run_as":"svc-agent","publisher":"Approved Software Team","update_state":"installed","agent_build":"2026.09.3"},{"timestamp":"2026-09-14T00:44:14.100Z","computer":"srv-156","event_id":4624,"record_id":100983,"user":"employee-344","source_ip":"10.11.4.25","target":"logon-session","logon_type":10,"change_ticket":"","result":"success","channel":"Security","provider":"Microsoft-Windows-Security-Auditing","logon_id":"7e7c8817942f6742","process_id":16091,"image_path":"","run_as":"","publisher":"","update_state":"installed","agent_build":"2026.09.4"},{"timestamp":"2026-09-14T00:44:16.800Z","computer":"srv-134","event_id":4624,"record_id":100984,"user":"employee-468","source_ip":"10.11.3.23","target":"logon-session","logon_type":2,"change_ticket":"","result":"success","channel":"Security","provider":"Microsoft-Windows-Security-Auditing","logon_id":"90d6bd62eab50031","process_id":21735,"image_path":"","run_as":"","publisher":"","update_state":"installed","agent_build":"2026.09.1"},{"timestamp":"2026-09-14T00:44:19.500Z","computer":"srv-218","event_id":4634,"record_id":100985,"user":"employee-178","source_ip":"10.12.3.27","target":"logon-session","logon_type":3,"change_ticket":"","result":"success","channel":"Security","provider":"Microsoft-Windows-Security-Auditing","logon_id":"90d6bd62eab50031","process_id":14812,"image_path":"","run_as":"","publisher":"","update_state":"installed","agent_build":"2026.09.2"},{"timestamp":"2026-09-14T00:44:22.200Z","computer":"srv-081","event_id":4688,"record_id":100986,"user":"employee-124","source_ip":"10.11.1.10","target":"logon-session","logon_type":null,"change_ticket":"","result":"success","channel":"Security","provider":"Microsoft-Windows-Security-Auditing","logon_id":"90d6bd62eab50031","process_id":11980,"image_path":"C:/Program Files/ApprovedAgent/agent.exe","run_as":"","publisher":"Approved Software Team","update_state":"installed","agent_build":"2026.09.3"},{"timestamp":"2026-09-14T00:44:24.900Z","computer":"srv-152","event_id":4625,"record_id":100987,"user":"employee-18","source_ip":"10.11.4.21","target":"logon-session","logon_type":2,"change_ticket":"","result":"failure","channel":"Security","provider":"Microsoft-Windows-Security-Auditing","logon_id":"90d6bd62eab50031","process_id":11951,"image_path":"","run_as":"","publisher":"","update_state":"failed","agent_build":"2026.09.4"},{"timestamp":"2026-09-14T00:44:27.600Z","computer":"srv-219","event_id":4698,"record_id":100988,"user":"deployment-admin","source_ip":"10.12.3.28","target":"Approved-Maintenance","logon_type":null,"change_ticket":"CHG-DEPLOY-18","result":"success","channel":"Security","provider":"Microsoft-Windows-Security-Auditing","logon_id":"a1f9756ebf5f201a","process_id":19889,"image_path":"C:/Program Files/ApprovedAgent/agent.exe","run_as":"svc-agent","publisher":"Approved Software Team","update_state":"installed","agent_build":"2026.09.1"},{"timestamp":"2026-09-14T00:44:30.300Z","computer":"srv-213","event_id":4728,"record_id":100989,"user":"employee-391","source_ip":"10.12.3.22","target":"Project-Readers","logon_type":null,"change_ticket":"CHG-DEPLOY-18","result":"success","channel":"Security","provider":"Microsoft-Windows-Security-Auditing","logon_id":"a1f9756ebf5f201a","process_id":11885,"image_path":"","run_as":"","publisher":"","update_state":"installed","agent_build":"2026.09.2"},{"timestamp":"2026-09-14T00:44:33.000Z","computer":"srv-178","event_id":4697,"record_id":100990,"user":"employee-90","source_ip":"10.12.1.27","target":"ApprovedAgent","logon_type":null,"change_ticket":"CHG-DEPLOY-18","result":"success","channel":"Security","provider":"Microsoft-Windows-Security-Auditing","logon_id":"a1f9756ebf5f201a","process_id":5928,"image_path":"C:/Program Files/ApprovedAgent/agent.exe","run_as":"svc-agent","publisher":"Approved Software Team","update_state":"installed","agent_build":"2026.09.3"},{"timestamp":"2026-09-14T00:44:35.700Z","computer":"srv-016","event_id":4624,"record_id":100991,"user":"employee-133","source_ip":"10.10.1.25","target":"logon-session","logon_type":3,"change_ticket":"","result":"success","channel":"Security","provider":"Microsoft-Windows-Security-Auditing","logon_id":"a1f9756ebf5f201a","process_id":3094,"image_path":"","run_as":"","publisher":"","update_state":"installed","agent_build":"2026.09.4"},{"timestamp":"2026-09-14T00:44:38.400Z","computer":"srv-029","event_id":4624,"record_id":100992,"user":"employee-154","source_ip":"10.10.2.18","target":"logon-session","logon_type":10,"change_ticket":"","result":"success","channel":"Security","provider":"Microsoft-Windows-Security-Auditing","logon_id":"d73abc68a5281130","process_id":12851,"image_path":"","run_as":"","publisher":"","update_state":"restart-pending","agent_build":"2026.09.1"},{"timestamp":"2026-09-14T00:44:41.100Z","computer":"srv-114","event_id":4634,"record_id":100993,"user":"employee-375","source_ip":"10.11.2.23","target":"logon-session","logon_type":2,"change_ticket":"","result":"success","channel":"Security","provider":"Microsoft-Windows-Security-Auditing","logon_id":"d73abc68a5281130","process_id":14191,"image_path":"","run_as":"","publisher":"","update_state":"installed","agent_build":"2026.09.2"},{"timestamp":"2026-09-14T00:44:43.800Z","computer":"srv-001","event_id":4688,"record_id":100994,"user":"employee-430","source_ip":"10.10.1.10","target":"logon-session","logon_type":null,"change_ticket":"","result":"success","channel":"Security","provider":"Microsoft-Windows-Security-Auditing","logon_id":"d73abc68a5281130","process_id":7748,"image_path":"C:/Program Files/ApprovedAgent/agent.exe","run_as":"","publisher":"Approved Software Team","update_state":"installed","agent_build":"2026.09.3"},{"timestamp":"2026-09-14T00:44:46.500Z","computer":"srv-196","event_id":4625,"record_id":100995,"user":"employee-479","source_ip":"10.12.2.25","target":"logon-session","logon_type":10,"change_ticket":"","result":"failure","channel":"Security","provider":"Microsoft-Windows-Security-Auditing","logon_id":"d73abc68a5281130","process_id":13641,"image_path":"","run_as":"","publisher":"","update_state":"installed","agent_build":"2026.09.4"},{"timestamp":"2026-09-14T00:44:49.200Z","computer":"srv-117","event_id":4698,"record_id":100996,"user":"employee-13","source_ip":"10.11.2.26","target":"Approved-Maintenance","logon_type":null,"change_ticket":"CHG-DEPLOY-18","result":"success","channel":"Security","provider":"Microsoft-Windows-Security-Auditing","logon_id":"50221687f382f91e","process_id":5537,"image_path":"C:/Program Files/ApprovedAgent/agent.exe","run_as":"svc-agent","publisher":"Approved Software Team","update_state":"installed","agent_build":"2026.09.1"},{"timestamp":"2026-09-14T00:44:51.900Z","computer":"srv-231","event_id":4728,"record_id":100997,"user":"employee-416","source_ip":"10.12.4.20","target":"Project-Readers","logon_type":null,"change_ticket":"CHG-DEPLOY-18","result":"success","channel":"Security","provider":"Microsoft-Windows-Security-Auditing","logon_id":"50221687f382f91e","process_id":11896,"image_path":"","run_as":"","publisher":"","update_state":"installed","agent_build":"2026.09.2"},{"timestamp":"2026-09-14T00:44:54.600Z","computer":"srv-153","event_id":4697,"record_id":100998,"user":"employee-47","source_ip":"10.11.4.22","target":"ApprovedAgent","logon_type":null,"change_ticket":"CHG-DEPLOY-18","result":"success","channel":"Security","provider":"Microsoft-Windows-Security-Auditing","logon_id":"50221687f382f91e","process_id":20838,"image_path":"C:/Program Files/ApprovedAgent/agent.exe","run_as":"svc-agent","publisher":"Approved Software Team","update_state":"installed","agent_build":"2026.09.3"},{"timestamp":"2026-09-14T00:44:57.300Z","computer":"srv-053","event_id":4624,"record_id":100999,"user":"employee-156","source_ip":"10.10.3.22","target":"logon-session","logon_type":2,"change_ticket":"","result":"success","channel":"Security","provider":"Microsoft-Windows-Security-Auditing","logon_id":"50221687f382f91e","process_id":18628,"image_path":"","run_as":"","publisher":"","update_state":"installed","agent_build":"2026.09.4"},{"timestamp":"2026-09-14T00:45:00.000Z","computer":"srv-195","event_id":4624,"record_id":101000,"user":"employee-240","source_ip":"10.12.2.24","target":"logon-session","logon_type":3,"change_ticket":"","result":"success","channel":"Security","provider":"Microsoft-Windows-Security-Auditing","logon_id":"2bd69efb120bc1c5","process_id":24021,"image_path":"","run_as":"","publisher":"","update_state":"installed","agent_build":"2026.09.1"},{"timestamp":"2026-09-14T00:45:02.700Z","computer":"srv-028","event_id":4634,"record_id":101001,"user":"deployment-admin","source_ip":"10.10.2.17","target":"logon-session","logon_type":10,"change_ticket":"","result":"success","channel":"Security","provider":"Microsoft-Windows-Security-Auditing","logon_id":"2bd69efb120bc1c5","process_id":10991,"image_path":"","run_as":"","publisher":"","update_state":"installed","agent_build":"2026.09.2"},{"timestamp":"2026-09-14T00:45:05.400Z","computer":"srv-196","event_id":4688,"record_id":101002,"user":"employee-321","source_ip":"10.12.2.25","target":"logon-session","logon_type":null,"change_ticket":"","result":"success","channel":"Security","provider":"Microsoft-Windows-Security-Auditing","logon_id":"2bd69efb120bc1c5","process_id":12879,"image_path":"C:/Program Files/ApprovedAgent/agent.exe","run_as":"","publisher":"Approved Software Team","update_state":"installed","agent_build":"2026.09.3"},{"timestamp":"2026-09-14T00:45:08.100Z","computer":"srv-109","event_id":4625,"record_id":101003,"user":"employee-261","source_ip":"10.11.2.18","target":"logon-session","logon_type":3,"change_ticket":"","result":"failure","channel":"Security","provider":"Microsoft-Windows-Security-Auditing","logon_id":"2bd69efb120bc1c5","process_id":18002,"image_path":"","run_as":"","publisher":"","update_state":"no-report","agent_build":"2026.09.4"},{"timestamp":"2026-09-14T00:45:10.800Z","computer":"srv-018","event_id":4698,"record_id":101004,"user":"employee-309","source_ip":"10.10.1.27","target":"Approved-Maintenance","logon_type":null,"change_ticket":"CHG-DEPLOY-18","result":"success","channel":"Security","provider":"Microsoft-Windows-Security-Auditing","logon_id":"d4c7ec791b9091fa","process_id":3008,"image_path":"C:/Program Files/ApprovedAgent/agent.exe","run_as":"svc-agent","publisher":"Approved Software Team","update_state":"installed","agent_build":"2026.09.1"},{"timestamp":"2026-09-14T00:45:13.500Z","computer":"srv-208","event_id":4728,"record_id":101005,"user":"employee-222","source_ip":"10.12.3.17","target":"Project-Readers","logon_type":null,"change_ticket":"CHG-DEPLOY-18","result":"success","channel":"Security","provider":"Microsoft-Windows-Security-Auditing","logon_id":"d4c7ec791b9091fa","process_id":20999,"image_path":"","run_as":"","publisher":"","update_state":"installed","agent_build":"2026.09.2"},{"timestamp":"2026-09-14T00:45:16.200Z","computer":"srv-202","event_id":4697,"record_id":101006,"user":"employee-267","source_ip":"10.12.3.11","target":"ApprovedAgent","logon_type":null,"change_ticket":"CHG-DEPLOY-18","result":"success","channel":"Security","provider":"Microsoft-Windows-Security-Auditing","logon_id":"d4c7ec791b9091fa","process_id":11714,"image_path":"C:/Program Files/ApprovedAgent/agent.exe","run_as":"svc-agent","publisher":"Approved Software Team","update_state":"installed","agent_build":"2026.09.3"},{"timestamp":"2026-09-14T00:45:18.900Z","computer":"srv-083","event_id":4624,"record_id":101007,"user":"employee-65","source_ip":"10.11.1.12","target":"logon-session","logon_type":10,"change_ticket":"","result":"success","channel":"Security","provider":"Microsoft-Windows-Security-Auditing","logon_id":"d4c7ec791b9091fa","process_id":13347,"image_path":"","run_as":"","publisher":"","update_state":"installed","agent_build":"2026.09.4"},{"timestamp":"2026-09-14T00:45:21.600Z","computer":"srv-165","event_id":4624,"record_id":101008,"user":"employee-104","source_ip":"10.12.1.14","target":"logon-session","logon_type":2,"change_ticket":"","result":"success","channel":"Security","provider":"Microsoft-Windows-Security-Auditing","logon_id":"6efac2aac840302c","process_id":14306,"image_path":"","run_as":"","publisher":"","update_state":"installed","agent_build":"2026.09.1"},{"timestamp":"2026-09-14T00:45:24.300Z","computer":"srv-087","event_id":4634,"record_id":101009,"user":"employee-434","source_ip":"10.11.1.16","target":"logon-session","logon_type":3,"change_ticket":"","result":"success","channel":"Security","provider":"Microsoft-Windows-Security-Auditing","logon_id":"6efac2aac840302c","process_id":6919,"image_path":"","run_as":"","publisher":"","update_state":"installed","agent_build":"2026.09.2"},{"timestamp":"2026-09-14T00:45:27.000Z","computer":"srv-213","event_id":4688,"record_id":101010,"user":"employee-357","source_ip":"10.12.3.22","target":"logon-session","logon_type":null,"change_ticket":"","result":"success","channel":"Security","provider":"Microsoft-Windows-Security-Auditing","logon_id":"6efac2aac840302c","process_id":1224,"image_path":"C:/Program Files/ApprovedAgent/agent.exe","run_as":"","publisher":"Approved Software Team","update_state":"installed","agent_build":"2026.09.3"},{"timestamp":"2026-09-14T00:45:29.700Z","computer":"srv-168","event_id":4625,"record_id":101011,"user":"employee-266","source_ip":"10.12.1.17","target":"logon-session","logon_type":2,"change_ticket":"","result":"failure","channel":"Security","provider":"Microsoft-Windows-Security-Auditing","logon_id":"6efac2aac840302c","process_id":16809,"image_path":"","run_as":"","publisher":"","update_state":"installed","agent_build":"2026.09.4"},{"timestamp":"2026-09-14T00:45:32.400Z","computer":"srv-115","event_id":4698,"record_id":101012,"user":"employee-128","source_ip":"10.11.2.24","target":"Approved-Maintenance","logon_type":null,"change_ticket":"CHG-DEPLOY-18","result":"success","channel":"Security","provider":"Microsoft-Windows-Security-Auditing","logon_id":"2f5dd0223d5959a6","process_id":25353,"image_path":"C:/Program Files/ApprovedAgent/agent.exe","run_as":"svc-agent","publisher":"Approved Software Team","update_state":"installed","agent_build":"2026.09.1"},{"timestamp":"2026-09-14T00:45:35.100Z","computer":"srv-046","event_id":4728,"record_id":101013,"user":"employee-239","source_ip":"10.10.3.15","target":"Project-Readers","logon_type":null,"change_ticket":"CHG-DEPLOY-18","result":"success","channel":"Security","provider":"Microsoft-Windows-Security-Auditing","logon_id":"2f5dd0223d5959a6","process_id":18763,"image_path":"","run_as":"","publisher":"","update_state":"installed","agent_build":"2026.09.2"},{"timestamp":"2026-09-14T00:45:37.800Z","computer":"srv-201","event_id":4697,"record_id":101014,"user":"deployment-admin","source_ip":"10.12.3.10","target":"ApprovedAgent","logon_type":null,"change_ticket":"CHG-DEPLOY-18","result":"success","channel":"Security","provider":"Microsoft-Windows-Security-Auditing","logon_id":"2f5dd0223d5959a6","process_id":8756,"image_path":"C:/Program Files/ApprovedAgent/agent.exe","run_as":"svc-agent","publisher":"Approved Software Team","update_state":"installed","agent_build":"2026.09.3"},{"timestamp":"2026-09-14T00:45:40.500Z","computer":"srv-215","event_id":4624,"record_id":101015,"user":"employee-344","source_ip":"10.12.3.24","target":"logon-session","logon_type":3,"change_ticket":"","result":"success","channel":"Security","provider":"Microsoft-Windows-Security-Auditing","logon_id":"2f5dd0223d5959a6","process_id":2972,"image_path":"","run_as":"","publisher":"","update_state":"installed","agent_build":"2026.09.4"},{"timestamp":"2026-09-14T00:45:43.200Z","computer":"srv-160","event_id":4624,"record_id":101016,"user":"employee-201","source_ip":"10.11.4.29","target":"logon-session","logon_type":10,"change_ticket":"","result":"success","channel":"Security","provider":"Microsoft-Windows-Security-Auditing","logon_id":"30f193db0ae89b77","process_id":20174,"image_path":"","run_as":"","publisher":"","update_state":"installed","agent_build":"2026.09.1"},{"timestamp":"2026-09-14T00:45:45.900Z","computer":"srv-157","event_id":4634,"record_id":101017,"user":"employee-126","source_ip":"10.11.4.26","target":"logon-session","logon_type":2,"change_ticket":"","result":"success","channel":"Security","provider":"Microsoft-Windows-Security-Auditing","logon_id":"30f193db0ae89b77","process_id":7425,"image_path":"","run_as":"","publisher":"","update_state":"installed","agent_build":"2026.09.2"},{"timestamp":"2026-09-14T00:45:48.600Z","computer":"srv-083","event_id":4688,"record_id":101018,"user":"employee-149","source_ip":"10.11.1.12","target":"logon-session","logon_type":null,"change_ticket":"","result":"success","channel":"Security","provider":"Microsoft-Windows-Security-Auditing","logon_id":"30f193db0ae89b77","process_id":24141,"image_path":"C:/Program Files/ApprovedAgent/agent.exe","run_as":"","publisher":"Approved Software Team","update_state":"installed","agent_build":"2026.09.3"},{"timestamp":"2026-09-14T00:45:51.300Z","computer":"srv-198","event_id":4625,"record_id":101019,"user":"employee-313","source_ip":"10.12.2.27","target":"logon-session","logon_type":10,"change_ticket":"","result":"failure","channel":"Security","provider":"Microsoft-Windows-Security-Auditing","logon_id":"30f193db0ae89b77","process_id":18832,"image_path":"","run_as":"","publisher":"","update_state":"installed","agent_build":"2026.09.4"},{"timestamp":"2026-09-14T00:45:54.000Z","computer":"srv-211","event_id":4698,"record_id":101020,"user":"employee-66","source_ip":"10.12.3.20","target":"Approved-Maintenance","logon_type":null,"change_ticket":"CHG-DEPLOY-18","result":"success","channel":"Security","provider":"Microsoft-Windows-Security-Auditing","logon_id":"74148a1bf2266e42","process_id":17932,"image_path":"C:/Program Files/ApprovedAgent/agent.exe","run_as":"svc-agent","publisher":"Approved Software Team","update_state":"installed","agent_build":"2026.09.1"},{"timestamp":"2026-09-14T00:45:56.700Z","computer":"srv-059","event_id":4728,"record_id":101021,"user":"employee-313","source_ip":"10.10.3.28","target":"Project-Readers","logon_type":null,"change_ticket":"CHG-DEPLOY-18","result":"success","channel":"Security","provider":"Microsoft-Windows-Security-Auditing","logon_id":"74148a1bf2266e42","process_id":5725,"image_path":"","run_as":"","publisher":"","update_state":"installed","agent_build":"2026.09.2"},{"timestamp":"2026-09-14T00:45:59.400Z","computer":"srv-132","event_id":4697,"record_id":101022,"user":"employee-99","source_ip":"10.11.3.21","target":"ApprovedAgent","logon_type":null,"change_ticket":"CHG-DEPLOY-18","result":"success","channel":"Security","provider":"Microsoft-Windows-Security-Auditing","logon_id":"74148a1bf2266e42","process_id":13425,"image_path":"C:/Program Files/ApprovedAgent/agent.exe","run_as":"svc-agent","publisher":"Approved Software Team","update_state":"installed","agent_build":"2026.09.3"},{"timestamp":"2026-09-14T00:46:02.100Z","computer":"srv-123","event_id":4624,"record_id":101023,"user":"employee-432","source_ip":"10.11.3.12","target":"logon-session","logon_type":2,"change_ticket":"","result":"success","channel":"Security","provider":"Microsoft-Windows-Security-Auditing","logon_id":"74148a1bf2266e42","process_id":1897,"image_path":"","run_as":"","publisher":"","update_state":"restart-pending","agent_build":"2026.09.4"},{"timestamp":"2026-09-14T00:46:04.800Z","computer":"srv-011","event_id":4624,"record_id":101024,"user":"employee-259","source_ip":"10.10.1.20","target":"logon-session","logon_type":3,"change_ticket":"","result":"success","channel":"Security","provider":"Microsoft-Windows-Security-Auditing","logon_id":"4194129b2b402ea1","process_id":12701,"image_path":"","run_as":"","publisher":"","update_state":"installed","agent_build":"2026.09.1"},{"timestamp":"2026-09-14T00:46:07.500Z","computer":"srv-126","event_id":4634,"record_id":101025,"user":"employee-138","source_ip":"10.11.3.15","target":"logon-session","logon_type":10,"change_ticket":"","result":"success","channel":"Security","provider":"Microsoft-Windows-Security-Auditing","logon_id":"4194129b2b402ea1","process_id":16090,"image_path":"","run_as":"","publisher":"","update_state":"installed","agent_build":"2026.09.2"},{"timestamp":"2026-09-14T00:46:10.200Z","computer":"srv-188","event_id":4688,"record_id":101026,"user":"employee-369","source_ip":"10.12.2.17","target":"logon-session","logon_type":null,"change_ticket":"","result":"success","channel":"Security","provider":"Microsoft-Windows-Security-Auditing","logon_id":"4194129b2b402ea1","process_id":7817,"image_path":"C:/Program Files/ApprovedAgent/agent.exe","run_as":"","publisher":"Approved Software Team","update_state":"installed","agent_build":"2026.09.3"},{"timestamp":"2026-09-14T00:46:12.900Z","computer":"srv-188","event_id":4625,"record_id":101027,"user":"deployment-admin","source_ip":"10.12.2.17","target":"logon-session","logon_type":3,"change_ticket":"","result":"failure","channel":"Security","provider":"Microsoft-Windows-Security-Auditing","logon_id":"4194129b2b402ea1","process_id":12497,"image_path":"","run_as":"","publisher":"","update_state":"installed","agent_build":"2026.09.4"},{"timestamp":"2026-09-14T00:46:15.600Z","computer":"srv-051","event_id":4698,"record_id":101028,"user":"employee-322","source_ip":"10.10.3.20","target":"Approved-Maintenance","logon_type":null,"change_ticket":"CHG-DEPLOY-18","result":"success","channel":"Security","provider":"Microsoft-Windows-Security-Auditing","logon_id":"33e86f063266695a","process_id":20549,"image_path":"C:/Program Files/ApprovedAgent/agent.exe","run_as":"svc-agent","publisher":"Approved Software Team","update_state":"installed","agent_build":"2026.09.1"},{"timestamp":"2026-09-14T00:46:18.300Z","computer":"srv-001","event_id":4728,"record_id":101029,"user":"employee-162","source_ip":"10.10.1.10","target":"Project-Readers","logon_type":null,"change_ticket":"CHG-DEPLOY-18","result":"success","channel":"Security","provider":"Microsoft-Windows-Security-Auditing","logon_id":"33e86f063266695a","process_id":8035,"image_path":"","run_as":"","publisher":"","update_state":"installed","agent_build":"2026.09.2"},{"timestamp":"2026-09-14T00:46:21.000Z","computer":"srv-104","event_id":4697,"record_id":101030,"user":"employee-328","source_ip":"10.11.2.13","target":"ApprovedAgent","logon_type":null,"change_ticket":"CHG-DEPLOY-18","result":"success","channel":"Security","provider":"Microsoft-Windows-Security-Auditing","logon_id":"33e86f063266695a","process_id":23690,"image_path":"C:/Program Files/ApprovedAgent/agent.exe","run_as":"svc-agent","publisher":"Approved Software Team","update_state":"installed","agent_build":"2026.09.3"},{"timestamp":"2026-09-14T00:46:23.700Z","computer":"srv-105","event_id":4624,"record_id":101031,"user":"employee-81","source_ip":"10.11.2.14","target":"logon-session","logon_type":10,"change_ticket":"","result":"success","channel":"Security","provider":"Microsoft-Windows-Security-Auditing","logon_id":"33e86f063266695a","process_id":4342,"image_path":"","run_as":"","publisher":"","update_state":"installed","agent_build":"2026.09.4"},{"timestamp":"2026-09-14T00:46:26.400Z","computer":"srv-084","event_id":4624,"record_id":101032,"user":"employee-43","source_ip":"10.11.1.13","target":"logon-session","logon_type":2,"change_ticket":"","result":"success","channel":"Security","provider":"Microsoft-Windows-Security-Auditing","logon_id":"393e34e029fe1c98","process_id":21071,"image_path":"","run_as":"","publisher":"","update_state":"installed","agent_build":"2026.09.1"},{"timestamp":"2026-09-14T00:46:29.100Z","computer":"srv-010","event_id":4634,"record_id":101033,"user":"employee-222","source_ip":"10.10.1.19","target":"logon-session","logon_type":3,"change_ticket":"","result":"success","channel":"Security","provider":"Microsoft-Windows-Security-Auditing","logon_id":"393e34e029fe1c98","process_id":21205,"image_path":"","run_as":"","publisher":"","update_state":"installed","agent_build":"2026.09.2"},{"timestamp":"2026-09-14T00:46:31.800Z","computer":"srv-238","event_id":4688,"record_id":101034,"user":"employee-43","source_ip":"10.12.4.27","target":"logon-session","logon_type":null,"change_ticket":"","result":"success","channel":"Security","provider":"Microsoft-Windows-Security-Auditing","logon_id":"393e34e029fe1c98","process_id":8766,"image_path":"C:/Program Files/ApprovedAgent/agent.exe","run_as":"","publisher":"Approved Software Team","update_state":"failed","agent_build":"2026.09.3"},{"timestamp":"2026-09-14T00:46:34.500Z","computer":"srv-082","event_id":4625,"record_id":101035,"user":"employee-155","source_ip":"10.11.1.11","target":"logon-session","logon_type":2,"change_ticket":"","result":"failure","channel":"Security","provider":"Microsoft-Windows-Security-Auditing","logon_id":"393e34e029fe1c98","process_id":17149,"image_path":"","run_as":"","publisher":"","update_state":"installed","agent_build":"2026.09.4"},{"timestamp":"2026-09-14T00:46:37.200Z","computer":"srv-177","event_id":4698,"record_id":101036,"user":"employee-449","source_ip":"10.12.1.26","target":"Approved-Maintenance","logon_type":null,"change_ticket":"CHG-DEPLOY-18","result":"success","channel":"Security","provider":"Microsoft-Windows-Security-Auditing","logon_id":"a30df159b2ffb367","process_id":13003,"image_path":"C:/Program Files/ApprovedAgent/agent.exe","run_as":"svc-agent","publisher":"Approved Software Team","update_state":"installed","agent_build":"2026.09.1"},{"timestamp":"2026-09-14T00:46:39.900Z","computer":"srv-194","event_id":4728,"record_id":101037,"user":"employee-125","source_ip":"10.12.2.23","target":"Project-Readers","logon_type":null,"change_ticket":"CHG-DEPLOY-18","result":"success","channel":"Security","provider":"Microsoft-Windows-Security-Auditing","logon_id":"a30df159b2ffb367","process_id":5544,"image_path":"","run_as":"","publisher":"","update_state":"installed","agent_build":"2026.09.2"},{"timestamp":"2026-09-14T00:46:42.600Z","computer":"srv-019","event_id":4697,"record_id":101038,"user":"employee-381","source_ip":"10.10.1.28","target":"ApprovedAgent","logon_type":null,"change_ticket":"CHG-DEPLOY-18","result":"success","channel":"Security","provider":"Microsoft-Windows-Security-Auditing","logon_id":"a30df159b2ffb367","process_id":22598,"image_path":"C:/Program Files/ApprovedAgent/agent.exe","run_as":"svc-agent","publisher":"Approved Software Team","update_state":"installed","agent_build":"2026.09.3"},{"timestamp":"2026-09-14T00:46:45.300Z","computer":"srv-041","event_id":4624,"record_id":101039,"user":"employee-324","source_ip":"10.10.3.10","target":"logon-session","logon_type":3,"change_ticket":"","result":"success","channel":"Security","provider":"Microsoft-Windows-Security-Auditing","logon_id":"a30df159b2ffb367","process_id":14067,"image_path":"","run_as":"","publisher":"","update_state":"installed","agent_build":"2026.09.4"},{"timestamp":"2026-09-14T00:46:48.000Z","computer":"srv-179","event_id":4624,"record_id":101040,"user":"deployment-admin","source_ip":"10.12.1.28","target":"logon-session","logon_type":10,"change_ticket":"","result":"success","channel":"Security","provider":"Microsoft-Windows-Security-Auditing","logon_id":"90566f91f7de9ec6","process_id":7986,"image_path":"","run_as":"","publisher":"","update_state":"installed","agent_build":"2026.09.1"},{"timestamp":"2026-09-14T00:46:50.700Z","computer":"srv-046","event_id":4634,"record_id":101041,"user":"employee-230","source_ip":"10.10.3.15","target":"logon-session","logon_type":2,"change_ticket":"","result":"success","channel":"Security","provider":"Microsoft-Windows-Security-Auditing","logon_id":"90566f91f7de9ec6","process_id":8497,"image_path":"","run_as":"","publisher":"","update_state":"installed","agent_build":"2026.09.2"},{"timestamp":"2026-09-14T00:46:53.400Z","computer":"srv-206","event_id":4688,"record_id":101042,"user":"employee-349","source_ip":"10.12.3.15","target":"logon-session","logon_type":null,"change_ticket":"","result":"success","channel":"Security","provider":"Microsoft-Windows-Security-Auditing","logon_id":"90566f91f7de9ec6","process_id":2722,"image_path":"C:/Program Files/ApprovedAgent/agent.exe","run_as":"","publisher":"Approved Software Team","update_state":"installed","agent_build":"2026.09.3"},{"timestamp":"2026-09-14T00:46:56.100Z","computer":"srv-062","event_id":4625,"record_id":101043,"user":"employee-173","source_ip":"10.10.4.11","target":"logon-session","logon_type":10,"change_ticket":"","result":"failure","channel":"Security","provider":"Microsoft-Windows-Security-Auditing","logon_id":"90566f91f7de9ec6","process_id":5882,"image_path":"","run_as":"","publisher":"","update_state":"installed","agent_build":"2026.09.4"},{"timestamp":"2026-09-14T00:46:58.800Z","computer":"srv-223","event_id":4698,"record_id":101044,"user":"employee-450","source_ip":"10.12.4.12","target":"Approved-Maintenance","logon_type":null,"change_ticket":"CHG-DEPLOY-18","result":"success","channel":"Security","provider":"Microsoft-Windows-Security-Auditing","logon_id":"b613dbb81435ddbf","process_id":21708,"image_path":"C:/Program Files/ApprovedAgent/agent.exe","run_as":"svc-agent","publisher":"Approved Software Team","update_state":"installed","agent_build":"2026.09.1"},{"timestamp":"2026-09-14T00:47:01.500Z","computer":"srv-194","event_id":4728,"record_id":101045,"user":"employee-397","source_ip":"10.12.2.23","target":"Project-Readers","logon_type":null,"change_ticket":"CHG-DEPLOY-18","result":"success","channel":"Security","provider":"Microsoft-Windows-Security-Auditing","logon_id":"b613dbb81435ddbf","process_id":14051,"image_path":"","run_as":"","publisher":"","update_state":"installed","agent_build":"2026.09.2"},{"timestamp":"2026-09-14T00:47:04.200Z","computer":"srv-196","event_id":4697,"record_id":101046,"user":"employee-166","source_ip":"10.12.2.25","target":"ApprovedAgent","logon_type":null,"change_ticket":"CHG-DEPLOY-18","result":"success","channel":"Security","provider":"Microsoft-Windows-Security-Auditing","logon_id":"b613dbb81435ddbf","process_id":16619,"image_path":"C:/Program Files/ApprovedAgent/agent.exe","run_as":"svc-agent","publisher":"Approved Software Team","update_state":"installed","agent_build":"2026.09.3"},{"timestamp":"2026-09-14T00:47:06.900Z","computer":"srv-177","event_id":4624,"record_id":101047,"user":"employee-415","source_ip":"10.12.1.26","target":"logon-session","logon_type":2,"change_ticket":"","result":"success","channel":"Security","provider":"Microsoft-Windows-Security-Auditing","logon_id":"b613dbb81435ddbf","process_id":3997,"image_path":"","run_as":"","publisher":"","update_state":"installed","agent_build":"2026.09.4"},{"timestamp":"2026-09-14T00:47:09.600Z","computer":"srv-079","event_id":4624,"record_id":101048,"user":"employee-415","source_ip":"10.10.4.28","target":"logon-session","logon_type":3,"change_ticket":"","result":"success","channel":"Security","provider":"Microsoft-Windows-Security-Auditing","logon_id":"8975fb6136b3388f","process_id":6273,"image_path":"","run_as":"","publisher":"","update_state":"installed","agent_build":"2026.09.1"},{"timestamp":"2026-09-14T00:47:12.300Z","computer":"srv-203","event_id":4634,"record_id":101049,"user":"employee-267","source_ip":"10.12.3.12","target":"logon-session","logon_type":10,"change_ticket":"","result":"success","channel":"Security","provider":"Microsoft-Windows-Security-Auditing","logon_id":"8975fb6136b3388f","process_id":23475,"image_path":"","run_as":"","publisher":"","update_state":"installed","agent_build":"2026.09.2"},{"timestamp":"2026-09-14T00:47:15.000Z","computer":"srv-159","event_id":4688,"record_id":101050,"user":"employee-296","source_ip":"10.11.4.28","target":"logon-session","logon_type":null,"change_ticket":"","result":"success","channel":"Security","provider":"Microsoft-Windows-Security-Auditing","logon_id":"8975fb6136b3388f","process_id":4336,"image_path":"C:/Program Files/ApprovedAgent/agent.exe","run_as":"","publisher":"Approved Software Team","update_state":"installed","agent_build":"2026.09.3"},{"timestamp":"2026-09-14T00:47:17.700Z","computer":"srv-077","event_id":4625,"record_id":101051,"user":"employee-9","source_ip":"10.10.4.26","target":"logon-session","logon_type":3,"change_ticket":"","result":"failure","channel":"Security","provider":"Microsoft-Windows-Security-Auditing","logon_id":"8975fb6136b3388f","process_id":3272,"image_path":"","run_as":"","publisher":"","update_state":"installed","agent_build":"2026.09.4"},{"timestamp":"2026-09-14T00:47:20.400Z","computer":"srv-142","event_id":4698,"record_id":101052,"user":"employee-404","source_ip":"10.11.4.11","target":"Approved-Maintenance","logon_type":null,"change_ticket":"CHG-DEPLOY-18","result":"success","channel":"Security","provider":"Microsoft-Windows-Security-Auditing","logon_id":"e77c63010d552afc","process_id":10311,"image_path":"C:/Program Files/ApprovedAgent/agent.exe","run_as":"svc-agent","publisher":"Approved Software Team","update_state":"installed","agent_build":"2026.09.1"},{"timestamp":"2026-09-14T00:47:23.100Z","computer":"srv-007","event_id":4728,"record_id":101053,"user":"deployment-admin","source_ip":"10.10.1.16","target":"Project-Readers","logon_type":null,"change_ticket":"CHG-DEPLOY-18","result":"success","channel":"Security","provider":"Microsoft-Windows-Security-Auditing","logon_id":"e77c63010d552afc","process_id":20586,"image_path":"","run_as":"","publisher":"","update_state":"installed","agent_build":"2026.09.2"},{"timestamp":"2026-09-14T00:47:25.800Z","computer":"srv-201","event_id":4697,"record_id":101054,"user":"employee-352","source_ip":"10.12.3.10","target":"ApprovedAgent","logon_type":null,"change_ticket":"CHG-DEPLOY-18","result":"success","channel":"Security","provider":"Microsoft-Windows-Security-Auditing","logon_id":"e77c63010d552afc","process_id":9261,"image_path":"C:/Program Files/ApprovedAgent/agent.exe","run_as":"svc-agent","publisher":"Approved Software Team","update_state":"restart-pending","agent_build":"2026.09.3"},{"timestamp":"2026-09-14T00:47:28.500Z","computer":"srv-073","event_id":4624,"record_id":101055,"user":"employee-168","source_ip":"10.10.4.22","target":"logon-session","logon_type":10,"change_ticket":"","result":"success","channel":"Security","provider":"Microsoft-Windows-Security-Auditing","logon_id":"e77c63010d552afc","process_id":20408,"image_path":"","run_as":"","publisher":"","update_state":"installed","agent_build":"2026.09.4"},{"timestamp":"2026-09-14T00:47:31.200Z","computer":"srv-156","event_id":4624,"record_id":101056,"user":"employee-32","source_ip":"10.11.4.25","target":"logon-session","logon_type":2,"change_ticket":"","result":"success","channel":"Security","provider":"Microsoft-Windows-Security-Auditing","logon_id":"8641f9b172750013","process_id":11017,"image_path":"","run_as":"","publisher":"","update_state":"installed","agent_build":"2026.09.1"},{"timestamp":"2026-09-14T00:47:33.900Z","computer":"srv-069","event_id":4634,"record_id":101057,"user":"employee-249","source_ip":"10.10.4.18","target":"logon-session","logon_type":3,"change_ticket":"","result":"success","channel":"Security","provider":"Microsoft-Windows-Security-Auditing","logon_id":"8641f9b172750013","process_id":21153,"image_path":"","run_as":"","publisher":"","update_state":"installed","agent_build":"2026.09.2"},{"timestamp":"2026-09-14T00:47:36.600Z","computer":"srv-222","event_id":4688,"record_id":101058,"user":"employee-84","source_ip":"10.12.4.11","target":"logon-session","logon_type":null,"change_ticket":"","result":"success","channel":"Security","provider":"Microsoft-Windows-Security-Auditing","logon_id":"8641f9b172750013","process_id":9018,"image_path":"C:/Program Files/ApprovedAgent/agent.exe","run_as":"","publisher":"Approved Software Team","update_state":"installed","agent_build":"2026.09.3"},{"timestamp":"2026-09-14T00:47:39.300Z","computer":"srv-217","event_id":4625,"record_id":101059,"user":"employee-121","source_ip":"10.12.3.26","target":"logon-session","logon_type":2,"change_ticket":"","result":"failure","channel":"Security","provider":"Microsoft-Windows-Security-Auditing","logon_id":"8641f9b172750013","process_id":1282,"image_path":"","run_as":"","publisher":"","update_state":"installed","agent_build":"2026.09.4"},